000 (13901922.000.000) 2021-01-07 12:19:54 Job submitted from host: <131.169.223.42:9618?addrs=131.169.223.42-9618+[2001-638-700-10df--1-2a]-9618&alias=bird-htc-sched14.desy.de&noUDP&sock=schedd_1936_8371_3>
...
000 (13901922.001.000) 2021-01-07 12:19:54 Job submitted from host: <131.169.223.42:9618?addrs=131.169.223.42-9618+[2001-638-700-10df--1-2a]-9618&alias=bird-htc-sched14.desy.de&noUDP&sock=schedd_1936_8371_3>
...
000 (13901922.002.000) 2021-01-07 12:19:54 Job submitted from host: <131.169.223.42:9618?addrs=131.169.223.42-9618+[2001-638-700-10df--1-2a]-9618&alias=bird-htc-sched14.desy.de&noUDP&sock=schedd_1936_8371_3>
...
000 (13901922.003.000) 2021-01-07 12:19:54 Job submitted from host: <131.169.223.42:9618?addrs=131.169.223.42-9618+[2001-638-700-10df--1-2a]-9618&alias=bird-htc-sched14.desy.de&noUDP&sock=schedd_1936_8371_3>
...
000 (13901922.004.000) 2021-01-07 12:19:54 Job submitted from host: <131.169.223.42:9618?addrs=131.169.223.42-9618+[2001-638-700-10df--1-2a]-9618&alias=bird-htc-sched14.desy.de&noUDP&sock=schedd_1936_8371_3>
...
000 (13901922.005.000) 2021-01-07 12:19:54 Job submitted from host: <131.169.223.42:9618?addrs=131.169.223.42-9618+[2001-638-700-10df--1-2a]-9618&alias=bird-htc-sched14.desy.de&noUDP&sock=schedd_1936_8371_3>
...
000 (13901922.006.000) 2021-01-07 12:19:54 Job submitted from host: <131.169.223.42:9618?addrs=131.169.223.42-9618+[2001-638-700-10df--1-2a]-9618&alias=bird-htc-sched14.desy.de&noUDP&sock=schedd_1936_8371_3>
...
000 (13901922.007.000) 2021-01-07 12:19:54 Job submitted from host: <131.169.223.42:9618?addrs=131.169.223.42-9618+[2001-638-700-10df--1-2a]-9618&alias=bird-htc-sched14.desy.de&noUDP&sock=schedd_1936_8371_3>
...
000 (13901922.008.000) 2021-01-07 12:19:54 Job submitted from host: <131.169.223.42:9618?addrs=131.169.223.42-9618+[2001-638-700-10df--1-2a]-9618&alias=bird-htc-sched14.desy.de&noUDP&sock=schedd_1936_8371_3>
...
000 (13901922.009.000) 2021-01-07 12:19:54 Job submitted from host: <131.169.223.42:9618?addrs=131.169.223.42-9618+[2001-638-700-10df--1-2a]-9618&alias=bird-htc-sched14.desy.de&noUDP&sock=schedd_1936_8371_3>
...
000 (13901922.010.000) 2021-01-07 12:19:54 Job submitted from host: <131.169.223.42:9618?addrs=131.169.223.42-9618+[2001-638-700-10df--1-2a]-9618&alias=bird-htc-sched14.desy.de&noUDP&sock=schedd_1936_8371_3>
...
000 (13901922.011.000) 2021-01-07 12:19:54 Job submitted from host: <131.169.223.42:9618?addrs=131.169.223.42-9618+[2001-638-700-10df--1-2a]-9618&alias=bird-htc-sched14.desy.de&noUDP&sock=schedd_1936_8371_3>
...
000 (13901922.012.000) 2021-01-07 12:19:54 Job submitted from host: <131.169.223.42:9618?addrs=131.169.223.42-9618+[2001-638-700-10df--1-2a]-9618&alias=bird-htc-sched14.desy.de&noUDP&sock=schedd_1936_8371_3>
...
000 (13901922.013.000) 2021-01-07 12:19:54 Job submitted from host: <131.169.223.42:9618?addrs=131.169.223.42-9618+[2001-638-700-10df--1-2a]-9618&alias=bird-htc-sched14.desy.de&noUDP&sock=schedd_1936_8371_3>
...
000 (13901922.014.000) 2021-01-07 12:19:54 Job submitted from host: <131.169.223.42:9618?addrs=131.169.223.42-9618+[2001-638-700-10df--1-2a]-9618&alias=bird-htc-sched14.desy.de&noUDP&sock=schedd_1936_8371_3>
...
000 (13901922.015.000) 2021-01-07 12:19:54 Job submitted from host: <131.169.223.42:9618?addrs=131.169.223.42-9618+[2001-638-700-10df--1-2a]-9618&alias=bird-htc-sched14.desy.de&noUDP&sock=schedd_1936_8371_3>
...
000 (13901922.016.000) 2021-01-07 12:19:54 Job submitted from host: <131.169.223.42:9618?addrs=131.169.223.42-9618+[2001-638-700-10df--1-2a]-9618&alias=bird-htc-sched14.desy.de&noUDP&sock=schedd_1936_8371_3>
...
000 (13901922.017.000) 2021-01-07 12:19:54 Job submitted from host: <131.169.223.42:9618?addrs=131.169.223.42-9618+[2001-638-700-10df--1-2a]-9618&alias=bird-htc-sched14.desy.de&noUDP&sock=schedd_1936_8371_3>
...
000 (13901922.018.000) 2021-01-07 12:19:54 Job submitted from host: <131.169.223.42:9618?addrs=131.169.223.42-9618+[2001-638-700-10df--1-2a]-9618&alias=bird-htc-sched14.desy.de&noUDP&sock=schedd_1936_8371_3>
...
000 (13901922.019.000) 2021-01-07 12:19:54 Job submitted from host: <131.169.223.42:9618?addrs=131.169.223.42-9618+[2001-638-700-10df--1-2a]-9618&alias=bird-htc-sched14.desy.de&noUDP&sock=schedd_1936_8371_3>
...
000 (13901922.020.000) 2021-01-07 12:19:54 Job submitted from host: <131.169.223.42:9618?addrs=131.169.223.42-9618+[2001-638-700-10df--1-2a]-9618&alias=bird-htc-sched14.desy.de&noUDP&sock=schedd_1936_8371_3>
...
000 (13901922.021.000) 2021-01-07 12:19:54 Job submitted from host: <131.169.223.42:9618?addrs=131.169.223.42-9618+[2001-638-700-10df--1-2a]-9618&alias=bird-htc-sched14.desy.de&noUDP&sock=schedd_1936_8371_3>
...
000 (13901922.022.000) 2021-01-07 12:19:54 Job submitted from host: <131.169.223.42:9618?addrs=131.169.223.42-9618+[2001-638-700-10df--1-2a]-9618&alias=bird-htc-sched14.desy.de&noUDP&sock=schedd_1936_8371_3>
...
000 (13901922.023.000) 2021-01-07 12:19:54 Job submitted from host: <131.169.223.42:9618?addrs=131.169.223.42-9618+[2001-638-700-10df--1-2a]-9618&alias=bird-htc-sched14.desy.de&noUDP&sock=schedd_1936_8371_3>
...
000 (13901922.024.000) 2021-01-07 12:19:54 Job submitted from host: <131.169.223.42:9618?addrs=131.169.223.42-9618+[2001-638-700-10df--1-2a]-9618&alias=bird-htc-sched14.desy.de&noUDP&sock=schedd_1936_8371_3>
...
001 (13901922.001.000) 2021-01-07 12:23:32 Job executing on host: <131.169.164.51:36437?addrs=131.169.164.51-36437&alias=bird851.desy.de>
...
006 (13901922.001.000) 2021-01-07 12:23:40 Image size of job updated: 354200
	266  -  MemoryUsage of job (MB)
	272208  -  ResidentSetSize of job (KB)
...
001 (13901922.002.000) 2021-01-07 12:23:48 Job executing on host: <131.169.160.195:40122?addrs=131.169.160.195-40122&alias=batch1189.desy.de>
...
001 (13901922.003.000) 2021-01-07 12:23:48 Job executing on host: <131.169.160.195:40122?addrs=131.169.160.195-40122&alias=batch1189.desy.de>
...
001 (13901922.004.000) 2021-01-07 12:23:48 Job executing on host: <131.169.160.195:40122?addrs=131.169.160.195-40122&alias=batch1189.desy.de>
...
001 (13901922.005.000) 2021-01-07 12:23:49 Job executing on host: <131.169.160.195:40122?addrs=131.169.160.195-40122&alias=batch1189.desy.de>
...
006 (13901922.004.000) 2021-01-07 12:23:57 Image size of job updated: 550188
	526  -  MemoryUsage of job (MB)
	538012  -  ResidentSetSize of job (KB)
...
006 (13901922.005.000) 2021-01-07 12:23:57 Image size of job updated: 605168
	556  -  MemoryUsage of job (MB)
	568820  -  ResidentSetSize of job (KB)
...
006 (13901922.002.000) 2021-01-07 12:23:57 Image size of job updated: 619368
	582  -  MemoryUsage of job (MB)
	595800  -  ResidentSetSize of job (KB)
...
006 (13901922.003.000) 2021-01-07 12:23:57 Image size of job updated: 605308
	581  -  MemoryUsage of job (MB)
	594016  -  ResidentSetSize of job (KB)
...
001 (13901922.000.000) 2021-01-07 12:24:01 Job executing on host: <131.169.163.109:33154?addrs=131.169.163.109-33154&alias=bird670.desy.de>
...
001 (13901922.018.000) 2021-01-07 12:24:01 Job executing on host: <131.169.164.49:43609?addrs=131.169.164.49-43609&alias=bird849.desy.de>
...
001 (13901922.014.000) 2021-01-07 12:24:01 Job executing on host: <131.169.164.4:44067?addrs=131.169.164.4-44067&alias=bird804.desy.de>
...
001 (13901922.009.000) 2021-01-07 12:24:02 Job executing on host: <131.169.164.51:36437?addrs=131.169.164.51-36437&alias=bird851.desy.de>
...
001 (13901922.011.000) 2021-01-07 12:24:02 Job executing on host: <131.169.164.33:40802?addrs=131.169.164.33-40802&alias=bird833.desy.de>
...
001 (13901922.017.000) 2021-01-07 12:24:02 Job executing on host: <131.169.164.6:42625?addrs=131.169.164.6-42625&alias=bird806.desy.de>
...
001 (13901922.019.000) 2021-01-07 12:24:02 Job executing on host: <131.169.164.53:33897?addrs=131.169.164.53-33897&alias=bird853.desy.de>
...
001 (13901922.022.000) 2021-01-07 12:24:02 Job executing on host: <131.169.164.20:36807?addrs=131.169.164.20-36807&alias=bird820.desy.de>
...
001 (13901922.023.000) 2021-01-07 12:24:02 Job executing on host: <131.169.77.221:40635?addrs=131.169.77.221-40635&alias=bird775.desy.de>
...
001 (13901922.020.000) 2021-01-07 12:24:02 Job executing on host: <131.169.77.37:42016?addrs=131.169.77.37-42016&alias=bird555.desy.de>
...
001 (13901922.024.000) 2021-01-07 12:24:02 Job executing on host: <131.169.160.115:40831?addrs=131.169.160.115-40831&alias=batch1076.desy.de>
...
001 (13901922.013.000) 2021-01-07 12:24:02 Job executing on host: <131.169.160.156:36378?addrs=131.169.160.156-36378&alias=batch1056.desy.de>
...
001 (13901922.010.000) 2021-01-07 12:24:03 Job executing on host: <131.169.77.49:35518?addrs=131.169.77.49-35518&alias=bird567.desy.de>
...
001 (13901922.012.000) 2021-01-07 12:24:03 Job executing on host: <131.169.163.130:42427?addrs=131.169.163.130-42427&alias=bird691.desy.de>
...
001 (13901922.006.000) 2021-01-07 12:24:03 Job executing on host: <131.169.77.123:35476?addrs=131.169.77.123-35476&alias=bird061.desy.de>
...
001 (13901922.007.000) 2021-01-07 12:24:03 Job executing on host: <131.169.77.62:40688?addrs=131.169.77.62-40688&alias=bird580.desy.de>
...
001 (13901922.008.000) 2021-01-07 12:24:03 Job executing on host: <131.169.77.35:45108?addrs=131.169.77.35-45108&alias=bird553.desy.de>
...
001 (13901922.015.000) 2021-01-07 12:24:03 Job executing on host: <131.169.77.21:45431?addrs=131.169.77.21-45431&alias=bird539.desy.de>
...
001 (13901922.021.000) 2021-01-07 12:24:03 Job executing on host: <131.169.77.167:43260?addrs=131.169.77.167-43260&alias=bird647.desy.de>
...
001 (13901922.016.000) 2021-01-07 12:24:03 Job executing on host: <131.169.77.178:40292?addrs=131.169.77.178-40292&alias=bird658.desy.de>
...
006 (13901922.014.000) 2021-01-07 12:24:10 Image size of job updated: 427472
	337  -  MemoryUsage of job (MB)
	345004  -  ResidentSetSize of job (KB)
...
006 (13901922.009.000) 2021-01-07 12:24:10 Image size of job updated: 383488
	349  -  MemoryUsage of job (MB)
	357092  -  ResidentSetSize of job (KB)
...
006 (13901922.011.000) 2021-01-07 12:24:10 Image size of job updated: 347732
	318  -  MemoryUsage of job (MB)
	325604  -  ResidentSetSize of job (KB)
...
006 (13901922.017.000) 2021-01-07 12:24:10 Image size of job updated: 363028
	336  -  MemoryUsage of job (MB)
	343652  -  ResidentSetSize of job (KB)
...
006 (13901922.022.000) 2021-01-07 12:24:10 Image size of job updated: 359472
	324  -  MemoryUsage of job (MB)
	331736  -  ResidentSetSize of job (KB)
...
006 (13901922.019.000) 2021-01-07 12:24:10 Image size of job updated: 257928
	235  -  MemoryUsage of job (MB)
	240072  -  ResidentSetSize of job (KB)
...
006 (13901922.023.000) 2021-01-07 12:24:10 Image size of job updated: 408184
	318  -  MemoryUsage of job (MB)
	325136  -  ResidentSetSize of job (KB)
...
006 (13901922.020.000) 2021-01-07 12:24:10 Image size of job updated: 354676
	265  -  MemoryUsage of job (MB)
	271168  -  ResidentSetSize of job (KB)
...
006 (13901922.000.000) 2021-01-07 12:24:10 Image size of job updated: 465476
	374  -  MemoryUsage of job (MB)
	382928  -  ResidentSetSize of job (KB)
...
006 (13901922.018.000) 2021-01-07 12:24:11 Image size of job updated: 300632
	265  -  MemoryUsage of job (MB)
	270416  -  ResidentSetSize of job (KB)
...
006 (13901922.012.000) 2021-01-07 12:24:11 Image size of job updated: 390024
	298  -  MemoryUsage of job (MB)
	305080  -  ResidentSetSize of job (KB)
...
006 (13901922.010.000) 2021-01-07 12:24:11 Image size of job updated: 243452
	218  -  MemoryUsage of job (MB)
	223144  -  ResidentSetSize of job (KB)
...
006 (13901922.006.000) 2021-01-07 12:24:11 Image size of job updated: 112028
	66  -  MemoryUsage of job (MB)
	66796  -  ResidentSetSize of job (KB)
...
006 (13901922.007.000) 2021-01-07 12:24:11 Image size of job updated: 266924
	235  -  MemoryUsage of job (MB)
	240236  -  ResidentSetSize of job (KB)
...
006 (13901922.015.000) 2021-01-07 12:24:11 Image size of job updated: 341724
	250  -  MemoryUsage of job (MB)
	255904  -  ResidentSetSize of job (KB)
...
006 (13901922.008.000) 2021-01-07 12:24:11 Image size of job updated: 285500
	235  -  MemoryUsage of job (MB)
	240128  -  ResidentSetSize of job (KB)
...
006 (13901922.021.000) 2021-01-07 12:24:11 Image size of job updated: 386844
	331  -  MemoryUsage of job (MB)
	337960  -  ResidentSetSize of job (KB)
...
006 (13901922.016.000) 2021-01-07 12:24:11 Image size of job updated: 312464
	222  -  MemoryUsage of job (MB)
	226756  -  ResidentSetSize of job (KB)
...
006 (13901922.024.000) 2021-01-07 12:24:11 Image size of job updated: 419764
	330  -  MemoryUsage of job (MB)
	337844  -  ResidentSetSize of job (KB)
...
006 (13901922.013.000) 2021-01-07 12:24:11 Image size of job updated: 392252
	303  -  MemoryUsage of job (MB)
	310208  -  ResidentSetSize of job (KB)
...
006 (13901922.002.000) 2021-01-07 12:27:16 Image size of job updated: 11070016
	582  -  MemoryUsage of job (MB)
	595840  -  ResidentSetSize of job (KB)
...
005 (13901922.002.000) 2021-01-07 12:27:16 Job terminated.
	(1) Normal termination (return value 0)
		Usr 0 00:02:42, Sys 0 00:00:07  -  Run Remote Usage
		Usr 0 00:00:00, Sys 0 00:00:00  -  Run Local Usage
		Usr 0 00:02:42, Sys 0 00:00:07  -  Total Remote Usage
		Usr 0 00:00:00, Sys 0 00:00:00  -  Total Local Usage
	0  -  Run Bytes Sent By Job
	0  -  Run Bytes Received By Job
	0  -  Total Bytes Sent By Job
	0  -  Total Bytes Received By Job
	Partitionable Resources :    Usage  Request Allocated 
	   Cpus                 :     0.85        1         1 
	   Disk (KB)            :     1     3584000   4467092 
	   Memory (MB)          :   582        4096      4096 

	Job terminated of its own accord at 2021-01-07T11:27:16Z.
...
006 (13901922.005.000) 2021-01-07 12:27:17 Image size of job updated: 12707020
	556  -  MemoryUsage of job (MB)
	568932  -  ResidentSetSize of job (KB)
...
005 (13901922.005.000) 2021-01-07 12:27:17 Job terminated.
	(1) Normal termination (return value 0)
		Usr 0 00:02:42, Sys 0 00:00:08  -  Run Remote Usage
		Usr 0 00:00:00, Sys 0 00:00:00  -  Run Local Usage
		Usr 0 00:02:42, Sys 0 00:00:08  -  Total Remote Usage
		Usr 0 00:00:00, Sys 0 00:00:00  -  Total Local Usage
	0  -  Run Bytes Sent By Job
	0  -  Run Bytes Received By Job
	0  -  Total Bytes Sent By Job
	0  -  Total Bytes Received By Job
	Partitionable Resources :    Usage  Request Allocated 
	   Cpus                 :     0.87        1         1 
	   Disk (KB)            :     1     3584000   4467092 
	   Memory (MB)          :   556        4096      4096 

	Job terminated of its own accord at 2021-01-07T11:27:17Z.
...
006 (13901922.003.000) 2021-01-07 12:27:20 Image size of job updated: 11154552
	581  -  MemoryUsage of job (MB)
	594120  -  ResidentSetSize of job (KB)
...
005 (13901922.003.000) 2021-01-07 12:27:21 Job terminated.
	(1) Normal termination (return value 0)
		Usr 0 00:02:46, Sys 0 00:00:09  -  Run Remote Usage
		Usr 0 00:00:00, Sys 0 00:00:00  -  Run Local Usage
		Usr 0 00:02:46, Sys 0 00:00:09  -  Total Remote Usage
		Usr 0 00:00:00, Sys 0 00:00:00  -  Total Local Usage
	0  -  Run Bytes Sent By Job
	0  -  Run Bytes Received By Job
	0  -  Total Bytes Sent By Job
	0  -  Total Bytes Received By Job
	Partitionable Resources :    Usage  Request Allocated 
	   Cpus                 :     0.86        1         1 
	   Disk (KB)            :     1     3584000   4467092 
	   Memory (MB)          :   581        4096      4096 

	Job terminated of its own accord at 2021-01-07T11:27:20Z.
...
006 (13901922.004.000) 2021-01-07 12:27:25 Image size of job updated: 11149628
	526  -  MemoryUsage of job (MB)
	538096  -  ResidentSetSize of job (KB)
...
005 (13901922.004.000) 2021-01-07 12:27:25 Job terminated.
	(1) Normal termination (return value 0)
		Usr 0 00:02:48, Sys 0 00:00:11  -  Run Remote Usage
		Usr 0 00:00:00, Sys 0 00:00:00  -  Run Local Usage
		Usr 0 00:02:48, Sys 0 00:00:11  -  Total Remote Usage
		Usr 0 00:00:00, Sys 0 00:00:00  -  Total Local Usage
	0  -  Run Bytes Sent By Job
	0  -  Run Bytes Received By Job
	0  -  Total Bytes Sent By Job
	0  -  Total Bytes Received By Job
	Partitionable Resources :    Usage  Request Allocated 
	   Cpus                 :     0.87        1         1 
	   Disk (KB)            :     1     3584000   4467092 
	   Memory (MB)          :   526        4096      4096 

	Job terminated of its own accord at 2021-01-07T11:27:25Z.
...
006 (13901922.001.000) 2021-01-07 12:28:20 Image size of job updated: 4106920
	266  -  MemoryUsage of job (MB)
	272284  -  ResidentSetSize of job (KB)
...
005 (13901922.001.000) 2021-01-07 12:28:20 Job terminated.
	(1) Normal termination (return value 0)
		Usr 0 00:03:59, Sys 0 00:00:16  -  Run Remote Usage
		Usr 0 00:00:00, Sys 0 00:00:00  -  Run Local Usage
		Usr 0 00:03:59, Sys 0 00:00:16  -  Total Remote Usage
		Usr 0 00:00:00, Sys 0 00:00:00  -  Total Local Usage
	0  -  Run Bytes Sent By Job
	0  -  Run Bytes Received By Job
	0  -  Total Bytes Sent By Job
	0  -  Total Bytes Received By Job
	Partitionable Resources :    Usage  Request Allocated 
	   Cpus                 :     0.91        1         1 
	   Disk (KB)            :     1     3584000   4301086 
	   Memory (MB)          :   266        4096      4096 

	Job terminated of its own accord at 2021-01-07T11:28:20Z.
...
006 (13901922.022.000) 2021-01-07 12:28:45 Image size of job updated: 359472
	324  -  MemoryUsage of job (MB)
	331768  -  ResidentSetSize of job (KB)
...
005 (13901922.022.000) 2021-01-07 12:28:45 Job terminated.
	(1) Normal termination (return value 0)
		Usr 0 00:03:52, Sys 0 00:00:15  -  Run Remote Usage
		Usr 0 00:00:00, Sys 0 00:00:00  -  Run Local Usage
		Usr 0 00:03:52, Sys 0 00:00:15  -  Total Remote Usage
		Usr 0 00:00:00, Sys 0 00:00:00  -  Total Local Usage
	0  -  Run Bytes Sent By Job
	0  -  Run Bytes Received By Job
	0  -  Total Bytes Sent By Job
	0  -  Total Bytes Received By Job
	Partitionable Resources :    Usage  Request Allocated 
	   Cpus                 :     0.92        1         1 
	   Disk (KB)            :     1     3584000   4545404 
	   Memory (MB)          :   324        4096      4096 

	Job terminated of its own accord at 2021-01-07T11:28:45Z.
...
006 (13901922.016.000) 2021-01-07 12:28:48 Image size of job updated: 11148000
	222  -  MemoryUsage of job (MB)
	226780  -  ResidentSetSize of job (KB)
...
005 (13901922.016.000) 2021-01-07 12:28:48 Job terminated.
	(1) Normal termination (return value 0)
		Usr 0 00:03:59, Sys 0 00:00:17  -  Run Remote Usage
		Usr 0 00:00:00, Sys 0 00:00:00  -  Run Local Usage
		Usr 0 00:03:59, Sys 0 00:00:17  -  Total Remote Usage
		Usr 0 00:00:00, Sys 0 00:00:00  -  Total Local Usage
	0  -  Run Bytes Sent By Job
	0  -  Run Bytes Received By Job
	0  -  Total Bytes Sent By Job
	0  -  Total Bytes Received By Job
	Partitionable Resources :    Usage  Request Allocated 
	   Cpus                 :     0.93        1         1 
	   Disk (KB)            :     1     3584000   4494429 
	   Memory (MB)          :   222        4096      4096 

	Job terminated of its own accord at 2021-01-07T11:28:48Z.
...
006 (13901922.009.000) 2021-01-07 12:28:48 Image size of job updated: 383488
	349  -  MemoryUsage of job (MB)
	357100  -  ResidentSetSize of job (KB)
...
005 (13901922.009.000) 2021-01-07 12:28:49 Job terminated.
	(1) Normal termination (return value 0)
		Usr 0 00:04:00, Sys 0 00:00:16  -  Run Remote Usage
		Usr 0 00:00:00, Sys 0 00:00:00  -  Run Local Usage
		Usr 0 00:04:00, Sys 0 00:00:16  -  Total Remote Usage
		Usr 0 00:00:00, Sys 0 00:00:00  -  Total Local Usage
	0  -  Run Bytes Sent By Job
	0  -  Run Bytes Received By Job
	0  -  Total Bytes Sent By Job
	0  -  Total Bytes Received By Job
	Partitionable Resources :    Usage  Request Allocated 
	   Cpus                 :     0.92        1         1 
	   Disk (KB)            :     1     3584000   4301086 
	   Memory (MB)          :   349        4096      4096 

	Job terminated of its own accord at 2021-01-07T11:28:48Z.
...
006 (13901922.000.000) 2021-01-07 12:28:53 Image size of job updated: 11161548
	375  -  MemoryUsage of job (MB)
	383004  -  ResidentSetSize of job (KB)
...
005 (13901922.000.000) 2021-01-07 12:28:53 Job terminated.
	(1) Normal termination (return value 0)
		Usr 0 00:03:57, Sys 0 00:00:15  -  Run Remote Usage
		Usr 0 00:00:00, Sys 0 00:00:00  -  Run Local Usage
		Usr 0 00:03:57, Sys 0 00:00:15  -  Total Remote Usage
		Usr 0 00:00:00, Sys 0 00:00:00  -  Total Local Usage
	0  -  Run Bytes Sent By Job
	0  -  Run Bytes Received By Job
	0  -  Total Bytes Sent By Job
	0  -  Total Bytes Received By Job
	Partitionable Resources :    Usage  Request Allocated 
	   Cpus                 :     0.92        1         1 
	   Disk (KB)            :     1     3584000   3957230 
	   Memory (MB)          :   375        4096      4096 

	Job terminated of its own accord at 2021-01-07T11:28:53Z.
...
006 (13901922.014.000) 2021-01-07 12:28:56 Image size of job updated: 11028672
	338  -  MemoryUsage of job (MB)
	345904  -  ResidentSetSize of job (KB)
...
005 (13901922.014.000) 2021-01-07 12:28:56 Job terminated.
	(1) Normal termination (return value 0)
		Usr 0 00:04:07, Sys 0 00:00:16  -  Run Remote Usage
		Usr 0 00:00:00, Sys 0 00:00:00  -  Run Local Usage
		Usr 0 00:04:07, Sys 0 00:00:16  -  Total Remote Usage
		Usr 0 00:00:00, Sys 0 00:00:00  -  Total Local Usage
	0  -  Run Bytes Sent By Job
	0  -  Run Bytes Received By Job
	0  -  Total Bytes Sent By Job
	0  -  Total Bytes Received By Job
	Partitionable Resources :    Usage  Request Allocated 
	   Cpus                 :     0.91        1         1 
	   Disk (KB)            :     1     3584000   4545066 
	   Memory (MB)          :   338        4096      4096 

	Job terminated of its own accord at 2021-01-07T11:28:56Z.
...
006 (13901922.013.000) 2021-01-07 12:28:56 Image size of job updated: 11128604
	303  -  MemoryUsage of job (MB)
	310264  -  ResidentSetSize of job (KB)
...
005 (13901922.013.000) 2021-01-07 12:28:56 Job terminated.
	(1) Normal termination (return value 0)
		Usr 0 00:03:57, Sys 0 00:00:19  -  Run Remote Usage
		Usr 0 00:00:00, Sys 0 00:00:00  -  Run Local Usage
		Usr 0 00:03:57, Sys 0 00:00:19  -  Total Remote Usage
		Usr 0 00:00:00, Sys 0 00:00:00  -  Total Local Usage
	0  -  Run Bytes Sent By Job
	0  -  Run Bytes Received By Job
	0  -  Total Bytes Sent By Job
	0  -  Total Bytes Received By Job
	Partitionable Resources :    Usage  Request Allocated 
	   Cpus                 :     0.91        1         1 
	   Disk (KB)            :     1     3584000   4559338 
	   Memory (MB)          :   303        4096      4096 

	Job terminated of its own accord at 2021-01-07T11:28:56Z.
...
006 (13901922.024.000) 2021-01-07 12:28:56 Image size of job updated: 11095492
	330  -  MemoryUsage of job (MB)
	337880  -  ResidentSetSize of job (KB)
...
005 (13901922.024.000) 2021-01-07 12:28:56 Job terminated.
	(1) Normal termination (return value 0)
		Usr 0 00:03:56, Sys 0 00:00:20  -  Run Remote Usage
		Usr 0 00:00:00, Sys 0 00:00:00  -  Run Local Usage
		Usr 0 00:03:56, Sys 0 00:00:20  -  Total Remote Usage
		Usr 0 00:00:00, Sys 0 00:00:00  -  Total Local Usage
	0  -  Run Bytes Sent By Job
	0  -  Run Bytes Received By Job
	0  -  Total Bytes Sent By Job
	0  -  Total Bytes Received By Job
	Partitionable Resources :    Usage  Request Allocated 
	   Cpus                 :     0.90        1         1 
	   Disk (KB)            :     1     3584000   4423931 
	   Memory (MB)          :   330        4096      4096 

	Job terminated of its own accord at 2021-01-07T11:28:56Z.
...
006 (13901922.012.000) 2021-01-07 12:29:04 Image size of job updated: 1245900
	299  -  MemoryUsage of job (MB)
	305544  -  ResidentSetSize of job (KB)
...
005 (13901922.012.000) 2021-01-07 12:29:04 Job terminated.
	(1) Normal termination (return value 0)
		Usr 0 00:04:10, Sys 0 00:00:18  -  Run Remote Usage
		Usr 0 00:00:00, Sys 0 00:00:00  -  Run Local Usage
		Usr 0 00:04:10, Sys 0 00:00:18  -  Total Remote Usage
		Usr 0 00:00:00, Sys 0 00:00:00  -  Total Local Usage
	0  -  Run Bytes Sent By Job
	0  -  Run Bytes Received By Job
	0  -  Total Bytes Sent By Job
	0  -  Total Bytes Received By Job
	Partitionable Resources :    Usage  Request Allocated 
	   Cpus                 :     0.94        1         1 
	   Disk (KB)            :     1     3584000   3955362 
	   Memory (MB)          :   299        4096      4096 

	Job terminated of its own accord at 2021-01-07T11:29:04Z.
...
006 (13901922.019.000) 2021-01-07 12:29:05 Image size of job updated: 257928
	235  -  MemoryUsage of job (MB)
	240228  -  ResidentSetSize of job (KB)
...
005 (13901922.019.000) 2021-01-07 12:29:05 Job terminated.
	(1) Normal termination (return value 0)
		Usr 0 00:04:02, Sys 0 00:00:19  -  Run Remote Usage
		Usr 0 00:00:00, Sys 0 00:00:00  -  Run Local Usage
		Usr 0 00:04:02, Sys 0 00:00:19  -  Total Remote Usage
		Usr 0 00:00:00, Sys 0 00:00:00  -  Total Local Usage
	0  -  Run Bytes Sent By Job
	0  -  Run Bytes Received By Job
	0  -  Total Bytes Sent By Job
	0  -  Total Bytes Received By Job
	Partitionable Resources :    Usage  Request Allocated 
	   Cpus                 :     0.89        1         1 
	   Disk (KB)            :     1     3584000   4639780 
	   Memory (MB)          :   235        4096      4096 

	Job terminated of its own accord at 2021-01-07T11:29:05Z.
...
006 (13901922.011.000) 2021-01-07 12:29:09 Image size of job updated: 10790512
	319  -  MemoryUsage of job (MB)
	325644  -  ResidentSetSize of job (KB)
...
005 (13901922.011.000) 2021-01-07 12:29:09 Job terminated.
	(1) Normal termination (return value 0)
		Usr 0 00:03:55, Sys 0 00:00:22  -  Run Remote Usage
		Usr 0 00:00:00, Sys 0 00:00:00  -  Run Local Usage
		Usr 0 00:03:55, Sys 0 00:00:22  -  Total Remote Usage
		Usr 0 00:00:00, Sys 0 00:00:00  -  Total Local Usage
	0  -  Run Bytes Sent By Job
	0  -  Run Bytes Received By Job
	0  -  Total Bytes Sent By Job
	0  -  Total Bytes Received By Job
	Partitionable Resources :    Usage  Request Allocated 
	   Cpus                 :     0.87        1         1 
	   Disk (KB)            :     1     3584000   4540362 
	   Memory (MB)          :   319        4096      4096 

	Job terminated of its own accord at 2021-01-07T11:29:09Z.
...
006 (13901922.017.000) 2021-01-07 12:29:10 Image size of job updated: 10714092
	9590  -  MemoryUsage of job (MB)
	9819672  -  ResidentSetSize of job (KB)
...
006 (13901922.023.000) 2021-01-07 12:29:10 Image size of job updated: 10784428
	10492  -  MemoryUsage of job (MB)
	10743048  -  ResidentSetSize of job (KB)
...
006 (13901922.020.000) 2021-01-07 12:29:10 Image size of job updated: 7651360
	4131  -  MemoryUsage of job (MB)
	4229576  -  ResidentSetSize of job (KB)
...
006 (13901922.021.000) 2021-01-07 12:29:11 Image size of job updated: 9738128
	5392  -  MemoryUsage of job (MB)
	5521052  -  ResidentSetSize of job (KB)
...
006 (13901922.018.000) 2021-01-07 12:29:11 Image size of job updated: 10471032
	7920  -  MemoryUsage of job (MB)
	8109484  -  ResidentSetSize of job (KB)
...
006 (13901922.006.000) 2021-01-07 12:29:11 Image size of job updated: 8003248
	5994  -  MemoryUsage of job (MB)
	6137424  -  ResidentSetSize of job (KB)
...
006 (13901922.010.000) 2021-01-07 12:29:11 Image size of job updated: 8096848
	7023  -  MemoryUsage of job (MB)
	7191180  -  ResidentSetSize of job (KB)
...
006 (13901922.007.000) 2021-01-07 12:29:11 Image size of job updated: 7786392
	4845  -  MemoryUsage of job (MB)
	4960360  -  ResidentSetSize of job (KB)
...
006 (13901922.008.000) 2021-01-07 12:29:11 Image size of job updated: 8999632
	7047  -  MemoryUsage of job (MB)
	7215212  -  ResidentSetSize of job (KB)
...
006 (13901922.015.000) 2021-01-07 12:29:11 Image size of job updated: 11074024
	10811  -  MemoryUsage of job (MB)
	11070008  -  ResidentSetSize of job (KB)
...
006 (13901922.015.000) 2021-01-07 12:29:15 Image size of job updated: 11074024
	10811  -  MemoryUsage of job (MB)
	11070196  -  ResidentSetSize of job (KB)
...
005 (13901922.015.000) 2021-01-07 12:29:15 Job terminated.
	(1) Normal termination (return value 0)
		Usr 0 00:04:05, Sys 0 00:00:16  -  Run Remote Usage
		Usr 0 00:00:00, Sys 0 00:00:00  -  Run Local Usage
		Usr 0 00:04:05, Sys 0 00:00:16  -  Total Remote Usage
		Usr 0 00:00:00, Sys 0 00:00:00  -  Total Local Usage
	0  -  Run Bytes Sent By Job
	0  -  Run Bytes Received By Job
	0  -  Total Bytes Sent By Job
	0  -  Total Bytes Received By Job
	Partitionable Resources :    Usage  Request Allocated 
	   Cpus                 :     0.85        1         1 
	   Disk (KB)            :     1     3584000   3849684 
	   Memory (MB)          : 10811        4096      4096 

	Job terminated of its own accord at 2021-01-07T11:29:15Z.
...
006 (13901922.023.000) 2021-01-07 12:29:24 Image size of job updated: 10784428
	10492  -  MemoryUsage of job (MB)
	10743100  -  ResidentSetSize of job (KB)
...
005 (13901922.023.000) 2021-01-07 12:29:24 Job terminated.
	(1) Normal termination (return value 0)
		Usr 0 00:03:57, Sys 0 00:00:20  -  Run Remote Usage
		Usr 0 00:00:00, Sys 0 00:00:00  -  Run Local Usage
		Usr 0 00:03:57, Sys 0 00:00:20  -  Total Remote Usage
		Usr 0 00:00:00, Sys 0 00:00:00  -  Total Local Usage
	0  -  Run Bytes Sent By Job
	0  -  Run Bytes Received By Job
	0  -  Total Bytes Sent By Job
	0  -  Total Bytes Received By Job
	Partitionable Resources :    Usage  Request Allocated 
	   Cpus                 :     0.73        1         1 
	   Disk (KB)            :     1     3584000   4785374 
	   Memory (MB)          : 10492        4096      4096 

	Job terminated of its own accord at 2021-01-07T11:29:24Z.
...
006 (13901922.017.000) 2021-01-07 12:29:25 Image size of job updated: 11136552
	9590  -  MemoryUsage of job (MB)
	9819700  -  ResidentSetSize of job (KB)
...
005 (13901922.017.000) 2021-01-07 12:29:25 Job terminated.
	(1) Normal termination (return value 0)
		Usr 0 00:04:09, Sys 0 00:00:16  -  Run Remote Usage
		Usr 0 00:00:00, Sys 0 00:00:00  -  Run Local Usage
		Usr 0 00:04:09, Sys 0 00:00:16  -  Total Remote Usage
		Usr 0 00:00:00, Sys 0 00:00:00  -  Total Local Usage
	0  -  Run Bytes Sent By Job
	0  -  Run Bytes Received By Job
	0  -  Total Bytes Sent By Job
	0  -  Total Bytes Received By Job
	Partitionable Resources :    Usage  Request Allocated 
	   Cpus                 :     0.94        1         1 
	   Disk (KB)            :     1     3584000   4543209 
	   Memory (MB)          :  9590        4096      4096 

	Job terminated of its own accord at 2021-01-07T11:29:25Z.
...
006 (13901922.018.000) 2021-01-07 12:29:29 Image size of job updated: 11024196
	7920  -  MemoryUsage of job (MB)
	8109484  -  ResidentSetSize of job (KB)
...
005 (13901922.018.000) 2021-01-07 12:29:29 Job terminated.
	(1) Normal termination (return value 0)
		Usr 0 00:04:02, Sys 0 00:00:18  -  Run Remote Usage
		Usr 0 00:00:00, Sys 0 00:00:00  -  Run Local Usage
		Usr 0 00:04:02, Sys 0 00:00:18  -  Total Remote Usage
		Usr 0 00:00:00, Sys 0 00:00:00  -  Total Local Usage
	0  -  Run Bytes Sent By Job
	0  -  Run Bytes Received By Job
	0  -  Total Bytes Sent By Job
	0  -  Total Bytes Received By Job
	Partitionable Resources :    Usage  Request Allocated 
	   Cpus                 :     0.82        1         1 
	   Disk (KB)            :     1     3584000   4541525 
	   Memory (MB)          :  7920        4096      4096 

	Job terminated of its own accord at 2021-01-07T11:29:29Z.
...
005 (13901922.021.000) 2021-01-07 12:30:13 Job terminated.
	(1) Normal termination (return value 0)
		Usr 0 00:04:04, Sys 0 00:00:19  -  Run Remote Usage
		Usr 0 00:00:00, Sys 0 00:00:00  -  Run Local Usage
		Usr 0 00:04:04, Sys 0 00:00:19  -  Total Remote Usage
		Usr 0 00:00:00, Sys 0 00:00:00  -  Total Local Usage
	0  -  Run Bytes Sent By Job
	0  -  Run Bytes Received By Job
	0  -  Total Bytes Sent By Job
	0  -  Total Bytes Received By Job
	Partitionable Resources :    Usage  Request Allocated 
	   Cpus                 :     0.80        1         1 
	   Disk (KB)            :     1     3584000   4785154 
	   Memory (MB)          :  5392        4096      4096 

	Job terminated of its own accord at 2021-01-07T11:30:13Z.
...
006 (13901922.008.000) 2021-01-07 12:30:49 Image size of job updated: 8999632
	7047  -  MemoryUsage of job (MB)
	7215248  -  ResidentSetSize of job (KB)
...
005 (13901922.008.000) 2021-01-07 12:30:49 Job terminated.
	(1) Normal termination (return value 0)
		Usr 0 00:04:12, Sys 0 00:00:23  -  Run Remote Usage
		Usr 0 00:00:00, Sys 0 00:00:00  -  Run Local Usage
		Usr 0 00:04:12, Sys 0 00:00:23  -  Total Remote Usage
		Usr 0 00:00:00, Sys 0 00:00:00  -  Total Local Usage
	0  -  Run Bytes Sent By Job
	0  -  Run Bytes Received By Job
	0  -  Total Bytes Sent By Job
	0  -  Total Bytes Received By Job
	Partitionable Resources :    Usage  Request Allocated 
	   Cpus                 :     0.10        1         1 
	   Disk (KB)            :     1     3584000   3824521 
	   Memory (MB)          :  7047        4096      4096 

	Job terminated of its own accord at 2021-01-07T11:30:49Z.
...
006 (13901922.007.000) 2021-01-07 12:31:16 Image size of job updated: 12578188
	4845  -  MemoryUsage of job (MB)
	4960448  -  ResidentSetSize of job (KB)
...
005 (13901922.007.000) 2021-01-07 12:31:16 Job terminated.
	(1) Normal termination (return value 0)
		Usr 0 00:04:04, Sys 0 00:00:28  -  Run Remote Usage
		Usr 0 00:00:00, Sys 0 00:00:00  -  Run Local Usage
		Usr 0 00:04:04, Sys 0 00:00:28  -  Total Remote Usage
		Usr 0 00:00:00, Sys 0 00:00:00  -  Total Local Usage
	0  -  Run Bytes Sent By Job
	0  -  Run Bytes Received By Job
	0  -  Total Bytes Sent By Job
	0  -  Total Bytes Received By Job
	Partitionable Resources :    Usage  Request Allocated 
	   Cpus                 :     0.57        1         1 
	   Disk (KB)            :     1     3584000   4298920 
	   Memory (MB)          :  4845        4096      4096 

	Job terminated of its own accord at 2021-01-07T11:31:16Z.
...
006 (13901922.006.000) 2021-01-07 12:31:23 Image size of job updated: 8003248
	5994  -  MemoryUsage of job (MB)
	6137432  -  ResidentSetSize of job (KB)
...
005 (13901922.006.000) 2021-01-07 12:31:23 Job terminated.
	(1) Normal termination (return value 0)
		Usr 0 00:04:44, Sys 0 00:00:23  -  Run Remote Usage
		Usr 0 00:00:00, Sys 0 00:00:00  -  Run Local Usage
		Usr 0 00:04:44, Sys 0 00:00:23  -  Total Remote Usage
		Usr 0 00:00:00, Sys 0 00:00:00  -  Total Local Usage
	0  -  Run Bytes Sent By Job
	0  -  Run Bytes Received By Job
	0  -  Total Bytes Sent By Job
	0  -  Total Bytes Received By Job
	Partitionable Resources :    Usage  Request Allocated 
	   Cpus                 :     0.65        1         1 
	   Disk (KB)            :     1     3584000   3733046 
	   Memory (MB)          :  5994        4096      4096 

	Job terminated of its own accord at 2021-01-07T11:31:23Z.
...
006 (13901922.020.000) 2021-01-07 12:31:45 Image size of job updated: 11122068
	4131  -  MemoryUsage of job (MB)
	4229608  -  ResidentSetSize of job (KB)
...
005 (13901922.020.000) 2021-01-07 12:31:45 Job terminated.
	(1) Normal termination (return value 0)
		Usr 0 00:04:03, Sys 0 00:00:19  -  Run Remote Usage
		Usr 0 00:00:00, Sys 0 00:00:00  -  Run Local Usage
		Usr 0 00:04:03, Sys 0 00:00:19  -  Total Remote Usage
		Usr 0 00:00:00, Sys 0 00:00:00  -  Total Local Usage
	0  -  Run Bytes Sent By Job
	0  -  Run Bytes Received By Job
	0  -  Total Bytes Sent By Job
	0  -  Total Bytes Received By Job
	Partitionable Resources :    Usage  Request Allocated 
	   Cpus                 :     0.24        1         1 
	   Disk (KB)            :     1     3584000   3822841 
	   Memory (MB)          :  4131        4096      4096 

	Job terminated of its own accord at 2021-01-07T11:31:45Z.
...
006 (13901922.010.000) 2021-01-07 12:32:52 Image size of job updated: 11069372
	7023  -  MemoryUsage of job (MB)
	7191196  -  ResidentSetSize of job (KB)
...
005 (13901922.010.000) 2021-01-07 12:32:52 Job terminated.
	(1) Normal termination (return value 0)
		Usr 0 00:04:06, Sys 0 00:00:20  -  Run Remote Usage
		Usr 0 00:00:00, Sys 0 00:00:00  -  Run Local Usage
		Usr 0 00:04:06, Sys 0 00:00:20  -  Total Remote Usage
		Usr 0 00:00:00, Sys 0 00:00:00  -  Total Local Usage
	0  -  Run Bytes Sent By Job
	0  -  Run Bytes Received By Job
	0  -  Total Bytes Sent By Job
	0  -  Total Bytes Received By Job
	Partitionable Resources :    Usage  Request Allocated 
	   Cpus                 :     0.59        1         1 
	   Disk (KB)            :     1     3584000   3823360 
	   Memory (MB)          :  7023        4096      4096 

	Job terminated of its own accord at 2021-01-07T11:32:52Z.
...
