000 (13901930.000.000) 2021-01-07 12:19:57 Job submitted from host: <131.169.223.42:9618?addrs=131.169.223.42-9618+[2001-638-700-10df--1-2a]-9618&alias=bird-htc-sched14.desy.de&noUDP&sock=schedd_1936_8371_3>
...
000 (13901930.001.000) 2021-01-07 12:19:57 Job submitted from host: <131.169.223.42:9618?addrs=131.169.223.42-9618+[2001-638-700-10df--1-2a]-9618&alias=bird-htc-sched14.desy.de&noUDP&sock=schedd_1936_8371_3>
...
000 (13901930.002.000) 2021-01-07 12:19:57 Job submitted from host: <131.169.223.42:9618?addrs=131.169.223.42-9618+[2001-638-700-10df--1-2a]-9618&alias=bird-htc-sched14.desy.de&noUDP&sock=schedd_1936_8371_3>
...
000 (13901930.003.000) 2021-01-07 12:19:57 Job submitted from host: <131.169.223.42:9618?addrs=131.169.223.42-9618+[2001-638-700-10df--1-2a]-9618&alias=bird-htc-sched14.desy.de&noUDP&sock=schedd_1936_8371_3>
...
000 (13901930.004.000) 2021-01-07 12:19:57 Job submitted from host: <131.169.223.42:9618?addrs=131.169.223.42-9618+[2001-638-700-10df--1-2a]-9618&alias=bird-htc-sched14.desy.de&noUDP&sock=schedd_1936_8371_3>
...
000 (13901930.005.000) 2021-01-07 12:19:57 Job submitted from host: <131.169.223.42:9618?addrs=131.169.223.42-9618+[2001-638-700-10df--1-2a]-9618&alias=bird-htc-sched14.desy.de&noUDP&sock=schedd_1936_8371_3>
...
000 (13901930.006.000) 2021-01-07 12:19:57 Job submitted from host: <131.169.223.42:9618?addrs=131.169.223.42-9618+[2001-638-700-10df--1-2a]-9618&alias=bird-htc-sched14.desy.de&noUDP&sock=schedd_1936_8371_3>
...
000 (13901930.007.000) 2021-01-07 12:19:57 Job submitted from host: <131.169.223.42:9618?addrs=131.169.223.42-9618+[2001-638-700-10df--1-2a]-9618&alias=bird-htc-sched14.desy.de&noUDP&sock=schedd_1936_8371_3>
...
000 (13901930.008.000) 2021-01-07 12:19:57 Job submitted from host: <131.169.223.42:9618?addrs=131.169.223.42-9618+[2001-638-700-10df--1-2a]-9618&alias=bird-htc-sched14.desy.de&noUDP&sock=schedd_1936_8371_3>
...
000 (13901930.009.000) 2021-01-07 12:19:57 Job submitted from host: <131.169.223.42:9618?addrs=131.169.223.42-9618+[2001-638-700-10df--1-2a]-9618&alias=bird-htc-sched14.desy.de&noUDP&sock=schedd_1936_8371_3>
...
000 (13901930.010.000) 2021-01-07 12:19:57 Job submitted from host: <131.169.223.42:9618?addrs=131.169.223.42-9618+[2001-638-700-10df--1-2a]-9618&alias=bird-htc-sched14.desy.de&noUDP&sock=schedd_1936_8371_3>
...
000 (13901930.011.000) 2021-01-07 12:19:57 Job submitted from host: <131.169.223.42:9618?addrs=131.169.223.42-9618+[2001-638-700-10df--1-2a]-9618&alias=bird-htc-sched14.desy.de&noUDP&sock=schedd_1936_8371_3>
...
000 (13901930.012.000) 2021-01-07 12:19:57 Job submitted from host: <131.169.223.42:9618?addrs=131.169.223.42-9618+[2001-638-700-10df--1-2a]-9618&alias=bird-htc-sched14.desy.de&noUDP&sock=schedd_1936_8371_3>
...
000 (13901930.013.000) 2021-01-07 12:19:57 Job submitted from host: <131.169.223.42:9618?addrs=131.169.223.42-9618+[2001-638-700-10df--1-2a]-9618&alias=bird-htc-sched14.desy.de&noUDP&sock=schedd_1936_8371_3>
...
000 (13901930.014.000) 2021-01-07 12:19:57 Job submitted from host: <131.169.223.42:9618?addrs=131.169.223.42-9618+[2001-638-700-10df--1-2a]-9618&alias=bird-htc-sched14.desy.de&noUDP&sock=schedd_1936_8371_3>
...
000 (13901930.015.000) 2021-01-07 12:19:57 Job submitted from host: <131.169.223.42:9618?addrs=131.169.223.42-9618+[2001-638-700-10df--1-2a]-9618&alias=bird-htc-sched14.desy.de&noUDP&sock=schedd_1936_8371_3>
...
000 (13901930.016.000) 2021-01-07 12:19:57 Job submitted from host: <131.169.223.42:9618?addrs=131.169.223.42-9618+[2001-638-700-10df--1-2a]-9618&alias=bird-htc-sched14.desy.de&noUDP&sock=schedd_1936_8371_3>
...
000 (13901930.017.000) 2021-01-07 12:19:57 Job submitted from host: <131.169.223.42:9618?addrs=131.169.223.42-9618+[2001-638-700-10df--1-2a]-9618&alias=bird-htc-sched14.desy.de&noUDP&sock=schedd_1936_8371_3>
...
000 (13901930.018.000) 2021-01-07 12:19:57 Job submitted from host: <131.169.223.42:9618?addrs=131.169.223.42-9618+[2001-638-700-10df--1-2a]-9618&alias=bird-htc-sched14.desy.de&noUDP&sock=schedd_1936_8371_3>
...
000 (13901930.019.000) 2021-01-07 12:19:57 Job submitted from host: <131.169.223.42:9618?addrs=131.169.223.42-9618+[2001-638-700-10df--1-2a]-9618&alias=bird-htc-sched14.desy.de&noUDP&sock=schedd_1936_8371_3>
...
000 (13901930.020.000) 2021-01-07 12:19:57 Job submitted from host: <131.169.223.42:9618?addrs=131.169.223.42-9618+[2001-638-700-10df--1-2a]-9618&alias=bird-htc-sched14.desy.de&noUDP&sock=schedd_1936_8371_3>
...
000 (13901930.021.000) 2021-01-07 12:19:57 Job submitted from host: <131.169.223.42:9618?addrs=131.169.223.42-9618+[2001-638-700-10df--1-2a]-9618&alias=bird-htc-sched14.desy.de&noUDP&sock=schedd_1936_8371_3>
...
000 (13901930.022.000) 2021-01-07 12:19:57 Job submitted from host: <131.169.223.42:9618?addrs=131.169.223.42-9618+[2001-638-700-10df--1-2a]-9618&alias=bird-htc-sched14.desy.de&noUDP&sock=schedd_1936_8371_3>
...
000 (13901930.023.000) 2021-01-07 12:19:57 Job submitted from host: <131.169.223.42:9618?addrs=131.169.223.42-9618+[2001-638-700-10df--1-2a]-9618&alias=bird-htc-sched14.desy.de&noUDP&sock=schedd_1936_8371_3>
...
000 (13901930.024.000) 2021-01-07 12:19:57 Job submitted from host: <131.169.223.42:9618?addrs=131.169.223.42-9618+[2001-638-700-10df--1-2a]-9618&alias=bird-htc-sched14.desy.de&noUDP&sock=schedd_1936_8371_3>
...
001 (13901930.003.000) 2021-01-07 12:24:26 Job executing on host: <131.169.160.179:34931?addrs=131.169.160.179-34931&alias=batch1181.desy.de>
...
001 (13901930.005.000) 2021-01-07 12:24:26 Job executing on host: <131.169.160.179:34931?addrs=131.169.160.179-34931&alias=batch1181.desy.de>
...
001 (13901930.006.000) 2021-01-07 12:24:26 Job executing on host: <131.169.162.157:44078?addrs=131.169.162.157-44078&alias=batch1157.desy.de>
...
001 (13901930.007.000) 2021-01-07 12:24:27 Job executing on host: <131.169.162.157:44078?addrs=131.169.162.157-44078&alias=batch1157.desy.de>
...
001 (13901930.009.000) 2021-01-07 12:24:27 Job executing on host: <131.169.160.179:34931?addrs=131.169.160.179-34931&alias=batch1181.desy.de>
...
001 (13901930.008.000) 2021-01-07 12:24:27 Job executing on host: <131.169.160.164:38857?addrs=131.169.160.164-38857&alias=batch1064.desy.de>
...
001 (13901930.010.000) 2021-01-07 12:24:27 Job executing on host: <131.169.162.157:44078?addrs=131.169.162.157-44078&alias=batch1157.desy.de>
...
001 (13901930.012.000) 2021-01-07 12:24:27 Job executing on host: <131.169.160.179:34931?addrs=131.169.160.179-34931&alias=batch1181.desy.de>
...
001 (13901930.011.000) 2021-01-07 12:24:27 Job executing on host: <131.169.160.164:38857?addrs=131.169.160.164-38857&alias=batch1064.desy.de>
...
001 (13901930.004.000) 2021-01-07 12:24:27 Job executing on host: <131.169.160.164:38857?addrs=131.169.160.164-38857&alias=batch1064.desy.de>
...
001 (13901930.013.000) 2021-01-07 12:24:28 Job executing on host: <131.169.162.157:44078?addrs=131.169.162.157-44078&alias=batch1157.desy.de>
...
001 (13901930.022.000) 2021-01-07 12:24:28 Job executing on host: <131.169.160.179:34931?addrs=131.169.160.179-34931&alias=batch1181.desy.de>
...
001 (13901930.020.000) 2021-01-07 12:24:28 Job executing on host: <131.169.162.157:44078?addrs=131.169.162.157-44078&alias=batch1157.desy.de>
...
001 (13901930.024.000) 2021-01-07 12:24:29 Job executing on host: <131.169.160.179:34931?addrs=131.169.160.179-34931&alias=batch1181.desy.de>
...
001 (13901930.023.000) 2021-01-07 12:24:29 Job executing on host: <131.169.160.179:34931?addrs=131.169.160.179-34931&alias=batch1181.desy.de>
...
001 (13901930.002.000) 2021-01-07 12:24:32 Job executing on host: <131.169.162.158:44018?addrs=131.169.162.158-44018&alias=batch1158.desy.de>
...
001 (13901930.000.000) 2021-01-07 12:24:32 Job executing on host: <131.169.162.158:44018?addrs=131.169.162.158-44018&alias=batch1158.desy.de>
...
001 (13901930.001.000) 2021-01-07 12:24:32 Job executing on host: <131.169.162.158:44018?addrs=131.169.162.158-44018&alias=batch1158.desy.de>
...
006 (13901930.007.000) 2021-01-07 12:24:35 Image size of job updated: 374060
	363  -  MemoryUsage of job (MB)
	370732  -  ResidentSetSize of job (KB)
...
006 (13901930.009.000) 2021-01-07 12:24:35 Image size of job updated: 4622908
	4436  -  MemoryUsage of job (MB)
	4541912  -  ResidentSetSize of job (KB)
...
006 (13901930.008.000) 2021-01-07 12:24:35 Image size of job updated: 159512
	142  -  MemoryUsage of job (MB)
	145076  -  ResidentSetSize of job (KB)
...
006 (13901930.010.000) 2021-01-07 12:24:35 Image size of job updated: 387596
	377  -  MemoryUsage of job (MB)
	385120  -  ResidentSetSize of job (KB)
...
006 (13901930.003.000) 2021-01-07 12:24:35 Image size of job updated: 389712
	381  -  MemoryUsage of job (MB)
	389672  -  ResidentSetSize of job (KB)
...
006 (13901930.005.000) 2021-01-07 12:24:35 Image size of job updated: 453156
	443  -  MemoryUsage of job (MB)
	453156  -  ResidentSetSize of job (KB)
...
006 (13901930.006.000) 2021-01-07 12:24:36 Image size of job updated: 482560
	463  -  MemoryUsage of job (MB)
	473924  -  ResidentSetSize of job (KB)
...
006 (13901930.013.000) 2021-01-07 12:24:36 Image size of job updated: 407856
	368  -  MemoryUsage of job (MB)
	376352  -  ResidentSetSize of job (KB)
...
006 (13901930.022.000) 2021-01-07 12:24:36 Image size of job updated: 3972444
	3800  -  MemoryUsage of job (MB)
	3890764  -  ResidentSetSize of job (KB)
...
006 (13901930.020.000) 2021-01-07 12:24:36 Image size of job updated: 397412
	381  -  MemoryUsage of job (MB)
	390044  -  ResidentSetSize of job (KB)
...
006 (13901930.012.000) 2021-01-07 12:24:36 Image size of job updated: 3833760
	3672  -  MemoryUsage of job (MB)
	3759784  -  ResidentSetSize of job (KB)
...
006 (13901930.011.000) 2021-01-07 12:24:36 Image size of job updated: 257716
	217  -  MemoryUsage of job (MB)
	221940  -  ResidentSetSize of job (KB)
...
006 (13901930.004.000) 2021-01-07 12:24:37 Image size of job updated: 205232
	197  -  MemoryUsage of job (MB)
	201576  -  ResidentSetSize of job (KB)
...
006 (13901930.024.000) 2021-01-07 12:24:37 Image size of job updated: 398668
	384  -  MemoryUsage of job (MB)
	392944  -  ResidentSetSize of job (KB)
...
006 (13901930.023.000) 2021-01-07 12:24:37 Image size of job updated: 428440
	385  -  MemoryUsage of job (MB)
	393532  -  ResidentSetSize of job (KB)
...
006 (13901930.002.000) 2021-01-07 12:24:40 Image size of job updated: 396704
	379  -  MemoryUsage of job (MB)
	387996  -  ResidentSetSize of job (KB)
...
006 (13901930.000.000) 2021-01-07 12:24:41 Image size of job updated: 533264
	510  -  MemoryUsage of job (MB)
	521884  -  ResidentSetSize of job (KB)
...
006 (13901930.001.000) 2021-01-07 12:24:41 Image size of job updated: 548380
	521  -  MemoryUsage of job (MB)
	533160  -  ResidentSetSize of job (KB)
...
001 (13901930.017.000) 2021-01-07 12:24:43 Job executing on host: <131.169.162.155:38616?addrs=131.169.162.155-38616&alias=batch1155.desy.de>
...
001 (13901930.018.000) 2021-01-07 12:24:43 Job executing on host: <131.169.162.155:38616?addrs=131.169.162.155-38616&alias=batch1155.desy.de>
...
001 (13901930.019.000) 2021-01-07 12:24:46 Job executing on host: <131.169.162.155:38616?addrs=131.169.162.155-38616&alias=batch1155.desy.de>
...
001 (13901930.021.000) 2021-01-07 12:24:46 Job executing on host: <131.169.162.155:38616?addrs=131.169.162.155-38616&alias=batch1155.desy.de>
...
001 (13901930.014.000) 2021-01-07 12:24:46 Job executing on host: <131.169.162.155:38616?addrs=131.169.162.155-38616&alias=batch1155.desy.de>
...
001 (13901930.015.000) 2021-01-07 12:24:46 Job executing on host: <131.169.162.155:38616?addrs=131.169.162.155-38616&alias=batch1155.desy.de>
...
001 (13901930.016.000) 2021-01-07 12:24:46 Job executing on host: <131.169.162.155:38616?addrs=131.169.162.155-38616&alias=batch1155.desy.de>
...
006 (13901930.018.000) 2021-01-07 12:24:54 Image size of job updated: 796
	1  -  MemoryUsage of job (MB)
	740  -  ResidentSetSize of job (KB)
...
006 (13901930.017.000) 2021-01-07 12:24:54 Image size of job updated: 748
	1  -  MemoryUsage of job (MB)
	728  -  ResidentSetSize of job (KB)
...
006 (13901930.019.000) 2021-01-07 12:24:54 Image size of job updated: 736
	1  -  MemoryUsage of job (MB)
	736  -  ResidentSetSize of job (KB)
...
006 (13901930.021.000) 2021-01-07 12:24:54 Image size of job updated: 740
	1  -  MemoryUsage of job (MB)
	740  -  ResidentSetSize of job (KB)
...
006 (13901930.014.000) 2021-01-07 12:24:54 Image size of job updated: 740
	1  -  MemoryUsage of job (MB)
	740  -  ResidentSetSize of job (KB)
...
006 (13901930.015.000) 2021-01-07 12:24:55 Image size of job updated: 736
	1  -  MemoryUsage of job (MB)
	736  -  ResidentSetSize of job (KB)
...
006 (13901930.016.000) 2021-01-07 12:24:55 Image size of job updated: 732
	1  -  MemoryUsage of job (MB)
	732  -  ResidentSetSize of job (KB)
...
006 (13901930.024.000) 2021-01-07 12:27:26 Image size of job updated: 8331988
	384  -  MemoryUsage of job (MB)
	393036  -  ResidentSetSize of job (KB)
...
005 (13901930.024.000) 2021-01-07 12:27:26 Job terminated.
	(1) Normal termination (return value 0)
		Usr 0 00:02:05, Sys 0 00:00:14  -  Run Remote Usage
		Usr 0 00:00:00, Sys 0 00:00:00  -  Run Local Usage
		Usr 0 00:02:05, Sys 0 00:00:14  -  Total Remote Usage
		Usr 0 00:00:00, Sys 0 00:00:00  -  Total Local Usage
	0  -  Run Bytes Sent By Job
	0  -  Run Bytes Received By Job
	0  -  Total Bytes Sent By Job
	0  -  Total Bytes Received By Job
	Partitionable Resources :    Usage  Request Allocated 
	   Cpus                 :     0.77        1         1 
	   Disk (KB)            :     1     3584000   4466103 
	   Memory (MB)          :   384        4096      4096 

	Job terminated of its own accord at 2021-01-07T11:27:26Z.
...
006 (13901930.001.000) 2021-01-07 12:28:03 Image size of job updated: 548380
	521  -  MemoryUsage of job (MB)
	533196  -  ResidentSetSize of job (KB)
...
005 (13901930.001.000) 2021-01-07 12:28:03 Job terminated.
	(1) Normal termination (return value 0)
		Usr 0 00:02:43, Sys 0 00:00:11  -  Run Remote Usage
		Usr 0 00:00:00, Sys 0 00:00:00  -  Run Local Usage
		Usr 0 00:02:43, Sys 0 00:00:11  -  Total Remote Usage
		Usr 0 00:00:00, Sys 0 00:00:00  -  Total Local Usage
	0  -  Run Bytes Sent By Job
	0  -  Run Bytes Received By Job
	0  -  Total Bytes Sent By Job
	0  -  Total Bytes Received By Job
	Partitionable Resources :    Usage  Request Allocated 
	   Cpus                 :     0.84        1         1 
	   Disk (KB)            :     1     3584000   4408847 
	   Memory (MB)          :   521        4096      4096 

	Job terminated of its own accord at 2021-01-07T11:28:03Z.
...
006 (13901930.002.000) 2021-01-07 12:28:07 Image size of job updated: 11023764
	379  -  MemoryUsage of job (MB)
	387996  -  ResidentSetSize of job (KB)
...
005 (13901930.002.000) 2021-01-07 12:28:07 Job terminated.
	(1) Normal termination (return value 0)
		Usr 0 00:02:47, Sys 0 00:00:13  -  Run Remote Usage
		Usr 0 00:00:00, Sys 0 00:00:00  -  Run Local Usage
		Usr 0 00:02:47, Sys 0 00:00:13  -  Total Remote Usage
		Usr 0 00:00:00, Sys 0 00:00:00  -  Total Local Usage
	0  -  Run Bytes Sent By Job
	0  -  Run Bytes Received By Job
	0  -  Total Bytes Sent By Job
	0  -  Total Bytes Received By Job
	Partitionable Resources :    Usage  Request Allocated 
	   Cpus                 :     0.83        1         1 
	   Disk (KB)            :     1     3584000   4408847 
	   Memory (MB)          :   379        4096      4096 

	Job terminated of its own accord at 2021-01-07T11:28:07Z.
...
006 (13901930.000.000) 2021-01-07 12:28:11 Image size of job updated: 533264
	510  -  MemoryUsage of job (MB)
	521940  -  ResidentSetSize of job (KB)
...
005 (13901930.000.000) 2021-01-07 12:28:11 Job terminated.
	(1) Normal termination (return value 0)
		Usr 0 00:02:49, Sys 0 00:00:15  -  Run Remote Usage
		Usr 0 00:00:00, Sys 0 00:00:00  -  Run Local Usage
		Usr 0 00:02:49, Sys 0 00:00:15  -  Total Remote Usage
		Usr 0 00:00:00, Sys 0 00:00:00  -  Total Local Usage
	0  -  Run Bytes Sent By Job
	0  -  Run Bytes Received By Job
	0  -  Total Bytes Sent By Job
	0  -  Total Bytes Received By Job
	Partitionable Resources :    Usage  Request Allocated 
	   Cpus                 :     0.94        1         1 
	   Disk (KB)            :     1     3584000   4408847 
	   Memory (MB)          :   510        4096      4096 

	Job terminated of its own accord at 2021-01-07T11:28:11Z.
...
006 (13901930.003.000) 2021-01-07 12:28:16 Image size of job updated: 11112376
	381  -  MemoryUsage of job (MB)
	389704  -  ResidentSetSize of job (KB)
...
006 (13901930.005.000) 2021-01-07 12:28:17 Image size of job updated: 10996040
	444  -  MemoryUsage of job (MB)
	453884  -  ResidentSetSize of job (KB)
...
005 (13901930.003.000) 2021-01-07 12:28:17 Job terminated.
	(1) Normal termination (return value 0)
		Usr 0 00:02:44, Sys 0 00:00:15  -  Run Remote Usage
		Usr 0 00:00:00, Sys 0 00:00:00  -  Run Local Usage
		Usr 0 00:02:44, Sys 0 00:00:15  -  Total Remote Usage
		Usr 0 00:00:00, Sys 0 00:00:00  -  Total Local Usage
	0  -  Run Bytes Sent By Job
	0  -  Run Bytes Received By Job
	0  -  Total Bytes Sent By Job
	0  -  Total Bytes Received By Job
	Partitionable Resources :    Usage  Request Allocated 
	   Cpus                 :     0.81        1         1 
	   Disk (KB)            :     1     3584000   4466103 
	   Memory (MB)          :   381        4096      4096 

	Job terminated of its own accord at 2021-01-07T11:28:16Z.
...
005 (13901930.005.000) 2021-01-07 12:28:17 Job terminated.
	(1) Normal termination (return value 0)
		Usr 0 00:02:44, Sys 0 00:00:17  -  Run Remote Usage
		Usr 0 00:00:00, Sys 0 00:00:00  -  Run Local Usage
		Usr 0 00:02:44, Sys 0 00:00:17  -  Total Remote Usage
		Usr 0 00:00:00, Sys 0 00:00:00  -  Total Local Usage
	0  -  Run Bytes Sent By Job
	0  -  Run Bytes Received By Job
	0  -  Total Bytes Sent By Job
	0  -  Total Bytes Received By Job
	Partitionable Resources :    Usage  Request Allocated 
	   Cpus                 :     0.81        1         1 
	   Disk (KB)            :     1     3584000   4466103 
	   Memory (MB)          :   444        4096      4096 

	Job terminated of its own accord at 2021-01-07T11:28:16Z.
...
005 (13901930.012.000) 2021-01-07 12:28:19 Job terminated.
	(1) Normal termination (return value 0)
		Usr 0 00:02:46, Sys 0 00:00:18  -  Run Remote Usage
		Usr 0 00:00:00, Sys 0 00:00:00  -  Run Local Usage
		Usr 0 00:02:46, Sys 0 00:00:18  -  Total Remote Usage
		Usr 0 00:00:00, Sys 0 00:00:00  -  Total Local Usage
	0  -  Run Bytes Sent By Job
	0  -  Run Bytes Received By Job
	0  -  Total Bytes Sent By Job
	0  -  Total Bytes Received By Job
	Partitionable Resources :    Usage  Request Allocated 
	   Cpus                 :     0.88        1         1 
	   Disk (KB)            :     1     3584000   4466103 
	   Memory (MB)          :  3672        4096      4096 

	Job terminated of its own accord at 2021-01-07T11:28:18Z.
...
006 (13901930.009.000) 2021-01-07 12:28:21 Image size of job updated: 7617652
	4436  -  MemoryUsage of job (MB)
	4541912  -  ResidentSetSize of job (KB)
...
005 (13901930.022.000) 2021-01-07 12:28:21 Job terminated.
	(1) Normal termination (return value 0)
		Usr 0 00:02:45, Sys 0 00:00:18  -  Run Remote Usage
		Usr 0 00:00:00, Sys 0 00:00:00  -  Run Local Usage
		Usr 0 00:02:45, Sys 0 00:00:18  -  Total Remote Usage
		Usr 0 00:00:00, Sys 0 00:00:00  -  Total Local Usage
	0  -  Run Bytes Sent By Job
	0  -  Run Bytes Received By Job
	0  -  Total Bytes Sent By Job
	0  -  Total Bytes Received By Job
	Partitionable Resources :    Usage  Request Allocated 
	   Cpus                 :        0        1         1 
	   Disk (KB)            :        1  3584000   4466103 
	   Memory (MB)          :     3800     4096      4096 

	Job terminated of its own accord at 2021-01-07T11:28:20Z.
...
005 (13901930.009.000) 2021-01-07 12:28:22 Job terminated.
	(1) Normal termination (return value 0)
		Usr 0 00:02:46, Sys 0 00:00:19  -  Run Remote Usage
		Usr 0 00:00:00, Sys 0 00:00:00  -  Run Local Usage
		Usr 0 00:02:46, Sys 0 00:00:19  -  Total Remote Usage
		Usr 0 00:00:00, Sys 0 00:00:00  -  Total Local Usage
	0  -  Run Bytes Sent By Job
	0  -  Run Bytes Received By Job
	0  -  Total Bytes Sent By Job
	0  -  Total Bytes Received By Job
	Partitionable Resources :    Usage  Request Allocated 
	   Cpus                 :     0.82        1         1 
	   Disk (KB)            :     1     3584000   4466103 
	   Memory (MB)          :  4436        4096      4096 

	Job terminated of its own accord at 2021-01-07T11:28:20Z.
...
006 (13901930.023.000) 2021-01-07 12:28:25 Image size of job updated: 11067476
	385  -  MemoryUsage of job (MB)
	393612  -  ResidentSetSize of job (KB)
...
005 (13901930.023.000) 2021-01-07 12:28:25 Job terminated.
	(1) Normal termination (return value 0)
		Usr 0 00:02:50, Sys 0 00:00:19  -  Run Remote Usage
		Usr 0 00:00:00, Sys 0 00:00:00  -  Run Local Usage
		Usr 0 00:02:50, Sys 0 00:00:19  -  Total Remote Usage
		Usr 0 00:00:00, Sys 0 00:00:00  -  Total Local Usage
	0  -  Run Bytes Sent By Job
	0  -  Run Bytes Received By Job
	0  -  Total Bytes Sent By Job
	0  -  Total Bytes Received By Job
	Partitionable Resources :    Usage  Request Allocated 
	   Cpus                 :     0.92        1         1 
	   Disk (KB)            :     1     3584000   4466103 
	   Memory (MB)          :   385        4096      4096 

	Job terminated of its own accord at 2021-01-07T11:28:25Z.
...
006 (13901930.010.000) 2021-01-07 12:28:26 Image size of job updated: 12713852
	377  -  MemoryUsage of job (MB)
	385256  -  ResidentSetSize of job (KB)
...
006 (13901930.007.000) 2021-01-07 12:28:26 Image size of job updated: 12693460
	363  -  MemoryUsage of job (MB)
	370764  -  ResidentSetSize of job (KB)
...
006 (13901930.006.000) 2021-01-07 12:28:26 Image size of job updated: 12672192
	464  -  MemoryUsage of job (MB)
	474340  -  ResidentSetSize of job (KB)
...
005 (13901930.010.000) 2021-01-07 12:28:26 Job terminated.
	(1) Normal termination (return value 0)
		Usr 0 00:02:50, Sys 0 00:00:12  -  Run Remote Usage
		Usr 0 00:00:00, Sys 0 00:00:00  -  Run Local Usage
		Usr 0 00:02:50, Sys 0 00:00:12  -  Total Remote Usage
		Usr 0 00:00:00, Sys 0 00:00:00  -  Total Local Usage
	0  -  Run Bytes Sent By Job
	0  -  Run Bytes Received By Job
	0  -  Total Bytes Sent By Job
	0  -  Total Bytes Received By Job
	Partitionable Resources :    Usage  Request Allocated 
	   Cpus                 :     0.80        1         1 
	   Disk (KB)            :     1     3584000   4410208 
	   Memory (MB)          :   377        4096      4096 

	Job terminated of its own accord at 2021-01-07T11:28:26Z.
...
005 (13901930.007.000) 2021-01-07 12:28:26 Job terminated.
	(1) Normal termination (return value 0)
		Usr 0 00:02:50, Sys 0 00:00:14  -  Run Remote Usage
		Usr 0 00:00:00, Sys 0 00:00:00  -  Run Local Usage
		Usr 0 00:02:50, Sys 0 00:00:14  -  Total Remote Usage
		Usr 0 00:00:00, Sys 0 00:00:00  -  Total Local Usage
	0  -  Run Bytes Sent By Job
	0  -  Run Bytes Received By Job
	0  -  Total Bytes Sent By Job
	0  -  Total Bytes Received By Job
	Partitionable Resources :    Usage  Request Allocated 
	   Cpus                 :     0.81        1         1 
	   Disk (KB)            :     1     3584000   4410208 
	   Memory (MB)          :   363        4096      4096 

	Job terminated of its own accord at 2021-01-07T11:28:26Z.
...
005 (13901930.006.000) 2021-01-07 12:28:26 Job terminated.
	(1) Normal termination (return value 0)
		Usr 0 00:02:52, Sys 0 00:00:13  -  Run Remote Usage
		Usr 0 00:00:00, Sys 0 00:00:00  -  Run Local Usage
		Usr 0 00:02:52, Sys 0 00:00:13  -  Total Remote Usage
		Usr 0 00:00:00, Sys 0 00:00:00  -  Total Local Usage
	0  -  Run Bytes Sent By Job
	0  -  Run Bytes Received By Job
	0  -  Total Bytes Sent By Job
	0  -  Total Bytes Received By Job
	Partitionable Resources :    Usage  Request Allocated 
	   Cpus                 :     0.81        1         1 
	   Disk (KB)            :     1     3584000   4410208 
	   Memory (MB)          :   464        4096      4096 

	Job terminated of its own accord at 2021-01-07T11:28:26Z.
...
006 (13901930.020.000) 2021-01-07 12:28:29 Image size of job updated: 2813644
	382  -  MemoryUsage of job (MB)
	390148  -  ResidentSetSize of job (KB)
...
005 (13901930.013.000) 2021-01-07 12:28:29 Job terminated.
	(1) Normal termination (return value 0)
		Usr 0 00:02:51, Sys 0 00:00:12  -  Run Remote Usage
		Usr 0 00:00:00, Sys 0 00:00:00  -  Run Local Usage
		Usr 0 00:02:51, Sys 0 00:00:12  -  Total Remote Usage
		Usr 0 00:00:00, Sys 0 00:00:00  -  Total Local Usage
	0  -  Run Bytes Sent By Job
	0  -  Run Bytes Received By Job
	0  -  Total Bytes Sent By Job
	0  -  Total Bytes Received By Job
	Partitionable Resources :    Usage  Request Allocated 
	   Cpus                 :     0.87        1         1 
	   Disk (KB)            :     1     3584000   4410208 
	   Memory (MB)          :   368        4096      4096 

	Job terminated of its own accord at 2021-01-07T11:28:26Z.
...
005 (13901930.020.000) 2021-01-07 12:28:29 Job terminated.
	(1) Normal termination (return value 0)
		Usr 0 00:02:54, Sys 0 00:00:12  -  Run Remote Usage
		Usr 0 00:00:00, Sys 0 00:00:00  -  Run Local Usage
		Usr 0 00:02:54, Sys 0 00:00:12  -  Total Remote Usage
		Usr 0 00:00:00, Sys 0 00:00:00  -  Total Local Usage
	0  -  Run Bytes Sent By Job
	0  -  Run Bytes Received By Job
	0  -  Total Bytes Sent By Job
	0  -  Total Bytes Received By Job
	Partitionable Resources :    Usage  Request Allocated 
	   Cpus                 :     0.80        1         1 
	   Disk (KB)            :     1     3584000   4410208 
	   Memory (MB)          :   382        4096      4096 

	Job terminated of its own accord at 2021-01-07T11:28:29Z.
...
006 (13901930.021.000) 2021-01-07 12:29:00 Image size of job updated: 10980364
	1  -  MemoryUsage of job (MB)
	740  -  ResidentSetSize of job (KB)
...
006 (13901930.019.000) 2021-01-07 12:29:00 Image size of job updated: 10930816
	1  -  MemoryUsage of job (MB)
	736  -  ResidentSetSize of job (KB)
...
006 (13901930.018.000) 2021-01-07 12:29:00 Image size of job updated: 10952684
	1  -  MemoryUsage of job (MB)
	740  -  ResidentSetSize of job (KB)
...
005 (13901930.021.000) 2021-01-07 12:29:00 Job terminated.
	(1) Normal termination (return value 0)
		Usr 0 00:02:44, Sys 0 00:00:08  -  Run Remote Usage
		Usr 0 00:00:00, Sys 0 00:00:00  -  Run Local Usage
		Usr 0 00:02:44, Sys 0 00:00:08  -  Total Remote Usage
		Usr 0 00:00:00, Sys 0 00:00:00  -  Total Local Usage
	0  -  Run Bytes Sent By Job
	0  -  Run Bytes Received By Job
	0  -  Total Bytes Sent By Job
	0  -  Total Bytes Received By Job
	Partitionable Resources :    Usage  Request Allocated 
	   Cpus                 :     0.74        1         1 
	   Disk (KB)            :     1     3584000   4807082 
	   Memory (MB)          :     1        4096      4096 

	Job terminated of its own accord at 2021-01-07T11:29:00Z.
...
005 (13901930.019.000) 2021-01-07 12:29:00 Job terminated.
	(1) Normal termination (return value 0)
		Usr 0 00:02:43, Sys 0 00:00:08  -  Run Remote Usage
		Usr 0 00:00:00, Sys 0 00:00:00  -  Run Local Usage
		Usr 0 00:02:43, Sys 0 00:00:08  -  Total Remote Usage
		Usr 0 00:00:00, Sys 0 00:00:00  -  Total Local Usage
	0  -  Run Bytes Sent By Job
	0  -  Run Bytes Received By Job
	0  -  Total Bytes Sent By Job
	0  -  Total Bytes Received By Job
	Partitionable Resources :    Usage  Request Allocated 
	   Cpus                 :     0.74        1         1 
	   Disk (KB)            :     1     3584000   4807082 
	   Memory (MB)          :     1        4096      4096 

	Job terminated of its own accord at 2021-01-07T11:29:00Z.
...
005 (13901930.018.000) 2021-01-07 12:29:00 Job terminated.
	(1) Normal termination (return value 0)
		Usr 0 00:02:44, Sys 0 00:00:08  -  Run Remote Usage
		Usr 0 00:00:00, Sys 0 00:00:00  -  Run Local Usage
		Usr 0 00:02:44, Sys 0 00:00:08  -  Total Remote Usage
		Usr 0 00:00:00, Sys 0 00:00:00  -  Total Local Usage
	0  -  Run Bytes Sent By Job
	0  -  Run Bytes Received By Job
	0  -  Total Bytes Sent By Job
	0  -  Total Bytes Received By Job
	Partitionable Resources :    Usage  Request Allocated 
	   Cpus                 :     0.74        1         1 
	   Disk (KB)            :     1     3584000   4807082 
	   Memory (MB)          :     1        4096      4096 

	Job terminated of its own accord at 2021-01-07T11:29:00Z.
...
006 (13901930.015.000) 2021-01-07 12:29:02 Image size of job updated: 12720984
	1  -  MemoryUsage of job (MB)
	736  -  ResidentSetSize of job (KB)
...
006 (13901930.014.000) 2021-01-07 12:29:02 Image size of job updated: 12726732
	1  -  MemoryUsage of job (MB)
	740  -  ResidentSetSize of job (KB)
...
005 (13901930.015.000) 2021-01-07 12:29:02 Job terminated.
	(1) Normal termination (return value 0)
		Usr 0 00:02:45, Sys 0 00:00:08  -  Run Remote Usage
		Usr 0 00:00:00, Sys 0 00:00:00  -  Run Local Usage
		Usr 0 00:02:45, Sys 0 00:00:08  -  Total Remote Usage
		Usr 0 00:00:00, Sys 0 00:00:00  -  Total Local Usage
	0  -  Run Bytes Sent By Job
	0  -  Run Bytes Received By Job
	0  -  Total Bytes Sent By Job
	0  -  Total Bytes Received By Job
	Partitionable Resources :    Usage  Request Allocated 
	   Cpus                 :     0.74        1         1 
	   Disk (KB)            :     1     3584000   4807082 
	   Memory (MB)          :     1        4096      4096 

	Job terminated of its own accord at 2021-01-07T11:29:01Z.
...
005 (13901930.014.000) 2021-01-07 12:29:02 Job terminated.
	(1) Normal termination (return value 0)
		Usr 0 00:02:44, Sys 0 00:00:08  -  Run Remote Usage
		Usr 0 00:00:00, Sys 0 00:00:00  -  Run Local Usage
		Usr 0 00:02:44, Sys 0 00:00:08  -  Total Remote Usage
		Usr 0 00:00:00, Sys 0 00:00:00  -  Total Local Usage
	0  -  Run Bytes Sent By Job
	0  -  Run Bytes Received By Job
	0  -  Total Bytes Sent By Job
	0  -  Total Bytes Received By Job
	Partitionable Resources :    Usage  Request Allocated 
	   Cpus                 :     0.74        1         1 
	   Disk (KB)            :     1     3584000   4807082 
	   Memory (MB)          :     1        4096      4096 

	Job terminated of its own accord at 2021-01-07T11:29:01Z.
...
006 (13901930.016.000) 2021-01-07 12:29:03 Image size of job updated: 9737396
	1  -  MemoryUsage of job (MB)
	732  -  ResidentSetSize of job (KB)
...
006 (13901930.017.000) 2021-01-07 12:29:03 Image size of job updated: 12698692
	1  -  MemoryUsage of job (MB)
	728  -  ResidentSetSize of job (KB)
...
005 (13901930.016.000) 2021-01-07 12:29:03 Job terminated.
	(1) Normal termination (return value 0)
		Usr 0 00:02:46, Sys 0 00:00:08  -  Run Remote Usage
		Usr 0 00:00:00, Sys 0 00:00:00  -  Run Local Usage
		Usr 0 00:02:46, Sys 0 00:00:08  -  Total Remote Usage
		Usr 0 00:00:00, Sys 0 00:00:00  -  Total Local Usage
	0  -  Run Bytes Sent By Job
	0  -  Run Bytes Received By Job
	0  -  Total Bytes Sent By Job
	0  -  Total Bytes Received By Job
	Partitionable Resources :    Usage  Request Allocated 
	   Cpus                 :     0.79        1         1 
	   Disk (KB)            :     1     3584000   4807082 
	   Memory (MB)          :     1        4096      4096 

	Job terminated of its own accord at 2021-01-07T11:29:03Z.
...
005 (13901930.017.000) 2021-01-07 12:29:03 Job terminated.
	(1) Normal termination (return value 0)
		Usr 0 00:02:46, Sys 0 00:00:09  -  Run Remote Usage
		Usr 0 00:00:00, Sys 0 00:00:00  -  Run Local Usage
		Usr 0 00:02:46, Sys 0 00:00:09  -  Total Remote Usage
		Usr 0 00:00:00, Sys 0 00:00:00  -  Total Local Usage
	0  -  Run Bytes Sent By Job
	0  -  Run Bytes Received By Job
	0  -  Total Bytes Sent By Job
	0  -  Total Bytes Received By Job
	Partitionable Resources :    Usage  Request Allocated 
	   Cpus                 :     0.85        1         1 
	   Disk (KB)            :     1     3584000   4807082 
	   Memory (MB)          :     1        4096      4096 

	Job terminated of its own accord at 2021-01-07T11:29:03Z.
...
006 (13901930.004.000) 2021-01-07 12:29:23 Image size of job updated: 11094948
	197  -  MemoryUsage of job (MB)
	201604  -  ResidentSetSize of job (KB)
...
005 (13901930.004.000) 2021-01-07 12:29:23 Job terminated.
	(1) Normal termination (return value 0)
		Usr 0 00:03:48, Sys 0 00:00:19  -  Run Remote Usage
		Usr 0 00:00:00, Sys 0 00:00:00  -  Run Local Usage
		Usr 0 00:03:48, Sys 0 00:00:19  -  Total Remote Usage
		Usr 0 00:00:00, Sys 0 00:00:00  -  Total Local Usage
	0  -  Run Bytes Sent By Job
	0  -  Run Bytes Received By Job
	0  -  Total Bytes Sent By Job
	0  -  Total Bytes Received By Job
	Partitionable Resources :    Usage  Request Allocated 
	   Cpus                 :     0.88        1         1 
	   Disk (KB)            :     1     3584000   4304235 
	   Memory (MB)          :   197        4096      4096 

	Job terminated of its own accord at 2021-01-07T11:29:23Z.
...
006 (13901930.008.000) 2021-01-07 12:29:35 Image size of job updated: 10622748
	10373  -  MemoryUsage of job (MB)
	10621532  -  ResidentSetSize of job (KB)
...
006 (13901930.011.000) 2021-01-07 12:29:36 Image size of job updated: 257716
	217  -  MemoryUsage of job (MB)
	222032  -  ResidentSetSize of job (KB)
...
005 (13901930.011.000) 2021-01-07 12:29:36 Job terminated.
	(1) Normal termination (return value 0)
		Usr 0 00:04:00, Sys 0 00:00:21  -  Run Remote Usage
		Usr 0 00:00:00, Sys 0 00:00:00  -  Run Local Usage
		Usr 0 00:04:00, Sys 0 00:00:21  -  Total Remote Usage
		Usr 0 00:00:00, Sys 0 00:00:00  -  Total Local Usage
	0  -  Run Bytes Sent By Job
	0  -  Run Bytes Received By Job
	0  -  Total Bytes Sent By Job
	0  -  Total Bytes Received By Job
	Partitionable Resources :    Usage  Request Allocated 
	   Cpus                 :     0.64        1         1 
	   Disk (KB)            :     1     3584000   4304235 
	   Memory (MB)          :   217        4096      4096 

	Job terminated of its own accord at 2021-01-07T11:29:36Z.
...
006 (13901930.008.000) 2021-01-07 12:29:52 Image size of job updated: 11072800
	10373  -  MemoryUsage of job (MB)
	10621532  -  ResidentSetSize of job (KB)
...
005 (13901930.008.000) 2021-01-07 12:29:52 Job terminated.
	(1) Normal termination (return value 0)
		Usr 0 00:04:15, Sys 0 00:00:23  -  Run Remote Usage
		Usr 0 00:00:00, Sys 0 00:00:00  -  Run Local Usage
		Usr 0 00:04:15, Sys 0 00:00:23  -  Total Remote Usage
		Usr 0 00:00:00, Sys 0 00:00:00  -  Total Local Usage
	0  -  Run Bytes Sent By Job
	0  -  Run Bytes Received By Job
	0  -  Total Bytes Sent By Job
	0  -  Total Bytes Received By Job
	Partitionable Resources :    Usage  Request Allocated 
	   Cpus                 :     0.93        1         1 
	   Disk (KB)            :     1     3584000   4304235 
	   Memory (MB)          : 10373        4096      4096 

	Job terminated of its own accord at 2021-01-07T11:29:52Z.
...
