000 (13901886.000.000) 2021-01-07 12:19:33 Job submitted from host: <131.169.223.42:9618?addrs=131.169.223.42-9618+[2001-638-700-10df--1-2a]-9618&alias=bird-htc-sched14.desy.de&noUDP&sock=schedd_1936_8371_3>
...
000 (13901886.001.000) 2021-01-07 12:19:33 Job submitted from host: <131.169.223.42:9618?addrs=131.169.223.42-9618+[2001-638-700-10df--1-2a]-9618&alias=bird-htc-sched14.desy.de&noUDP&sock=schedd_1936_8371_3>
...
000 (13901886.002.000) 2021-01-07 12:19:33 Job submitted from host: <131.169.223.42:9618?addrs=131.169.223.42-9618+[2001-638-700-10df--1-2a]-9618&alias=bird-htc-sched14.desy.de&noUDP&sock=schedd_1936_8371_3>
...
000 (13901886.003.000) 2021-01-07 12:19:33 Job submitted from host: <131.169.223.42:9618?addrs=131.169.223.42-9618+[2001-638-700-10df--1-2a]-9618&alias=bird-htc-sched14.desy.de&noUDP&sock=schedd_1936_8371_3>
...
000 (13901886.004.000) 2021-01-07 12:19:33 Job submitted from host: <131.169.223.42:9618?addrs=131.169.223.42-9618+[2001-638-700-10df--1-2a]-9618&alias=bird-htc-sched14.desy.de&noUDP&sock=schedd_1936_8371_3>
...
000 (13901886.005.000) 2021-01-07 12:19:33 Job submitted from host: <131.169.223.42:9618?addrs=131.169.223.42-9618+[2001-638-700-10df--1-2a]-9618&alias=bird-htc-sched14.desy.de&noUDP&sock=schedd_1936_8371_3>
...
000 (13901886.006.000) 2021-01-07 12:19:33 Job submitted from host: <131.169.223.42:9618?addrs=131.169.223.42-9618+[2001-638-700-10df--1-2a]-9618&alias=bird-htc-sched14.desy.de&noUDP&sock=schedd_1936_8371_3>
...
000 (13901886.007.000) 2021-01-07 12:19:33 Job submitted from host: <131.169.223.42:9618?addrs=131.169.223.42-9618+[2001-638-700-10df--1-2a]-9618&alias=bird-htc-sched14.desy.de&noUDP&sock=schedd_1936_8371_3>
...
000 (13901886.008.000) 2021-01-07 12:19:33 Job submitted from host: <131.169.223.42:9618?addrs=131.169.223.42-9618+[2001-638-700-10df--1-2a]-9618&alias=bird-htc-sched14.desy.de&noUDP&sock=schedd_1936_8371_3>
...
000 (13901886.009.000) 2021-01-07 12:19:33 Job submitted from host: <131.169.223.42:9618?addrs=131.169.223.42-9618+[2001-638-700-10df--1-2a]-9618&alias=bird-htc-sched14.desy.de&noUDP&sock=schedd_1936_8371_3>
...
000 (13901886.010.000) 2021-01-07 12:19:33 Job submitted from host: <131.169.223.42:9618?addrs=131.169.223.42-9618+[2001-638-700-10df--1-2a]-9618&alias=bird-htc-sched14.desy.de&noUDP&sock=schedd_1936_8371_3>
...
000 (13901886.011.000) 2021-01-07 12:19:33 Job submitted from host: <131.169.223.42:9618?addrs=131.169.223.42-9618+[2001-638-700-10df--1-2a]-9618&alias=bird-htc-sched14.desy.de&noUDP&sock=schedd_1936_8371_3>
...
000 (13901886.012.000) 2021-01-07 12:19:33 Job submitted from host: <131.169.223.42:9618?addrs=131.169.223.42-9618+[2001-638-700-10df--1-2a]-9618&alias=bird-htc-sched14.desy.de&noUDP&sock=schedd_1936_8371_3>
...
000 (13901886.013.000) 2021-01-07 12:19:33 Job submitted from host: <131.169.223.42:9618?addrs=131.169.223.42-9618+[2001-638-700-10df--1-2a]-9618&alias=bird-htc-sched14.desy.de&noUDP&sock=schedd_1936_8371_3>
...
000 (13901886.014.000) 2021-01-07 12:19:33 Job submitted from host: <131.169.223.42:9618?addrs=131.169.223.42-9618+[2001-638-700-10df--1-2a]-9618&alias=bird-htc-sched14.desy.de&noUDP&sock=schedd_1936_8371_3>
...
000 (13901886.015.000) 2021-01-07 12:19:33 Job submitted from host: <131.169.223.42:9618?addrs=131.169.223.42-9618+[2001-638-700-10df--1-2a]-9618&alias=bird-htc-sched14.desy.de&noUDP&sock=schedd_1936_8371_3>
...
000 (13901886.016.000) 2021-01-07 12:19:33 Job submitted from host: <131.169.223.42:9618?addrs=131.169.223.42-9618+[2001-638-700-10df--1-2a]-9618&alias=bird-htc-sched14.desy.de&noUDP&sock=schedd_1936_8371_3>
...
000 (13901886.017.000) 2021-01-07 12:19:33 Job submitted from host: <131.169.223.42:9618?addrs=131.169.223.42-9618+[2001-638-700-10df--1-2a]-9618&alias=bird-htc-sched14.desy.de&noUDP&sock=schedd_1936_8371_3>
...
000 (13901886.018.000) 2021-01-07 12:19:33 Job submitted from host: <131.169.223.42:9618?addrs=131.169.223.42-9618+[2001-638-700-10df--1-2a]-9618&alias=bird-htc-sched14.desy.de&noUDP&sock=schedd_1936_8371_3>
...
000 (13901886.019.000) 2021-01-07 12:19:33 Job submitted from host: <131.169.223.42:9618?addrs=131.169.223.42-9618+[2001-638-700-10df--1-2a]-9618&alias=bird-htc-sched14.desy.de&noUDP&sock=schedd_1936_8371_3>
...
000 (13901886.020.000) 2021-01-07 12:19:33 Job submitted from host: <131.169.223.42:9618?addrs=131.169.223.42-9618+[2001-638-700-10df--1-2a]-9618&alias=bird-htc-sched14.desy.de&noUDP&sock=schedd_1936_8371_3>
...
000 (13901886.021.000) 2021-01-07 12:19:33 Job submitted from host: <131.169.223.42:9618?addrs=131.169.223.42-9618+[2001-638-700-10df--1-2a]-9618&alias=bird-htc-sched14.desy.de&noUDP&sock=schedd_1936_8371_3>
...
000 (13901886.022.000) 2021-01-07 12:19:33 Job submitted from host: <131.169.223.42:9618?addrs=131.169.223.42-9618+[2001-638-700-10df--1-2a]-9618&alias=bird-htc-sched14.desy.de&noUDP&sock=schedd_1936_8371_3>
...
000 (13901886.023.000) 2021-01-07 12:19:33 Job submitted from host: <131.169.223.42:9618?addrs=131.169.223.42-9618+[2001-638-700-10df--1-2a]-9618&alias=bird-htc-sched14.desy.de&noUDP&sock=schedd_1936_8371_3>
...
000 (13901886.024.000) 2021-01-07 12:19:33 Job submitted from host: <131.169.223.42:9618?addrs=131.169.223.42-9618+[2001-638-700-10df--1-2a]-9618&alias=bird-htc-sched14.desy.de&noUDP&sock=schedd_1936_8371_3>
...
001 (13901886.001.000) 2021-01-07 12:20:28 Job executing on host: <131.169.163.107:45568?addrs=131.169.163.107-45568&alias=bird668.desy.de>
...
001 (13901886.002.000) 2021-01-07 12:20:28 Job executing on host: <131.169.164.22:40895?addrs=131.169.164.22-40895&alias=bird822.desy.de>
...
001 (13901886.000.000) 2021-01-07 12:20:28 Job executing on host: <131.169.77.222:33616?addrs=131.169.77.222-33616&alias=bird776.desy.de>
...
001 (13901886.004.000) 2021-01-07 12:20:28 Job executing on host: <131.169.77.208:42426?addrs=131.169.77.208-42426&alias=bird762.desy.de>
...
001 (13901886.003.000) 2021-01-07 12:20:28 Job executing on host: <131.169.77.211:39631?addrs=131.169.77.211-39631&alias=bird765.desy.de>
...
001 (13901886.005.000) 2021-01-07 12:20:28 Job executing on host: <131.169.163.139:45696?addrs=131.169.163.139-45696&alias=bird700.desy.de>
...
001 (13901886.007.000) 2021-01-07 12:20:28 Job executing on host: <131.169.163.119:41442?addrs=131.169.163.119-41442&alias=bird680.desy.de>
...
001 (13901886.008.000) 2021-01-07 12:20:28 Job executing on host: <131.169.163.107:45568?addrs=131.169.163.107-45568&alias=bird668.desy.de>
...
001 (13901886.006.000) 2021-01-07 12:20:28 Job executing on host: <131.169.164.11:35600?addrs=131.169.164.11-35600&alias=bird811.desy.de>
...
001 (13901886.010.000) 2021-01-07 12:20:28 Job executing on host: <131.169.77.211:39631?addrs=131.169.77.211-39631&alias=bird765.desy.de>
...
001 (13901886.011.000) 2021-01-07 12:20:28 Job executing on host: <131.169.163.119:41442?addrs=131.169.163.119-41442&alias=bird680.desy.de>
...
001 (13901886.009.000) 2021-01-07 12:20:28 Job executing on host: <131.169.77.222:33616?addrs=131.169.77.222-33616&alias=bird776.desy.de>
...
001 (13901886.013.000) 2021-01-07 12:20:28 Job executing on host: <131.169.163.119:41442?addrs=131.169.163.119-41442&alias=bird680.desy.de>
...
001 (13901886.012.000) 2021-01-07 12:20:28 Job executing on host: <131.169.77.222:33616?addrs=131.169.77.222-33616&alias=bird776.desy.de>
...
006 (13901886.001.000) 2021-01-07 12:20:37 Image size of job updated: 363364
	332  -  MemoryUsage of job (MB)
	339128  -  ResidentSetSize of job (KB)
...
006 (13901886.002.000) 2021-01-07 12:20:37 Image size of job updated: 383328
	358  -  MemoryUsage of job (MB)
	366408  -  ResidentSetSize of job (KB)
...
006 (13901886.000.000) 2021-01-07 12:20:37 Image size of job updated: 332680
	320  -  MemoryUsage of job (MB)
	327108  -  ResidentSetSize of job (KB)
...
006 (13901886.004.000) 2021-01-07 12:20:37 Image size of job updated: 369836
	349  -  MemoryUsage of job (MB)
	357112  -  ResidentSetSize of job (KB)
...
006 (13901886.003.000) 2021-01-07 12:20:37 Image size of job updated: 429404
	376  -  MemoryUsage of job (MB)
	384796  -  ResidentSetSize of job (KB)
...
006 (13901886.005.000) 2021-01-07 12:20:37 Image size of job updated: 408180
	378  -  MemoryUsage of job (MB)
	386140  -  ResidentSetSize of job (KB)
...
006 (13901886.007.000) 2021-01-07 12:20:37 Image size of job updated: 401984
	372  -  MemoryUsage of job (MB)
	380800  -  ResidentSetSize of job (KB)
...
006 (13901886.008.000) 2021-01-07 12:20:37 Image size of job updated: 360792
	338  -  MemoryUsage of job (MB)
	345840  -  ResidentSetSize of job (KB)
...
006 (13901886.006.000) 2021-01-07 12:20:37 Image size of job updated: 418212
	369  -  MemoryUsage of job (MB)
	377568  -  ResidentSetSize of job (KB)
...
006 (13901886.010.000) 2021-01-07 12:20:37 Image size of job updated: 399920
	378  -  MemoryUsage of job (MB)
	386736  -  ResidentSetSize of job (KB)
...
006 (13901886.011.000) 2021-01-07 12:20:37 Image size of job updated: 394888
	370  -  MemoryUsage of job (MB)
	378404  -  ResidentSetSize of job (KB)
...
006 (13901886.009.000) 2021-01-07 12:20:37 Image size of job updated: 371848
	328  -  MemoryUsage of job (MB)
	335816  -  ResidentSetSize of job (KB)
...
006 (13901886.013.000) 2021-01-07 12:20:37 Image size of job updated: 389004
	370  -  MemoryUsage of job (MB)
	378656  -  ResidentSetSize of job (KB)
...
006 (13901886.012.000) 2021-01-07 12:20:37 Image size of job updated: 357148
	335  -  MemoryUsage of job (MB)
	342540  -  ResidentSetSize of job (KB)
...
001 (13901886.016.000) 2021-01-07 12:20:59 Job executing on host: <131.169.160.177:38717?addrs=131.169.160.177-38717&alias=batch1179.desy.de>
...
001 (13901886.017.000) 2021-01-07 12:20:59 Job executing on host: <131.169.160.177:38717?addrs=131.169.160.177-38717&alias=batch1179.desy.de>
...
001 (13901886.018.000) 2021-01-07 12:21:02 Job executing on host: <131.169.162.171:35353?addrs=131.169.162.171-35353&alias=batch1171.desy.de>
...
001 (13901886.019.000) 2021-01-07 12:21:02 Job executing on host: <131.169.162.171:35353?addrs=131.169.162.171-35353&alias=batch1171.desy.de>
...
001 (13901886.015.000) 2021-01-07 12:21:03 Job executing on host: <131.169.164.22:40895?addrs=131.169.164.22-40895&alias=bird822.desy.de>
...
001 (13901886.020.000) 2021-01-07 12:21:04 Job executing on host: <131.169.163.120:41262?addrs=131.169.163.120-41262&alias=bird681.desy.de>
...
001 (13901886.014.000) 2021-01-07 12:21:04 Job executing on host: <131.169.77.59:39263?addrs=131.169.77.59-39263&alias=bird577.desy.de>
...
001 (13901886.021.000) 2021-01-07 12:21:04 Job executing on host: <131.169.164.55:35221?addrs=131.169.164.55-35221&alias=bird855.desy.de>
...
001 (13901886.023.000) 2021-01-07 12:21:04 Job executing on host: <131.169.77.42:37955?addrs=131.169.77.42-37955&alias=bird560.desy.de>
...
001 (13901886.024.000) 2021-01-07 12:21:04 Job executing on host: <131.169.77.31:43783?addrs=131.169.77.31-43783&alias=bird549.desy.de>
...
001 (13901886.022.000) 2021-01-07 12:21:04 Job executing on host: <131.169.77.33:42882?addrs=131.169.77.33-42882&alias=bird551.desy.de>
...
006 (13901886.016.000) 2021-01-07 12:21:07 Image size of job updated: 614908
	556  -  MemoryUsage of job (MB)
	568976  -  ResidentSetSize of job (KB)
...
006 (13901886.017.000) 2021-01-07 12:21:07 Image size of job updated: 608920
	557  -  MemoryUsage of job (MB)
	570140  -  ResidentSetSize of job (KB)
...
006 (13901886.018.000) 2021-01-07 12:21:10 Image size of job updated: 545132
	492  -  MemoryUsage of job (MB)
	503732  -  ResidentSetSize of job (KB)
...
006 (13901886.015.000) 2021-01-07 12:21:11 Image size of job updated: 394532
	346  -  MemoryUsage of job (MB)
	354260  -  ResidentSetSize of job (KB)
...
006 (13901886.019.000) 2021-01-07 12:21:11 Image size of job updated: 609844
	556  -  MemoryUsage of job (MB)
	569244  -  ResidentSetSize of job (KB)
...
006 (13901886.020.000) 2021-01-07 12:21:13 Image size of job updated: 427920
	333  -  MemoryUsage of job (MB)
	340624  -  ResidentSetSize of job (KB)
...
006 (13901886.014.000) 2021-01-07 12:21:13 Image size of job updated: 336368
	276  -  MemoryUsage of job (MB)
	281812  -  ResidentSetSize of job (KB)
...
006 (13901886.021.000) 2021-01-07 12:21:13 Image size of job updated: 338104
	281  -  MemoryUsage of job (MB)
	287512  -  ResidentSetSize of job (KB)
...
006 (13901886.023.000) 2021-01-07 12:21:13 Image size of job updated: 216204
	194  -  MemoryUsage of job (MB)
	198616  -  ResidentSetSize of job (KB)
...
006 (13901886.024.000) 2021-01-07 12:21:13 Image size of job updated: 235656
	211  -  MemoryUsage of job (MB)
	215540  -  ResidentSetSize of job (KB)
...
006 (13901886.022.000) 2021-01-07 12:21:13 Image size of job updated: 311700
	250  -  MemoryUsage of job (MB)
	255684  -  ResidentSetSize of job (KB)
...
006 (13901886.017.000) 2021-01-07 12:24:13 Image size of job updated: 11294936
	557  -  MemoryUsage of job (MB)
	570164  -  ResidentSetSize of job (KB)
...
006 (13901886.016.000) 2021-01-07 12:24:13 Image size of job updated: 11275544
	556  -  MemoryUsage of job (MB)
	569120  -  ResidentSetSize of job (KB)
...
005 (13901886.017.000) 2021-01-07 12:24:13 Job terminated.
	(1) Normal termination (return value 0)
		Usr 0 00:02:43, Sys 0 00:00:08  -  Run Remote Usage
		Usr 0 00:00:00, Sys 0 00:00:00  -  Run Local Usage
		Usr 0 00:02:43, Sys 0 00:00:08  -  Total Remote Usage
		Usr 0 00:00:00, Sys 0 00:00:00  -  Total Local Usage
	0  -  Run Bytes Sent By Job
	0  -  Run Bytes Received By Job
	0  -  Total Bytes Sent By Job
	0  -  Total Bytes Received By Job
	Partitionable Resources :    Usage  Request Allocated 
	   Cpus                 :     0.82        1         1 
	   Disk (KB)            :     1     3584000   4466998 
	   Memory (MB)          :   557        4096      4096 

	Job terminated of its own accord at 2021-01-07T11:24:13Z.
...
005 (13901886.016.000) 2021-01-07 12:24:13 Job terminated.
	(1) Normal termination (return value 0)
		Usr 0 00:02:44, Sys 0 00:00:09  -  Run Remote Usage
		Usr 0 00:00:00, Sys 0 00:00:00  -  Run Local Usage
		Usr 0 00:02:44, Sys 0 00:00:09  -  Total Remote Usage
		Usr 0 00:00:00, Sys 0 00:00:00  -  Total Local Usage
	0  -  Run Bytes Sent By Job
	0  -  Run Bytes Received By Job
	0  -  Total Bytes Sent By Job
	0  -  Total Bytes Received By Job
	Partitionable Resources :    Usage  Request Allocated 
	   Cpus                 :     0.84        1         1 
	   Disk (KB)            :     1     3584000   4466998 
	   Memory (MB)          :   556        4096      4096 

	Job terminated of its own accord at 2021-01-07T11:24:13Z.
...
006 (13901886.018.000) 2021-01-07 12:24:24 Image size of job updated: 11264068
	493  -  MemoryUsage of job (MB)
	503884  -  ResidentSetSize of job (KB)
...
006 (13901886.019.000) 2021-01-07 12:24:24 Image size of job updated: 11195136
	556  -  MemoryUsage of job (MB)
	569308  -  ResidentSetSize of job (KB)
...
005 (13901886.018.000) 2021-01-07 12:24:24 Job terminated.
	(1) Normal termination (return value 0)
		Usr 0 00:02:47, Sys 0 00:00:08  -  Run Remote Usage
		Usr 0 00:00:00, Sys 0 00:00:00  -  Run Local Usage
		Usr 0 00:02:47, Sys 0 00:00:08  -  Total Remote Usage
		Usr 0 00:00:00, Sys 0 00:00:00  -  Total Local Usage
	0  -  Run Bytes Sent By Job
	0  -  Run Bytes Received By Job
	0  -  Total Bytes Sent By Job
	0  -  Total Bytes Received By Job
	Partitionable Resources :    Usage  Request Allocated 
	   Cpus                 :     0.87        1         1 
	   Disk (KB)            :     1     3584000   4407453 
	   Memory (MB)          :   493        4096      4096 

	Job terminated of its own accord at 2021-01-07T11:24:24Z.
...
005 (13901886.019.000) 2021-01-07 12:24:25 Job terminated.
	(1) Normal termination (return value 0)
		Usr 0 00:02:47, Sys 0 00:00:09  -  Run Remote Usage
		Usr 0 00:00:00, Sys 0 00:00:00  -  Run Local Usage
		Usr 0 00:02:47, Sys 0 00:00:09  -  Total Remote Usage
		Usr 0 00:00:00, Sys 0 00:00:00  -  Total Local Usage
	0  -  Run Bytes Sent By Job
	0  -  Run Bytes Received By Job
	0  -  Total Bytes Sent By Job
	0  -  Total Bytes Received By Job
	Partitionable Resources :    Usage  Request Allocated 
	   Cpus                 :     0.88        1         1 
	   Disk (KB)            :     1     3584000   4407453 
	   Memory (MB)          :   556        4096      4096 

	Job terminated of its own accord at 2021-01-07T11:24:24Z.
...
006 (13901886.001.000) 2021-01-07 12:25:36 Image size of job updated: 363364
	332  -  MemoryUsage of job (MB)
	339136  -  ResidentSetSize of job (KB)
...
005 (13901886.001.000) 2021-01-07 12:25:36 Job terminated.
	(1) Normal termination (return value 0)
		Usr 0 00:04:00, Sys 0 00:00:17  -  Run Remote Usage
		Usr 0 00:00:00, Sys 0 00:00:00  -  Run Local Usage
		Usr 0 00:04:00, Sys 0 00:00:17  -  Total Remote Usage
		Usr 0 00:00:00, Sys 0 00:00:00  -  Total Local Usage
	0  -  Run Bytes Sent By Job
	0  -  Run Bytes Received By Job
	0  -  Total Bytes Sent By Job
	0  -  Total Bytes Received By Job
	Partitionable Resources :    Usage  Request Allocated 
	   Cpus                 :     0.83        1         1 
	   Disk (KB)            :     1     3584000   3958079 
	   Memory (MB)          :   332        4096      4096 

	Job terminated of its own accord at 2021-01-07T11:25:36Z.
...
006 (13901886.007.000) 2021-01-07 12:25:38 Image size of job updated: 11173216
	10012  -  MemoryUsage of job (MB)
	10251916  -  ResidentSetSize of job (KB)
...
006 (13901886.005.000) 2021-01-07 12:25:38 Image size of job updated: 10661540
	6228  -  MemoryUsage of job (MB)
	6376976  -  ResidentSetSize of job (KB)
...
006 (13901886.003.000) 2021-01-07 12:25:38 Image size of job updated: 8725676
	7306  -  MemoryUsage of job (MB)
	7480916  -  ResidentSetSize of job (KB)
...
006 (13901886.008.000) 2021-01-07 12:25:38 Image size of job updated: 11316692
	9927  -  MemoryUsage of job (MB)
	10164660  -  ResidentSetSize of job (KB)
...
006 (13901886.006.000) 2021-01-07 12:25:38 Image size of job updated: 11077248
	9730  -  MemoryUsage of job (MB)
	9963204  -  ResidentSetSize of job (KB)
...
006 (13901886.011.000) 2021-01-07 12:25:38 Image size of job updated: 10892636
	10008  -  MemoryUsage of job (MB)
	10247912  -  ResidentSetSize of job (KB)
...
006 (13901886.010.000) 2021-01-07 12:25:38 Image size of job updated: 8110620
	7158  -  MemoryUsage of job (MB)
	7328840  -  ResidentSetSize of job (KB)
...
006 (13901886.013.000) 2021-01-07 12:25:38 Image size of job updated: 11106428
	10004  -  MemoryUsage of job (MB)
	10243284  -  ResidentSetSize of job (KB)
...
006 (13901886.004.000) 2021-01-07 12:25:38 Image size of job updated: 9026024
	7083  -  MemoryUsage of job (MB)
	7252532  -  ResidentSetSize of job (KB)
...
006 (13901886.012.000) 2021-01-07 12:25:38 Image size of job updated: 7848000
	6606  -  MemoryUsage of job (MB)
	6763964  -  ResidentSetSize of job (KB)
...
006 (13901886.009.000) 2021-01-07 12:25:38 Image size of job updated: 8129244
	6658  -  MemoryUsage of job (MB)
	6816892  -  ResidentSetSize of job (KB)
...
006 (13901886.000.000) 2021-01-07 12:25:38 Image size of job updated: 7492708
	6747  -  MemoryUsage of job (MB)
	6908080  -  ResidentSetSize of job (KB)
...
006 (13901886.002.000) 2021-01-07 12:25:38 Image size of job updated: 10181952
	8693  -  MemoryUsage of job (MB)
	8901372  -  ResidentSetSize of job (KB)
...
006 (13901886.008.000) 2021-01-07 12:25:39 Image size of job updated: 11316700
	9927  -  MemoryUsage of job (MB)
	10164668  -  ResidentSetSize of job (KB)
...
005 (13901886.008.000) 2021-01-07 12:25:39 Job terminated.
	(1) Normal termination (return value 0)
		Usr 0 00:04:04, Sys 0 00:00:17  -  Run Remote Usage
		Usr 0 00:00:00, Sys 0 00:00:00  -  Run Local Usage
		Usr 0 00:04:04, Sys 0 00:00:17  -  Total Remote Usage
		Usr 0 00:00:00, Sys 0 00:00:00  -  Total Local Usage
	0  -  Run Bytes Sent By Job
	0  -  Run Bytes Received By Job
	0  -  Total Bytes Sent By Job
	0  -  Total Bytes Received By Job
	Partitionable Resources :    Usage  Request Allocated 
	   Cpus                 :     0.85        1         1 
	   Disk (KB)            :     1     3584000   3958079 
	   Memory (MB)          :  9927        4096      4096 

	Job terminated of its own accord at 2021-01-07T11:25:39Z.
...
006 (13901886.007.000) 2021-01-07 12:25:46 Image size of job updated: 11336252
	10012  -  MemoryUsage of job (MB)
	10251916  -  ResidentSetSize of job (KB)
...
005 (13901886.007.000) 2021-01-07 12:25:46 Job terminated.
	(1) Normal termination (return value 0)
		Usr 0 00:04:04, Sys 0 00:00:21  -  Run Remote Usage
		Usr 0 00:00:00, Sys 0 00:00:00  -  Run Local Usage
		Usr 0 00:04:04, Sys 0 00:00:21  -  Total Remote Usage
		Usr 0 00:00:00, Sys 0 00:00:00  -  Total Local Usage
	0  -  Run Bytes Sent By Job
	0  -  Run Bytes Received By Job
	0  -  Total Bytes Sent By Job
	0  -  Total Bytes Received By Job
	Partitionable Resources :    Usage  Request Allocated 
	   Cpus                 :     0.88        1         1 
	   Disk (KB)            :     1     3584000   3955047 
	   Memory (MB)          : 10012        4096      4096 

	Job terminated of its own accord at 2021-01-07T11:25:46Z.
...
006 (13901886.006.000) 2021-01-07 12:25:48 Image size of job updated: 11077248
	9730  -  MemoryUsage of job (MB)
	9963236  -  ResidentSetSize of job (KB)
...
005 (13901886.006.000) 2021-01-07 12:25:48 Job terminated.
	(1) Normal termination (return value 0)
		Usr 0 00:04:09, Sys 0 00:00:17  -  Run Remote Usage
		Usr 0 00:00:00, Sys 0 00:00:00  -  Run Local Usage
		Usr 0 00:04:09, Sys 0 00:00:17  -  Total Remote Usage
		Usr 0 00:00:00, Sys 0 00:00:00  -  Total Local Usage
	0  -  Run Bytes Sent By Job
	0  -  Run Bytes Received By Job
	0  -  Total Bytes Sent By Job
	0  -  Total Bytes Received By Job
	Partitionable Resources :    Usage  Request Allocated 
	   Cpus                 :     0.92        1         1 
	   Disk (KB)            :     1     3584000   4544386 
	   Memory (MB)          :  9730        4096      4096 

	Job terminated of its own accord at 2021-01-07T11:25:48Z.
...
006 (13901886.011.000) 2021-01-07 12:25:54 Image size of job updated: 10892636
	10008  -  MemoryUsage of job (MB)
	10247988  -  ResidentSetSize of job (KB)
...
005 (13901886.011.000) 2021-01-07 12:25:54 Job terminated.
	(1) Normal termination (return value 0)
		Usr 0 00:04:10, Sys 0 00:00:20  -  Run Remote Usage
		Usr 0 00:00:00, Sys 0 00:00:00  -  Run Local Usage
		Usr 0 00:04:10, Sys 0 00:00:20  -  Total Remote Usage
		Usr 0 00:00:00, Sys 0 00:00:00  -  Total Local Usage
	0  -  Run Bytes Sent By Job
	0  -  Run Bytes Received By Job
	0  -  Total Bytes Sent By Job
	0  -  Total Bytes Received By Job
	Partitionable Resources :    Usage  Request Allocated 
	   Cpus                 :     0.76        1         1 
	   Disk (KB)            :     1     3584000   3955047 
	   Memory (MB)          : 10008        4096      4096 

	Job terminated of its own accord at 2021-01-07T11:25:54Z.
...
006 (13901886.013.000) 2021-01-07 12:25:55 Image size of job updated: 11106428
	10004  -  MemoryUsage of job (MB)
	10243368  -  ResidentSetSize of job (KB)
...
005 (13901886.013.000) 2021-01-07 12:25:56 Job terminated.
	(1) Normal termination (return value 0)
		Usr 0 00:04:07, Sys 0 00:00:22  -  Run Remote Usage
		Usr 0 00:00:00, Sys 0 00:00:00  -  Run Local Usage
		Usr 0 00:04:07, Sys 0 00:00:22  -  Total Remote Usage
		Usr 0 00:00:00, Sys 0 00:00:00  -  Total Local Usage
	0  -  Run Bytes Sent By Job
	0  -  Run Bytes Received By Job
	0  -  Total Bytes Sent By Job
	0  -  Total Bytes Received By Job
	Partitionable Resources :    Usage  Request Allocated 
	   Cpus                 :     0.57        1         1 
	   Disk (KB)            :     1     3584000   3955047 
	   Memory (MB)          : 10004        4096      4096 

	Job terminated of its own accord at 2021-01-07T11:25:55Z.
...
006 (13901886.020.000) 2021-01-07 12:26:01 Image size of job updated: 8029876
	333  -  MemoryUsage of job (MB)
	340656  -  ResidentSetSize of job (KB)
...
005 (13901886.020.000) 2021-01-07 12:26:01 Job terminated.
	(1) Normal termination (return value 0)
		Usr 0 00:04:08, Sys 0 00:00:16  -  Run Remote Usage
		Usr 0 00:00:00, Sys 0 00:00:00  -  Run Local Usage
		Usr 0 00:04:08, Sys 0 00:00:16  -  Total Remote Usage
		Usr 0 00:00:00, Sys 0 00:00:00  -  Total Local Usage
	0  -  Run Bytes Sent By Job
	0  -  Run Bytes Received By Job
	0  -  Total Bytes Sent By Job
	0  -  Total Bytes Received By Job
	Partitionable Resources :    Usage  Request Allocated 
	   Cpus                 :     0.89        1         1 
	   Disk (KB)            :     1     3584000   3950929 
	   Memory (MB)          :   333        4096      4096 

	Job terminated of its own accord at 2021-01-07T11:26:01Z.
...
006 (13901886.005.000) 2021-01-07 12:26:01 Image size of job updated: 10661540
	6228  -  MemoryUsage of job (MB)
	6377232  -  ResidentSetSize of job (KB)
...
005 (13901886.005.000) 2021-01-07 12:26:01 Job terminated.
	(1) Normal termination (return value 0)
		Usr 0 00:04:08, Sys 0 00:00:18  -  Run Remote Usage
		Usr 0 00:00:00, Sys 0 00:00:00  -  Run Local Usage
		Usr 0 00:04:08, Sys 0 00:00:18  -  Total Remote Usage
		Usr 0 00:00:00, Sys 0 00:00:00  -  Total Local Usage
	0  -  Run Bytes Sent By Job
	0  -  Run Bytes Received By Job
	0  -  Total Bytes Sent By Job
	0  -  Total Bytes Received By Job
	Partitionable Resources :    Usage  Request Allocated 
	   Cpus                 :     0.95        1         1 
	   Disk (KB)            :     1     3584000   3969960 
	   Memory (MB)          :  6228        4096      4096 

	Job terminated of its own accord at 2021-01-07T11:26:01Z.
...
006 (13901886.015.000) 2021-01-07 12:26:12 Image size of job updated: 10843072
	10041  -  MemoryUsage of job (MB)
	10281552  -  ResidentSetSize of job (KB)
...
006 (13901886.024.000) 2021-01-07 12:26:14 Image size of job updated: 6580088
	5366  -  MemoryUsage of job (MB)
	5494248  -  ResidentSetSize of job (KB)
...
006 (13901886.022.000) 2021-01-07 12:26:14 Image size of job updated: 8391888
	6432  -  MemoryUsage of job (MB)
	6585384  -  ResidentSetSize of job (KB)
...
006 (13901886.002.000) 2021-01-07 12:26:14 Image size of job updated: 11296588
	8693  -  MemoryUsage of job (MB)
	8901400  -  ResidentSetSize of job (KB)
...
006 (13901886.021.000) 2021-01-07 12:26:14 Image size of job updated: 11273728
	7233  -  MemoryUsage of job (MB)
	7406448  -  ResidentSetSize of job (KB)
...
006 (13901886.023.000) 2021-01-07 12:26:14 Image size of job updated: 7288640
	6074  -  MemoryUsage of job (MB)
	6219624  -  ResidentSetSize of job (KB)
...
005 (13901886.002.000) 2021-01-07 12:26:15 Job terminated.
	(1) Normal termination (return value 0)
		Usr 0 00:04:05, Sys 0 00:00:22  -  Run Remote Usage
		Usr 0 00:00:00, Sys 0 00:00:00  -  Run Local Usage
		Usr 0 00:04:05, Sys 0 00:00:22  -  Total Remote Usage
		Usr 0 00:00:00, Sys 0 00:00:00  -  Total Local Usage
	0  -  Run Bytes Sent By Job
	0  -  Run Bytes Received By Job
	0  -  Total Bytes Sent By Job
	0  -  Total Bytes Received By Job
	Partitionable Resources :    Usage  Request Allocated 
	   Cpus                 :     0.84        1         1 
	   Disk (KB)            :     1     3584000   4544872 
	   Memory (MB)          :  8693        4096      4096 

	Job terminated of its own accord at 2021-01-07T11:26:14Z.
...
006 (13901886.014.000) 2021-01-07 12:26:15 Image size of job updated: 8535444
	5858  -  MemoryUsage of job (MB)
	5997608  -  ResidentSetSize of job (KB)
...
006 (13901886.021.000) 2021-01-07 12:26:20 Image size of job updated: 11273728
	7233  -  MemoryUsage of job (MB)
	7406480  -  ResidentSetSize of job (KB)
...
005 (13901886.021.000) 2021-01-07 12:26:21 Job terminated.
	(1) Normal termination (return value 0)
		Usr 0 00:04:20, Sys 0 00:00:17  -  Run Remote Usage
		Usr 0 00:00:00, Sys 0 00:00:00  -  Run Local Usage
		Usr 0 00:04:20, Sys 0 00:00:17  -  Total Remote Usage
		Usr 0 00:00:00, Sys 0 00:00:00  -  Total Local Usage
	0  -  Run Bytes Sent By Job
	0  -  Run Bytes Received By Job
	0  -  Total Bytes Sent By Job
	0  -  Total Bytes Received By Job
	Partitionable Resources :    Usage  Request Allocated 
	   Cpus                 :     0.91        1         1 
	   Disk (KB)            :     1     3584000   4536963 
	   Memory (MB)          :  7233        4096      4096 

	Job terminated of its own accord at 2021-01-07T11:26:20Z.
...
006 (13901886.015.000) 2021-01-07 12:26:29 Image size of job updated: 11296888
	10041  -  MemoryUsage of job (MB)
	10281584  -  ResidentSetSize of job (KB)
...
005 (13901886.015.000) 2021-01-07 12:26:29 Job terminated.
	(1) Normal termination (return value 0)
		Usr 0 00:04:08, Sys 0 00:00:22  -  Run Remote Usage
		Usr 0 00:00:00, Sys 0 00:00:00  -  Run Local Usage
		Usr 0 00:04:08, Sys 0 00:00:22  -  Total Remote Usage
		Usr 0 00:00:00, Sys 0 00:00:00  -  Total Local Usage
	0  -  Run Bytes Sent By Job
	0  -  Run Bytes Received By Job
	0  -  Total Bytes Sent By Job
	0  -  Total Bytes Received By Job
	Partitionable Resources :    Usage  Request Allocated 
	   Cpus                 :     0.91        1         1 
	   Disk (KB)            :     1     3584000   4544872 
	   Memory (MB)          : 10041        4096      4096 

	Job terminated of its own accord at 2021-01-07T11:26:29Z.
...
006 (13901886.003.000) 2021-01-07 12:27:08 Image size of job updated: 11242180
	7306  -  MemoryUsage of job (MB)
	7480928  -  ResidentSetSize of job (KB)
...
005 (13901886.003.000) 2021-01-07 12:27:08 Job terminated.
	(1) Normal termination (return value 0)
		Usr 0 00:04:03, Sys 0 00:00:21  -  Run Remote Usage
		Usr 0 00:00:00, Sys 0 00:00:00  -  Run Local Usage
		Usr 0 00:04:03, Sys 0 00:00:21  -  Total Remote Usage
		Usr 0 00:00:00, Sys 0 00:00:00  -  Total Local Usage
	0  -  Run Bytes Sent By Job
	0  -  Run Bytes Received By Job
	0  -  Total Bytes Sent By Job
	0  -  Total Bytes Received By Job
	Partitionable Resources :    Usage  Request Allocated 
	   Cpus                 :     0.01        1         1 
	   Disk (KB)            :     1     3584000   4784593 
	   Memory (MB)          :  7306        4096      4096 

	Job terminated of its own accord at 2021-01-07T11:27:08Z.
...
006 (13901886.010.000) 2021-01-07 12:27:25 Image size of job updated: 9446876
	7158  -  MemoryUsage of job (MB)
	7328932  -  ResidentSetSize of job (KB)
...
005 (13901886.010.000) 2021-01-07 12:27:25 Job terminated.
	(1) Normal termination (return value 0)
		Usr 0 00:04:06, Sys 0 00:00:20  -  Run Remote Usage
		Usr 0 00:00:00, Sys 0 00:00:00  -  Run Local Usage
		Usr 0 00:04:06, Sys 0 00:00:20  -  Total Remote Usage
		Usr 0 00:00:00, Sys 0 00:00:00  -  Total Local Usage
	0  -  Run Bytes Sent By Job
	0  -  Run Bytes Received By Job
	0  -  Total Bytes Sent By Job
	0  -  Total Bytes Received By Job
	Partitionable Resources :    Usage  Request Allocated 
	   Cpus                 :     0.01        1         1 
	   Disk (KB)            :     1     3584000   4784593 
	   Memory (MB)          :  7158        4096      4096 

	Job terminated of its own accord at 2021-01-07T11:27:25Z.
...
005 (13901886.004.000) 2021-01-07 12:27:32 Job terminated.
	(1) Normal termination (return value 0)
		Usr 0 00:04:06, Sys 0 00:00:23  -  Run Remote Usage
		Usr 0 00:00:00, Sys 0 00:00:00  -  Run Local Usage
		Usr 0 00:04:06, Sys 0 00:00:23  -  Total Remote Usage
		Usr 0 00:00:00, Sys 0 00:00:00  -  Total Local Usage
	0  -  Run Bytes Sent By Job
	0  -  Run Bytes Received By Job
	0  -  Total Bytes Sent By Job
	0  -  Total Bytes Received By Job
	Partitionable Resources :    Usage  Request Allocated 
	   Cpus                 :     0.01        1         1 
	   Disk (KB)            :     1     3584000   4323100 
	   Memory (MB)          :  7083        4096      4096 

	Job terminated of its own accord at 2021-01-07T11:27:32Z.
...
006 (13901886.009.000) 2021-01-07 12:28:06 Image size of job updated: 11298860
	6658  -  MemoryUsage of job (MB)
	6816976  -  ResidentSetSize of job (KB)
...
005 (13901886.009.000) 2021-01-07 12:28:06 Job terminated.
	(1) Normal termination (return value 0)
		Usr 0 00:04:08, Sys 0 00:00:21  -  Run Remote Usage
		Usr 0 00:00:00, Sys 0 00:00:00  -  Run Local Usage
		Usr 0 00:04:08, Sys 0 00:00:21  -  Total Remote Usage
		Usr 0 00:00:00, Sys 0 00:00:00  -  Total Local Usage
	0  -  Run Bytes Sent By Job
	0  -  Run Bytes Received By Job
	0  -  Total Bytes Sent By Job
	0  -  Total Bytes Received By Job
	Partitionable Resources :    Usage  Request Allocated 
	   Cpus                 :     0.01        1         1 
	   Disk (KB)            :     1     3584000   4787146 
	   Memory (MB)          :  6658        4096      4096 

	Job terminated of its own accord at 2021-01-07T11:28:06Z.
...
006 (13901886.012.000) 2021-01-07 12:28:12 Image size of job updated: 7848000
	6606  -  MemoryUsage of job (MB)
	6764180  -  ResidentSetSize of job (KB)
...
005 (13901886.012.000) 2021-01-07 12:28:12 Job terminated.
	(1) Normal termination (return value 0)
		Usr 0 00:04:08, Sys 0 00:00:21  -  Run Remote Usage
		Usr 0 00:00:00, Sys 0 00:00:00  -  Run Local Usage
		Usr 0 00:04:08, Sys 0 00:00:21  -  Total Remote Usage
		Usr 0 00:00:00, Sys 0 00:00:00  -  Total Local Usage
	0  -  Run Bytes Sent By Job
	0  -  Run Bytes Received By Job
	0  -  Total Bytes Sent By Job
	0  -  Total Bytes Received By Job
	Partitionable Resources :    Usage  Request Allocated 
	   Cpus                 :     0.01        1         1 
	   Disk (KB)            :     1     3584000   4787146 
	   Memory (MB)          :  6606        4096      4096 

	Job terminated of its own accord at 2021-01-07T11:28:12Z.
...
006 (13901886.000.000) 2021-01-07 12:28:16 Image size of job updated: 11259764
	6747  -  MemoryUsage of job (MB)
	6908224  -  ResidentSetSize of job (KB)
...
005 (13901886.000.000) 2021-01-07 12:28:16 Job terminated.
	(1) Normal termination (return value 0)
		Usr 0 00:04:15, Sys 0 00:00:20  -  Run Remote Usage
		Usr 0 00:00:00, Sys 0 00:00:00  -  Run Local Usage
		Usr 0 00:04:15, Sys 0 00:00:20  -  Total Remote Usage
		Usr 0 00:00:00, Sys 0 00:00:00  -  Total Local Usage
	0  -  Run Bytes Sent By Job
	0  -  Run Bytes Received By Job
	0  -  Total Bytes Sent By Job
	0  -  Total Bytes Received By Job
	Partitionable Resources :    Usage  Request Allocated 
	   Cpus                 :     0.02        1         1 
	   Disk (KB)            :     1     3584000   4787146 
	   Memory (MB)          :  6747        4096      4096 

	Job terminated of its own accord at 2021-01-07T11:28:16Z.
...
005 (13901886.022.000) 2021-01-07 12:28:27 Job terminated.
	(1) Normal termination (return value 0)
		Usr 0 00:04:08, Sys 0 00:00:26  -  Run Remote Usage
		Usr 0 00:00:00, Sys 0 00:00:00  -  Run Local Usage
		Usr 0 00:04:08, Sys 0 00:00:26  -  Total Remote Usage
		Usr 0 00:00:00, Sys 0 00:00:00  -  Total Local Usage
	0  -  Run Bytes Sent By Job
	0  -  Run Bytes Received By Job
	0  -  Total Bytes Sent By Job
	0  -  Total Bytes Received By Job
	Partitionable Resources :    Usage  Request Allocated 
	   Cpus                 :     0.72        1         1 
	   Disk (KB)            :     1     3584000   3821844 
	   Memory (MB)          :  6432        4096      4096 

	Job terminated of its own accord at 2021-01-07T11:28:27Z.
...
005 (13901886.014.000) 2021-01-07 12:28:34 Job terminated.
	(1) Normal termination (return value 0)
		Usr 0 00:04:07, Sys 0 00:00:22  -  Run Remote Usage
		Usr 0 00:00:00, Sys 0 00:00:00  -  Run Local Usage
		Usr 0 00:04:07, Sys 0 00:00:22  -  Total Remote Usage
		Usr 0 00:00:00, Sys 0 00:00:00  -  Total Local Usage
	0  -  Run Bytes Sent By Job
	0  -  Run Bytes Received By Job
	0  -  Total Bytes Sent By Job
	0  -  Total Bytes Received By Job
	Partitionable Resources :    Usage  Request Allocated 
	   Cpus                 :     0.74        1         1 
	   Disk (KB)            :     1     3584000   3823277 
	   Memory (MB)          :  5858        4096      4096 

	Job terminated of its own accord at 2021-01-07T11:28:34Z.
...
005 (13901886.024.000) 2021-01-07 12:28:44 Job terminated.
	(1) Normal termination (return value 0)
		Usr 0 00:03:06, Sys 0 00:00:20  -  Run Remote Usage
		Usr 0 00:00:00, Sys 0 00:00:00  -  Run Local Usage
		Usr 0 00:03:06, Sys 0 00:00:20  -  Total Remote Usage
		Usr 0 00:00:00, Sys 0 00:00:00  -  Total Local Usage
	0  -  Run Bytes Sent By Job
	0  -  Run Bytes Received By Job
	0  -  Total Bytes Sent By Job
	0  -  Total Bytes Received By Job
	Partitionable Resources :    Usage  Request Allocated 
	   Cpus                 :     0.83        1         1 
	   Disk (KB)            :     1     3584000   3820522 
	   Memory (MB)          :  5366        4096      4096 

	Job terminated of its own accord at 2021-01-07T11:28:44Z.
...
005 (13901886.023.000) 2021-01-07 12:30:07 Job terminated.
	(1) Normal termination (return value 0)
		Usr 0 00:04:09, Sys 0 00:00:28  -  Run Remote Usage
		Usr 0 00:00:00, Sys 0 00:00:00  -  Run Local Usage
		Usr 0 00:04:09, Sys 0 00:00:28  -  Total Remote Usage
		Usr 0 00:00:00, Sys 0 00:00:00  -  Total Local Usage
	0  -  Run Bytes Sent By Job
	0  -  Run Bytes Received By Job
	0  -  Total Bytes Sent By Job
	0  -  Total Bytes Received By Job
	Partitionable Resources :    Usage  Request Allocated 
	   Cpus                 :     0.11        1         1 
	   Disk (KB)            :     1     3584000   3822765 
	   Memory (MB)          :  6074        4096      4096 

	Job terminated of its own accord at 2021-01-07T11:30:07Z.
...
