000 (18346174.000.000) 2021-03-26 17:56:15 Job submitted from host: <131.169.223.42:9618?addrs=131.169.223.42-9618+[2001-638-700-10df--1-2a]-9618&alias=bird-htc-sched14.desy.de&noUDP&sock=schedd_14156_6ac2_3>
...
000 (18346174.001.000) 2021-03-26 17:56:15 Job submitted from host: <131.169.223.42:9618?addrs=131.169.223.42-9618+[2001-638-700-10df--1-2a]-9618&alias=bird-htc-sched14.desy.de&noUDP&sock=schedd_14156_6ac2_3>
...
000 (18346174.002.000) 2021-03-26 17:56:15 Job submitted from host: <131.169.223.42:9618?addrs=131.169.223.42-9618+[2001-638-700-10df--1-2a]-9618&alias=bird-htc-sched14.desy.de&noUDP&sock=schedd_14156_6ac2_3>
...
000 (18346174.003.000) 2021-03-26 17:56:15 Job submitted from host: <131.169.223.42:9618?addrs=131.169.223.42-9618+[2001-638-700-10df--1-2a]-9618&alias=bird-htc-sched14.desy.de&noUDP&sock=schedd_14156_6ac2_3>
...
000 (18346174.004.000) 2021-03-26 17:56:15 Job submitted from host: <131.169.223.42:9618?addrs=131.169.223.42-9618+[2001-638-700-10df--1-2a]-9618&alias=bird-htc-sched14.desy.de&noUDP&sock=schedd_14156_6ac2_3>
...
000 (18346174.005.000) 2021-03-26 17:56:15 Job submitted from host: <131.169.223.42:9618?addrs=131.169.223.42-9618+[2001-638-700-10df--1-2a]-9618&alias=bird-htc-sched14.desy.de&noUDP&sock=schedd_14156_6ac2_3>
...
000 (18346174.006.000) 2021-03-26 17:56:15 Job submitted from host: <131.169.223.42:9618?addrs=131.169.223.42-9618+[2001-638-700-10df--1-2a]-9618&alias=bird-htc-sched14.desy.de&noUDP&sock=schedd_14156_6ac2_3>
...
000 (18346174.007.000) 2021-03-26 17:56:15 Job submitted from host: <131.169.223.42:9618?addrs=131.169.223.42-9618+[2001-638-700-10df--1-2a]-9618&alias=bird-htc-sched14.desy.de&noUDP&sock=schedd_14156_6ac2_3>
...
000 (18346174.008.000) 2021-03-26 17:56:15 Job submitted from host: <131.169.223.42:9618?addrs=131.169.223.42-9618+[2001-638-700-10df--1-2a]-9618&alias=bird-htc-sched14.desy.de&noUDP&sock=schedd_14156_6ac2_3>
...
000 (18346174.009.000) 2021-03-26 17:56:15 Job submitted from host: <131.169.223.42:9618?addrs=131.169.223.42-9618+[2001-638-700-10df--1-2a]-9618&alias=bird-htc-sched14.desy.de&noUDP&sock=schedd_14156_6ac2_3>
...
000 (18346174.010.000) 2021-03-26 17:56:15 Job submitted from host: <131.169.223.42:9618?addrs=131.169.223.42-9618+[2001-638-700-10df--1-2a]-9618&alias=bird-htc-sched14.desy.de&noUDP&sock=schedd_14156_6ac2_3>
...
000 (18346174.011.000) 2021-03-26 17:56:15 Job submitted from host: <131.169.223.42:9618?addrs=131.169.223.42-9618+[2001-638-700-10df--1-2a]-9618&alias=bird-htc-sched14.desy.de&noUDP&sock=schedd_14156_6ac2_3>
...
000 (18346174.012.000) 2021-03-26 17:56:15 Job submitted from host: <131.169.223.42:9618?addrs=131.169.223.42-9618+[2001-638-700-10df--1-2a]-9618&alias=bird-htc-sched14.desy.de&noUDP&sock=schedd_14156_6ac2_3>
...
000 (18346174.013.000) 2021-03-26 17:56:15 Job submitted from host: <131.169.223.42:9618?addrs=131.169.223.42-9618+[2001-638-700-10df--1-2a]-9618&alias=bird-htc-sched14.desy.de&noUDP&sock=schedd_14156_6ac2_3>
...
000 (18346174.014.000) 2021-03-26 17:56:15 Job submitted from host: <131.169.223.42:9618?addrs=131.169.223.42-9618+[2001-638-700-10df--1-2a]-9618&alias=bird-htc-sched14.desy.de&noUDP&sock=schedd_14156_6ac2_3>
...
000 (18346174.015.000) 2021-03-26 17:56:15 Job submitted from host: <131.169.223.42:9618?addrs=131.169.223.42-9618+[2001-638-700-10df--1-2a]-9618&alias=bird-htc-sched14.desy.de&noUDP&sock=schedd_14156_6ac2_3>
...
000 (18346174.016.000) 2021-03-26 17:56:15 Job submitted from host: <131.169.223.42:9618?addrs=131.169.223.42-9618+[2001-638-700-10df--1-2a]-9618&alias=bird-htc-sched14.desy.de&noUDP&sock=schedd_14156_6ac2_3>
...
000 (18346174.017.000) 2021-03-26 17:56:15 Job submitted from host: <131.169.223.42:9618?addrs=131.169.223.42-9618+[2001-638-700-10df--1-2a]-9618&alias=bird-htc-sched14.desy.de&noUDP&sock=schedd_14156_6ac2_3>
...
000 (18346174.018.000) 2021-03-26 17:56:15 Job submitted from host: <131.169.223.42:9618?addrs=131.169.223.42-9618+[2001-638-700-10df--1-2a]-9618&alias=bird-htc-sched14.desy.de&noUDP&sock=schedd_14156_6ac2_3>
...
000 (18346174.019.000) 2021-03-26 17:56:15 Job submitted from host: <131.169.223.42:9618?addrs=131.169.223.42-9618+[2001-638-700-10df--1-2a]-9618&alias=bird-htc-sched14.desy.de&noUDP&sock=schedd_14156_6ac2_3>
...
000 (18346174.020.000) 2021-03-26 17:56:15 Job submitted from host: <131.169.223.42:9618?addrs=131.169.223.42-9618+[2001-638-700-10df--1-2a]-9618&alias=bird-htc-sched14.desy.de&noUDP&sock=schedd_14156_6ac2_3>
...
000 (18346174.021.000) 2021-03-26 17:56:15 Job submitted from host: <131.169.223.42:9618?addrs=131.169.223.42-9618+[2001-638-700-10df--1-2a]-9618&alias=bird-htc-sched14.desy.de&noUDP&sock=schedd_14156_6ac2_3>
...
000 (18346174.022.000) 2021-03-26 17:56:15 Job submitted from host: <131.169.223.42:9618?addrs=131.169.223.42-9618+[2001-638-700-10df--1-2a]-9618&alias=bird-htc-sched14.desy.de&noUDP&sock=schedd_14156_6ac2_3>
...
000 (18346174.023.000) 2021-03-26 17:56:15 Job submitted from host: <131.169.223.42:9618?addrs=131.169.223.42-9618+[2001-638-700-10df--1-2a]-9618&alias=bird-htc-sched14.desy.de&noUDP&sock=schedd_14156_6ac2_3>
...
000 (18346174.024.000) 2021-03-26 17:56:15 Job submitted from host: <131.169.223.42:9618?addrs=131.169.223.42-9618+[2001-638-700-10df--1-2a]-9618&alias=bird-htc-sched14.desy.de&noUDP&sock=schedd_14156_6ac2_3>
...
001 (18346174.003.000) 2021-03-26 18:06:02 Job executing on host: <131.169.77.45:43515?addrs=131.169.77.45-43515&alias=bird563.desy.de>
...
001 (18346174.010.000) 2021-03-26 18:06:02 Job executing on host: <131.169.160.155:43004?addrs=131.169.160.155-43004&alias=batch1055.desy.de>
...
001 (18346174.007.000) 2021-03-26 18:06:02 Job executing on host: <131.169.77.45:43515?addrs=131.169.77.45-43515&alias=bird563.desy.de>
...
001 (18346174.002.000) 2021-03-26 18:06:02 Job executing on host: <131.169.77.9:40664?addrs=131.169.77.9-40664&alias=bird527.desy.de>
...
001 (18346174.006.000) 2021-03-26 18:06:02 Job executing on host: <131.169.77.9:40664?addrs=131.169.77.9-40664&alias=bird527.desy.de>
...
001 (18346174.001.000) 2021-03-26 18:06:02 Job executing on host: <131.169.77.23:35494?addrs=131.169.77.23-35494&alias=bird541.desy.de>
...
001 (18346174.008.000) 2021-03-26 18:06:02 Job executing on host: <131.169.77.23:35494?addrs=131.169.77.23-35494&alias=bird541.desy.de>
...
001 (18346174.005.000) 2021-03-26 18:06:03 Job executing on host: <131.169.163.130:35590?addrs=131.169.163.130-35590&alias=bird691.desy.de>
...
001 (18346174.009.000) 2021-03-26 18:06:03 Job executing on host: <131.169.163.130:35590?addrs=131.169.163.130-35590&alias=bird691.desy.de>
...
001 (18346174.000.000) 2021-03-26 18:06:03 Job executing on host: <131.169.77.149:38198?addrs=131.169.77.149-38198&alias=bird629.desy.de>
...
001 (18346174.004.000) 2021-03-26 18:06:03 Job executing on host: <131.169.160.155:43004?addrs=131.169.160.155-43004&alias=batch1055.desy.de>
...
006 (18346174.003.000) 2021-03-26 18:06:11 Image size of job updated: 225248
	186  -  MemoryUsage of job (MB)
	190152  -  ResidentSetSize of job (KB)
...
006 (18346174.007.000) 2021-03-26 18:06:11 Image size of job updated: 239800
	186  -  MemoryUsage of job (MB)
	189708  -  ResidentSetSize of job (KB)
...
006 (18346174.002.000) 2021-03-26 18:06:11 Image size of job updated: 235928
	187  -  MemoryUsage of job (MB)
	191376  -  ResidentSetSize of job (KB)
...
006 (18346174.001.000) 2021-03-26 18:06:11 Image size of job updated: 191672
	152  -  MemoryUsage of job (MB)
	154980  -  ResidentSetSize of job (KB)
...
006 (18346174.006.000) 2021-03-26 18:06:11 Image size of job updated: 233592
	187  -  MemoryUsage of job (MB)
	190932  -  ResidentSetSize of job (KB)
...
006 (18346174.008.000) 2021-03-26 18:06:11 Image size of job updated: 205888
	152  -  MemoryUsage of job (MB)
	155416  -  ResidentSetSize of job (KB)
...
006 (18346174.010.000) 2021-03-26 18:06:11 Image size of job updated: 77596
	65  -  MemoryUsage of job (MB)
	66324  -  ResidentSetSize of job (KB)
...
006 (18346174.005.000) 2021-03-26 18:06:11 Image size of job updated: 185972
	158  -  MemoryUsage of job (MB)
	161172  -  ResidentSetSize of job (KB)
...
006 (18346174.009.000) 2021-03-26 18:06:11 Image size of job updated: 222400
	158  -  MemoryUsage of job (MB)
	161300  -  ResidentSetSize of job (KB)
...
006 (18346174.000.000) 2021-03-26 18:06:11 Image size of job updated: 203568
	197  -  MemoryUsage of job (MB)
	200816  -  ResidentSetSize of job (KB)
...
006 (18346174.004.000) 2021-03-26 18:06:12 Image size of job updated: 185556
	131  -  MemoryUsage of job (MB)
	133188  -  ResidentSetSize of job (KB)
...
001 (18346174.011.000) 2021-03-26 18:06:36 Job executing on host: <131.169.77.31:45131?addrs=131.169.77.31-45131&alias=bird549.desy.de>
...
001 (18346174.012.000) 2021-03-26 18:06:36 Job executing on host: <131.169.164.48:34573?addrs=131.169.164.48-34573&alias=bird848.desy.de>
...
001 (18346174.013.000) 2021-03-26 18:06:36 Job executing on host: <131.169.164.21:38671?addrs=131.169.164.21-38671&alias=bird821.desy.de>
...
001 (18346174.014.000) 2021-03-26 18:06:36 Job executing on host: <131.169.163.107:42319?addrs=131.169.163.107-42319&alias=bird668.desy.de>
...
001 (18346174.018.000) 2021-03-26 18:06:36 Job executing on host: <131.169.163.139:46493?addrs=131.169.163.139-46493&alias=bird700.desy.de>
...
001 (18346174.019.000) 2021-03-26 18:06:36 Job executing on host: <131.169.164.16:43259?addrs=131.169.164.16-43259&alias=bird816.desy.de>
...
001 (18346174.024.000) 2021-03-26 18:06:36 Job executing on host: <131.169.77.37:41284?addrs=131.169.77.37-41284&alias=bird555.desy.de>
...
001 (18346174.021.000) 2021-03-26 18:06:36 Job executing on host: <131.169.164.55:35979?addrs=131.169.164.55-35979&alias=bird855.desy.de>
...
001 (18346174.022.000) 2021-03-26 18:06:36 Job executing on host: <131.169.164.38:39717?addrs=131.169.164.38-39717&alias=bird838.desy.de>
...
001 (18346174.017.000) 2021-03-26 18:06:36 Job executing on host: <131.169.77.178:34319?addrs=131.169.77.178-34319&alias=bird658.desy.de>
...
001 (18346174.015.000) 2021-03-26 18:06:37 Job executing on host: <131.169.160.192:36428?addrs=131.169.160.192-36428&alias=batch1186.desy.de>
...
001 (18346174.023.000) 2021-03-26 18:06:37 Job executing on host: <131.169.77.216:38467?addrs=131.169.77.216-38467&alias=bird770.desy.de>
...
001 (18346174.020.000) 2021-03-26 18:06:37 Job executing on host: <131.169.77.166:37891?addrs=131.169.77.166-37891&alias=bird646.desy.de>
...
001 (18346174.016.000) 2021-03-26 18:06:38 Job executing on host: <131.169.77.206:44735?addrs=131.169.77.206-44735&alias=bird760.desy.de>
...
006 (18346174.015.000) 2021-03-26 18:06:45 Image size of job updated: 296864
	249  -  MemoryUsage of job (MB)
	254156  -  ResidentSetSize of job (KB)
...
006 (18346174.023.000) 2021-03-26 18:06:45 Image size of job updated: 283632
	192  -  MemoryUsage of job (MB)
	196492  -  ResidentSetSize of job (KB)
...
006 (18346174.020.000) 2021-03-26 18:06:45 Image size of job updated: 284680
	195  -  MemoryUsage of job (MB)
	199388  -  ResidentSetSize of job (KB)
...
006 (18346174.011.000) 2021-03-26 18:06:45 Image size of job updated: 268320
	177  -  MemoryUsage of job (MB)
	181060  -  ResidentSetSize of job (KB)
...
006 (18346174.012.000) 2021-03-26 18:06:45 Image size of job updated: 232220
	145  -  MemoryUsage of job (MB)
	147636  -  ResidentSetSize of job (KB)
...
006 (18346174.014.000) 2021-03-26 18:06:45 Image size of job updated: 297128
	205  -  MemoryUsage of job (MB)
	209864  -  ResidentSetSize of job (KB)
...
006 (18346174.013.000) 2021-03-26 18:06:45 Image size of job updated: 298180
	206  -  MemoryUsage of job (MB)
	210848  -  ResidentSetSize of job (KB)
...
006 (18346174.019.000) 2021-03-26 18:06:45 Image size of job updated: 318124
	228  -  MemoryUsage of job (MB)
	232892  -  ResidentSetSize of job (KB)
...
006 (18346174.018.000) 2021-03-26 18:06:45 Image size of job updated: 198152
	194  -  MemoryUsage of job (MB)
	197780  -  ResidentSetSize of job (KB)
...
006 (18346174.024.000) 2021-03-26 18:06:45 Image size of job updated: 254524
	164  -  MemoryUsage of job (MB)
	167304  -  ResidentSetSize of job (KB)
...
006 (18346174.021.000) 2021-03-26 18:06:45 Image size of job updated: 258752
	170  -  MemoryUsage of job (MB)
	173412  -  ResidentSetSize of job (KB)
...
006 (18346174.017.000) 2021-03-26 18:06:45 Image size of job updated: 255556
	162  -  MemoryUsage of job (MB)
	165012  -  ResidentSetSize of job (KB)
...
006 (18346174.022.000) 2021-03-26 18:06:45 Image size of job updated: 268804
	179  -  MemoryUsage of job (MB)
	183164  -  ResidentSetSize of job (KB)
...
006 (18346174.016.000) 2021-03-26 18:06:46 Image size of job updated: 239176
	152  -  MemoryUsage of job (MB)
	155444  -  ResidentSetSize of job (KB)
...
006 (18346174.010.000) 2021-03-26 18:11:11 Image size of job updated: 2704704
	2640  -  MemoryUsage of job (MB)
	2702596  -  ResidentSetSize of job (KB)
...
006 (18346174.005.000) 2021-03-26 18:11:11 Image size of job updated: 5492076
	5340  -  MemoryUsage of job (MB)
	5467280  -  ResidentSetSize of job (KB)
...
006 (18346174.001.000) 2021-03-26 18:11:11 Image size of job updated: 4725736
	3710  -  MemoryUsage of job (MB)
	3798436  -  ResidentSetSize of job (KB)
...
006 (18346174.006.000) 2021-03-26 18:11:11 Image size of job updated: 4941796
	4823  -  MemoryUsage of job (MB)
	4938592  -  ResidentSetSize of job (KB)
...
006 (18346174.002.000) 2021-03-26 18:11:11 Image size of job updated: 4872052
	4757  -  MemoryUsage of job (MB)
	4870556  -  ResidentSetSize of job (KB)
...
006 (18346174.008.000) 2021-03-26 18:11:11 Image size of job updated: 4506956
	3725  -  MemoryUsage of job (MB)
	3813388  -  ResidentSetSize of job (KB)
...
006 (18346174.009.000) 2021-03-26 18:11:11 Image size of job updated: 5484648
	5297  -  MemoryUsage of job (MB)
	5423588  -  ResidentSetSize of job (KB)
...
006 (18346174.000.000) 2021-03-26 18:11:11 Image size of job updated: 2987216
	2914  -  MemoryUsage of job (MB)
	2983300  -  ResidentSetSize of job (KB)
...
006 (18346174.007.000) 2021-03-26 18:11:11 Image size of job updated: 3786144
	3626  -  MemoryUsage of job (MB)
	3712732  -  ResidentSetSize of job (KB)
...
006 (18346174.003.000) 2021-03-26 18:11:11 Image size of job updated: 3980480
	3885  -  MemoryUsage of job (MB)
	3977540  -  ResidentSetSize of job (KB)
...
006 (18346174.004.000) 2021-03-26 18:11:13 Image size of job updated: 2731488
	2667  -  MemoryUsage of job (MB)
	2730512  -  ResidentSetSize of job (KB)
...
006 (18346174.015.000) 2021-03-26 18:11:45 Image size of job updated: 6426400
	4084  -  MemoryUsage of job (MB)
	4181320  -  ResidentSetSize of job (KB)
...
006 (18346174.020.000) 2021-03-26 18:11:45 Image size of job updated: 5846056
	5626  -  MemoryUsage of job (MB)
	5760668  -  ResidentSetSize of job (KB)
...
006 (18346174.023.000) 2021-03-26 18:11:45 Image size of job updated: 5192772
	5067  -  MemoryUsage of job (MB)
	5188044  -  ResidentSetSize of job (KB)
...
006 (18346174.012.000) 2021-03-26 18:11:46 Image size of job updated: 4107316
	4009  -  MemoryUsage of job (MB)
	4104488  -  ResidentSetSize of job (KB)
...
006 (18346174.014.000) 2021-03-26 18:11:46 Image size of job updated: 5904932
	5682  -  MemoryUsage of job (MB)
	5817668  -  ResidentSetSize of job (KB)
...
006 (18346174.013.000) 2021-03-26 18:11:46 Image size of job updated: 5834180
	3561  -  MemoryUsage of job (MB)
	3645728  -  ResidentSetSize of job (KB)
...
006 (18346174.024.000) 2021-03-26 18:11:46 Image size of job updated: 7738104
	7183  -  MemoryUsage of job (MB)
	7355212  -  ResidentSetSize of job (KB)
...
006 (18346174.019.000) 2021-03-26 18:11:46 Image size of job updated: 6026348
	5788  -  MemoryUsage of job (MB)
	5926076  -  ResidentSetSize of job (KB)
...
006 (18346174.018.000) 2021-03-26 18:11:46 Image size of job updated: 3990636
	3897  -  MemoryUsage of job (MB)
	3990144  -  ResidentSetSize of job (KB)
...
006 (18346174.021.000) 2021-03-26 18:11:46 Image size of job updated: 8537812
	8313  -  MemoryUsage of job (MB)
	8511912  -  ResidentSetSize of job (KB)
...
006 (18346174.022.000) 2021-03-26 18:11:46 Image size of job updated: 8650680
	8416  -  MemoryUsage of job (MB)
	8617328  -  ResidentSetSize of job (KB)
...
006 (18346174.017.000) 2021-03-26 18:11:46 Image size of job updated: 4574364
	4457  -  MemoryUsage of job (MB)
	4563716  -  ResidentSetSize of job (KB)
...
006 (18346174.016.000) 2021-03-26 18:11:46 Image size of job updated: 7031760
	6799  -  MemoryUsage of job (MB)
	6961584  -  ResidentSetSize of job (KB)
...
006 (18346174.011.000) 2021-03-26 18:11:46 Image size of job updated: 5261112
	5135  -  MemoryUsage of job (MB)
	5257944  -  ResidentSetSize of job (KB)
...
006 (18346174.022.000) 2021-03-26 18:13:54 Image size of job updated: 8650680
	8416  -  MemoryUsage of job (MB)
	8617396  -  ResidentSetSize of job (KB)
...
005 (18346174.022.000) 2021-03-26 18:13:55 Job terminated.
	(1) Normal termination (return value 0)
		Usr 0 00:04:20, Sys 0 00:00:21  -  Run Remote Usage
		Usr 0 00:00:00, Sys 0 00:00:00  -  Run Local Usage
		Usr 0 00:04:20, Sys 0 00:00:21  -  Total Remote Usage
		Usr 0 00:00:00, Sys 0 00:00:00  -  Total Local Usage
	0  -  Run Bytes Sent By Job
	0  -  Run Bytes Received By Job
	0  -  Total Bytes Sent By Job
	0  -  Total Bytes Received By Job
	Partitionable Resources :    Usage  Request Allocated 
	   Cpus                 :     0.43        1         1 
	   Disk (KB)            :     1     3584000   4538314 
	   Memory (MB)          :  8416        4096      4096 

	Job terminated of its own accord at 2021-03-26T17:13:54Z.
...
006 (18346174.021.000) 2021-03-26 18:14:06 Image size of job updated: 11332144
	8313  -  MemoryUsage of job (MB)
	8511912  -  ResidentSetSize of job (KB)
...
005 (18346174.021.000) 2021-03-26 18:14:07 Job terminated.
	(1) Normal termination (return value 0)
		Usr 0 00:04:27, Sys 0 00:00:21  -  Run Remote Usage
		Usr 0 00:00:00, Sys 0 00:00:00  -  Run Local Usage
		Usr 0 00:04:27, Sys 0 00:00:21  -  Total Remote Usage
		Usr 0 00:00:00, Sys 0 00:00:00  -  Total Local Usage
	0  -  Run Bytes Sent By Job
	0  -  Run Bytes Received By Job
	0  -  Total Bytes Sent By Job
	0  -  Total Bytes Received By Job
	Partitionable Resources :    Usage  Request Allocated 
	   Cpus                 :     0.45        1         1 
	   Disk (KB)            :     1     3584000   4535040 
	   Memory (MB)          :  8313        4096      4096 

	Job terminated of its own accord at 2021-03-26T17:14:06Z.
...
006 (18346174.015.000) 2021-03-26 18:15:04 Image size of job updated: 11376464
	4085  -  MemoryUsage of job (MB)
	4182884  -  ResidentSetSize of job (KB)
...
005 (18346174.015.000) 2021-03-26 18:15:04 Job terminated.
	(1) Normal termination (return value 0)
		Usr 0 00:03:06, Sys 0 00:00:15  -  Run Remote Usage
		Usr 0 00:00:00, Sys 0 00:00:00  -  Run Local Usage
		Usr 0 00:03:06, Sys 0 00:00:15  -  Total Remote Usage
		Usr 0 00:00:00, Sys 0 00:00:00  -  Total Local Usage
	0  -  Run Bytes Sent By Job
	0  -  Run Bytes Received By Job
	0  -  Total Bytes Sent By Job
	0  -  Total Bytes Received By Job
	Partitionable Resources :    Usage  Request Allocated 
	   Cpus                 :     0.58        1         1 
	   Disk (KB)            :     1     3584000   4466327 
	   Memory (MB)          :  4085        4096      4096 

	Job terminated of its own accord at 2021-03-26T17:15:04Z.
...
006 (18346174.024.000) 2021-03-26 18:15:12 Image size of job updated: 7910272
	7183  -  MemoryUsage of job (MB)
	7355212  -  ResidentSetSize of job (KB)
...
005 (18346174.024.000) 2021-03-26 18:15:12 Job terminated.
	(1) Normal termination (return value 0)
		Usr 0 00:04:09, Sys 0 00:00:24  -  Run Remote Usage
		Usr 0 00:00:00, Sys 0 00:00:00  -  Run Local Usage
		Usr 0 00:04:09, Sys 0 00:00:24  -  Total Remote Usage
		Usr 0 00:00:00, Sys 0 00:00:00  -  Total Local Usage
	0  -  Run Bytes Sent By Job
	0  -  Run Bytes Received By Job
	0  -  Total Bytes Sent By Job
	0  -  Total Bytes Received By Job
	Partitionable Resources :    Usage  Request Allocated 
	   Cpus                 :     0.71        1         1 
	   Disk (KB)            :     1     3584000   3807164 
	   Memory (MB)          :  7183        4096      4096 

	Job terminated of its own accord at 2021-03-26T17:15:12Z.
...
006 (18346174.001.000) 2021-03-26 18:16:11 Image size of job updated: 7510364
	3710  -  MemoryUsage of job (MB)
	3798436  -  ResidentSetSize of job (KB)
...
006 (18346174.005.000) 2021-03-26 18:16:11 Image size of job updated: 9422684
	8506  -  MemoryUsage of job (MB)
	8709260  -  ResidentSetSize of job (KB)
...
006 (18346174.010.000) 2021-03-26 18:16:11 Image size of job updated: 5153244
	3794  -  MemoryUsage of job (MB)
	3884468  -  ResidentSetSize of job (KB)
...
006 (18346174.006.000) 2021-03-26 18:16:11 Image size of job updated: 9133556
	5530  -  MemoryUsage of job (MB)
	5662208  -  ResidentSetSize of job (KB)
...
006 (18346174.002.000) 2021-03-26 18:16:11 Image size of job updated: 8983612
	5637  -  MemoryUsage of job (MB)
	5771788  -  ResidentSetSize of job (KB)
...
006 (18346174.000.000) 2021-03-26 18:16:11 Image size of job updated: 5583188
	5449  -  MemoryUsage of job (MB)
	5579272  -  ResidentSetSize of job (KB)
...
006 (18346174.008.000) 2021-03-26 18:16:11 Image size of job updated: 7062420
	3725  -  MemoryUsage of job (MB)
	3813612  -  ResidentSetSize of job (KB)
...
006 (18346174.009.000) 2021-03-26 18:16:11 Image size of job updated: 9470472
	8785  -  MemoryUsage of job (MB)
	8995128  -  ResidentSetSize of job (KB)
...
006 (18346174.007.000) 2021-03-26 18:16:11 Image size of job updated: 7569600
	7064  -  MemoryUsage of job (MB)
	7232632  -  ResidentSetSize of job (KB)
...
006 (18346174.003.000) 2021-03-26 18:16:11 Image size of job updated: 7901368
	7586  -  MemoryUsage of job (MB)
	7767108  -  ResidentSetSize of job (KB)
...
006 (18346174.004.000) 2021-03-26 18:16:13 Image size of job updated: 5159588
	4085  -  MemoryUsage of job (MB)
	4182728  -  ResidentSetSize of job (KB)
...
006 (18346174.023.000) 2021-03-26 18:16:28 Image size of job updated: 11385856
	5067  -  MemoryUsage of job (MB)
	5188112  -  ResidentSetSize of job (KB)
...
005 (18346174.023.000) 2021-03-26 18:16:28 Job terminated.
	(1) Normal termination (return value 0)
		Usr 0 00:04:31, Sys 0 00:00:27  -  Run Remote Usage
		Usr 0 00:00:00, Sys 0 00:00:00  -  Run Local Usage
		Usr 0 00:04:31, Sys 0 00:00:27  -  Total Remote Usage
		Usr 0 00:00:00, Sys 0 00:00:00  -  Total Local Usage
	0  -  Run Bytes Sent By Job
	0  -  Run Bytes Received By Job
	0  -  Total Bytes Sent By Job
	0  -  Total Bytes Received By Job
	Partitionable Resources :    Usage  Request Allocated 
	   Cpus                 :     0.74        1         1 
	   Disk (KB)            :     1     3584000   4783149 
	   Memory (MB)          :  5067        4096      4096 

	Job terminated of its own accord at 2021-03-26T17:16:28Z.
...
006 (18346174.020.000) 2021-03-26 18:16:45 Image size of job updated: 9370544
	8526  -  MemoryUsage of job (MB)
	8729812  -  ResidentSetSize of job (KB)
...
006 (18346174.013.000) 2021-03-26 18:16:46 Image size of job updated: 10215168
	3929  -  MemoryUsage of job (MB)
	4022432  -  ResidentSetSize of job (KB)
...
006 (18346174.012.000) 2021-03-26 18:16:46 Image size of job updated: 8132044
	7730  -  MemoryUsage of job (MB)
	7914516  -  ResidentSetSize of job (KB)
...
006 (18346174.019.000) 2021-03-26 18:16:46 Image size of job updated: 10365448
	5788  -  MemoryUsage of job (MB)
	5926076  -  ResidentSetSize of job (KB)
...
006 (18346174.014.000) 2021-03-26 18:16:46 Image size of job updated: 10358088
	10031  -  MemoryUsage of job (MB)
	10270824  -  ResidentSetSize of job (KB)
...
006 (18346174.018.000) 2021-03-26 18:16:46 Image size of job updated: 7534280
	3963  -  MemoryUsage of job (MB)
	4057492  -  ResidentSetSize of job (KB)
...
006 (18346174.017.000) 2021-03-26 18:16:46 Image size of job updated: 7771100
	5731  -  MemoryUsage of job (MB)
	5868004  -  ResidentSetSize of job (KB)
...
006 (18346174.011.000) 2021-03-26 18:16:47 Image size of job updated: 10418536
	9127  -  MemoryUsage of job (MB)
	9345760  -  ResidentSetSize of job (KB)
...
006 (18346174.016.000) 2021-03-26 18:16:47 Image size of job updated: 10982660
	8809  -  MemoryUsage of job (MB)
	9020312  -  ResidentSetSize of job (KB)
...
006 (18346174.016.000) 2021-03-26 18:17:41 Image size of job updated: 11295360
	8809  -  MemoryUsage of job (MB)
	9020328  -  ResidentSetSize of job (KB)
...
005 (18346174.016.000) 2021-03-26 18:17:41 Job terminated.
	(1) Normal termination (return value 0)
		Usr 0 00:04:27, Sys 0 00:00:27  -  Run Remote Usage
		Usr 0 00:00:00, Sys 0 00:00:00  -  Run Local Usage
		Usr 0 00:04:27, Sys 0 00:00:27  -  Total Remote Usage
		Usr 0 00:00:00, Sys 0 00:00:00  -  Total Local Usage
	0  -  Run Bytes Sent By Job
	0  -  Run Bytes Received By Job
	0  -  Total Bytes Sent By Job
	0  -  Total Bytes Received By Job
	Partitionable Resources :    Usage  Request Allocated 
	   Cpus                 :     0.03        1         1 
	   Disk (KB)            :     1     3584000   4781797 
	   Memory (MB)          :  8809        4096      4096 

	Job terminated of its own accord at 2021-03-26T17:17:41Z.
...
005 (18346174.011.000) 2021-03-26 18:17:53 Job terminated.
	(1) Normal termination (return value 0)
		Usr 0 00:04:19, Sys 0 00:00:29  -  Run Remote Usage
		Usr 0 00:00:00, Sys 0 00:00:00  -  Run Local Usage
		Usr 0 00:04:19, Sys 0 00:00:29  -  Total Remote Usage
		Usr 0 00:00:00, Sys 0 00:00:00  -  Total Local Usage
	0  -  Run Bytes Sent By Job
	0  -  Run Bytes Received By Job
	0  -  Total Bytes Sent By Job
	0  -  Total Bytes Received By Job
	Partitionable Resources :    Usage  Request Allocated 
	   Cpus                 :     0.53        1         1 
	   Disk (KB)            :     1     3584000   3816420 
	   Memory (MB)          :  9127        4096      4096 

	Job terminated of its own accord at 2021-03-26T17:17:53Z.
...
006 (18346174.019.000) 2021-03-26 18:18:04 Image size of job updated: 11457296
	5788  -  MemoryUsage of job (MB)
	5926076  -  ResidentSetSize of job (KB)
...
005 (18346174.019.000) 2021-03-26 18:18:04 Job terminated.
	(1) Normal termination (return value 0)
		Usr 0 00:04:36, Sys 0 00:00:26  -  Run Remote Usage
		Usr 0 00:00:00, Sys 0 00:00:00  -  Run Local Usage
		Usr 0 00:04:36, Sys 0 00:00:26  -  Total Remote Usage
		Usr 0 00:00:00, Sys 0 00:00:00  -  Total Local Usage
	0  -  Run Bytes Sent By Job
	0  -  Run Bytes Received By Job
	0  -  Total Bytes Sent By Job
	0  -  Total Bytes Received By Job
	Partitionable Resources :    Usage  Request Allocated 
	   Cpus                 :     0.38        1         1 
	   Disk (KB)            :     1     3584000   3990903 
	   Memory (MB)          :  5788        4096      4096 

	Job terminated of its own accord at 2021-03-26T17:18:04Z.
...
006 (18346174.014.000) 2021-03-26 18:18:12 Image size of job updated: 11370416
	10031  -  MemoryUsage of job (MB)
	10270832  -  ResidentSetSize of job (KB)
...
005 (18346174.014.000) 2021-03-26 18:18:12 Job terminated.
	(1) Normal termination (return value 0)
		Usr 0 00:04:47, Sys 0 00:00:27  -  Run Remote Usage
		Usr 0 00:00:00, Sys 0 00:00:00  -  Run Local Usage
		Usr 0 00:04:47, Sys 0 00:00:27  -  Total Remote Usage
		Usr 0 00:00:00, Sys 0 00:00:00  -  Total Local Usage
	0  -  Run Bytes Sent By Job
	0  -  Run Bytes Received By Job
	0  -  Total Bytes Sent By Job
	0  -  Total Bytes Received By Job
	Partitionable Resources :    Usage  Request Allocated 
	   Cpus                 :     0.35        1         1 
	   Disk (KB)            :     1     3584000   3955621 
	   Memory (MB)          : 10031        4096      4096 

	Job terminated of its own accord at 2021-03-26T17:18:12Z.
...
006 (18346174.013.000) 2021-03-26 18:18:17 Image size of job updated: 11392404
	3929  -  MemoryUsage of job (MB)
	4022432  -  ResidentSetSize of job (KB)
...
005 (18346174.013.000) 2021-03-26 18:18:17 Job terminated.
	(1) Normal termination (return value 0)
		Usr 0 00:04:55, Sys 0 00:00:21  -  Run Remote Usage
		Usr 0 00:00:00, Sys 0 00:00:00  -  Run Local Usage
		Usr 0 00:04:55, Sys 0 00:00:21  -  Total Remote Usage
		Usr 0 00:00:00, Sys 0 00:00:00  -  Total Local Usage
	0  -  Run Bytes Sent By Job
	0  -  Run Bytes Received By Job
	0  -  Total Bytes Sent By Job
	0  -  Total Bytes Received By Job
	Partitionable Resources :    Usage  Request Allocated 
	   Cpus                 :     0.40        1         1 
	   Disk (KB)            :     1     3584000   3990098 
	   Memory (MB)          :  3929        4096      4096 

	Job terminated of its own accord at 2021-03-26T17:18:17Z.
...
006 (18346174.002.000) 2021-03-26 18:18:27 Image size of job updated: 11293216
	5637  -  MemoryUsage of job (MB)
	5771788  -  ResidentSetSize of job (KB)
...
005 (18346174.002.000) 2021-03-26 18:18:27 Job terminated.
	(1) Normal termination (return value 0)
		Usr 0 00:04:12, Sys 0 00:00:33  -  Run Remote Usage
		Usr 0 00:00:00, Sys 0 00:00:00  -  Run Local Usage
		Usr 0 00:04:12, Sys 0 00:00:33  -  Total Remote Usage
		Usr 0 00:00:00, Sys 0 00:00:00  -  Total Local Usage
	0  -  Run Bytes Sent By Job
	0  -  Run Bytes Received By Job
	0  -  Total Bytes Sent By Job
	0  -  Total Bytes Received By Job
	Partitionable Resources :    Usage  Request Allocated 
	   Cpus                 :     0.59        1         1 
	   Disk (KB)            :     1     3584000   3838859 
	   Memory (MB)          :  5637        4096      4096 

	Job terminated of its own accord at 2021-03-26T17:18:27Z.
...
006 (18346174.005.000) 2021-03-26 18:18:39 Image size of job updated: 11295628
	8506  -  MemoryUsage of job (MB)
	8709260  -  ResidentSetSize of job (KB)
...
006 (18346174.009.000) 2021-03-26 18:18:39 Image size of job updated: 11446068
	8785  -  MemoryUsage of job (MB)
	8995204  -  ResidentSetSize of job (KB)
...
005 (18346174.005.000) 2021-03-26 18:18:39 Job terminated.
	(1) Normal termination (return value 0)
		Usr 0 00:05:07, Sys 0 00:00:30  -  Run Remote Usage
		Usr 0 00:00:00, Sys 0 00:00:00  -  Run Local Usage
		Usr 0 00:05:07, Sys 0 00:00:30  -  Total Remote Usage
		Usr 0 00:00:00, Sys 0 00:00:00  -  Total Local Usage
	0  -  Run Bytes Sent By Job
	0  -  Run Bytes Received By Job
	0  -  Total Bytes Sent By Job
	0  -  Total Bytes Received By Job
	Partitionable Resources :    Usage  Request Allocated 
	   Cpus                 :     0.40        1         1 
	   Disk (KB)            :     1     3584000   3950758 
	   Memory (MB)          :  8506        4096      4096 

	Job terminated of its own accord at 2021-03-26T17:18:39Z.
...
005 (18346174.009.000) 2021-03-26 18:18:39 Job terminated.
	(1) Normal termination (return value 0)
		Usr 0 00:05:14, Sys 0 00:00:29  -  Run Remote Usage
		Usr 0 00:00:00, Sys 0 00:00:00  -  Run Local Usage
		Usr 0 00:05:14, Sys 0 00:00:29  -  Total Remote Usage
		Usr 0 00:00:00, Sys 0 00:00:00  -  Total Local Usage
	0  -  Run Bytes Sent By Job
	0  -  Run Bytes Received By Job
	0  -  Total Bytes Sent By Job
	0  -  Total Bytes Received By Job
	Partitionable Resources :    Usage  Request Allocated 
	   Cpus                 :     0.39        1         1 
	   Disk (KB)            :     1     3584000   3950758 
	   Memory (MB)          :  8785        4096      4096 

	Job terminated of its own accord at 2021-03-26T17:18:39Z.
...
006 (18346174.006.000) 2021-03-26 18:18:45 Image size of job updated: 11296304
	5530  -  MemoryUsage of job (MB)
	5662208  -  ResidentSetSize of job (KB)
...
005 (18346174.006.000) 2021-03-26 18:18:45 Job terminated.
	(1) Normal termination (return value 0)
		Usr 0 00:04:10, Sys 0 00:00:32  -  Run Remote Usage
		Usr 0 00:00:00, Sys 0 00:00:00  -  Run Local Usage
		Usr 0 00:04:10, Sys 0 00:00:32  -  Total Remote Usage
		Usr 0 00:00:00, Sys 0 00:00:00  -  Total Local Usage
	0  -  Run Bytes Sent By Job
	0  -  Run Bytes Received By Job
	0  -  Total Bytes Sent By Job
	0  -  Total Bytes Received By Job
	Partitionable Resources :    Usage  Request Allocated 
	   Cpus                 :     0.55        1         1 
	   Disk (KB)            :     1     3584000   3838859 
	   Memory (MB)          :  5530        4096      4096 

	Job terminated of its own accord at 2021-03-26T17:18:45Z.
...
006 (18346174.020.000) 2021-03-26 18:19:32 Image size of job updated: 11301572
	8526  -  MemoryUsage of job (MB)
	8729812  -  ResidentSetSize of job (KB)
...
005 (18346174.020.000) 2021-03-26 18:19:32 Job terminated.
	(1) Normal termination (return value 0)
		Usr 0 00:04:49, Sys 0 00:00:27  -  Run Remote Usage
		Usr 0 00:00:00, Sys 0 00:00:00  -  Run Local Usage
		Usr 0 00:04:49, Sys 0 00:00:27  -  Total Remote Usage
		Usr 0 00:00:00, Sys 0 00:00:00  -  Total Local Usage
	0  -  Run Bytes Sent By Job
	0  -  Run Bytes Received By Job
	0  -  Total Bytes Sent By Job
	0  -  Total Bytes Received By Job
	Partitionable Resources :    Usage  Request Allocated 
	   Cpus                 :     0.66        1         1 
	   Disk (KB)            :     1     3584000   4783350 
	   Memory (MB)          :  8526        4096      4096 

	Job terminated of its own accord at 2021-03-26T17:19:32Z.
...
006 (18346174.012.000) 2021-03-26 18:20:46 Image size of job updated: 11371520
	7730  -  MemoryUsage of job (MB)
	7914580  -  ResidentSetSize of job (KB)
...
005 (18346174.012.000) 2021-03-26 18:20:46 Job terminated.
	(1) Normal termination (return value 0)
		Usr 0 00:05:15, Sys 0 00:00:20  -  Run Remote Usage
		Usr 0 00:00:00, Sys 0 00:00:00  -  Run Local Usage
		Usr 0 00:05:15, Sys 0 00:00:20  -  Total Remote Usage
		Usr 0 00:00:00, Sys 0 00:00:00  -  Total Local Usage
	0  -  Run Bytes Sent By Job
	0  -  Run Bytes Received By Job
	0  -  Total Bytes Sent By Job
	0  -  Total Bytes Received By Job
	Partitionable Resources :    Usage  Request Allocated 
	   Cpus                 :     0.45        1         1 
	   Disk (KB)            :     1     3584000   4202150 
	   Memory (MB)          :  7730        4096      4096 

	Job terminated of its own accord at 2021-03-26T17:20:46Z.
...
006 (18346174.003.000) 2021-03-26 18:21:03 Image size of job updated: 11280936
	7586  -  MemoryUsage of job (MB)
	7767108  -  ResidentSetSize of job (KB)
...
005 (18346174.003.000) 2021-03-26 18:21:03 Job terminated.
	(1) Normal termination (return value 0)
		Usr 0 00:04:14, Sys 0 00:00:30  -  Run Remote Usage
		Usr 0 00:00:00, Sys 0 00:00:00  -  Run Local Usage
		Usr 0 00:04:14, Sys 0 00:00:30  -  Total Remote Usage
		Usr 0 00:00:00, Sys 0 00:00:00  -  Total Local Usage
	0  -  Run Bytes Sent By Job
	0  -  Run Bytes Received By Job
	0  -  Total Bytes Sent By Job
	0  -  Total Bytes Received By Job
	Partitionable Resources :    Usage  Request Allocated 
	   Cpus                 :     0.37        1         1 
	   Disk (KB)            :     1     3584000   4293325 
	   Memory (MB)          :  7586        4096      4096 

	Job terminated of its own accord at 2021-03-26T17:21:03Z.
...
006 (18346174.001.000) 2021-03-26 18:21:12 Image size of job updated: 10444720
	4020  -  MemoryUsage of job (MB)
	4115700  -  ResidentSetSize of job (KB)
...
006 (18346174.010.000) 2021-03-26 18:21:12 Image size of job updated: 7734068
	4001  -  MemoryUsage of job (MB)
	4096104  -  ResidentSetSize of job (KB)
...
006 (18346174.000.000) 2021-03-26 18:21:12 Image size of job updated: 7955536
	7214  -  MemoryUsage of job (MB)
	7386928  -  ResidentSetSize of job (KB)
...
006 (18346174.008.000) 2021-03-26 18:21:12 Image size of job updated: 10576320
	4135  -  MemoryUsage of job (MB)
	4234000  -  ResidentSetSize of job (KB)
...
006 (18346174.007.000) 2021-03-26 18:21:12 Image size of job updated: 11204828
	10462  -  MemoryUsage of job (MB)
	10712100  -  ResidentSetSize of job (KB)
...
006 (18346174.004.000) 2021-03-26 18:21:13 Image size of job updated: 7665748
	4085  -  MemoryUsage of job (MB)
	4182924  -  ResidentSetSize of job (KB)
...
005 (18346174.007.000) 2021-03-26 18:21:28 Job terminated.
	(1) Normal termination (return value 0)
		Usr 0 00:04:16, Sys 0 00:00:33  -  Run Remote Usage
		Usr 0 00:00:00, Sys 0 00:00:00  -  Run Local Usage
		Usr 0 00:04:16, Sys 0 00:00:33  -  Total Remote Usage
		Usr 0 00:00:00, Sys 0 00:00:00  -  Total Local Usage
	0  -  Run Bytes Sent By Job
	0  -  Run Bytes Received By Job
	0  -  Total Bytes Sent By Job
	0  -  Total Bytes Received By Job
	Partitionable Resources :    Usage  Request Allocated 
	   Cpus                 :     0.41        1         1 
	   Disk (KB)            :     1     3584000   4293325 
	   Memory (MB)          : 10462        4096      4096 

	Job terminated of its own accord at 2021-03-26T17:21:28Z.
...
006 (18346174.018.000) 2021-03-26 18:21:46 Image size of job updated: 11351280
	4854  -  MemoryUsage of job (MB)
	4970084  -  ResidentSetSize of job (KB)
...
006 (18346174.017.000) 2021-03-26 18:21:46 Image size of job updated: 11320096
	9141  -  MemoryUsage of job (MB)
	9359936  -  ResidentSetSize of job (KB)
...
006 (18346174.018.000) 2021-03-26 18:21:51 Image size of job updated: 11351528
	4854  -  MemoryUsage of job (MB)
	4970236  -  ResidentSetSize of job (KB)
...
005 (18346174.018.000) 2021-03-26 18:21:51 Job terminated.
	(1) Normal termination (return value 0)
		Usr 0 00:05:07, Sys 0 00:00:31  -  Run Remote Usage
		Usr 0 00:00:00, Sys 0 00:00:00  -  Run Local Usage
		Usr 0 00:05:07, Sys 0 00:00:31  -  Total Remote Usage
		Usr 0 00:00:00, Sys 0 00:00:00  -  Total Local Usage
	0  -  Run Bytes Sent By Job
	0  -  Run Bytes Received By Job
	0  -  Total Bytes Sent By Job
	0  -  Total Bytes Received By Job
	Partitionable Resources :    Usage  Request Allocated 
	   Cpus                 :     0.45        1         1 
	   Disk (KB)            :     1     3584000   3967773 
	   Memory (MB)          :  4854        4096      4096 

	Job terminated of its own accord at 2021-03-26T17:21:51Z.
...
005 (18346174.017.000) 2021-03-26 18:21:56 Job terminated.
	(1) Normal termination (return value 0)
		Usr 0 00:04:55, Sys 0 00:00:33  -  Run Remote Usage
		Usr 0 00:00:00, Sys 0 00:00:00  -  Run Local Usage
		Usr 0 00:04:55, Sys 0 00:00:33  -  Total Remote Usage
		Usr 0 00:00:00, Sys 0 00:00:00  -  Total Local Usage
	0  -  Run Bytes Sent By Job
	0  -  Run Bytes Received By Job
	0  -  Total Bytes Sent By Job
	0  -  Total Bytes Received By Job
	Partitionable Resources :    Usage  Request Allocated 
	   Cpus                 :     0.39        1         1 
	   Disk (KB)            :     1     3584000   4490637 
	   Memory (MB)          :  9141        4096      4096 

	Job terminated of its own accord at 2021-03-26T17:21:56Z.
...
006 (18346174.001.000) 2021-03-26 18:24:11 Image size of job updated: 10444720
	4020  -  MemoryUsage of job (MB)
	4115712  -  ResidentSetSize of job (KB)
...
005 (18346174.001.000) 2021-03-26 18:24:11 Job terminated.
	(1) Normal termination (return value 0)
		Usr 0 00:04:17, Sys 0 00:00:25  -  Run Remote Usage
		Usr 0 00:00:00, Sys 0 00:00:00  -  Run Local Usage
		Usr 0 00:04:17, Sys 0 00:00:25  -  Total Remote Usage
		Usr 0 00:00:00, Sys 0 00:00:00  -  Total Local Usage
	0  -  Run Bytes Sent By Job
	0  -  Run Bytes Received By Job
	0  -  Total Bytes Sent By Job
	0  -  Total Bytes Received By Job
	Partitionable Resources :    Usage  Request Allocated 
	   Cpus                 :     0.14        1         1 
	   Disk (KB)            :     1     3584000   3818008 
	   Memory (MB)          :  4020        4096      4096 

	Job terminated of its own accord at 2021-03-26T17:24:11Z.
...
006 (18346174.008.000) 2021-03-26 18:24:15 Image size of job updated: 11333664
	4135  -  MemoryUsage of job (MB)
	4234144  -  ResidentSetSize of job (KB)
...
005 (18346174.008.000) 2021-03-26 18:24:15 Job terminated.
	(1) Normal termination (return value 0)
		Usr 0 00:04:16, Sys 0 00:00:25  -  Run Remote Usage
		Usr 0 00:00:00, Sys 0 00:00:00  -  Run Local Usage
		Usr 0 00:04:16, Sys 0 00:00:25  -  Total Remote Usage
		Usr 0 00:00:00, Sys 0 00:00:00  -  Total Local Usage
	0  -  Run Bytes Sent By Job
	0  -  Run Bytes Received By Job
	0  -  Total Bytes Sent By Job
	0  -  Total Bytes Received By Job
	Partitionable Resources :    Usage  Request Allocated 
	   Cpus                 :     0.14        1         1 
	   Disk (KB)            :     1     3584000   3818008 
	   Memory (MB)          :  4135        4096      4096 

	Job terminated of its own accord at 2021-03-26T17:24:15Z.
...
006 (18346174.000.000) 2021-03-26 18:26:13 Image size of job updated: 10730584
	8234  -  MemoryUsage of job (MB)
	8431592  -  ResidentSetSize of job (KB)
...
006 (18346174.010.000) 2021-03-26 18:26:13 Image size of job updated: 10613920
	4658  -  MemoryUsage of job (MB)
	4769108  -  ResidentSetSize of job (KB)
...
006 (18346174.004.000) 2021-03-26 18:26:14 Image size of job updated: 10603116
	4252  -  MemoryUsage of job (MB)
	4353544  -  ResidentSetSize of job (KB)
...
006 (18346174.000.000) 2021-03-26 18:27:06 Image size of job updated: 11274576
	8235  -  MemoryUsage of job (MB)
	8431628  -  ResidentSetSize of job (KB)
...
005 (18346174.000.000) 2021-03-26 18:27:06 Job terminated.
	(1) Normal termination (return value 0)
		Usr 0 00:06:01, Sys 0 00:00:35  -  Run Remote Usage
		Usr 0 00:00:00, Sys 0 00:00:00  -  Run Local Usage
		Usr 0 00:06:01, Sys 0 00:00:35  -  Total Remote Usage
		Usr 0 00:00:00, Sys 0 00:00:00  -  Total Local Usage
	0  -  Run Bytes Sent By Job
	0  -  Run Bytes Received By Job
	0  -  Total Bytes Sent By Job
	0  -  Total Bytes Received By Job
	Partitionable Resources :    Usage  Request Allocated 
	   Cpus                 :     0.35        1         1 
	   Disk (KB)            :     1     3584000   4291318 
	   Memory (MB)          :  8235        4096      4096 

	Job terminated of its own accord at 2021-03-26T17:27:06Z.
...
006 (18346174.004.000) 2021-03-26 18:27:30 Image size of job updated: 11362652
	4252  -  MemoryUsage of job (MB)
	4353564  -  ResidentSetSize of job (KB)
...
005 (18346174.004.000) 2021-03-26 18:27:30 Job terminated.
	(1) Normal termination (return value 0)
		Usr 0 00:07:02, Sys 0 00:00:40  -  Run Remote Usage
		Usr 0 00:00:00, Sys 0 00:00:00  -  Run Local Usage
		Usr 0 00:07:02, Sys 0 00:00:40  -  Total Remote Usage
		Usr 0 00:00:00, Sys 0 00:00:00  -  Total Local Usage
	0  -  Run Bytes Sent By Job
	0  -  Run Bytes Received By Job
	0  -  Total Bytes Sent By Job
	0  -  Total Bytes Received By Job
	Partitionable Resources :    Usage  Request Allocated 
	   Cpus                 :     0.44        1         1 
	   Disk (KB)            :     1     3584000   4430893 
	   Memory (MB)          :  4252        4096      4096 

	Job terminated of its own accord at 2021-03-26T17:27:30Z.
...
006 (18346174.010.000) 2021-03-26 18:27:31 Image size of job updated: 11391208
	4658  -  MemoryUsage of job (MB)
	4769140  -  ResidentSetSize of job (KB)
...
005 (18346174.010.000) 2021-03-26 18:27:31 Job terminated.
	(1) Normal termination (return value 0)
		Usr 0 00:06:58, Sys 0 00:00:42  -  Run Remote Usage
		Usr 0 00:00:00, Sys 0 00:00:00  -  Run Local Usage
		Usr 0 00:06:58, Sys 0 00:00:42  -  Total Remote Usage
		Usr 0 00:00:00, Sys 0 00:00:00  -  Total Local Usage
	0  -  Run Bytes Sent By Job
	0  -  Run Bytes Received By Job
	0  -  Total Bytes Sent By Job
	0  -  Total Bytes Received By Job
	Partitionable Resources :    Usage  Request Allocated 
	   Cpus                 :     0.42        1         1 
	   Disk (KB)            :     1     3584000   4430893 
	   Memory (MB)          :  4658        4096      4096 

	Job terminated of its own accord at 2021-03-26T17:27:30Z.
...
