000 (13901928.000.000) 2021-01-07 12:19:56 Job submitted from host: <131.169.223.42:9618?addrs=131.169.223.42-9618+[2001-638-700-10df--1-2a]-9618&alias=bird-htc-sched14.desy.de&noUDP&sock=schedd_1936_8371_3>
...
000 (13901928.001.000) 2021-01-07 12:19:56 Job submitted from host: <131.169.223.42:9618?addrs=131.169.223.42-9618+[2001-638-700-10df--1-2a]-9618&alias=bird-htc-sched14.desy.de&noUDP&sock=schedd_1936_8371_3>
...
000 (13901928.002.000) 2021-01-07 12:19:56 Job submitted from host: <131.169.223.42:9618?addrs=131.169.223.42-9618+[2001-638-700-10df--1-2a]-9618&alias=bird-htc-sched14.desy.de&noUDP&sock=schedd_1936_8371_3>
...
000 (13901928.003.000) 2021-01-07 12:19:56 Job submitted from host: <131.169.223.42:9618?addrs=131.169.223.42-9618+[2001-638-700-10df--1-2a]-9618&alias=bird-htc-sched14.desy.de&noUDP&sock=schedd_1936_8371_3>
...
000 (13901928.004.000) 2021-01-07 12:19:56 Job submitted from host: <131.169.223.42:9618?addrs=131.169.223.42-9618+[2001-638-700-10df--1-2a]-9618&alias=bird-htc-sched14.desy.de&noUDP&sock=schedd_1936_8371_3>
...
000 (13901928.005.000) 2021-01-07 12:19:56 Job submitted from host: <131.169.223.42:9618?addrs=131.169.223.42-9618+[2001-638-700-10df--1-2a]-9618&alias=bird-htc-sched14.desy.de&noUDP&sock=schedd_1936_8371_3>
...
000 (13901928.006.000) 2021-01-07 12:19:56 Job submitted from host: <131.169.223.42:9618?addrs=131.169.223.42-9618+[2001-638-700-10df--1-2a]-9618&alias=bird-htc-sched14.desy.de&noUDP&sock=schedd_1936_8371_3>
...
000 (13901928.007.000) 2021-01-07 12:19:56 Job submitted from host: <131.169.223.42:9618?addrs=131.169.223.42-9618+[2001-638-700-10df--1-2a]-9618&alias=bird-htc-sched14.desy.de&noUDP&sock=schedd_1936_8371_3>
...
000 (13901928.008.000) 2021-01-07 12:19:56 Job submitted from host: <131.169.223.42:9618?addrs=131.169.223.42-9618+[2001-638-700-10df--1-2a]-9618&alias=bird-htc-sched14.desy.de&noUDP&sock=schedd_1936_8371_3>
...
000 (13901928.009.000) 2021-01-07 12:19:56 Job submitted from host: <131.169.223.42:9618?addrs=131.169.223.42-9618+[2001-638-700-10df--1-2a]-9618&alias=bird-htc-sched14.desy.de&noUDP&sock=schedd_1936_8371_3>
...
000 (13901928.010.000) 2021-01-07 12:19:56 Job submitted from host: <131.169.223.42:9618?addrs=131.169.223.42-9618+[2001-638-700-10df--1-2a]-9618&alias=bird-htc-sched14.desy.de&noUDP&sock=schedd_1936_8371_3>
...
000 (13901928.011.000) 2021-01-07 12:19:56 Job submitted from host: <131.169.223.42:9618?addrs=131.169.223.42-9618+[2001-638-700-10df--1-2a]-9618&alias=bird-htc-sched14.desy.de&noUDP&sock=schedd_1936_8371_3>
...
000 (13901928.012.000) 2021-01-07 12:19:56 Job submitted from host: <131.169.223.42:9618?addrs=131.169.223.42-9618+[2001-638-700-10df--1-2a]-9618&alias=bird-htc-sched14.desy.de&noUDP&sock=schedd_1936_8371_3>
...
000 (13901928.013.000) 2021-01-07 12:19:56 Job submitted from host: <131.169.223.42:9618?addrs=131.169.223.42-9618+[2001-638-700-10df--1-2a]-9618&alias=bird-htc-sched14.desy.de&noUDP&sock=schedd_1936_8371_3>
...
000 (13901928.014.000) 2021-01-07 12:19:56 Job submitted from host: <131.169.223.42:9618?addrs=131.169.223.42-9618+[2001-638-700-10df--1-2a]-9618&alias=bird-htc-sched14.desy.de&noUDP&sock=schedd_1936_8371_3>
...
000 (13901928.015.000) 2021-01-07 12:19:56 Job submitted from host: <131.169.223.42:9618?addrs=131.169.223.42-9618+[2001-638-700-10df--1-2a]-9618&alias=bird-htc-sched14.desy.de&noUDP&sock=schedd_1936_8371_3>
...
000 (13901928.016.000) 2021-01-07 12:19:56 Job submitted from host: <131.169.223.42:9618?addrs=131.169.223.42-9618+[2001-638-700-10df--1-2a]-9618&alias=bird-htc-sched14.desy.de&noUDP&sock=schedd_1936_8371_3>
...
000 (13901928.017.000) 2021-01-07 12:19:56 Job submitted from host: <131.169.223.42:9618?addrs=131.169.223.42-9618+[2001-638-700-10df--1-2a]-9618&alias=bird-htc-sched14.desy.de&noUDP&sock=schedd_1936_8371_3>
...
000 (13901928.018.000) 2021-01-07 12:19:56 Job submitted from host: <131.169.223.42:9618?addrs=131.169.223.42-9618+[2001-638-700-10df--1-2a]-9618&alias=bird-htc-sched14.desy.de&noUDP&sock=schedd_1936_8371_3>
...
000 (13901928.019.000) 2021-01-07 12:19:56 Job submitted from host: <131.169.223.42:9618?addrs=131.169.223.42-9618+[2001-638-700-10df--1-2a]-9618&alias=bird-htc-sched14.desy.de&noUDP&sock=schedd_1936_8371_3>
...
000 (13901928.020.000) 2021-01-07 12:19:56 Job submitted from host: <131.169.223.42:9618?addrs=131.169.223.42-9618+[2001-638-700-10df--1-2a]-9618&alias=bird-htc-sched14.desy.de&noUDP&sock=schedd_1936_8371_3>
...
000 (13901928.021.000) 2021-01-07 12:19:56 Job submitted from host: <131.169.223.42:9618?addrs=131.169.223.42-9618+[2001-638-700-10df--1-2a]-9618&alias=bird-htc-sched14.desy.de&noUDP&sock=schedd_1936_8371_3>
...
000 (13901928.022.000) 2021-01-07 12:19:56 Job submitted from host: <131.169.223.42:9618?addrs=131.169.223.42-9618+[2001-638-700-10df--1-2a]-9618&alias=bird-htc-sched14.desy.de&noUDP&sock=schedd_1936_8371_3>
...
000 (13901928.023.000) 2021-01-07 12:19:56 Job submitted from host: <131.169.223.42:9618?addrs=131.169.223.42-9618+[2001-638-700-10df--1-2a]-9618&alias=bird-htc-sched14.desy.de&noUDP&sock=schedd_1936_8371_3>
...
000 (13901928.024.000) 2021-01-07 12:19:56 Job submitted from host: <131.169.223.42:9618?addrs=131.169.223.42-9618+[2001-638-700-10df--1-2a]-9618&alias=bird-htc-sched14.desy.de&noUDP&sock=schedd_1936_8371_3>
...
001 (13901928.000.000) 2021-01-07 12:24:03 Job executing on host: <131.169.162.156:33000?addrs=131.169.162.156-33000&alias=batch1156.desy.de>
...
006 (13901928.000.000) 2021-01-07 12:24:11 Image size of job updated: 394440
	378  -  MemoryUsage of job (MB)
	386424  -  ResidentSetSize of job (KB)
...
001 (13901928.001.000) 2021-01-07 12:24:21 Job executing on host: <131.169.162.151:46593?addrs=131.169.162.151-46593&alias=batch1151.desy.de>
...
001 (13901928.002.000) 2021-01-07 12:24:23 Job executing on host: <131.169.162.157:44078?addrs=131.169.162.157-44078&alias=batch1157.desy.de>
...
001 (13901928.003.000) 2021-01-07 12:24:23 Job executing on host: <131.169.162.157:44078?addrs=131.169.162.157-44078&alias=batch1157.desy.de>
...
001 (13901928.004.000) 2021-01-07 12:24:24 Job executing on host: <131.169.160.179:34931?addrs=131.169.160.179-34931&alias=batch1181.desy.de>
...
001 (13901928.005.000) 2021-01-07 12:24:24 Job executing on host: <131.169.162.170:35564?addrs=131.169.162.170-35564&alias=batch1170.desy.de>
...
001 (13901928.008.000) 2021-01-07 12:24:24 Job executing on host: <131.169.162.157:44078?addrs=131.169.162.157-44078&alias=batch1157.desy.de>
...
001 (13901928.006.000) 2021-01-07 12:24:24 Job executing on host: <131.169.160.164:38857?addrs=131.169.160.164-38857&alias=batch1064.desy.de>
...
001 (13901928.009.000) 2021-01-07 12:24:24 Job executing on host: <131.169.162.170:35564?addrs=131.169.162.170-35564&alias=batch1170.desy.de>
...
001 (13901928.011.000) 2021-01-07 12:24:25 Job executing on host: <131.169.162.170:35564?addrs=131.169.162.170-35564&alias=batch1170.desy.de>
...
001 (13901928.010.000) 2021-01-07 12:24:25 Job executing on host: <131.169.162.157:44078?addrs=131.169.162.157-44078&alias=batch1157.desy.de>
...
001 (13901928.015.000) 2021-01-07 12:24:25 Job executing on host: <131.169.162.170:35564?addrs=131.169.162.170-35564&alias=batch1170.desy.de>
...
001 (13901928.016.000) 2021-01-07 12:24:25 Job executing on host: <131.169.160.179:34931?addrs=131.169.160.179-34931&alias=batch1181.desy.de>
...
001 (13901928.018.000) 2021-01-07 12:24:25 Job executing on host: <131.169.162.157:44078?addrs=131.169.162.157-44078&alias=batch1157.desy.de>
...
001 (13901928.019.000) 2021-01-07 12:24:25 Job executing on host: <131.169.160.179:34931?addrs=131.169.160.179-34931&alias=batch1181.desy.de>
...
001 (13901928.007.000) 2021-01-07 12:24:25 Job executing on host: <131.169.160.164:38857?addrs=131.169.160.164-38857&alias=batch1064.desy.de>
...
001 (13901928.020.000) 2021-01-07 12:24:26 Job executing on host: <131.169.160.179:34931?addrs=131.169.160.179-34931&alias=batch1181.desy.de>
...
001 (13901928.021.000) 2021-01-07 12:24:26 Job executing on host: <131.169.162.170:35564?addrs=131.169.162.170-35564&alias=batch1170.desy.de>
...
001 (13901928.022.000) 2021-01-07 12:24:26 Job executing on host: <131.169.160.179:34931?addrs=131.169.160.179-34931&alias=batch1181.desy.de>
...
001 (13901928.012.000) 2021-01-07 12:24:26 Job executing on host: <131.169.162.157:44078?addrs=131.169.162.157-44078&alias=batch1157.desy.de>
...
001 (13901928.013.000) 2021-01-07 12:24:26 Job executing on host: <131.169.162.157:44078?addrs=131.169.162.157-44078&alias=batch1157.desy.de>
...
001 (13901928.014.000) 2021-01-07 12:24:26 Job executing on host: <131.169.160.164:38857?addrs=131.169.160.164-38857&alias=batch1064.desy.de>
...
001 (13901928.017.000) 2021-01-07 12:24:26 Job executing on host: <131.169.160.179:34931?addrs=131.169.160.179-34931&alias=batch1181.desy.de>
...
006 (13901928.001.000) 2021-01-07 12:24:29 Image size of job updated: 632900
	539  -  MemoryUsage of job (MB)
	550944  -  ResidentSetSize of job (KB)
...
001 (13901928.023.000) 2021-01-07 12:24:31 Job executing on host: <131.169.162.158:44018?addrs=131.169.162.158-44018&alias=batch1158.desy.de>
...
006 (13901928.003.000) 2021-01-07 12:24:32 Image size of job updated: 300848
	294  -  MemoryUsage of job (MB)
	300280  -  ResidentSetSize of job (KB)
...
001 (13901928.024.000) 2021-01-07 12:24:32 Job executing on host: <131.169.162.158:44018?addrs=131.169.162.158-44018&alias=batch1158.desy.de>
...
006 (13901928.002.000) 2021-01-07 12:24:32 Image size of job updated: 344348
	336  -  MemoryUsage of job (MB)
	343384  -  ResidentSetSize of job (KB)
...
006 (13901928.011.000) 2021-01-07 12:24:33 Image size of job updated: 516828
	496  -  MemoryUsage of job (MB)
	507772  -  ResidentSetSize of job (KB)
...
006 (13901928.004.000) 2021-01-07 12:24:33 Image size of job updated: 421244
	411  -  MemoryUsage of job (MB)
	419884  -  ResidentSetSize of job (KB)
...
006 (13901928.005.000) 2021-01-07 12:24:33 Image size of job updated: 561908
	537  -  MemoryUsage of job (MB)
	549264  -  ResidentSetSize of job (KB)
...
006 (13901928.008.000) 2021-01-07 12:24:33 Image size of job updated: 396088
	387  -  MemoryUsage of job (MB)
	396008  -  ResidentSetSize of job (KB)
...
006 (13901928.006.000) 2021-01-07 12:24:33 Image size of job updated: 72468
	66  -  MemoryUsage of job (MB)
	66776  -  ResidentSetSize of job (KB)
...
006 (13901928.009.000) 2021-01-07 12:24:34 Image size of job updated: 575908
	544  -  MemoryUsage of job (MB)
	556500  -  ResidentSetSize of job (KB)
...
006 (13901928.007.000) 2021-01-07 12:24:34 Image size of job updated: 70972
	67  -  MemoryUsage of job (MB)
	67924  -  ResidentSetSize of job (KB)
...
006 (13901928.020.000) 2021-01-07 12:24:34 Image size of job updated: 349704
	342  -  MemoryUsage of job (MB)
	349660  -  ResidentSetSize of job (KB)
...
006 (13901928.021.000) 2021-01-07 12:24:34 Image size of job updated: 544568
	503  -  MemoryUsage of job (MB)
	514512  -  ResidentSetSize of job (KB)
...
006 (13901928.022.000) 2021-01-07 12:24:34 Image size of job updated: 7103692
	6869  -  MemoryUsage of job (MB)
	7033616  -  ResidentSetSize of job (KB)
...
006 (13901928.010.000) 2021-01-07 12:24:34 Image size of job updated: 433932
	423  -  MemoryUsage of job (MB)
	432528  -  ResidentSetSize of job (KB)
...
006 (13901928.015.000) 2021-01-07 12:24:34 Image size of job updated: 549076
	535  -  MemoryUsage of job (MB)
	547588  -  ResidentSetSize of job (KB)
...
006 (13901928.016.000) 2021-01-07 12:24:34 Image size of job updated: 494264
	483  -  MemoryUsage of job (MB)
	494216  -  ResidentSetSize of job (KB)
...
006 (13901928.018.000) 2021-01-07 12:24:34 Image size of job updated: 464452
	447  -  MemoryUsage of job (MB)
	457044  -  ResidentSetSize of job (KB)
...
006 (13901928.019.000) 2021-01-07 12:24:34 Image size of job updated: 504832
	493  -  MemoryUsage of job (MB)
	504200  -  ResidentSetSize of job (KB)
...
006 (13901928.012.000) 2021-01-07 12:24:35 Image size of job updated: 507508
	482  -  MemoryUsage of job (MB)
	493096  -  ResidentSetSize of job (KB)
...
006 (13901928.013.000) 2021-01-07 12:24:35 Image size of job updated: 507560
	488  -  MemoryUsage of job (MB)
	499372  -  ResidentSetSize of job (KB)
...
006 (13901928.014.000) 2021-01-07 12:24:35 Image size of job updated: 180520
	163  -  MemoryUsage of job (MB)
	166532  -  ResidentSetSize of job (KB)
...
006 (13901928.017.000) 2021-01-07 12:24:35 Image size of job updated: 403700
	394  -  MemoryUsage of job (MB)
	402604  -  ResidentSetSize of job (KB)
...
006 (13901928.023.000) 2021-01-07 12:24:39 Image size of job updated: 364944
	347  -  MemoryUsage of job (MB)
	354844  -  ResidentSetSize of job (KB)
...
006 (13901928.024.000) 2021-01-07 12:24:40 Image size of job updated: 498828
	478  -  MemoryUsage of job (MB)
	488688  -  ResidentSetSize of job (KB)
...
006 (13901928.000.000) 2021-01-07 12:27:33 Image size of job updated: 10916340
	378  -  MemoryUsage of job (MB)
	386724  -  ResidentSetSize of job (KB)
...
005 (13901928.000.000) 2021-01-07 12:27:33 Job terminated.
	(1) Normal termination (return value 0)
		Usr 0 00:02:42, Sys 0 00:00:08  -  Run Remote Usage
		Usr 0 00:00:00, Sys 0 00:00:00  -  Run Local Usage
		Usr 0 00:02:42, Sys 0 00:00:08  -  Total Remote Usage
		Usr 0 00:00:00, Sys 0 00:00:00  -  Total Local Usage
	0  -  Run Bytes Sent By Job
	0  -  Run Bytes Received By Job
	0  -  Total Bytes Sent By Job
	0  -  Total Bytes Received By Job
	Partitionable Resources :    Usage  Request Allocated 
	   Cpus                 :     0.84        1         1 
	   Disk (KB)            :     1     3584000   4475009 
	   Memory (MB)          :   378        4096      4096 

	Job terminated of its own accord at 2021-01-07T11:27:33Z.
...
006 (13901928.001.000) 2021-01-07 12:27:44 Image size of job updated: 11002228
	539  -  MemoryUsage of job (MB)
	551004  -  ResidentSetSize of job (KB)
...
005 (13901928.001.000) 2021-01-07 12:27:44 Job terminated.
	(1) Normal termination (return value 0)
		Usr 0 00:02:43, Sys 0 00:00:08  -  Run Remote Usage
		Usr 0 00:00:00, Sys 0 00:00:00  -  Run Local Usage
		Usr 0 00:02:43, Sys 0 00:00:08  -  Total Remote Usage
		Usr 0 00:00:00, Sys 0 00:00:00  -  Total Local Usage
	0  -  Run Bytes Sent By Job
	0  -  Run Bytes Received By Job
	0  -  Total Bytes Sent By Job
	0  -  Total Bytes Received By Job
	Partitionable Resources :    Usage  Request Allocated 
	   Cpus                 :     0.90        1         1 
	   Disk (KB)            :     1     3584000   4410209 
	   Memory (MB)          :   539        4096      4096 

	Job terminated of its own accord at 2021-01-07T11:27:44Z.
...
006 (13901928.009.000) 2021-01-07 12:28:04 Image size of job updated: 11104536
	544  -  MemoryUsage of job (MB)
	556536  -  ResidentSetSize of job (KB)
...
005 (13901928.009.000) 2021-01-07 12:28:04 Job terminated.
	(1) Normal termination (return value 0)
		Usr 0 00:02:47, Sys 0 00:00:13  -  Run Remote Usage
		Usr 0 00:00:00, Sys 0 00:00:00  -  Run Local Usage
		Usr 0 00:02:47, Sys 0 00:00:13  -  Total Remote Usage
		Usr 0 00:00:00, Sys 0 00:00:00  -  Total Local Usage
	0  -  Run Bytes Sent By Job
	0  -  Run Bytes Received By Job
	0  -  Total Bytes Sent By Job
	0  -  Total Bytes Received By Job
	Partitionable Resources :    Usage  Request Allocated 
	   Cpus                 :     0.88        1         1 
	   Disk (KB)            :     1     3584000   4409719 
	   Memory (MB)          :   544        4096      4096 

	Job terminated of its own accord at 2021-01-07T11:28:04Z.
...
006 (13901928.023.000) 2021-01-07 12:28:05 Image size of job updated: 11136264
	347  -  MemoryUsage of job (MB)
	354944  -  ResidentSetSize of job (KB)
...
005 (13901928.023.000) 2021-01-07 12:28:05 Job terminated.
	(1) Normal termination (return value 0)
		Usr 0 00:02:47, Sys 0 00:00:11  -  Run Remote Usage
		Usr 0 00:00:00, Sys 0 00:00:00  -  Run Local Usage
		Usr 0 00:02:47, Sys 0 00:00:11  -  Total Remote Usage
		Usr 0 00:00:00, Sys 0 00:00:00  -  Total Local Usage
	0  -  Run Bytes Sent By Job
	0  -  Run Bytes Received By Job
	0  -  Total Bytes Sent By Job
	0  -  Total Bytes Received By Job
	Partitionable Resources :    Usage  Request Allocated 
	   Cpus                 :     0.86        1         1 
	   Disk (KB)            :     1     3584000   4408847 
	   Memory (MB)          :   347        4096      4096 

	Job terminated of its own accord at 2021-01-07T11:28:05Z.
...
005 (13901928.024.000) 2021-01-07 12:28:05 Job terminated.
	(1) Normal termination (return value 0)
		Usr 0 00:02:48, Sys 0 00:00:11  -  Run Remote Usage
		Usr 0 00:00:00, Sys 0 00:00:00  -  Run Local Usage
		Usr 0 00:02:48, Sys 0 00:00:11  -  Total Remote Usage
		Usr 0 00:00:00, Sys 0 00:00:00  -  Total Local Usage
	0  -  Run Bytes Sent By Job
	0  -  Run Bytes Received By Job
	0  -  Total Bytes Sent By Job
	0  -  Total Bytes Received By Job
	Partitionable Resources :    Usage  Request Allocated 
	   Cpus                 :     0.69        1         1 
	   Disk (KB)            :     1     3584000   4408847 
	   Memory (MB)          :   478        4096      4096 

	Job terminated of its own accord at 2021-01-07T11:28:05Z.
...
006 (13901928.021.000) 2021-01-07 12:28:06 Image size of job updated: 12689016
	503  -  MemoryUsage of job (MB)
	514548  -  ResidentSetSize of job (KB)
...
006 (13901928.005.000) 2021-01-07 12:28:06 Image size of job updated: 12704684
	537  -  MemoryUsage of job (MB)
	549296  -  ResidentSetSize of job (KB)
...
005 (13901928.021.000) 2021-01-07 12:28:06 Job terminated.
	(1) Normal termination (return value 0)
		Usr 0 00:02:47, Sys 0 00:00:13  -  Run Remote Usage
		Usr 0 00:00:00, Sys 0 00:00:00  -  Run Local Usage
		Usr 0 00:02:47, Sys 0 00:00:13  -  Total Remote Usage
		Usr 0 00:00:00, Sys 0 00:00:00  -  Total Local Usage
	0  -  Run Bytes Sent By Job
	0  -  Run Bytes Received By Job
	0  -  Total Bytes Sent By Job
	0  -  Total Bytes Received By Job
	Partitionable Resources :    Usage  Request Allocated 
	   Cpus                 :     0.85        1         1 
	   Disk (KB)            :     1     3584000   4409719 
	   Memory (MB)          :   503        4096      4096 

	Job terminated of its own accord at 2021-01-07T11:28:06Z.
...
005 (13901928.005.000) 2021-01-07 12:28:06 Job terminated.
	(1) Normal termination (return value 0)
		Usr 0 00:02:50, Sys 0 00:00:11  -  Run Remote Usage
		Usr 0 00:00:00, Sys 0 00:00:00  -  Run Local Usage
		Usr 0 00:02:50, Sys 0 00:00:11  -  Total Remote Usage
		Usr 0 00:00:00, Sys 0 00:00:00  -  Total Local Usage
	0  -  Run Bytes Sent By Job
	0  -  Run Bytes Received By Job
	0  -  Total Bytes Sent By Job
	0  -  Total Bytes Received By Job
	Partitionable Resources :    Usage  Request Allocated 
	   Cpus                 :     0.83        1         1 
	   Disk (KB)            :     1     3584000   4409719 
	   Memory (MB)          :   537        4096      4096 

	Job terminated of its own accord at 2021-01-07T11:28:06Z.
...
006 (13901928.015.000) 2021-01-07 12:28:09 Image size of job updated: 11130868
	535  -  MemoryUsage of job (MB)
	547636  -  ResidentSetSize of job (KB)
...
005 (13901928.015.000) 2021-01-07 12:28:09 Job terminated.
	(1) Normal termination (return value 0)
		Usr 0 00:02:51, Sys 0 00:00:13  -  Run Remote Usage
		Usr 0 00:00:00, Sys 0 00:00:00  -  Run Local Usage
		Usr 0 00:02:51, Sys 0 00:00:13  -  Total Remote Usage
		Usr 0 00:00:00, Sys 0 00:00:00  -  Total Local Usage
	0  -  Run Bytes Sent By Job
	0  -  Run Bytes Received By Job
	0  -  Total Bytes Sent By Job
	0  -  Total Bytes Received By Job
	Partitionable Resources :    Usage  Request Allocated 
	   Cpus                 :     0.91        1         1 
	   Disk (KB)            :     1     3584000   4409719 
	   Memory (MB)          :   535        4096      4096 

	Job terminated of its own accord at 2021-01-07T11:28:09Z.
...
006 (13901928.011.000) 2021-01-07 12:28:12 Image size of job updated: 12603864
	496  -  MemoryUsage of job (MB)
	507828  -  ResidentSetSize of job (KB)
...
005 (13901928.011.000) 2021-01-07 12:28:12 Job terminated.
	(1) Normal termination (return value 0)
		Usr 0 00:02:53, Sys 0 00:00:16  -  Run Remote Usage
		Usr 0 00:00:00, Sys 0 00:00:00  -  Run Local Usage
		Usr 0 00:02:53, Sys 0 00:00:16  -  Total Remote Usage
		Usr 0 00:00:00, Sys 0 00:00:00  -  Total Local Usage
	0  -  Run Bytes Sent By Job
	0  -  Run Bytes Received By Job
	0  -  Total Bytes Sent By Job
	0  -  Total Bytes Received By Job
	Partitionable Resources :    Usage  Request Allocated 
	   Cpus                 :     0.92        1         1 
	   Disk (KB)            :     1     3584000   4409719 
	   Memory (MB)          :   496        4096      4096 

	Job terminated of its own accord at 2021-01-07T11:28:12Z.
...
006 (13901928.019.000) 2021-01-07 12:28:16 Image size of job updated: 11152556
	493  -  MemoryUsage of job (MB)
	504224  -  ResidentSetSize of job (KB)
...
005 (13901928.019.000) 2021-01-07 12:28:16 Job terminated.
	(1) Normal termination (return value 0)
		Usr 0 00:02:45, Sys 0 00:00:15  -  Run Remote Usage
		Usr 0 00:00:00, Sys 0 00:00:00  -  Run Local Usage
		Usr 0 00:02:45, Sys 0 00:00:15  -  Total Remote Usage
		Usr 0 00:00:00, Sys 0 00:00:00  -  Total Local Usage
	0  -  Run Bytes Sent By Job
	0  -  Run Bytes Received By Job
	0  -  Total Bytes Sent By Job
	0  -  Total Bytes Received By Job
	Partitionable Resources :    Usage  Request Allocated 
	   Cpus                 :     0.82        1         1 
	   Disk (KB)            :     1     3584000   4466103 
	   Memory (MB)          :   493        4096      4096 

	Job terminated of its own accord at 2021-01-07T11:28:16Z.
...
006 (13901928.004.000) 2021-01-07 12:28:17 Image size of job updated: 11095096
	411  -  MemoryUsage of job (MB)
	420180  -  ResidentSetSize of job (KB)
...
005 (13901928.004.000) 2021-01-07 12:28:17 Job terminated.
	(1) Normal termination (return value 0)
		Usr 0 00:02:45, Sys 0 00:00:09  -  Run Remote Usage
		Usr 0 00:00:00, Sys 0 00:00:00  -  Run Local Usage
		Usr 0 00:02:45, Sys 0 00:00:09  -  Total Remote Usage
		Usr 0 00:00:00, Sys 0 00:00:00  -  Total Local Usage
	0  -  Run Bytes Sent By Job
	0  -  Run Bytes Received By Job
	0  -  Total Bytes Sent By Job
	0  -  Total Bytes Received By Job
	Partitionable Resources :    Usage  Request Allocated 
	   Cpus                 :     0.81        1         1 
	   Disk (KB)            :     1     3584000   4466103 
	   Memory (MB)          :   411        4096      4096 

	Job terminated of its own accord at 2021-01-07T11:28:16Z.
...
006 (13901928.022.000) 2021-01-07 12:28:19 Image size of job updated: 12703000
	6870  -  MemoryUsage of job (MB)
	7033896  -  ResidentSetSize of job (KB)
...
006 (13901928.016.000) 2021-01-07 12:28:21 Image size of job updated: 4158164
	483  -  MemoryUsage of job (MB)
	494272  -  ResidentSetSize of job (KB)
...
005 (13901928.022.000) 2021-01-07 12:28:21 Job terminated.
	(1) Normal termination (return value 0)
		Usr 0 00:02:47, Sys 0 00:00:18  -  Run Remote Usage
		Usr 0 00:00:00, Sys 0 00:00:00  -  Run Local Usage
		Usr 0 00:02:47, Sys 0 00:00:18  -  Total Remote Usage
		Usr 0 00:00:00, Sys 0 00:00:00  -  Total Local Usage
	0  -  Run Bytes Sent By Job
	0  -  Run Bytes Received By Job
	0  -  Total Bytes Sent By Job
	0  -  Total Bytes Received By Job
	Partitionable Resources :    Usage  Request Allocated 
	   Cpus                 :     0.89        1         1 
	   Disk (KB)            :     1     3584000   4466103 
	   Memory (MB)          :  6870        4096      4096 

	Job terminated of its own accord at 2021-01-07T11:28:18Z.
...
006 (13901928.020.000) 2021-01-07 12:28:21 Image size of job updated: 12696556
	342  -  MemoryUsage of job (MB)
	349660  -  ResidentSetSize of job (KB)
...
005 (13901928.016.000) 2021-01-07 12:28:21 Job terminated.
	(1) Normal termination (return value 0)
		Usr 0 00:02:48, Sys 0 00:00:14  -  Run Remote Usage
		Usr 0 00:00:00, Sys 0 00:00:00  -  Run Local Usage
		Usr 0 00:02:48, Sys 0 00:00:14  -  Total Remote Usage
		Usr 0 00:00:00, Sys 0 00:00:00  -  Total Local Usage
	0  -  Run Bytes Sent By Job
	0  -  Run Bytes Received By Job
	0  -  Total Bytes Sent By Job
	0  -  Total Bytes Received By Job
	Partitionable Resources :    Usage  Request Allocated 
	   Cpus                 :     0.84        1         1 
	   Disk (KB)            :     1     3584000   4466103 
	   Memory (MB)          :   483        4096      4096 

	Job terminated of its own accord at 2021-01-07T11:28:20Z.
...
005 (13901928.020.000) 2021-01-07 12:28:22 Job terminated.
	(1) Normal termination (return value 0)
		Usr 0 00:02:47, Sys 0 00:00:18  -  Run Remote Usage
		Usr 0 00:00:00, Sys 0 00:00:00  -  Run Local Usage
		Usr 0 00:02:47, Sys 0 00:00:18  -  Total Remote Usage
		Usr 0 00:00:00, Sys 0 00:00:00  -  Total Local Usage
	0  -  Run Bytes Sent By Job
	0  -  Run Bytes Received By Job
	0  -  Total Bytes Sent By Job
	0  -  Total Bytes Received By Job
	Partitionable Resources :    Usage  Request Allocated 
	   Cpus                 :     0.90        1         1 
	   Disk (KB)            :     1     3584000   4466103 
	   Memory (MB)          :   342        4096      4096 

	Job terminated of its own accord at 2021-01-07T11:28:21Z.
...
006 (13901928.017.000) 2021-01-07 12:28:23 Image size of job updated: 7060420
	394  -  MemoryUsage of job (MB)
	402648  -  ResidentSetSize of job (KB)
...
005 (13901928.017.000) 2021-01-07 12:28:23 Job terminated.
	(1) Normal termination (return value 0)
		Usr 0 00:02:51, Sys 0 00:00:17  -  Run Remote Usage
		Usr 0 00:00:00, Sys 0 00:00:00  -  Run Local Usage
		Usr 0 00:02:51, Sys 0 00:00:17  -  Total Remote Usage
		Usr 0 00:00:00, Sys 0 00:00:00  -  Total Local Usage
	0  -  Run Bytes Sent By Job
	0  -  Run Bytes Received By Job
	0  -  Total Bytes Sent By Job
	0  -  Total Bytes Received By Job
	Partitionable Resources :    Usage  Request Allocated 
	   Cpus                 :     0.67        1         1 
	   Disk (KB)            :     1     3584000   4466103 
	   Memory (MB)          :   394        4096      4096 

	Job terminated of its own accord at 2021-01-07T11:28:23Z.
...
006 (13901928.008.000) 2021-01-07 12:28:26 Image size of job updated: 11106908
	387  -  MemoryUsage of job (MB)
	396008  -  ResidentSetSize of job (KB)
...
006 (13901928.010.000) 2021-01-07 12:28:26 Image size of job updated: 12702220
	423  -  MemoryUsage of job (MB)
	432912  -  ResidentSetSize of job (KB)
...
006 (13901928.018.000) 2021-01-07 12:28:26 Image size of job updated: 12750760
	447  -  MemoryUsage of job (MB)
	457428  -  ResidentSetSize of job (KB)
...
006 (13901928.003.000) 2021-01-07 12:28:26 Image size of job updated: 12696576
	294  -  MemoryUsage of job (MB)
	300316  -  ResidentSetSize of job (KB)
...
006 (13901928.002.000) 2021-01-07 12:28:26 Image size of job updated: 12678460
	336  -  MemoryUsage of job (MB)
	343644  -  ResidentSetSize of job (KB)
...
006 (13901928.013.000) 2021-01-07 12:28:26 Image size of job updated: 12687604
	488  -  MemoryUsage of job (MB)
	499424  -  ResidentSetSize of job (KB)
...
005 (13901928.018.000) 2021-01-07 12:28:26 Job terminated.
	(1) Normal termination (return value 0)
		Usr 0 00:02:51, Sys 0 00:00:12  -  Run Remote Usage
		Usr 0 00:00:00, Sys 0 00:00:00  -  Run Local Usage
		Usr 0 00:02:51, Sys 0 00:00:12  -  Total Remote Usage
		Usr 0 00:00:00, Sys 0 00:00:00  -  Total Local Usage
	0  -  Run Bytes Sent By Job
	0  -  Run Bytes Received By Job
	0  -  Total Bytes Sent By Job
	0  -  Total Bytes Received By Job
	Partitionable Resources :    Usage  Request Allocated 
	   Cpus                 :     0.81        1         1 
	   Disk (KB)            :     1     3584000   4410208 
	   Memory (MB)          :   447        4096      4096 

	Job terminated of its own accord at 2021-01-07T11:28:26Z.
...
005 (13901928.010.000) 2021-01-07 12:28:26 Job terminated.
	(1) Normal termination (return value 0)
		Usr 0 00:02:51, Sys 0 00:00:12  -  Run Remote Usage
		Usr 0 00:00:00, Sys 0 00:00:00  -  Run Local Usage
		Usr 0 00:02:51, Sys 0 00:00:12  -  Total Remote Usage
		Usr 0 00:00:00, Sys 0 00:00:00  -  Total Local Usage
	0  -  Run Bytes Sent By Job
	0  -  Run Bytes Received By Job
	0  -  Total Bytes Sent By Job
	0  -  Total Bytes Received By Job
	Partitionable Resources :    Usage  Request Allocated 
	   Cpus                 :     0.81        1         1 
	   Disk (KB)            :     1     3584000   4410208 
	   Memory (MB)          :   423        4096      4096 

	Job terminated of its own accord at 2021-01-07T11:28:26Z.
...
005 (13901928.008.000) 2021-01-07 12:28:26 Job terminated.
	(1) Normal termination (return value 0)
		Usr 0 00:02:50, Sys 0 00:00:12  -  Run Remote Usage
		Usr 0 00:00:00, Sys 0 00:00:00  -  Run Local Usage
		Usr 0 00:02:50, Sys 0 00:00:12  -  Total Remote Usage
		Usr 0 00:00:00, Sys 0 00:00:00  -  Total Local Usage
	0  -  Run Bytes Sent By Job
	0  -  Run Bytes Received By Job
	0  -  Total Bytes Sent By Job
	0  -  Total Bytes Received By Job
	Partitionable Resources :    Usage  Request Allocated 
	   Cpus                 :     0.81        1         1 
	   Disk (KB)            :     1     3584000   4410208 
	   Memory (MB)          :   387        4096      4096 

	Job terminated of its own accord at 2021-01-07T11:28:24Z.
...
005 (13901928.003.000) 2021-01-07 12:28:26 Job terminated.
	(1) Normal termination (return value 0)
		Usr 0 00:02:52, Sys 0 00:00:12  -  Run Remote Usage
		Usr 0 00:00:00, Sys 0 00:00:00  -  Run Local Usage
		Usr 0 00:02:52, Sys 0 00:00:12  -  Total Remote Usage
		Usr 0 00:00:00, Sys 0 00:00:00  -  Total Local Usage
	0  -  Run Bytes Sent By Job
	0  -  Run Bytes Received By Job
	0  -  Total Bytes Sent By Job
	0  -  Total Bytes Received By Job
	Partitionable Resources :    Usage  Request Allocated 
	   Cpus                 :     0.82        1         1 
	   Disk (KB)            :     1     3584000   4410208 
	   Memory (MB)          :   294        4096      4096 

	Job terminated of its own accord at 2021-01-07T11:28:26Z.
...
005 (13901928.002.000) 2021-01-07 12:28:26 Job terminated.
	(1) Normal termination (return value 0)
		Usr 0 00:02:51, Sys 0 00:00:13  -  Run Remote Usage
		Usr 0 00:00:00, Sys 0 00:00:00  -  Run Local Usage
		Usr 0 00:02:51, Sys 0 00:00:13  -  Total Remote Usage
		Usr 0 00:00:00, Sys 0 00:00:00  -  Total Local Usage
	0  -  Run Bytes Sent By Job
	0  -  Run Bytes Received By Job
	0  -  Total Bytes Sent By Job
	0  -  Total Bytes Received By Job
	Partitionable Resources :    Usage  Request Allocated 
	   Cpus                 :     0.80        1         1 
	   Disk (KB)            :     1     3584000   4410208 
	   Memory (MB)          :   336        4096      4096 

	Job terminated of its own accord at 2021-01-07T11:28:26Z.
...
005 (13901928.013.000) 2021-01-07 12:28:28 Job terminated.
	(1) Normal termination (return value 0)
		Usr 0 00:02:51, Sys 0 00:00:11  -  Run Remote Usage
		Usr 0 00:00:00, Sys 0 00:00:00  -  Run Local Usage
		Usr 0 00:02:51, Sys 0 00:00:11  -  Total Remote Usage
		Usr 0 00:00:00, Sys 0 00:00:00  -  Total Local Usage
	0  -  Run Bytes Sent By Job
	0  -  Run Bytes Received By Job
	0  -  Total Bytes Sent By Job
	0  -  Total Bytes Received By Job
	Partitionable Resources :    Usage  Request Allocated 
	   Cpus                 :     0.81        1         1 
	   Disk (KB)            :     1     3584000   4410208 
	   Memory (MB)          :   488        4096      4096 

	Job terminated of its own accord at 2021-01-07T11:28:26Z.
...
006 (13901928.012.000) 2021-01-07 12:28:31 Image size of job updated: 5190920
	482  -  MemoryUsage of job (MB)
	493188  -  ResidentSetSize of job (KB)
...
005 (13901928.012.000) 2021-01-07 12:28:31 Job terminated.
	(1) Normal termination (return value 0)
		Usr 0 00:02:55, Sys 0 00:00:14  -  Run Remote Usage
		Usr 0 00:00:00, Sys 0 00:00:00  -  Run Local Usage
		Usr 0 00:02:55, Sys 0 00:00:14  -  Total Remote Usage
		Usr 0 00:00:00, Sys 0 00:00:00  -  Total Local Usage
	0  -  Run Bytes Sent By Job
	0  -  Run Bytes Received By Job
	0  -  Total Bytes Sent By Job
	0  -  Total Bytes Received By Job
	Partitionable Resources :    Usage  Request Allocated 
	   Cpus                 :     0.92        1         1 
	   Disk (KB)            :     1     3584000   4410208 
	   Memory (MB)          :   482        4096      4096 

	Job terminated of its own accord at 2021-01-07T11:28:31Z.
...
006 (13901928.006.000) 2021-01-07 12:29:33 Image size of job updated: 11202988
	66  -  MemoryUsage of job (MB)
	66780  -  ResidentSetSize of job (KB)
...
005 (13901928.006.000) 2021-01-07 12:29:33 Job terminated.
	(1) Normal termination (return value 0)
		Usr 0 00:03:55, Sys 0 00:00:23  -  Run Remote Usage
		Usr 0 00:00:00, Sys 0 00:00:00  -  Run Local Usage
		Usr 0 00:03:55, Sys 0 00:00:23  -  Total Remote Usage
		Usr 0 00:00:00, Sys 0 00:00:00  -  Total Local Usage
	0  -  Run Bytes Sent By Job
	0  -  Run Bytes Received By Job
	0  -  Total Bytes Sent By Job
	0  -  Total Bytes Received By Job
	Partitionable Resources :    Usage  Request Allocated 
	   Cpus                 :     0.88        1         1 
	   Disk (KB)            :     1     3584000   4304235 
	   Memory (MB)          :    66        4096      4096 

	Job terminated of its own accord at 2021-01-07T11:29:33Z.
...
006 (13901928.007.000) 2021-01-07 12:29:34 Image size of job updated: 7776772
	67  -  MemoryUsage of job (MB)
	67992  -  ResidentSetSize of job (KB)
...
005 (13901928.007.000) 2021-01-07 12:29:34 Job terminated.
	(1) Normal termination (return value 0)
		Usr 0 00:03:56, Sys 0 00:00:22  -  Run Remote Usage
		Usr 0 00:00:00, Sys 0 00:00:00  -  Run Local Usage
		Usr 0 00:03:56, Sys 0 00:00:22  -  Total Remote Usage
		Usr 0 00:00:00, Sys 0 00:00:00  -  Total Local Usage
	0  -  Run Bytes Sent By Job
	0  -  Run Bytes Received By Job
	0  -  Total Bytes Sent By Job
	0  -  Total Bytes Received By Job
	Partitionable Resources :    Usage  Request Allocated 
	   Cpus                 :     0.86        1         1 
	   Disk (KB)            :     1     3584000   4304235 
	   Memory (MB)          :    67        4096      4096 

	Job terminated of its own accord at 2021-01-07T11:29:34Z.
...
006 (13901928.014.000) 2021-01-07 12:29:36 Image size of job updated: 5065120
	4946  -  MemoryUsage of job (MB)
	5064492  -  ResidentSetSize of job (KB)
...
005 (13901928.014.000) 2021-01-07 12:29:36 Job terminated.
	(1) Normal termination (return value 0)
		Usr 0 00:03:59, Sys 0 00:00:22  -  Run Remote Usage
		Usr 0 00:00:00, Sys 0 00:00:00  -  Run Local Usage
		Usr 0 00:03:59, Sys 0 00:00:22  -  Total Remote Usage
		Usr 0 00:00:00, Sys 0 00:00:00  -  Total Local Usage
	0  -  Run Bytes Sent By Job
	0  -  Run Bytes Received By Job
	0  -  Total Bytes Sent By Job
	0  -  Total Bytes Received By Job
	Partitionable Resources :    Usage  Request Allocated 
	   Cpus                 :     0.77        1         1 
	   Disk (KB)            :     1     3584000   4304235 
	   Memory (MB)          :  4946        4096      4096 

	Job terminated of its own accord at 2021-01-07T11:29:36Z.
...
