hadd Target file: /nfs/dust/cms/user/albrecha/uhh2_102X_v2/HOTVRStudiesOutput/HOTVR_ML/uhh2.AnalysisModuleRunner.MC.QCD_flat_prod1.root
hadd compression setting for all ouput: 1
hadd Source file 1: /nfs/dust/cms/user/albrecha/uhh2_102X_v2/HOTVRStudiesOutput/HOTVR_ML/workdir_HOTVRStudies/uhh2.AnalysisModuleRunner.MC.QCD_flat_prod1_0.root
hadd Source file 2: /nfs/dust/cms/user/albrecha/uhh2_102X_v2/HOTVRStudiesOutput/HOTVR_ML/workdir_HOTVRStudies/uhh2.AnalysisModuleRunner.MC.QCD_flat_prod1_1.root
hadd Source file 3: /nfs/dust/cms/user/albrecha/uhh2_102X_v2/HOTVRStudiesOutput/HOTVR_ML/workdir_HOTVRStudies/uhh2.AnalysisModuleRunner.MC.QCD_flat_prod1_2.root
hadd Source file 4: /nfs/dust/cms/user/albrecha/uhh2_102X_v2/HOTVRStudiesOutput/HOTVR_ML/workdir_HOTVRStudies/uhh2.AnalysisModuleRunner.MC.QCD_flat_prod1_3.root
hadd Source file 5: /nfs/dust/cms/user/albrecha/uhh2_102X_v2/HOTVRStudiesOutput/HOTVR_ML/workdir_HOTVRStudies/uhh2.AnalysisModuleRunner.MC.QCD_flat_prod1_4.root
hadd Source file 6: /nfs/dust/cms/user/albrecha/uhh2_102X_v2/HOTVRStudiesOutput/HOTVR_ML/workdir_HOTVRStudies/uhh2.AnalysisModuleRunner.MC.QCD_flat_prod1_5.root
hadd Source file 7: /nfs/dust/cms/user/albrecha/uhh2_102X_v2/HOTVRStudiesOutput/HOTVR_ML/workdir_HOTVRStudies/uhh2.AnalysisModuleRunner.MC.QCD_flat_prod1_6.root
hadd Source file 8: /nfs/dust/cms/user/albrecha/uhh2_102X_v2/HOTVRStudiesOutput/HOTVR_ML/workdir_HOTVRStudies/uhh2.AnalysisModuleRunner.MC.QCD_flat_prod1_7.root
hadd Source file 9: /nfs/dust/cms/user/albrecha/uhh2_102X_v2/HOTVRStudiesOutput/HOTVR_ML/workdir_HOTVRStudies/uhh2.AnalysisModuleRunner.MC.QCD_flat_prod1_8.root
hadd Source file 10: /nfs/dust/cms/user/albrecha/uhh2_102X_v2/HOTVRStudiesOutput/HOTVR_ML/workdir_HOTVRStudies/uhh2.AnalysisModuleRunner.MC.QCD_flat_prod1_9.root
hadd Source file 11: /nfs/dust/cms/user/albrecha/uhh2_102X_v2/HOTVRStudiesOutput/HOTVR_ML/workdir_HOTVRStudies/uhh2.AnalysisModuleRunner.MC.QCD_flat_prod1_10.root
hadd Source file 12: /nfs/dust/cms/user/albrecha/uhh2_102X_v2/HOTVRStudiesOutput/HOTVR_ML/workdir_HOTVRStudies/uhh2.AnalysisModuleRunner.MC.QCD_flat_prod1_11.root
hadd Source file 13: /nfs/dust/cms/user/albrecha/uhh2_102X_v2/HOTVRStudiesOutput/HOTVR_ML/workdir_HOTVRStudies/uhh2.AnalysisModuleRunner.MC.QCD_flat_prod1_12.root
hadd Source file 14: /nfs/dust/cms/user/albrecha/uhh2_102X_v2/HOTVRStudiesOutput/HOTVR_ML/workdir_HOTVRStudies/uhh2.AnalysisModuleRunner.MC.QCD_flat_prod1_13.root
hadd Source file 15: /nfs/dust/cms/user/albrecha/uhh2_102X_v2/HOTVRStudiesOutput/HOTVR_ML/workdir_HOTVRStudies/uhh2.AnalysisModuleRunner.MC.QCD_flat_prod1_14.root
hadd Source file 16: /nfs/dust/cms/user/albrecha/uhh2_102X_v2/HOTVRStudiesOutput/HOTVR_ML/workdir_HOTVRStudies/uhh2.AnalysisModuleRunner.MC.QCD_flat_prod1_15.root
hadd Source file 17: /nfs/dust/cms/user/albrecha/uhh2_102X_v2/HOTVRStudiesOutput/HOTVR_ML/workdir_HOTVRStudies/uhh2.AnalysisModuleRunner.MC.QCD_flat_prod1_16.root
hadd Source file 18: /nfs/dust/cms/user/albrecha/uhh2_102X_v2/HOTVRStudiesOutput/HOTVR_ML/workdir_HOTVRStudies/uhh2.AnalysisModuleRunner.MC.QCD_flat_prod1_17.root
hadd Source file 19: /nfs/dust/cms/user/albrecha/uhh2_102X_v2/HOTVRStudiesOutput/HOTVR_ML/workdir_HOTVRStudies/uhh2.AnalysisModuleRunner.MC.QCD_flat_prod1_18.root
hadd Source file 20: /nfs/dust/cms/user/albrecha/uhh2_102X_v2/HOTVRStudiesOutput/HOTVR_ML/workdir_HOTVRStudies/uhh2.AnalysisModuleRunner.MC.QCD_flat_prod1_19.root
hadd Source file 21: /nfs/dust/cms/user/albrecha/uhh2_102X_v2/HOTVRStudiesOutput/HOTVR_ML/workdir_HOTVRStudies/uhh2.AnalysisModuleRunner.MC.QCD_flat_prod1_20.root
hadd Source file 22: /nfs/dust/cms/user/albrecha/uhh2_102X_v2/HOTVRStudiesOutput/HOTVR_ML/workdir_HOTVRStudies/uhh2.AnalysisModuleRunner.MC.QCD_flat_prod1_21.root
hadd Source file 23: /nfs/dust/cms/user/albrecha/uhh2_102X_v2/HOTVRStudiesOutput/HOTVR_ML/workdir_HOTVRStudies/uhh2.AnalysisModuleRunner.MC.QCD_flat_prod1_22.root
hadd Source file 24: /nfs/dust/cms/user/albrecha/uhh2_102X_v2/HOTVRStudiesOutput/HOTVR_ML/workdir_HOTVRStudies/uhh2.AnalysisModuleRunner.MC.QCD_flat_prod1_23.root
hadd Source file 25: /nfs/dust/cms/user/albrecha/uhh2_102X_v2/HOTVRStudiesOutput/HOTVR_ML/workdir_HOTVRStudies/uhh2.AnalysisModuleRunner.MC.QCD_flat_prod1_24.root
hadd Target path: /nfs/dust/cms/user/albrecha/uhh2_102X_v2/HOTVRStudiesOutput/HOTVR_ML/uhh2.AnalysisModuleRunner.MC.QCD_flat_prod1.root:/
hadd Target path: /nfs/dust/cms/user/albrecha/uhh2_102X_v2/HOTVRStudiesOutput/HOTVR_ML/uhh2.AnalysisModuleRunner.MC.QCD_flat_prod1.root:/VRJetsHists_jets
hadd Target path: /nfs/dust/cms/user/albrecha/uhh2_102X_v2/HOTVRStudiesOutput/HOTVR_ML/uhh2.AnalysisModuleRunner.MC.QCD_flat_prod1.root:/SFrame
