000 (13926294.000.000) 2021-01-08 09:09:07 Job submitted from host: <131.169.223.42:9618?addrs=131.169.223.42-9618+[2001-638-700-10df--1-2a]-9618&alias=bird-htc-sched14.desy.de&noUDP&sock=schedd_1936_8371_3>
...
000 (13926294.001.000) 2021-01-08 09:09:07 Job submitted from host: <131.169.223.42:9618?addrs=131.169.223.42-9618+[2001-638-700-10df--1-2a]-9618&alias=bird-htc-sched14.desy.de&noUDP&sock=schedd_1936_8371_3>
...
000 (13926294.002.000) 2021-01-08 09:09:07 Job submitted from host: <131.169.223.42:9618?addrs=131.169.223.42-9618+[2001-638-700-10df--1-2a]-9618&alias=bird-htc-sched14.desy.de&noUDP&sock=schedd_1936_8371_3>
...
000 (13926294.003.000) 2021-01-08 09:09:07 Job submitted from host: <131.169.223.42:9618?addrs=131.169.223.42-9618+[2001-638-700-10df--1-2a]-9618&alias=bird-htc-sched14.desy.de&noUDP&sock=schedd_1936_8371_3>
...
000 (13926294.004.000) 2021-01-08 09:09:07 Job submitted from host: <131.169.223.42:9618?addrs=131.169.223.42-9618+[2001-638-700-10df--1-2a]-9618&alias=bird-htc-sched14.desy.de&noUDP&sock=schedd_1936_8371_3>
...
000 (13926294.005.000) 2021-01-08 09:09:07 Job submitted from host: <131.169.223.42:9618?addrs=131.169.223.42-9618+[2001-638-700-10df--1-2a]-9618&alias=bird-htc-sched14.desy.de&noUDP&sock=schedd_1936_8371_3>
...
000 (13926294.006.000) 2021-01-08 09:09:07 Job submitted from host: <131.169.223.42:9618?addrs=131.169.223.42-9618+[2001-638-700-10df--1-2a]-9618&alias=bird-htc-sched14.desy.de&noUDP&sock=schedd_1936_8371_3>
...
000 (13926294.007.000) 2021-01-08 09:09:07 Job submitted from host: <131.169.223.42:9618?addrs=131.169.223.42-9618+[2001-638-700-10df--1-2a]-9618&alias=bird-htc-sched14.desy.de&noUDP&sock=schedd_1936_8371_3>
...
000 (13926294.008.000) 2021-01-08 09:09:07 Job submitted from host: <131.169.223.42:9618?addrs=131.169.223.42-9618+[2001-638-700-10df--1-2a]-9618&alias=bird-htc-sched14.desy.de&noUDP&sock=schedd_1936_8371_3>
...
000 (13926294.009.000) 2021-01-08 09:09:07 Job submitted from host: <131.169.223.42:9618?addrs=131.169.223.42-9618+[2001-638-700-10df--1-2a]-9618&alias=bird-htc-sched14.desy.de&noUDP&sock=schedd_1936_8371_3>
...
000 (13926294.010.000) 2021-01-08 09:09:07 Job submitted from host: <131.169.223.42:9618?addrs=131.169.223.42-9618+[2001-638-700-10df--1-2a]-9618&alias=bird-htc-sched14.desy.de&noUDP&sock=schedd_1936_8371_3>
...
000 (13926294.011.000) 2021-01-08 09:09:07 Job submitted from host: <131.169.223.42:9618?addrs=131.169.223.42-9618+[2001-638-700-10df--1-2a]-9618&alias=bird-htc-sched14.desy.de&noUDP&sock=schedd_1936_8371_3>
...
000 (13926294.012.000) 2021-01-08 09:09:07 Job submitted from host: <131.169.223.42:9618?addrs=131.169.223.42-9618+[2001-638-700-10df--1-2a]-9618&alias=bird-htc-sched14.desy.de&noUDP&sock=schedd_1936_8371_3>
...
000 (13926294.013.000) 2021-01-08 09:09:07 Job submitted from host: <131.169.223.42:9618?addrs=131.169.223.42-9618+[2001-638-700-10df--1-2a]-9618&alias=bird-htc-sched14.desy.de&noUDP&sock=schedd_1936_8371_3>
...
000 (13926294.014.000) 2021-01-08 09:09:07 Job submitted from host: <131.169.223.42:9618?addrs=131.169.223.42-9618+[2001-638-700-10df--1-2a]-9618&alias=bird-htc-sched14.desy.de&noUDP&sock=schedd_1936_8371_3>
...
000 (13926294.015.000) 2021-01-08 09:09:07 Job submitted from host: <131.169.223.42:9618?addrs=131.169.223.42-9618+[2001-638-700-10df--1-2a]-9618&alias=bird-htc-sched14.desy.de&noUDP&sock=schedd_1936_8371_3>
...
000 (13926294.016.000) 2021-01-08 09:09:07 Job submitted from host: <131.169.223.42:9618?addrs=131.169.223.42-9618+[2001-638-700-10df--1-2a]-9618&alias=bird-htc-sched14.desy.de&noUDP&sock=schedd_1936_8371_3>
...
000 (13926294.017.000) 2021-01-08 09:09:07 Job submitted from host: <131.169.223.42:9618?addrs=131.169.223.42-9618+[2001-638-700-10df--1-2a]-9618&alias=bird-htc-sched14.desy.de&noUDP&sock=schedd_1936_8371_3>
...
000 (13926294.018.000) 2021-01-08 09:09:07 Job submitted from host: <131.169.223.42:9618?addrs=131.169.223.42-9618+[2001-638-700-10df--1-2a]-9618&alias=bird-htc-sched14.desy.de&noUDP&sock=schedd_1936_8371_3>
...
000 (13926294.019.000) 2021-01-08 09:09:07 Job submitted from host: <131.169.223.42:9618?addrs=131.169.223.42-9618+[2001-638-700-10df--1-2a]-9618&alias=bird-htc-sched14.desy.de&noUDP&sock=schedd_1936_8371_3>
...
000 (13926294.020.000) 2021-01-08 09:09:07 Job submitted from host: <131.169.223.42:9618?addrs=131.169.223.42-9618+[2001-638-700-10df--1-2a]-9618&alias=bird-htc-sched14.desy.de&noUDP&sock=schedd_1936_8371_3>
...
000 (13926294.021.000) 2021-01-08 09:09:07 Job submitted from host: <131.169.223.42:9618?addrs=131.169.223.42-9618+[2001-638-700-10df--1-2a]-9618&alias=bird-htc-sched14.desy.de&noUDP&sock=schedd_1936_8371_3>
...
000 (13926294.022.000) 2021-01-08 09:09:07 Job submitted from host: <131.169.223.42:9618?addrs=131.169.223.42-9618+[2001-638-700-10df--1-2a]-9618&alias=bird-htc-sched14.desy.de&noUDP&sock=schedd_1936_8371_3>
...
000 (13926294.023.000) 2021-01-08 09:09:07 Job submitted from host: <131.169.223.42:9618?addrs=131.169.223.42-9618+[2001-638-700-10df--1-2a]-9618&alias=bird-htc-sched14.desy.de&noUDP&sock=schedd_1936_8371_3>
...
000 (13926294.024.000) 2021-01-08 09:09:07 Job submitted from host: <131.169.223.42:9618?addrs=131.169.223.42-9618+[2001-638-700-10df--1-2a]-9618&alias=bird-htc-sched14.desy.de&noUDP&sock=schedd_1936_8371_3>
...
001 (13926294.004.000) 2021-01-08 09:09:30 Job executing on host: <131.169.164.49:43609?addrs=131.169.164.49-43609&alias=bird849.desy.de>
...
001 (13926294.011.000) 2021-01-08 09:09:30 Job executing on host: <131.169.163.126:35009?addrs=131.169.163.126-35009&alias=bird687.desy.de>
...
001 (13926294.022.000) 2021-01-08 09:09:30 Job executing on host: <131.169.164.21:40060?addrs=131.169.164.21-40060&alias=bird821.desy.de>
...
001 (13926294.024.000) 2021-01-08 09:09:31 Job executing on host: <131.169.160.110:41945?addrs=131.169.160.110-41945&alias=batch1071.desy.de>
...
001 (13926294.006.000) 2021-01-08 09:09:31 Job executing on host: <131.169.77.227:38205?addrs=131.169.77.227-38205&alias=bird781.desy.de>
...
001 (13926294.001.000) 2021-01-08 09:09:31 Job executing on host: <131.169.164.19:44671?addrs=131.169.164.19-44671&alias=bird819.desy.de>
...
001 (13926294.003.000) 2021-01-08 09:09:31 Job executing on host: <131.169.77.220:37989?addrs=131.169.77.220-37989&alias=bird774.desy.de>
...
001 (13926294.000.000) 2021-01-08 09:09:31 Job executing on host: <131.169.163.103:44758?addrs=131.169.163.103-44758&alias=bird664.desy.de>
...
001 (13926294.016.000) 2021-01-08 09:09:31 Job executing on host: <131.169.163.120:41262?addrs=131.169.163.120-41262&alias=bird681.desy.de>
...
001 (13926294.007.000) 2021-01-08 09:09:31 Job executing on host: <131.169.163.121:37883?addrs=131.169.163.121-37883&alias=bird682.desy.de>
...
001 (13926294.005.000) 2021-01-08 09:09:31 Job executing on host: <131.169.77.19:44019?addrs=131.169.77.19-44019&alias=bird537.desy.de>
...
001 (13926294.018.000) 2021-01-08 09:09:31 Job executing on host: <131.169.164.42:44646?addrs=131.169.164.42-44646&alias=bird842.desy.de>
...
001 (13926294.012.000) 2021-01-08 09:09:31 Job executing on host: <131.169.164.25:44209?addrs=131.169.164.25-44209&alias=bird825.desy.de>
...
001 (13926294.021.000) 2021-01-08 09:09:32 Job executing on host: <131.169.164.56:43431?addrs=131.169.164.56-43431>
...
001 (13926294.002.000) 2021-01-08 09:09:32 Job executing on host: <131.169.77.130:37868?addrs=131.169.77.130-37868&alias=bird070.desy.de>
...
001 (13926294.009.000) 2021-01-08 09:09:32 Job executing on host: <131.169.77.210:43136?addrs=131.169.77.210-43136&alias=bird764.desy.de>
...
001 (13926294.008.000) 2021-01-08 09:09:32 Job executing on host: <131.169.77.206:45806?addrs=131.169.77.206-45806&alias=bird760.desy.de>
...
001 (13926294.010.000) 2021-01-08 09:09:32 Job executing on host: <131.169.77.216:36027?addrs=131.169.77.216-36027&alias=bird770.desy.de>
...
001 (13926294.015.000) 2021-01-08 09:09:32 Job executing on host: <131.169.77.212:45405?addrs=131.169.77.212-45405&alias=bird766.desy.de>
...
001 (13926294.019.000) 2021-01-08 09:09:32 Job executing on host: <131.169.160.174:39753?addrs=131.169.160.174-39753&alias=batch1176.desy.de>
...
001 (13926294.020.000) 2021-01-08 09:09:32 Job executing on host: <131.169.77.224:36139?addrs=131.169.77.224-36139&alias=bird778.desy.de>
...
001 (13926294.023.000) 2021-01-08 09:09:32 Job executing on host: <131.169.164.18:37111?addrs=131.169.164.18-37111&alias=bird818.desy.de>
...
001 (13926294.017.000) 2021-01-08 09:09:32 Job executing on host: <131.169.164.7:40330?addrs=131.169.164.7-40330&alias=bird807.desy.de>
...
001 (13926294.014.000) 2021-01-08 09:09:32 Job executing on host: <131.169.77.174:42094?addrs=131.169.77.174-42094&alias=bird654.desy.de>
...
001 (13926294.013.000) 2021-01-08 09:09:32 Job executing on host: <131.169.77.211:39631?addrs=131.169.77.211-39631&alias=bird765.desy.de>
...
006 (13926294.024.000) 2021-01-08 09:09:39 Image size of job updated: 406808
	315  -  MemoryUsage of job (MB)
	322164  -  ResidentSetSize of job (KB)
...
006 (13926294.006.000) 2021-01-08 09:09:39 Image size of job updated: 222020
	135  -  MemoryUsage of job (MB)
	137804  -  ResidentSetSize of job (KB)
...
006 (13926294.004.000) 2021-01-08 09:09:39 Image size of job updated: 483100
	389  -  MemoryUsage of job (MB)
	397540  -  ResidentSetSize of job (KB)
...
006 (13926294.011.000) 2021-01-08 09:09:39 Image size of job updated: 317872
	227  -  MemoryUsage of job (MB)
	232356  -  ResidentSetSize of job (KB)
...
006 (13926294.005.000) 2021-01-08 09:09:40 Image size of job updated: 129412
	72  -  MemoryUsage of job (MB)
	72936  -  ResidentSetSize of job (KB)
...
006 (13926294.022.000) 2021-01-08 09:09:40 Image size of job updated: 485340
	392  -  MemoryUsage of job (MB)
	400692  -  ResidentSetSize of job (KB)
...
006 (13926294.018.000) 2021-01-08 09:09:40 Image size of job updated: 276856
	233  -  MemoryUsage of job (MB)
	237968  -  ResidentSetSize of job (KB)
...
006 (13926294.012.000) 2021-01-08 09:09:40 Image size of job updated: 270700
	240  -  MemoryUsage of job (MB)
	245748  -  ResidentSetSize of job (KB)
...
006 (13926294.021.000) 2021-01-08 09:09:40 Image size of job updated: 268016
	224  -  MemoryUsage of job (MB)
	228724  -  ResidentSetSize of job (KB)
...
006 (13926294.002.000) 2021-01-08 09:09:40 Image size of job updated: 209436
	125  -  MemoryUsage of job (MB)
	127212  -  ResidentSetSize of job (KB)
...
006 (13926294.009.000) 2021-01-08 09:09:40 Image size of job updated: 234296
	175  -  MemoryUsage of job (MB)
	179084  -  ResidentSetSize of job (KB)
...
006 (13926294.008.000) 2021-01-08 09:09:40 Image size of job updated: 263560
	212  -  MemoryUsage of job (MB)
	217068  -  ResidentSetSize of job (KB)
...
006 (13926294.010.000) 2021-01-08 09:09:40 Image size of job updated: 197168
	169  -  MemoryUsage of job (MB)
	173020  -  ResidentSetSize of job (KB)
...
006 (13926294.015.000) 2021-01-08 09:09:40 Image size of job updated: 241876
	153  -  MemoryUsage of job (MB)
	156208  -  ResidentSetSize of job (KB)
...
006 (13926294.020.000) 2021-01-08 09:09:40 Image size of job updated: 120980
	56  -  MemoryUsage of job (MB)
	56684  -  ResidentSetSize of job (KB)
...
006 (13926294.019.000) 2021-01-08 09:09:40 Image size of job updated: 400976
	308  -  MemoryUsage of job (MB)
	315304  -  ResidentSetSize of job (KB)
...
006 (13926294.023.000) 2021-01-08 09:09:40 Image size of job updated: 267960
	177  -  MemoryUsage of job (MB)
	180652  -  ResidentSetSize of job (KB)
...
006 (13926294.017.000) 2021-01-08 09:09:40 Image size of job updated: 313396
	223  -  MemoryUsage of job (MB)
	227744  -  ResidentSetSize of job (KB)
...
006 (13926294.014.000) 2021-01-08 09:09:40 Image size of job updated: 429380
	337  -  MemoryUsage of job (MB)
	344732  -  ResidentSetSize of job (KB)
...
006 (13926294.013.000) 2021-01-08 09:09:40 Image size of job updated: 238452
	150  -  MemoryUsage of job (MB)
	153012  -  ResidentSetSize of job (KB)
...
006 (13926294.001.000) 2021-01-08 09:09:40 Image size of job updated: 354304
	263  -  MemoryUsage of job (MB)
	268632  -  ResidentSetSize of job (KB)
...
006 (13926294.003.000) 2021-01-08 09:09:40 Image size of job updated: 247788
	159  -  MemoryUsage of job (MB)
	162648  -  ResidentSetSize of job (KB)
...
006 (13926294.016.000) 2021-01-08 09:09:40 Image size of job updated: 321552
	294  -  MemoryUsage of job (MB)
	300996  -  ResidentSetSize of job (KB)
...
006 (13926294.000.000) 2021-01-08 09:09:40 Image size of job updated: 370352
	279  -  MemoryUsage of job (MB)
	284716  -  ResidentSetSize of job (KB)
...
006 (13926294.007.000) 2021-01-08 09:09:40 Image size of job updated: 345412
	305  -  MemoryUsage of job (MB)
	311716  -  ResidentSetSize of job (KB)
...
006 (13926294.019.000) 2021-01-08 09:12:51 Image size of job updated: 11168472
	309  -  MemoryUsage of job (MB)
	315560  -  ResidentSetSize of job (KB)
...
005 (13926294.019.000) 2021-01-08 09:12:51 Job terminated.
	(1) Normal termination (return value 0)
		Usr 0 00:02:50, Sys 0 00:00:10  -  Run Remote Usage
		Usr 0 00:00:00, Sys 0 00:00:00  -  Run Local Usage
		Usr 0 00:02:50, Sys 0 00:00:10  -  Total Remote Usage
		Usr 0 00:00:00, Sys 0 00:00:00  -  Total Local Usage
	0  -  Run Bytes Sent By Job
	0  -  Run Bytes Received By Job
	0  -  Total Bytes Sent By Job
	0  -  Total Bytes Received By Job
	Partitionable Resources :    Usage  Request Allocated 
	   Cpus                 :     0.92        1         1 
	   Disk (KB)            :     1     3584000   4465832 
	   Memory (MB)          :   309        4096      4096 

	Job terminated of its own accord at 2021-01-08T08:12:51Z.
...
006 (13926294.014.000) 2021-01-08 09:13:58 Image size of job updated: 11172012
	337  -  MemoryUsage of job (MB)
	344744  -  ResidentSetSize of job (KB)
...
005 (13926294.014.000) 2021-01-08 09:13:58 Job terminated.
	(1) Normal termination (return value 0)
		Usr 0 00:03:49, Sys 0 00:00:14  -  Run Remote Usage
		Usr 0 00:00:00, Sys 0 00:00:00  -  Run Local Usage
		Usr 0 00:03:49, Sys 0 00:00:14  -  Total Remote Usage
		Usr 0 00:00:00, Sys 0 00:00:00  -  Total Local Usage
	0  -  Run Bytes Sent By Job
	0  -  Run Bytes Received By Job
	0  -  Total Bytes Sent By Job
	0  -  Total Bytes Received By Job
	Partitionable Resources :    Usage  Request Allocated 
	   Cpus                 :     0.94        1         1 
	   Disk (KB)            :     1     3584000   4785831 
	   Memory (MB)          :   337        4096      4096 

	Job terminated of its own accord at 2021-01-08T08:13:58Z.
...
006 (13926294.013.000) 2021-01-08 09:14:00 Image size of job updated: 12692124
	150  -  MemoryUsage of job (MB)
	153188  -  ResidentSetSize of job (KB)
...
005 (13926294.013.000) 2021-01-08 09:14:00 Job terminated.
	(1) Normal termination (return value 0)
		Usr 0 00:03:55, Sys 0 00:00:10  -  Run Remote Usage
		Usr 0 00:00:00, Sys 0 00:00:00  -  Run Local Usage
		Usr 0 00:03:55, Sys 0 00:00:10  -  Total Remote Usage
		Usr 0 00:00:00, Sys 0 00:00:00  -  Total Local Usage
	0  -  Run Bytes Sent By Job
	0  -  Run Bytes Received By Job
	0  -  Total Bytes Sent By Job
	0  -  Total Bytes Received By Job
	Partitionable Resources :    Usage  Request Allocated 
	   Cpus                 :     0.94        1         1 
	   Disk (KB)            :     1     3584000   4784593 
	   Memory (MB)          :   150        4096      4096 

	Job terminated of its own accord at 2021-01-08T08:14:00Z.
...
006 (13926294.001.000) 2021-01-08 09:14:03 Image size of job updated: 11198252
	263  -  MemoryUsage of job (MB)
	268740  -  ResidentSetSize of job (KB)
...
005 (13926294.001.000) 2021-01-08 09:14:03 Job terminated.
	(1) Normal termination (return value 0)
		Usr 0 00:03:55, Sys 0 00:00:14  -  Run Remote Usage
		Usr 0 00:00:00, Sys 0 00:00:00  -  Run Local Usage
		Usr 0 00:03:55, Sys 0 00:00:14  -  Total Remote Usage
		Usr 0 00:00:00, Sys 0 00:00:00  -  Total Local Usage
	0  -  Run Bytes Sent By Job
	0  -  Run Bytes Received By Job
	0  -  Total Bytes Sent By Job
	0  -  Total Bytes Received By Job
	Partitionable Resources :    Usage  Request Allocated 
	   Cpus                 :     0.93        1         1 
	   Disk (KB)            :     1     3584000   4545862 
	   Memory (MB)          :   263        4096      4096 

	Job terminated of its own accord at 2021-01-08T08:14:03Z.
...
006 (13926294.011.000) 2021-01-08 09:14:04 Image size of job updated: 11155156
	227  -  MemoryUsage of job (MB)
	232356  -  ResidentSetSize of job (KB)
...
005 (13926294.011.000) 2021-01-08 09:14:04 Job terminated.
	(1) Normal termination (return value 0)
		Usr 0 00:03:52, Sys 0 00:00:14  -  Run Remote Usage
		Usr 0 00:00:00, Sys 0 00:00:00  -  Run Local Usage
		Usr 0 00:03:52, Sys 0 00:00:14  -  Total Remote Usage
		Usr 0 00:00:00, Sys 0 00:00:00  -  Total Local Usage
	0  -  Run Bytes Sent By Job
	0  -  Run Bytes Received By Job
	0  -  Total Bytes Sent By Job
	0  -  Total Bytes Received By Job
	Partitionable Resources :    Usage  Request Allocated 
	   Cpus                 :     0.87        1         1 
	   Disk (KB)            :     1     3584000   3955549 
	   Memory (MB)          :   227        4096      4096 

	Job terminated of its own accord at 2021-01-08T08:14:04Z.
...
006 (13926294.004.000) 2021-01-08 09:14:07 Image size of job updated: 11172868
	389  -  MemoryUsage of job (MB)
	397540  -  ResidentSetSize of job (KB)
...
005 (13926294.004.000) 2021-01-08 09:14:07 Job terminated.
	(1) Normal termination (return value 0)
		Usr 0 00:03:56, Sys 0 00:00:17  -  Run Remote Usage
		Usr 0 00:00:00, Sys 0 00:00:00  -  Run Local Usage
		Usr 0 00:03:56, Sys 0 00:00:17  -  Total Remote Usage
		Usr 0 00:00:00, Sys 0 00:00:00  -  Total Local Usage
	0  -  Run Bytes Sent By Job
	0  -  Run Bytes Received By Job
	0  -  Total Bytes Sent By Job
	0  -  Total Bytes Received By Job
	Partitionable Resources :    Usage  Request Allocated 
	   Cpus                 :     0.92        1         1 
	   Disk (KB)            :     1     3584000   4541525 
	   Memory (MB)          :   389        4096      4096 

	Job terminated of its own accord at 2021-01-08T08:14:07Z.
...
006 (13926294.017.000) 2021-01-08 09:14:10 Image size of job updated: 11158368
	223  -  MemoryUsage of job (MB)
	227744  -  ResidentSetSize of job (KB)
...
005 (13926294.017.000) 2021-01-08 09:14:10 Job terminated.
	(1) Normal termination (return value 0)
		Usr 0 00:03:59, Sys 0 00:00:17  -  Run Remote Usage
		Usr 0 00:00:00, Sys 0 00:00:00  -  Run Local Usage
		Usr 0 00:03:59, Sys 0 00:00:17  -  Total Remote Usage
		Usr 0 00:00:00, Sys 0 00:00:00  -  Total Local Usage
	0  -  Run Bytes Sent By Job
	0  -  Run Bytes Received By Job
	0  -  Total Bytes Sent By Job
	0  -  Total Bytes Received By Job
	Partitionable Resources :    Usage  Request Allocated 
	   Cpus                 :     0.94        1         1 
	   Disk (KB)            :     1     3584000   4542882 
	   Memory (MB)          :   223        4096      4096 

	Job terminated of its own accord at 2021-01-08T08:14:10Z.
...
006 (13926294.015.000) 2021-01-08 09:14:10 Image size of job updated: 11121420
	153  -  MemoryUsage of job (MB)
	156244  -  ResidentSetSize of job (KB)
...
005 (13926294.015.000) 2021-01-08 09:14:10 Job terminated.
	(1) Normal termination (return value 0)
		Usr 0 00:03:57, Sys 0 00:00:14  -  Run Remote Usage
		Usr 0 00:00:00, Sys 0 00:00:00  -  Run Local Usage
		Usr 0 00:03:57, Sys 0 00:00:14  -  Total Remote Usage
		Usr 0 00:00:00, Sys 0 00:00:00  -  Total Local Usage
	0  -  Run Bytes Sent By Job
	0  -  Run Bytes Received By Job
	0  -  Total Bytes Sent By Job
	0  -  Total Bytes Received By Job
	Partitionable Resources :    Usage  Request Allocated 
	   Cpus                 :     0.91        1         1 
	   Disk (KB)            :     1     3584000   4781839 
	   Memory (MB)          :   153        4096      4096 

	Job terminated of its own accord at 2021-01-08T08:14:10Z.
...
006 (13926294.020.000) 2021-01-08 09:14:13 Image size of job updated: 11191388
	56  -  MemoryUsage of job (MB)
	56684  -  ResidentSetSize of job (KB)
...
005 (13926294.020.000) 2021-01-08 09:14:13 Job terminated.
	(1) Normal termination (return value 0)
		Usr 0 00:03:57, Sys 0 00:00:15  -  Run Remote Usage
		Usr 0 00:00:00, Sys 0 00:00:00  -  Run Local Usage
		Usr 0 00:03:57, Sys 0 00:00:15  -  Total Remote Usage
		Usr 0 00:00:00, Sys 0 00:00:00  -  Total Local Usage
	0  -  Run Bytes Sent By Job
	0  -  Run Bytes Received By Job
	0  -  Total Bytes Sent By Job
	0  -  Total Bytes Received By Job
	Partitionable Resources :    Usage  Request Allocated 
	   Cpus                 :     0.92        1         1 
	   Disk (KB)            :     1     3584000   4778730 
	   Memory (MB)          :    56        4096      4096 

	Job terminated of its own accord at 2021-01-08T08:14:13Z.
...
006 (13926294.023.000) 2021-01-08 09:14:15 Image size of job updated: 11119092
	177  -  MemoryUsage of job (MB)
	180664  -  ResidentSetSize of job (KB)
...
005 (13926294.023.000) 2021-01-08 09:14:15 Job terminated.
	(1) Normal termination (return value 0)
		Usr 0 00:04:01, Sys 0 00:00:15  -  Run Remote Usage
		Usr 0 00:00:00, Sys 0 00:00:00  -  Run Local Usage
		Usr 0 00:04:01, Sys 0 00:00:15  -  Total Remote Usage
		Usr 0 00:00:00, Sys 0 00:00:00  -  Total Local Usage
	0  -  Run Bytes Sent By Job
	0  -  Run Bytes Received By Job
	0  -  Total Bytes Sent By Job
	0  -  Total Bytes Received By Job
	Partitionable Resources :    Usage  Request Allocated 
	   Cpus                 :     0.91        1         1 
	   Disk (KB)            :     1     3584000   4544226 
	   Memory (MB)          :   177        4096      4096 

	Job terminated of its own accord at 2021-01-08T08:14:15Z.
...
006 (13926294.012.000) 2021-01-08 09:14:15 Image size of job updated: 11189508
	241  -  MemoryUsage of job (MB)
	245768  -  ResidentSetSize of job (KB)
...
005 (13926294.012.000) 2021-01-08 09:14:15 Job terminated.
	(1) Normal termination (return value 0)
		Usr 0 00:03:57, Sys 0 00:00:19  -  Run Remote Usage
		Usr 0 00:00:00, Sys 0 00:00:00  -  Run Local Usage
		Usr 0 00:03:57, Sys 0 00:00:19  -  Total Remote Usage
		Usr 0 00:00:00, Sys 0 00:00:00  -  Total Local Usage
	0  -  Run Bytes Sent By Job
	0  -  Run Bytes Received By Job
	0  -  Total Bytes Sent By Job
	0  -  Total Bytes Received By Job
	Partitionable Resources :    Usage  Request Allocated 
	   Cpus                 :     0.91        1         1 
	   Disk (KB)            :     1     3584000   4545694 
	   Memory (MB)          :   241        4096      4096 

	Job terminated of its own accord at 2021-01-08T08:14:15Z.
...
006 (13926294.021.000) 2021-01-08 09:14:17 Image size of job updated: 268016
	224  -  MemoryUsage of job (MB)
	228848  -  ResidentSetSize of job (KB)
...
005 (13926294.021.000) 2021-01-08 09:14:17 Job terminated.
	(1) Normal termination (return value 0)
		Usr 0 00:03:56, Sys 0 00:00:14  -  Run Remote Usage
		Usr 0 00:00:00, Sys 0 00:00:00  -  Run Local Usage
		Usr 0 00:03:56, Sys 0 00:00:14  -  Total Remote Usage
		Usr 0 00:00:00, Sys 0 00:00:00  -  Total Local Usage
	0  -  Run Bytes Sent By Job
	0  -  Run Bytes Received By Job
	0  -  Total Bytes Sent By Job
	0  -  Total Bytes Received By Job
	Partitionable Resources :    Usage  Request Allocated 
	   Cpus                 :     0.92        1         1 
	   Disk (KB)            :     1     3584000   4647351 
	   Memory (MB)          :   224        4096      4096 
...
006 (13926294.010.000) 2021-01-08 09:14:18 Image size of job updated: 3720716
	169  -  MemoryUsage of job (MB)
	173020  -  ResidentSetSize of job (KB)
...
006 (13926294.016.000) 2021-01-08 09:14:18 Image size of job updated: 11197944
	294  -  MemoryUsage of job (MB)
	301000  -  ResidentSetSize of job (KB)
...
005 (13926294.010.000) 2021-01-08 09:14:18 Job terminated.
	(1) Normal termination (return value 0)
		Usr 0 00:03:57, Sys 0 00:00:19  -  Run Remote Usage
		Usr 0 00:00:00, Sys 0 00:00:00  -  Run Local Usage
		Usr 0 00:03:57, Sys 0 00:00:19  -  Total Remote Usage
		Usr 0 00:00:00, Sys 0 00:00:00  -  Total Local Usage
	0  -  Run Bytes Sent By Job
	0  -  Run Bytes Received By Job
	0  -  Total Bytes Sent By Job
	0  -  Total Bytes Received By Job
	Partitionable Resources :    Usage  Request Allocated 
	   Cpus                 :     0.91        1         1 
	   Disk (KB)            :     1     3584000   4785229 
	   Memory (MB)          :   169        4096      4096 

	Job terminated of its own accord at 2021-01-08T08:14:18Z.
...
005 (13926294.016.000) 2021-01-08 09:14:18 Job terminated.
	(1) Normal termination (return value 0)
		Usr 0 00:03:56, Sys 0 00:00:18  -  Run Remote Usage
		Usr 0 00:00:00, Sys 0 00:00:00  -  Run Local Usage
		Usr 0 00:03:56, Sys 0 00:00:18  -  Total Remote Usage
		Usr 0 00:00:00, Sys 0 00:00:00  -  Total Local Usage
	0  -  Run Bytes Sent By Job
	0  -  Run Bytes Received By Job
	0  -  Total Bytes Sent By Job
	0  -  Total Bytes Received By Job
	Partitionable Resources :    Usage  Request Allocated 
	   Cpus                 :     0.87        1         1 
	   Disk (KB)            :     1     3584000   3950929 
	   Memory (MB)          :   294        4096      4096 

	Job terminated of its own accord at 2021-01-08T08:14:18Z.
...
006 (13926294.009.000) 2021-01-08 09:14:24 Image size of job updated: 12806816
	175  -  MemoryUsage of job (MB)
	179116  -  ResidentSetSize of job (KB)
...
005 (13926294.009.000) 2021-01-08 09:14:24 Job terminated.
	(1) Normal termination (return value 0)
		Usr 0 00:04:00, Sys 0 00:00:19  -  Run Remote Usage
		Usr 0 00:00:00, Sys 0 00:00:00  -  Run Local Usage
		Usr 0 00:04:00, Sys 0 00:00:19  -  Total Remote Usage
		Usr 0 00:00:00, Sys 0 00:00:00  -  Total Local Usage
	0  -  Run Bytes Sent By Job
	0  -  Run Bytes Received By Job
	0  -  Total Bytes Sent By Job
	0  -  Total Bytes Received By Job
	Partitionable Resources :    Usage  Request Allocated 
	   Cpus                 :     0.89        1         1 
	   Disk (KB)            :     1     3584000   4791518 
	   Memory (MB)          :   175        4096      4096 

	Job terminated of its own accord at 2021-01-08T08:14:24Z.
...
006 (13926294.003.000) 2021-01-08 09:14:25 Image size of job updated: 11104616
	159  -  MemoryUsage of job (MB)
	162704  -  ResidentSetSize of job (KB)
...
005 (13926294.003.000) 2021-01-08 09:14:25 Job terminated.
	(1) Normal termination (return value 0)
		Usr 0 00:03:59, Sys 0 00:00:17  -  Run Remote Usage
		Usr 0 00:00:00, Sys 0 00:00:00  -  Run Local Usage
		Usr 0 00:03:59, Sys 0 00:00:17  -  Total Remote Usage
		Usr 0 00:00:00, Sys 0 00:00:00  -  Total Local Usage
	0  -  Run Bytes Sent By Job
	0  -  Run Bytes Received By Job
	0  -  Total Bytes Sent By Job
	0  -  Total Bytes Received By Job
	Partitionable Resources :    Usage  Request Allocated 
	   Cpus                 :     0.91        1         1 
	   Disk (KB)            :     1     3584000   4785108 
	   Memory (MB)          :   159        4096      4096 

	Job terminated of its own accord at 2021-01-08T08:14:25Z.
...
006 (13926294.007.000) 2021-01-08 09:14:29 Image size of job updated: 11106788
	305  -  MemoryUsage of job (MB)
	311716  -  ResidentSetSize of job (KB)
...
005 (13926294.007.000) 2021-01-08 09:14:29 Job terminated.
	(1) Normal termination (return value 0)
		Usr 0 00:04:01, Sys 0 00:00:20  -  Run Remote Usage
		Usr 0 00:00:00, Sys 0 00:00:00  -  Run Local Usage
		Usr 0 00:04:01, Sys 0 00:00:20  -  Total Remote Usage
		Usr 0 00:00:00, Sys 0 00:00:00  -  Total Local Usage
	0  -  Run Bytes Sent By Job
	0  -  Run Bytes Received By Job
	0  -  Total Bytes Sent By Job
	0  -  Total Bytes Received By Job
	Partitionable Resources :    Usage  Request Allocated 
	   Cpus                 :     0.92        1         1 
	   Disk (KB)            :     1     3584000   3956902 
	   Memory (MB)          :   305        4096      4096 

	Job terminated of its own accord at 2021-01-08T08:14:29Z.
...
006 (13926294.008.000) 2021-01-08 09:14:31 Image size of job updated: 11111104
	212  -  MemoryUsage of job (MB)
	217072  -  ResidentSetSize of job (KB)
...
005 (13926294.008.000) 2021-01-08 09:14:31 Job terminated.
	(1) Normal termination (return value 0)
		Usr 0 00:03:58, Sys 0 00:00:15  -  Run Remote Usage
		Usr 0 00:00:00, Sys 0 00:00:00  -  Run Local Usage
		Usr 0 00:03:58, Sys 0 00:00:15  -  Total Remote Usage
		Usr 0 00:00:00, Sys 0 00:00:00  -  Total Local Usage
	0  -  Run Bytes Sent By Job
	0  -  Run Bytes Received By Job
	0  -  Total Bytes Sent By Job
	0  -  Total Bytes Received By Job
	Partitionable Resources :    Usage  Request Allocated 
	   Cpus                 :     0.92        1         1 
	   Disk (KB)            :     1     3584000   4785202 
	   Memory (MB)          :   212        4096      4096 

	Job terminated of its own accord at 2021-01-08T08:14:31Z.
...
006 (13926294.005.000) 2021-01-08 09:14:37 Image size of job updated: 11189564
	72  -  MemoryUsage of job (MB)
	73616  -  ResidentSetSize of job (KB)
...
005 (13926294.005.000) 2021-01-08 09:14:37 Job terminated.
	(1) Normal termination (return value 0)
		Usr 0 00:04:09, Sys 0 00:00:17  -  Run Remote Usage
		Usr 0 00:00:00, Sys 0 00:00:00  -  Run Local Usage
		Usr 0 00:04:09, Sys 0 00:00:17  -  Total Remote Usage
		Usr 0 00:00:00, Sys 0 00:00:00  -  Total Local Usage
	0  -  Run Bytes Sent By Job
	0  -  Run Bytes Received By Job
	0  -  Total Bytes Sent By Job
	0  -  Total Bytes Received By Job
	Partitionable Resources :    Usage  Request Allocated 
	   Cpus                 :     0.91        1         1 
	   Disk (KB)            :     1     3584000   3849684 
	   Memory (MB)          :    72        4096      4096 

	Job terminated of its own accord at 2021-01-08T08:14:37Z.
...
006 (13926294.018.000) 2021-01-08 09:14:37 Image size of job updated: 12792940
	233  -  MemoryUsage of job (MB)
	237968  -  ResidentSetSize of job (KB)
...
005 (13926294.018.000) 2021-01-08 09:14:37 Job terminated.
	(1) Normal termination (return value 0)
		Usr 0 00:04:01, Sys 0 00:00:20  -  Run Remote Usage
		Usr 0 00:00:00, Sys 0 00:00:00  -  Run Local Usage
		Usr 0 00:04:01, Sys 0 00:00:20  -  Total Remote Usage
		Usr 0 00:00:00, Sys 0 00:00:00  -  Total Local Usage
	0  -  Run Bytes Sent By Job
	0  -  Run Bytes Received By Job
	0  -  Total Bytes Sent By Job
	0  -  Total Bytes Received By Job
	Partitionable Resources :    Usage  Request Allocated 
	   Cpus                 :     0.87        1         1 
	   Disk (KB)            :     1     3584000   3989237 
	   Memory (MB)          :   233        4096      4096 

	Job terminated of its own accord at 2021-01-08T08:14:37Z.
...
006 (13926294.024.000) 2021-01-08 09:14:39 Image size of job updated: 10647960
	6694  -  MemoryUsage of job (MB)
	6854212  -  ResidentSetSize of job (KB)
...
006 (13926294.000.000) 2021-01-08 09:14:40 Image size of job updated: 11212684
	279  -  MemoryUsage of job (MB)
	284824  -  ResidentSetSize of job (KB)
...
005 (13926294.000.000) 2021-01-08 09:14:40 Job terminated.
	(1) Normal termination (return value 0)
		Usr 0 00:03:58, Sys 0 00:00:16  -  Run Remote Usage
		Usr 0 00:00:00, Sys 0 00:00:00  -  Run Local Usage
		Usr 0 00:03:58, Sys 0 00:00:16  -  Total Remote Usage
		Usr 0 00:00:00, Sys 0 00:00:00  -  Total Local Usage
	0  -  Run Bytes Sent By Job
	0  -  Run Bytes Received By Job
	0  -  Total Bytes Sent By Job
	0  -  Total Bytes Received By Job
	Partitionable Resources :    Usage  Request Allocated 
	   Cpus                 :     0.73        1         1 
	   Disk (KB)            :     1     3584000   3972025 
	   Memory (MB)          :   279        4096      4096 

	Job terminated of its own accord at 2021-01-08T08:14:40Z.
...
006 (13926294.022.000) 2021-01-08 09:14:40 Image size of job updated: 10671388
	3711  -  MemoryUsage of job (MB)
	3799864  -  ResidentSetSize of job (KB)
...
006 (13926294.002.000) 2021-01-08 09:14:40 Image size of job updated: 9397860
	3475  -  MemoryUsage of job (MB)
	3558048  -  ResidentSetSize of job (KB)
...
006 (13926294.006.000) 2021-01-08 09:14:44 Image size of job updated: 9722048
	7085  -  MemoryUsage of job (MB)
	7254892  -  ResidentSetSize of job (KB)
...
006 (13926294.022.000) 2021-01-08 09:14:59 Image size of job updated: 10671388
	3711  -  MemoryUsage of job (MB)
	3799896  -  ResidentSetSize of job (KB)
...
005 (13926294.022.000) 2021-01-08 09:14:59 Job terminated.
	(1) Normal termination (return value 0)
		Usr 0 00:04:01, Sys 0 00:00:20  -  Run Remote Usage
		Usr 0 00:00:00, Sys 0 00:00:00  -  Run Local Usage
		Usr 0 00:04:01, Sys 0 00:00:20  -  Total Remote Usage
		Usr 0 00:00:00, Sys 0 00:00:00  -  Total Local Usage
	0  -  Run Bytes Sent By Job
	0  -  Run Bytes Received By Job
	0  -  Total Bytes Sent By Job
	0  -  Total Bytes Received By Job
	Partitionable Resources :    Usage  Request Allocated 
	   Cpus                 :     0.71        1         1 
	   Disk (KB)            :     1     3584000   3991895 
	   Memory (MB)          :  3711        4096      4096 

	Job terminated of its own accord at 2021-01-08T08:14:59Z.
...
006 (13926294.024.000) 2021-01-08 09:15:05 Image size of job updated: 11239828
	6694  -  MemoryUsage of job (MB)
	6854216  -  ResidentSetSize of job (KB)
...
005 (13926294.024.000) 2021-01-08 09:15:05 Job terminated.
	(1) Normal termination (return value 0)
		Usr 0 00:04:20, Sys 0 00:00:26  -  Run Remote Usage
		Usr 0 00:00:00, Sys 0 00:00:00  -  Run Local Usage
		Usr 0 00:04:20, Sys 0 00:00:26  -  Total Remote Usage
		Usr 0 00:00:00, Sys 0 00:00:00  -  Total Local Usage
	0  -  Run Bytes Sent By Job
	0  -  Run Bytes Received By Job
	0  -  Total Bytes Sent By Job
	0  -  Total Bytes Received By Job
	Partitionable Resources :    Usage  Request Allocated 
	   Cpus                 :     0.76        1         1 
	   Disk (KB)            :     1     3584000   4420855 
	   Memory (MB)          :  6694        4096      4096 

	Job terminated of its own accord at 2021-01-08T08:15:05Z.
...
006 (13926294.006.000) 2021-01-08 09:16:19 Image size of job updated: 11121460
	7085  -  MemoryUsage of job (MB)
	7254892  -  ResidentSetSize of job (KB)
...
005 (13926294.006.000) 2021-01-08 09:16:19 Job terminated.
	(1) Normal termination (return value 0)
		Usr 0 00:04:03, Sys 0 00:00:20  -  Run Remote Usage
		Usr 0 00:00:00, Sys 0 00:00:00  -  Run Local Usage
		Usr 0 00:04:03, Sys 0 00:00:20  -  Total Remote Usage
		Usr 0 00:00:00, Sys 0 00:00:00  -  Total Local Usage
	0  -  Run Bytes Sent By Job
	0  -  Run Bytes Received By Job
	0  -  Total Bytes Sent By Job
	0  -  Total Bytes Received By Job
	Partitionable Resources :    Usage  Request Allocated 
	   Cpus                 :     0.83        1         1 
	   Disk (KB)            :     1     3584000   4785505 
	   Memory (MB)          :  7085        4096      4096 

	Job terminated of its own accord at 2021-01-08T08:16:19Z.
...
006 (13926294.002.000) 2021-01-08 09:16:19 Image size of job updated: 11198540
	3475  -  MemoryUsage of job (MB)
	3558048  -  ResidentSetSize of job (KB)
...
005 (13926294.002.000) 2021-01-08 09:16:19 Job terminated.
	(1) Normal termination (return value 0)
		Usr 0 00:04:42, Sys 0 00:00:18  -  Run Remote Usage
		Usr 0 00:00:00, Sys 0 00:00:00  -  Run Local Usage
		Usr 0 00:04:42, Sys 0 00:00:18  -  Total Remote Usage
		Usr 0 00:00:00, Sys 0 00:00:00  -  Total Local Usage
	0  -  Run Bytes Sent By Job
	0  -  Run Bytes Received By Job
	0  -  Total Bytes Sent By Job
	0  -  Total Bytes Received By Job
	Partitionable Resources :    Usage  Request Allocated 
	   Cpus                 :     0.63        1         1 
	   Disk (KB)            :     1     3584000   3724356 
	   Memory (MB)          :  3475        4096      4096 

	Job terminated of its own accord at 2021-01-08T08:16:19Z.
...
