000 (19530351.000.000) 2021-04-08 18:04:21 Job submitted from host: <131.169.223.42:9618?addrs=131.169.223.42-9618+[2001-638-700-10df--1-2a]-9618&alias=bird-htc-sched14.desy.de&noUDP&sock=schedd_14156_6ac2_3>
...
000 (19530351.001.000) 2021-04-08 18:04:21 Job submitted from host: <131.169.223.42:9618?addrs=131.169.223.42-9618+[2001-638-700-10df--1-2a]-9618&alias=bird-htc-sched14.desy.de&noUDP&sock=schedd_14156_6ac2_3>
...
000 (19530351.002.000) 2021-04-08 18:04:21 Job submitted from host: <131.169.223.42:9618?addrs=131.169.223.42-9618+[2001-638-700-10df--1-2a]-9618&alias=bird-htc-sched14.desy.de&noUDP&sock=schedd_14156_6ac2_3>
...
000 (19530351.003.000) 2021-04-08 18:04:21 Job submitted from host: <131.169.223.42:9618?addrs=131.169.223.42-9618+[2001-638-700-10df--1-2a]-9618&alias=bird-htc-sched14.desy.de&noUDP&sock=schedd_14156_6ac2_3>
...
000 (19530351.004.000) 2021-04-08 18:04:21 Job submitted from host: <131.169.223.42:9618?addrs=131.169.223.42-9618+[2001-638-700-10df--1-2a]-9618&alias=bird-htc-sched14.desy.de&noUDP&sock=schedd_14156_6ac2_3>
...
000 (19530351.005.000) 2021-04-08 18:04:21 Job submitted from host: <131.169.223.42:9618?addrs=131.169.223.42-9618+[2001-638-700-10df--1-2a]-9618&alias=bird-htc-sched14.desy.de&noUDP&sock=schedd_14156_6ac2_3>
...
000 (19530351.006.000) 2021-04-08 18:04:21 Job submitted from host: <131.169.223.42:9618?addrs=131.169.223.42-9618+[2001-638-700-10df--1-2a]-9618&alias=bird-htc-sched14.desy.de&noUDP&sock=schedd_14156_6ac2_3>
...
000 (19530351.007.000) 2021-04-08 18:04:21 Job submitted from host: <131.169.223.42:9618?addrs=131.169.223.42-9618+[2001-638-700-10df--1-2a]-9618&alias=bird-htc-sched14.desy.de&noUDP&sock=schedd_14156_6ac2_3>
...
000 (19530351.008.000) 2021-04-08 18:04:21 Job submitted from host: <131.169.223.42:9618?addrs=131.169.223.42-9618+[2001-638-700-10df--1-2a]-9618&alias=bird-htc-sched14.desy.de&noUDP&sock=schedd_14156_6ac2_3>
...
000 (19530351.009.000) 2021-04-08 18:04:21 Job submitted from host: <131.169.223.42:9618?addrs=131.169.223.42-9618+[2001-638-700-10df--1-2a]-9618&alias=bird-htc-sched14.desy.de&noUDP&sock=schedd_14156_6ac2_3>
...
000 (19530351.010.000) 2021-04-08 18:04:21 Job submitted from host: <131.169.223.42:9618?addrs=131.169.223.42-9618+[2001-638-700-10df--1-2a]-9618&alias=bird-htc-sched14.desy.de&noUDP&sock=schedd_14156_6ac2_3>
...
000 (19530351.011.000) 2021-04-08 18:04:21 Job submitted from host: <131.169.223.42:9618?addrs=131.169.223.42-9618+[2001-638-700-10df--1-2a]-9618&alias=bird-htc-sched14.desy.de&noUDP&sock=schedd_14156_6ac2_3>
...
000 (19530351.012.000) 2021-04-08 18:04:21 Job submitted from host: <131.169.223.42:9618?addrs=131.169.223.42-9618+[2001-638-700-10df--1-2a]-9618&alias=bird-htc-sched14.desy.de&noUDP&sock=schedd_14156_6ac2_3>
...
000 (19530351.013.000) 2021-04-08 18:04:21 Job submitted from host: <131.169.223.42:9618?addrs=131.169.223.42-9618+[2001-638-700-10df--1-2a]-9618&alias=bird-htc-sched14.desy.de&noUDP&sock=schedd_14156_6ac2_3>
...
000 (19530351.014.000) 2021-04-08 18:04:21 Job submitted from host: <131.169.223.42:9618?addrs=131.169.223.42-9618+[2001-638-700-10df--1-2a]-9618&alias=bird-htc-sched14.desy.de&noUDP&sock=schedd_14156_6ac2_3>
...
000 (19530351.015.000) 2021-04-08 18:04:21 Job submitted from host: <131.169.223.42:9618?addrs=131.169.223.42-9618+[2001-638-700-10df--1-2a]-9618&alias=bird-htc-sched14.desy.de&noUDP&sock=schedd_14156_6ac2_3>
...
000 (19530351.016.000) 2021-04-08 18:04:21 Job submitted from host: <131.169.223.42:9618?addrs=131.169.223.42-9618+[2001-638-700-10df--1-2a]-9618&alias=bird-htc-sched14.desy.de&noUDP&sock=schedd_14156_6ac2_3>
...
000 (19530351.017.000) 2021-04-08 18:04:21 Job submitted from host: <131.169.223.42:9618?addrs=131.169.223.42-9618+[2001-638-700-10df--1-2a]-9618&alias=bird-htc-sched14.desy.de&noUDP&sock=schedd_14156_6ac2_3>
...
000 (19530351.018.000) 2021-04-08 18:04:21 Job submitted from host: <131.169.223.42:9618?addrs=131.169.223.42-9618+[2001-638-700-10df--1-2a]-9618&alias=bird-htc-sched14.desy.de&noUDP&sock=schedd_14156_6ac2_3>
...
000 (19530351.019.000) 2021-04-08 18:04:21 Job submitted from host: <131.169.223.42:9618?addrs=131.169.223.42-9618+[2001-638-700-10df--1-2a]-9618&alias=bird-htc-sched14.desy.de&noUDP&sock=schedd_14156_6ac2_3>
...
000 (19530351.020.000) 2021-04-08 18:04:21 Job submitted from host: <131.169.223.42:9618?addrs=131.169.223.42-9618+[2001-638-700-10df--1-2a]-9618&alias=bird-htc-sched14.desy.de&noUDP&sock=schedd_14156_6ac2_3>
...
000 (19530351.021.000) 2021-04-08 18:04:21 Job submitted from host: <131.169.223.42:9618?addrs=131.169.223.42-9618+[2001-638-700-10df--1-2a]-9618&alias=bird-htc-sched14.desy.de&noUDP&sock=schedd_14156_6ac2_3>
...
000 (19530351.022.000) 2021-04-08 18:04:21 Job submitted from host: <131.169.223.42:9618?addrs=131.169.223.42-9618+[2001-638-700-10df--1-2a]-9618&alias=bird-htc-sched14.desy.de&noUDP&sock=schedd_14156_6ac2_3>
...
000 (19530351.023.000) 2021-04-08 18:04:21 Job submitted from host: <131.169.223.42:9618?addrs=131.169.223.42-9618+[2001-638-700-10df--1-2a]-9618&alias=bird-htc-sched14.desy.de&noUDP&sock=schedd_14156_6ac2_3>
...
000 (19530351.024.000) 2021-04-08 18:04:21 Job submitted from host: <131.169.223.42:9618?addrs=131.169.223.42-9618+[2001-638-700-10df--1-2a]-9618&alias=bird-htc-sched14.desy.de&noUDP&sock=schedd_14156_6ac2_3>
...
001 (19530351.001.000) 2021-04-08 18:41:25 Job executing on host: <131.169.77.42:37604?addrs=131.169.77.42-37604&alias=bird560.desy.de>
...
001 (19530351.004.000) 2021-04-08 18:41:25 Job executing on host: <131.169.164.57:44979?addrs=131.169.164.57-44979&alias=bird857.desy.de>
...
001 (19530351.002.000) 2021-04-08 18:41:25 Job executing on host: <131.169.77.10:43697?addrs=131.169.77.10-43697&alias=bird528.desy.de>
...
001 (19530351.000.000) 2021-04-08 18:41:25 Job executing on host: <131.169.77.20:35499?addrs=131.169.77.20-35499&alias=bird538.desy.de>
...
001 (19530351.005.000) 2021-04-08 18:41:25 Job executing on host: <131.169.163.101:35812?addrs=131.169.163.101-35812&alias=bird662.desy.de>
...
001 (19530351.006.000) 2021-04-08 18:41:25 Job executing on host: <131.169.163.113:43172?addrs=131.169.163.113-43172&alias=bird674.desy.de>
...
001 (19530351.024.000) 2021-04-08 18:41:25 Job executing on host: <131.169.162.158:38120?addrs=131.169.162.158-38120&alias=batch1158.desy.de>
...
001 (19530351.003.000) 2021-04-08 18:41:25 Job executing on host: <131.169.77.209:33849?addrs=131.169.77.209-33849&alias=bird763.desy.de>
...
001 (19530351.007.000) 2021-04-08 18:41:26 Job executing on host: <131.169.164.35:40131?addrs=131.169.164.35-40131&alias=bird835.desy.de>
...
001 (19530351.008.000) 2021-04-08 18:41:26 Job executing on host: <131.169.163.106:45648?addrs=131.169.163.106-45648&alias=bird667.desy.de>
...
001 (19530351.009.000) 2021-04-08 18:41:26 Job executing on host: <131.169.77.224:34834?addrs=131.169.77.224-34834&alias=bird778.desy.de>
...
001 (19530351.010.000) 2021-04-08 18:41:26 Job executing on host: <131.169.164.50:40858?addrs=131.169.164.50-40858&alias=bird850.desy.de>
...
001 (19530351.019.000) 2021-04-08 18:41:26 Job executing on host: <131.169.160.155:43004?addrs=131.169.160.155-43004&alias=batch1055.desy.de>
...
001 (19530351.012.000) 2021-04-08 18:41:26 Job executing on host: <131.169.163.100:42753?addrs=131.169.163.100-42753&alias=bird661.desy.de>
...
001 (19530351.014.000) 2021-04-08 18:41:26 Job executing on host: <131.169.77.8:40450?addrs=131.169.77.8-40450&alias=bird526.desy.de>
...
001 (19530351.015.000) 2021-04-08 18:41:26 Job executing on host: <131.169.77.216:33908?addrs=131.169.77.216-33908&alias=bird770.desy.de>
...
001 (19530351.017.000) 2021-04-08 18:41:26 Job executing on host: <131.169.163.127:45399?addrs=131.169.163.127-45399&alias=bird688.desy.de>
...
001 (19530351.016.000) 2021-04-08 18:41:26 Job executing on host: <131.169.164.2:39378?addrs=131.169.164.2-39378&alias=bird802.desy.de>
...
001 (19530351.020.000) 2021-04-08 18:41:26 Job executing on host: <131.169.162.152:41974?addrs=131.169.162.152-41974&alias=batch1152.desy.de>
...
001 (19530351.018.000) 2021-04-08 18:41:26 Job executing on host: <131.169.164.48:34573?addrs=131.169.164.48-34573&alias=bird848.desy.de>
...
001 (19530351.022.000) 2021-04-08 18:41:26 Job executing on host: <131.169.160.178:44794?addrs=131.169.160.178-44794&alias=batch1180.desy.de>
...
001 (19530351.021.000) 2021-04-08 18:41:26 Job executing on host: <131.169.162.155:38559?addrs=131.169.162.155-38559&alias=batch1155.desy.de>
...
001 (19530351.023.000) 2021-04-08 18:41:26 Job executing on host: <131.169.162.156:44347?addrs=131.169.162.156-44347&alias=batch1156.desy.de>
...
001 (19530351.013.000) 2021-04-08 18:41:26 Job executing on host: <131.169.160.185:35806?addrs=131.169.160.185-35806&alias=batch1187.desy.de>
...
001 (19530351.011.000) 2021-04-08 18:41:26 Job executing on host: <131.169.160.153:45367?addrs=131.169.160.153-45367&alias=batch1053.desy.de>
...
006 (19530351.007.000) 2021-04-08 18:41:34 Image size of job updated: 389108
	297  -  MemoryUsage of job (MB)
	303704  -  ResidentSetSize of job (KB)
...
006 (19530351.008.000) 2021-04-08 18:41:34 Image size of job updated: 402584
	310  -  MemoryUsage of job (MB)
	317188  -  ResidentSetSize of job (KB)
...
006 (19530351.009.000) 2021-04-08 18:41:34 Image size of job updated: 427580
	337  -  MemoryUsage of job (MB)
	344452  -  ResidentSetSize of job (KB)
...
006 (19530351.010.000) 2021-04-08 18:41:34 Image size of job updated: 391216
	297  -  MemoryUsage of job (MB)
	303748  -  ResidentSetSize of job (KB)
...
006 (19530351.012.000) 2021-04-08 18:41:34 Image size of job updated: 430032
	362  -  MemoryUsage of job (MB)
	370592  -  ResidentSetSize of job (KB)
...
006 (19530351.014.000) 2021-04-08 18:41:34 Image size of job updated: 348792
	258  -  MemoryUsage of job (MB)
	263292  -  ResidentSetSize of job (KB)
...
006 (19530351.019.000) 2021-04-08 18:41:34 Image size of job updated: 241892
	154  -  MemoryUsage of job (MB)
	157400  -  ResidentSetSize of job (KB)
...
006 (19530351.015.000) 2021-04-08 18:41:34 Image size of job updated: 373932
	341  -  MemoryUsage of job (MB)
	348896  -  ResidentSetSize of job (KB)
...
006 (19530351.016.000) 2021-04-08 18:41:34 Image size of job updated: 456596
	383  -  MemoryUsage of job (MB)
	391780  -  ResidentSetSize of job (KB)
...
006 (19530351.017.000) 2021-04-08 18:41:34 Image size of job updated: 380592
	337  -  MemoryUsage of job (MB)
	344480  -  ResidentSetSize of job (KB)
...
006 (19530351.020.000) 2021-04-08 18:41:34 Image size of job updated: 526228
	431  -  MemoryUsage of job (MB)
	441176  -  ResidentSetSize of job (KB)
...
006 (19530351.018.000) 2021-04-08 18:41:34 Image size of job updated: 344520
	254  -  MemoryUsage of job (MB)
	259556  -  ResidentSetSize of job (KB)
...
006 (19530351.022.000) 2021-04-08 18:41:34 Image size of job updated: 643132
	588  -  MemoryUsage of job (MB)
	601312  -  ResidentSetSize of job (KB)
...
006 (19530351.023.000) 2021-04-08 18:41:34 Image size of job updated: 643880
	550  -  MemoryUsage of job (MB)
	562304  -  ResidentSetSize of job (KB)
...
006 (19530351.021.000) 2021-04-08 18:41:34 Image size of job updated: 648712
	551  -  MemoryUsage of job (MB)
	563264  -  ResidentSetSize of job (KB)
...
006 (19530351.001.000) 2021-04-08 18:41:34 Image size of job updated: 440568
	348  -  MemoryUsage of job (MB)
	355924  -  ResidentSetSize of job (KB)
...
006 (19530351.004.000) 2021-04-08 18:41:34 Image size of job updated: 480640
	386  -  MemoryUsage of job (MB)
	395012  -  ResidentSetSize of job (KB)
...
006 (19530351.002.000) 2021-04-08 18:41:34 Image size of job updated: 279172
	190  -  MemoryUsage of job (MB)
	194316  -  ResidentSetSize of job (KB)
...
006 (19530351.000.000) 2021-04-08 18:41:34 Image size of job updated: 436968
	314  -  MemoryUsage of job (MB)
	321036  -  ResidentSetSize of job (KB)
...
006 (19530351.006.000) 2021-04-08 18:41:34 Image size of job updated: 385804
	359  -  MemoryUsage of job (MB)
	367564  -  ResidentSetSize of job (KB)
...
006 (19530351.005.000) 2021-04-08 18:41:34 Image size of job updated: 454652
	403  -  MemoryUsage of job (MB)
	412320  -  ResidentSetSize of job (KB)
...
006 (19530351.024.000) 2021-04-08 18:41:34 Image size of job updated: 654836
	603  -  MemoryUsage of job (MB)
	617132  -  ResidentSetSize of job (KB)
...
006 (19530351.003.000) 2021-04-08 18:41:34 Image size of job updated: 238020
	151  -  MemoryUsage of job (MB)
	154036  -  ResidentSetSize of job (KB)
...
006 (19530351.013.000) 2021-04-08 18:41:35 Image size of job updated: 671092
	574  -  MemoryUsage of job (MB)
	587204  -  ResidentSetSize of job (KB)
...
006 (19530351.011.000) 2021-04-08 18:41:35 Image size of job updated: 347328
	258  -  MemoryUsage of job (MB)
	263344  -  ResidentSetSize of job (KB)
...
006 (19530351.024.000) 2021-04-08 18:44:45 Image size of job updated: 15003596
	603  -  MemoryUsage of job (MB)
	617260  -  ResidentSetSize of job (KB)
...
005 (19530351.024.000) 2021-04-08 18:44:45 Job terminated.
	(1) Normal termination (return value 0)
		Usr 0 00:02:46, Sys 0 00:00:11  -  Run Remote Usage
		Usr 0 00:00:00, Sys 0 00:00:00  -  Run Local Usage
		Usr 0 00:02:46, Sys 0 00:00:11  -  Total Remote Usage
		Usr 0 00:00:00, Sys 0 00:00:00  -  Total Local Usage
	0  -  Run Bytes Sent By Job
	0  -  Run Bytes Received By Job
	0  -  Total Bytes Sent By Job
	0  -  Total Bytes Received By Job
	Partitionable Resources :    Usage  Request Allocated 
	   Cpus                 :     0.90        1         1 
	   Disk (KB)            :     1     3584000   4407767 
	   Memory (MB)          :   603        4096      4096 

	Job terminated of its own accord at 2021-04-08T16:44:45Z.
...
006 (19530351.022.000) 2021-04-08 18:44:48 Image size of job updated: 13484536
	588  -  MemoryUsage of job (MB)
	601340  -  ResidentSetSize of job (KB)
...
005 (19530351.022.000) 2021-04-08 18:44:48 Job terminated.
	(1) Normal termination (return value 0)
		Usr 0 00:02:48, Sys 0 00:00:11  -  Run Remote Usage
		Usr 0 00:00:00, Sys 0 00:00:00  -  Run Local Usage
		Usr 0 00:02:48, Sys 0 00:00:11  -  Total Remote Usage
		Usr 0 00:00:00, Sys 0 00:00:00  -  Total Local Usage
	0  -  Run Bytes Sent By Job
	0  -  Run Bytes Received By Job
	0  -  Total Bytes Sent By Job
	0  -  Total Bytes Received By Job
	Partitionable Resources :    Usage  Request Allocated 
	   Cpus                 :     0.33        1         1 
	   Disk (KB)            :     1     3584000   4464537 
	   Memory (MB)          :   588        4096      4096 

	Job terminated of its own accord at 2021-04-08T16:44:48Z.
...
006 (19530351.021.000) 2021-04-08 18:44:56 Image size of job updated: 13503376
	551  -  MemoryUsage of job (MB)
	563284  -  ResidentSetSize of job (KB)
...
005 (19530351.021.000) 2021-04-08 18:44:56 Job terminated.
	(1) Normal termination (return value 0)
		Usr 0 00:02:49, Sys 0 00:00:14  -  Run Remote Usage
		Usr 0 00:00:00, Sys 0 00:00:00  -  Run Local Usage
		Usr 0 00:02:49, Sys 0 00:00:14  -  Total Remote Usage
		Usr 0 00:00:00, Sys 0 00:00:00  -  Total Local Usage
	0  -  Run Bytes Sent By Job
	0  -  Run Bytes Received By Job
	0  -  Total Bytes Sent By Job
	0  -  Total Bytes Received By Job
	Partitionable Resources :    Usage  Request Allocated 
	   Cpus                 :     0.89        1         1 
	   Disk (KB)            :     1     3584000   4799724 
	   Memory (MB)          :   551        4096      4096 

	Job terminated of its own accord at 2021-04-08T16:44:56Z.
...
006 (19530351.020.000) 2021-04-08 18:44:59 Image size of job updated: 13455148
	431  -  MemoryUsage of job (MB)
	441328  -  ResidentSetSize of job (KB)
...
005 (19530351.020.000) 2021-04-08 18:44:59 Job terminated.
	(1) Normal termination (return value 0)
		Usr 0 00:03:00, Sys 0 00:00:14  -  Run Remote Usage
		Usr 0 00:00:00, Sys 0 00:00:00  -  Run Local Usage
		Usr 0 00:03:00, Sys 0 00:00:14  -  Total Remote Usage
		Usr 0 00:00:00, Sys 0 00:00:00  -  Total Local Usage
	0  -  Run Bytes Sent By Job
	0  -  Run Bytes Received By Job
	0  -  Total Bytes Sent By Job
	0  -  Total Bytes Received By Job
	Partitionable Resources :    Usage  Request Allocated 
	   Cpus                 :     0.92        1         1 
	   Disk (KB)            :     1     3584000   4397643 
	   Memory (MB)          :   431        4096      4096 

	Job terminated of its own accord at 2021-04-08T16:44:59Z.
...
006 (19530351.023.000) 2021-04-08 18:45:18 Image size of job updated: 13590436
	550  -  MemoryUsage of job (MB)
	562348  -  ResidentSetSize of job (KB)
...
005 (19530351.023.000) 2021-04-08 18:45:18 Job terminated.
	(1) Normal termination (return value 0)
		Usr 0 00:03:00, Sys 0 00:00:13  -  Run Remote Usage
		Usr 0 00:00:00, Sys 0 00:00:00  -  Run Local Usage
		Usr 0 00:03:00, Sys 0 00:00:13  -  Total Remote Usage
		Usr 0 00:00:00, Sys 0 00:00:00  -  Total Local Usage
	0  -  Run Bytes Sent By Job
	0  -  Run Bytes Received By Job
	0  -  Total Bytes Sent By Job
	0  -  Total Bytes Received By Job
	Partitionable Resources :    Usage  Request Allocated 
	   Cpus                 :     0.92        1         1 
	   Disk (KB)            :     1     3584000   4460742 
	   Memory (MB)          :   550        4096      4096 

	Job terminated of its own accord at 2021-04-08T16:45:18Z.
...
006 (19530351.013.000) 2021-04-08 18:45:47 Image size of job updated: 13529684
	574  -  MemoryUsage of job (MB)
	587328  -  ResidentSetSize of job (KB)
...
005 (19530351.013.000) 2021-04-08 18:45:47 Job terminated.
	(1) Normal termination (return value 0)
		Usr 0 00:03:01, Sys 0 00:00:15  -  Run Remote Usage
		Usr 0 00:00:00, Sys 0 00:00:00  -  Run Local Usage
		Usr 0 00:03:01, Sys 0 00:00:15  -  Total Remote Usage
		Usr 0 00:00:00, Sys 0 00:00:00  -  Total Local Usage
	0  -  Run Bytes Sent By Job
	0  -  Run Bytes Received By Job
	0  -  Total Bytes Sent By Job
	0  -  Total Bytes Received By Job
	Partitionable Resources :    Usage  Request Allocated 
	   Cpus                 :     0.60        1         1 
	   Disk (KB)            :     1     3584000   4455983 
	   Memory (MB)          :   574        4096      4096 

	Job terminated of its own accord at 2021-04-08T16:45:47Z.
...
006 (19530351.009.000) 2021-04-08 18:46:04 Image size of job updated: 13451756
	337  -  MemoryUsage of job (MB)
	344680  -  ResidentSetSize of job (KB)
...
005 (19530351.009.000) 2021-04-08 18:46:04 Job terminated.
	(1) Normal termination (return value 0)
		Usr 0 00:04:00, Sys 0 00:00:19  -  Run Remote Usage
		Usr 0 00:00:00, Sys 0 00:00:00  -  Run Local Usage
		Usr 0 00:04:00, Sys 0 00:00:19  -  Total Remote Usage
		Usr 0 00:00:00, Sys 0 00:00:00  -  Total Local Usage
	0  -  Run Bytes Sent By Job
	0  -  Run Bytes Received By Job
	0  -  Total Bytes Sent By Job
	0  -  Total Bytes Received By Job
	Partitionable Resources :    Usage  Request Allocated 
	   Cpus                 :     0.94        1         1 
	   Disk (KB)            :     1     3584000   4776336 
	   Memory (MB)          :   337        4096      4096 

	Job terminated of its own accord at 2021-04-08T16:46:04Z.
...
006 (19530351.002.000) 2021-04-08 18:46:09 Image size of job updated: 279172
	190  -  MemoryUsage of job (MB)
	194380  -  ResidentSetSize of job (KB)
...
005 (19530351.002.000) 2021-04-08 18:46:09 Job terminated.
	(1) Normal termination (return value 0)
		Usr 0 00:04:00, Sys 0 00:00:14  -  Run Remote Usage
		Usr 0 00:00:00, Sys 0 00:00:00  -  Run Local Usage
		Usr 0 00:04:00, Sys 0 00:00:14  -  Total Remote Usage
		Usr 0 00:00:00, Sys 0 00:00:00  -  Total Local Usage
	0  -  Run Bytes Sent By Job
	0  -  Run Bytes Received By Job
	0  -  Total Bytes Sent By Job
	0  -  Total Bytes Received By Job
	Partitionable Resources :    Usage  Request Allocated 
	   Cpus                 :     0.91        1         1 
	   Disk (KB)            :     1     3584000   3826901 
	   Memory (MB)          :   190        4096      4096 

	Job terminated of its own accord at 2021-04-08T16:46:09Z.
...
006 (19530351.010.000) 2021-04-08 18:46:10 Image size of job updated: 10950936
	297  -  MemoryUsage of job (MB)
	303776  -  ResidentSetSize of job (KB)
...
005 (19530351.010.000) 2021-04-08 18:46:10 Job terminated.
	(1) Normal termination (return value 0)
		Usr 0 00:04:01, Sys 0 00:00:19  -  Run Remote Usage
		Usr 0 00:00:00, Sys 0 00:00:00  -  Run Local Usage
		Usr 0 00:04:01, Sys 0 00:00:19  -  Total Remote Usage
		Usr 0 00:00:00, Sys 0 00:00:00  -  Total Local Usage
	0  -  Run Bytes Sent By Job
	0  -  Run Bytes Received By Job
	0  -  Total Bytes Sent By Job
	0  -  Total Bytes Received By Job
	Partitionable Resources :    Usage  Request Allocated 
	   Cpus                 :     0.93        1         1 
	   Disk (KB)            :     1     3584000   3960182 
	   Memory (MB)          :   297        4096      4096 

	Job terminated of its own accord at 2021-04-08T16:46:10Z.
...
006 (19530351.006.000) 2021-04-08 18:46:10 Image size of job updated: 385804
	360  -  MemoryUsage of job (MB)
	367632  -  ResidentSetSize of job (KB)
...
005 (19530351.006.000) 2021-04-08 18:46:10 Job terminated.
	(1) Normal termination (return value 0)
		Usr 0 00:03:58, Sys 0 00:00:18  -  Run Remote Usage
		Usr 0 00:00:00, Sys 0 00:00:00  -  Run Local Usage
		Usr 0 00:03:58, Sys 0 00:00:18  -  Total Remote Usage
		Usr 0 00:00:00, Sys 0 00:00:00  -  Total Local Usage
	0  -  Run Bytes Sent By Job
	0  -  Run Bytes Received By Job
	0  -  Total Bytes Sent By Job
	0  -  Total Bytes Received By Job
	Partitionable Resources :    Usage  Request Allocated 
	   Cpus                 :     0.92        1         1 
	   Disk (KB)            :     1     3584000   3952708 
	   Memory (MB)          :   360        4096      4096 

	Job terminated of its own accord at 2021-04-08T16:46:10Z.
...
006 (19530351.018.000) 2021-04-08 18:46:15 Image size of job updated: 10960620
	254  -  MemoryUsage of job (MB)
	259700  -  ResidentSetSize of job (KB)
...
005 (19530351.018.000) 2021-04-08 18:46:15 Job terminated.
	(1) Normal termination (return value 0)
		Usr 0 00:04:09, Sys 0 00:00:16  -  Run Remote Usage
		Usr 0 00:00:00, Sys 0 00:00:00  -  Run Local Usage
		Usr 0 00:04:09, Sys 0 00:00:16  -  Total Remote Usage
		Usr 0 00:00:00, Sys 0 00:00:00  -  Total Local Usage
	0  -  Run Bytes Sent By Job
	0  -  Run Bytes Received By Job
	0  -  Total Bytes Sent By Job
	0  -  Total Bytes Received By Job
	Partitionable Resources :    Usage  Request Allocated 
	   Cpus                 :     0.95        1         1 
	   Disk (KB)            :     1     3584000   4202150 
	   Memory (MB)          :   254        4096      4096 

	Job terminated of its own accord at 2021-04-08T16:46:15Z.
...
006 (19530351.005.000) 2021-04-08 18:46:16 Image size of job updated: 13509804
	403  -  MemoryUsage of job (MB)
	412376  -  ResidentSetSize of job (KB)
...
005 (19530351.005.000) 2021-04-08 18:46:16 Job terminated.
	(1) Normal termination (return value 0)
		Usr 0 00:03:57, Sys 0 00:00:19  -  Run Remote Usage
		Usr 0 00:00:00, Sys 0 00:00:00  -  Run Local Usage
		Usr 0 00:03:57, Sys 0 00:00:19  -  Total Remote Usage
		Usr 0 00:00:00, Sys 0 00:00:00  -  Total Local Usage
	0  -  Run Bytes Sent By Job
	0  -  Run Bytes Received By Job
	0  -  Total Bytes Sent By Job
	0  -  Total Bytes Received By Job
	Partitionable Resources :    Usage  Request Allocated 
	   Cpus                 :     0.94        1         1 
	   Disk (KB)            :     1     3584000   3942642 
	   Memory (MB)          :   403        4096      4096 

	Job terminated of its own accord at 2021-04-08T16:46:16Z.
...
006 (19530351.016.000) 2021-04-08 18:46:18 Image size of job updated: 13436748
	383  -  MemoryUsage of job (MB)
	391852  -  ResidentSetSize of job (KB)
...
005 (19530351.016.000) 2021-04-08 18:46:18 Job terminated.
	(1) Normal termination (return value 0)
		Usr 0 00:04:06, Sys 0 00:00:22  -  Run Remote Usage
		Usr 0 00:00:00, Sys 0 00:00:00  -  Run Local Usage
		Usr 0 00:04:06, Sys 0 00:00:22  -  Total Remote Usage
		Usr 0 00:00:00, Sys 0 00:00:00  -  Total Local Usage
	0  -  Run Bytes Sent By Job
	0  -  Run Bytes Received By Job
	0  -  Total Bytes Sent By Job
	0  -  Total Bytes Received By Job
	Partitionable Resources :    Usage  Request Allocated 
	   Cpus                 :     0.94        1         1 
	   Disk (KB)            :     1     3584000   4543744 
	   Memory (MB)          :   383        4096      4096 

	Job terminated of its own accord at 2021-04-08T16:46:18Z.
...
006 (19530351.008.000) 2021-04-08 18:46:22 Image size of job updated: 13516868
	310  -  MemoryUsage of job (MB)
	317240  -  ResidentSetSize of job (KB)
...
005 (19530351.008.000) 2021-04-08 18:46:22 Job terminated.
	(1) Normal termination (return value 0)
		Usr 0 00:04:06, Sys 0 00:00:26  -  Run Remote Usage
		Usr 0 00:00:00, Sys 0 00:00:00  -  Run Local Usage
		Usr 0 00:04:06, Sys 0 00:00:26  -  Total Remote Usage
		Usr 0 00:00:00, Sys 0 00:00:00  -  Total Local Usage
	0  -  Run Bytes Sent By Job
	0  -  Run Bytes Received By Job
	0  -  Total Bytes Sent By Job
	0  -  Total Bytes Received By Job
	Partitionable Resources :    Usage  Request Allocated 
	   Cpus                 :     0.95        1         1 
	   Disk (KB)            :     1     3584000   3956739 
	   Memory (MB)          :   310        4096      4096 

	Job terminated of its own accord at 2021-04-08T16:46:22Z.
...
006 (19530351.017.000) 2021-04-08 18:46:22 Image size of job updated: 13408796
	337  -  MemoryUsage of job (MB)
	344532  -  ResidentSetSize of job (KB)
...
005 (19530351.017.000) 2021-04-08 18:46:22 Job terminated.
	(1) Normal termination (return value 0)
		Usr 0 00:04:00, Sys 0 00:00:21  -  Run Remote Usage
		Usr 0 00:00:00, Sys 0 00:00:00  -  Run Local Usage
		Usr 0 00:04:00, Sys 0 00:00:21  -  Total Remote Usage
		Usr 0 00:00:00, Sys 0 00:00:00  -  Total Local Usage
	0  -  Run Bytes Sent By Job
	0  -  Run Bytes Received By Job
	0  -  Total Bytes Sent By Job
	0  -  Total Bytes Received By Job
	Partitionable Resources :    Usage  Request Allocated 
	   Cpus                 :     0.88        1         1 
	   Disk (KB)            :     1     3584000   3955019 
	   Memory (MB)          :   337        4096      4096 

	Job terminated of its own accord at 2021-04-08T16:46:22Z.
...
006 (19530351.007.000) 2021-04-08 18:46:24 Image size of job updated: 13519748
	297  -  MemoryUsage of job (MB)
	304008  -  ResidentSetSize of job (KB)
...
005 (19530351.007.000) 2021-04-08 18:46:24 Job terminated.
	(1) Normal termination (return value 0)
		Usr 0 00:04:03, Sys 0 00:00:27  -  Run Remote Usage
		Usr 0 00:00:00, Sys 0 00:00:00  -  Run Local Usage
		Usr 0 00:04:03, Sys 0 00:00:27  -  Total Remote Usage
		Usr 0 00:00:00, Sys 0 00:00:00  -  Total Local Usage
	0  -  Run Bytes Sent By Job
	0  -  Run Bytes Received By Job
	0  -  Total Bytes Sent By Job
	0  -  Total Bytes Received By Job
	Partitionable Resources :    Usage  Request Allocated 
	   Cpus                 :     0.94        1         1 
	   Disk (KB)            :     1     3584000   4535595 
	   Memory (MB)          :   297        4096      4096 

	Job terminated of its own accord at 2021-04-08T16:46:24Z.
...
006 (19530351.004.000) 2021-04-08 18:46:26 Image size of job updated: 9025916
	386  -  MemoryUsage of job (MB)
	395052  -  ResidentSetSize of job (KB)
...
005 (19530351.004.000) 2021-04-08 18:46:26 Job terminated.
	(1) Normal termination (return value 0)
		Usr 0 00:04:06, Sys 0 00:00:23  -  Run Remote Usage
		Usr 0 00:00:00, Sys 0 00:00:00  -  Run Local Usage
		Usr 0 00:04:06, Sys 0 00:00:23  -  Total Remote Usage
		Usr 0 00:00:00, Sys 0 00:00:00  -  Total Local Usage
	0  -  Run Bytes Sent By Job
	0  -  Run Bytes Received By Job
	0  -  Total Bytes Sent By Job
	0  -  Total Bytes Received By Job
	Partitionable Resources :    Usage  Request Allocated 
	   Cpus                 :     0.89        1         1 
	   Disk (KB)            :     1     3584000   3974945 
	   Memory (MB)          :   386        4096      4096 

	Job terminated of its own accord at 2021-04-08T16:46:26Z.
...
006 (19530351.012.000) 2021-04-08 18:46:29 Image size of job updated: 1066316
	362  -  MemoryUsage of job (MB)
	370592  -  ResidentSetSize of job (KB)
...
005 (19530351.012.000) 2021-04-08 18:46:29 Job terminated.
	(1) Normal termination (return value 0)
		Usr 0 00:04:03, Sys 0 00:00:26  -  Run Remote Usage
		Usr 0 00:00:00, Sys 0 00:00:00  -  Run Local Usage
		Usr 0 00:04:03, Sys 0 00:00:26  -  Total Remote Usage
		Usr 0 00:00:00, Sys 0 00:00:00  -  Total Local Usage
	0  -  Run Bytes Sent By Job
	0  -  Run Bytes Received By Job
	0  -  Total Bytes Sent By Job
	0  -  Total Bytes Received By Job
	Partitionable Resources :    Usage  Request Allocated 
	   Cpus                 :     0.91        1         1 
	   Disk (KB)            :     1     3584000   3954123 
	   Memory (MB)          :   362        4096      4096 

	Job terminated of its own accord at 2021-04-08T16:46:29Z.
...
006 (19530351.014.000) 2021-04-08 18:46:34 Image size of job updated: 9190696
	3732  -  MemoryUsage of job (MB)
	3821440  -  ResidentSetSize of job (KB)
...
006 (19530351.019.000) 2021-04-08 18:46:34 Image size of job updated: 9797012
	4539  -  MemoryUsage of job (MB)
	4647200  -  ResidentSetSize of job (KB)
...
006 (19530351.000.000) 2021-04-08 18:46:35 Image size of job updated: 12123880
	6583  -  MemoryUsage of job (MB)
	6739972  -  ResidentSetSize of job (KB)
...
006 (19530351.001.000) 2021-04-08 18:46:35 Image size of job updated: 10061228
	8429  -  MemoryUsage of job (MB)
	8631268  -  ResidentSetSize of job (KB)
...
006 (19530351.015.000) 2021-04-08 18:46:35 Image size of job updated: 13532740
	12881  -  MemoryUsage of job (MB)
	13189868  -  ResidentSetSize of job (KB)
...
006 (19530351.015.000) 2021-04-08 18:46:35 Image size of job updated: 13532740
	12881  -  MemoryUsage of job (MB)
	13189972  -  ResidentSetSize of job (KB)
...
012 (19530351.015.000) 2021-04-08 18:46:36 Job was held.
	Memory usage too high (> 3 x requested-memory)
	Code 26 Subcode 0
...
006 (19530351.011.000) 2021-04-08 18:46:36 Image size of job updated: 12540768
	4013  -  MemoryUsage of job (MB)
	4108848  -  ResidentSetSize of job (KB)
...
006 (19530351.003.000) 2021-04-08 18:46:36 Image size of job updated: 9712328
	9321  -  MemoryUsage of job (MB)
	9543940  -  ResidentSetSize of job (KB)
...
006 (19530351.011.000) 2021-04-08 18:47:08 Image size of job updated: 13505468
	4013  -  MemoryUsage of job (MB)
	4108976  -  ResidentSetSize of job (KB)
...
005 (19530351.011.000) 2021-04-08 18:47:08 Job terminated.
	(1) Normal termination (return value 0)
		Usr 0 00:04:21, Sys 0 00:00:30  -  Run Remote Usage
		Usr 0 00:00:00, Sys 0 00:00:00  -  Run Local Usage
		Usr 0 00:04:21, Sys 0 00:00:30  -  Total Remote Usage
		Usr 0 00:00:00, Sys 0 00:00:00  -  Total Local Usage
	0  -  Run Bytes Sent By Job
	0  -  Run Bytes Received By Job
	0  -  Total Bytes Sent By Job
	0  -  Total Bytes Received By Job
	Partitionable Resources :    Usage  Request Allocated 
	   Cpus                 :     0.69        1         1 
	   Disk (KB)            :     1     3584000   4425046 
	   Memory (MB)          :  4013        4096      4096 

	Job terminated of its own accord at 2021-04-08T16:47:08Z.
...
005 (19530351.000.000) 2021-04-08 18:47:25 Job terminated.
	(1) Normal termination (return value 0)
		Usr 0 00:04:08, Sys 0 00:00:22  -  Run Remote Usage
		Usr 0 00:00:00, Sys 0 00:00:00  -  Run Local Usage
		Usr 0 00:04:08, Sys 0 00:00:22  -  Total Remote Usage
		Usr 0 00:00:00, Sys 0 00:00:00  -  Total Local Usage
	0  -  Run Bytes Sent By Job
	0  -  Run Bytes Received By Job
	0  -  Total Bytes Sent By Job
	0  -  Total Bytes Received By Job
	Partitionable Resources :    Usage  Request Allocated 
	   Cpus                 :     0.69        1         1 
	   Disk (KB)            :     1     3584000   3812526 
	   Memory (MB)          :  6583        4096      4096 

	Job terminated of its own accord at 2021-04-08T16:47:25Z.
...
006 (19530351.001.000) 2021-04-08 18:48:14 Image size of job updated: 13421920
	8429  -  MemoryUsage of job (MB)
	8631268  -  ResidentSetSize of job (KB)
...
005 (19530351.001.000) 2021-04-08 18:48:14 Job terminated.
	(1) Normal termination (return value 0)
		Usr 0 00:04:07, Sys 0 00:00:23  -  Run Remote Usage
		Usr 0 00:00:00, Sys 0 00:00:00  -  Run Local Usage
		Usr 0 00:04:07, Sys 0 00:00:23  -  Total Remote Usage
		Usr 0 00:00:00, Sys 0 00:00:00  -  Total Local Usage
	0  -  Run Bytes Sent By Job
	0  -  Run Bytes Received By Job
	0  -  Total Bytes Sent By Job
	0  -  Total Bytes Received By Job
	Partitionable Resources :    Usage  Request Allocated 
	   Cpus                 :     0.62        1         1 
	   Disk (KB)            :     1     3584000   3806273 
	   Memory (MB)          :  8429        4096      4096 

	Job terminated of its own accord at 2021-04-08T16:48:14Z.
...
006 (19530351.019.000) 2021-04-08 18:48:45 Image size of job updated: 13530360
	4539  -  MemoryUsage of job (MB)
	4647236  -  ResidentSetSize of job (KB)
...
005 (19530351.019.000) 2021-04-08 18:48:46 Job terminated.
	(1) Normal termination (return value 0)
		Usr 0 00:05:18, Sys 0 00:00:37  -  Run Remote Usage
		Usr 0 00:00:00, Sys 0 00:00:00  -  Run Local Usage
		Usr 0 00:05:18, Sys 0 00:00:37  -  Total Remote Usage
		Usr 0 00:00:00, Sys 0 00:00:00  -  Total Local Usage
	0  -  Run Bytes Sent By Job
	0  -  Run Bytes Received By Job
	0  -  Total Bytes Sent By Job
	0  -  Total Bytes Received By Job
	Partitionable Resources :    Usage  Request Allocated 
	   Cpus                 :     0.81        1         1 
	   Disk (KB)            :     1     3584000   4430893 
	   Memory (MB)          :  4539        4096      4096 

	Job terminated of its own accord at 2021-04-08T16:48:45Z.
...
006 (19530351.014.000) 2021-04-08 18:49:32 Image size of job updated: 13414784
	3732  -  MemoryUsage of job (MB)
	3821444  -  ResidentSetSize of job (KB)
...
005 (19530351.014.000) 2021-04-08 18:49:32 Job terminated.
	(1) Normal termination (return value 0)
		Usr 0 00:04:16, Sys 0 00:00:31  -  Run Remote Usage
		Usr 0 00:00:00, Sys 0 00:00:00  -  Run Local Usage
		Usr 0 00:04:16, Sys 0 00:00:31  -  Total Remote Usage
		Usr 0 00:00:00, Sys 0 00:00:00  -  Total Local Usage
	0  -  Run Bytes Sent By Job
	0  -  Run Bytes Received By Job
	0  -  Total Bytes Sent By Job
	0  -  Total Bytes Received By Job
	Partitionable Resources :    Usage  Request Allocated 
	   Cpus                 :     0.06        1         1 
	   Disk (KB)            :     1     3584000   3812048 
	   Memory (MB)          :  3732        4096      4096 

	Job terminated of its own accord at 2021-04-08T16:49:32Z.
...
006 (19530351.003.000) 2021-04-08 18:50:20 Image size of job updated: 13423192
	9321  -  MemoryUsage of job (MB)
	9543940  -  ResidentSetSize of job (KB)
...
005 (19530351.003.000) 2021-04-08 18:50:21 Job terminated.
	(1) Normal termination (return value 0)
		Usr 0 00:04:01, Sys 0 00:00:28  -  Run Remote Usage
		Usr 0 00:00:00, Sys 0 00:00:00  -  Run Local Usage
		Usr 0 00:04:01, Sys 0 00:00:28  -  Total Remote Usage
		Usr 0 00:00:00, Sys 0 00:00:00  -  Total Local Usage
	0  -  Run Bytes Sent By Job
	0  -  Run Bytes Received By Job
	0  -  Total Bytes Sent By Job
	0  -  Total Bytes Received By Job
	Partitionable Resources :    Usage  Request Allocated 
	   Cpus                 :     0.02        1         1 
	   Disk (KB)            :     1     3584000   4682260 
	   Memory (MB)          :  9321        4096      4096 

	Job terminated of its own accord at 2021-04-08T16:50:20Z.
...
013 (19530351.015.000) 2021-04-09 09:19:07 Job was released.
	via condor_release (by user albrecha)
...
012 (19530351.015.000) 2021-04-09 09:19:43 Job was held.
	Memory usage too high (> 3 x requested-memory)
	Code 26 Subcode 0
...
