000 (13901875.000.000) 2021-01-07 12:19:30 Job submitted from host: <131.169.223.42:9618?addrs=131.169.223.42-9618+[2001-638-700-10df--1-2a]-9618&alias=bird-htc-sched14.desy.de&noUDP&sock=schedd_1936_8371_3>
...
000 (13901875.001.000) 2021-01-07 12:19:30 Job submitted from host: <131.169.223.42:9618?addrs=131.169.223.42-9618+[2001-638-700-10df--1-2a]-9618&alias=bird-htc-sched14.desy.de&noUDP&sock=schedd_1936_8371_3>
...
000 (13901875.002.000) 2021-01-07 12:19:30 Job submitted from host: <131.169.223.42:9618?addrs=131.169.223.42-9618+[2001-638-700-10df--1-2a]-9618&alias=bird-htc-sched14.desy.de&noUDP&sock=schedd_1936_8371_3>
...
000 (13901875.003.000) 2021-01-07 12:19:30 Job submitted from host: <131.169.223.42:9618?addrs=131.169.223.42-9618+[2001-638-700-10df--1-2a]-9618&alias=bird-htc-sched14.desy.de&noUDP&sock=schedd_1936_8371_3>
...
000 (13901875.004.000) 2021-01-07 12:19:30 Job submitted from host: <131.169.223.42:9618?addrs=131.169.223.42-9618+[2001-638-700-10df--1-2a]-9618&alias=bird-htc-sched14.desy.de&noUDP&sock=schedd_1936_8371_3>
...
000 (13901875.005.000) 2021-01-07 12:19:30 Job submitted from host: <131.169.223.42:9618?addrs=131.169.223.42-9618+[2001-638-700-10df--1-2a]-9618&alias=bird-htc-sched14.desy.de&noUDP&sock=schedd_1936_8371_3>
...
000 (13901875.006.000) 2021-01-07 12:19:30 Job submitted from host: <131.169.223.42:9618?addrs=131.169.223.42-9618+[2001-638-700-10df--1-2a]-9618&alias=bird-htc-sched14.desy.de&noUDP&sock=schedd_1936_8371_3>
...
000 (13901875.007.000) 2021-01-07 12:19:30 Job submitted from host: <131.169.223.42:9618?addrs=131.169.223.42-9618+[2001-638-700-10df--1-2a]-9618&alias=bird-htc-sched14.desy.de&noUDP&sock=schedd_1936_8371_3>
...
000 (13901875.008.000) 2021-01-07 12:19:30 Job submitted from host: <131.169.223.42:9618?addrs=131.169.223.42-9618+[2001-638-700-10df--1-2a]-9618&alias=bird-htc-sched14.desy.de&noUDP&sock=schedd_1936_8371_3>
...
000 (13901875.009.000) 2021-01-07 12:19:30 Job submitted from host: <131.169.223.42:9618?addrs=131.169.223.42-9618+[2001-638-700-10df--1-2a]-9618&alias=bird-htc-sched14.desy.de&noUDP&sock=schedd_1936_8371_3>
...
000 (13901875.010.000) 2021-01-07 12:19:30 Job submitted from host: <131.169.223.42:9618?addrs=131.169.223.42-9618+[2001-638-700-10df--1-2a]-9618&alias=bird-htc-sched14.desy.de&noUDP&sock=schedd_1936_8371_3>
...
000 (13901875.011.000) 2021-01-07 12:19:30 Job submitted from host: <131.169.223.42:9618?addrs=131.169.223.42-9618+[2001-638-700-10df--1-2a]-9618&alias=bird-htc-sched14.desy.de&noUDP&sock=schedd_1936_8371_3>
...
000 (13901875.012.000) 2021-01-07 12:19:30 Job submitted from host: <131.169.223.42:9618?addrs=131.169.223.42-9618+[2001-638-700-10df--1-2a]-9618&alias=bird-htc-sched14.desy.de&noUDP&sock=schedd_1936_8371_3>
...
000 (13901875.013.000) 2021-01-07 12:19:30 Job submitted from host: <131.169.223.42:9618?addrs=131.169.223.42-9618+[2001-638-700-10df--1-2a]-9618&alias=bird-htc-sched14.desy.de&noUDP&sock=schedd_1936_8371_3>
...
000 (13901875.014.000) 2021-01-07 12:19:30 Job submitted from host: <131.169.223.42:9618?addrs=131.169.223.42-9618+[2001-638-700-10df--1-2a]-9618&alias=bird-htc-sched14.desy.de&noUDP&sock=schedd_1936_8371_3>
...
000 (13901875.015.000) 2021-01-07 12:19:30 Job submitted from host: <131.169.223.42:9618?addrs=131.169.223.42-9618+[2001-638-700-10df--1-2a]-9618&alias=bird-htc-sched14.desy.de&noUDP&sock=schedd_1936_8371_3>
...
000 (13901875.016.000) 2021-01-07 12:19:30 Job submitted from host: <131.169.223.42:9618?addrs=131.169.223.42-9618+[2001-638-700-10df--1-2a]-9618&alias=bird-htc-sched14.desy.de&noUDP&sock=schedd_1936_8371_3>
...
000 (13901875.017.000) 2021-01-07 12:19:30 Job submitted from host: <131.169.223.42:9618?addrs=131.169.223.42-9618+[2001-638-700-10df--1-2a]-9618&alias=bird-htc-sched14.desy.de&noUDP&sock=schedd_1936_8371_3>
...
000 (13901875.018.000) 2021-01-07 12:19:30 Job submitted from host: <131.169.223.42:9618?addrs=131.169.223.42-9618+[2001-638-700-10df--1-2a]-9618&alias=bird-htc-sched14.desy.de&noUDP&sock=schedd_1936_8371_3>
...
000 (13901875.019.000) 2021-01-07 12:19:30 Job submitted from host: <131.169.223.42:9618?addrs=131.169.223.42-9618+[2001-638-700-10df--1-2a]-9618&alias=bird-htc-sched14.desy.de&noUDP&sock=schedd_1936_8371_3>
...
000 (13901875.020.000) 2021-01-07 12:19:30 Job submitted from host: <131.169.223.42:9618?addrs=131.169.223.42-9618+[2001-638-700-10df--1-2a]-9618&alias=bird-htc-sched14.desy.de&noUDP&sock=schedd_1936_8371_3>
...
000 (13901875.021.000) 2021-01-07 12:19:30 Job submitted from host: <131.169.223.42:9618?addrs=131.169.223.42-9618+[2001-638-700-10df--1-2a]-9618&alias=bird-htc-sched14.desy.de&noUDP&sock=schedd_1936_8371_3>
...
000 (13901875.022.000) 2021-01-07 12:19:30 Job submitted from host: <131.169.223.42:9618?addrs=131.169.223.42-9618+[2001-638-700-10df--1-2a]-9618&alias=bird-htc-sched14.desy.de&noUDP&sock=schedd_1936_8371_3>
...
000 (13901875.023.000) 2021-01-07 12:19:30 Job submitted from host: <131.169.223.42:9618?addrs=131.169.223.42-9618+[2001-638-700-10df--1-2a]-9618&alias=bird-htc-sched14.desy.de&noUDP&sock=schedd_1936_8371_3>
...
000 (13901875.024.000) 2021-01-07 12:19:30 Job submitted from host: <131.169.223.42:9618?addrs=131.169.223.42-9618+[2001-638-700-10df--1-2a]-9618&alias=bird-htc-sched14.desy.de&noUDP&sock=schedd_1936_8371_3>
...
001 (13901875.000.000) 2021-01-07 12:19:53 Job executing on host: <131.169.164.49:43609?addrs=131.169.164.49-43609&alias=bird849.desy.de>
...
001 (13901875.002.000) 2021-01-07 12:19:53 Job executing on host: <131.169.164.51:36437?addrs=131.169.164.51-36437&alias=bird851.desy.de>
...
001 (13901875.001.000) 2021-01-07 12:19:53 Job executing on host: <131.169.164.43:39984?addrs=131.169.164.43-39984&alias=bird843.desy.de>
...
001 (13901875.004.000) 2021-01-07 12:19:53 Job executing on host: <131.169.164.16:41732?addrs=131.169.164.16-41732&alias=bird816.desy.de>
...
001 (13901875.003.000) 2021-01-07 12:19:54 Job executing on host: <131.169.164.6:42625?addrs=131.169.164.6-42625&alias=bird806.desy.de>
...
001 (13901875.006.000) 2021-01-07 12:19:54 Job executing on host: <131.169.77.220:37989?addrs=131.169.77.220-37989&alias=bird774.desy.de>
...
001 (13901875.007.000) 2021-01-07 12:19:54 Job executing on host: <131.169.164.15:33367?addrs=131.169.164.15-33367&alias=bird815.desy.de>
...
001 (13901875.010.000) 2021-01-07 12:19:54 Job executing on host: <131.169.77.227:38205?addrs=131.169.77.227-38205&alias=bird781.desy.de>
...
001 (13901875.011.000) 2021-01-07 12:19:54 Job executing on host: <131.169.163.108:43753?addrs=131.169.163.108-43753&alias=bird669.desy.de>
...
001 (13901875.013.000) 2021-01-07 12:19:54 Job executing on host: <131.169.160.180:44202?addrs=131.169.160.180-44202&alias=batch1182.desy.de>
...
001 (13901875.012.000) 2021-01-07 12:19:54 Job executing on host: <131.169.162.160:34366?addrs=131.169.162.160-34366&alias=batch1160.desy.de>
...
001 (13901875.021.000) 2021-01-07 12:19:54 Job executing on host: <131.169.164.15:33367?addrs=131.169.164.15-33367&alias=bird815.desy.de>
...
001 (13901875.015.000) 2021-01-07 12:19:54 Job executing on host: <131.169.162.165:33349?addrs=131.169.162.165-33349&alias=batch1165.desy.de>
...
001 (13901875.020.000) 2021-01-07 12:19:54 Job executing on host: <131.169.77.220:37989?addrs=131.169.77.220-37989&alias=bird774.desy.de>
...
001 (13901875.005.000) 2021-01-07 12:19:54 Job executing on host: <131.169.160.155:36134?addrs=131.169.160.155-36134&alias=batch1055.desy.de>
...
001 (13901875.016.000) 2021-01-07 12:19:54 Job executing on host: <131.169.163.125:45874?addrs=131.169.163.125-45874&alias=bird686.desy.de>
...
001 (13901875.008.000) 2021-01-07 12:19:54 Job executing on host: <131.169.160.161:40391?addrs=131.169.160.161-40391&alias=batch1061.desy.de>
...
001 (13901875.014.000) 2021-01-07 12:19:54 Job executing on host: <131.169.160.170:46777?addrs=131.169.160.170-46777&alias=batch1070.desy.de>
...
001 (13901875.009.000) 2021-01-07 12:19:54 Job executing on host: <131.169.160.169:45798?addrs=131.169.160.169-45798&alias=batch1069.desy.de>
...
001 (13901875.019.000) 2021-01-07 12:19:54 Job executing on host: <131.169.160.160:36891?addrs=131.169.160.160-36891&alias=batch1060.desy.de>
...
001 (13901875.017.000) 2021-01-07 12:19:54 Job executing on host: <131.169.160.113:41710?addrs=131.169.160.113-41710&alias=batch1074.desy.de>
...
001 (13901875.018.000) 2021-01-07 12:19:54 Job executing on host: <131.169.160.156:36378?addrs=131.169.160.156-36378&alias=batch1056.desy.de>
...
001 (13901875.023.000) 2021-01-07 12:19:54 Job executing on host: <131.169.160.115:40831?addrs=131.169.160.115-40831&alias=batch1076.desy.de>
...
001 (13901875.024.000) 2021-01-07 12:19:55 Job executing on host: <131.169.160.166:41105?addrs=131.169.160.166-41105&alias=batch1066.desy.de>
...
001 (13901875.022.000) 2021-01-07 12:19:55 Job executing on host: <131.169.160.114:38877?addrs=131.169.160.114-38877&alias=batch1075.desy.de>
...
006 (13901875.003.000) 2021-01-07 12:20:02 Image size of job updated: 393648
	354  -  MemoryUsage of job (MB)
	361808  -  ResidentSetSize of job (KB)
...
006 (13901875.006.000) 2021-01-07 12:20:02 Image size of job updated: 344596
	329  -  MemoryUsage of job (MB)
	336812  -  ResidentSetSize of job (KB)
...
006 (13901875.007.000) 2021-01-07 12:20:02 Image size of job updated: 380848
	344  -  MemoryUsage of job (MB)
	351252  -  ResidentSetSize of job (KB)
...
006 (13901875.000.000) 2021-01-07 12:20:02 Image size of job updated: 480572
	415  -  MemoryUsage of job (MB)
	423940  -  ResidentSetSize of job (KB)
...
006 (13901875.002.000) 2021-01-07 12:20:02 Image size of job updated: 432176
	385  -  MemoryUsage of job (MB)
	393420  -  ResidentSetSize of job (KB)
...
006 (13901875.001.000) 2021-01-07 12:20:02 Image size of job updated: 557320
	490  -  MemoryUsage of job (MB)
	500976  -  ResidentSetSize of job (KB)
...
006 (13901875.004.000) 2021-01-07 12:20:02 Image size of job updated: 429844
	393  -  MemoryUsage of job (MB)
	402064  -  ResidentSetSize of job (KB)
...
006 (13901875.018.000) 2021-01-07 12:20:03 Image size of job updated: 208488
	199  -  MemoryUsage of job (MB)
	202804  -  ResidentSetSize of job (KB)
...
006 (13901875.023.000) 2021-01-07 12:20:03 Image size of job updated: 345052
	284  -  MemoryUsage of job (MB)
	290064  -  ResidentSetSize of job (KB)
...
006 (13901875.024.000) 2021-01-07 12:20:03 Image size of job updated: 241196
	195  -  MemoryUsage of job (MB)
	199012  -  ResidentSetSize of job (KB)
...
006 (13901875.022.000) 2021-01-07 12:20:03 Image size of job updated: 279092
	233  -  MemoryUsage of job (MB)
	237632  -  ResidentSetSize of job (KB)
...
006 (13901875.010.000) 2021-01-07 12:20:03 Image size of job updated: 452668
	394  -  MemoryUsage of job (MB)
	402836  -  ResidentSetSize of job (KB)
...
006 (13901875.011.000) 2021-01-07 12:20:03 Image size of job updated: 422944
	391  -  MemoryUsage of job (MB)
	399976  -  ResidentSetSize of job (KB)
...
006 (13901875.013.000) 2021-01-07 12:20:03 Image size of job updated: 587564
	557  -  MemoryUsage of job (MB)
	569904  -  ResidentSetSize of job (KB)
...
006 (13901875.012.000) 2021-01-07 12:20:03 Image size of job updated: 290860
	231  -  MemoryUsage of job (MB)
	236232  -  ResidentSetSize of job (KB)
...
006 (13901875.021.000) 2021-01-07 12:20:03 Image size of job updated: 423996
	383  -  MemoryUsage of job (MB)
	391584  -  ResidentSetSize of job (KB)
...
006 (13901875.020.000) 2021-01-07 12:20:03 Image size of job updated: 444368
	383  -  MemoryUsage of job (MB)
	391200  -  ResidentSetSize of job (KB)
...
006 (13901875.015.000) 2021-01-07 12:20:03 Image size of job updated: 553352
	529  -  MemoryUsage of job (MB)
	541132  -  ResidentSetSize of job (KB)
...
006 (13901875.016.000) 2021-01-07 12:20:03 Image size of job updated: 403500
	371  -  MemoryUsage of job (MB)
	378980  -  ResidentSetSize of job (KB)
...
006 (13901875.005.000) 2021-01-07 12:20:03 Image size of job updated: 257108
	239  -  MemoryUsage of job (MB)
	243952  -  ResidentSetSize of job (KB)
...
006 (13901875.008.000) 2021-01-07 12:20:03 Image size of job updated: 382352
	324  -  MemoryUsage of job (MB)
	331024  -  ResidentSetSize of job (KB)
...
006 (13901875.014.000) 2021-01-07 12:20:03 Image size of job updated: 344528
	277  -  MemoryUsage of job (MB)
	282996  -  ResidentSetSize of job (KB)
...
006 (13901875.009.000) 2021-01-07 12:20:03 Image size of job updated: 293636
	254  -  MemoryUsage of job (MB)
	259416  -  ResidentSetSize of job (KB)
...
006 (13901875.019.000) 2021-01-07 12:20:03 Image size of job updated: 225400
	192  -  MemoryUsage of job (MB)
	196208  -  ResidentSetSize of job (KB)
...
006 (13901875.017.000) 2021-01-07 12:20:03 Image size of job updated: 310316
	269  -  MemoryUsage of job (MB)
	274856  -  ResidentSetSize of job (KB)
...
006 (13901875.015.000) 2021-01-07 12:23:29 Image size of job updated: 5518108
	529  -  MemoryUsage of job (MB)
	541380  -  ResidentSetSize of job (KB)
...
005 (13901875.015.000) 2021-01-07 12:23:29 Job terminated.
	(1) Normal termination (return value 0)
		Usr 0 00:02:49, Sys 0 00:00:09  -  Run Remote Usage
		Usr 0 00:00:00, Sys 0 00:00:00  -  Run Local Usage
		Usr 0 00:02:49, Sys 0 00:00:09  -  Total Remote Usage
		Usr 0 00:00:00, Sys 0 00:00:00  -  Total Local Usage
	0  -  Run Bytes Sent By Job
	0  -  Run Bytes Received By Job
	0  -  Total Bytes Sent By Job
	0  -  Total Bytes Received By Job
	Partitionable Resources :    Usage  Request Allocated 
	   Cpus                 :     0.83        1         1 
	   Disk (KB)            :     1     3584000   4408864 
	   Memory (MB)          :   529        4096      4096 

	Job terminated of its own accord at 2021-01-07T11:23:29Z.
...
006 (13901875.013.000) 2021-01-07 12:23:32 Image size of job updated: 11340420
	557  -  MemoryUsage of job (MB)
	569956  -  ResidentSetSize of job (KB)
...
005 (13901875.013.000) 2021-01-07 12:23:32 Job terminated.
	(1) Normal termination (return value 0)
		Usr 0 00:02:46, Sys 0 00:00:11  -  Run Remote Usage
		Usr 0 00:00:00, Sys 0 00:00:00  -  Run Local Usage
		Usr 0 00:02:46, Sys 0 00:00:11  -  Total Remote Usage
		Usr 0 00:00:00, Sys 0 00:00:00  -  Total Local Usage
	0  -  Run Bytes Sent By Job
	0  -  Run Bytes Received By Job
	0  -  Total Bytes Sent By Job
	0  -  Total Bytes Received By Job
	Partitionable Resources :    Usage  Request Allocated 
	   Cpus                 :     0.79        1         1 
	   Disk (KB)            :     1     3584000   4466788 
	   Memory (MB)          :   557        4096      4096 

	Job terminated of its own accord at 2021-01-07T11:23:32Z.
...
006 (13901875.017.000) 2021-01-07 12:24:31 Image size of job updated: 1598284
	269  -  MemoryUsage of job (MB)
	274912  -  ResidentSetSize of job (KB)
...
005 (13901875.017.000) 2021-01-07 12:24:31 Job terminated.
	(1) Normal termination (return value 0)
		Usr 0 00:03:46, Sys 0 00:00:15  -  Run Remote Usage
		Usr 0 00:00:00, Sys 0 00:00:00  -  Run Local Usage
		Usr 0 00:03:46, Sys 0 00:00:15  -  Total Remote Usage
		Usr 0 00:00:00, Sys 0 00:00:00  -  Total Local Usage
	0  -  Run Bytes Sent By Job
	0  -  Run Bytes Received By Job
	0  -  Total Bytes Sent By Job
	0  -  Total Bytes Received By Job
	Partitionable Resources :    Usage  Request Allocated 
	   Cpus                 :     0.89        1         1 
	   Disk (KB)            :     1     3584000   4475551 
	   Memory (MB)          :   269        4096      4096 

	Job terminated of its own accord at 2021-01-07T11:24:31Z.
...
006 (13901875.011.000) 2021-01-07 12:24:45 Image size of job updated: 11322516
	391  -  MemoryUsage of job (MB)
	400004  -  ResidentSetSize of job (KB)
...
005 (13901875.011.000) 2021-01-07 12:24:45 Job terminated.
	(1) Normal termination (return value 0)
		Usr 0 00:04:01, Sys 0 00:00:17  -  Run Remote Usage
		Usr 0 00:00:00, Sys 0 00:00:00  -  Run Local Usage
		Usr 0 00:04:01, Sys 0 00:00:17  -  Total Remote Usage
		Usr 0 00:00:00, Sys 0 00:00:00  -  Total Local Usage
	0  -  Run Bytes Sent By Job
	0  -  Run Bytes Received By Job
	0  -  Total Bytes Sent By Job
	0  -  Total Bytes Received By Job
	Partitionable Resources :    Usage  Request Allocated 
	   Cpus                 :     0.92        1         1 
	   Disk (KB)            :     1     3584000   3959034 
	   Memory (MB)          :   391        4096      4096 

	Job terminated of its own accord at 2021-01-07T11:24:45Z.
...
006 (13901875.001.000) 2021-01-07 12:24:46 Image size of job updated: 11417660
	490  -  MemoryUsage of job (MB)
	500976  -  ResidentSetSize of job (KB)
...
005 (13901875.001.000) 2021-01-07 12:24:46 Job terminated.
	(1) Normal termination (return value 0)
		Usr 0 00:04:05, Sys 0 00:00:16  -  Run Remote Usage
		Usr 0 00:00:00, Sys 0 00:00:00  -  Run Local Usage
		Usr 0 00:04:05, Sys 0 00:00:16  -  Total Remote Usage
		Usr 0 00:00:00, Sys 0 00:00:00  -  Total Local Usage
	0  -  Run Bytes Sent By Job
	0  -  Run Bytes Received By Job
	0  -  Total Bytes Sent By Job
	0  -  Total Bytes Received By Job
	Partitionable Resources :    Usage  Request Allocated 
	   Cpus                 :     0.92        1         1 
	   Disk (KB)            :     1     3584000   4539952 
	   Memory (MB)          :   490        4096      4096 

	Job terminated of its own accord at 2021-01-07T11:24:46Z.
...
006 (13901875.009.000) 2021-01-07 12:24:51 Image size of job updated: 11340452
	254  -  MemoryUsage of job (MB)
	259448  -  ResidentSetSize of job (KB)
...
005 (13901875.009.000) 2021-01-07 12:24:51 Job terminated.
	(1) Normal termination (return value 0)
		Usr 0 00:03:54, Sys 0 00:00:18  -  Run Remote Usage
		Usr 0 00:00:00, Sys 0 00:00:00  -  Run Local Usage
		Usr 0 00:03:54, Sys 0 00:00:18  -  Total Remote Usage
		Usr 0 00:00:00, Sys 0 00:00:00  -  Total Local Usage
	0  -  Run Bytes Sent By Job
	0  -  Run Bytes Received By Job
	0  -  Total Bytes Sent By Job
	0  -  Total Bytes Received By Job
	Partitionable Resources :    Usage  Request Allocated 
	   Cpus                 :     0.87        1         1 
	   Disk (KB)            :     1     3584000   4412950 
	   Memory (MB)          :   254        4096      4096 

	Job terminated of its own accord at 2021-01-07T11:24:51Z.
...
006 (13901875.018.000) 2021-01-07 12:24:55 Image size of job updated: 10558600
	199  -  MemoryUsage of job (MB)
	202804  -  ResidentSetSize of job (KB)
...
005 (13901875.018.000) 2021-01-07 12:24:55 Job terminated.
	(1) Normal termination (return value 0)
		Usr 0 00:03:56, Sys 0 00:00:20  -  Run Remote Usage
		Usr 0 00:00:00, Sys 0 00:00:00  -  Run Local Usage
		Usr 0 00:03:56, Sys 0 00:00:20  -  Total Remote Usage
		Usr 0 00:00:00, Sys 0 00:00:00  -  Total Local Usage
	0  -  Run Bytes Sent By Job
	0  -  Run Bytes Received By Job
	0  -  Total Bytes Sent By Job
	0  -  Total Bytes Received By Job
	Partitionable Resources :    Usage  Request Allocated 
	   Cpus                 :     0.85        1         1 
	   Disk (KB)            :     1     3584000   4559338 
	   Memory (MB)          :   199        4096      4096 

	Job terminated of its own accord at 2021-01-07T11:24:55Z.
...
006 (13901875.000.000) 2021-01-07 12:25:00 Image size of job updated: 11295196
	415  -  MemoryUsage of job (MB)
	424172  -  ResidentSetSize of job (KB)
...
005 (13901875.000.000) 2021-01-07 12:25:00 Job terminated.
	(1) Normal termination (return value 0)
		Usr 0 00:04:00, Sys 0 00:00:25  -  Run Remote Usage
		Usr 0 00:00:00, Sys 0 00:00:00  -  Run Local Usage
		Usr 0 00:04:00, Sys 0 00:00:25  -  Total Remote Usage
		Usr 0 00:00:00, Sys 0 00:00:00  -  Total Local Usage
	0  -  Run Bytes Sent By Job
	0  -  Run Bytes Received By Job
	0  -  Total Bytes Sent By Job
	0  -  Total Bytes Received By Job
	Partitionable Resources :    Usage  Request Allocated 
	   Cpus                 :     0.90        1         1 
	   Disk (KB)            :     1     3584000   4541525 
	   Memory (MB)          :   415        4096      4096 

	Job terminated of its own accord at 2021-01-07T11:25:00Z.
...
006 (13901875.003.000) 2021-01-07 12:25:02 Image size of job updated: 10935816
	10678  -  MemoryUsage of job (MB)
	10933488  -  ResidentSetSize of job (KB)
...
006 (13901875.006.000) 2021-01-07 12:25:02 Image size of job updated: 9333996
	8979  -  MemoryUsage of job (MB)
	9194024  -  ResidentSetSize of job (KB)
...
006 (13901875.007.000) 2021-01-07 12:25:02 Image size of job updated: 10382832
	8837  -  MemoryUsage of job (MB)
	9048304  -  ResidentSetSize of job (KB)
...
006 (13901875.023.000) 2021-01-07 12:25:03 Image size of job updated: 11305644
	287  -  MemoryUsage of job (MB)
	292956  -  ResidentSetSize of job (KB)
...
006 (13901875.002.000) 2021-01-07 12:25:03 Image size of job updated: 11170456
	10907  -  MemoryUsage of job (MB)
	11168764  -  ResidentSetSize of job (KB)
...
006 (13901875.004.000) 2021-01-07 12:25:03 Image size of job updated: 10623636
	10375  -  MemoryUsage of job (MB)
	10623608  -  ResidentSetSize of job (KB)
...
006 (13901875.024.000) 2021-01-07 12:25:03 Image size of job updated: 9120324
	8907  -  MemoryUsage of job (MB)
	9119888  -  ResidentSetSize of job (KB)
...
006 (13901875.016.000) 2021-01-07 12:25:04 Image size of job updated: 10442852
	10199  -  MemoryUsage of job (MB)
	10442848  -  ResidentSetSize of job (KB)
...
006 (13901875.005.000) 2021-01-07 12:25:04 Image size of job updated: 11399680
	11133  -  MemoryUsage of job (MB)
	11399564  -  ResidentSetSize of job (KB)
...
006 (13901875.008.000) 2021-01-07 12:25:04 Image size of job updated: 11063160
	10804  -  MemoryUsage of job (MB)
	11063148  -  ResidentSetSize of job (KB)
...
006 (13901875.014.000) 2021-01-07 12:25:04 Image size of job updated: 9935760
	9703  -  MemoryUsage of job (MB)
	9935624  -  ResidentSetSize of job (KB)
...
006 (13901875.019.000) 2021-01-07 12:25:04 Image size of job updated: 7239236
	4135  -  MemoryUsage of job (MB)
	4233840  -  ResidentSetSize of job (KB)
...
006 (13901875.022.000) 2021-01-07 12:25:04 Image size of job updated: 6836080
	6676  -  MemoryUsage of job (MB)
	6835720  -  ResidentSetSize of job (KB)
...
006 (13901875.012.000) 2021-01-07 12:25:04 Image size of job updated: 10100976
	9863  -  MemoryUsage of job (MB)
	10099312  -  ResidentSetSize of job (KB)
...
006 (13901875.021.000) 2021-01-07 12:25:04 Image size of job updated: 10378408
	8742  -  MemoryUsage of job (MB)
	8951280  -  ResidentSetSize of job (KB)
...
006 (13901875.020.000) 2021-01-07 12:25:04 Image size of job updated: 8650116
	8346  -  MemoryUsage of job (MB)
	8546196  -  ResidentSetSize of job (KB)
...
005 (13901875.023.000) 2021-01-07 12:25:07 Job terminated.
	(1) Normal termination (return value 0)
		Usr 0 00:04:06, Sys 0 00:00:22  -  Run Remote Usage
		Usr 0 00:00:00, Sys 0 00:00:00  -  Run Local Usage
		Usr 0 00:04:06, Sys 0 00:00:22  -  Total Remote Usage
		Usr 0 00:00:00, Sys 0 00:00:00  -  Total Local Usage
	0  -  Run Bytes Sent By Job
	0  -  Run Bytes Received By Job
	0  -  Total Bytes Sent By Job
	0  -  Total Bytes Received By Job
	Partitionable Resources :    Usage  Request Allocated 
	   Cpus                 :     0.87        1         1 
	   Disk (KB)            :     1     3584000   4423931 
	   Memory (MB)          :   287        4096      4096 

	Job terminated of its own accord at 2021-01-07T11:25:03Z.
...
006 (13901875.010.000) 2021-01-07 12:25:07 Image size of job updated: 9839348
	7589  -  MemoryUsage of job (MB)
	7771044  -  ResidentSetSize of job (KB)
...
005 (13901875.005.000) 2021-01-07 12:25:08 Job terminated.
	(1) Normal termination (return value 0)
		Usr 0 00:04:05, Sys 0 00:00:24  -  Run Remote Usage
		Usr 0 00:00:00, Sys 0 00:00:00  -  Run Local Usage
		Usr 0 00:04:05, Sys 0 00:00:24  -  Total Remote Usage
		Usr 0 00:00:00, Sys 0 00:00:00  -  Total Local Usage
	0  -  Run Bytes Sent By Job
	0  -  Run Bytes Received By Job
	0  -  Total Bytes Sent By Job
	0  -  Total Bytes Received By Job
	Partitionable Resources :    Usage  Request Allocated 
	   Cpus                 :     0.92        1         1 
	   Disk (KB)            :     1     3584000   4432044 
	   Memory (MB)          : 11133        4096      4096 

	Job terminated of its own accord at 2021-01-07T11:25:06Z.
...
006 (13901875.002.000) 2021-01-07 12:25:09 Image size of job updated: 11210636
	10908  -  MemoryUsage of job (MB)
	11168936  -  ResidentSetSize of job (KB)
...
005 (13901875.002.000) 2021-01-07 12:25:09 Job terminated.
	(1) Normal termination (return value 0)
		Usr 0 00:04:03, Sys 0 00:00:18  -  Run Remote Usage
		Usr 0 00:00:00, Sys 0 00:00:00  -  Run Local Usage
		Usr 0 00:04:03, Sys 0 00:00:18  -  Total Remote Usage
		Usr 0 00:00:00, Sys 0 00:00:00  -  Total Local Usage
	0  -  Run Bytes Sent By Job
	0  -  Run Bytes Received By Job
	0  -  Total Bytes Sent By Job
	0  -  Total Bytes Received By Job
	Partitionable Resources :    Usage  Request Allocated 
	   Cpus                 :     0.89        1         1 
	   Disk (KB)            :     1     3584000   4301086 
	   Memory (MB)          : 10908        4096      4096 

	Job terminated of its own accord at 2021-01-07T11:25:09Z.
...
006 (13901875.003.000) 2021-01-07 12:25:15 Image size of job updated: 11333176
	10678  -  MemoryUsage of job (MB)
	10933540  -  ResidentSetSize of job (KB)
...
005 (13901875.003.000) 2021-01-07 12:25:15 Job terminated.
	(1) Normal termination (return value 0)
		Usr 0 00:04:10, Sys 0 00:00:20  -  Run Remote Usage
		Usr 0 00:00:00, Sys 0 00:00:00  -  Run Local Usage
		Usr 0 00:04:10, Sys 0 00:00:20  -  Total Remote Usage
		Usr 0 00:00:00, Sys 0 00:00:00  -  Total Local Usage
	0  -  Run Bytes Sent By Job
	0  -  Run Bytes Received By Job
	0  -  Total Bytes Sent By Job
	0  -  Total Bytes Received By Job
	Partitionable Resources :    Usage  Request Allocated 
	   Cpus                 :     0.86        1         1 
	   Disk (KB)            :     1     3584000   4543209 
	   Memory (MB)          : 10678        4096      4096 

	Job terminated of its own accord at 2021-01-07T11:25:15Z.
...
006 (13901875.008.000) 2021-01-07 12:25:15 Image size of job updated: 11341480
	10804  -  MemoryUsage of job (MB)
	11063168  -  ResidentSetSize of job (KB)
...
005 (13901875.008.000) 2021-01-07 12:25:15 Job terminated.
	(1) Normal termination (return value 0)
		Usr 0 00:04:04, Sys 0 00:00:28  -  Run Remote Usage
		Usr 0 00:00:00, Sys 0 00:00:00  -  Run Local Usage
		Usr 0 00:04:04, Sys 0 00:00:28  -  Total Remote Usage
		Usr 0 00:00:00, Sys 0 00:00:00  -  Total Local Usage
	0  -  Run Bytes Sent By Job
	0  -  Run Bytes Received By Job
	0  -  Total Bytes Sent By Job
	0  -  Total Bytes Received By Job
	Partitionable Resources :    Usage  Request Allocated 
	   Cpus                 :     0.86        1         1 
	   Disk (KB)            :     1     3584000   4370774 
	   Memory (MB)          : 10804        4096      4096 

	Job terminated of its own accord at 2021-01-07T11:25:15Z.
...
006 (13901875.004.000) 2021-01-07 12:25:24 Image size of job updated: 11282928
	10375  -  MemoryUsage of job (MB)
	10623628  -  ResidentSetSize of job (KB)
...
005 (13901875.004.000) 2021-01-07 12:25:24 Job terminated.
	(1) Normal termination (return value 0)
		Usr 0 00:04:01, Sys 0 00:00:22  -  Run Remote Usage
		Usr 0 00:00:00, Sys 0 00:00:00  -  Run Local Usage
		Usr 0 00:04:01, Sys 0 00:00:22  -  Total Remote Usage
		Usr 0 00:00:00, Sys 0 00:00:00  -  Total Local Usage
	0  -  Run Bytes Sent By Job
	0  -  Run Bytes Received By Job
	0  -  Total Bytes Sent By Job
	0  -  Total Bytes Received By Job
	Partitionable Resources :    Usage  Request Allocated 
	   Cpus                 :     0.87        1         1 
	   Disk (KB)            :     1     3584000   3997064 
	   Memory (MB)          : 10375        4096      4096 

	Job terminated of its own accord at 2021-01-07T11:25:24Z.
...
006 (13901875.016.000) 2021-01-07 12:25:33 Image size of job updated: 11368440
	10199  -  MemoryUsage of job (MB)
	10442872  -  ResidentSetSize of job (KB)
...
005 (13901875.016.000) 2021-01-07 12:25:33 Job terminated.
	(1) Normal termination (return value 0)
		Usr 0 00:04:06, Sys 0 00:00:19  -  Run Remote Usage
		Usr 0 00:00:00, Sys 0 00:00:00  -  Run Local Usage
		Usr 0 00:04:06, Sys 0 00:00:19  -  Total Remote Usage
		Usr 0 00:00:00, Sys 0 00:00:00  -  Total Local Usage
	0  -  Run Bytes Sent By Job
	0  -  Run Bytes Received By Job
	0  -  Total Bytes Sent By Job
	0  -  Total Bytes Received By Job
	Partitionable Resources :    Usage  Request Allocated 
	   Cpus                 :     0.79        1         1 
	   Disk (KB)            :     1     3584000   3955591 
	   Memory (MB)          : 10199        4096      4096 

	Job terminated of its own accord at 2021-01-07T11:25:33Z.
...
006 (13901875.012.000) 2021-01-07 12:25:51 Image size of job updated: 11385432
	9863  -  MemoryUsage of job (MB)
	10099456  -  ResidentSetSize of job (KB)
...
005 (13901875.012.000) 2021-01-07 12:25:51 Job terminated.
	(1) Normal termination (return value 0)
		Usr 0 00:02:49, Sys 0 00:00:09  -  Run Remote Usage
		Usr 0 00:00:00, Sys 0 00:00:00  -  Run Local Usage
		Usr 0 00:02:49, Sys 0 00:00:09  -  Total Remote Usage
		Usr 0 00:00:00, Sys 0 00:00:00  -  Total Local Usage
	0  -  Run Bytes Sent By Job
	0  -  Run Bytes Received By Job
	0  -  Total Bytes Sent By Job
	0  -  Total Bytes Received By Job
	Partitionable Resources :    Usage  Request Allocated 
	   Cpus                 :     0.59        1         1 
	   Disk (KB)            :     1     3584000   4412684 
	   Memory (MB)          :  9863        4096      4096 

	Job terminated of its own accord at 2021-01-07T11:25:51Z.
...
006 (13901875.007.000) 2021-01-07 12:25:55 Image size of job updated: 11283740
	8837  -  MemoryUsage of job (MB)
	9048304  -  ResidentSetSize of job (KB)
...
005 (13901875.007.000) 2021-01-07 12:25:56 Job terminated.
	(1) Normal termination (return value 0)
		Usr 0 00:04:12, Sys 0 00:00:20  -  Run Remote Usage
		Usr 0 00:00:00, Sys 0 00:00:00  -  Run Local Usage
		Usr 0 00:04:12, Sys 0 00:00:20  -  Total Remote Usage
		Usr 0 00:00:00, Sys 0 00:00:00  -  Total Local Usage
	0  -  Run Bytes Sent By Job
	0  -  Run Bytes Received By Job
	0  -  Total Bytes Sent By Job
	0  -  Total Bytes Received By Job
	Partitionable Resources :    Usage  Request Allocated 
	   Cpus                 :     0.89        1         1 
	   Disk (KB)            :     1     3584000   3994221 
	   Memory (MB)          :  8837        4096      4096 

	Job terminated of its own accord at 2021-01-07T11:25:55Z.
...
006 (13901875.014.000) 2021-01-07 12:26:02 Image size of job updated: 12946236
	9704  -  MemoryUsage of job (MB)
	9935904  -  ResidentSetSize of job (KB)
...
005 (13901875.014.000) 2021-01-07 12:26:02 Job terminated.
	(1) Normal termination (return value 0)
		Usr 0 00:04:34, Sys 0 00:00:33  -  Run Remote Usage
		Usr 0 00:00:00, Sys 0 00:00:00  -  Run Local Usage
		Usr 0 00:04:34, Sys 0 00:00:33  -  Total Remote Usage
		Usr 0 00:00:00, Sys 0 00:00:00  -  Total Local Usage
	0  -  Run Bytes Sent By Job
	0  -  Run Bytes Received By Job
	0  -  Total Bytes Sent By Job
	0  -  Total Bytes Received By Job
	Partitionable Resources :    Usage  Request Allocated 
	   Cpus                 :     0.83        1         1 
	   Disk (KB)            :     1     3584000   4821810 
	   Memory (MB)          :  9704        4096      4096 

	Job terminated of its own accord at 2021-01-07T11:26:02Z.
...
006 (13901875.006.000) 2021-01-07 12:26:03 Image size of job updated: 11267504
	8979  -  MemoryUsage of job (MB)
	9194092  -  ResidentSetSize of job (KB)
...
005 (13901875.006.000) 2021-01-07 12:26:03 Job terminated.
	(1) Normal termination (return value 0)
		Usr 0 00:04:02, Sys 0 00:00:21  -  Run Remote Usage
		Usr 0 00:00:00, Sys 0 00:00:00  -  Run Local Usage
		Usr 0 00:04:02, Sys 0 00:00:21  -  Total Remote Usage
		Usr 0 00:00:00, Sys 0 00:00:00  -  Total Local Usage
	0  -  Run Bytes Sent By Job
	0  -  Run Bytes Received By Job
	0  -  Total Bytes Sent By Job
	0  -  Total Bytes Received By Job
	Partitionable Resources :    Usage  Request Allocated 
	   Cpus                 :     0.86        1         1 
	   Disk (KB)            :     1     3584000   4785108 
	   Memory (MB)          :  8979        4096      4096 

	Job terminated of its own accord at 2021-01-07T11:26:03Z.
...
006 (13901875.021.000) 2021-01-07 12:26:05 Image size of job updated: 12951432
	8742  -  MemoryUsage of job (MB)
	8951280  -  ResidentSetSize of job (KB)
...
005 (13901875.021.000) 2021-01-07 12:26:05 Job terminated.
	(1) Normal termination (return value 0)
		Usr 0 00:04:11, Sys 0 00:00:22  -  Run Remote Usage
		Usr 0 00:00:00, Sys 0 00:00:00  -  Run Local Usage
		Usr 0 00:04:11, Sys 0 00:00:22  -  Total Remote Usage
		Usr 0 00:00:00, Sys 0 00:00:00  -  Total Local Usage
	0  -  Run Bytes Sent By Job
	0  -  Run Bytes Received By Job
	0  -  Total Bytes Sent By Job
	0  -  Total Bytes Received By Job
	Partitionable Resources :    Usage  Request Allocated 
	   Cpus                 :     0.89        1         1 
	   Disk (KB)            :     1     3584000   3994221 
	   Memory (MB)          :  8742        4096      4096 

	Job terminated of its own accord at 2021-01-07T11:26:05Z.
...
006 (13901875.024.000) 2021-01-07 12:26:23 Image size of job updated: 11308264
	8907  -  MemoryUsage of job (MB)
	9119888  -  ResidentSetSize of job (KB)
...
005 (13901875.024.000) 2021-01-07 12:26:23 Job terminated.
	(1) Normal termination (return value 0)
		Usr 0 00:04:15, Sys 0 00:00:26  -  Run Remote Usage
		Usr 0 00:00:00, Sys 0 00:00:00  -  Run Local Usage
		Usr 0 00:04:15, Sys 0 00:00:26  -  Total Remote Usage
		Usr 0 00:00:00, Sys 0 00:00:00  -  Total Local Usage
	0  -  Run Bytes Sent By Job
	0  -  Run Bytes Received By Job
	0  -  Total Bytes Sent By Job
	0  -  Total Bytes Received By Job
	Partitionable Resources :    Usage  Request Allocated 
	   Cpus                 :     0.79        1         1 
	   Disk (KB)            :     1     3584000   4816309 
	   Memory (MB)          :  8907        4096      4096 

	Job terminated of its own accord at 2021-01-07T11:26:23Z.
...
006 (13901875.020.000) 2021-01-07 12:26:30 Image size of job updated: 8650116
	8347  -  MemoryUsage of job (MB)
	8546404  -  ResidentSetSize of job (KB)
...
005 (13901875.020.000) 2021-01-07 12:26:30 Job terminated.
	(1) Normal termination (return value 0)
		Usr 0 00:04:12, Sys 0 00:00:22  -  Run Remote Usage
		Usr 0 00:00:00, Sys 0 00:00:00  -  Run Local Usage
		Usr 0 00:04:12, Sys 0 00:00:22  -  Total Remote Usage
		Usr 0 00:00:00, Sys 0 00:00:00  -  Total Local Usage
	0  -  Run Bytes Sent By Job
	0  -  Run Bytes Received By Job
	0  -  Total Bytes Sent By Job
	0  -  Total Bytes Received By Job
	Partitionable Resources :    Usage  Request Allocated 
	   Cpus                 :     0.20        1         1 
	   Disk (KB)            :     1     3584000   4785108 
	   Memory (MB)          :  8347        4096      4096 

	Job terminated of its own accord at 2021-01-07T11:26:30Z.
...
005 (13901875.019.000) 2021-01-07 12:28:39 Job terminated.
	(1) Normal termination (return value 0)
		Usr 0 00:05:05, Sys 0 00:00:30  -  Run Remote Usage
		Usr 0 00:00:00, Sys 0 00:00:00  -  Run Local Usage
		Usr 0 00:05:05, Sys 0 00:00:30  -  Total Remote Usage
		Usr 0 00:00:00, Sys 0 00:00:00  -  Total Local Usage
	0  -  Run Bytes Sent By Job
	0  -  Run Bytes Received By Job
	0  -  Total Bytes Sent By Job
	0  -  Total Bytes Received By Job
	Partitionable Resources :    Usage  Request Allocated 
	   Cpus                 :     0.79        1         1 
	   Disk (KB)            :     1     3584000   4392699 
	   Memory (MB)          :  4135        4096      4096 

	Job terminated of its own accord at 2021-01-07T11:28:39Z.
...
006 (13901875.010.000) 2021-01-07 12:29:57 Image size of job updated: 11265464
	7589  -  MemoryUsage of job (MB)
	7771044  -  ResidentSetSize of job (KB)
...
005 (13901875.010.000) 2021-01-07 12:29:57 Job terminated.
	(1) Normal termination (return value 0)
		Usr 0 00:04:03, Sys 0 00:00:18  -  Run Remote Usage
		Usr 0 00:00:00, Sys 0 00:00:00  -  Run Local Usage
		Usr 0 00:04:03, Sys 0 00:00:18  -  Total Remote Usage
		Usr 0 00:00:00, Sys 0 00:00:00  -  Total Local Usage
	0  -  Run Bytes Sent By Job
	0  -  Run Bytes Received By Job
	0  -  Total Bytes Sent By Job
	0  -  Total Bytes Received By Job
	Partitionable Resources :    Usage  Request Allocated 
	   Cpus                 :     0.05        1         1 
	   Disk (KB)            :     1     3584000   4785505 
	   Memory (MB)          :  7589        4096      4096 

	Job terminated of its own accord at 2021-01-07T11:29:57Z.
...
006 (13901875.022.000) 2021-01-07 12:30:04 Image size of job updated: 11326704
	9708  -  MemoryUsage of job (MB)
	9940772  -  ResidentSetSize of job (KB)
...
005 (13901875.022.000) 2021-01-07 12:30:10 Job terminated.
	(1) Normal termination (return value 0)
		Usr 0 00:04:19, Sys 0 00:02:12  -  Run Remote Usage
		Usr 0 00:00:00, Sys 0 00:00:00  -  Run Local Usage
		Usr 0 00:04:19, Sys 0 00:02:12  -  Total Remote Usage
		Usr 0 00:00:00, Sys 0 00:00:00  -  Total Local Usage
	0  -  Run Bytes Sent By Job
	0  -  Run Bytes Received By Job
	0  -  Total Bytes Sent By Job
	0  -  Total Bytes Received By Job
	Partitionable Resources :    Usage  Request Allocated 
	   Cpus                 :     0.87        1         1 
	   Disk (KB)            :     1     3584000   4422011 
	   Memory (MB)          :  9708        4096      4096 

	Job terminated of its own accord at 2021-01-07T11:30:10Z.
...
