000 (13901932.000.000) 2021-01-07 12:19:57 Job submitted from host: <131.169.223.42:9618?addrs=131.169.223.42-9618+[2001-638-700-10df--1-2a]-9618&alias=bird-htc-sched14.desy.de&noUDP&sock=schedd_1936_8371_3>
...
000 (13901932.001.000) 2021-01-07 12:19:57 Job submitted from host: <131.169.223.42:9618?addrs=131.169.223.42-9618+[2001-638-700-10df--1-2a]-9618&alias=bird-htc-sched14.desy.de&noUDP&sock=schedd_1936_8371_3>
...
000 (13901932.002.000) 2021-01-07 12:19:57 Job submitted from host: <131.169.223.42:9618?addrs=131.169.223.42-9618+[2001-638-700-10df--1-2a]-9618&alias=bird-htc-sched14.desy.de&noUDP&sock=schedd_1936_8371_3>
...
000 (13901932.003.000) 2021-01-07 12:19:57 Job submitted from host: <131.169.223.42:9618?addrs=131.169.223.42-9618+[2001-638-700-10df--1-2a]-9618&alias=bird-htc-sched14.desy.de&noUDP&sock=schedd_1936_8371_3>
...
000 (13901932.004.000) 2021-01-07 12:19:57 Job submitted from host: <131.169.223.42:9618?addrs=131.169.223.42-9618+[2001-638-700-10df--1-2a]-9618&alias=bird-htc-sched14.desy.de&noUDP&sock=schedd_1936_8371_3>
...
000 (13901932.005.000) 2021-01-07 12:19:57 Job submitted from host: <131.169.223.42:9618?addrs=131.169.223.42-9618+[2001-638-700-10df--1-2a]-9618&alias=bird-htc-sched14.desy.de&noUDP&sock=schedd_1936_8371_3>
...
000 (13901932.006.000) 2021-01-07 12:19:57 Job submitted from host: <131.169.223.42:9618?addrs=131.169.223.42-9618+[2001-638-700-10df--1-2a]-9618&alias=bird-htc-sched14.desy.de&noUDP&sock=schedd_1936_8371_3>
...
000 (13901932.007.000) 2021-01-07 12:19:57 Job submitted from host: <131.169.223.42:9618?addrs=131.169.223.42-9618+[2001-638-700-10df--1-2a]-9618&alias=bird-htc-sched14.desy.de&noUDP&sock=schedd_1936_8371_3>
...
000 (13901932.008.000) 2021-01-07 12:19:57 Job submitted from host: <131.169.223.42:9618?addrs=131.169.223.42-9618+[2001-638-700-10df--1-2a]-9618&alias=bird-htc-sched14.desy.de&noUDP&sock=schedd_1936_8371_3>
...
000 (13901932.009.000) 2021-01-07 12:19:57 Job submitted from host: <131.169.223.42:9618?addrs=131.169.223.42-9618+[2001-638-700-10df--1-2a]-9618&alias=bird-htc-sched14.desy.de&noUDP&sock=schedd_1936_8371_3>
...
000 (13901932.010.000) 2021-01-07 12:19:57 Job submitted from host: <131.169.223.42:9618?addrs=131.169.223.42-9618+[2001-638-700-10df--1-2a]-9618&alias=bird-htc-sched14.desy.de&noUDP&sock=schedd_1936_8371_3>
...
000 (13901932.011.000) 2021-01-07 12:19:57 Job submitted from host: <131.169.223.42:9618?addrs=131.169.223.42-9618+[2001-638-700-10df--1-2a]-9618&alias=bird-htc-sched14.desy.de&noUDP&sock=schedd_1936_8371_3>
...
000 (13901932.012.000) 2021-01-07 12:19:57 Job submitted from host: <131.169.223.42:9618?addrs=131.169.223.42-9618+[2001-638-700-10df--1-2a]-9618&alias=bird-htc-sched14.desy.de&noUDP&sock=schedd_1936_8371_3>
...
000 (13901932.013.000) 2021-01-07 12:19:57 Job submitted from host: <131.169.223.42:9618?addrs=131.169.223.42-9618+[2001-638-700-10df--1-2a]-9618&alias=bird-htc-sched14.desy.de&noUDP&sock=schedd_1936_8371_3>
...
000 (13901932.014.000) 2021-01-07 12:19:57 Job submitted from host: <131.169.223.42:9618?addrs=131.169.223.42-9618+[2001-638-700-10df--1-2a]-9618&alias=bird-htc-sched14.desy.de&noUDP&sock=schedd_1936_8371_3>
...
000 (13901932.015.000) 2021-01-07 12:19:57 Job submitted from host: <131.169.223.42:9618?addrs=131.169.223.42-9618+[2001-638-700-10df--1-2a]-9618&alias=bird-htc-sched14.desy.de&noUDP&sock=schedd_1936_8371_3>
...
000 (13901932.016.000) 2021-01-07 12:19:57 Job submitted from host: <131.169.223.42:9618?addrs=131.169.223.42-9618+[2001-638-700-10df--1-2a]-9618&alias=bird-htc-sched14.desy.de&noUDP&sock=schedd_1936_8371_3>
...
000 (13901932.017.000) 2021-01-07 12:19:57 Job submitted from host: <131.169.223.42:9618?addrs=131.169.223.42-9618+[2001-638-700-10df--1-2a]-9618&alias=bird-htc-sched14.desy.de&noUDP&sock=schedd_1936_8371_3>
...
000 (13901932.018.000) 2021-01-07 12:19:57 Job submitted from host: <131.169.223.42:9618?addrs=131.169.223.42-9618+[2001-638-700-10df--1-2a]-9618&alias=bird-htc-sched14.desy.de&noUDP&sock=schedd_1936_8371_3>
...
000 (13901932.019.000) 2021-01-07 12:19:57 Job submitted from host: <131.169.223.42:9618?addrs=131.169.223.42-9618+[2001-638-700-10df--1-2a]-9618&alias=bird-htc-sched14.desy.de&noUDP&sock=schedd_1936_8371_3>
...
000 (13901932.020.000) 2021-01-07 12:19:57 Job submitted from host: <131.169.223.42:9618?addrs=131.169.223.42-9618+[2001-638-700-10df--1-2a]-9618&alias=bird-htc-sched14.desy.de&noUDP&sock=schedd_1936_8371_3>
...
000 (13901932.021.000) 2021-01-07 12:19:57 Job submitted from host: <131.169.223.42:9618?addrs=131.169.223.42-9618+[2001-638-700-10df--1-2a]-9618&alias=bird-htc-sched14.desy.de&noUDP&sock=schedd_1936_8371_3>
...
000 (13901932.022.000) 2021-01-07 12:19:57 Job submitted from host: <131.169.223.42:9618?addrs=131.169.223.42-9618+[2001-638-700-10df--1-2a]-9618&alias=bird-htc-sched14.desy.de&noUDP&sock=schedd_1936_8371_3>
...
000 (13901932.023.000) 2021-01-07 12:19:57 Job submitted from host: <131.169.223.42:9618?addrs=131.169.223.42-9618+[2001-638-700-10df--1-2a]-9618&alias=bird-htc-sched14.desy.de&noUDP&sock=schedd_1936_8371_3>
...
000 (13901932.024.000) 2021-01-07 12:19:57 Job submitted from host: <131.169.223.42:9618?addrs=131.169.223.42-9618+[2001-638-700-10df--1-2a]-9618&alias=bird-htc-sched14.desy.de&noUDP&sock=schedd_1936_8371_3>
...
001 (13901932.000.000) 2021-01-07 12:24:31 Job executing on host: <131.169.160.178:41212?addrs=131.169.160.178-41212&alias=batch1180.desy.de>
...
001 (13901932.006.000) 2021-01-07 12:24:31 Job executing on host: <131.169.160.191:37433?addrs=131.169.160.191-37433&alias=batch1185.desy.de>
...
001 (13901932.007.000) 2021-01-07 12:24:31 Job executing on host: <131.169.160.113:41710?addrs=131.169.160.113-41710&alias=batch1074.desy.de>
...
001 (13901932.008.000) 2021-01-07 12:24:32 Job executing on host: <131.169.160.191:37433?addrs=131.169.160.191-37433&alias=batch1185.desy.de>
...
001 (13901932.004.000) 2021-01-07 12:24:32 Job executing on host: <131.169.162.158:44018?addrs=131.169.162.158-44018&alias=batch1158.desy.de>
...
001 (13901932.003.000) 2021-01-07 12:24:32 Job executing on host: <131.169.162.158:44018?addrs=131.169.162.158-44018&alias=batch1158.desy.de>
...
001 (13901932.012.000) 2021-01-07 12:24:37 Job executing on host: <131.169.164.33:40802?addrs=131.169.164.33-40802&alias=bird833.desy.de>
...
001 (13901932.017.000) 2021-01-07 12:24:37 Job executing on host: <131.169.163.137:46691?addrs=131.169.163.137-46691&alias=bird698.desy.de>
...
001 (13901932.009.000) 2021-01-07 12:24:37 Job executing on host: <131.169.163.105:36360?addrs=131.169.163.105-36360&alias=bird666.desy.de>
...
001 (13901932.016.000) 2021-01-07 12:24:37 Job executing on host: <131.169.77.21:45431?addrs=131.169.77.21-45431&alias=bird539.desy.de>
...
001 (13901932.013.000) 2021-01-07 12:24:37 Job executing on host: <131.169.77.224:36139?addrs=131.169.77.224-36139&alias=bird778.desy.de>
...
001 (13901932.021.000) 2021-01-07 12:24:37 Job executing on host: <131.169.163.133:37103?addrs=131.169.163.133-37103&alias=bird694.desy.de>
...
001 (13901932.020.000) 2021-01-07 12:24:37 Job executing on host: <131.169.164.2:39378?addrs=131.169.164.2-39378&alias=bird802.desy.de>
...
001 (13901932.018.000) 2021-01-07 12:24:37 Job executing on host: <131.169.164.4:44067?addrs=131.169.164.4-44067&alias=bird804.desy.de>
...
001 (13901932.023.000) 2021-01-07 12:24:37 Job executing on host: <131.169.163.125:45874?addrs=131.169.163.125-45874&alias=bird686.desy.de>
...
001 (13901932.022.000) 2021-01-07 12:24:37 Job executing on host: <131.169.164.58:39182?addrs=131.169.164.58-39182&alias=bird858.desy.de>
...
001 (13901932.024.000) 2021-01-07 12:24:38 Job executing on host: <131.169.160.152:32790?addrs=131.169.160.152-32790&alias=batch1052.desy.de>
...
001 (13901932.019.000) 2021-01-07 12:24:38 Job executing on host: <131.169.160.166:41105?addrs=131.169.160.166-41105&alias=batch1066.desy.de>
...
001 (13901932.001.000) 2021-01-07 12:24:38 Job executing on host: <131.169.164.57:37058?addrs=131.169.164.57-37058&alias=bird857.desy.de>
...
001 (13901932.002.000) 2021-01-07 12:24:38 Job executing on host: <131.169.163.127:43944?addrs=131.169.163.127-43944&alias=bird688.desy.de>
...
001 (13901932.005.000) 2021-01-07 12:24:38 Job executing on host: <131.169.163.100:44514?addrs=131.169.163.100-44514&alias=bird661.desy.de>
...
001 (13901932.010.000) 2021-01-07 12:24:38 Job executing on host: <131.169.163.138:40341?addrs=131.169.163.138-40341&alias=bird699.desy.de>
...
001 (13901932.011.000) 2021-01-07 12:24:38 Job executing on host: <131.169.164.25:44209?addrs=131.169.164.25-44209&alias=bird825.desy.de>
...
001 (13901932.014.000) 2021-01-07 12:24:38 Job executing on host: <131.169.77.160:39445?addrs=131.169.77.160-39445&alias=bird640.desy.de>
...
006 (13901932.000.000) 2021-01-07 12:24:39 Image size of job updated: 379548
	291  -  MemoryUsage of job (MB)
	297640  -  ResidentSetSize of job (KB)
...
006 (13901932.006.000) 2021-01-07 12:24:40 Image size of job updated: 374012
	332  -  MemoryUsage of job (MB)
	339080  -  ResidentSetSize of job (KB)
...
006 (13901932.007.000) 2021-01-07 12:24:40 Image size of job updated: 389136
	300  -  MemoryUsage of job (MB)
	306820  -  ResidentSetSize of job (KB)
...
006 (13901932.008.000) 2021-01-07 12:24:41 Image size of job updated: 424048
	369  -  MemoryUsage of job (MB)
	376960  -  ResidentSetSize of job (KB)
...
006 (13901932.004.000) 2021-01-07 12:24:41 Image size of job updated: 541412
	519  -  MemoryUsage of job (MB)
	530880  -  ResidentSetSize of job (KB)
...
006 (13901932.003.000) 2021-01-07 12:24:41 Image size of job updated: 541872
	524  -  MemoryUsage of job (MB)
	536260  -  ResidentSetSize of job (KB)
...
001 (13901932.015.000) 2021-01-07 12:24:42 Job executing on host: <131.169.77.34:39781?addrs=131.169.77.34-39781&alias=bird552.desy.de>
...
006 (13901932.024.000) 2021-01-07 12:24:46 Image size of job updated: 322024
	235  -  MemoryUsage of job (MB)
	240224  -  ResidentSetSize of job (KB)
...
006 (13901932.019.000) 2021-01-07 12:24:46 Image size of job updated: 312960
	226  -  MemoryUsage of job (MB)
	230872  -  ResidentSetSize of job (KB)
...
006 (13901932.012.000) 2021-01-07 12:24:46 Image size of job updated: 397672
	362  -  MemoryUsage of job (MB)
	370256  -  ResidentSetSize of job (KB)
...
006 (13901932.017.000) 2021-01-07 12:24:46 Image size of job updated: 464888
	374  -  MemoryUsage of job (MB)
	382964  -  ResidentSetSize of job (KB)
...
006 (13901932.009.000) 2021-01-07 12:24:46 Image size of job updated: 454096
	364  -  MemoryUsage of job (MB)
	372304  -  ResidentSetSize of job (KB)
...
006 (13901932.013.000) 2021-01-07 12:24:46 Image size of job updated: 355152
	329  -  MemoryUsage of job (MB)
	335904  -  ResidentSetSize of job (KB)
...
006 (13901932.016.000) 2021-01-07 12:24:46 Image size of job updated: 439212
	348  -  MemoryUsage of job (MB)
	356096  -  ResidentSetSize of job (KB)
...
006 (13901932.020.000) 2021-01-07 12:24:46 Image size of job updated: 423828
	373  -  MemoryUsage of job (MB)
	381492  -  ResidentSetSize of job (KB)
...
006 (13901932.021.000) 2021-01-07 12:24:46 Image size of job updated: 402604
	314  -  MemoryUsage of job (MB)
	320696  -  ResidentSetSize of job (KB)
...
006 (13901932.018.000) 2021-01-07 12:24:46 Image size of job updated: 463328
	373  -  MemoryUsage of job (MB)
	381016  -  ResidentSetSize of job (KB)
...
006 (13901932.023.000) 2021-01-07 12:24:46 Image size of job updated: 414884
	355  -  MemoryUsage of job (MB)
	363144  -  ResidentSetSize of job (KB)
...
006 (13901932.022.000) 2021-01-07 12:24:46 Image size of job updated: 452492
	361  -  MemoryUsage of job (MB)
	369600  -  ResidentSetSize of job (KB)
...
006 (13901932.001.000) 2021-01-07 12:24:47 Image size of job updated: 314024
	266  -  MemoryUsage of job (MB)
	272076  -  ResidentSetSize of job (KB)
...
006 (13901932.005.000) 2021-01-07 12:24:47 Image size of job updated: 414464
	322  -  MemoryUsage of job (MB)
	329412  -  ResidentSetSize of job (KB)
...
006 (13901932.002.000) 2021-01-07 12:24:47 Image size of job updated: 406440
	313  -  MemoryUsage of job (MB)
	319724  -  ResidentSetSize of job (KB)
...
006 (13901932.010.000) 2021-01-07 12:24:47 Image size of job updated: 424340
	330  -  MemoryUsage of job (MB)
	337064  -  ResidentSetSize of job (KB)
...
006 (13901932.011.000) 2021-01-07 12:24:47 Image size of job updated: 406212
	354  -  MemoryUsage of job (MB)
	361720  -  ResidentSetSize of job (KB)
...
006 (13901932.014.000) 2021-01-07 12:24:47 Image size of job updated: 415964
	350  -  MemoryUsage of job (MB)
	357520  -  ResidentSetSize of job (KB)
...
006 (13901932.015.000) 2021-01-07 12:24:51 Image size of job updated: 305340
	277  -  MemoryUsage of job (MB)
	282940  -  ResidentSetSize of job (KB)
...
006 (13901932.004.000) 2021-01-07 12:28:21 Image size of job updated: 11661284
	519  -  MemoryUsage of job (MB)
	531056  -  ResidentSetSize of job (KB)
...
005 (13901932.004.000) 2021-01-07 12:28:21 Job terminated.
	(1) Normal termination (return value 0)
		Usr 0 00:03:01, Sys 0 00:00:13  -  Run Remote Usage
		Usr 0 00:00:00, Sys 0 00:00:00  -  Run Local Usage
		Usr 0 00:03:01, Sys 0 00:00:13  -  Total Remote Usage
		Usr 0 00:00:00, Sys 0 00:00:00  -  Total Local Usage
	0  -  Run Bytes Sent By Job
	0  -  Run Bytes Received By Job
	0  -  Total Bytes Sent By Job
	0  -  Total Bytes Received By Job
	Partitionable Resources :    Usage  Request Allocated 
	   Cpus                 :     0.92        1         1 
	   Disk (KB)            :     1     3584000   4408847 
	   Memory (MB)          :   519        4096      4096 

	Job terminated of its own accord at 2021-01-07T11:28:21Z.
...
006 (13901932.003.000) 2021-01-07 12:28:24 Image size of job updated: 11710112
	524  -  MemoryUsage of job (MB)
	536284  -  ResidentSetSize of job (KB)
...
005 (13901932.003.000) 2021-01-07 12:28:24 Job terminated.
	(1) Normal termination (return value 0)
		Usr 0 00:03:04, Sys 0 00:00:15  -  Run Remote Usage
		Usr 0 00:00:00, Sys 0 00:00:00  -  Run Local Usage
		Usr 0 00:03:04, Sys 0 00:00:15  -  Total Remote Usage
		Usr 0 00:00:00, Sys 0 00:00:00  -  Total Local Usage
	0  -  Run Bytes Sent By Job
	0  -  Run Bytes Received By Job
	0  -  Total Bytes Sent By Job
	0  -  Total Bytes Received By Job
	Partitionable Resources :    Usage  Request Allocated 
	   Cpus                 :     0.92        1         1 
	   Disk (KB)            :     1     3584000   4408847 
	   Memory (MB)          :   524        4096      4096 

	Job terminated of its own accord at 2021-01-07T11:28:24Z.
...
006 (13901932.022.000) 2021-01-07 12:29:34 Image size of job updated: 11426020
	361  -  MemoryUsage of job (MB)
	369600  -  ResidentSetSize of job (KB)
...
005 (13901932.022.000) 2021-01-07 12:29:34 Job terminated.
	(1) Normal termination (return value 0)
		Usr 0 00:04:07, Sys 0 00:00:17  -  Run Remote Usage
		Usr 0 00:00:00, Sys 0 00:00:00  -  Run Local Usage
		Usr 0 00:04:07, Sys 0 00:00:17  -  Total Remote Usage
		Usr 0 00:00:00, Sys 0 00:00:00  -  Total Local Usage
	0  -  Run Bytes Sent By Job
	0  -  Run Bytes Received By Job
	0  -  Total Bytes Sent By Job
	0  -  Total Bytes Received By Job
	Partitionable Resources :    Usage  Request Allocated 
	   Cpus                 :     0.94        1         1 
	   Disk (KB)            :     1     3584000   4645541 
	   Memory (MB)          :   361        4096      4096 

	Job terminated of its own accord at 2021-01-07T11:29:34Z.
...
006 (13901932.021.000) 2021-01-07 12:29:38 Image size of job updated: 11876192
	314  -  MemoryUsage of job (MB)
	320752  -  ResidentSetSize of job (KB)
...
005 (13901932.021.000) 2021-01-07 12:29:38 Job terminated.
	(1) Normal termination (return value 0)
		Usr 0 00:04:09, Sys 0 00:00:16  -  Run Remote Usage
		Usr 0 00:00:00, Sys 0 00:00:00  -  Run Local Usage
		Usr 0 00:04:09, Sys 0 00:00:16  -  Total Remote Usage
		Usr 0 00:00:00, Sys 0 00:00:00  -  Total Local Usage
	0  -  Run Bytes Sent By Job
	0  -  Run Bytes Received By Job
	0  -  Total Bytes Sent By Job
	0  -  Total Bytes Received By Job
	Partitionable Resources :    Usage  Request Allocated 
	   Cpus                 :     0.94        1         1 
	   Disk (KB)            :     1     3584000   3955893 
	   Memory (MB)          :   314        4096      4096 

	Job terminated of its own accord at 2021-01-07T11:29:38Z.
...
006 (13901932.023.000) 2021-01-07 12:29:38 Image size of job updated: 414884
	355  -  MemoryUsage of job (MB)
	363204  -  ResidentSetSize of job (KB)
...
005 (13901932.023.000) 2021-01-07 12:29:38 Job terminated.
	(1) Normal termination (return value 0)
		Usr 0 00:04:07, Sys 0 00:00:15  -  Run Remote Usage
		Usr 0 00:00:00, Sys 0 00:00:00  -  Run Local Usage
		Usr 0 00:04:07, Sys 0 00:00:15  -  Total Remote Usage
		Usr 0 00:00:00, Sys 0 00:00:00  -  Total Local Usage
	0  -  Run Bytes Sent By Job
	0  -  Run Bytes Received By Job
	0  -  Total Bytes Sent By Job
	0  -  Total Bytes Received By Job
	Partitionable Resources :    Usage  Request Allocated 
	   Cpus                 :     0.92        1         1 
	   Disk (KB)            :     1     3584000   3955591 
	   Memory (MB)          :   355        4096      4096 

	Job terminated of its own accord at 2021-01-07T11:29:38Z.
...
006 (13901932.000.000) 2021-01-07 12:29:40 Image size of job updated: 3425512
	3314  -  MemoryUsage of job (MB)
	3393280  -  ResidentSetSize of job (KB)
...
006 (13901932.007.000) 2021-01-07 12:29:41 Image size of job updated: 9981784
	9667  -  MemoryUsage of job (MB)
	9898412  -  ResidentSetSize of job (KB)
...
006 (13901932.006.000) 2021-01-07 12:29:41 Image size of job updated: 7771816
	7590  -  MemoryUsage of job (MB)
	7771696  -  ResidentSetSize of job (KB)
...
005 (13901932.007.000) 2021-01-07 12:29:42 Job terminated.
	(1) Normal termination (return value 0)
		Usr 0 00:04:21, Sys 0 00:00:18  -  Run Remote Usage
		Usr 0 00:00:00, Sys 0 00:00:00  -  Run Local Usage
		Usr 0 00:04:21, Sys 0 00:00:18  -  Total Remote Usage
		Usr 0 00:00:00, Sys 0 00:00:00  -  Total Local Usage
	0  -  Run Bytes Sent By Job
	0  -  Run Bytes Received By Job
	0  -  Total Bytes Sent By Job
	0  -  Total Bytes Received By Job
	Partitionable Resources :    Usage  Request Allocated 
	   Cpus                 :     0.91        1         1 
	   Disk (KB)            :     1     3584000   4475551 
	   Memory (MB)          :  9667        4096      4096 

	Job terminated of its own accord at 2021-01-07T11:29:42Z.
...
006 (13901932.008.000) 2021-01-07 12:29:42 Image size of job updated: 5725232
	5592  -  MemoryUsage of job (MB)
	5725232  -  ResidentSetSize of job (KB)
...
006 (13901932.020.000) 2021-01-07 12:29:43 Image size of job updated: 423828
	373  -  MemoryUsage of job (MB)
	381548  -  ResidentSetSize of job (KB)
...
005 (13901932.020.000) 2021-01-07 12:29:43 Job terminated.
	(1) Normal termination (return value 0)
		Usr 0 00:04:20, Sys 0 00:00:17  -  Run Remote Usage
		Usr 0 00:00:00, Sys 0 00:00:00  -  Run Local Usage
		Usr 0 00:04:20, Sys 0 00:00:17  -  Total Remote Usage
		Usr 0 00:00:00, Sys 0 00:00:00  -  Total Local Usage
	0  -  Run Bytes Sent By Job
	0  -  Run Bytes Received By Job
	0  -  Total Bytes Sent By Job
	0  -  Total Bytes Received By Job
	Partitionable Resources :    Usage  Request Allocated 
	   Cpus                 :     0.94        1         1 
	   Disk (KB)            :     1     3584000   4543744 
	   Memory (MB)          :   373        4096      4096 

	Job terminated of its own accord at 2021-01-07T11:29:43Z.
...
006 (13901932.024.000) 2021-01-07 12:29:46 Image size of job updated: 8440124
	8163  -  MemoryUsage of job (MB)
	8358324  -  ResidentSetSize of job (KB)
...
006 (13901932.019.000) 2021-01-07 12:29:46 Image size of job updated: 10108884
	9792  -  MemoryUsage of job (MB)
	10026796  -  ResidentSetSize of job (KB)
...
006 (13901932.013.000) 2021-01-07 12:29:47 Image size of job updated: 11014040
	10738  -  MemoryUsage of job (MB)
	10994792  -  ResidentSetSize of job (KB)
...
006 (13901932.016.000) 2021-01-07 12:29:47 Image size of job updated: 10852928
	10518  -  MemoryUsage of job (MB)
	10769652  -  ResidentSetSize of job (KB)
...
006 (13901932.012.000) 2021-01-07 12:29:47 Image size of job updated: 11063876
	10778  -  MemoryUsage of job (MB)
	11036380  -  ResidentSetSize of job (KB)
...
006 (13901932.009.000) 2021-01-07 12:29:47 Image size of job updated: 11870664
	11513  -  MemoryUsage of job (MB)
	11788948  -  ResidentSetSize of job (KB)
...
006 (13901932.017.000) 2021-01-07 12:29:47 Image size of job updated: 11804364
	11175  -  MemoryUsage of job (MB)
	11442304  -  ResidentSetSize of job (KB)
...
006 (13901932.018.000) 2021-01-07 12:29:47 Image size of job updated: 11864628
	11507  -  MemoryUsage of job (MB)
	11782316  -  ResidentSetSize of job (KB)
...
006 (13901932.002.000) 2021-01-07 12:29:48 Image size of job updated: 11274604
	4901  -  MemoryUsage of job (MB)
	5018236  -  ResidentSetSize of job (KB)
...
006 (13901932.010.000) 2021-01-07 12:29:48 Image size of job updated: 11479020
	11207  -  MemoryUsage of job (MB)
	11475152  -  ResidentSetSize of job (KB)
...
006 (13901932.011.000) 2021-01-07 12:29:48 Image size of job updated: 10869408
	6666  -  MemoryUsage of job (MB)
	6825792  -  ResidentSetSize of job (KB)
...
006 (13901932.014.000) 2021-01-07 12:29:48 Image size of job updated: 8719236
	5623  -  MemoryUsage of job (MB)
	5757068  -  ResidentSetSize of job (KB)
...
006 (13901932.001.000) 2021-01-07 12:29:48 Image size of job updated: 10661248
	4777  -  MemoryUsage of job (MB)
	4891568  -  ResidentSetSize of job (KB)
...
006 (13901932.005.000) 2021-01-07 12:29:48 Image size of job updated: 11224228
	4234  -  MemoryUsage of job (MB)
	4334608  -  ResidentSetSize of job (KB)
...
006 (13901932.009.000) 2021-01-07 12:29:49 Image size of job updated: 11870904
	11513  -  MemoryUsage of job (MB)
	11789188  -  ResidentSetSize of job (KB)
...
005 (13901932.009.000) 2021-01-07 12:29:49 Job terminated.
	(1) Normal termination (return value 0)
		Usr 0 00:04:33, Sys 0 00:00:14  -  Run Remote Usage
		Usr 0 00:00:00, Sys 0 00:00:00  -  Run Local Usage
		Usr 0 00:04:33, Sys 0 00:00:14  -  Total Remote Usage
		Usr 0 00:00:00, Sys 0 00:00:00  -  Total Local Usage
	0  -  Run Bytes Sent By Job
	0  -  Run Bytes Received By Job
	0  -  Total Bytes Sent By Job
	0  -  Total Bytes Received By Job
	Partitionable Resources :    Usage  Request Allocated 
	   Cpus                 :     0.95        1         1 
	   Disk (KB)            :     1     3584000   3959831 
	   Memory (MB)          : 11513        4096      4096 

	Job terminated of its own accord at 2021-01-07T11:29:49Z.
...
005 (13901932.017.000) 2021-01-07 12:29:50 Job terminated.
	(1) Normal termination (return value 0)
		Usr 0 00:04:27, Sys 0 00:00:16  -  Run Remote Usage
		Usr 0 00:00:00, Sys 0 00:00:00  -  Run Local Usage
		Usr 0 00:04:27, Sys 0 00:00:16  -  Total Remote Usage
		Usr 0 00:00:00, Sys 0 00:00:00  -  Total Local Usage
	0  -  Run Bytes Sent By Job
	0  -  Run Bytes Received By Job
	0  -  Total Bytes Sent By Job
	0  -  Total Bytes Received By Job
	Partitionable Resources :    Usage  Request Allocated 
	   Cpus                 :     0.95        1         1 
	   Disk (KB)            :     1     3584000   3954892 
	   Memory (MB)          : 11175        4096      4096 

	Job terminated of its own accord at 2021-01-07T11:29:50Z.
...
006 (13901932.018.000) 2021-01-07 12:29:50 Image size of job updated: 11864924
	11507  -  MemoryUsage of job (MB)
	11782612  -  ResidentSetSize of job (KB)
...
005 (13901932.018.000) 2021-01-07 12:29:50 Job terminated.
	(1) Normal termination (return value 0)
		Usr 0 00:04:28, Sys 0 00:00:16  -  Run Remote Usage
		Usr 0 00:00:00, Sys 0 00:00:00  -  Run Local Usage
		Usr 0 00:04:28, Sys 0 00:00:16  -  Total Remote Usage
		Usr 0 00:00:00, Sys 0 00:00:00  -  Total Local Usage
	0  -  Run Bytes Sent By Job
	0  -  Run Bytes Received By Job
	0  -  Total Bytes Sent By Job
	0  -  Total Bytes Received By Job
	Partitionable Resources :    Usage  Request Allocated 
	   Cpus                 :     0.94        1         1 
	   Disk (KB)            :     1     3584000   4545066 
	   Memory (MB)          : 11507        4096      4096 

	Job terminated of its own accord at 2021-01-07T11:29:50Z.
...
006 (13901932.015.000) 2021-01-07 12:29:53 Image size of job updated: 6164748
	4160  -  MemoryUsage of job (MB)
	4259648  -  ResidentSetSize of job (KB)
...
006 (13901932.010.000) 2021-01-07 12:29:59 Image size of job updated: 11479020
	11207  -  MemoryUsage of job (MB)
	11475192  -  ResidentSetSize of job (KB)
...
005 (13901932.010.000) 2021-01-07 12:29:59 Job terminated.
	(1) Normal termination (return value 0)
		Usr 0 00:04:39, Sys 0 00:00:16  -  Run Remote Usage
		Usr 0 00:00:00, Sys 0 00:00:00  -  Run Local Usage
		Usr 0 00:04:39, Sys 0 00:00:16  -  Total Remote Usage
		Usr 0 00:00:00, Sys 0 00:00:00  -  Total Local Usage
	0  -  Run Bytes Sent By Job
	0  -  Run Bytes Received By Job
	0  -  Total Bytes Sent By Job
	0  -  Total Bytes Received By Job
	Partitionable Resources :    Usage  Request Allocated 
	   Cpus                 :     0.95        1         1 
	   Disk (KB)            :     1     3584000   3970312 
	   Memory (MB)          : 11207        4096      4096 

	Job terminated of its own accord at 2021-01-07T11:29:59Z.
...
006 (13901932.012.000) 2021-01-07 12:30:07 Image size of job updated: 13416888
	10778  -  MemoryUsage of job (MB)
	11036524  -  ResidentSetSize of job (KB)
...
006 (13901932.002.000) 2021-01-07 12:30:08 Image size of job updated: 11811672
	4901  -  MemoryUsage of job (MB)
	5018332  -  ResidentSetSize of job (KB)
...
005 (13901932.012.000) 2021-01-07 12:30:08 Job terminated.
	(1) Normal termination (return value 0)
		Usr 0 00:04:29, Sys 0 00:00:20  -  Run Remote Usage
		Usr 0 00:00:00, Sys 0 00:00:00  -  Run Local Usage
		Usr 0 00:04:29, Sys 0 00:00:20  -  Total Remote Usage
		Usr 0 00:00:00, Sys 0 00:00:00  -  Total Local Usage
	0  -  Run Bytes Sent By Job
	0  -  Run Bytes Received By Job
	0  -  Total Bytes Sent By Job
	0  -  Total Bytes Received By Job
	Partitionable Resources :    Usage  Request Allocated 
	   Cpus                 :     0.94        1         1 
	   Disk (KB)            :     1     3584000   4540362 
	   Memory (MB)          : 10778        4096      4096 

	Job terminated of its own accord at 2021-01-07T11:30:07Z.
...
005 (13901932.002.000) 2021-01-07 12:30:08 Job terminated.
	(1) Normal termination (return value 0)
		Usr 0 00:04:40, Sys 0 00:00:17  -  Run Remote Usage
		Usr 0 00:00:00, Sys 0 00:00:00  -  Run Local Usage
		Usr 0 00:04:40, Sys 0 00:00:17  -  Total Remote Usage
		Usr 0 00:00:00, Sys 0 00:00:00  -  Total Local Usage
	0  -  Run Bytes Sent By Job
	0  -  Run Bytes Received By Job
	0  -  Total Bytes Sent By Job
	0  -  Total Bytes Received By Job
	Partitionable Resources :    Usage  Request Allocated 
	   Cpus                 :     0.85        1         1 
	   Disk (KB)            :     1     3584000   3957100 
	   Memory (MB)          :  4901        4096      4096 

	Job terminated of its own accord at 2021-01-07T11:30:08Z.
...
005 (13901932.013.000) 2021-01-07 12:30:10 Job terminated.
	(1) Normal termination (return value 0)
		Usr 0 00:04:25, Sys 0 00:00:20  -  Run Remote Usage
		Usr 0 00:00:00, Sys 0 00:00:00  -  Run Local Usage
		Usr 0 00:04:25, Sys 0 00:00:20  -  Total Remote Usage
		Usr 0 00:00:00, Sys 0 00:00:00  -  Total Local Usage
	0  -  Run Bytes Sent By Job
	0  -  Run Bytes Received By Job
	0  -  Total Bytes Sent By Job
	0  -  Total Bytes Received By Job
	Partitionable Resources :    Usage  Request Allocated 
	   Cpus                 :     0.92        1         1 
	   Disk (KB)            :     1     3584000   4778730 
	   Memory (MB)          : 10738        4096      4096 

	Job terminated of its own accord at 2021-01-07T11:30:09Z.
...
005 (13901932.005.000) 2021-01-07 12:30:12 Job terminated.
	(1) Normal termination (return value 0)
		Usr 0 00:04:36, Sys 0 00:00:20  -  Run Remote Usage
		Usr 0 00:00:00, Sys 0 00:00:00  -  Run Local Usage
		Usr 0 00:04:36, Sys 0 00:00:20  -  Total Remote Usage
		Usr 0 00:00:00, Sys 0 00:00:00  -  Total Local Usage
	0  -  Run Bytes Sent By Job
	0  -  Run Bytes Received By Job
	0  -  Total Bytes Sent By Job
	0  -  Total Bytes Received By Job
	Partitionable Resources :    Usage  Request Allocated 
	   Cpus                 :     0.89        1         1 
	   Disk (KB)            :     1     3584000   3957143 
	   Memory (MB)          :  4234        4096      4096 

	Job terminated of its own accord at 2021-01-07T11:30:12Z.
...
006 (13901932.011.000) 2021-01-07 12:30:16 Image size of job updated: 10869408
	6666  -  MemoryUsage of job (MB)
	6825856  -  ResidentSetSize of job (KB)
...
005 (13901932.011.000) 2021-01-07 12:30:16 Job terminated.
	(1) Normal termination (return value 0)
		Usr 0 00:04:38, Sys 0 00:00:19  -  Run Remote Usage
		Usr 0 00:00:00, Sys 0 00:00:00  -  Run Local Usage
		Usr 0 00:04:38, Sys 0 00:00:19  -  Total Remote Usage
		Usr 0 00:00:00, Sys 0 00:00:00  -  Total Local Usage
	0  -  Run Bytes Sent By Job
	0  -  Run Bytes Received By Job
	0  -  Total Bytes Sent By Job
	0  -  Total Bytes Received By Job
	Partitionable Resources :    Usage  Request Allocated 
	   Cpus                 :     0.94        1         1 
	   Disk (KB)            :     1     3584000   4545694 
	   Memory (MB)          :  6666        4096      4096 

	Job terminated of its own accord at 2021-01-07T11:30:16Z.
...
006 (13901932.016.000) 2021-01-07 12:30:20 Image size of job updated: 10852928
	10518  -  MemoryUsage of job (MB)
	10769728  -  ResidentSetSize of job (KB)
...
005 (13901932.016.000) 2021-01-07 12:30:20 Job terminated.
	(1) Normal termination (return value 0)
		Usr 0 00:04:32, Sys 0 00:00:18  -  Run Remote Usage
		Usr 0 00:00:00, Sys 0 00:00:00  -  Run Local Usage
		Usr 0 00:04:32, Sys 0 00:00:18  -  Total Remote Usage
		Usr 0 00:00:00, Sys 0 00:00:00  -  Total Local Usage
	0  -  Run Bytes Sent By Job
	0  -  Run Bytes Received By Job
	0  -  Total Bytes Sent By Job
	0  -  Total Bytes Received By Job
	Partitionable Resources :    Usage  Request Allocated 
	   Cpus                 :     0.47        1         1 
	   Disk (KB)            :     1     3584000   3849684 
	   Memory (MB)          : 10518        4096      4096 

	Job terminated of its own accord at 2021-01-07T11:30:20Z.
...
005 (13901932.001.000) 2021-01-07 12:30:26 Job terminated.
	(1) Normal termination (return value 0)
		Usr 0 00:04:32, Sys 0 00:00:19  -  Run Remote Usage
		Usr 0 00:00:00, Sys 0 00:00:00  -  Run Local Usage
		Usr 0 00:04:32, Sys 0 00:00:19  -  Total Remote Usage
		Usr 0 00:00:00, Sys 0 00:00:00  -  Total Local Usage
	0  -  Run Bytes Sent By Job
	0  -  Run Bytes Received By Job
	0  -  Total Bytes Sent By Job
	0  -  Total Bytes Received By Job
	Partitionable Resources :    Usage  Request Allocated 
	   Cpus                 :     0.74        1         1 
	   Disk (KB)            :     1     3584000   3977278 
	   Memory (MB)          :  4777        4096      4096 

	Job terminated of its own accord at 2021-01-07T11:30:26Z.
...
006 (13901932.019.000) 2021-01-07 12:30:41 Image size of job updated: 11848760
	9792  -  MemoryUsage of job (MB)
	10026852  -  ResidentSetSize of job (KB)
...
005 (13901932.019.000) 2021-01-07 12:30:41 Job terminated.
	(1) Normal termination (return value 0)
		Usr 0 00:04:29, Sys 0 00:00:25  -  Run Remote Usage
		Usr 0 00:00:00, Sys 0 00:00:00  -  Run Local Usage
		Usr 0 00:04:29, Sys 0 00:00:25  -  Total Remote Usage
		Usr 0 00:00:00, Sys 0 00:00:00  -  Total Local Usage
	0  -  Run Bytes Sent By Job
	0  -  Run Bytes Received By Job
	0  -  Total Bytes Sent By Job
	0  -  Total Bytes Received By Job
	Partitionable Resources :    Usage  Request Allocated 
	   Cpus                 :     0.87        1         1 
	   Disk (KB)            :     1     3584000   4816309 
	   Memory (MB)          :  9792        4096      4096 

	Job terminated of its own accord at 2021-01-07T11:30:41Z.
...
006 (13901932.006.000) 2021-01-07 12:30:58 Image size of job updated: 11852752
	7590  -  MemoryUsage of job (MB)
	7771716  -  ResidentSetSize of job (KB)
...
005 (13901932.006.000) 2021-01-07 12:30:58 Job terminated.
	(1) Normal termination (return value 0)
		Usr 0 00:03:01, Sys 0 00:00:18  -  Run Remote Usage
		Usr 0 00:00:00, Sys 0 00:00:00  -  Run Local Usage
		Usr 0 00:03:01, Sys 0 00:00:18  -  Total Remote Usage
		Usr 0 00:00:00, Sys 0 00:00:00  -  Total Local Usage
	0  -  Run Bytes Sent By Job
	0  -  Run Bytes Received By Job
	0  -  Total Bytes Sent By Job
	0  -  Total Bytes Received By Job
	Partitionable Resources :    Usage  Request Allocated 
	   Cpus                 :     0.94        1         1 
	   Disk (KB)            :     1     3584000   4466765 
	   Memory (MB)          :  7590        4096      4096 

	Job terminated of its own accord at 2021-01-07T11:30:58Z.
...
006 (13901932.024.000) 2021-01-07 12:31:14 Image size of job updated: 11875828
	8163  -  MemoryUsage of job (MB)
	8358324  -  ResidentSetSize of job (KB)
...
005 (13901932.024.000) 2021-01-07 12:31:14 Job terminated.
	(1) Normal termination (return value 0)
		Usr 0 00:04:23, Sys 0 00:00:22  -  Run Remote Usage
		Usr 0 00:00:00, Sys 0 00:00:00  -  Run Local Usage
		Usr 0 00:04:23, Sys 0 00:00:22  -  Total Remote Usage
		Usr 0 00:00:00, Sys 0 00:00:00  -  Total Local Usage
	0  -  Run Bytes Sent By Job
	0  -  Run Bytes Received By Job
	0  -  Total Bytes Sent By Job
	0  -  Total Bytes Received By Job
	Partitionable Resources :    Usage  Request Allocated 
	   Cpus                 :     0.91        1         1 
	   Disk (KB)            :     1     3584000   4440988 
	   Memory (MB)          :  8163        4096      4096 

	Job terminated of its own accord at 2021-01-07T11:31:14Z.
...
006 (13901932.014.000) 2021-01-07 12:31:20 Image size of job updated: 8719236
	5628  -  MemoryUsage of job (MB)
	5762740  -  ResidentSetSize of job (KB)
...
005 (13901932.014.000) 2021-01-07 12:31:20 Job terminated.
	(1) Normal termination (return value 0)
		Usr 0 00:04:33, Sys 0 00:00:23  -  Run Remote Usage
		Usr 0 00:00:00, Sys 0 00:00:00  -  Run Local Usage
		Usr 0 00:04:33, Sys 0 00:00:23  -  Total Remote Usage
		Usr 0 00:00:00, Sys 0 00:00:00  -  Total Local Usage
	0  -  Run Bytes Sent By Job
	0  -  Run Bytes Received By Job
	0  -  Total Bytes Sent By Job
	0  -  Total Bytes Received By Job
	Partitionable Resources :    Usage  Request Allocated 
	   Cpus                 :     0.94        1         1 
	   Disk (KB)            :     1     3584000   4786935 
	   Memory (MB)          :  5628        4096      4096 

	Job terminated of its own accord at 2021-01-07T11:31:20Z.
...
006 (13901932.008.000) 2021-01-07 12:31:31 Image size of job updated: 11841836
	5592  -  MemoryUsage of job (MB)
	5725232  -  ResidentSetSize of job (KB)
...
005 (13901932.008.000) 2021-01-07 12:31:31 Job terminated.
	(1) Normal termination (return value 0)
		Usr 0 00:03:00, Sys 0 00:00:18  -  Run Remote Usage
		Usr 0 00:00:00, Sys 0 00:00:00  -  Run Local Usage
		Usr 0 00:03:00, Sys 0 00:00:18  -  Total Remote Usage
		Usr 0 00:00:00, Sys 0 00:00:00  -  Total Local Usage
	0  -  Run Bytes Sent By Job
	0  -  Run Bytes Received By Job
	0  -  Total Bytes Sent By Job
	0  -  Total Bytes Received By Job
	Partitionable Resources :    Usage  Request Allocated 
	   Cpus                 :     0.93        1         1 
	   Disk (KB)            :     1     3584000   4466765 
	   Memory (MB)          :  5592        4096      4096 

	Job terminated of its own accord at 2021-01-07T11:31:31Z.
...
006 (13901932.000.000) 2021-01-07 12:32:06 Image size of job updated: 11784032
	3631  -  MemoryUsage of job (MB)
	3717372  -  ResidentSetSize of job (KB)
...
005 (13901932.000.000) 2021-01-07 12:32:06 Job terminated.
	(1) Normal termination (return value 0)
		Usr 0 00:03:00, Sys 0 00:01:24  -  Run Remote Usage
		Usr 0 00:00:00, Sys 0 00:00:00  -  Run Local Usage
		Usr 0 00:03:00, Sys 0 00:01:24  -  Total Remote Usage
		Usr 0 00:00:00, Sys 0 00:00:00  -  Total Local Usage
	0  -  Run Bytes Sent By Job
	0  -  Run Bytes Received By Job
	0  -  Total Bytes Sent By Job
	0  -  Total Bytes Received By Job
	Partitionable Resources :    Usage  Request Allocated 
	   Cpus                 :     0.94        1         1 
	   Disk (KB)            :     1     3584000   4465296 
	   Memory (MB)          :  3631        4096      4096 

	Job terminated of its own accord at 2021-01-07T11:32:06Z.
...
006 (13901932.015.000) 2021-01-07 12:33:46 Image size of job updated: 13364672
	4160  -  MemoryUsage of job (MB)
	4259648  -  ResidentSetSize of job (KB)
...
005 (13901932.015.000) 2021-01-07 12:33:46 Job terminated.
	(1) Normal termination (return value 0)
		Usr 0 00:04:33, Sys 0 00:00:24  -  Run Remote Usage
		Usr 0 00:00:00, Sys 0 00:00:00  -  Run Local Usage
		Usr 0 00:04:33, Sys 0 00:00:24  -  Total Remote Usage
		Usr 0 00:00:00, Sys 0 00:00:00  -  Total Local Usage
	0  -  Run Bytes Sent By Job
	0  -  Run Bytes Received By Job
	0  -  Total Bytes Sent By Job
	0  -  Total Bytes Received By Job
	Partitionable Resources :    Usage  Request Allocated 
	   Cpus                 :     0.83        1         1 
	   Disk (KB)            :     1     3584000   3822279 
	   Memory (MB)          :  4160        4096      4096 

	Job terminated of its own accord at 2021-01-07T11:33:46Z.
...
