hadd Target file: /nfs/dust/cms/user/albrecha/uhh2_102X_v2/HOTVRStudiesOutput/_0_mu40/uhh2.AnalysisModuleRunner.MC.ttbar_pythia8_flat_nnpdf23_s2.root
hadd compression setting for all ouput: 1
hadd Source file 1: /nfs/dust/cms/user/albrecha/uhh2_102X_v2/HOTVRStudiesOutput/_0_mu40/workdir_HOTVRStudies_0_mu40/uhh2.AnalysisModuleRunner.MC.ttbar_pythia8_flat_nnpdf23_s2_0.root
hadd Source file 2: /nfs/dust/cms/user/albrecha/uhh2_102X_v2/HOTVRStudiesOutput/_0_mu40/workdir_HOTVRStudies_0_mu40/uhh2.AnalysisModuleRunner.MC.ttbar_pythia8_flat_nnpdf23_s2_1.root
hadd Source file 3: /nfs/dust/cms/user/albrecha/uhh2_102X_v2/HOTVRStudiesOutput/_0_mu40/workdir_HOTVRStudies_0_mu40/uhh2.AnalysisModuleRunner.MC.ttbar_pythia8_flat_nnpdf23_s2_2.root
hadd Source file 4: /nfs/dust/cms/user/albrecha/uhh2_102X_v2/HOTVRStudiesOutput/_0_mu40/workdir_HOTVRStudies_0_mu40/uhh2.AnalysisModuleRunner.MC.ttbar_pythia8_flat_nnpdf23_s2_3.root
hadd Source file 5: /nfs/dust/cms/user/albrecha/uhh2_102X_v2/HOTVRStudiesOutput/_0_mu40/workdir_HOTVRStudies_0_mu40/uhh2.AnalysisModuleRunner.MC.ttbar_pythia8_flat_nnpdf23_s2_4.root
hadd Source file 6: /nfs/dust/cms/user/albrecha/uhh2_102X_v2/HOTVRStudiesOutput/_0_mu40/workdir_HOTVRStudies_0_mu40/uhh2.AnalysisModuleRunner.MC.ttbar_pythia8_flat_nnpdf23_s2_5.root
hadd Source file 7: /nfs/dust/cms/user/albrecha/uhh2_102X_v2/HOTVRStudiesOutput/_0_mu40/workdir_HOTVRStudies_0_mu40/uhh2.AnalysisModuleRunner.MC.ttbar_pythia8_flat_nnpdf23_s2_6.root
hadd Source file 8: /nfs/dust/cms/user/albrecha/uhh2_102X_v2/HOTVRStudiesOutput/_0_mu40/workdir_HOTVRStudies_0_mu40/uhh2.AnalysisModuleRunner.MC.ttbar_pythia8_flat_nnpdf23_s2_7.root
hadd Source file 9: /nfs/dust/cms/user/albrecha/uhh2_102X_v2/HOTVRStudiesOutput/_0_mu40/workdir_HOTVRStudies_0_mu40/uhh2.AnalysisModuleRunner.MC.ttbar_pythia8_flat_nnpdf23_s2_8.root
hadd Source file 10: /nfs/dust/cms/user/albrecha/uhh2_102X_v2/HOTVRStudiesOutput/_0_mu40/workdir_HOTVRStudies_0_mu40/uhh2.AnalysisModuleRunner.MC.ttbar_pythia8_flat_nnpdf23_s2_9.root
hadd Source file 11: /nfs/dust/cms/user/albrecha/uhh2_102X_v2/HOTVRStudiesOutput/_0_mu40/workdir_HOTVRStudies_0_mu40/uhh2.AnalysisModuleRunner.MC.ttbar_pythia8_flat_nnpdf23_s2_10.root
hadd Source file 12: /nfs/dust/cms/user/albrecha/uhh2_102X_v2/HOTVRStudiesOutput/_0_mu40/workdir_HOTVRStudies_0_mu40/uhh2.AnalysisModuleRunner.MC.ttbar_pythia8_flat_nnpdf23_s2_11.root
hadd Source file 13: /nfs/dust/cms/user/albrecha/uhh2_102X_v2/HOTVRStudiesOutput/_0_mu40/workdir_HOTVRStudies_0_mu40/uhh2.AnalysisModuleRunner.MC.ttbar_pythia8_flat_nnpdf23_s2_12.root
hadd Source file 14: /nfs/dust/cms/user/albrecha/uhh2_102X_v2/HOTVRStudiesOutput/_0_mu40/workdir_HOTVRStudies_0_mu40/uhh2.AnalysisModuleRunner.MC.ttbar_pythia8_flat_nnpdf23_s2_13.root
hadd Source file 15: /nfs/dust/cms/user/albrecha/uhh2_102X_v2/HOTVRStudiesOutput/_0_mu40/workdir_HOTVRStudies_0_mu40/uhh2.AnalysisModuleRunner.MC.ttbar_pythia8_flat_nnpdf23_s2_14.root
hadd Source file 16: /nfs/dust/cms/user/albrecha/uhh2_102X_v2/HOTVRStudiesOutput/_0_mu40/workdir_HOTVRStudies_0_mu40/uhh2.AnalysisModuleRunner.MC.ttbar_pythia8_flat_nnpdf23_s2_15.root
hadd Source file 17: /nfs/dust/cms/user/albrecha/uhh2_102X_v2/HOTVRStudiesOutput/_0_mu40/workdir_HOTVRStudies_0_mu40/uhh2.AnalysisModuleRunner.MC.ttbar_pythia8_flat_nnpdf23_s2_16.root
hadd Source file 18: /nfs/dust/cms/user/albrecha/uhh2_102X_v2/HOTVRStudiesOutput/_0_mu40/workdir_HOTVRStudies_0_mu40/uhh2.AnalysisModuleRunner.MC.ttbar_pythia8_flat_nnpdf23_s2_17.root
hadd Source file 19: /nfs/dust/cms/user/albrecha/uhh2_102X_v2/HOTVRStudiesOutput/_0_mu40/workdir_HOTVRStudies_0_mu40/uhh2.AnalysisModuleRunner.MC.ttbar_pythia8_flat_nnpdf23_s2_18.root
hadd Source file 20: /nfs/dust/cms/user/albrecha/uhh2_102X_v2/HOTVRStudiesOutput/_0_mu40/workdir_HOTVRStudies_0_mu40/uhh2.AnalysisModuleRunner.MC.ttbar_pythia8_flat_nnpdf23_s2_19.root
hadd Source file 21: /nfs/dust/cms/user/albrecha/uhh2_102X_v2/HOTVRStudiesOutput/_0_mu40/workdir_HOTVRStudies_0_mu40/uhh2.AnalysisModuleRunner.MC.ttbar_pythia8_flat_nnpdf23_s2_20.root
hadd Source file 22: /nfs/dust/cms/user/albrecha/uhh2_102X_v2/HOTVRStudiesOutput/_0_mu40/workdir_HOTVRStudies_0_mu40/uhh2.AnalysisModuleRunner.MC.ttbar_pythia8_flat_nnpdf23_s2_21.root
hadd Source file 23: /nfs/dust/cms/user/albrecha/uhh2_102X_v2/HOTVRStudiesOutput/_0_mu40/workdir_HOTVRStudies_0_mu40/uhh2.AnalysisModuleRunner.MC.ttbar_pythia8_flat_nnpdf23_s2_22.root
hadd Source file 24: /nfs/dust/cms/user/albrecha/uhh2_102X_v2/HOTVRStudiesOutput/_0_mu40/workdir_HOTVRStudies_0_mu40/uhh2.AnalysisModuleRunner.MC.ttbar_pythia8_flat_nnpdf23_s2_23.root
hadd Source file 25: /nfs/dust/cms/user/albrecha/uhh2_102X_v2/HOTVRStudiesOutput/_0_mu40/workdir_HOTVRStudies_0_mu40/uhh2.AnalysisModuleRunner.MC.ttbar_pythia8_flat_nnpdf23_s2_24.root
hadd Source file 26: /nfs/dust/cms/user/albrecha/uhh2_102X_v2/HOTVRStudiesOutput/_0_mu40/workdir_HOTVRStudies_0_mu40/uhh2.AnalysisModuleRunner.MC.ttbar_pythia8_flat_nnpdf23_s2_25.root
hadd Source file 27: /nfs/dust/cms/user/albrecha/uhh2_102X_v2/HOTVRStudiesOutput/_0_mu40/workdir_HOTVRStudies_0_mu40/uhh2.AnalysisModuleRunner.MC.ttbar_pythia8_flat_nnpdf23_s2_26.root
hadd Source file 28: /nfs/dust/cms/user/albrecha/uhh2_102X_v2/HOTVRStudiesOutput/_0_mu40/workdir_HOTVRStudies_0_mu40/uhh2.AnalysisModuleRunner.MC.ttbar_pythia8_flat_nnpdf23_s2_27.root
hadd Source file 29: /nfs/dust/cms/user/albrecha/uhh2_102X_v2/HOTVRStudiesOutput/_0_mu40/workdir_HOTVRStudies_0_mu40/uhh2.AnalysisModuleRunner.MC.ttbar_pythia8_flat_nnpdf23_s2_28.root
hadd Source file 30: /nfs/dust/cms/user/albrecha/uhh2_102X_v2/HOTVRStudiesOutput/_0_mu40/workdir_HOTVRStudies_0_mu40/uhh2.AnalysisModuleRunner.MC.ttbar_pythia8_flat_nnpdf23_s2_29.root
hadd Source file 31: /nfs/dust/cms/user/albrecha/uhh2_102X_v2/HOTVRStudiesOutput/_0_mu40/workdir_HOTVRStudies_0_mu40/uhh2.AnalysisModuleRunner.MC.ttbar_pythia8_flat_nnpdf23_s2_30.root
hadd Source file 32: /nfs/dust/cms/user/albrecha/uhh2_102X_v2/HOTVRStudiesOutput/_0_mu40/workdir_HOTVRStudies_0_mu40/uhh2.AnalysisModuleRunner.MC.ttbar_pythia8_flat_nnpdf23_s2_31.root
hadd Source file 33: /nfs/dust/cms/user/albrecha/uhh2_102X_v2/HOTVRStudiesOutput/_0_mu40/workdir_HOTVRStudies_0_mu40/uhh2.AnalysisModuleRunner.MC.ttbar_pythia8_flat_nnpdf23_s2_32.root
hadd Source file 34: /nfs/dust/cms/user/albrecha/uhh2_102X_v2/HOTVRStudiesOutput/_0_mu40/workdir_HOTVRStudies_0_mu40/uhh2.AnalysisModuleRunner.MC.ttbar_pythia8_flat_nnpdf23_s2_33.root
hadd Source file 35: /nfs/dust/cms/user/albrecha/uhh2_102X_v2/HOTVRStudiesOutput/_0_mu40/workdir_HOTVRStudies_0_mu40/uhh2.AnalysisModuleRunner.MC.ttbar_pythia8_flat_nnpdf23_s2_34.root
hadd Source file 36: /nfs/dust/cms/user/albrecha/uhh2_102X_v2/HOTVRStudiesOutput/_0_mu40/workdir_HOTVRStudies_0_mu40/uhh2.AnalysisModuleRunner.MC.ttbar_pythia8_flat_nnpdf23_s2_35.root
hadd Source file 37: /nfs/dust/cms/user/albrecha/uhh2_102X_v2/HOTVRStudiesOutput/_0_mu40/workdir_HOTVRStudies_0_mu40/uhh2.AnalysisModuleRunner.MC.ttbar_pythia8_flat_nnpdf23_s2_36.root
hadd Source file 38: /nfs/dust/cms/user/albrecha/uhh2_102X_v2/HOTVRStudiesOutput/_0_mu40/workdir_HOTVRStudies_0_mu40/uhh2.AnalysisModuleRunner.MC.ttbar_pythia8_flat_nnpdf23_s2_37.root
hadd Source file 39: /nfs/dust/cms/user/albrecha/uhh2_102X_v2/HOTVRStudiesOutput/_0_mu40/workdir_HOTVRStudies_0_mu40/uhh2.AnalysisModuleRunner.MC.ttbar_pythia8_flat_nnpdf23_s2_38.root
hadd Source file 40: /nfs/dust/cms/user/albrecha/uhh2_102X_v2/HOTVRStudiesOutput/_0_mu40/workdir_HOTVRStudies_0_mu40/uhh2.AnalysisModuleRunner.MC.ttbar_pythia8_flat_nnpdf23_s2_39.root
hadd Source file 41: /nfs/dust/cms/user/albrecha/uhh2_102X_v2/HOTVRStudiesOutput/_0_mu40/workdir_HOTVRStudies_0_mu40/uhh2.AnalysisModuleRunner.MC.ttbar_pythia8_flat_nnpdf23_s2_40.root
hadd Source file 42: /nfs/dust/cms/user/albrecha/uhh2_102X_v2/HOTVRStudiesOutput/_0_mu40/workdir_HOTVRStudies_0_mu40/uhh2.AnalysisModuleRunner.MC.ttbar_pythia8_flat_nnpdf23_s2_41.root
hadd Source file 43: /nfs/dust/cms/user/albrecha/uhh2_102X_v2/HOTVRStudiesOutput/_0_mu40/workdir_HOTVRStudies_0_mu40/uhh2.AnalysisModuleRunner.MC.ttbar_pythia8_flat_nnpdf23_s2_42.root
hadd Source file 44: /nfs/dust/cms/user/albrecha/uhh2_102X_v2/HOTVRStudiesOutput/_0_mu40/workdir_HOTVRStudies_0_mu40/uhh2.AnalysisModuleRunner.MC.ttbar_pythia8_flat_nnpdf23_s2_43.root
hadd Source file 45: /nfs/dust/cms/user/albrecha/uhh2_102X_v2/HOTVRStudiesOutput/_0_mu40/workdir_HOTVRStudies_0_mu40/uhh2.AnalysisModuleRunner.MC.ttbar_pythia8_flat_nnpdf23_s2_44.root
hadd Source file 46: /nfs/dust/cms/user/albrecha/uhh2_102X_v2/HOTVRStudiesOutput/_0_mu40/workdir_HOTVRStudies_0_mu40/uhh2.AnalysisModuleRunner.MC.ttbar_pythia8_flat_nnpdf23_s2_45.root
hadd Source file 47: /nfs/dust/cms/user/albrecha/uhh2_102X_v2/HOTVRStudiesOutput/_0_mu40/workdir_HOTVRStudies_0_mu40/uhh2.AnalysisModuleRunner.MC.ttbar_pythia8_flat_nnpdf23_s2_46.root
hadd Source file 48: /nfs/dust/cms/user/albrecha/uhh2_102X_v2/HOTVRStudiesOutput/_0_mu40/workdir_HOTVRStudies_0_mu40/uhh2.AnalysisModuleRunner.MC.ttbar_pythia8_flat_nnpdf23_s2_47.root
hadd Source file 49: /nfs/dust/cms/user/albrecha/uhh2_102X_v2/HOTVRStudiesOutput/_0_mu40/workdir_HOTVRStudies_0_mu40/uhh2.AnalysisModuleRunner.MC.ttbar_pythia8_flat_nnpdf23_s2_48.root
hadd Source file 50: /nfs/dust/cms/user/albrecha/uhh2_102X_v2/HOTVRStudiesOutput/_0_mu40/workdir_HOTVRStudies_0_mu40/uhh2.AnalysisModuleRunner.MC.ttbar_pythia8_flat_nnpdf23_s2_49.root
hadd Source file 51: /nfs/dust/cms/user/albrecha/uhh2_102X_v2/HOTVRStudiesOutput/_0_mu40/workdir_HOTVRStudies_0_mu40/uhh2.AnalysisModuleRunner.MC.ttbar_pythia8_flat_nnpdf23_s2_50.root
hadd Source file 52: /nfs/dust/cms/user/albrecha/uhh2_102X_v2/HOTVRStudiesOutput/_0_mu40/workdir_HOTVRStudies_0_mu40/uhh2.AnalysisModuleRunner.MC.ttbar_pythia8_flat_nnpdf23_s2_51.root
hadd Source file 53: /nfs/dust/cms/user/albrecha/uhh2_102X_v2/HOTVRStudiesOutput/_0_mu40/workdir_HOTVRStudies_0_mu40/uhh2.AnalysisModuleRunner.MC.ttbar_pythia8_flat_nnpdf23_s2_52.root
hadd Source file 54: /nfs/dust/cms/user/albrecha/uhh2_102X_v2/HOTVRStudiesOutput/_0_mu40/workdir_HOTVRStudies_0_mu40/uhh2.AnalysisModuleRunner.MC.ttbar_pythia8_flat_nnpdf23_s2_53.root
hadd Source file 55: /nfs/dust/cms/user/albrecha/uhh2_102X_v2/HOTVRStudiesOutput/_0_mu40/workdir_HOTVRStudies_0_mu40/uhh2.AnalysisModuleRunner.MC.ttbar_pythia8_flat_nnpdf23_s2_54.root
hadd Source file 56: /nfs/dust/cms/user/albrecha/uhh2_102X_v2/HOTVRStudiesOutput/_0_mu40/workdir_HOTVRStudies_0_mu40/uhh2.AnalysisModuleRunner.MC.ttbar_pythia8_flat_nnpdf23_s2_55.root
hadd Source file 57: /nfs/dust/cms/user/albrecha/uhh2_102X_v2/HOTVRStudiesOutput/_0_mu40/workdir_HOTVRStudies_0_mu40/uhh2.AnalysisModuleRunner.MC.ttbar_pythia8_flat_nnpdf23_s2_56.root
hadd Source file 58: /nfs/dust/cms/user/albrecha/uhh2_102X_v2/HOTVRStudiesOutput/_0_mu40/workdir_HOTVRStudies_0_mu40/uhh2.AnalysisModuleRunner.MC.ttbar_pythia8_flat_nnpdf23_s2_57.root
hadd Source file 59: /nfs/dust/cms/user/albrecha/uhh2_102X_v2/HOTVRStudiesOutput/_0_mu40/workdir_HOTVRStudies_0_mu40/uhh2.AnalysisModuleRunner.MC.ttbar_pythia8_flat_nnpdf23_s2_58.root
hadd Source file 60: /nfs/dust/cms/user/albrecha/uhh2_102X_v2/HOTVRStudiesOutput/_0_mu40/workdir_HOTVRStudies_0_mu40/uhh2.AnalysisModuleRunner.MC.ttbar_pythia8_flat_nnpdf23_s2_59.root
hadd Source file 61: /nfs/dust/cms/user/albrecha/uhh2_102X_v2/HOTVRStudiesOutput/_0_mu40/workdir_HOTVRStudies_0_mu40/uhh2.AnalysisModuleRunner.MC.ttbar_pythia8_flat_nnpdf23_s2_60.root
hadd Source file 62: /nfs/dust/cms/user/albrecha/uhh2_102X_v2/HOTVRStudiesOutput/_0_mu40/workdir_HOTVRStudies_0_mu40/uhh2.AnalysisModuleRunner.MC.ttbar_pythia8_flat_nnpdf23_s2_61.root
hadd Source file 63: /nfs/dust/cms/user/albrecha/uhh2_102X_v2/HOTVRStudiesOutput/_0_mu40/workdir_HOTVRStudies_0_mu40/uhh2.AnalysisModuleRunner.MC.ttbar_pythia8_flat_nnpdf23_s2_62.root
hadd Source file 64: /nfs/dust/cms/user/albrecha/uhh2_102X_v2/HOTVRStudiesOutput/_0_mu40/workdir_HOTVRStudies_0_mu40/uhh2.AnalysisModuleRunner.MC.ttbar_pythia8_flat_nnpdf23_s2_63.root
hadd Source file 65: /nfs/dust/cms/user/albrecha/uhh2_102X_v2/HOTVRStudiesOutput/_0_mu40/workdir_HOTVRStudies_0_mu40/uhh2.AnalysisModuleRunner.MC.ttbar_pythia8_flat_nnpdf23_s2_64.root
hadd Source file 66: /nfs/dust/cms/user/albrecha/uhh2_102X_v2/HOTVRStudiesOutput/_0_mu40/workdir_HOTVRStudies_0_mu40/uhh2.AnalysisModuleRunner.MC.ttbar_pythia8_flat_nnpdf23_s2_65.root
hadd Source file 67: /nfs/dust/cms/user/albrecha/uhh2_102X_v2/HOTVRStudiesOutput/_0_mu40/workdir_HOTVRStudies_0_mu40/uhh2.AnalysisModuleRunner.MC.ttbar_pythia8_flat_nnpdf23_s2_66.root
hadd Source file 68: /nfs/dust/cms/user/albrecha/uhh2_102X_v2/HOTVRStudiesOutput/_0_mu40/workdir_HOTVRStudies_0_mu40/uhh2.AnalysisModuleRunner.MC.ttbar_pythia8_flat_nnpdf23_s2_67.root
hadd Source file 69: /nfs/dust/cms/user/albrecha/uhh2_102X_v2/HOTVRStudiesOutput/_0_mu40/workdir_HOTVRStudies_0_mu40/uhh2.AnalysisModuleRunner.MC.ttbar_pythia8_flat_nnpdf23_s2_68.root
hadd Source file 70: /nfs/dust/cms/user/albrecha/uhh2_102X_v2/HOTVRStudiesOutput/_0_mu40/workdir_HOTVRStudies_0_mu40/uhh2.AnalysisModuleRunner.MC.ttbar_pythia8_flat_nnpdf23_s2_69.root
hadd Source file 71: /nfs/dust/cms/user/albrecha/uhh2_102X_v2/HOTVRStudiesOutput/_0_mu40/workdir_HOTVRStudies_0_mu40/uhh2.AnalysisModuleRunner.MC.ttbar_pythia8_flat_nnpdf23_s2_70.root
hadd Source file 72: /nfs/dust/cms/user/albrecha/uhh2_102X_v2/HOTVRStudiesOutput/_0_mu40/workdir_HOTVRStudies_0_mu40/uhh2.AnalysisModuleRunner.MC.ttbar_pythia8_flat_nnpdf23_s2_71.root
hadd Source file 73: /nfs/dust/cms/user/albrecha/uhh2_102X_v2/HOTVRStudiesOutput/_0_mu40/workdir_HOTVRStudies_0_mu40/uhh2.AnalysisModuleRunner.MC.ttbar_pythia8_flat_nnpdf23_s2_72.root
hadd Source file 74: /nfs/dust/cms/user/albrecha/uhh2_102X_v2/HOTVRStudiesOutput/_0_mu40/workdir_HOTVRStudies_0_mu40/uhh2.AnalysisModuleRunner.MC.ttbar_pythia8_flat_nnpdf23_s2_73.root
hadd Source file 75: /nfs/dust/cms/user/albrecha/uhh2_102X_v2/HOTVRStudiesOutput/_0_mu40/workdir_HOTVRStudies_0_mu40/uhh2.AnalysisModuleRunner.MC.ttbar_pythia8_flat_nnpdf23_s2_74.root
hadd Source file 76: /nfs/dust/cms/user/albrecha/uhh2_102X_v2/HOTVRStudiesOutput/_0_mu40/workdir_HOTVRStudies_0_mu40/uhh2.AnalysisModuleRunner.MC.ttbar_pythia8_flat_nnpdf23_s2_75.root
hadd Source file 77: /nfs/dust/cms/user/albrecha/uhh2_102X_v2/HOTVRStudiesOutput/_0_mu40/workdir_HOTVRStudies_0_mu40/uhh2.AnalysisModuleRunner.MC.ttbar_pythia8_flat_nnpdf23_s2_76.root
hadd Source file 78: /nfs/dust/cms/user/albrecha/uhh2_102X_v2/HOTVRStudiesOutput/_0_mu40/workdir_HOTVRStudies_0_mu40/uhh2.AnalysisModuleRunner.MC.ttbar_pythia8_flat_nnpdf23_s2_77.root
hadd Source file 79: /nfs/dust/cms/user/albrecha/uhh2_102X_v2/HOTVRStudiesOutput/_0_mu40/workdir_HOTVRStudies_0_mu40/uhh2.AnalysisModuleRunner.MC.ttbar_pythia8_flat_nnpdf23_s2_78.root
hadd Source file 80: /nfs/dust/cms/user/albrecha/uhh2_102X_v2/HOTVRStudiesOutput/_0_mu40/workdir_HOTVRStudies_0_mu40/uhh2.AnalysisModuleRunner.MC.ttbar_pythia8_flat_nnpdf23_s2_79.root
hadd Source file 81: /nfs/dust/cms/user/albrecha/uhh2_102X_v2/HOTVRStudiesOutput/_0_mu40/workdir_HOTVRStudies_0_mu40/uhh2.AnalysisModuleRunner.MC.ttbar_pythia8_flat_nnpdf23_s2_80.root
hadd Source file 82: /nfs/dust/cms/user/albrecha/uhh2_102X_v2/HOTVRStudiesOutput/_0_mu40/workdir_HOTVRStudies_0_mu40/uhh2.AnalysisModuleRunner.MC.ttbar_pythia8_flat_nnpdf23_s2_81.root
hadd Source file 83: /nfs/dust/cms/user/albrecha/uhh2_102X_v2/HOTVRStudiesOutput/_0_mu40/workdir_HOTVRStudies_0_mu40/uhh2.AnalysisModuleRunner.MC.ttbar_pythia8_flat_nnpdf23_s2_82.root
hadd Source file 84: /nfs/dust/cms/user/albrecha/uhh2_102X_v2/HOTVRStudiesOutput/_0_mu40/workdir_HOTVRStudies_0_mu40/uhh2.AnalysisModuleRunner.MC.ttbar_pythia8_flat_nnpdf23_s2_83.root
hadd Source file 85: /nfs/dust/cms/user/albrecha/uhh2_102X_v2/HOTVRStudiesOutput/_0_mu40/workdir_HOTVRStudies_0_mu40/uhh2.AnalysisModuleRunner.MC.ttbar_pythia8_flat_nnpdf23_s2_84.root
hadd Source file 86: /nfs/dust/cms/user/albrecha/uhh2_102X_v2/HOTVRStudiesOutput/_0_mu40/workdir_HOTVRStudies_0_mu40/uhh2.AnalysisModuleRunner.MC.ttbar_pythia8_flat_nnpdf23_s2_85.root
hadd Source file 87: /nfs/dust/cms/user/albrecha/uhh2_102X_v2/HOTVRStudiesOutput/_0_mu40/workdir_HOTVRStudies_0_mu40/uhh2.AnalysisModuleRunner.MC.ttbar_pythia8_flat_nnpdf23_s2_86.root
hadd Source file 88: /nfs/dust/cms/user/albrecha/uhh2_102X_v2/HOTVRStudiesOutput/_0_mu40/workdir_HOTVRStudies_0_mu40/uhh2.AnalysisModuleRunner.MC.ttbar_pythia8_flat_nnpdf23_s2_87.root
hadd Source file 89: /nfs/dust/cms/user/albrecha/uhh2_102X_v2/HOTVRStudiesOutput/_0_mu40/workdir_HOTVRStudies_0_mu40/uhh2.AnalysisModuleRunner.MC.ttbar_pythia8_flat_nnpdf23_s2_88.root
hadd Source file 90: /nfs/dust/cms/user/albrecha/uhh2_102X_v2/HOTVRStudiesOutput/_0_mu40/workdir_HOTVRStudies_0_mu40/uhh2.AnalysisModuleRunner.MC.ttbar_pythia8_flat_nnpdf23_s2_89.root
hadd Source file 91: /nfs/dust/cms/user/albrecha/uhh2_102X_v2/HOTVRStudiesOutput/_0_mu40/workdir_HOTVRStudies_0_mu40/uhh2.AnalysisModuleRunner.MC.ttbar_pythia8_flat_nnpdf23_s2_90.root
hadd Source file 92: /nfs/dust/cms/user/albrecha/uhh2_102X_v2/HOTVRStudiesOutput/_0_mu40/workdir_HOTVRStudies_0_mu40/uhh2.AnalysisModuleRunner.MC.ttbar_pythia8_flat_nnpdf23_s2_91.root
hadd Source file 93: /nfs/dust/cms/user/albrecha/uhh2_102X_v2/HOTVRStudiesOutput/_0_mu40/workdir_HOTVRStudies_0_mu40/uhh2.AnalysisModuleRunner.MC.ttbar_pythia8_flat_nnpdf23_s2_92.root
hadd Source file 94: /nfs/dust/cms/user/albrecha/uhh2_102X_v2/HOTVRStudiesOutput/_0_mu40/workdir_HOTVRStudies_0_mu40/uhh2.AnalysisModuleRunner.MC.ttbar_pythia8_flat_nnpdf23_s2_93.root
hadd Target path: /nfs/dust/cms/user/albrecha/uhh2_102X_v2/HOTVRStudiesOutput/_0_mu40/uhh2.AnalysisModuleRunner.MC.ttbar_pythia8_flat_nnpdf23_s2.root:/
hadd Target path: /nfs/dust/cms/user/albrecha/uhh2_102X_v2/HOTVRStudiesOutput/_0_mu40/uhh2.AnalysisModuleRunner.MC.ttbar_pythia8_flat_nnpdf23_s2.root:/HOTVRJetsHists_hotvr_jets
hadd Target path: /nfs/dust/cms/user/albrecha/uhh2_102X_v2/HOTVRStudiesOutput/_0_mu40/uhh2.AnalysisModuleRunner.MC.ttbar_pythia8_flat_nnpdf23_s2.root:/HOTVRJetsHists_hotvr_jets_200
hadd Target path: /nfs/dust/cms/user/albrecha/uhh2_102X_v2/HOTVRStudiesOutput/_0_mu40/uhh2.AnalysisModuleRunner.MC.ttbar_pythia8_flat_nnpdf23_s2.root:/HOTVRJetsHists_hotvr_jets_400
hadd Target path: /nfs/dust/cms/user/albrecha/uhh2_102X_v2/HOTVRStudiesOutput/_0_mu40/uhh2.AnalysisModuleRunner.MC.ttbar_pythia8_flat_nnpdf23_s2.root:/HOTVRJetsHists_hotvr_jets_600
hadd Target path: /nfs/dust/cms/user/albrecha/uhh2_102X_v2/HOTVRStudiesOutput/_0_mu40/uhh2.AnalysisModuleRunner.MC.ttbar_pythia8_flat_nnpdf23_s2.root:/HOTVRJetsHists_hotvr_jets_800
hadd Target path: /nfs/dust/cms/user/albrecha/uhh2_102X_v2/HOTVRStudiesOutput/_0_mu40/uhh2.AnalysisModuleRunner.MC.ttbar_pythia8_flat_nnpdf23_s2.root:/HOTVRJetsHists_hotvr_jets_1000
hadd Target path: /nfs/dust/cms/user/albrecha/uhh2_102X_v2/HOTVRStudiesOutput/_0_mu40/uhh2.AnalysisModuleRunner.MC.ttbar_pythia8_flat_nnpdf23_s2.root:/HOTVRJetsHists_hotvr_jets_Nsub3
hadd Target path: /nfs/dust/cms/user/albrecha/uhh2_102X_v2/HOTVRStudiesOutput/_0_mu40/uhh2.AnalysisModuleRunner.MC.ttbar_pythia8_flat_nnpdf23_s2.root:/HOTVRJetsHists_hotvr_jets_Nsub3_200
hadd Target path: /nfs/dust/cms/user/albrecha/uhh2_102X_v2/HOTVRStudiesOutput/_0_mu40/uhh2.AnalysisModuleRunner.MC.ttbar_pythia8_flat_nnpdf23_s2.root:/HOTVRJetsHists_hotvr_jets_Nsub3_400
hadd Target path: /nfs/dust/cms/user/albrecha/uhh2_102X_v2/HOTVRStudiesOutput/_0_mu40/uhh2.AnalysisModuleRunner.MC.ttbar_pythia8_flat_nnpdf23_s2.root:/HOTVRJetsHists_hotvr_jets_Nsub3_600
hadd Target path: /nfs/dust/cms/user/albrecha/uhh2_102X_v2/HOTVRStudiesOutput/_0_mu40/uhh2.AnalysisModuleRunner.MC.ttbar_pythia8_flat_nnpdf23_s2.root:/HOTVRJetsHists_hotvr_jets_Nsub3_800
hadd Target path: /nfs/dust/cms/user/albrecha/uhh2_102X_v2/HOTVRStudiesOutput/_0_mu40/uhh2.AnalysisModuleRunner.MC.ttbar_pythia8_flat_nnpdf23_s2.root:/HOTVRJetsHists_hotvr_jets_Nsub3_1000
hadd Target path: /nfs/dust/cms/user/albrecha/uhh2_102X_v2/HOTVRStudiesOutput/_0_mu40/uhh2.AnalysisModuleRunner.MC.ttbar_pythia8_flat_nnpdf23_s2.root:/HOTVRJetsHists_hotvr_jets_fpt
hadd Target path: /nfs/dust/cms/user/albrecha/uhh2_102X_v2/HOTVRStudiesOutput/_0_mu40/uhh2.AnalysisModuleRunner.MC.ttbar_pythia8_flat_nnpdf23_s2.root:/HOTVRJetsHists_hotvr_jets_fpt_200
hadd Target path: /nfs/dust/cms/user/albrecha/uhh2_102X_v2/HOTVRStudiesOutput/_0_mu40/uhh2.AnalysisModuleRunner.MC.ttbar_pythia8_flat_nnpdf23_s2.root:/HOTVRJetsHists_hotvr_jets_fpt_400
hadd Target path: /nfs/dust/cms/user/albrecha/uhh2_102X_v2/HOTVRStudiesOutput/_0_mu40/uhh2.AnalysisModuleRunner.MC.ttbar_pythia8_flat_nnpdf23_s2.root:/HOTVRJetsHists_hotvr_jets_fpt_600
hadd Target path: /nfs/dust/cms/user/albrecha/uhh2_102X_v2/HOTVRStudiesOutput/_0_mu40/uhh2.AnalysisModuleRunner.MC.ttbar_pythia8_flat_nnpdf23_s2.root:/HOTVRJetsHists_hotvr_jets_fpt_800
hadd Target path: /nfs/dust/cms/user/albrecha/uhh2_102X_v2/HOTVRStudiesOutput/_0_mu40/uhh2.AnalysisModuleRunner.MC.ttbar_pythia8_flat_nnpdf23_s2.root:/HOTVRJetsHists_hotvr_jets_fpt_1000
hadd Target path: /nfs/dust/cms/user/albrecha/uhh2_102X_v2/HOTVRStudiesOutput/_0_mu40/uhh2.AnalysisModuleRunner.MC.ttbar_pythia8_flat_nnpdf23_s2.root:/HOTVRJetsHists_hotvr_jets_mass
hadd Target path: /nfs/dust/cms/user/albrecha/uhh2_102X_v2/HOTVRStudiesOutput/_0_mu40/uhh2.AnalysisModuleRunner.MC.ttbar_pythia8_flat_nnpdf23_s2.root:/HOTVRJetsHists_hotvr_jets_mass_200
hadd Target path: /nfs/dust/cms/user/albrecha/uhh2_102X_v2/HOTVRStudiesOutput/_0_mu40/uhh2.AnalysisModuleRunner.MC.ttbar_pythia8_flat_nnpdf23_s2.root:/HOTVRJetsHists_hotvr_jets_mass_400
hadd Target path: /nfs/dust/cms/user/albrecha/uhh2_102X_v2/HOTVRStudiesOutput/_0_mu40/uhh2.AnalysisModuleRunner.MC.ttbar_pythia8_flat_nnpdf23_s2.root:/HOTVRJetsHists_hotvr_jets_mass_600
hadd Target path: /nfs/dust/cms/user/albrecha/uhh2_102X_v2/HOTVRStudiesOutput/_0_mu40/uhh2.AnalysisModuleRunner.MC.ttbar_pythia8_flat_nnpdf23_s2.root:/HOTVRJetsHists_hotvr_jets_mass_800
hadd Target path: /nfs/dust/cms/user/albrecha/uhh2_102X_v2/HOTVRStudiesOutput/_0_mu40/uhh2.AnalysisModuleRunner.MC.ttbar_pythia8_flat_nnpdf23_s2.root:/HOTVRJetsHists_hotvr_jets_mass_1000
hadd Target path: /nfs/dust/cms/user/albrecha/uhh2_102X_v2/HOTVRStudiesOutput/_0_mu40/uhh2.AnalysisModuleRunner.MC.ttbar_pythia8_flat_nnpdf23_s2.root:/HOTVRJetsHists_matched_jets
hadd Target path: /nfs/dust/cms/user/albrecha/uhh2_102X_v2/HOTVRStudiesOutput/_0_mu40/uhh2.AnalysisModuleRunner.MC.ttbar_pythia8_flat_nnpdf23_s2.root:/HOTVRJetsHists_matched_jets_200
hadd Target path: /nfs/dust/cms/user/albrecha/uhh2_102X_v2/HOTVRStudiesOutput/_0_mu40/uhh2.AnalysisModuleRunner.MC.ttbar_pythia8_flat_nnpdf23_s2.root:/HOTVRJetsHists_matched_jets_400
hadd Target path: /nfs/dust/cms/user/albrecha/uhh2_102X_v2/HOTVRStudiesOutput/_0_mu40/uhh2.AnalysisModuleRunner.MC.ttbar_pythia8_flat_nnpdf23_s2.root:/HOTVRJetsHists_matched_jets_600
hadd Target path: /nfs/dust/cms/user/albrecha/uhh2_102X_v2/HOTVRStudiesOutput/_0_mu40/uhh2.AnalysisModuleRunner.MC.ttbar_pythia8_flat_nnpdf23_s2.root:/HOTVRJetsHists_matched_jets_800
hadd Target path: /nfs/dust/cms/user/albrecha/uhh2_102X_v2/HOTVRStudiesOutput/_0_mu40/uhh2.AnalysisModuleRunner.MC.ttbar_pythia8_flat_nnpdf23_s2.root:/HOTVRJetsHists_matched_jets_1000
hadd Target path: /nfs/dust/cms/user/albrecha/uhh2_102X_v2/HOTVRStudiesOutput/_0_mu40/uhh2.AnalysisModuleRunner.MC.ttbar_pythia8_flat_nnpdf23_s2.root:/HOTVRJetsHists_tagged_jets
hadd Target path: /nfs/dust/cms/user/albrecha/uhh2_102X_v2/HOTVRStudiesOutput/_0_mu40/uhh2.AnalysisModuleRunner.MC.ttbar_pythia8_flat_nnpdf23_s2.root:/HOTVRJetsHists_tagged_jets_200
hadd Target path: /nfs/dust/cms/user/albrecha/uhh2_102X_v2/HOTVRStudiesOutput/_0_mu40/uhh2.AnalysisModuleRunner.MC.ttbar_pythia8_flat_nnpdf23_s2.root:/HOTVRJetsHists_tagged_jets_400
hadd Target path: /nfs/dust/cms/user/albrecha/uhh2_102X_v2/HOTVRStudiesOutput/_0_mu40/uhh2.AnalysisModuleRunner.MC.ttbar_pythia8_flat_nnpdf23_s2.root:/HOTVRJetsHists_tagged_jets_600
hadd Target path: /nfs/dust/cms/user/albrecha/uhh2_102X_v2/HOTVRStudiesOutput/_0_mu40/uhh2.AnalysisModuleRunner.MC.ttbar_pythia8_flat_nnpdf23_s2.root:/HOTVRJetsHists_tagged_jets_800
hadd Target path: /nfs/dust/cms/user/albrecha/uhh2_102X_v2/HOTVRStudiesOutput/_0_mu40/uhh2.AnalysisModuleRunner.MC.ttbar_pythia8_flat_nnpdf23_s2.root:/HOTVRJetsHists_tagged_jets_1000
hadd Target path: /nfs/dust/cms/user/albrecha/uhh2_102X_v2/HOTVRStudiesOutput/_0_mu40/uhh2.AnalysisModuleRunner.MC.ttbar_pythia8_flat_nnpdf23_s2.root:/HOTVRJetsHists_tagged_jets_tau32
hadd Target path: /nfs/dust/cms/user/albrecha/uhh2_102X_v2/HOTVRStudiesOutput/_0_mu40/uhh2.AnalysisModuleRunner.MC.ttbar_pythia8_flat_nnpdf23_s2.root:/HOTVRJetsHists_tagged_jets_tau32_200
hadd Target path: /nfs/dust/cms/user/albrecha/uhh2_102X_v2/HOTVRStudiesOutput/_0_mu40/uhh2.AnalysisModuleRunner.MC.ttbar_pythia8_flat_nnpdf23_s2.root:/HOTVRJetsHists_tagged_jets_tau32_400
hadd Target path: /nfs/dust/cms/user/albrecha/uhh2_102X_v2/HOTVRStudiesOutput/_0_mu40/uhh2.AnalysisModuleRunner.MC.ttbar_pythia8_flat_nnpdf23_s2.root:/HOTVRJetsHists_tagged_jets_tau32_600
hadd Target path: /nfs/dust/cms/user/albrecha/uhh2_102X_v2/HOTVRStudiesOutput/_0_mu40/uhh2.AnalysisModuleRunner.MC.ttbar_pythia8_flat_nnpdf23_s2.root:/HOTVRJetsHists_tagged_jets_tau32_800
hadd Target path: /nfs/dust/cms/user/albrecha/uhh2_102X_v2/HOTVRStudiesOutput/_0_mu40/uhh2.AnalysisModuleRunner.MC.ttbar_pythia8_flat_nnpdf23_s2.root:/HOTVRJetsHists_tagged_jets_tau32_1000
hadd Target path: /nfs/dust/cms/user/albrecha/uhh2_102X_v2/HOTVRStudiesOutput/_0_mu40/uhh2.AnalysisModuleRunner.MC.ttbar_pythia8_flat_nnpdf23_s2.root:/HOTVR_Performance_0
hadd Target path: /nfs/dust/cms/user/albrecha/uhh2_102X_v2/HOTVRStudiesOutput/_0_mu40/uhh2.AnalysisModuleRunner.MC.ttbar_pythia8_flat_nnpdf23_s2.root:/HOTVR_Performance_1
hadd Target path: /nfs/dust/cms/user/albrecha/uhh2_102X_v2/HOTVRStudiesOutput/_0_mu40/uhh2.AnalysisModuleRunner.MC.ttbar_pythia8_flat_nnpdf23_s2.root:/HOTVR_Performance_2
hadd Target path: /nfs/dust/cms/user/albrecha/uhh2_102X_v2/HOTVRStudiesOutput/_0_mu40/uhh2.AnalysisModuleRunner.MC.ttbar_pythia8_flat_nnpdf23_s2.root:/HOTVR_Performance_3
hadd Target path: /nfs/dust/cms/user/albrecha/uhh2_102X_v2/HOTVRStudiesOutput/_0_mu40/uhh2.AnalysisModuleRunner.MC.ttbar_pythia8_flat_nnpdf23_s2.root:/HOTVR_Performance_4
hadd Target path: /nfs/dust/cms/user/albrecha/uhh2_102X_v2/HOTVRStudiesOutput/_0_mu40/uhh2.AnalysisModuleRunner.MC.ttbar_pythia8_flat_nnpdf23_s2.root:/HOTVR_Performance_5
hadd Target path: /nfs/dust/cms/user/albrecha/uhh2_102X_v2/HOTVRStudiesOutput/_0_mu40/uhh2.AnalysisModuleRunner.MC.ttbar_pythia8_flat_nnpdf23_s2.root:/HOTVR_Performance_6
hadd Target path: /nfs/dust/cms/user/albrecha/uhh2_102X_v2/HOTVRStudiesOutput/_0_mu40/uhh2.AnalysisModuleRunner.MC.ttbar_pythia8_flat_nnpdf23_s2.root:/HOTVR_Performance_7
hadd Target path: /nfs/dust/cms/user/albrecha/uhh2_102X_v2/HOTVRStudiesOutput/_0_mu40/uhh2.AnalysisModuleRunner.MC.ttbar_pythia8_flat_nnpdf23_s2.root:/HOTVR_Performance_8
hadd Target path: /nfs/dust/cms/user/albrecha/uhh2_102X_v2/HOTVRStudiesOutput/_0_mu40/uhh2.AnalysisModuleRunner.MC.ttbar_pythia8_flat_nnpdf23_s2.root:/HOTVR_Performance_9
hadd Target path: /nfs/dust/cms/user/albrecha/uhh2_102X_v2/HOTVRStudiesOutput/_0_mu40/uhh2.AnalysisModuleRunner.MC.ttbar_pythia8_flat_nnpdf23_s2.root:/HOTVR_Performance_10
hadd Target path: /nfs/dust/cms/user/albrecha/uhh2_102X_v2/HOTVRStudiesOutput/_0_mu40/uhh2.AnalysisModuleRunner.MC.ttbar_pythia8_flat_nnpdf23_s2.root:/HOTVR_Performance_11
hadd Target path: /nfs/dust/cms/user/albrecha/uhh2_102X_v2/HOTVRStudiesOutput/_0_mu40/uhh2.AnalysisModuleRunner.MC.ttbar_pythia8_flat_nnpdf23_s2.root:/HOTVR_Performance_12
hadd Target path: /nfs/dust/cms/user/albrecha/uhh2_102X_v2/HOTVRStudiesOutput/_0_mu40/uhh2.AnalysisModuleRunner.MC.ttbar_pythia8_flat_nnpdf23_s2.root:/HOTVR_Performance_13
hadd Target path: /nfs/dust/cms/user/albrecha/uhh2_102X_v2/HOTVRStudiesOutput/_0_mu40/uhh2.AnalysisModuleRunner.MC.ttbar_pythia8_flat_nnpdf23_s2.root:/HOTVR_Performance_14
hadd Target path: /nfs/dust/cms/user/albrecha/uhh2_102X_v2/HOTVRStudiesOutput/_0_mu40/uhh2.AnalysisModuleRunner.MC.ttbar_pythia8_flat_nnpdf23_s2.root:/HOTVR_Performance_15
hadd Target path: /nfs/dust/cms/user/albrecha/uhh2_102X_v2/HOTVRStudiesOutput/_0_mu40/uhh2.AnalysisModuleRunner.MC.ttbar_pythia8_flat_nnpdf23_s2.root:/HOTVR_Performance_16
hadd Target path: /nfs/dust/cms/user/albrecha/uhh2_102X_v2/HOTVRStudiesOutput/_0_mu40/uhh2.AnalysisModuleRunner.MC.ttbar_pythia8_flat_nnpdf23_s2.root:/HOTVR_Performance_17
hadd Target path: /nfs/dust/cms/user/albrecha/uhh2_102X_v2/HOTVRStudiesOutput/_0_mu40/uhh2.AnalysisModuleRunner.MC.ttbar_pythia8_flat_nnpdf23_s2.root:/HOTVR_Performance_18
hadd Target path: /nfs/dust/cms/user/albrecha/uhh2_102X_v2/HOTVRStudiesOutput/_0_mu40/uhh2.AnalysisModuleRunner.MC.ttbar_pythia8_flat_nnpdf23_s2.root:/HOTVR_Performance_19
hadd Target path: /nfs/dust/cms/user/albrecha/uhh2_102X_v2/HOTVRStudiesOutput/_0_mu40/uhh2.AnalysisModuleRunner.MC.ttbar_pythia8_flat_nnpdf23_s2.root:/HOTVR_Performance_20
hadd Target path: /nfs/dust/cms/user/albrecha/uhh2_102X_v2/HOTVRStudiesOutput/_0_mu40/uhh2.AnalysisModuleRunner.MC.ttbar_pythia8_flat_nnpdf23_s2.root:/HOTVR_Performance_21
hadd Target path: /nfs/dust/cms/user/albrecha/uhh2_102X_v2/HOTVRStudiesOutput/_0_mu40/uhh2.AnalysisModuleRunner.MC.ttbar_pythia8_flat_nnpdf23_s2.root:/HOTVR_Performance_22
hadd Target path: /nfs/dust/cms/user/albrecha/uhh2_102X_v2/HOTVRStudiesOutput/_0_mu40/uhh2.AnalysisModuleRunner.MC.ttbar_pythia8_flat_nnpdf23_s2.root:/HOTVR_Performance_23
hadd Target path: /nfs/dust/cms/user/albrecha/uhh2_102X_v2/HOTVRStudiesOutput/_0_mu40/uhh2.AnalysisModuleRunner.MC.ttbar_pythia8_flat_nnpdf23_s2.root:/HOTVR_Performance_24
hadd Target path: /nfs/dust/cms/user/albrecha/uhh2_102X_v2/HOTVRStudiesOutput/_0_mu40/uhh2.AnalysisModuleRunner.MC.ttbar_pythia8_flat_nnpdf23_s2.root:/HOTVR_Performance_25
hadd Target path: /nfs/dust/cms/user/albrecha/uhh2_102X_v2/HOTVRStudiesOutput/_0_mu40/uhh2.AnalysisModuleRunner.MC.ttbar_pythia8_flat_nnpdf23_s2.root:/HOTVR_Performance_26
hadd Target path: /nfs/dust/cms/user/albrecha/uhh2_102X_v2/HOTVRStudiesOutput/_0_mu40/uhh2.AnalysisModuleRunner.MC.ttbar_pythia8_flat_nnpdf23_s2.root:/HOTVR_Performance_27
hadd Target path: /nfs/dust/cms/user/albrecha/uhh2_102X_v2/HOTVRStudiesOutput/_0_mu40/uhh2.AnalysisModuleRunner.MC.ttbar_pythia8_flat_nnpdf23_s2.root:/HOTVR_Performance_28
hadd Target path: /nfs/dust/cms/user/albrecha/uhh2_102X_v2/HOTVRStudiesOutput/_0_mu40/uhh2.AnalysisModuleRunner.MC.ttbar_pythia8_flat_nnpdf23_s2.root:/HOTVR_Performance_29
hadd Target path: /nfs/dust/cms/user/albrecha/uhh2_102X_v2/HOTVRStudiesOutput/_0_mu40/uhh2.AnalysisModuleRunner.MC.ttbar_pythia8_flat_nnpdf23_s2.root:/HOTVR_Performance_30
hadd Target path: /nfs/dust/cms/user/albrecha/uhh2_102X_v2/HOTVRStudiesOutput/_0_mu40/uhh2.AnalysisModuleRunner.MC.ttbar_pythia8_flat_nnpdf23_s2.root:/HOTVR_Performance_31
hadd Target path: /nfs/dust/cms/user/albrecha/uhh2_102X_v2/HOTVRStudiesOutput/_0_mu40/uhh2.AnalysisModuleRunner.MC.ttbar_pythia8_flat_nnpdf23_s2.root:/HOTVR_Performance_32
hadd Target path: /nfs/dust/cms/user/albrecha/uhh2_102X_v2/HOTVRStudiesOutput/_0_mu40/uhh2.AnalysisModuleRunner.MC.ttbar_pythia8_flat_nnpdf23_s2.root:/HOTVR_Performance_33
hadd Target path: /nfs/dust/cms/user/albrecha/uhh2_102X_v2/HOTVRStudiesOutput/_0_mu40/uhh2.AnalysisModuleRunner.MC.ttbar_pythia8_flat_nnpdf23_s2.root:/HOTVR_Performance_34
hadd Target path: /nfs/dust/cms/user/albrecha/uhh2_102X_v2/HOTVRStudiesOutput/_0_mu40/uhh2.AnalysisModuleRunner.MC.ttbar_pythia8_flat_nnpdf23_s2.root:/HOTVR_Performance_35
hadd Target path: /nfs/dust/cms/user/albrecha/uhh2_102X_v2/HOTVRStudiesOutput/_0_mu40/uhh2.AnalysisModuleRunner.MC.ttbar_pythia8_flat_nnpdf23_s2.root:/HOTVR_Performance_36
hadd Target path: /nfs/dust/cms/user/albrecha/uhh2_102X_v2/HOTVRStudiesOutput/_0_mu40/uhh2.AnalysisModuleRunner.MC.ttbar_pythia8_flat_nnpdf23_s2.root:/HOTVR_Performance_37
hadd Target path: /nfs/dust/cms/user/albrecha/uhh2_102X_v2/HOTVRStudiesOutput/_0_mu40/uhh2.AnalysisModuleRunner.MC.ttbar_pythia8_flat_nnpdf23_s2.root:/HOTVR_Performance_38
hadd Target path: /nfs/dust/cms/user/albrecha/uhh2_102X_v2/HOTVRStudiesOutput/_0_mu40/uhh2.AnalysisModuleRunner.MC.ttbar_pythia8_flat_nnpdf23_s2.root:/HOTVR_Performance_39
hadd Target path: /nfs/dust/cms/user/albrecha/uhh2_102X_v2/HOTVRStudiesOutput/_0_mu40/uhh2.AnalysisModuleRunner.MC.ttbar_pythia8_flat_nnpdf23_s2.root:/HOTVR_Performance_40
hadd Target path: /nfs/dust/cms/user/albrecha/uhh2_102X_v2/HOTVRStudiesOutput/_0_mu40/uhh2.AnalysisModuleRunner.MC.ttbar_pythia8_flat_nnpdf23_s2.root:/HOTVR_Performance_41
hadd Target path: /nfs/dust/cms/user/albrecha/uhh2_102X_v2/HOTVRStudiesOutput/_0_mu40/uhh2.AnalysisModuleRunner.MC.ttbar_pythia8_flat_nnpdf23_s2.root:/HOTVR_Performance_42
hadd Target path: /nfs/dust/cms/user/albrecha/uhh2_102X_v2/HOTVRStudiesOutput/_0_mu40/uhh2.AnalysisModuleRunner.MC.ttbar_pythia8_flat_nnpdf23_s2.root:/HOTVR_Performance_43
hadd Target path: /nfs/dust/cms/user/albrecha/uhh2_102X_v2/HOTVRStudiesOutput/_0_mu40/uhh2.AnalysisModuleRunner.MC.ttbar_pythia8_flat_nnpdf23_s2.root:/HOTVR_Performance_44
hadd Target path: /nfs/dust/cms/user/albrecha/uhh2_102X_v2/HOTVRStudiesOutput/_0_mu40/uhh2.AnalysisModuleRunner.MC.ttbar_pythia8_flat_nnpdf23_s2.root:/HOTVR_Performance_45
hadd Target path: /nfs/dust/cms/user/albrecha/uhh2_102X_v2/HOTVRStudiesOutput/_0_mu40/uhh2.AnalysisModuleRunner.MC.ttbar_pythia8_flat_nnpdf23_s2.root:/HOTVR_Performance_46
hadd Target path: /nfs/dust/cms/user/albrecha/uhh2_102X_v2/HOTVRStudiesOutput/_0_mu40/uhh2.AnalysisModuleRunner.MC.ttbar_pythia8_flat_nnpdf23_s2.root:/HOTVR_Performance_47
hadd Target path: /nfs/dust/cms/user/albrecha/uhh2_102X_v2/HOTVRStudiesOutput/_0_mu40/uhh2.AnalysisModuleRunner.MC.ttbar_pythia8_flat_nnpdf23_s2.root:/HOTVR_Performance_48
hadd Target path: /nfs/dust/cms/user/albrecha/uhh2_102X_v2/HOTVRStudiesOutput/_0_mu40/uhh2.AnalysisModuleRunner.MC.ttbar_pythia8_flat_nnpdf23_s2.root:/HOTVR_Performance_49
hadd Target path: /nfs/dust/cms/user/albrecha/uhh2_102X_v2/HOTVRStudiesOutput/_0_mu40/uhh2.AnalysisModuleRunner.MC.ttbar_pythia8_flat_nnpdf23_s2.root:/HOTVR_Performance_50
hadd Target path: /nfs/dust/cms/user/albrecha/uhh2_102X_v2/HOTVRStudiesOutput/_0_mu40/uhh2.AnalysisModuleRunner.MC.ttbar_pythia8_flat_nnpdf23_s2.root:/HOTVR_Performance_51
hadd Target path: /nfs/dust/cms/user/albrecha/uhh2_102X_v2/HOTVRStudiesOutput/_0_mu40/uhh2.AnalysisModuleRunner.MC.ttbar_pythia8_flat_nnpdf23_s2.root:/HOTVR_Performance_52
hadd Target path: /nfs/dust/cms/user/albrecha/uhh2_102X_v2/HOTVRStudiesOutput/_0_mu40/uhh2.AnalysisModuleRunner.MC.ttbar_pythia8_flat_nnpdf23_s2.root:/HOTVR_Performance_53
hadd Target path: /nfs/dust/cms/user/albrecha/uhh2_102X_v2/HOTVRStudiesOutput/_0_mu40/uhh2.AnalysisModuleRunner.MC.ttbar_pythia8_flat_nnpdf23_s2.root:/HOTVR_Performance_54
hadd Target path: /nfs/dust/cms/user/albrecha/uhh2_102X_v2/HOTVRStudiesOutput/_0_mu40/uhh2.AnalysisModuleRunner.MC.ttbar_pythia8_flat_nnpdf23_s2.root:/HOTVR_Performance_55
hadd Target path: /nfs/dust/cms/user/albrecha/uhh2_102X_v2/HOTVRStudiesOutput/_0_mu40/uhh2.AnalysisModuleRunner.MC.ttbar_pythia8_flat_nnpdf23_s2.root:/HOTVR_Performance_56
hadd Target path: /nfs/dust/cms/user/albrecha/uhh2_102X_v2/HOTVRStudiesOutput/_0_mu40/uhh2.AnalysisModuleRunner.MC.ttbar_pythia8_flat_nnpdf23_s2.root:/HOTVR_Performance_57
hadd Target path: /nfs/dust/cms/user/albrecha/uhh2_102X_v2/HOTVRStudiesOutput/_0_mu40/uhh2.AnalysisModuleRunner.MC.ttbar_pythia8_flat_nnpdf23_s2.root:/HOTVR_Performance_58
hadd Target path: /nfs/dust/cms/user/albrecha/uhh2_102X_v2/HOTVRStudiesOutput/_0_mu40/uhh2.AnalysisModuleRunner.MC.ttbar_pythia8_flat_nnpdf23_s2.root:/HOTVR_Performance_59
hadd Target path: /nfs/dust/cms/user/albrecha/uhh2_102X_v2/HOTVRStudiesOutput/_0_mu40/uhh2.AnalysisModuleRunner.MC.ttbar_pythia8_flat_nnpdf23_s2.root:/HOTVR_Performance_60
hadd Target path: /nfs/dust/cms/user/albrecha/uhh2_102X_v2/HOTVRStudiesOutput/_0_mu40/uhh2.AnalysisModuleRunner.MC.ttbar_pythia8_flat_nnpdf23_s2.root:/HOTVR_Performance_61
hadd Target path: /nfs/dust/cms/user/albrecha/uhh2_102X_v2/HOTVRStudiesOutput/_0_mu40/uhh2.AnalysisModuleRunner.MC.ttbar_pythia8_flat_nnpdf23_s2.root:/HOTVR_Performance_62
hadd Target path: /nfs/dust/cms/user/albrecha/uhh2_102X_v2/HOTVRStudiesOutput/_0_mu40/uhh2.AnalysisModuleRunner.MC.ttbar_pythia8_flat_nnpdf23_s2.root:/HOTVR_Performance_63
hadd Target path: /nfs/dust/cms/user/albrecha/uhh2_102X_v2/HOTVRStudiesOutput/_0_mu40/uhh2.AnalysisModuleRunner.MC.ttbar_pythia8_flat_nnpdf23_s2.root:/HOTVR_Performance_64
hadd Target path: /nfs/dust/cms/user/albrecha/uhh2_102X_v2/HOTVRStudiesOutput/_0_mu40/uhh2.AnalysisModuleRunner.MC.ttbar_pythia8_flat_nnpdf23_s2.root:/HOTVR_Performance_65
hadd Target path: /nfs/dust/cms/user/albrecha/uhh2_102X_v2/HOTVRStudiesOutput/_0_mu40/uhh2.AnalysisModuleRunner.MC.ttbar_pythia8_flat_nnpdf23_s2.root:/HOTVR_Performance_66
hadd Target path: /nfs/dust/cms/user/albrecha/uhh2_102X_v2/HOTVRStudiesOutput/_0_mu40/uhh2.AnalysisModuleRunner.MC.ttbar_pythia8_flat_nnpdf23_s2.root:/HOTVR_Performance_67
hadd Target path: /nfs/dust/cms/user/albrecha/uhh2_102X_v2/HOTVRStudiesOutput/_0_mu40/uhh2.AnalysisModuleRunner.MC.ttbar_pythia8_flat_nnpdf23_s2.root:/HOTVR_Performance_68
hadd Target path: /nfs/dust/cms/user/albrecha/uhh2_102X_v2/HOTVRStudiesOutput/_0_mu40/uhh2.AnalysisModuleRunner.MC.ttbar_pythia8_flat_nnpdf23_s2.root:/HOTVR_Performance_69
hadd Target path: /nfs/dust/cms/user/albrecha/uhh2_102X_v2/HOTVRStudiesOutput/_0_mu40/uhh2.AnalysisModuleRunner.MC.ttbar_pythia8_flat_nnpdf23_s2.root:/HOTVR_Performance_70
hadd Target path: /nfs/dust/cms/user/albrecha/uhh2_102X_v2/HOTVRStudiesOutput/_0_mu40/uhh2.AnalysisModuleRunner.MC.ttbar_pythia8_flat_nnpdf23_s2.root:/HOTVR_Performance_71
hadd Target path: /nfs/dust/cms/user/albrecha/uhh2_102X_v2/HOTVRStudiesOutput/_0_mu40/uhh2.AnalysisModuleRunner.MC.ttbar_pythia8_flat_nnpdf23_s2.root:/HOTVR_Performance_72
hadd Target path: /nfs/dust/cms/user/albrecha/uhh2_102X_v2/HOTVRStudiesOutput/_0_mu40/uhh2.AnalysisModuleRunner.MC.ttbar_pythia8_flat_nnpdf23_s2.root:/HOTVR_Performance_73
hadd Target path: /nfs/dust/cms/user/albrecha/uhh2_102X_v2/HOTVRStudiesOutput/_0_mu40/uhh2.AnalysisModuleRunner.MC.ttbar_pythia8_flat_nnpdf23_s2.root:/HOTVR_Performance_74
hadd Target path: /nfs/dust/cms/user/albrecha/uhh2_102X_v2/HOTVRStudiesOutput/_0_mu40/uhh2.AnalysisModuleRunner.MC.ttbar_pythia8_flat_nnpdf23_s2.root:/HOTVR_Performance_75
hadd Target path: /nfs/dust/cms/user/albrecha/uhh2_102X_v2/HOTVRStudiesOutput/_0_mu40/uhh2.AnalysisModuleRunner.MC.ttbar_pythia8_flat_nnpdf23_s2.root:/HOTVR_Performance_76
hadd Target path: /nfs/dust/cms/user/albrecha/uhh2_102X_v2/HOTVRStudiesOutput/_0_mu40/uhh2.AnalysisModuleRunner.MC.ttbar_pythia8_flat_nnpdf23_s2.root:/HOTVR_Performance_77
hadd Target path: /nfs/dust/cms/user/albrecha/uhh2_102X_v2/HOTVRStudiesOutput/_0_mu40/uhh2.AnalysisModuleRunner.MC.ttbar_pythia8_flat_nnpdf23_s2.root:/HOTVR_Performance_78
hadd Target path: /nfs/dust/cms/user/albrecha/uhh2_102X_v2/HOTVRStudiesOutput/_0_mu40/uhh2.AnalysisModuleRunner.MC.ttbar_pythia8_flat_nnpdf23_s2.root:/HOTVR_Performance_79
hadd Target path: /nfs/dust/cms/user/albrecha/uhh2_102X_v2/HOTVRStudiesOutput/_0_mu40/uhh2.AnalysisModuleRunner.MC.ttbar_pythia8_flat_nnpdf23_s2.root:/HOTVR_Performance_80
hadd Target path: /nfs/dust/cms/user/albrecha/uhh2_102X_v2/HOTVRStudiesOutput/_0_mu40/uhh2.AnalysisModuleRunner.MC.ttbar_pythia8_flat_nnpdf23_s2.root:/HOTVR_Performance_81
hadd Target path: /nfs/dust/cms/user/albrecha/uhh2_102X_v2/HOTVRStudiesOutput/_0_mu40/uhh2.AnalysisModuleRunner.MC.ttbar_pythia8_flat_nnpdf23_s2.root:/HOTVR_Performance_82
hadd Target path: /nfs/dust/cms/user/albrecha/uhh2_102X_v2/HOTVRStudiesOutput/_0_mu40/uhh2.AnalysisModuleRunner.MC.ttbar_pythia8_flat_nnpdf23_s2.root:/HOTVR_Performance_83
hadd Target path: /nfs/dust/cms/user/albrecha/uhh2_102X_v2/HOTVRStudiesOutput/_0_mu40/uhh2.AnalysisModuleRunner.MC.ttbar_pythia8_flat_nnpdf23_s2.root:/HOTVR_Performance_84
hadd Target path: /nfs/dust/cms/user/albrecha/uhh2_102X_v2/HOTVRStudiesOutput/_0_mu40/uhh2.AnalysisModuleRunner.MC.ttbar_pythia8_flat_nnpdf23_s2.root:/HOTVR_Performance_85
hadd Target path: /nfs/dust/cms/user/albrecha/uhh2_102X_v2/HOTVRStudiesOutput/_0_mu40/uhh2.AnalysisModuleRunner.MC.ttbar_pythia8_flat_nnpdf23_s2.root:/HOTVR_Performance_86
hadd Target path: /nfs/dust/cms/user/albrecha/uhh2_102X_v2/HOTVRStudiesOutput/_0_mu40/uhh2.AnalysisModuleRunner.MC.ttbar_pythia8_flat_nnpdf23_s2.root:/HOTVR_Performance_87
hadd Target path: /nfs/dust/cms/user/albrecha/uhh2_102X_v2/HOTVRStudiesOutput/_0_mu40/uhh2.AnalysisModuleRunner.MC.ttbar_pythia8_flat_nnpdf23_s2.root:/HOTVR_Performance_88
hadd Target path: /nfs/dust/cms/user/albrecha/uhh2_102X_v2/HOTVRStudiesOutput/_0_mu40/uhh2.AnalysisModuleRunner.MC.ttbar_pythia8_flat_nnpdf23_s2.root:/HOTVR_Performance_89
hadd Target path: /nfs/dust/cms/user/albrecha/uhh2_102X_v2/HOTVRStudiesOutput/_0_mu40/uhh2.AnalysisModuleRunner.MC.ttbar_pythia8_flat_nnpdf23_s2.root:/HOTVR_Performance_90
hadd Target path: /nfs/dust/cms/user/albrecha/uhh2_102X_v2/HOTVRStudiesOutput/_0_mu40/uhh2.AnalysisModuleRunner.MC.ttbar_pythia8_flat_nnpdf23_s2.root:/HOTVR_Performance_91
hadd Target path: /nfs/dust/cms/user/albrecha/uhh2_102X_v2/HOTVRStudiesOutput/_0_mu40/uhh2.AnalysisModuleRunner.MC.ttbar_pythia8_flat_nnpdf23_s2.root:/HOTVR_Performance_92
hadd Target path: /nfs/dust/cms/user/albrecha/uhh2_102X_v2/HOTVRStudiesOutput/_0_mu40/uhh2.AnalysisModuleRunner.MC.ttbar_pythia8_flat_nnpdf23_s2.root:/HOTVR_Performance_93
hadd Target path: /nfs/dust/cms/user/albrecha/uhh2_102X_v2/HOTVRStudiesOutput/_0_mu40/uhh2.AnalysisModuleRunner.MC.ttbar_pythia8_flat_nnpdf23_s2.root:/HOTVR_Performance_94
hadd Target path: /nfs/dust/cms/user/albrecha/uhh2_102X_v2/HOTVRStudiesOutput/_0_mu40/uhh2.AnalysisModuleRunner.MC.ttbar_pythia8_flat_nnpdf23_s2.root:/HOTVR_Performance_95
hadd Target path: /nfs/dust/cms/user/albrecha/uhh2_102X_v2/HOTVRStudiesOutput/_0_mu40/uhh2.AnalysisModuleRunner.MC.ttbar_pythia8_flat_nnpdf23_s2.root:/HOTVR_Performance_96
hadd Target path: /nfs/dust/cms/user/albrecha/uhh2_102X_v2/HOTVRStudiesOutput/_0_mu40/uhh2.AnalysisModuleRunner.MC.ttbar_pythia8_flat_nnpdf23_s2.root:/HOTVR_Performance_97
hadd Target path: /nfs/dust/cms/user/albrecha/uhh2_102X_v2/HOTVRStudiesOutput/_0_mu40/uhh2.AnalysisModuleRunner.MC.ttbar_pythia8_flat_nnpdf23_s2.root:/HOTVR_Performance_98
hadd Target path: /nfs/dust/cms/user/albrecha/uhh2_102X_v2/HOTVRStudiesOutput/_0_mu40/uhh2.AnalysisModuleRunner.MC.ttbar_pythia8_flat_nnpdf23_s2.root:/HOTVR_Performance_99
hadd Target path: /nfs/dust/cms/user/albrecha/uhh2_102X_v2/HOTVRStudiesOutput/_0_mu40/uhh2.AnalysisModuleRunner.MC.ttbar_pythia8_flat_nnpdf23_s2.root:/HOTVR_Pre
hadd Target path: /nfs/dust/cms/user/albrecha/uhh2_102X_v2/HOTVRStudiesOutput/_0_mu40/uhh2.AnalysisModuleRunner.MC.ttbar_pythia8_flat_nnpdf23_s2.root:/SFrame
