000 (13926301.000.000) 2021-01-08 09:09:11 Job submitted from host: <131.169.223.42:9618?addrs=131.169.223.42-9618+[2001-638-700-10df--1-2a]-9618&alias=bird-htc-sched14.desy.de&noUDP&sock=schedd_1936_8371_3>
...
000 (13926301.001.000) 2021-01-08 09:09:11 Job submitted from host: <131.169.223.42:9618?addrs=131.169.223.42-9618+[2001-638-700-10df--1-2a]-9618&alias=bird-htc-sched14.desy.de&noUDP&sock=schedd_1936_8371_3>
...
000 (13926301.002.000) 2021-01-08 09:09:11 Job submitted from host: <131.169.223.42:9618?addrs=131.169.223.42-9618+[2001-638-700-10df--1-2a]-9618&alias=bird-htc-sched14.desy.de&noUDP&sock=schedd_1936_8371_3>
...
000 (13926301.003.000) 2021-01-08 09:09:11 Job submitted from host: <131.169.223.42:9618?addrs=131.169.223.42-9618+[2001-638-700-10df--1-2a]-9618&alias=bird-htc-sched14.desy.de&noUDP&sock=schedd_1936_8371_3>
...
000 (13926301.004.000) 2021-01-08 09:09:11 Job submitted from host: <131.169.223.42:9618?addrs=131.169.223.42-9618+[2001-638-700-10df--1-2a]-9618&alias=bird-htc-sched14.desy.de&noUDP&sock=schedd_1936_8371_3>
...
000 (13926301.005.000) 2021-01-08 09:09:11 Job submitted from host: <131.169.223.42:9618?addrs=131.169.223.42-9618+[2001-638-700-10df--1-2a]-9618&alias=bird-htc-sched14.desy.de&noUDP&sock=schedd_1936_8371_3>
...
000 (13926301.006.000) 2021-01-08 09:09:11 Job submitted from host: <131.169.223.42:9618?addrs=131.169.223.42-9618+[2001-638-700-10df--1-2a]-9618&alias=bird-htc-sched14.desy.de&noUDP&sock=schedd_1936_8371_3>
...
000 (13926301.007.000) 2021-01-08 09:09:11 Job submitted from host: <131.169.223.42:9618?addrs=131.169.223.42-9618+[2001-638-700-10df--1-2a]-9618&alias=bird-htc-sched14.desy.de&noUDP&sock=schedd_1936_8371_3>
...
000 (13926301.008.000) 2021-01-08 09:09:11 Job submitted from host: <131.169.223.42:9618?addrs=131.169.223.42-9618+[2001-638-700-10df--1-2a]-9618&alias=bird-htc-sched14.desy.de&noUDP&sock=schedd_1936_8371_3>
...
000 (13926301.009.000) 2021-01-08 09:09:11 Job submitted from host: <131.169.223.42:9618?addrs=131.169.223.42-9618+[2001-638-700-10df--1-2a]-9618&alias=bird-htc-sched14.desy.de&noUDP&sock=schedd_1936_8371_3>
...
000 (13926301.010.000) 2021-01-08 09:09:11 Job submitted from host: <131.169.223.42:9618?addrs=131.169.223.42-9618+[2001-638-700-10df--1-2a]-9618&alias=bird-htc-sched14.desy.de&noUDP&sock=schedd_1936_8371_3>
...
000 (13926301.011.000) 2021-01-08 09:09:11 Job submitted from host: <131.169.223.42:9618?addrs=131.169.223.42-9618+[2001-638-700-10df--1-2a]-9618&alias=bird-htc-sched14.desy.de&noUDP&sock=schedd_1936_8371_3>
...
000 (13926301.012.000) 2021-01-08 09:09:11 Job submitted from host: <131.169.223.42:9618?addrs=131.169.223.42-9618+[2001-638-700-10df--1-2a]-9618&alias=bird-htc-sched14.desy.de&noUDP&sock=schedd_1936_8371_3>
...
000 (13926301.013.000) 2021-01-08 09:09:11 Job submitted from host: <131.169.223.42:9618?addrs=131.169.223.42-9618+[2001-638-700-10df--1-2a]-9618&alias=bird-htc-sched14.desy.de&noUDP&sock=schedd_1936_8371_3>
...
000 (13926301.014.000) 2021-01-08 09:09:11 Job submitted from host: <131.169.223.42:9618?addrs=131.169.223.42-9618+[2001-638-700-10df--1-2a]-9618&alias=bird-htc-sched14.desy.de&noUDP&sock=schedd_1936_8371_3>
...
000 (13926301.015.000) 2021-01-08 09:09:11 Job submitted from host: <131.169.223.42:9618?addrs=131.169.223.42-9618+[2001-638-700-10df--1-2a]-9618&alias=bird-htc-sched14.desy.de&noUDP&sock=schedd_1936_8371_3>
...
000 (13926301.016.000) 2021-01-08 09:09:11 Job submitted from host: <131.169.223.42:9618?addrs=131.169.223.42-9618+[2001-638-700-10df--1-2a]-9618&alias=bird-htc-sched14.desy.de&noUDP&sock=schedd_1936_8371_3>
...
000 (13926301.017.000) 2021-01-08 09:09:11 Job submitted from host: <131.169.223.42:9618?addrs=131.169.223.42-9618+[2001-638-700-10df--1-2a]-9618&alias=bird-htc-sched14.desy.de&noUDP&sock=schedd_1936_8371_3>
...
000 (13926301.018.000) 2021-01-08 09:09:11 Job submitted from host: <131.169.223.42:9618?addrs=131.169.223.42-9618+[2001-638-700-10df--1-2a]-9618&alias=bird-htc-sched14.desy.de&noUDP&sock=schedd_1936_8371_3>
...
000 (13926301.019.000) 2021-01-08 09:09:11 Job submitted from host: <131.169.223.42:9618?addrs=131.169.223.42-9618+[2001-638-700-10df--1-2a]-9618&alias=bird-htc-sched14.desy.de&noUDP&sock=schedd_1936_8371_3>
...
000 (13926301.020.000) 2021-01-08 09:09:11 Job submitted from host: <131.169.223.42:9618?addrs=131.169.223.42-9618+[2001-638-700-10df--1-2a]-9618&alias=bird-htc-sched14.desy.de&noUDP&sock=schedd_1936_8371_3>
...
000 (13926301.021.000) 2021-01-08 09:09:11 Job submitted from host: <131.169.223.42:9618?addrs=131.169.223.42-9618+[2001-638-700-10df--1-2a]-9618&alias=bird-htc-sched14.desy.de&noUDP&sock=schedd_1936_8371_3>
...
000 (13926301.022.000) 2021-01-08 09:09:11 Job submitted from host: <131.169.223.42:9618?addrs=131.169.223.42-9618+[2001-638-700-10df--1-2a]-9618&alias=bird-htc-sched14.desy.de&noUDP&sock=schedd_1936_8371_3>
...
000 (13926301.023.000) 2021-01-08 09:09:11 Job submitted from host: <131.169.223.42:9618?addrs=131.169.223.42-9618+[2001-638-700-10df--1-2a]-9618&alias=bird-htc-sched14.desy.de&noUDP&sock=schedd_1936_8371_3>
...
000 (13926301.024.000) 2021-01-08 09:09:11 Job submitted from host: <131.169.223.42:9618?addrs=131.169.223.42-9618+[2001-638-700-10df--1-2a]-9618&alias=bird-htc-sched14.desy.de&noUDP&sock=schedd_1936_8371_3>
...
001 (13926301.002.000) 2021-01-08 09:11:10 Job executing on host: <131.169.164.21:40060?addrs=131.169.164.21-40060&alias=bird821.desy.de>
...
001 (13926301.006.000) 2021-01-08 09:11:10 Job executing on host: <131.169.77.219:33001?addrs=131.169.77.219-33001&alias=bird773.desy.de>
...
001 (13926301.003.000) 2021-01-08 09:11:10 Job executing on host: <131.169.164.36:44416?addrs=131.169.164.36-44416&alias=bird836.desy.de>
...
001 (13926301.013.000) 2021-01-08 09:11:10 Job executing on host: <131.169.163.134:45533?addrs=131.169.163.134-45533&alias=bird695.desy.de>
...
001 (13926301.012.000) 2021-01-08 09:11:10 Job executing on host: <131.169.164.4:44067?addrs=131.169.164.4-44067&alias=bird804.desy.de>
...
001 (13926301.014.000) 2021-01-08 09:11:10 Job executing on host: <131.169.164.48:43882?addrs=131.169.164.48-43882&alias=bird848.desy.de>
...
001 (13926301.023.000) 2021-01-08 09:11:10 Job executing on host: <131.169.163.128:42061?addrs=131.169.163.128-42061&alias=bird689.desy.de>
...
001 (13926301.001.000) 2021-01-08 09:11:10 Job executing on host: <131.169.77.224:36139?addrs=131.169.77.224-36139&alias=bird778.desy.de>
...
001 (13926301.020.000) 2021-01-08 09:11:10 Job executing on host: <131.169.162.170:35564?addrs=131.169.162.170-35564&alias=batch1170.desy.de>
...
001 (13926301.007.000) 2021-01-08 09:11:11 Job executing on host: <131.169.160.110:41945?addrs=131.169.160.110-41945&alias=batch1071.desy.de>
...
001 (13926301.021.000) 2021-01-08 09:11:11 Job executing on host: <131.169.160.113:41710?addrs=131.169.160.113-41710&alias=batch1074.desy.de>
...
001 (13926301.008.000) 2021-01-08 09:11:11 Job executing on host: <131.169.163.110:43033?addrs=131.169.163.110-43033&alias=bird671.desy.de>
...
001 (13926301.010.000) 2021-01-08 09:11:11 Job executing on host: <131.169.164.10:36787?addrs=131.169.164.10-36787&alias=bird810.desy.de>
...
001 (13926301.004.000) 2021-01-08 09:11:11 Job executing on host: <131.169.164.16:41732?addrs=131.169.164.16-41732&alias=bird816.desy.de>
...
001 (13926301.016.000) 2021-01-08 09:11:11 Job executing on host: <131.169.164.3:35059?addrs=131.169.164.3-35059&alias=bird803.desy.de>
...
001 (13926301.009.000) 2021-01-08 09:11:11 Job executing on host: <131.169.163.102:40542?addrs=131.169.163.102-40542&alias=bird663.desy.de>
...
001 (13926301.005.000) 2021-01-08 09:11:11 Job executing on host: <131.169.163.130:42427?addrs=131.169.163.130-42427&alias=bird691.desy.de>
...
001 (13926301.011.000) 2021-01-08 09:11:11 Job executing on host: <131.169.164.2:39378?addrs=131.169.164.2-39378&alias=bird802.desy.de>
...
001 (13926301.024.000) 2021-01-08 09:11:11 Job executing on host: <131.169.160.190:44930?addrs=131.169.160.190-44930&alias=batch1184.desy.de>
...
001 (13926301.022.000) 2021-01-08 09:11:12 Job executing on host: <131.169.164.8:44442?addrs=131.169.164.8-44442&alias=bird808.desy.de>
...
001 (13926301.015.000) 2021-01-08 09:11:12 Job executing on host: <131.169.163.129:35095?addrs=131.169.163.129-35095&alias=bird690.desy.de>
...
001 (13926301.019.000) 2021-01-08 09:11:12 Job executing on host: <131.169.160.115:40831?addrs=131.169.160.115-40831&alias=batch1076.desy.de>
...
001 (13926301.018.000) 2021-01-08 09:11:12 Job executing on host: <131.169.160.152:32790?addrs=131.169.160.152-32790&alias=batch1052.desy.de>
...
001 (13926301.000.000) 2021-01-08 09:11:12 Job executing on host: <131.169.77.66:46321?addrs=131.169.77.66-46321&alias=bird584.desy.de>
...
001 (13926301.017.000) 2021-01-08 09:11:12 Job executing on host: <131.169.162.159:45648?addrs=131.169.162.159-45648&alias=batch1159.desy.de>
...
006 (13926301.007.000) 2021-01-08 09:11:19 Image size of job updated: 354568
	265  -  MemoryUsage of job (MB)
	271140  -  ResidentSetSize of job (KB)
...
006 (13926301.021.000) 2021-01-08 09:11:19 Image size of job updated: 215884
	130  -  MemoryUsage of job (MB)
	132304  -  ResidentSetSize of job (KB)
...
006 (13926301.002.000) 2021-01-08 09:11:19 Image size of job updated: 471100
	379  -  MemoryUsage of job (MB)
	387672  -  ResidentSetSize of job (KB)
...
006 (13926301.006.000) 2021-01-08 09:11:19 Image size of job updated: 476216
	384  -  MemoryUsage of job (MB)
	392840  -  ResidentSetSize of job (KB)
...
006 (13926301.003.000) 2021-01-08 09:11:19 Image size of job updated: 328996
	238  -  MemoryUsage of job (MB)
	243360  -  ResidentSetSize of job (KB)
...
006 (13926301.013.000) 2021-01-08 09:11:19 Image size of job updated: 526552
	433  -  MemoryUsage of job (MB)
	443128  -  ResidentSetSize of job (KB)
...
006 (13926301.012.000) 2021-01-08 09:11:19 Image size of job updated: 475388
	384  -  MemoryUsage of job (MB)
	392272  -  ResidentSetSize of job (KB)
...
006 (13926301.014.000) 2021-01-08 09:11:19 Image size of job updated: 455680
	364  -  MemoryUsage of job (MB)
	372252  -  ResidentSetSize of job (KB)
...
006 (13926301.023.000) 2021-01-08 09:11:19 Image size of job updated: 489772
	397  -  MemoryUsage of job (MB)
	406344  -  ResidentSetSize of job (KB)
...
006 (13926301.001.000) 2021-01-08 09:11:19 Image size of job updated: 489624
	397  -  MemoryUsage of job (MB)
	406196  -  ResidentSetSize of job (KB)
...
006 (13926301.020.000) 2021-01-08 09:11:19 Image size of job updated: 725556
	628  -  MemoryUsage of job (MB)
	642132  -  ResidentSetSize of job (KB)
...
006 (13926301.024.000) 2021-01-08 09:11:20 Image size of job updated: 408828
	315  -  MemoryUsage of job (MB)
	321540  -  ResidentSetSize of job (KB)
...
006 (13926301.022.000) 2021-01-08 09:11:20 Image size of job updated: 324276
	234  -  MemoryUsage of job (MB)
	239352  -  ResidentSetSize of job (KB)
...
006 (13926301.015.000) 2021-01-08 09:11:20 Image size of job updated: 296792
	205  -  MemoryUsage of job (MB)
	209496  -  ResidentSetSize of job (KB)
...
006 (13926301.019.000) 2021-01-08 09:11:20 Image size of job updated: 368732
	280  -  MemoryUsage of job (MB)
	285944  -  ResidentSetSize of job (KB)
...
006 (13926301.018.000) 2021-01-08 09:11:20 Image size of job updated: 375264
	287  -  MemoryUsage of job (MB)
	292936  -  ResidentSetSize of job (KB)
...
006 (13926301.017.000) 2021-01-08 09:11:20 Image size of job updated: 300116
	208  -  MemoryUsage of job (MB)
	212832  -  ResidentSetSize of job (KB)
...
006 (13926301.000.000) 2021-01-08 09:11:20 Image size of job updated: 178904
	104  -  MemoryUsage of job (MB)
	106048  -  ResidentSetSize of job (KB)
...
006 (13926301.008.000) 2021-01-08 09:11:20 Image size of job updated: 341496
	249  -  MemoryUsage of job (MB)
	254164  -  ResidentSetSize of job (KB)
...
006 (13926301.010.000) 2021-01-08 09:11:20 Image size of job updated: 465196
	372  -  MemoryUsage of job (MB)
	380552  -  ResidentSetSize of job (KB)
...
006 (13926301.004.000) 2021-01-08 09:11:20 Image size of job updated: 326664
	236  -  MemoryUsage of job (MB)
	241028  -  ResidentSetSize of job (KB)
...
006 (13926301.016.000) 2021-01-08 09:11:20 Image size of job updated: 386292
	350  -  MemoryUsage of job (MB)
	357888  -  ResidentSetSize of job (KB)
...
006 (13926301.009.000) 2021-01-08 09:11:20 Image size of job updated: 372496
	279  -  MemoryUsage of job (MB)
	285196  -  ResidentSetSize of job (KB)
...
006 (13926301.005.000) 2021-01-08 09:11:20 Image size of job updated: 343024
	252  -  MemoryUsage of job (MB)
	257340  -  ResidentSetSize of job (KB)
...
006 (13926301.011.000) 2021-01-08 09:11:20 Image size of job updated: 352724
	260  -  MemoryUsage of job (MB)
	265432  -  ResidentSetSize of job (KB)
...
006 (13926301.024.000) 2021-01-08 09:14:23 Image size of job updated: 11225712
	315  -  MemoryUsage of job (MB)
	321596  -  ResidentSetSize of job (KB)
...
005 (13926301.024.000) 2021-01-08 09:14:23 Job terminated.
	(1) Normal termination (return value 0)
		Usr 0 00:02:45, Sys 0 00:00:07  -  Run Remote Usage
		Usr 0 00:00:00, Sys 0 00:00:00  -  Run Local Usage
		Usr 0 00:02:45, Sys 0 00:00:07  -  Total Remote Usage
		Usr 0 00:00:00, Sys 0 00:00:00  -  Total Local Usage
	0  -  Run Bytes Sent By Job
	0  -  Run Bytes Received By Job
	0  -  Total Bytes Sent By Job
	0  -  Total Bytes Received By Job
	Partitionable Resources :    Usage  Request Allocated 
	   Cpus                 :     0.92        1         1 
	   Disk (KB)            :     1     3584000   4470066 
	   Memory (MB)          :   315        4096      4096 

	Job terminated of its own accord at 2021-01-08T08:14:23Z.
...
006 (13926301.020.000) 2021-01-08 09:14:24 Image size of job updated: 11182008
	628  -  MemoryUsage of job (MB)
	642224  -  ResidentSetSize of job (KB)
...
005 (13926301.020.000) 2021-01-08 09:14:24 Job terminated.
	(1) Normal termination (return value 0)
		Usr 0 00:02:48, Sys 0 00:00:08  -  Run Remote Usage
		Usr 0 00:00:00, Sys 0 00:00:00  -  Run Local Usage
		Usr 0 00:02:48, Sys 0 00:00:08  -  Total Remote Usage
		Usr 0 00:00:00, Sys 0 00:00:00  -  Total Local Usage
	0  -  Run Bytes Sent By Job
	0  -  Run Bytes Received By Job
	0  -  Total Bytes Sent By Job
	0  -  Total Bytes Received By Job
	Partitionable Resources :    Usage  Request Allocated 
	   Cpus                 :     0.92        1         1 
	   Disk (KB)            :     1     3584000   4409719 
	   Memory (MB)          :   628        4096      4096 

	Job terminated of its own accord at 2021-01-08T08:14:24Z.
...
006 (13926301.017.000) 2021-01-08 09:15:15 Image size of job updated: 11134652
	208  -  MemoryUsage of job (MB)
	212836  -  ResidentSetSize of job (KB)
...
005 (13926301.017.000) 2021-01-08 09:15:15 Job terminated.
	(1) Normal termination (return value 0)
		Usr 0 00:02:56, Sys 0 00:00:11  -  Run Remote Usage
		Usr 0 00:00:00, Sys 0 00:00:00  -  Run Local Usage
		Usr 0 00:02:56, Sys 0 00:00:11  -  Total Remote Usage
		Usr 0 00:00:00, Sys 0 00:00:00  -  Total Local Usage
	0  -  Run Bytes Sent By Job
	0  -  Run Bytes Received By Job
	0  -  Total Bytes Sent By Job
	0  -  Total Bytes Received By Job
	Partitionable Resources :    Usage  Request Allocated 
	   Cpus                 :     0.79        1         1 
	   Disk (KB)            :     1     3584000   4407195 
	   Memory (MB)          :   208        4096      4096 

	Job terminated of its own accord at 2021-01-08T08:15:15Z.
...
006 (13926301.011.000) 2021-01-08 09:15:46 Image size of job updated: 11213588
	260  -  MemoryUsage of job (MB)
	265432  -  ResidentSetSize of job (KB)
...
006 (13926301.010.000) 2021-01-08 09:15:46 Image size of job updated: 12708432
	372  -  MemoryUsage of job (MB)
	380560  -  ResidentSetSize of job (KB)
...
005 (13926301.011.000) 2021-01-08 09:15:46 Job terminated.
	(1) Normal termination (return value 0)
		Usr 0 00:03:59, Sys 0 00:00:11  -  Run Remote Usage
		Usr 0 00:00:00, Sys 0 00:00:00  -  Run Local Usage
		Usr 0 00:03:59, Sys 0 00:00:11  -  Total Remote Usage
		Usr 0 00:00:00, Sys 0 00:00:00  -  Total Local Usage
	0  -  Run Bytes Sent By Job
	0  -  Run Bytes Received By Job
	0  -  Total Bytes Sent By Job
	0  -  Total Bytes Received By Job
	Partitionable Resources :    Usage  Request Allocated 
	   Cpus                 :     0.91        1         1 
	   Disk (KB)            :     1     3584000   4543744 
	   Memory (MB)          :   260        4096      4096 

	Job terminated of its own accord at 2021-01-08T08:15:46Z.
...
005 (13926301.010.000) 2021-01-08 09:15:46 Job terminated.
	(1) Normal termination (return value 0)
		Usr 0 00:03:59, Sys 0 00:00:16  -  Run Remote Usage
		Usr 0 00:00:00, Sys 0 00:00:00  -  Run Local Usage
		Usr 0 00:03:59, Sys 0 00:00:16  -  Total Remote Usage
		Usr 0 00:00:00, Sys 0 00:00:00  -  Total Local Usage
	0  -  Run Bytes Sent By Job
	0  -  Run Bytes Received By Job
	0  -  Total Bytes Sent By Job
	0  -  Total Bytes Received By Job
	Partitionable Resources :    Usage  Request Allocated 
	   Cpus                 :     0.92        1         1 
	   Disk (KB)            :     1     3584000   4544529 
	   Memory (MB)          :   372        4096      4096 

	Job terminated of its own accord at 2021-01-08T08:15:46Z.
...
006 (13926301.008.000) 2021-01-08 09:15:47 Image size of job updated: 11059036
	249  -  MemoryUsage of job (MB)
	254204  -  ResidentSetSize of job (KB)
...
005 (13926301.008.000) 2021-01-08 09:15:47 Job terminated.
	(1) Normal termination (return value 0)
		Usr 0 00:03:59, Sys 0 00:00:13  -  Run Remote Usage
		Usr 0 00:00:00, Sys 0 00:00:00  -  Run Local Usage
		Usr 0 00:03:59, Sys 0 00:00:13  -  Total Remote Usage
		Usr 0 00:00:00, Sys 0 00:00:00  -  Total Local Usage
	0  -  Run Bytes Sent By Job
	0  -  Run Bytes Received By Job
	0  -  Total Bytes Sent By Job
	0  -  Total Bytes Received By Job
	Partitionable Resources :    Usage  Request Allocated 
	   Cpus                 :     0.93        1         1 
	   Disk (KB)            :     1     3584000   3958655 
	   Memory (MB)          :   249        4096      4096 

	Job terminated of its own accord at 2021-01-08T08:15:47Z.
...
006 (13926301.005.000) 2021-01-08 09:15:48 Image size of job updated: 11155132
	252  -  MemoryUsage of job (MB)
	257380  -  ResidentSetSize of job (KB)
...
005 (13926301.005.000) 2021-01-08 09:15:48 Job terminated.
	(1) Normal termination (return value 0)
		Usr 0 00:03:56, Sys 0 00:00:15  -  Run Remote Usage
		Usr 0 00:00:00, Sys 0 00:00:00  -  Run Local Usage
		Usr 0 00:03:56, Sys 0 00:00:15  -  Total Remote Usage
		Usr 0 00:00:00, Sys 0 00:00:00  -  Total Local Usage
	0  -  Run Bytes Sent By Job
	0  -  Run Bytes Received By Job
	0  -  Total Bytes Sent By Job
	0  -  Total Bytes Received By Job
	Partitionable Resources :    Usage  Request Allocated 
	   Cpus                 :     0.88        1         1 
	   Disk (KB)            :     1     3584000   3955362 
	   Memory (MB)          :   252        4096      4096 

	Job terminated of its own accord at 2021-01-08T08:15:48Z.
...
006 (13926301.001.000) 2021-01-08 09:15:51 Image size of job updated: 489624
	397  -  MemoryUsage of job (MB)
	406244  -  ResidentSetSize of job (KB)
...
005 (13926301.001.000) 2021-01-08 09:15:51 Job terminated.
	(1) Normal termination (return value 0)
		Usr 0 00:03:59, Sys 0 00:00:17  -  Run Remote Usage
		Usr 0 00:00:00, Sys 0 00:00:00  -  Run Local Usage
		Usr 0 00:03:59, Sys 0 00:00:17  -  Total Remote Usage
		Usr 0 00:00:00, Sys 0 00:00:00  -  Total Local Usage
	0  -  Run Bytes Sent By Job
	0  -  Run Bytes Received By Job
	0  -  Total Bytes Sent By Job
	0  -  Total Bytes Received By Job
	Partitionable Resources :    Usage  Request Allocated 
	   Cpus                 :     0.91        1         1 
	   Disk (KB)            :     1     3584000   4778730 
	   Memory (MB)          :   397        4096      4096 

	Job terminated of its own accord at 2021-01-08T08:15:51Z.
...
006 (13926301.009.000) 2021-01-08 09:15:51 Image size of job updated: 11195164
	279  -  MemoryUsage of job (MB)
	285256  -  ResidentSetSize of job (KB)
...
005 (13926301.009.000) 2021-01-08 09:15:51 Job terminated.
	(1) Normal termination (return value 0)
		Usr 0 00:03:59, Sys 0 00:00:17  -  Run Remote Usage
		Usr 0 00:00:00, Sys 0 00:00:00  -  Run Local Usage
		Usr 0 00:03:59, Sys 0 00:00:17  -  Total Remote Usage
		Usr 0 00:00:00, Sys 0 00:00:00  -  Total Local Usage
	0  -  Run Bytes Sent By Job
	0  -  Run Bytes Received By Job
	0  -  Total Bytes Sent By Job
	0  -  Total Bytes Received By Job
	Partitionable Resources :    Usage  Request Allocated 
	   Cpus                 :     0.93        1         1 
	   Disk (KB)            :     1     3584000   4479922 
	   Memory (MB)          :   279        4096      4096 

	Job terminated of its own accord at 2021-01-08T08:15:51Z.
...
006 (13926301.013.000) 2021-01-08 09:15:52 Image size of job updated: 8937204
	433  -  MemoryUsage of job (MB)
	443388  -  ResidentSetSize of job (KB)
...
005 (13926301.013.000) 2021-01-08 09:15:52 Job terminated.
	(1) Normal termination (return value 0)
		Usr 0 00:03:57, Sys 0 00:00:14  -  Run Remote Usage
		Usr 0 00:00:00, Sys 0 00:00:00  -  Run Local Usage
		Usr 0 00:03:57, Sys 0 00:00:14  -  Total Remote Usage
		Usr 0 00:00:00, Sys 0 00:00:00  -  Total Local Usage
	0  -  Run Bytes Sent By Job
	0  -  Run Bytes Received By Job
	0  -  Total Bytes Sent By Job
	0  -  Total Bytes Received By Job
	Partitionable Resources :    Usage  Request Allocated 
	   Cpus                 :     0.94        1         1 
	   Disk (KB)            :     1     3584000   3961272 
	   Memory (MB)          :   433        4096      4096 

	Job terminated of its own accord at 2021-01-08T08:15:52Z.
...
006 (13926301.016.000) 2021-01-08 09:15:53 Image size of job updated: 11266284
	350  -  MemoryUsage of job (MB)
	357888  -  ResidentSetSize of job (KB)
...
005 (13926301.016.000) 2021-01-08 09:15:53 Job terminated.
	(1) Normal termination (return value 0)
		Usr 0 00:03:59, Sys 0 00:00:17  -  Run Remote Usage
		Usr 0 00:00:00, Sys 0 00:00:00  -  Run Local Usage
		Usr 0 00:03:59, Sys 0 00:00:17  -  Total Remote Usage
		Usr 0 00:00:00, Sys 0 00:00:00  -  Total Local Usage
	0  -  Run Bytes Sent By Job
	0  -  Run Bytes Received By Job
	0  -  Total Bytes Sent By Job
	0  -  Total Bytes Received By Job
	Partitionable Resources :    Usage  Request Allocated 
	   Cpus                 :     0.94        1         1 
	   Disk (KB)            :     1     3584000   4547720 
	   Memory (MB)          :   350        4096      4096 

	Job terminated of its own accord at 2021-01-08T08:15:53Z.
...
006 (13926301.012.000) 2021-01-08 09:15:53 Image size of job updated: 12783432
	384  -  MemoryUsage of job (MB)
	392272  -  ResidentSetSize of job (KB)
...
005 (13926301.012.000) 2021-01-08 09:15:54 Job terminated.
	(1) Normal termination (return value 0)
		Usr 0 00:04:02, Sys 0 00:00:14  -  Run Remote Usage
		Usr 0 00:00:00, Sys 0 00:00:00  -  Run Local Usage
		Usr 0 00:04:02, Sys 0 00:00:14  -  Total Remote Usage
		Usr 0 00:00:00, Sys 0 00:00:00  -  Total Local Usage
	0  -  Run Bytes Sent By Job
	0  -  Run Bytes Received By Job
	0  -  Total Bytes Sent By Job
	0  -  Total Bytes Received By Job
	Partitionable Resources :    Usage  Request Allocated 
	   Cpus                 :     0.93        1         1 
	   Disk (KB)            :     1     3584000   4545066 
	   Memory (MB)          :   384        4096      4096 

	Job terminated of its own accord at 2021-01-08T08:15:53Z.
...
006 (13926301.015.000) 2021-01-08 09:15:54 Image size of job updated: 10330624
	205  -  MemoryUsage of job (MB)
	209504  -  ResidentSetSize of job (KB)
...
005 (13926301.015.000) 2021-01-08 09:15:54 Job terminated.
	(1) Normal termination (return value 0)
		Usr 0 00:04:03, Sys 0 00:00:13  -  Run Remote Usage
		Usr 0 00:00:00, Sys 0 00:00:00  -  Run Local Usage
		Usr 0 00:04:03, Sys 0 00:00:13  -  Total Remote Usage
		Usr 0 00:00:00, Sys 0 00:00:00  -  Total Local Usage
	0  -  Run Bytes Sent By Job
	0  -  Run Bytes Received By Job
	0  -  Total Bytes Sent By Job
	0  -  Total Bytes Received By Job
	Partitionable Resources :    Usage  Request Allocated 
	   Cpus                 :     0.94        1         1 
	   Disk (KB)            :     1     3584000   3969401 
	   Memory (MB)          :   205        4096      4096 

	Job terminated of its own accord at 2021-01-08T08:15:54Z.
...
006 (13926301.003.000) 2021-01-08 09:15:54 Image size of job updated: 11111876
	238  -  MemoryUsage of job (MB)
	243396  -  ResidentSetSize of job (KB)
...
005 (13926301.003.000) 2021-01-08 09:15:54 Job terminated.
	(1) Normal termination (return value 0)
		Usr 0 00:04:09, Sys 0 00:00:14  -  Run Remote Usage
		Usr 0 00:00:00, Sys 0 00:00:00  -  Run Local Usage
		Usr 0 00:04:09, Sys 0 00:00:14  -  Total Remote Usage
		Usr 0 00:00:00, Sys 0 00:00:00  -  Total Local Usage
	0  -  Run Bytes Sent By Job
	0  -  Run Bytes Received By Job
	0  -  Total Bytes Sent By Job
	0  -  Total Bytes Received By Job
	Partitionable Resources :    Usage  Request Allocated 
	   Cpus                 :     0.95        1         1 
	   Disk (KB)            :     1     3584000   4541474 
	   Memory (MB)          :   238        4096      4096 

	Job terminated of its own accord at 2021-01-08T08:15:54Z.
...
006 (13926301.014.000) 2021-01-08 09:15:55 Image size of job updated: 1526152
	364  -  MemoryUsage of job (MB)
	372272  -  ResidentSetSize of job (KB)
...
005 (13926301.014.000) 2021-01-08 09:15:55 Job terminated.
	(1) Normal termination (return value 0)
		Usr 0 00:04:06, Sys 0 00:00:15  -  Run Remote Usage
		Usr 0 00:00:00, Sys 0 00:00:00  -  Run Local Usage
		Usr 0 00:04:06, Sys 0 00:00:15  -  Total Remote Usage
		Usr 0 00:00:00, Sys 0 00:00:00  -  Total Local Usage
	0  -  Run Bytes Sent By Job
	0  -  Run Bytes Received By Job
	0  -  Total Bytes Sent By Job
	0  -  Total Bytes Received By Job
	Partitionable Resources :    Usage  Request Allocated 
	   Cpus                 :     0.93        1         1 
	   Disk (KB)            :     1     3584000   4207890 
	   Memory (MB)          :   364        4096      4096 

	Job terminated of its own accord at 2021-01-08T08:15:55Z.
...
006 (13926301.023.000) 2021-01-08 09:15:55 Image size of job updated: 8105136
	397  -  MemoryUsage of job (MB)
	406344  -  ResidentSetSize of job (KB)
...
005 (13926301.023.000) 2021-01-08 09:15:55 Job terminated.
	(1) Normal termination (return value 0)
		Usr 0 00:03:59, Sys 0 00:00:18  -  Run Remote Usage
		Usr 0 00:00:00, Sys 0 00:00:00  -  Run Local Usage
		Usr 0 00:03:59, Sys 0 00:00:18  -  Total Remote Usage
		Usr 0 00:00:00, Sys 0 00:00:00  -  Total Local Usage
	0  -  Run Bytes Sent By Job
	0  -  Run Bytes Received By Job
	0  -  Total Bytes Sent By Job
	0  -  Total Bytes Received By Job
	Partitionable Resources :    Usage  Request Allocated 
	   Cpus                 :     0.94        1         1 
	   Disk (KB)            :     1     3584000   3957000 
	   Memory (MB)          :   397        4096      4096 

	Job terminated of its own accord at 2021-01-08T08:15:55Z.
...
006 (13926301.021.000) 2021-01-08 09:15:59 Image size of job updated: 11233916
	130  -  MemoryUsage of job (MB)
	132336  -  ResidentSetSize of job (KB)
...
005 (13926301.021.000) 2021-01-08 09:16:00 Job terminated.
	(1) Normal termination (return value 0)
		Usr 0 00:04:02, Sys 0 00:00:19  -  Run Remote Usage
		Usr 0 00:00:00, Sys 0 00:00:00  -  Run Local Usage
		Usr 0 00:04:02, Sys 0 00:00:19  -  Total Remote Usage
		Usr 0 00:00:00, Sys 0 00:00:00  -  Total Local Usage
	0  -  Run Bytes Sent By Job
	0  -  Run Bytes Received By Job
	0  -  Total Bytes Sent By Job
	0  -  Total Bytes Received By Job
	Partitionable Resources :    Usage  Request Allocated 
	   Cpus                 :     0.92        1         1 
	   Disk (KB)            :     1     3584000   4475551 
	   Memory (MB)          :   130        4096      4096 

	Job terminated of its own accord at 2021-01-08T08:15:59Z.
...
006 (13926301.004.000) 2021-01-08 09:16:06 Image size of job updated: 11147752
	236  -  MemoryUsage of job (MB)
	241032  -  ResidentSetSize of job (KB)
...
005 (13926301.004.000) 2021-01-08 09:16:07 Job terminated.
	(1) Normal termination (return value 0)
		Usr 0 00:03:57, Sys 0 00:00:15  -  Run Remote Usage
		Usr 0 00:00:00, Sys 0 00:00:00  -  Run Local Usage
		Usr 0 00:03:57, Sys 0 00:00:15  -  Total Remote Usage
		Usr 0 00:00:00, Sys 0 00:00:00  -  Total Local Usage
	0  -  Run Bytes Sent By Job
	0  -  Run Bytes Received By Job
	0  -  Total Bytes Sent By Job
	0  -  Total Bytes Received By Job
	Partitionable Resources :    Usage  Request Allocated 
	   Cpus                 :     0.77        1         1 
	   Disk (KB)            :     1     3584000   3997064 
	   Memory (MB)          :   236        4096      4096 

	Job terminated of its own accord at 2021-01-08T08:16:06Z.
...
006 (13926301.007.000) 2021-01-08 09:16:19 Image size of job updated: 10013856
	6911  -  MemoryUsage of job (MB)
	7076076  -  ResidentSetSize of job (KB)
...
006 (13926301.022.000) 2021-01-08 09:16:20 Image size of job updated: 10701428
	3665  -  MemoryUsage of job (MB)
	3752536  -  ResidentSetSize of job (KB)
...
006 (13926301.019.000) 2021-01-08 09:16:20 Image size of job updated: 11118000
	6333  -  MemoryUsage of job (MB)
	6484048  -  ResidentSetSize of job (KB)
...
006 (13926301.018.000) 2021-01-08 09:16:20 Image size of job updated: 10605432
	6216  -  MemoryUsage of job (MB)
	6364520  -  ResidentSetSize of job (KB)
...
006 (13926301.000.000) 2021-01-08 09:16:20 Image size of job updated: 3073388
	2997  -  MemoryUsage of job (MB)
	3068068  -  ResidentSetSize of job (KB)
...
005 (13926301.000.000) 2021-01-08 09:16:20 Job terminated.
	(1) Normal termination (return value 0)
		Usr 0 00:04:03, Sys 0 00:00:17  -  Run Remote Usage
		Usr 0 00:00:00, Sys 0 00:00:00  -  Run Local Usage
		Usr 0 00:04:03, Sys 0 00:00:17  -  Total Remote Usage
		Usr 0 00:00:00, Sys 0 00:00:00  -  Total Local Usage
	0  -  Run Bytes Sent By Job
	0  -  Run Bytes Received By Job
	0  -  Total Bytes Sent By Job
	0  -  Total Bytes Received By Job
	Partitionable Resources :    Usage  Request Allocated 
	   Cpus                 :     0.87        1         1 
	   Disk (KB)            :     1     3584000   3829831 
	   Memory (MB)          :  2997        4096      4096 

	Job terminated of its own accord at 2021-01-08T08:16:20Z.
...
006 (13926301.002.000) 2021-01-08 09:16:20 Image size of job updated: 10993704
	4307  -  MemoryUsage of job (MB)
	4409704  -  ResidentSetSize of job (KB)
...
006 (13926301.006.000) 2021-01-08 09:16:21 Image size of job updated: 8728456
	7459  -  MemoryUsage of job (MB)
	7637292  -  ResidentSetSize of job (KB)
...
006 (13926301.019.000) 2021-01-08 09:16:26 Image size of job updated: 11193984
	6333  -  MemoryUsage of job (MB)
	6484104  -  ResidentSetSize of job (KB)
...
005 (13926301.019.000) 2021-01-08 09:16:26 Job terminated.
	(1) Normal termination (return value 0)
		Usr 0 00:04:09, Sys 0 00:00:22  -  Run Remote Usage
		Usr 0 00:00:00, Sys 0 00:00:00  -  Run Local Usage
		Usr 0 00:04:09, Sys 0 00:00:22  -  Total Remote Usage
		Usr 0 00:00:00, Sys 0 00:00:00  -  Total Local Usage
	0  -  Run Bytes Sent By Job
	0  -  Run Bytes Received By Job
	0  -  Total Bytes Sent By Job
	0  -  Total Bytes Received By Job
	Partitionable Resources :    Usage  Request Allocated 
	   Cpus                 :     0.93        1         1 
	   Disk (KB)            :     1     3584000   4423931 
	   Memory (MB)          :  6333        4096      4096 

	Job terminated of its own accord at 2021-01-08T08:16:26Z.
...
006 (13926301.002.000) 2021-01-08 09:16:30 Image size of job updated: 11224664
	4307  -  MemoryUsage of job (MB)
	4409740  -  ResidentSetSize of job (KB)
...
005 (13926301.002.000) 2021-01-08 09:16:31 Job terminated.
	(1) Normal termination (return value 0)
		Usr 0 00:04:00, Sys 0 00:00:20  -  Run Remote Usage
		Usr 0 00:00:00, Sys 0 00:00:00  -  Run Local Usage
		Usr 0 00:04:00, Sys 0 00:00:20  -  Total Remote Usage
		Usr 0 00:00:00, Sys 0 00:00:00  -  Total Local Usage
	0  -  Run Bytes Sent By Job
	0  -  Run Bytes Received By Job
	0  -  Total Bytes Sent By Job
	0  -  Total Bytes Received By Job
	Partitionable Resources :    Usage  Request Allocated 
	   Cpus                 :     0.87        1         1 
	   Disk (KB)            :     1     3584000   3991895 
	   Memory (MB)          :  4307        4096      4096 

	Job terminated of its own accord at 2021-01-08T08:16:30Z.
...
006 (13926301.022.000) 2021-01-08 09:16:39 Image size of job updated: 11224420
	3665  -  MemoryUsage of job (MB)
	3752544  -  ResidentSetSize of job (KB)
...
005 (13926301.022.000) 2021-01-08 09:16:39 Job terminated.
	(1) Normal termination (return value 0)
		Usr 0 00:03:59, Sys 0 00:00:19  -  Run Remote Usage
		Usr 0 00:00:00, Sys 0 00:00:00  -  Run Local Usage
		Usr 0 00:03:59, Sys 0 00:00:19  -  Total Remote Usage
		Usr 0 00:00:00, Sys 0 00:00:00  -  Total Local Usage
	0  -  Run Bytes Sent By Job
	0  -  Run Bytes Received By Job
	0  -  Total Bytes Sent By Job
	0  -  Total Bytes Received By Job
	Partitionable Resources :    Usage  Request Allocated 
	   Cpus                 :     0.82        1         1 
	   Disk (KB)            :     1     3584000   3988865 
	   Memory (MB)          :  3665        4096      4096 

	Job terminated of its own accord at 2021-01-08T08:16:39Z.
...
005 (13926301.018.000) 2021-01-08 09:16:43 Job terminated.
	(1) Normal termination (return value 0)
		Usr 0 00:04:05, Sys 0 00:00:21  -  Run Remote Usage
		Usr 0 00:00:00, Sys 0 00:00:00  -  Run Local Usage
		Usr 0 00:04:05, Sys 0 00:00:21  -  Total Remote Usage
		Usr 0 00:00:00, Sys 0 00:00:00  -  Total Local Usage
	0  -  Run Bytes Sent By Job
	0  -  Run Bytes Received By Job
	0  -  Total Bytes Sent By Job
	0  -  Total Bytes Received By Job
	Partitionable Resources :    Usage  Request Allocated 
	   Cpus                 :     0.87        1         1 
	   Disk (KB)            :     1     3584000   4440988 
	   Memory (MB)          :  6216        4096      4096 

	Job terminated of its own accord at 2021-01-08T08:16:43Z.
...
006 (13926301.007.000) 2021-01-08 09:17:02 Image size of job updated: 11146488
	6911  -  MemoryUsage of job (MB)
	7076080  -  ResidentSetSize of job (KB)
...
005 (13926301.007.000) 2021-01-08 09:17:02 Job terminated.
	(1) Normal termination (return value 0)
		Usr 0 00:04:26, Sys 0 00:00:27  -  Run Remote Usage
		Usr 0 00:00:00, Sys 0 00:00:00  -  Run Local Usage
		Usr 0 00:04:26, Sys 0 00:00:27  -  Total Remote Usage
		Usr 0 00:00:00, Sys 0 00:00:00  -  Total Local Usage
	0  -  Run Bytes Sent By Job
	0  -  Run Bytes Received By Job
	0  -  Total Bytes Sent By Job
	0  -  Total Bytes Received By Job
	Partitionable Resources :    Usage  Request Allocated 
	   Cpus                 :     0.89        1         1 
	   Disk (KB)            :     1     3584000   4420855 
	   Memory (MB)          :  6911        4096      4096 

	Job terminated of its own accord at 2021-01-08T08:17:02Z.
...
006 (13926301.006.000) 2021-01-08 09:19:19 Image size of job updated: 11085584
	7459  -  MemoryUsage of job (MB)
	7637292  -  ResidentSetSize of job (KB)
...
005 (13926301.006.000) 2021-01-08 09:19:19 Job terminated.
	(1) Normal termination (return value 0)
		Usr 0 00:04:02, Sys 0 00:00:20  -  Run Remote Usage
		Usr 0 00:00:00, Sys 0 00:00:00  -  Run Local Usage
		Usr 0 00:04:02, Sys 0 00:00:20  -  Total Remote Usage
		Usr 0 00:00:00, Sys 0 00:00:00  -  Total Local Usage
	0  -  Run Bytes Sent By Job
	0  -  Run Bytes Received By Job
	0  -  Total Bytes Sent By Job
	0  -  Total Bytes Received By Job
	Partitionable Resources :    Usage  Request Allocated 
	   Cpus                 :     0.03        1         1 
	   Disk (KB)            :     1     3584000   4784557 
	   Memory (MB)          :  7459        4096      4096 

	Job terminated of its own accord at 2021-01-08T08:19:19Z.
...
