000 (18346175.000.000) 2021-03-26 17:56:15 Job submitted from host: <131.169.223.42:9618?addrs=131.169.223.42-9618+[2001-638-700-10df--1-2a]-9618&alias=bird-htc-sched14.desy.de&noUDP&sock=schedd_14156_6ac2_3>
...
000 (18346175.001.000) 2021-03-26 17:56:15 Job submitted from host: <131.169.223.42:9618?addrs=131.169.223.42-9618+[2001-638-700-10df--1-2a]-9618&alias=bird-htc-sched14.desy.de&noUDP&sock=schedd_14156_6ac2_3>
...
000 (18346175.002.000) 2021-03-26 17:56:15 Job submitted from host: <131.169.223.42:9618?addrs=131.169.223.42-9618+[2001-638-700-10df--1-2a]-9618&alias=bird-htc-sched14.desy.de&noUDP&sock=schedd_14156_6ac2_3>
...
000 (18346175.003.000) 2021-03-26 17:56:15 Job submitted from host: <131.169.223.42:9618?addrs=131.169.223.42-9618+[2001-638-700-10df--1-2a]-9618&alias=bird-htc-sched14.desy.de&noUDP&sock=schedd_14156_6ac2_3>
...
000 (18346175.004.000) 2021-03-26 17:56:15 Job submitted from host: <131.169.223.42:9618?addrs=131.169.223.42-9618+[2001-638-700-10df--1-2a]-9618&alias=bird-htc-sched14.desy.de&noUDP&sock=schedd_14156_6ac2_3>
...
000 (18346175.005.000) 2021-03-26 17:56:15 Job submitted from host: <131.169.223.42:9618?addrs=131.169.223.42-9618+[2001-638-700-10df--1-2a]-9618&alias=bird-htc-sched14.desy.de&noUDP&sock=schedd_14156_6ac2_3>
...
000 (18346175.006.000) 2021-03-26 17:56:15 Job submitted from host: <131.169.223.42:9618?addrs=131.169.223.42-9618+[2001-638-700-10df--1-2a]-9618&alias=bird-htc-sched14.desy.de&noUDP&sock=schedd_14156_6ac2_3>
...
000 (18346175.007.000) 2021-03-26 17:56:15 Job submitted from host: <131.169.223.42:9618?addrs=131.169.223.42-9618+[2001-638-700-10df--1-2a]-9618&alias=bird-htc-sched14.desy.de&noUDP&sock=schedd_14156_6ac2_3>
...
000 (18346175.008.000) 2021-03-26 17:56:15 Job submitted from host: <131.169.223.42:9618?addrs=131.169.223.42-9618+[2001-638-700-10df--1-2a]-9618&alias=bird-htc-sched14.desy.de&noUDP&sock=schedd_14156_6ac2_3>
...
000 (18346175.009.000) 2021-03-26 17:56:15 Job submitted from host: <131.169.223.42:9618?addrs=131.169.223.42-9618+[2001-638-700-10df--1-2a]-9618&alias=bird-htc-sched14.desy.de&noUDP&sock=schedd_14156_6ac2_3>
...
000 (18346175.010.000) 2021-03-26 17:56:15 Job submitted from host: <131.169.223.42:9618?addrs=131.169.223.42-9618+[2001-638-700-10df--1-2a]-9618&alias=bird-htc-sched14.desy.de&noUDP&sock=schedd_14156_6ac2_3>
...
000 (18346175.011.000) 2021-03-26 17:56:15 Job submitted from host: <131.169.223.42:9618?addrs=131.169.223.42-9618+[2001-638-700-10df--1-2a]-9618&alias=bird-htc-sched14.desy.de&noUDP&sock=schedd_14156_6ac2_3>
...
000 (18346175.012.000) 2021-03-26 17:56:15 Job submitted from host: <131.169.223.42:9618?addrs=131.169.223.42-9618+[2001-638-700-10df--1-2a]-9618&alias=bird-htc-sched14.desy.de&noUDP&sock=schedd_14156_6ac2_3>
...
000 (18346175.013.000) 2021-03-26 17:56:15 Job submitted from host: <131.169.223.42:9618?addrs=131.169.223.42-9618+[2001-638-700-10df--1-2a]-9618&alias=bird-htc-sched14.desy.de&noUDP&sock=schedd_14156_6ac2_3>
...
000 (18346175.014.000) 2021-03-26 17:56:15 Job submitted from host: <131.169.223.42:9618?addrs=131.169.223.42-9618+[2001-638-700-10df--1-2a]-9618&alias=bird-htc-sched14.desy.de&noUDP&sock=schedd_14156_6ac2_3>
...
000 (18346175.015.000) 2021-03-26 17:56:15 Job submitted from host: <131.169.223.42:9618?addrs=131.169.223.42-9618+[2001-638-700-10df--1-2a]-9618&alias=bird-htc-sched14.desy.de&noUDP&sock=schedd_14156_6ac2_3>
...
000 (18346175.016.000) 2021-03-26 17:56:15 Job submitted from host: <131.169.223.42:9618?addrs=131.169.223.42-9618+[2001-638-700-10df--1-2a]-9618&alias=bird-htc-sched14.desy.de&noUDP&sock=schedd_14156_6ac2_3>
...
000 (18346175.017.000) 2021-03-26 17:56:15 Job submitted from host: <131.169.223.42:9618?addrs=131.169.223.42-9618+[2001-638-700-10df--1-2a]-9618&alias=bird-htc-sched14.desy.de&noUDP&sock=schedd_14156_6ac2_3>
...
000 (18346175.018.000) 2021-03-26 17:56:15 Job submitted from host: <131.169.223.42:9618?addrs=131.169.223.42-9618+[2001-638-700-10df--1-2a]-9618&alias=bird-htc-sched14.desy.de&noUDP&sock=schedd_14156_6ac2_3>
...
000 (18346175.019.000) 2021-03-26 17:56:15 Job submitted from host: <131.169.223.42:9618?addrs=131.169.223.42-9618+[2001-638-700-10df--1-2a]-9618&alias=bird-htc-sched14.desy.de&noUDP&sock=schedd_14156_6ac2_3>
...
000 (18346175.020.000) 2021-03-26 17:56:15 Job submitted from host: <131.169.223.42:9618?addrs=131.169.223.42-9618+[2001-638-700-10df--1-2a]-9618&alias=bird-htc-sched14.desy.de&noUDP&sock=schedd_14156_6ac2_3>
...
000 (18346175.021.000) 2021-03-26 17:56:15 Job submitted from host: <131.169.223.42:9618?addrs=131.169.223.42-9618+[2001-638-700-10df--1-2a]-9618&alias=bird-htc-sched14.desy.de&noUDP&sock=schedd_14156_6ac2_3>
...
000 (18346175.022.000) 2021-03-26 17:56:15 Job submitted from host: <131.169.223.42:9618?addrs=131.169.223.42-9618+[2001-638-700-10df--1-2a]-9618&alias=bird-htc-sched14.desy.de&noUDP&sock=schedd_14156_6ac2_3>
...
000 (18346175.023.000) 2021-03-26 17:56:15 Job submitted from host: <131.169.223.42:9618?addrs=131.169.223.42-9618+[2001-638-700-10df--1-2a]-9618&alias=bird-htc-sched14.desy.de&noUDP&sock=schedd_14156_6ac2_3>
...
000 (18346175.024.000) 2021-03-26 17:56:15 Job submitted from host: <131.169.223.42:9618?addrs=131.169.223.42-9618+[2001-638-700-10df--1-2a]-9618&alias=bird-htc-sched14.desy.de&noUDP&sock=schedd_14156_6ac2_3>
...
001 (18346175.013.000) 2021-03-26 18:06:36 Job executing on host: <131.169.77.50:33982?addrs=131.169.77.50-33982&alias=bird568.desy.de>
...
001 (18346175.011.000) 2021-03-26 18:06:36 Job executing on host: <131.169.163.139:46493?addrs=131.169.163.139-46493&alias=bird700.desy.de>
...
001 (18346175.014.000) 2021-03-26 18:06:36 Job executing on host: <131.169.77.67:39642?addrs=131.169.77.67-39642&alias=bird585.desy.de>
...
001 (18346175.015.000) 2021-03-26 18:06:36 Job executing on host: <131.169.163.126:35009?addrs=131.169.163.126-35009&alias=bird687.desy.de>
...
001 (18346175.017.000) 2021-03-26 18:06:36 Job executing on host: <131.169.77.6:45107?addrs=131.169.77.6-45107&alias=bird524.desy.de>
...
001 (18346175.016.000) 2021-03-26 18:06:36 Job executing on host: <131.169.160.192:36428?addrs=131.169.160.192-36428&alias=batch1186.desy.de>
...
001 (18346175.018.000) 2021-03-26 18:06:36 Job executing on host: <131.169.160.195:39576?addrs=131.169.160.195-39576&alias=batch1189.desy.de>
...
001 (18346175.005.000) 2021-03-26 18:06:36 Job executing on host: <131.169.160.155:43004?addrs=131.169.160.155-43004&alias=batch1055.desy.de>
...
001 (18346175.019.000) 2021-03-26 18:06:36 Job executing on host: <131.169.160.154:35821?addrs=131.169.160.154-35821&alias=batch1054.desy.de>
...
001 (18346175.020.000) 2021-03-26 18:06:36 Job executing on host: <131.169.160.155:43004?addrs=131.169.160.155-43004&alias=batch1055.desy.de>
...
001 (18346175.021.000) 2021-03-26 18:06:36 Job executing on host: <131.169.160.170:35241?addrs=131.169.160.170-35241&alias=batch1070.desy.de>
...
001 (18346175.004.000) 2021-03-26 18:06:36 Job executing on host: <131.169.77.67:39642?addrs=131.169.77.67-39642&alias=bird585.desy.de>
...
001 (18346175.001.000) 2021-03-26 18:06:36 Job executing on host: <131.169.77.50:33982?addrs=131.169.77.50-33982&alias=bird568.desy.de>
...
001 (18346175.008.000) 2021-03-26 18:06:36 Job executing on host: <131.169.164.56:43062?addrs=131.169.164.56-43062>
...
001 (18346175.007.000) 2021-03-26 18:06:36 Job executing on host: <131.169.163.126:35009?addrs=131.169.163.126-35009&alias=bird687.desy.de>
...
001 (18346175.002.000) 2021-03-26 18:06:36 Job executing on host: <131.169.77.6:45107?addrs=131.169.77.6-45107&alias=bird524.desy.de>
...
001 (18346175.012.000) 2021-03-26 18:06:36 Job executing on host: <131.169.164.56:43062?addrs=131.169.164.56-43062>
...
001 (18346175.010.000) 2021-03-26 18:06:37 Job executing on host: <131.169.160.195:39576?addrs=131.169.160.195-39576&alias=batch1189.desy.de>
...
001 (18346175.003.000) 2021-03-26 18:06:37 Job executing on host: <131.169.160.154:35821?addrs=131.169.160.154-35821&alias=batch1054.desy.de>
...
001 (18346175.009.000) 2021-03-26 18:06:37 Job executing on host: <131.169.160.166:38964?addrs=131.169.160.166-38964&alias=batch1066.desy.de>
...
001 (18346175.006.000) 2021-03-26 18:06:37 Job executing on host: <131.169.160.170:35241?addrs=131.169.160.170-35241&alias=batch1070.desy.de>
...
001 (18346175.000.000) 2021-03-26 18:06:37 Job executing on host: <131.169.160.113:39938?addrs=131.169.160.113-39938&alias=batch1074.desy.de>
...
001 (18346175.022.000) 2021-03-26 18:06:37 Job executing on host: <131.169.160.166:38964?addrs=131.169.160.166-38964&alias=batch1066.desy.de>
...
006 (18346175.013.000) 2021-03-26 18:06:44 Image size of job updated: 204676
	159  -  MemoryUsage of job (MB)
	162476  -  ResidentSetSize of job (KB)
...
006 (18346175.011.000) 2021-03-26 18:06:44 Image size of job updated: 193956
	187  -  MemoryUsage of job (MB)
	191204  -  ResidentSetSize of job (KB)
...
006 (18346175.014.000) 2021-03-26 18:06:44 Image size of job updated: 200556
	153  -  MemoryUsage of job (MB)
	156240  -  ResidentSetSize of job (KB)
...
006 (18346175.017.000) 2021-03-26 18:06:44 Image size of job updated: 184604
	135  -  MemoryUsage of job (MB)
	138136  -  ResidentSetSize of job (KB)
...
006 (18346175.015.000) 2021-03-26 18:06:44 Image size of job updated: 219404
	175  -  MemoryUsage of job (MB)
	179152  -  ResidentSetSize of job (KB)
...
006 (18346175.018.000) 2021-03-26 18:06:44 Image size of job updated: 255640
	194  -  MemoryUsage of job (MB)
	198160  -  ResidentSetSize of job (KB)
...
006 (18346175.016.000) 2021-03-26 18:06:44 Image size of job updated: 279088
	232  -  MemoryUsage of job (MB)
	237192  -  ResidentSetSize of job (KB)
...
006 (18346175.005.000) 2021-03-26 18:06:44 Image size of job updated: 186416
	152  -  MemoryUsage of job (MB)
	155120  -  ResidentSetSize of job (KB)
...
006 (18346175.012.000) 2021-03-26 18:06:45 Image size of job updated: 241060
	187  -  MemoryUsage of job (MB)
	191304  -  ResidentSetSize of job (KB)
...
006 (18346175.010.000) 2021-03-26 18:06:45 Image size of job updated: 276440
	213  -  MemoryUsage of job (MB)
	217780  -  ResidentSetSize of job (KB)
...
006 (18346175.002.000) 2021-03-26 18:06:45 Image size of job updated: 242864
	161  -  MemoryUsage of job (MB)
	164804  -  ResidentSetSize of job (KB)
...
006 (18346175.003.000) 2021-03-26 18:06:45 Image size of job updated: 159396
	128  -  MemoryUsage of job (MB)
	130932  -  ResidentSetSize of job (KB)
...
006 (18346175.009.000) 2021-03-26 18:06:45 Image size of job updated: 119104
	81  -  MemoryUsage of job (MB)
	81948  -  ResidentSetSize of job (KB)
...
006 (18346175.006.000) 2021-03-26 18:06:45 Image size of job updated: 173060
	149  -  MemoryUsage of job (MB)
	151792  -  ResidentSetSize of job (KB)
...
006 (18346175.000.000) 2021-03-26 18:06:45 Image size of job updated: 58356
	54  -  MemoryUsage of job (MB)
	55112  -  ResidentSetSize of job (KB)
...
006 (18346175.022.000) 2021-03-26 18:06:45 Image size of job updated: 112708
	85  -  MemoryUsage of job (MB)
	86692  -  ResidentSetSize of job (KB)
...
006 (18346175.020.000) 2021-03-26 18:06:45 Image size of job updated: 208332
	154  -  MemoryUsage of job (MB)
	157272  -  ResidentSetSize of job (KB)
...
006 (18346175.019.000) 2021-03-26 18:06:45 Image size of job updated: 191016
	135  -  MemoryUsage of job (MB)
	137524  -  ResidentSetSize of job (KB)
...
006 (18346175.021.000) 2021-03-26 18:06:45 Image size of job updated: 215928
	149  -  MemoryUsage of job (MB)
	152092  -  ResidentSetSize of job (KB)
...
006 (18346175.008.000) 2021-03-26 18:06:45 Image size of job updated: 239624
	198  -  MemoryUsage of job (MB)
	202116  -  ResidentSetSize of job (KB)
...
006 (18346175.001.000) 2021-03-26 18:06:45 Image size of job updated: 221632
	167  -  MemoryUsage of job (MB)
	170536  -  ResidentSetSize of job (KB)
...
006 (18346175.007.000) 2021-03-26 18:06:45 Image size of job updated: 254860
	203  -  MemoryUsage of job (MB)
	207872  -  ResidentSetSize of job (KB)
...
006 (18346175.004.000) 2021-03-26 18:06:45 Image size of job updated: 223528
	179  -  MemoryUsage of job (MB)
	182500  -  ResidentSetSize of job (KB)
...
001 (18346175.024.000) 2021-03-26 18:07:10 Job executing on host: <131.169.77.225:41449?addrs=131.169.77.225-41449&alias=bird779.desy.de>
...
001 (18346175.023.000) 2021-03-26 18:07:10 Job executing on host: <131.169.77.58:33499?addrs=131.169.77.58-33499&alias=bird576.desy.de>
...
006 (18346175.024.000) 2021-03-26 18:07:18 Image size of job updated: 302148
	210  -  MemoryUsage of job (MB)
	214972  -  ResidentSetSize of job (KB)
...
006 (18346175.023.000) 2021-03-26 18:07:18 Image size of job updated: 197844
	189  -  MemoryUsage of job (MB)
	192696  -  ResidentSetSize of job (KB)
...
006 (18346175.011.000) 2021-03-26 18:11:44 Image size of job updated: 3942852
	3848  -  MemoryUsage of job (MB)
	3939400  -  ResidentSetSize of job (KB)
...
006 (18346175.013.000) 2021-03-26 18:11:44 Image size of job updated: 7866532
	7673  -  MemoryUsage of job (MB)
	7856864  -  ResidentSetSize of job (KB)
...
006 (18346175.017.000) 2021-03-26 18:11:44 Image size of job updated: 5599204
	5225  -  MemoryUsage of job (MB)
	5350364  -  ResidentSetSize of job (KB)
...
006 (18346175.014.000) 2021-03-26 18:11:44 Image size of job updated: 5697568
	4560  -  MemoryUsage of job (MB)
	4668644  -  ResidentSetSize of job (KB)
...
006 (18346175.015.000) 2021-03-26 18:11:44 Image size of job updated: 5540816
	5372  -  MemoryUsage of job (MB)
	5500564  -  ResidentSetSize of job (KB)
...
006 (18346175.018.000) 2021-03-26 18:11:44 Image size of job updated: 6883936
	5360  -  MemoryUsage of job (MB)
	5488480  -  ResidentSetSize of job (KB)
...
006 (18346175.016.000) 2021-03-26 18:11:44 Image size of job updated: 5659624
	4118  -  MemoryUsage of job (MB)
	4216304  -  ResidentSetSize of job (KB)
...
006 (18346175.005.000) 2021-03-26 18:11:44 Image size of job updated: 2787444
	2722  -  MemoryUsage of job (MB)
	2787128  -  ResidentSetSize of job (KB)
...
006 (18346175.012.000) 2021-03-26 18:11:45 Image size of job updated: 5438844
	5263  -  MemoryUsage of job (MB)
	5389004  -  ResidentSetSize of job (KB)
...
006 (18346175.010.000) 2021-03-26 18:11:45 Image size of job updated: 7014112
	6021  -  MemoryUsage of job (MB)
	6165116  -  ResidentSetSize of job (KB)
...
006 (18346175.002.000) 2021-03-26 18:11:45 Image size of job updated: 5459024
	5255  -  MemoryUsage of job (MB)
	5380964  -  ResidentSetSize of job (KB)
...
006 (18346175.009.000) 2021-03-26 18:11:45 Image size of job updated: 4374116
	4269  -  MemoryUsage of job (MB)
	4371400  -  ResidentSetSize of job (KB)
...
006 (18346175.003.000) 2021-03-26 18:11:45 Image size of job updated: 4824988
	4683  -  MemoryUsage of job (MB)
	4794696  -  ResidentSetSize of job (KB)
...
006 (18346175.006.000) 2021-03-26 18:11:45 Image size of job updated: 5135708
	4995  -  MemoryUsage of job (MB)
	5114356  -  ResidentSetSize of job (KB)
...
006 (18346175.000.000) 2021-03-26 18:11:45 Image size of job updated: 3401772
	3320  -  MemoryUsage of job (MB)
	3398876  -  ResidentSetSize of job (KB)
...
006 (18346175.022.000) 2021-03-26 18:11:45 Image size of job updated: 4234380
	4134  -  MemoryUsage of job (MB)
	4232808  -  ResidentSetSize of job (KB)
...
006 (18346175.007.000) 2021-03-26 18:11:46 Image size of job updated: 5488500
	5314  -  MemoryUsage of job (MB)
	5441512  -  ResidentSetSize of job (KB)
...
006 (18346175.008.000) 2021-03-26 18:11:46 Image size of job updated: 5491604
	5333  -  MemoryUsage of job (MB)
	5460456  -  ResidentSetSize of job (KB)
...
006 (18346175.004.000) 2021-03-26 18:11:46 Image size of job updated: 5612232
	4620  -  MemoryUsage of job (MB)
	4730328  -  ResidentSetSize of job (KB)
...
006 (18346175.001.000) 2021-03-26 18:11:46 Image size of job updated: 7654928
	7475  -  MemoryUsage of job (MB)
	7653508  -  ResidentSetSize of job (KB)
...
006 (18346175.019.000) 2021-03-26 18:11:46 Image size of job updated: 4796508
	4631  -  MemoryUsage of job (MB)
	4741524  -  ResidentSetSize of job (KB)
...
006 (18346175.020.000) 2021-03-26 18:11:46 Image size of job updated: 2789124
	2724  -  MemoryUsage of job (MB)
	2789100  -  ResidentSetSize of job (KB)
...
006 (18346175.021.000) 2021-03-26 18:11:46 Image size of job updated: 6002716
	5800  -  MemoryUsage of job (MB)
	5938796  -  ResidentSetSize of job (KB)
...
006 (18346175.024.000) 2021-03-26 18:12:18 Image size of job updated: 4803224
	4688  -  MemoryUsage of job (MB)
	4800060  -  ResidentSetSize of job (KB)
...
006 (18346175.023.000) 2021-03-26 18:12:18 Image size of job updated: 5033196
	4911  -  MemoryUsage of job (MB)
	5028768  -  ResidentSetSize of job (KB)
...
005 (18346175.010.000) 2021-03-26 18:14:40 Job terminated.
	(1) Normal termination (return value 0)
		Usr 0 00:02:55, Sys 0 00:00:12  -  Run Remote Usage
		Usr 0 00:00:00, Sys 0 00:00:00  -  Run Local Usage
		Usr 0 00:02:55, Sys 0 00:00:12  -  Total Remote Usage
		Usr 0 00:00:00, Sys 0 00:00:00  -  Total Local Usage
	0  -  Run Bytes Sent By Job
	0  -  Run Bytes Received By Job
	0  -  Total Bytes Sent By Job
	0  -  Total Bytes Received By Job
	Partitionable Resources :    Usage  Request Allocated 
	   Cpus                 :     0.63        1         1 
	   Disk (KB)            :     1     3584000   4464319 
	   Memory (MB)          :  6021        4096      4096 

	Job terminated of its own accord at 2021-03-26T17:14:40Z.
...
006 (18346175.018.000) 2021-03-26 18:14:44 Image size of job updated: 11414496
	5360  -  MemoryUsage of job (MB)
	5488480  -  ResidentSetSize of job (KB)
...
005 (18346175.018.000) 2021-03-26 18:14:44 Job terminated.
	(1) Normal termination (return value 0)
		Usr 0 00:02:56, Sys 0 00:00:14  -  Run Remote Usage
		Usr 0 00:00:00, Sys 0 00:00:00  -  Run Local Usage
		Usr 0 00:02:56, Sys 0 00:00:14  -  Total Remote Usage
		Usr 0 00:00:00, Sys 0 00:00:00  -  Total Local Usage
	0  -  Run Bytes Sent By Job
	0  -  Run Bytes Received By Job
	0  -  Total Bytes Sent By Job
	0  -  Total Bytes Received By Job
	Partitionable Resources :    Usage  Request Allocated 
	   Cpus                 :     0.66        1         1 
	   Disk (KB)            :     1     3584000   4464319 
	   Memory (MB)          :  5360        4096      4096 

	Job terminated of its own accord at 2021-03-26T17:14:44Z.
...
006 (18346175.001.000) 2021-03-26 18:14:53 Image size of job updated: 11281248
	7475  -  MemoryUsage of job (MB)
	7653508  -  ResidentSetSize of job (KB)
...
005 (18346175.001.000) 2021-03-26 18:14:53 Job terminated.
	(1) Normal termination (return value 0)
		Usr 0 00:04:15, Sys 0 00:00:25  -  Run Remote Usage
		Usr 0 00:00:00, Sys 0 00:00:00  -  Run Local Usage
		Usr 0 00:04:15, Sys 0 00:00:25  -  Total Remote Usage
		Usr 0 00:00:00, Sys 0 00:00:00  -  Total Local Usage
	0  -  Run Bytes Sent By Job
	0  -  Run Bytes Received By Job
	0  -  Total Bytes Sent By Job
	0  -  Total Bytes Received By Job
	Partitionable Resources :    Usage  Request Allocated 
	   Cpus                 :     0.49        1         1 
	   Disk (KB)            :     1     3584000   3807569 
	   Memory (MB)          :  7475        4096      4096 

	Job terminated of its own accord at 2021-03-26T17:14:53Z.
...
006 (18346175.013.000) 2021-03-26 18:15:19 Image size of job updated: 11020496
	7673  -  MemoryUsage of job (MB)
	7856964  -  ResidentSetSize of job (KB)
...
005 (18346175.013.000) 2021-03-26 18:15:19 Job terminated.
	(1) Normal termination (return value 0)
		Usr 0 00:04:15, Sys 0 00:00:22  -  Run Remote Usage
		Usr 0 00:00:00, Sys 0 00:00:00  -  Run Local Usage
		Usr 0 00:04:15, Sys 0 00:00:22  -  Total Remote Usage
		Usr 0 00:00:00, Sys 0 00:00:00  -  Total Local Usage
	0  -  Run Bytes Sent By Job
	0  -  Run Bytes Received By Job
	0  -  Total Bytes Sent By Job
	0  -  Total Bytes Received By Job
	Partitionable Resources :    Usage  Request Allocated 
	   Cpus                 :     0.48        1         1 
	   Disk (KB)            :     1     3584000   3807569 
	   Memory (MB)          :  7673        4096      4096 

	Job terminated of its own accord at 2021-03-26T17:15:19Z.
...
006 (18346175.016.000) 2021-03-26 18:15:52 Image size of job updated: 11412896
	4118  -  MemoryUsage of job (MB)
	4216304  -  ResidentSetSize of job (KB)
...
005 (18346175.016.000) 2021-03-26 18:15:52 Job terminated.
	(1) Normal termination (return value 0)
		Usr 0 00:03:25, Sys 0 00:00:20  -  Run Remote Usage
		Usr 0 00:00:00, Sys 0 00:00:00  -  Run Local Usage
		Usr 0 00:03:25, Sys 0 00:00:20  -  Total Remote Usage
		Usr 0 00:00:00, Sys 0 00:00:00  -  Total Local Usage
	0  -  Run Bytes Sent By Job
	0  -  Run Bytes Received By Job
	0  -  Total Bytes Sent By Job
	0  -  Total Bytes Received By Job
	Partitionable Resources :    Usage  Request Allocated 
	   Cpus                 :     0.34        1         1 
	   Disk (KB)            :     1     3584000   4466327 
	   Memory (MB)          :  4118        4096      4096 

	Job terminated of its own accord at 2021-03-26T17:15:52Z.
...
006 (18346175.015.000) 2021-03-26 18:16:17 Image size of job updated: 11316224
	5372  -  MemoryUsage of job (MB)
	5500564  -  ResidentSetSize of job (KB)
...
005 (18346175.015.000) 2021-03-26 18:16:17 Job terminated.
	(1) Normal termination (return value 0)
		Usr 0 00:04:19, Sys 0 00:00:22  -  Run Remote Usage
		Usr 0 00:00:00, Sys 0 00:00:00  -  Run Local Usage
		Usr 0 00:04:19, Sys 0 00:00:22  -  Total Remote Usage
		Usr 0 00:00:00, Sys 0 00:00:00  -  Total Local Usage
	0  -  Run Bytes Sent By Job
	0  -  Run Bytes Received By Job
	0  -  Total Bytes Sent By Job
	0  -  Total Bytes Received By Job
	Partitionable Resources :    Usage  Request Allocated 
	   Cpus                 :     0.42        1         1 
	   Disk (KB)            :     1     3584000   3955549 
	   Memory (MB)          :  5372        4096      4096 

	Job terminated of its own accord at 2021-03-26T17:16:17Z.
...
006 (18346175.007.000) 2021-03-26 18:16:20 Image size of job updated: 11280560
	5315  -  MemoryUsage of job (MB)
	5441548  -  ResidentSetSize of job (KB)
...
005 (18346175.007.000) 2021-03-26 18:16:20 Job terminated.
	(1) Normal termination (return value 0)
		Usr 0 00:04:21, Sys 0 00:00:23  -  Run Remote Usage
		Usr 0 00:00:00, Sys 0 00:00:00  -  Run Local Usage
		Usr 0 00:04:21, Sys 0 00:00:23  -  Total Remote Usage
		Usr 0 00:00:00, Sys 0 00:00:00  -  Total Local Usage
	0  -  Run Bytes Sent By Job
	0  -  Run Bytes Received By Job
	0  -  Total Bytes Sent By Job
	0  -  Total Bytes Received By Job
	Partitionable Resources :    Usage  Request Allocated 
	   Cpus                 :     0.77        1         1 
	   Disk (KB)            :     1     3584000   3955549 
	   Memory (MB)          :  5315        4096      4096 

	Job terminated of its own accord at 2021-03-26T17:16:20Z.
...
006 (18346175.011.000) 2021-03-26 18:16:44 Image size of job updated: 7465420
	3954  -  MemoryUsage of job (MB)
	4048424  -  ResidentSetSize of job (KB)
...
006 (18346175.017.000) 2021-03-26 18:16:44 Image size of job updated: 7288720
	5225  -  MemoryUsage of job (MB)
	5350364  -  ResidentSetSize of job (KB)
...
006 (18346175.014.000) 2021-03-26 18:16:44 Image size of job updated: 10008656
	8703  -  MemoryUsage of job (MB)
	8911768  -  ResidentSetSize of job (KB)
...
006 (18346175.005.000) 2021-03-26 18:16:45 Image size of job updated: 5266868
	4030  -  MemoryUsage of job (MB)
	4126160  -  ResidentSetSize of job (KB)
...
006 (18346175.012.000) 2021-03-26 18:16:45 Image size of job updated: 9479852
	9257  -  MemoryUsage of job (MB)
	9478944  -  ResidentSetSize of job (KB)
...
006 (18346175.002.000) 2021-03-26 18:16:45 Image size of job updated: 8448176
	5255  -  MemoryUsage of job (MB)
	5380964  -  ResidentSetSize of job (KB)
...
006 (18346175.022.000) 2021-03-26 18:16:46 Image size of job updated: 9286032
	9068  -  MemoryUsage of job (MB)
	9284968  -  ResidentSetSize of job (KB)
...
006 (18346175.004.000) 2021-03-26 18:16:46 Image size of job updated: 9866580
	8684  -  MemoryUsage of job (MB)
	8891572  -  ResidentSetSize of job (KB)
...
006 (18346175.008.000) 2021-03-26 18:16:46 Image size of job updated: 9568500
	9336  -  MemoryUsage of job (MB)
	9559764  -  ResidentSetSize of job (KB)
...
006 (18346175.009.000) 2021-03-26 18:16:46 Image size of job updated: 10105564
	9867  -  MemoryUsage of job (MB)
	10103180  -  ResidentSetSize of job (KB)
...
006 (18346175.003.000) 2021-03-26 18:16:46 Image size of job updated: 8198296
	5369  -  MemoryUsage of job (MB)
	5497668  -  ResidentSetSize of job (KB)
...
006 (18346175.006.000) 2021-03-26 18:16:46 Image size of job updated: 9377840
	9137  -  MemoryUsage of job (MB)
	9355912  -  ResidentSetSize of job (KB)
...
006 (18346175.000.000) 2021-03-26 18:16:46 Image size of job updated: 6637528
	3920  -  MemoryUsage of job (MB)
	4013896  -  ResidentSetSize of job (KB)
...
006 (18346175.019.000) 2021-03-26 18:16:47 Image size of job updated: 8065524
	5254  -  MemoryUsage of job (MB)
	5379640  -  ResidentSetSize of job (KB)
...
006 (18346175.020.000) 2021-03-26 18:16:47 Image size of job updated: 5272360
	4050  -  MemoryUsage of job (MB)
	4146420  -  ResidentSetSize of job (KB)
...
006 (18346175.021.000) 2021-03-26 18:16:47 Image size of job updated: 10835976
	9981  -  MemoryUsage of job (MB)
	10219684  -  ResidentSetSize of job (KB)
...
006 (18346175.023.000) 2021-03-26 18:17:18 Image size of job updated: 9204840
	8984  -  MemoryUsage of job (MB)
	9198996  -  ResidentSetSize of job (KB)
...
006 (18346175.024.000) 2021-03-26 18:17:18 Image size of job updated: 9324616
	9103  -  MemoryUsage of job (MB)
	9321448  -  ResidentSetSize of job (KB)
...
005 (18346175.021.000) 2021-03-26 18:17:35 Job terminated.
	(1) Normal termination (return value 0)
		Usr 0 00:04:55, Sys 0 00:00:29  -  Run Remote Usage
		Usr 0 00:00:00, Sys 0 00:00:00  -  Run Local Usage
		Usr 0 00:04:55, Sys 0 00:00:29  -  Total Remote Usage
		Usr 0 00:00:00, Sys 0 00:00:00  -  Total Local Usage
	0  -  Run Bytes Sent By Job
	0  -  Run Bytes Received By Job
	0  -  Total Bytes Sent By Job
	0  -  Total Bytes Received By Job
	Partitionable Resources :    Usage  Request Allocated 
	   Cpus                 :     0.40        1         1 
	   Disk (KB)            :     1     3584000   4820428 
	   Memory (MB)          :  9981        4096      4096 

	Job terminated of its own accord at 2021-03-26T17:17:35Z.
...
006 (18346175.009.000) 2021-03-26 18:17:41 Image size of job updated: 11416320
	9867  -  MemoryUsage of job (MB)
	10103280  -  ResidentSetSize of job (KB)
...
005 (18346175.009.000) 2021-03-26 18:17:41 Job terminated.
	(1) Normal termination (return value 0)
		Usr 0 00:05:11, Sys 0 00:00:32  -  Run Remote Usage
		Usr 0 00:00:00, Sys 0 00:00:00  -  Run Local Usage
		Usr 0 00:05:11, Sys 0 00:00:32  -  Total Remote Usage
		Usr 0 00:00:00, Sys 0 00:00:00  -  Total Local Usage
	0  -  Run Bytes Sent By Job
	0  -  Run Bytes Received By Job
	0  -  Total Bytes Sent By Job
	0  -  Total Bytes Received By Job
	Partitionable Resources :    Usage  Request Allocated 
	   Cpus                 :     0.67        1         1 
	   Disk (KB)            :     1     3584000   4809633 
	   Memory (MB)          :  9867        4096      4096 

	Job terminated of its own accord at 2021-03-26T17:17:41Z.
...
006 (18346175.014.000) 2021-03-26 18:18:29 Image size of job updated: 11296140
	8703  -  MemoryUsage of job (MB)
	8911768  -  ResidentSetSize of job (KB)
...
005 (18346175.014.000) 2021-03-26 18:18:29 Job terminated.
	(1) Normal termination (return value 0)
		Usr 0 00:04:08, Sys 0 00:00:21  -  Run Remote Usage
		Usr 0 00:00:00, Sys 0 00:00:00  -  Run Local Usage
		Usr 0 00:04:08, Sys 0 00:00:21  -  Total Remote Usage
		Usr 0 00:00:00, Sys 0 00:00:00  -  Total Local Usage
	0  -  Run Bytes Sent By Job
	0  -  Run Bytes Received By Job
	0  -  Total Bytes Sent By Job
	0  -  Total Bytes Received By Job
	Partitionable Resources :    Usage  Request Allocated 
	   Cpus                 :     0.33        1         1 
	   Disk (KB)            :     1     3584000   4293305 
	   Memory (MB)          :  8703        4096      4096 

	Job terminated of its own accord at 2021-03-26T17:18:29Z.
...
005 (18346175.022.000) 2021-03-26 18:18:34 Job terminated.
	(1) Normal termination (return value 0)
		Usr 0 00:05:56, Sys 0 00:00:35  -  Run Remote Usage
		Usr 0 00:00:00, Sys 0 00:00:00  -  Run Local Usage
		Usr 0 00:05:56, Sys 0 00:00:35  -  Total Remote Usage
		Usr 0 00:00:00, Sys 0 00:00:00  -  Total Local Usage
	0  -  Run Bytes Sent By Job
	0  -  Run Bytes Received By Job
	0  -  Total Bytes Sent By Job
	0  -  Total Bytes Received By Job
	Partitionable Resources :    Usage  Request Allocated 
	   Cpus                 :     0.63        1         1 
	   Disk (KB)            :     1     3584000   4809633 
	   Memory (MB)          :  9068        4096      4096 

	Job terminated of its own accord at 2021-03-26T17:18:34Z.
...
006 (18346175.004.000) 2021-03-26 18:18:37 Image size of job updated: 11345680
	8684  -  MemoryUsage of job (MB)
	8891584  -  ResidentSetSize of job (KB)
...
005 (18346175.004.000) 2021-03-26 18:18:37 Job terminated.
	(1) Normal termination (return value 0)
		Usr 0 00:04:10, Sys 0 00:00:22  -  Run Remote Usage
		Usr 0 00:00:00, Sys 0 00:00:00  -  Run Local Usage
		Usr 0 00:04:10, Sys 0 00:00:22  -  Total Remote Usage
		Usr 0 00:00:00, Sys 0 00:00:00  -  Total Local Usage
	0  -  Run Bytes Sent By Job
	0  -  Run Bytes Received By Job
	0  -  Total Bytes Sent By Job
	0  -  Total Bytes Received By Job
	Partitionable Resources :    Usage  Request Allocated 
	   Cpus                 :     0.42        1         1 
	   Disk (KB)            :     1     3584000   4293305 
	   Memory (MB)          :  8684        4096      4096 

	Job terminated of its own accord at 2021-03-26T17:18:37Z.
...
006 (18346175.006.000) 2021-03-26 18:18:55 Image size of job updated: 11423400
	9137  -  MemoryUsage of job (MB)
	9355912  -  ResidentSetSize of job (KB)
...
005 (18346175.006.000) 2021-03-26 18:18:55 Job terminated.
	(1) Normal termination (return value 0)
		Usr 0 00:05:54, Sys 0 00:00:36  -  Run Remote Usage
		Usr 0 00:00:00, Sys 0 00:00:00  -  Run Local Usage
		Usr 0 00:05:54, Sys 0 00:00:36  -  Total Remote Usage
		Usr 0 00:00:00, Sys 0 00:00:00  -  Total Local Usage
	0  -  Run Bytes Sent By Job
	0  -  Run Bytes Received By Job
	0  -  Total Bytes Sent By Job
	0  -  Total Bytes Received By Job
	Partitionable Resources :    Usage  Request Allocated 
	   Cpus                 :     0.61        1         1 
	   Disk (KB)            :     1     3584000   4820428 
	   Memory (MB)          :  9137        4096      4096 

	Job terminated of its own accord at 2021-03-26T17:18:55Z.
...
006 (18346175.008.000) 2021-03-26 18:19:01 Image size of job updated: 11256340
	9336  -  MemoryUsage of job (MB)
	9559764  -  ResidentSetSize of job (KB)
...
005 (18346175.008.000) 2021-03-26 18:19:01 Job terminated.
	(1) Normal termination (return value 0)
		Usr 0 00:05:11, Sys 0 00:00:27  -  Run Remote Usage
		Usr 0 00:00:00, Sys 0 00:00:00  -  Run Local Usage
		Usr 0 00:05:11, Sys 0 00:00:27  -  Total Remote Usage
		Usr 0 00:00:00, Sys 0 00:00:00  -  Total Local Usage
	0  -  Run Bytes Sent By Job
	0  -  Run Bytes Received By Job
	0  -  Total Bytes Sent By Job
	0  -  Total Bytes Received By Job
	Partitionable Resources :    Usage  Request Allocated 
	   Cpus                 :     0.42        1         1 
	   Disk (KB)            :     1     3584000   4640721 
	   Memory (MB)          :  9336        4096      4096 
...
006 (18346175.012.000) 2021-03-26 18:19:05 Image size of job updated: 11274512
	9257  -  MemoryUsage of job (MB)
	9478944  -  ResidentSetSize of job (KB)
...
005 (18346175.012.000) 2021-03-26 18:19:06 Job terminated.
	(1) Normal termination (return value 0)
		Usr 0 00:05:14, Sys 0 00:00:27  -  Run Remote Usage
		Usr 0 00:00:00, Sys 0 00:00:00  -  Run Local Usage
		Usr 0 00:05:14, Sys 0 00:00:27  -  Total Remote Usage
		Usr 0 00:00:00, Sys 0 00:00:00  -  Total Local Usage
	0  -  Run Bytes Sent By Job
	0  -  Run Bytes Received By Job
	0  -  Total Bytes Sent By Job
	0  -  Total Bytes Received By Job
	Partitionable Resources :    Usage  Request Allocated 
	   Cpus                 :     0.50        1         1 
	   Disk (KB)            :     1     3584000   4640721 
	   Memory (MB)          :  9257        4096      4096 
...
006 (18346175.023.000) 2021-03-26 18:19:52 Image size of job updated: 11278216
	8984  -  MemoryUsage of job (MB)
	9199088  -  ResidentSetSize of job (KB)
...
005 (18346175.023.000) 2021-03-26 18:19:52 Job terminated.
	(1) Normal termination (return value 0)
		Usr 0 00:04:13, Sys 0 00:00:26  -  Run Remote Usage
		Usr 0 00:00:00, Sys 0 00:00:00  -  Run Local Usage
		Usr 0 00:04:13, Sys 0 00:00:26  -  Total Remote Usage
		Usr 0 00:00:00, Sys 0 00:00:00  -  Total Local Usage
	0  -  Run Bytes Sent By Job
	0  -  Run Bytes Received By Job
	0  -  Total Bytes Sent By Job
	0  -  Total Bytes Received By Job
	Partitionable Resources :    Usage  Request Allocated 
	   Cpus                 :     0.41        1         1 
	   Disk (KB)            :     1     3584000   4289788 
	   Memory (MB)          :  8984        4096      4096 

	Job terminated of its own accord at 2021-03-26T17:19:52Z.
...
006 (18346175.024.000) 2021-03-26 18:20:10 Image size of job updated: 11277508
	9103  -  MemoryUsage of job (MB)
	9321448  -  ResidentSetSize of job (KB)
...
005 (18346175.024.000) 2021-03-26 18:20:10 Job terminated.
	(1) Normal termination (return value 0)
		Usr 0 00:04:47, Sys 0 00:00:28  -  Run Remote Usage
		Usr 0 00:00:00, Sys 0 00:00:00  -  Run Local Usage
		Usr 0 00:04:47, Sys 0 00:00:28  -  Total Remote Usage
		Usr 0 00:00:00, Sys 0 00:00:00  -  Total Local Usage
	0  -  Run Bytes Sent By Job
	0  -  Run Bytes Received By Job
	0  -  Total Bytes Sent By Job
	0  -  Total Bytes Received By Job
	Partitionable Resources :    Usage  Request Allocated 
	   Cpus                 :     0.10        1         1 
	   Disk (KB)            :     1     3584000   4771907 
	   Memory (MB)          :  9103        4096      4096 

	Job terminated of its own accord at 2021-03-26T17:20:10Z.
...
005 (18346175.002.000) 2021-03-26 18:20:46 Job terminated.
	(1) Normal termination (return value 0)
		Usr 0 00:04:17, Sys 0 00:00:31  -  Run Remote Usage
		Usr 0 00:00:00, Sys 0 00:00:00  -  Run Local Usage
		Usr 0 00:04:17, Sys 0 00:00:31  -  Total Remote Usage
		Usr 0 00:00:00, Sys 0 00:00:00  -  Total Local Usage
	0  -  Run Bytes Sent By Job
	0  -  Run Bytes Received By Job
	0  -  Total Bytes Sent By Job
	0  -  Total Bytes Received By Job
	Partitionable Resources :    Usage  Request Allocated 
	   Cpus                 :     0.39        1         1 
	   Disk (KB)            :     1     3584000   3838566 
	   Memory (MB)          :  5255        4096      4096 

	Job terminated of its own accord at 2021-03-26T17:20:46Z.
...
005 (18346175.003.000) 2021-03-26 18:20:47 Job terminated.
	(1) Normal termination (return value 0)
		Usr 0 00:05:55, Sys 0 00:00:36  -  Run Remote Usage
		Usr 0 00:00:00, Sys 0 00:00:00  -  Run Local Usage
		Usr 0 00:05:55, Sys 0 00:00:36  -  Total Remote Usage
		Usr 0 00:00:00, Sys 0 00:00:00  -  Total Local Usage
	0  -  Run Bytes Sent By Job
	0  -  Run Bytes Received By Job
	0  -  Total Bytes Sent By Job
	0  -  Total Bytes Received By Job
	Partitionable Resources :    Usage  Request Allocated 
	   Cpus                 :     0.57        1         1 
	   Disk (KB)            :     1     3584000   4435330 
	   Memory (MB)          :  5369        4096      4096 

	Job terminated of its own accord at 2021-03-26T17:20:47Z.
...
006 (18346175.019.000) 2021-03-26 18:20:56 Image size of job updated: 9383352
	5254  -  MemoryUsage of job (MB)
	5379640  -  ResidentSetSize of job (KB)
...
005 (18346175.019.000) 2021-03-26 18:20:56 Job terminated.
	(1) Normal termination (return value 0)
		Usr 0 00:06:00, Sys 0 00:00:39  -  Run Remote Usage
		Usr 0 00:00:00, Sys 0 00:00:00  -  Run Local Usage
		Usr 0 00:06:00, Sys 0 00:00:39  -  Total Remote Usage
		Usr 0 00:00:00, Sys 0 00:00:00  -  Total Local Usage
	0  -  Run Bytes Sent By Job
	0  -  Run Bytes Received By Job
	0  -  Total Bytes Sent By Job
	0  -  Total Bytes Received By Job
	Partitionable Resources :    Usage  Request Allocated 
	   Cpus                 :     0.77        1         1 
	   Disk (KB)            :     1     3584000   4435330 
	   Memory (MB)          :  5254        4096      4096 

	Job terminated of its own accord at 2021-03-26T17:20:56Z.
...
006 (18346175.005.000) 2021-03-26 18:21:45 Image size of job updated: 7889164
	4031  -  MemoryUsage of job (MB)
	4127208  -  ResidentSetSize of job (KB)
...
006 (18346175.011.000) 2021-03-26 18:21:45 Image size of job updated: 11333384
	4721  -  MemoryUsage of job (MB)
	4833556  -  ResidentSetSize of job (KB)
...
006 (18346175.017.000) 2021-03-26 18:21:45 Image size of job updated: 10912160
	5551  -  MemoryUsage of job (MB)
	5683888  -  ResidentSetSize of job (KB)
...
006 (18346175.000.000) 2021-03-26 18:21:47 Image size of job updated: 9663724
	3920  -  MemoryUsage of job (MB)
	4013896  -  ResidentSetSize of job (KB)
...
006 (18346175.020.000) 2021-03-26 18:21:47 Image size of job updated: 7823032
	4050  -  MemoryUsage of job (MB)
	4146420  -  ResidentSetSize of job (KB)
...
006 (18346175.011.000) 2021-03-26 18:21:51 Image size of job updated: 11343624
	4721  -  MemoryUsage of job (MB)
	4833576  -  ResidentSetSize of job (KB)
...
005 (18346175.011.000) 2021-03-26 18:21:51 Job terminated.
	(1) Normal termination (return value 0)
		Usr 0 00:05:09, Sys 0 00:00:27  -  Run Remote Usage
		Usr 0 00:00:00, Sys 0 00:00:00  -  Run Local Usage
		Usr 0 00:05:09, Sys 0 00:00:27  -  Total Remote Usage
		Usr 0 00:00:00, Sys 0 00:00:00  -  Total Local Usage
	0  -  Run Bytes Sent By Job
	0  -  Run Bytes Received By Job
	0  -  Total Bytes Sent By Job
	0  -  Total Bytes Received By Job
	Partitionable Resources :    Usage  Request Allocated 
	   Cpus                 :     0.44        1         1 
	   Disk (KB)            :     1     3584000   3967773 
	   Memory (MB)          :  4721        4096      4096 

	Job terminated of its own accord at 2021-03-26T17:21:51Z.
...
006 (18346175.017.000) 2021-03-26 18:22:10 Image size of job updated: 10912160
	5551  -  MemoryUsage of job (MB)
	5683952  -  ResidentSetSize of job (KB)
...
005 (18346175.017.000) 2021-03-26 18:22:10 Job terminated.
	(1) Normal termination (return value 0)
		Usr 0 00:04:15, Sys 0 00:00:27  -  Run Remote Usage
		Usr 0 00:00:00, Sys 0 00:00:00  -  Run Local Usage
		Usr 0 00:04:15, Sys 0 00:00:27  -  Total Remote Usage
		Usr 0 00:00:00, Sys 0 00:00:00  -  Total Local Usage
	0  -  Run Bytes Sent By Job
	0  -  Run Bytes Received By Job
	0  -  Total Bytes Sent By Job
	0  -  Total Bytes Received By Job
	Partitionable Resources :    Usage  Request Allocated 
	   Cpus                 :     0.59        1         1 
	   Disk (KB)            :     1     3584000   3838566 
	   Memory (MB)          :  5551        4096      4096 

	Job terminated of its own accord at 2021-03-26T17:22:10Z.
...
006 (18346175.000.000) 2021-03-26 18:23:42 Image size of job updated: 11394356
	3920  -  MemoryUsage of job (MB)
	4013896  -  ResidentSetSize of job (KB)
...
005 (18346175.000.000) 2021-03-26 18:23:42 Job terminated.
	(1) Normal termination (return value 0)
		Usr 0 00:06:16, Sys 0 00:00:40  -  Run Remote Usage
		Usr 0 00:00:00, Sys 0 00:00:00  -  Run Local Usage
		Usr 0 00:06:16, Sys 0 00:00:40  -  Total Remote Usage
		Usr 0 00:00:00, Sys 0 00:00:00  -  Total Local Usage
	0  -  Run Bytes Sent By Job
	0  -  Run Bytes Received By Job
	0  -  Total Bytes Sent By Job
	0  -  Total Bytes Received By Job
	Partitionable Resources :    Usage  Request Allocated 
	   Cpus                 :     0.55        1         1 
	   Disk (KB)            :     1     3584000   4473901 
	   Memory (MB)          :  3920        4096      4096 

	Job terminated of its own accord at 2021-03-26T17:23:42Z.
...
006 (18346175.005.000) 2021-03-26 18:26:45 Image size of job updated: 10761096
	4031  -  MemoryUsage of job (MB)
	4127208  -  ResidentSetSize of job (KB)
...
006 (18346175.020.000) 2021-03-26 18:26:47 Image size of job updated: 10748204
	4050  -  MemoryUsage of job (MB)
	4146420  -  ResidentSetSize of job (KB)
...
006 (18346175.005.000) 2021-03-26 18:27:38 Image size of job updated: 11370320
	4031  -  MemoryUsage of job (MB)
	4127208  -  ResidentSetSize of job (KB)
...
005 (18346175.005.000) 2021-03-26 18:27:38 Job terminated.
	(1) Normal termination (return value 0)
		Usr 0 00:06:56, Sys 0 00:00:38  -  Run Remote Usage
		Usr 0 00:00:00, Sys 0 00:00:00  -  Run Local Usage
		Usr 0 00:06:56, Sys 0 00:00:38  -  Total Remote Usage
		Usr 0 00:00:00, Sys 0 00:00:00  -  Total Local Usage
	0  -  Run Bytes Sent By Job
	0  -  Run Bytes Received By Job
	0  -  Total Bytes Sent By Job
	0  -  Total Bytes Received By Job
	Partitionable Resources :    Usage  Request Allocated 
	   Cpus                 :     0.37        1         1 
	   Disk (KB)            :     1     3584000   4430893 
	   Memory (MB)          :  4031        4096      4096 

	Job terminated of its own accord at 2021-03-26T17:27:38Z.
...
006 (18346175.020.000) 2021-03-26 18:27:38 Image size of job updated: 11357164
	4050  -  MemoryUsage of job (MB)
	4146420  -  ResidentSetSize of job (KB)
...
005 (18346175.020.000) 2021-03-26 18:27:39 Job terminated.
	(1) Normal termination (return value 0)
		Usr 0 00:06:59, Sys 0 00:00:39  -  Run Remote Usage
		Usr 0 00:00:00, Sys 0 00:00:00  -  Run Local Usage
		Usr 0 00:06:59, Sys 0 00:00:39  -  Total Remote Usage
		Usr 0 00:00:00, Sys 0 00:00:00  -  Total Local Usage
	0  -  Run Bytes Sent By Job
	0  -  Run Bytes Received By Job
	0  -  Total Bytes Sent By Job
	0  -  Total Bytes Received By Job
	Partitionable Resources :    Usage  Request Allocated 
	   Cpus                 :     0.41        1         1 
	   Disk (KB)            :     1     3584000   4430893 
	   Memory (MB)          :  4050        4096      4096 

	Job terminated of its own accord at 2021-03-26T17:27:38Z.
...
