hadd Target file: /nfs/dust/cms/user/albrecha/uhh2_102X_v2/HOTVRStudiesOutput/_0_0.05_1_mu30/uhh2.AnalysisModuleRunner.MC.QCD_flat_prod6.root
hadd compression setting for all ouput: 1
hadd Source file 1: /nfs/dust/cms/user/albrecha/uhh2_102X_v2/HOTVRStudiesOutput/_0_0.05_1_mu30/workdir_HOTVRStudies/uhh2.AnalysisModuleRunner.MC.QCD_flat_prod6_0.root
hadd Source file 2: /nfs/dust/cms/user/albrecha/uhh2_102X_v2/HOTVRStudiesOutput/_0_0.05_1_mu30/workdir_HOTVRStudies/uhh2.AnalysisModuleRunner.MC.QCD_flat_prod6_1.root
hadd Source file 3: /nfs/dust/cms/user/albrecha/uhh2_102X_v2/HOTVRStudiesOutput/_0_0.05_1_mu30/workdir_HOTVRStudies/uhh2.AnalysisModuleRunner.MC.QCD_flat_prod6_2.root
hadd Source file 4: /nfs/dust/cms/user/albrecha/uhh2_102X_v2/HOTVRStudiesOutput/_0_0.05_1_mu30/workdir_HOTVRStudies/uhh2.AnalysisModuleRunner.MC.QCD_flat_prod6_3.root
hadd Source file 5: /nfs/dust/cms/user/albrecha/uhh2_102X_v2/HOTVRStudiesOutput/_0_0.05_1_mu30/workdir_HOTVRStudies/uhh2.AnalysisModuleRunner.MC.QCD_flat_prod6_4.root
hadd Source file 6: /nfs/dust/cms/user/albrecha/uhh2_102X_v2/HOTVRStudiesOutput/_0_0.05_1_mu30/workdir_HOTVRStudies/uhh2.AnalysisModuleRunner.MC.QCD_flat_prod6_5.root
hadd Source file 7: /nfs/dust/cms/user/albrecha/uhh2_102X_v2/HOTVRStudiesOutput/_0_0.05_1_mu30/workdir_HOTVRStudies/uhh2.AnalysisModuleRunner.MC.QCD_flat_prod6_6.root
hadd Source file 8: /nfs/dust/cms/user/albrecha/uhh2_102X_v2/HOTVRStudiesOutput/_0_0.05_1_mu30/workdir_HOTVRStudies/uhh2.AnalysisModuleRunner.MC.QCD_flat_prod6_7.root
hadd Source file 9: /nfs/dust/cms/user/albrecha/uhh2_102X_v2/HOTVRStudiesOutput/_0_0.05_1_mu30/workdir_HOTVRStudies/uhh2.AnalysisModuleRunner.MC.QCD_flat_prod6_8.root
hadd Source file 10: /nfs/dust/cms/user/albrecha/uhh2_102X_v2/HOTVRStudiesOutput/_0_0.05_1_mu30/workdir_HOTVRStudies/uhh2.AnalysisModuleRunner.MC.QCD_flat_prod6_9.root
hadd Source file 11: /nfs/dust/cms/user/albrecha/uhh2_102X_v2/HOTVRStudiesOutput/_0_0.05_1_mu30/workdir_HOTVRStudies/uhh2.AnalysisModuleRunner.MC.QCD_flat_prod6_10.root
hadd Source file 12: /nfs/dust/cms/user/albrecha/uhh2_102X_v2/HOTVRStudiesOutput/_0_0.05_1_mu30/workdir_HOTVRStudies/uhh2.AnalysisModuleRunner.MC.QCD_flat_prod6_11.root
hadd Source file 13: /nfs/dust/cms/user/albrecha/uhh2_102X_v2/HOTVRStudiesOutput/_0_0.05_1_mu30/workdir_HOTVRStudies/uhh2.AnalysisModuleRunner.MC.QCD_flat_prod6_12.root
hadd Source file 14: /nfs/dust/cms/user/albrecha/uhh2_102X_v2/HOTVRStudiesOutput/_0_0.05_1_mu30/workdir_HOTVRStudies/uhh2.AnalysisModuleRunner.MC.QCD_flat_prod6_13.root
hadd Source file 15: /nfs/dust/cms/user/albrecha/uhh2_102X_v2/HOTVRStudiesOutput/_0_0.05_1_mu30/workdir_HOTVRStudies/uhh2.AnalysisModuleRunner.MC.QCD_flat_prod6_14.root
hadd Source file 16: /nfs/dust/cms/user/albrecha/uhh2_102X_v2/HOTVRStudiesOutput/_0_0.05_1_mu30/workdir_HOTVRStudies/uhh2.AnalysisModuleRunner.MC.QCD_flat_prod6_15.root
hadd Source file 17: /nfs/dust/cms/user/albrecha/uhh2_102X_v2/HOTVRStudiesOutput/_0_0.05_1_mu30/workdir_HOTVRStudies/uhh2.AnalysisModuleRunner.MC.QCD_flat_prod6_16.root
hadd Source file 18: /nfs/dust/cms/user/albrecha/uhh2_102X_v2/HOTVRStudiesOutput/_0_0.05_1_mu30/workdir_HOTVRStudies/uhh2.AnalysisModuleRunner.MC.QCD_flat_prod6_17.root
hadd Source file 19: /nfs/dust/cms/user/albrecha/uhh2_102X_v2/HOTVRStudiesOutput/_0_0.05_1_mu30/workdir_HOTVRStudies/uhh2.AnalysisModuleRunner.MC.QCD_flat_prod6_18.root
hadd Source file 20: /nfs/dust/cms/user/albrecha/uhh2_102X_v2/HOTVRStudiesOutput/_0_0.05_1_mu30/workdir_HOTVRStudies/uhh2.AnalysisModuleRunner.MC.QCD_flat_prod6_19.root
hadd Source file 21: /nfs/dust/cms/user/albrecha/uhh2_102X_v2/HOTVRStudiesOutput/_0_0.05_1_mu30/workdir_HOTVRStudies/uhh2.AnalysisModuleRunner.MC.QCD_flat_prod6_20.root
hadd Source file 22: /nfs/dust/cms/user/albrecha/uhh2_102X_v2/HOTVRStudiesOutput/_0_0.05_1_mu30/workdir_HOTVRStudies/uhh2.AnalysisModuleRunner.MC.QCD_flat_prod6_21.root
hadd Source file 23: /nfs/dust/cms/user/albrecha/uhh2_102X_v2/HOTVRStudiesOutput/_0_0.05_1_mu30/workdir_HOTVRStudies/uhh2.AnalysisModuleRunner.MC.QCD_flat_prod6_22.root
hadd Source file 24: /nfs/dust/cms/user/albrecha/uhh2_102X_v2/HOTVRStudiesOutput/_0_0.05_1_mu30/workdir_HOTVRStudies/uhh2.AnalysisModuleRunner.MC.QCD_flat_prod6_23.root
hadd Source file 25: /nfs/dust/cms/user/albrecha/uhh2_102X_v2/HOTVRStudiesOutput/_0_0.05_1_mu30/workdir_HOTVRStudies/uhh2.AnalysisModuleRunner.MC.QCD_flat_prod6_24.root
hadd Target path: /nfs/dust/cms/user/albrecha/uhh2_102X_v2/HOTVRStudiesOutput/_0_0.05_1_mu30/uhh2.AnalysisModuleRunner.MC.QCD_flat_prod6.root:/
hadd Target path: /nfs/dust/cms/user/albrecha/uhh2_102X_v2/HOTVRStudiesOutput/_0_0.05_1_mu30/uhh2.AnalysisModuleRunner.MC.QCD_flat_prod6.root:/HOTVRJetsHists_hotvr_jets
hadd Target path: /nfs/dust/cms/user/albrecha/uhh2_102X_v2/HOTVRStudiesOutput/_0_0.05_1_mu30/uhh2.AnalysisModuleRunner.MC.QCD_flat_prod6.root:/HOTVRJetsHists_hotvr_jets_200
hadd Target path: /nfs/dust/cms/user/albrecha/uhh2_102X_v2/HOTVRStudiesOutput/_0_0.05_1_mu30/uhh2.AnalysisModuleRunner.MC.QCD_flat_prod6.root:/HOTVRJetsHists_hotvr_jets_400
hadd Target path: /nfs/dust/cms/user/albrecha/uhh2_102X_v2/HOTVRStudiesOutput/_0_0.05_1_mu30/uhh2.AnalysisModuleRunner.MC.QCD_flat_prod6.root:/HOTVRJetsHists_hotvr_jets_600
hadd Target path: /nfs/dust/cms/user/albrecha/uhh2_102X_v2/HOTVRStudiesOutput/_0_0.05_1_mu30/uhh2.AnalysisModuleRunner.MC.QCD_flat_prod6.root:/HOTVRJetsHists_hotvr_jets_800
hadd Target path: /nfs/dust/cms/user/albrecha/uhh2_102X_v2/HOTVRStudiesOutput/_0_0.05_1_mu30/uhh2.AnalysisModuleRunner.MC.QCD_flat_prod6.root:/HOTVRJetsHists_hotvr_jets_1000
hadd Target path: /nfs/dust/cms/user/albrecha/uhh2_102X_v2/HOTVRStudiesOutput/_0_0.05_1_mu30/uhh2.AnalysisModuleRunner.MC.QCD_flat_prod6.root:/HOTVRJetsHists_hotvr_jets_Nsub3
hadd Target path: /nfs/dust/cms/user/albrecha/uhh2_102X_v2/HOTVRStudiesOutput/_0_0.05_1_mu30/uhh2.AnalysisModuleRunner.MC.QCD_flat_prod6.root:/HOTVRJetsHists_hotvr_jets_Nsub3_200
hadd Target path: /nfs/dust/cms/user/albrecha/uhh2_102X_v2/HOTVRStudiesOutput/_0_0.05_1_mu30/uhh2.AnalysisModuleRunner.MC.QCD_flat_prod6.root:/HOTVRJetsHists_hotvr_jets_Nsub3_400
hadd Target path: /nfs/dust/cms/user/albrecha/uhh2_102X_v2/HOTVRStudiesOutput/_0_0.05_1_mu30/uhh2.AnalysisModuleRunner.MC.QCD_flat_prod6.root:/HOTVRJetsHists_hotvr_jets_Nsub3_600
hadd Target path: /nfs/dust/cms/user/albrecha/uhh2_102X_v2/HOTVRStudiesOutput/_0_0.05_1_mu30/uhh2.AnalysisModuleRunner.MC.QCD_flat_prod6.root:/HOTVRJetsHists_hotvr_jets_Nsub3_800
hadd Target path: /nfs/dust/cms/user/albrecha/uhh2_102X_v2/HOTVRStudiesOutput/_0_0.05_1_mu30/uhh2.AnalysisModuleRunner.MC.QCD_flat_prod6.root:/HOTVRJetsHists_hotvr_jets_Nsub3_1000
hadd Target path: /nfs/dust/cms/user/albrecha/uhh2_102X_v2/HOTVRStudiesOutput/_0_0.05_1_mu30/uhh2.AnalysisModuleRunner.MC.QCD_flat_prod6.root:/HOTVRJetsHists_hotvr_jets_fpt
hadd Target path: /nfs/dust/cms/user/albrecha/uhh2_102X_v2/HOTVRStudiesOutput/_0_0.05_1_mu30/uhh2.AnalysisModuleRunner.MC.QCD_flat_prod6.root:/HOTVRJetsHists_hotvr_jets_fpt_200
hadd Target path: /nfs/dust/cms/user/albrecha/uhh2_102X_v2/HOTVRStudiesOutput/_0_0.05_1_mu30/uhh2.AnalysisModuleRunner.MC.QCD_flat_prod6.root:/HOTVRJetsHists_hotvr_jets_fpt_400
hadd Target path: /nfs/dust/cms/user/albrecha/uhh2_102X_v2/HOTVRStudiesOutput/_0_0.05_1_mu30/uhh2.AnalysisModuleRunner.MC.QCD_flat_prod6.root:/HOTVRJetsHists_hotvr_jets_fpt_600
hadd Target path: /nfs/dust/cms/user/albrecha/uhh2_102X_v2/HOTVRStudiesOutput/_0_0.05_1_mu30/uhh2.AnalysisModuleRunner.MC.QCD_flat_prod6.root:/HOTVRJetsHists_hotvr_jets_fpt_800
hadd Target path: /nfs/dust/cms/user/albrecha/uhh2_102X_v2/HOTVRStudiesOutput/_0_0.05_1_mu30/uhh2.AnalysisModuleRunner.MC.QCD_flat_prod6.root:/HOTVRJetsHists_hotvr_jets_fpt_1000
hadd Target path: /nfs/dust/cms/user/albrecha/uhh2_102X_v2/HOTVRStudiesOutput/_0_0.05_1_mu30/uhh2.AnalysisModuleRunner.MC.QCD_flat_prod6.root:/HOTVRJetsHists_hotvr_jets_mass
hadd Target path: /nfs/dust/cms/user/albrecha/uhh2_102X_v2/HOTVRStudiesOutput/_0_0.05_1_mu30/uhh2.AnalysisModuleRunner.MC.QCD_flat_prod6.root:/HOTVRJetsHists_hotvr_jets_mass_200
hadd Target path: /nfs/dust/cms/user/albrecha/uhh2_102X_v2/HOTVRStudiesOutput/_0_0.05_1_mu30/uhh2.AnalysisModuleRunner.MC.QCD_flat_prod6.root:/HOTVRJetsHists_hotvr_jets_mass_400
hadd Target path: /nfs/dust/cms/user/albrecha/uhh2_102X_v2/HOTVRStudiesOutput/_0_0.05_1_mu30/uhh2.AnalysisModuleRunner.MC.QCD_flat_prod6.root:/HOTVRJetsHists_hotvr_jets_mass_600
hadd Target path: /nfs/dust/cms/user/albrecha/uhh2_102X_v2/HOTVRStudiesOutput/_0_0.05_1_mu30/uhh2.AnalysisModuleRunner.MC.QCD_flat_prod6.root:/HOTVRJetsHists_hotvr_jets_mass_800
hadd Target path: /nfs/dust/cms/user/albrecha/uhh2_102X_v2/HOTVRStudiesOutput/_0_0.05_1_mu30/uhh2.AnalysisModuleRunner.MC.QCD_flat_prod6.root:/HOTVRJetsHists_hotvr_jets_mass_1000
hadd Target path: /nfs/dust/cms/user/albrecha/uhh2_102X_v2/HOTVRStudiesOutput/_0_0.05_1_mu30/uhh2.AnalysisModuleRunner.MC.QCD_flat_prod6.root:/HOTVRJetsHists_matched_jets
hadd Target path: /nfs/dust/cms/user/albrecha/uhh2_102X_v2/HOTVRStudiesOutput/_0_0.05_1_mu30/uhh2.AnalysisModuleRunner.MC.QCD_flat_prod6.root:/HOTVRJetsHists_matched_jets_200
hadd Target path: /nfs/dust/cms/user/albrecha/uhh2_102X_v2/HOTVRStudiesOutput/_0_0.05_1_mu30/uhh2.AnalysisModuleRunner.MC.QCD_flat_prod6.root:/HOTVRJetsHists_matched_jets_400
hadd Target path: /nfs/dust/cms/user/albrecha/uhh2_102X_v2/HOTVRStudiesOutput/_0_0.05_1_mu30/uhh2.AnalysisModuleRunner.MC.QCD_flat_prod6.root:/HOTVRJetsHists_matched_jets_600
hadd Target path: /nfs/dust/cms/user/albrecha/uhh2_102X_v2/HOTVRStudiesOutput/_0_0.05_1_mu30/uhh2.AnalysisModuleRunner.MC.QCD_flat_prod6.root:/HOTVRJetsHists_matched_jets_800
hadd Target path: /nfs/dust/cms/user/albrecha/uhh2_102X_v2/HOTVRStudiesOutput/_0_0.05_1_mu30/uhh2.AnalysisModuleRunner.MC.QCD_flat_prod6.root:/HOTVRJetsHists_matched_jets_1000
hadd Target path: /nfs/dust/cms/user/albrecha/uhh2_102X_v2/HOTVRStudiesOutput/_0_0.05_1_mu30/uhh2.AnalysisModuleRunner.MC.QCD_flat_prod6.root:/HOTVRJetsHists_tagged_jets
hadd Target path: /nfs/dust/cms/user/albrecha/uhh2_102X_v2/HOTVRStudiesOutput/_0_0.05_1_mu30/uhh2.AnalysisModuleRunner.MC.QCD_flat_prod6.root:/HOTVRJetsHists_tagged_jets_200
hadd Target path: /nfs/dust/cms/user/albrecha/uhh2_102X_v2/HOTVRStudiesOutput/_0_0.05_1_mu30/uhh2.AnalysisModuleRunner.MC.QCD_flat_prod6.root:/HOTVRJetsHists_tagged_jets_400
hadd Target path: /nfs/dust/cms/user/albrecha/uhh2_102X_v2/HOTVRStudiesOutput/_0_0.05_1_mu30/uhh2.AnalysisModuleRunner.MC.QCD_flat_prod6.root:/HOTVRJetsHists_tagged_jets_600
hadd Target path: /nfs/dust/cms/user/albrecha/uhh2_102X_v2/HOTVRStudiesOutput/_0_0.05_1_mu30/uhh2.AnalysisModuleRunner.MC.QCD_flat_prod6.root:/HOTVRJetsHists_tagged_jets_800
hadd Target path: /nfs/dust/cms/user/albrecha/uhh2_102X_v2/HOTVRStudiesOutput/_0_0.05_1_mu30/uhh2.AnalysisModuleRunner.MC.QCD_flat_prod6.root:/HOTVRJetsHists_tagged_jets_1000
hadd Target path: /nfs/dust/cms/user/albrecha/uhh2_102X_v2/HOTVRStudiesOutput/_0_0.05_1_mu30/uhh2.AnalysisModuleRunner.MC.QCD_flat_prod6.root:/HOTVRJetsHists_tagged_jets_tau32
hadd Target path: /nfs/dust/cms/user/albrecha/uhh2_102X_v2/HOTVRStudiesOutput/_0_0.05_1_mu30/uhh2.AnalysisModuleRunner.MC.QCD_flat_prod6.root:/HOTVRJetsHists_tagged_jets_tau32_200
hadd Target path: /nfs/dust/cms/user/albrecha/uhh2_102X_v2/HOTVRStudiesOutput/_0_0.05_1_mu30/uhh2.AnalysisModuleRunner.MC.QCD_flat_prod6.root:/HOTVRJetsHists_tagged_jets_tau32_400
hadd Target path: /nfs/dust/cms/user/albrecha/uhh2_102X_v2/HOTVRStudiesOutput/_0_0.05_1_mu30/uhh2.AnalysisModuleRunner.MC.QCD_flat_prod6.root:/HOTVRJetsHists_tagged_jets_tau32_600
hadd Target path: /nfs/dust/cms/user/albrecha/uhh2_102X_v2/HOTVRStudiesOutput/_0_0.05_1_mu30/uhh2.AnalysisModuleRunner.MC.QCD_flat_prod6.root:/HOTVRJetsHists_tagged_jets_tau32_800
hadd Target path: /nfs/dust/cms/user/albrecha/uhh2_102X_v2/HOTVRStudiesOutput/_0_0.05_1_mu30/uhh2.AnalysisModuleRunner.MC.QCD_flat_prod6.root:/HOTVRJetsHists_tagged_jets_tau32_1000
hadd Target path: /nfs/dust/cms/user/albrecha/uhh2_102X_v2/HOTVRStudiesOutput/_0_0.05_1_mu30/uhh2.AnalysisModuleRunner.MC.QCD_flat_prod6.root:/HOTVR_Performance_0
hadd Target path: /nfs/dust/cms/user/albrecha/uhh2_102X_v2/HOTVRStudiesOutput/_0_0.05_1_mu30/uhh2.AnalysisModuleRunner.MC.QCD_flat_prod6.root:/HOTVR_Performance_1
hadd Target path: /nfs/dust/cms/user/albrecha/uhh2_102X_v2/HOTVRStudiesOutput/_0_0.05_1_mu30/uhh2.AnalysisModuleRunner.MC.QCD_flat_prod6.root:/HOTVR_Performance_2
hadd Target path: /nfs/dust/cms/user/albrecha/uhh2_102X_v2/HOTVRStudiesOutput/_0_0.05_1_mu30/uhh2.AnalysisModuleRunner.MC.QCD_flat_prod6.root:/HOTVR_Performance_3
hadd Target path: /nfs/dust/cms/user/albrecha/uhh2_102X_v2/HOTVRStudiesOutput/_0_0.05_1_mu30/uhh2.AnalysisModuleRunner.MC.QCD_flat_prod6.root:/HOTVR_Performance_4
hadd Target path: /nfs/dust/cms/user/albrecha/uhh2_102X_v2/HOTVRStudiesOutput/_0_0.05_1_mu30/uhh2.AnalysisModuleRunner.MC.QCD_flat_prod6.root:/HOTVR_Performance_5
hadd Target path: /nfs/dust/cms/user/albrecha/uhh2_102X_v2/HOTVRStudiesOutput/_0_0.05_1_mu30/uhh2.AnalysisModuleRunner.MC.QCD_flat_prod6.root:/HOTVR_Performance_6
hadd Target path: /nfs/dust/cms/user/albrecha/uhh2_102X_v2/HOTVRStudiesOutput/_0_0.05_1_mu30/uhh2.AnalysisModuleRunner.MC.QCD_flat_prod6.root:/HOTVR_Performance_7
hadd Target path: /nfs/dust/cms/user/albrecha/uhh2_102X_v2/HOTVRStudiesOutput/_0_0.05_1_mu30/uhh2.AnalysisModuleRunner.MC.QCD_flat_prod6.root:/HOTVR_Performance_8
hadd Target path: /nfs/dust/cms/user/albrecha/uhh2_102X_v2/HOTVRStudiesOutput/_0_0.05_1_mu30/uhh2.AnalysisModuleRunner.MC.QCD_flat_prod6.root:/HOTVR_Performance_9
hadd Target path: /nfs/dust/cms/user/albrecha/uhh2_102X_v2/HOTVRStudiesOutput/_0_0.05_1_mu30/uhh2.AnalysisModuleRunner.MC.QCD_flat_prod6.root:/HOTVR_Performance_10
hadd Target path: /nfs/dust/cms/user/albrecha/uhh2_102X_v2/HOTVRStudiesOutput/_0_0.05_1_mu30/uhh2.AnalysisModuleRunner.MC.QCD_flat_prod6.root:/HOTVR_Performance_11
hadd Target path: /nfs/dust/cms/user/albrecha/uhh2_102X_v2/HOTVRStudiesOutput/_0_0.05_1_mu30/uhh2.AnalysisModuleRunner.MC.QCD_flat_prod6.root:/HOTVR_Performance_12
hadd Target path: /nfs/dust/cms/user/albrecha/uhh2_102X_v2/HOTVRStudiesOutput/_0_0.05_1_mu30/uhh2.AnalysisModuleRunner.MC.QCD_flat_prod6.root:/HOTVR_Performance_13
hadd Target path: /nfs/dust/cms/user/albrecha/uhh2_102X_v2/HOTVRStudiesOutput/_0_0.05_1_mu30/uhh2.AnalysisModuleRunner.MC.QCD_flat_prod6.root:/HOTVR_Performance_14
hadd Target path: /nfs/dust/cms/user/albrecha/uhh2_102X_v2/HOTVRStudiesOutput/_0_0.05_1_mu30/uhh2.AnalysisModuleRunner.MC.QCD_flat_prod6.root:/HOTVR_Performance_15
hadd Target path: /nfs/dust/cms/user/albrecha/uhh2_102X_v2/HOTVRStudiesOutput/_0_0.05_1_mu30/uhh2.AnalysisModuleRunner.MC.QCD_flat_prod6.root:/HOTVR_Performance_16
hadd Target path: /nfs/dust/cms/user/albrecha/uhh2_102X_v2/HOTVRStudiesOutput/_0_0.05_1_mu30/uhh2.AnalysisModuleRunner.MC.QCD_flat_prod6.root:/HOTVR_Performance_17
hadd Target path: /nfs/dust/cms/user/albrecha/uhh2_102X_v2/HOTVRStudiesOutput/_0_0.05_1_mu30/uhh2.AnalysisModuleRunner.MC.QCD_flat_prod6.root:/HOTVR_Performance_18
hadd Target path: /nfs/dust/cms/user/albrecha/uhh2_102X_v2/HOTVRStudiesOutput/_0_0.05_1_mu30/uhh2.AnalysisModuleRunner.MC.QCD_flat_prod6.root:/HOTVR_Performance_19
hadd Target path: /nfs/dust/cms/user/albrecha/uhh2_102X_v2/HOTVRStudiesOutput/_0_0.05_1_mu30/uhh2.AnalysisModuleRunner.MC.QCD_flat_prod6.root:/HOTVR_Performance_20
hadd Target path: /nfs/dust/cms/user/albrecha/uhh2_102X_v2/HOTVRStudiesOutput/_0_0.05_1_mu30/uhh2.AnalysisModuleRunner.MC.QCD_flat_prod6.root:/HOTVR_Performance_21
hadd Target path: /nfs/dust/cms/user/albrecha/uhh2_102X_v2/HOTVRStudiesOutput/_0_0.05_1_mu30/uhh2.AnalysisModuleRunner.MC.QCD_flat_prod6.root:/HOTVR_Performance_22
hadd Target path: /nfs/dust/cms/user/albrecha/uhh2_102X_v2/HOTVRStudiesOutput/_0_0.05_1_mu30/uhh2.AnalysisModuleRunner.MC.QCD_flat_prod6.root:/HOTVR_Performance_23
hadd Target path: /nfs/dust/cms/user/albrecha/uhh2_102X_v2/HOTVRStudiesOutput/_0_0.05_1_mu30/uhh2.AnalysisModuleRunner.MC.QCD_flat_prod6.root:/HOTVR_Performance_24
hadd Target path: /nfs/dust/cms/user/albrecha/uhh2_102X_v2/HOTVRStudiesOutput/_0_0.05_1_mu30/uhh2.AnalysisModuleRunner.MC.QCD_flat_prod6.root:/HOTVR_Performance_25
hadd Target path: /nfs/dust/cms/user/albrecha/uhh2_102X_v2/HOTVRStudiesOutput/_0_0.05_1_mu30/uhh2.AnalysisModuleRunner.MC.QCD_flat_prod6.root:/HOTVR_Performance_26
hadd Target path: /nfs/dust/cms/user/albrecha/uhh2_102X_v2/HOTVRStudiesOutput/_0_0.05_1_mu30/uhh2.AnalysisModuleRunner.MC.QCD_flat_prod6.root:/HOTVR_Performance_27
hadd Target path: /nfs/dust/cms/user/albrecha/uhh2_102X_v2/HOTVRStudiesOutput/_0_0.05_1_mu30/uhh2.AnalysisModuleRunner.MC.QCD_flat_prod6.root:/HOTVR_Performance_28
hadd Target path: /nfs/dust/cms/user/albrecha/uhh2_102X_v2/HOTVRStudiesOutput/_0_0.05_1_mu30/uhh2.AnalysisModuleRunner.MC.QCD_flat_prod6.root:/HOTVR_Performance_29
hadd Target path: /nfs/dust/cms/user/albrecha/uhh2_102X_v2/HOTVRStudiesOutput/_0_0.05_1_mu30/uhh2.AnalysisModuleRunner.MC.QCD_flat_prod6.root:/HOTVR_Performance_30
hadd Target path: /nfs/dust/cms/user/albrecha/uhh2_102X_v2/HOTVRStudiesOutput/_0_0.05_1_mu30/uhh2.AnalysisModuleRunner.MC.QCD_flat_prod6.root:/HOTVR_Performance_31
hadd Target path: /nfs/dust/cms/user/albrecha/uhh2_102X_v2/HOTVRStudiesOutput/_0_0.05_1_mu30/uhh2.AnalysisModuleRunner.MC.QCD_flat_prod6.root:/HOTVR_Performance_32
hadd Target path: /nfs/dust/cms/user/albrecha/uhh2_102X_v2/HOTVRStudiesOutput/_0_0.05_1_mu30/uhh2.AnalysisModuleRunner.MC.QCD_flat_prod6.root:/HOTVR_Performance_33
hadd Target path: /nfs/dust/cms/user/albrecha/uhh2_102X_v2/HOTVRStudiesOutput/_0_0.05_1_mu30/uhh2.AnalysisModuleRunner.MC.QCD_flat_prod6.root:/HOTVR_Performance_34
hadd Target path: /nfs/dust/cms/user/albrecha/uhh2_102X_v2/HOTVRStudiesOutput/_0_0.05_1_mu30/uhh2.AnalysisModuleRunner.MC.QCD_flat_prod6.root:/HOTVR_Performance_35
hadd Target path: /nfs/dust/cms/user/albrecha/uhh2_102X_v2/HOTVRStudiesOutput/_0_0.05_1_mu30/uhh2.AnalysisModuleRunner.MC.QCD_flat_prod6.root:/HOTVR_Performance_36
hadd Target path: /nfs/dust/cms/user/albrecha/uhh2_102X_v2/HOTVRStudiesOutput/_0_0.05_1_mu30/uhh2.AnalysisModuleRunner.MC.QCD_flat_prod6.root:/HOTVR_Performance_37
hadd Target path: /nfs/dust/cms/user/albrecha/uhh2_102X_v2/HOTVRStudiesOutput/_0_0.05_1_mu30/uhh2.AnalysisModuleRunner.MC.QCD_flat_prod6.root:/HOTVR_Performance_38
hadd Target path: /nfs/dust/cms/user/albrecha/uhh2_102X_v2/HOTVRStudiesOutput/_0_0.05_1_mu30/uhh2.AnalysisModuleRunner.MC.QCD_flat_prod6.root:/HOTVR_Performance_39
hadd Target path: /nfs/dust/cms/user/albrecha/uhh2_102X_v2/HOTVRStudiesOutput/_0_0.05_1_mu30/uhh2.AnalysisModuleRunner.MC.QCD_flat_prod6.root:/HOTVR_Performance_40
hadd Target path: /nfs/dust/cms/user/albrecha/uhh2_102X_v2/HOTVRStudiesOutput/_0_0.05_1_mu30/uhh2.AnalysisModuleRunner.MC.QCD_flat_prod6.root:/HOTVR_Performance_41
hadd Target path: /nfs/dust/cms/user/albrecha/uhh2_102X_v2/HOTVRStudiesOutput/_0_0.05_1_mu30/uhh2.AnalysisModuleRunner.MC.QCD_flat_prod6.root:/HOTVR_Performance_42
hadd Target path: /nfs/dust/cms/user/albrecha/uhh2_102X_v2/HOTVRStudiesOutput/_0_0.05_1_mu30/uhh2.AnalysisModuleRunner.MC.QCD_flat_prod6.root:/HOTVR_Performance_43
hadd Target path: /nfs/dust/cms/user/albrecha/uhh2_102X_v2/HOTVRStudiesOutput/_0_0.05_1_mu30/uhh2.AnalysisModuleRunner.MC.QCD_flat_prod6.root:/HOTVR_Performance_44
hadd Target path: /nfs/dust/cms/user/albrecha/uhh2_102X_v2/HOTVRStudiesOutput/_0_0.05_1_mu30/uhh2.AnalysisModuleRunner.MC.QCD_flat_prod6.root:/HOTVR_Performance_45
hadd Target path: /nfs/dust/cms/user/albrecha/uhh2_102X_v2/HOTVRStudiesOutput/_0_0.05_1_mu30/uhh2.AnalysisModuleRunner.MC.QCD_flat_prod6.root:/HOTVR_Performance_46
hadd Target path: /nfs/dust/cms/user/albrecha/uhh2_102X_v2/HOTVRStudiesOutput/_0_0.05_1_mu30/uhh2.AnalysisModuleRunner.MC.QCD_flat_prod6.root:/HOTVR_Performance_47
hadd Target path: /nfs/dust/cms/user/albrecha/uhh2_102X_v2/HOTVRStudiesOutput/_0_0.05_1_mu30/uhh2.AnalysisModuleRunner.MC.QCD_flat_prod6.root:/HOTVR_Performance_48
hadd Target path: /nfs/dust/cms/user/albrecha/uhh2_102X_v2/HOTVRStudiesOutput/_0_0.05_1_mu30/uhh2.AnalysisModuleRunner.MC.QCD_flat_prod6.root:/HOTVR_Performance_49
hadd Target path: /nfs/dust/cms/user/albrecha/uhh2_102X_v2/HOTVRStudiesOutput/_0_0.05_1_mu30/uhh2.AnalysisModuleRunner.MC.QCD_flat_prod6.root:/HOTVR_Performance_50
hadd Target path: /nfs/dust/cms/user/albrecha/uhh2_102X_v2/HOTVRStudiesOutput/_0_0.05_1_mu30/uhh2.AnalysisModuleRunner.MC.QCD_flat_prod6.root:/HOTVR_Performance_51
hadd Target path: /nfs/dust/cms/user/albrecha/uhh2_102X_v2/HOTVRStudiesOutput/_0_0.05_1_mu30/uhh2.AnalysisModuleRunner.MC.QCD_flat_prod6.root:/HOTVR_Performance_52
hadd Target path: /nfs/dust/cms/user/albrecha/uhh2_102X_v2/HOTVRStudiesOutput/_0_0.05_1_mu30/uhh2.AnalysisModuleRunner.MC.QCD_flat_prod6.root:/HOTVR_Performance_53
hadd Target path: /nfs/dust/cms/user/albrecha/uhh2_102X_v2/HOTVRStudiesOutput/_0_0.05_1_mu30/uhh2.AnalysisModuleRunner.MC.QCD_flat_prod6.root:/HOTVR_Performance_54
hadd Target path: /nfs/dust/cms/user/albrecha/uhh2_102X_v2/HOTVRStudiesOutput/_0_0.05_1_mu30/uhh2.AnalysisModuleRunner.MC.QCD_flat_prod6.root:/HOTVR_Performance_55
hadd Target path: /nfs/dust/cms/user/albrecha/uhh2_102X_v2/HOTVRStudiesOutput/_0_0.05_1_mu30/uhh2.AnalysisModuleRunner.MC.QCD_flat_prod6.root:/HOTVR_Performance_56
hadd Target path: /nfs/dust/cms/user/albrecha/uhh2_102X_v2/HOTVRStudiesOutput/_0_0.05_1_mu30/uhh2.AnalysisModuleRunner.MC.QCD_flat_prod6.root:/HOTVR_Performance_57
hadd Target path: /nfs/dust/cms/user/albrecha/uhh2_102X_v2/HOTVRStudiesOutput/_0_0.05_1_mu30/uhh2.AnalysisModuleRunner.MC.QCD_flat_prod6.root:/HOTVR_Performance_58
hadd Target path: /nfs/dust/cms/user/albrecha/uhh2_102X_v2/HOTVRStudiesOutput/_0_0.05_1_mu30/uhh2.AnalysisModuleRunner.MC.QCD_flat_prod6.root:/HOTVR_Performance_59
hadd Target path: /nfs/dust/cms/user/albrecha/uhh2_102X_v2/HOTVRStudiesOutput/_0_0.05_1_mu30/uhh2.AnalysisModuleRunner.MC.QCD_flat_prod6.root:/HOTVR_Performance_60
hadd Target path: /nfs/dust/cms/user/albrecha/uhh2_102X_v2/HOTVRStudiesOutput/_0_0.05_1_mu30/uhh2.AnalysisModuleRunner.MC.QCD_flat_prod6.root:/HOTVR_Performance_61
hadd Target path: /nfs/dust/cms/user/albrecha/uhh2_102X_v2/HOTVRStudiesOutput/_0_0.05_1_mu30/uhh2.AnalysisModuleRunner.MC.QCD_flat_prod6.root:/HOTVR_Performance_62
hadd Target path: /nfs/dust/cms/user/albrecha/uhh2_102X_v2/HOTVRStudiesOutput/_0_0.05_1_mu30/uhh2.AnalysisModuleRunner.MC.QCD_flat_prod6.root:/HOTVR_Performance_63
hadd Target path: /nfs/dust/cms/user/albrecha/uhh2_102X_v2/HOTVRStudiesOutput/_0_0.05_1_mu30/uhh2.AnalysisModuleRunner.MC.QCD_flat_prod6.root:/HOTVR_Performance_64
hadd Target path: /nfs/dust/cms/user/albrecha/uhh2_102X_v2/HOTVRStudiesOutput/_0_0.05_1_mu30/uhh2.AnalysisModuleRunner.MC.QCD_flat_prod6.root:/HOTVR_Performance_65
hadd Target path: /nfs/dust/cms/user/albrecha/uhh2_102X_v2/HOTVRStudiesOutput/_0_0.05_1_mu30/uhh2.AnalysisModuleRunner.MC.QCD_flat_prod6.root:/HOTVR_Performance_66
hadd Target path: /nfs/dust/cms/user/albrecha/uhh2_102X_v2/HOTVRStudiesOutput/_0_0.05_1_mu30/uhh2.AnalysisModuleRunner.MC.QCD_flat_prod6.root:/HOTVR_Performance_67
hadd Target path: /nfs/dust/cms/user/albrecha/uhh2_102X_v2/HOTVRStudiesOutput/_0_0.05_1_mu30/uhh2.AnalysisModuleRunner.MC.QCD_flat_prod6.root:/HOTVR_Performance_68
hadd Target path: /nfs/dust/cms/user/albrecha/uhh2_102X_v2/HOTVRStudiesOutput/_0_0.05_1_mu30/uhh2.AnalysisModuleRunner.MC.QCD_flat_prod6.root:/HOTVR_Performance_69
hadd Target path: /nfs/dust/cms/user/albrecha/uhh2_102X_v2/HOTVRStudiesOutput/_0_0.05_1_mu30/uhh2.AnalysisModuleRunner.MC.QCD_flat_prod6.root:/HOTVR_Performance_70
hadd Target path: /nfs/dust/cms/user/albrecha/uhh2_102X_v2/HOTVRStudiesOutput/_0_0.05_1_mu30/uhh2.AnalysisModuleRunner.MC.QCD_flat_prod6.root:/HOTVR_Performance_71
hadd Target path: /nfs/dust/cms/user/albrecha/uhh2_102X_v2/HOTVRStudiesOutput/_0_0.05_1_mu30/uhh2.AnalysisModuleRunner.MC.QCD_flat_prod6.root:/HOTVR_Performance_72
hadd Target path: /nfs/dust/cms/user/albrecha/uhh2_102X_v2/HOTVRStudiesOutput/_0_0.05_1_mu30/uhh2.AnalysisModuleRunner.MC.QCD_flat_prod6.root:/HOTVR_Performance_73
hadd Target path: /nfs/dust/cms/user/albrecha/uhh2_102X_v2/HOTVRStudiesOutput/_0_0.05_1_mu30/uhh2.AnalysisModuleRunner.MC.QCD_flat_prod6.root:/HOTVR_Performance_74
hadd Target path: /nfs/dust/cms/user/albrecha/uhh2_102X_v2/HOTVRStudiesOutput/_0_0.05_1_mu30/uhh2.AnalysisModuleRunner.MC.QCD_flat_prod6.root:/HOTVR_Performance_75
hadd Target path: /nfs/dust/cms/user/albrecha/uhh2_102X_v2/HOTVRStudiesOutput/_0_0.05_1_mu30/uhh2.AnalysisModuleRunner.MC.QCD_flat_prod6.root:/HOTVR_Performance_76
hadd Target path: /nfs/dust/cms/user/albrecha/uhh2_102X_v2/HOTVRStudiesOutput/_0_0.05_1_mu30/uhh2.AnalysisModuleRunner.MC.QCD_flat_prod6.root:/HOTVR_Performance_77
hadd Target path: /nfs/dust/cms/user/albrecha/uhh2_102X_v2/HOTVRStudiesOutput/_0_0.05_1_mu30/uhh2.AnalysisModuleRunner.MC.QCD_flat_prod6.root:/HOTVR_Performance_78
hadd Target path: /nfs/dust/cms/user/albrecha/uhh2_102X_v2/HOTVRStudiesOutput/_0_0.05_1_mu30/uhh2.AnalysisModuleRunner.MC.QCD_flat_prod6.root:/HOTVR_Performance_79
hadd Target path: /nfs/dust/cms/user/albrecha/uhh2_102X_v2/HOTVRStudiesOutput/_0_0.05_1_mu30/uhh2.AnalysisModuleRunner.MC.QCD_flat_prod6.root:/HOTVR_Performance_80
hadd Target path: /nfs/dust/cms/user/albrecha/uhh2_102X_v2/HOTVRStudiesOutput/_0_0.05_1_mu30/uhh2.AnalysisModuleRunner.MC.QCD_flat_prod6.root:/HOTVR_Performance_81
hadd Target path: /nfs/dust/cms/user/albrecha/uhh2_102X_v2/HOTVRStudiesOutput/_0_0.05_1_mu30/uhh2.AnalysisModuleRunner.MC.QCD_flat_prod6.root:/HOTVR_Performance_82
hadd Target path: /nfs/dust/cms/user/albrecha/uhh2_102X_v2/HOTVRStudiesOutput/_0_0.05_1_mu30/uhh2.AnalysisModuleRunner.MC.QCD_flat_prod6.root:/HOTVR_Performance_83
hadd Target path: /nfs/dust/cms/user/albrecha/uhh2_102X_v2/HOTVRStudiesOutput/_0_0.05_1_mu30/uhh2.AnalysisModuleRunner.MC.QCD_flat_prod6.root:/HOTVR_Performance_84
hadd Target path: /nfs/dust/cms/user/albrecha/uhh2_102X_v2/HOTVRStudiesOutput/_0_0.05_1_mu30/uhh2.AnalysisModuleRunner.MC.QCD_flat_prod6.root:/HOTVR_Performance_85
hadd Target path: /nfs/dust/cms/user/albrecha/uhh2_102X_v2/HOTVRStudiesOutput/_0_0.05_1_mu30/uhh2.AnalysisModuleRunner.MC.QCD_flat_prod6.root:/HOTVR_Performance_86
hadd Target path: /nfs/dust/cms/user/albrecha/uhh2_102X_v2/HOTVRStudiesOutput/_0_0.05_1_mu30/uhh2.AnalysisModuleRunner.MC.QCD_flat_prod6.root:/HOTVR_Performance_87
hadd Target path: /nfs/dust/cms/user/albrecha/uhh2_102X_v2/HOTVRStudiesOutput/_0_0.05_1_mu30/uhh2.AnalysisModuleRunner.MC.QCD_flat_prod6.root:/HOTVR_Performance_88
hadd Target path: /nfs/dust/cms/user/albrecha/uhh2_102X_v2/HOTVRStudiesOutput/_0_0.05_1_mu30/uhh2.AnalysisModuleRunner.MC.QCD_flat_prod6.root:/HOTVR_Performance_89
hadd Target path: /nfs/dust/cms/user/albrecha/uhh2_102X_v2/HOTVRStudiesOutput/_0_0.05_1_mu30/uhh2.AnalysisModuleRunner.MC.QCD_flat_prod6.root:/HOTVR_Performance_90
hadd Target path: /nfs/dust/cms/user/albrecha/uhh2_102X_v2/HOTVRStudiesOutput/_0_0.05_1_mu30/uhh2.AnalysisModuleRunner.MC.QCD_flat_prod6.root:/HOTVR_Performance_91
hadd Target path: /nfs/dust/cms/user/albrecha/uhh2_102X_v2/HOTVRStudiesOutput/_0_0.05_1_mu30/uhh2.AnalysisModuleRunner.MC.QCD_flat_prod6.root:/HOTVR_Performance_92
hadd Target path: /nfs/dust/cms/user/albrecha/uhh2_102X_v2/HOTVRStudiesOutput/_0_0.05_1_mu30/uhh2.AnalysisModuleRunner.MC.QCD_flat_prod6.root:/HOTVR_Performance_93
hadd Target path: /nfs/dust/cms/user/albrecha/uhh2_102X_v2/HOTVRStudiesOutput/_0_0.05_1_mu30/uhh2.AnalysisModuleRunner.MC.QCD_flat_prod6.root:/HOTVR_Performance_94
hadd Target path: /nfs/dust/cms/user/albrecha/uhh2_102X_v2/HOTVRStudiesOutput/_0_0.05_1_mu30/uhh2.AnalysisModuleRunner.MC.QCD_flat_prod6.root:/HOTVR_Performance_95
hadd Target path: /nfs/dust/cms/user/albrecha/uhh2_102X_v2/HOTVRStudiesOutput/_0_0.05_1_mu30/uhh2.AnalysisModuleRunner.MC.QCD_flat_prod6.root:/HOTVR_Performance_96
hadd Target path: /nfs/dust/cms/user/albrecha/uhh2_102X_v2/HOTVRStudiesOutput/_0_0.05_1_mu30/uhh2.AnalysisModuleRunner.MC.QCD_flat_prod6.root:/HOTVR_Performance_97
hadd Target path: /nfs/dust/cms/user/albrecha/uhh2_102X_v2/HOTVRStudiesOutput/_0_0.05_1_mu30/uhh2.AnalysisModuleRunner.MC.QCD_flat_prod6.root:/HOTVR_Performance_98
hadd Target path: /nfs/dust/cms/user/albrecha/uhh2_102X_v2/HOTVRStudiesOutput/_0_0.05_1_mu30/uhh2.AnalysisModuleRunner.MC.QCD_flat_prod6.root:/HOTVR_Performance_99
hadd Target path: /nfs/dust/cms/user/albrecha/uhh2_102X_v2/HOTVRStudiesOutput/_0_0.05_1_mu30/uhh2.AnalysisModuleRunner.MC.QCD_flat_prod6.root:/HOTVR_Pre
hadd Target path: /nfs/dust/cms/user/albrecha/uhh2_102X_v2/HOTVRStudiesOutput/_0_0.05_1_mu30/uhh2.AnalysisModuleRunner.MC.QCD_flat_prod6.root:/SFrame
