000 (13926299.000.000) 2021-01-08 09:09:09 Job submitted from host: <131.169.223.42:9618?addrs=131.169.223.42-9618+[2001-638-700-10df--1-2a]-9618&alias=bird-htc-sched14.desy.de&noUDP&sock=schedd_1936_8371_3>
...
000 (13926299.001.000) 2021-01-08 09:09:09 Job submitted from host: <131.169.223.42:9618?addrs=131.169.223.42-9618+[2001-638-700-10df--1-2a]-9618&alias=bird-htc-sched14.desy.de&noUDP&sock=schedd_1936_8371_3>
...
000 (13926299.002.000) 2021-01-08 09:09:09 Job submitted from host: <131.169.223.42:9618?addrs=131.169.223.42-9618+[2001-638-700-10df--1-2a]-9618&alias=bird-htc-sched14.desy.de&noUDP&sock=schedd_1936_8371_3>
...
000 (13926299.003.000) 2021-01-08 09:09:09 Job submitted from host: <131.169.223.42:9618?addrs=131.169.223.42-9618+[2001-638-700-10df--1-2a]-9618&alias=bird-htc-sched14.desy.de&noUDP&sock=schedd_1936_8371_3>
...
000 (13926299.004.000) 2021-01-08 09:09:09 Job submitted from host: <131.169.223.42:9618?addrs=131.169.223.42-9618+[2001-638-700-10df--1-2a]-9618&alias=bird-htc-sched14.desy.de&noUDP&sock=schedd_1936_8371_3>
...
000 (13926299.005.000) 2021-01-08 09:09:09 Job submitted from host: <131.169.223.42:9618?addrs=131.169.223.42-9618+[2001-638-700-10df--1-2a]-9618&alias=bird-htc-sched14.desy.de&noUDP&sock=schedd_1936_8371_3>
...
000 (13926299.006.000) 2021-01-08 09:09:09 Job submitted from host: <131.169.223.42:9618?addrs=131.169.223.42-9618+[2001-638-700-10df--1-2a]-9618&alias=bird-htc-sched14.desy.de&noUDP&sock=schedd_1936_8371_3>
...
000 (13926299.007.000) 2021-01-08 09:09:09 Job submitted from host: <131.169.223.42:9618?addrs=131.169.223.42-9618+[2001-638-700-10df--1-2a]-9618&alias=bird-htc-sched14.desy.de&noUDP&sock=schedd_1936_8371_3>
...
000 (13926299.008.000) 2021-01-08 09:09:09 Job submitted from host: <131.169.223.42:9618?addrs=131.169.223.42-9618+[2001-638-700-10df--1-2a]-9618&alias=bird-htc-sched14.desy.de&noUDP&sock=schedd_1936_8371_3>
...
000 (13926299.009.000) 2021-01-08 09:09:09 Job submitted from host: <131.169.223.42:9618?addrs=131.169.223.42-9618+[2001-638-700-10df--1-2a]-9618&alias=bird-htc-sched14.desy.de&noUDP&sock=schedd_1936_8371_3>
...
000 (13926299.010.000) 2021-01-08 09:09:09 Job submitted from host: <131.169.223.42:9618?addrs=131.169.223.42-9618+[2001-638-700-10df--1-2a]-9618&alias=bird-htc-sched14.desy.de&noUDP&sock=schedd_1936_8371_3>
...
000 (13926299.011.000) 2021-01-08 09:09:09 Job submitted from host: <131.169.223.42:9618?addrs=131.169.223.42-9618+[2001-638-700-10df--1-2a]-9618&alias=bird-htc-sched14.desy.de&noUDP&sock=schedd_1936_8371_3>
...
000 (13926299.012.000) 2021-01-08 09:09:09 Job submitted from host: <131.169.223.42:9618?addrs=131.169.223.42-9618+[2001-638-700-10df--1-2a]-9618&alias=bird-htc-sched14.desy.de&noUDP&sock=schedd_1936_8371_3>
...
000 (13926299.013.000) 2021-01-08 09:09:09 Job submitted from host: <131.169.223.42:9618?addrs=131.169.223.42-9618+[2001-638-700-10df--1-2a]-9618&alias=bird-htc-sched14.desy.de&noUDP&sock=schedd_1936_8371_3>
...
000 (13926299.014.000) 2021-01-08 09:09:09 Job submitted from host: <131.169.223.42:9618?addrs=131.169.223.42-9618+[2001-638-700-10df--1-2a]-9618&alias=bird-htc-sched14.desy.de&noUDP&sock=schedd_1936_8371_3>
...
000 (13926299.015.000) 2021-01-08 09:09:09 Job submitted from host: <131.169.223.42:9618?addrs=131.169.223.42-9618+[2001-638-700-10df--1-2a]-9618&alias=bird-htc-sched14.desy.de&noUDP&sock=schedd_1936_8371_3>
...
000 (13926299.016.000) 2021-01-08 09:09:09 Job submitted from host: <131.169.223.42:9618?addrs=131.169.223.42-9618+[2001-638-700-10df--1-2a]-9618&alias=bird-htc-sched14.desy.de&noUDP&sock=schedd_1936_8371_3>
...
000 (13926299.017.000) 2021-01-08 09:09:09 Job submitted from host: <131.169.223.42:9618?addrs=131.169.223.42-9618+[2001-638-700-10df--1-2a]-9618&alias=bird-htc-sched14.desy.de&noUDP&sock=schedd_1936_8371_3>
...
000 (13926299.018.000) 2021-01-08 09:09:09 Job submitted from host: <131.169.223.42:9618?addrs=131.169.223.42-9618+[2001-638-700-10df--1-2a]-9618&alias=bird-htc-sched14.desy.de&noUDP&sock=schedd_1936_8371_3>
...
000 (13926299.019.000) 2021-01-08 09:09:09 Job submitted from host: <131.169.223.42:9618?addrs=131.169.223.42-9618+[2001-638-700-10df--1-2a]-9618&alias=bird-htc-sched14.desy.de&noUDP&sock=schedd_1936_8371_3>
...
000 (13926299.020.000) 2021-01-08 09:09:09 Job submitted from host: <131.169.223.42:9618?addrs=131.169.223.42-9618+[2001-638-700-10df--1-2a]-9618&alias=bird-htc-sched14.desy.de&noUDP&sock=schedd_1936_8371_3>
...
000 (13926299.021.000) 2021-01-08 09:09:09 Job submitted from host: <131.169.223.42:9618?addrs=131.169.223.42-9618+[2001-638-700-10df--1-2a]-9618&alias=bird-htc-sched14.desy.de&noUDP&sock=schedd_1936_8371_3>
...
000 (13926299.022.000) 2021-01-08 09:09:09 Job submitted from host: <131.169.223.42:9618?addrs=131.169.223.42-9618+[2001-638-700-10df--1-2a]-9618&alias=bird-htc-sched14.desy.de&noUDP&sock=schedd_1936_8371_3>
...
000 (13926299.023.000) 2021-01-08 09:09:09 Job submitted from host: <131.169.223.42:9618?addrs=131.169.223.42-9618+[2001-638-700-10df--1-2a]-9618&alias=bird-htc-sched14.desy.de&noUDP&sock=schedd_1936_8371_3>
...
000 (13926299.024.000) 2021-01-08 09:09:09 Job submitted from host: <131.169.223.42:9618?addrs=131.169.223.42-9618+[2001-638-700-10df--1-2a]-9618&alias=bird-htc-sched14.desy.de&noUDP&sock=schedd_1936_8371_3>
...
001 (13926299.005.000) 2021-01-08 09:10:11 Job executing on host: <131.169.163.112:37315?addrs=131.169.163.112-37315&alias=bird673.desy.de>
...
001 (13926299.008.000) 2021-01-08 09:10:11 Job executing on host: <131.169.164.28:42397?addrs=131.169.164.28-42397&alias=bird828.desy.de>
...
001 (13926299.002.000) 2021-01-08 09:10:11 Job executing on host: <131.169.77.222:33616?addrs=131.169.77.222-33616&alias=bird776.desy.de>
...
001 (13926299.007.000) 2021-01-08 09:10:11 Job executing on host: <131.169.77.219:33001?addrs=131.169.77.219-33001&alias=bird773.desy.de>
...
001 (13926299.010.000) 2021-01-08 09:10:11 Job executing on host: <131.169.77.217:45599?addrs=131.169.77.217-45599&alias=bird771.desy.de>
...
001 (13926299.009.000) 2021-01-08 09:10:11 Job executing on host: <131.169.77.227:38205?addrs=131.169.77.227-38205&alias=bird781.desy.de>
...
001 (13926299.012.000) 2021-01-08 09:10:11 Job executing on host: <131.169.77.222:33616?addrs=131.169.77.222-33616&alias=bird776.desy.de>
...
001 (13926299.011.000) 2021-01-08 09:10:11 Job executing on host: <131.169.77.223:32930?addrs=131.169.77.223-32930&alias=bird777.desy.de>
...
001 (13926299.001.000) 2021-01-08 09:10:11 Job executing on host: <131.169.163.104:35536?addrs=131.169.163.104-35536&alias=bird665.desy.de>
...
001 (13926299.013.000) 2021-01-08 09:10:11 Job executing on host: <131.169.77.219:33001?addrs=131.169.77.219-33001&alias=bird773.desy.de>
...
001 (13926299.000.000) 2021-01-08 09:10:11 Job executing on host: <131.169.163.101:46236?addrs=131.169.163.101-46236&alias=bird662.desy.de>
...
001 (13926299.014.000) 2021-01-08 09:10:11 Job executing on host: <131.169.77.217:45599?addrs=131.169.77.217-45599&alias=bird771.desy.de>
...
001 (13926299.004.000) 2021-01-08 09:10:11 Job executing on host: <131.169.164.30:35520?addrs=131.169.164.30-35520&alias=bird830.desy.de>
...
001 (13926299.015.000) 2021-01-08 09:10:11 Job executing on host: <131.169.77.227:38205?addrs=131.169.77.227-38205&alias=bird781.desy.de>
...
001 (13926299.003.000) 2021-01-08 09:10:11 Job executing on host: <131.169.163.134:45533?addrs=131.169.163.134-45533&alias=bird695.desy.de>
...
001 (13926299.016.000) 2021-01-08 09:10:11 Job executing on host: <131.169.77.223:32930?addrs=131.169.77.223-32930&alias=bird777.desy.de>
...
001 (13926299.017.000) 2021-01-08 09:10:11 Job executing on host: <131.169.77.222:33616?addrs=131.169.77.222-33616&alias=bird776.desy.de>
...
001 (13926299.019.000) 2021-01-08 09:10:11 Job executing on host: <131.169.77.217:45599?addrs=131.169.77.217-45599&alias=bird771.desy.de>
...
001 (13926299.006.000) 2021-01-08 09:10:11 Job executing on host: <131.169.164.40:41247?addrs=131.169.164.40-41247&alias=bird840.desy.de>
...
001 (13926299.020.000) 2021-01-08 09:10:11 Job executing on host: <131.169.77.227:38205?addrs=131.169.77.227-38205&alias=bird781.desy.de>
...
001 (13926299.022.000) 2021-01-08 09:10:11 Job executing on host: <131.169.77.217:45599?addrs=131.169.77.217-45599&alias=bird771.desy.de>
...
001 (13926299.021.000) 2021-01-08 09:10:11 Job executing on host: <131.169.77.223:32930?addrs=131.169.77.223-32930&alias=bird777.desy.de>
...
001 (13926299.023.000) 2021-01-08 09:10:11 Job executing on host: <131.169.77.223:32930?addrs=131.169.77.223-32930&alias=bird777.desy.de>
...
001 (13926299.018.000) 2021-01-08 09:10:12 Job executing on host: <131.169.160.166:41105?addrs=131.169.160.166-41105&alias=batch1066.desy.de>
...
001 (13926299.024.000) 2021-01-08 09:10:12 Job executing on host: <131.169.77.223:32930?addrs=131.169.77.223-32930&alias=bird777.desy.de>
...
006 (13926299.023.000) 2021-01-08 09:10:20 Image size of job updated: 132804
	119  -  MemoryUsage of job (MB)
	121196  -  ResidentSetSize of job (KB)
...
006 (13926299.018.000) 2021-01-08 09:10:20 Image size of job updated: 309080
	262  -  MemoryUsage of job (MB)
	267400  -  ResidentSetSize of job (KB)
...
006 (13926299.024.000) 2021-01-08 09:10:20 Image size of job updated: 144640
	128  -  MemoryUsage of job (MB)
	130160  -  ResidentSetSize of job (KB)
...
006 (13926299.005.000) 2021-01-08 09:10:20 Image size of job updated: 323856
	279  -  MemoryUsage of job (MB)
	285272  -  ResidentSetSize of job (KB)
...
006 (13926299.008.000) 2021-01-08 09:10:20 Image size of job updated: 76
	1  -  MemoryUsage of job (MB)
	76  -  ResidentSetSize of job (KB)
...
006 (13926299.007.000) 2021-01-08 09:10:20 Image size of job updated: 72
	1  -  MemoryUsage of job (MB)
	72  -  ResidentSetSize of job (KB)
...
006 (13926299.002.000) 2021-01-08 09:10:20 Image size of job updated: 76
	1  -  MemoryUsage of job (MB)
	76  -  ResidentSetSize of job (KB)
...
006 (13926299.009.000) 2021-01-08 09:10:20 Image size of job updated: 438632
	406  -  MemoryUsage of job (MB)
	414748  -  ResidentSetSize of job (KB)
...
006 (13926299.010.000) 2021-01-08 09:10:20 Image size of job updated: 386228
	373  -  MemoryUsage of job (MB)
	381876  -  ResidentSetSize of job (KB)
...
006 (13926299.013.000) 2021-01-08 09:10:20 Image size of job updated: 76
	1  -  MemoryUsage of job (MB)
	76  -  ResidentSetSize of job (KB)
...
006 (13926299.001.000) 2021-01-08 09:10:20 Image size of job updated: 324404
	269  -  MemoryUsage of job (MB)
	275148  -  ResidentSetSize of job (KB)
...
006 (13926299.000.000) 2021-01-08 09:10:20 Image size of job updated: 333188
	278  -  MemoryUsage of job (MB)
	284120  -  ResidentSetSize of job (KB)
...
006 (13926299.004.000) 2021-01-08 09:10:20 Image size of job updated: 337268
	280  -  MemoryUsage of job (MB)
	285948  -  ResidentSetSize of job (KB)
...
006 (13926299.012.000) 2021-01-08 09:10:20 Image size of job updated: 72
	1  -  MemoryUsage of job (MB)
	72  -  ResidentSetSize of job (KB)
...
006 (13926299.011.000) 2021-01-08 09:10:20 Image size of job updated: 186068
	160  -  MemoryUsage of job (MB)
	162880  -  ResidentSetSize of job (KB)
...
006 (13926299.014.000) 2021-01-08 09:10:20 Image size of job updated: 384220
	374  -  MemoryUsage of job (MB)
	382228  -  ResidentSetSize of job (KB)
...
006 (13926299.015.000) 2021-01-08 09:10:20 Image size of job updated: 477416
	435  -  MemoryUsage of job (MB)
	445260  -  ResidentSetSize of job (KB)
...
006 (13926299.003.000) 2021-01-08 09:10:20 Image size of job updated: 249800
	211  -  MemoryUsage of job (MB)
	215596  -  ResidentSetSize of job (KB)
...
006 (13926299.017.000) 2021-01-08 09:10:20 Image size of job updated: 76
	1  -  MemoryUsage of job (MB)
	76  -  ResidentSetSize of job (KB)
...
006 (13926299.016.000) 2021-01-08 09:10:20 Image size of job updated: 170372
	158  -  MemoryUsage of job (MB)
	161528  -  ResidentSetSize of job (KB)
...
006 (13926299.006.000) 2021-01-08 09:10:20 Image size of job updated: 286044
	246  -  MemoryUsage of job (MB)
	251660  -  ResidentSetSize of job (KB)
...
006 (13926299.019.000) 2021-01-08 09:10:20 Image size of job updated: 396332
	377  -  MemoryUsage of job (MB)
	385296  -  ResidentSetSize of job (KB)
...
006 (13926299.020.000) 2021-01-08 09:10:20 Image size of job updated: 418064
	398  -  MemoryUsage of job (MB)
	407228  -  ResidentSetSize of job (KB)
...
006 (13926299.022.000) 2021-01-08 09:10:20 Image size of job updated: 389956
	376  -  MemoryUsage of job (MB)
	384712  -  ResidentSetSize of job (KB)
...
006 (13926299.021.000) 2021-01-08 09:10:20 Image size of job updated: 184936
	164  -  MemoryUsage of job (MB)
	167648  -  ResidentSetSize of job (KB)
...
006 (13926299.000.000) 2021-01-08 09:14:46 Image size of job updated: 333188
	278  -  MemoryUsage of job (MB)
	284156  -  ResidentSetSize of job (KB)
...
005 (13926299.000.000) 2021-01-08 09:14:46 Job terminated.
	(1) Normal termination (return value 0)
		Usr 0 00:03:55, Sys 0 00:00:15  -  Run Remote Usage
		Usr 0 00:00:00, Sys 0 00:00:00  -  Run Local Usage
		Usr 0 00:03:55, Sys 0 00:00:15  -  Total Remote Usage
		Usr 0 00:00:00, Sys 0 00:00:00  -  Total Local Usage
	0  -  Run Bytes Sent By Job
	0  -  Run Bytes Received By Job
	0  -  Total Bytes Sent By Job
	0  -  Total Bytes Received By Job
	Partitionable Resources :    Usage  Request Allocated 
	   Cpus                 :     0.89        1         1 
	   Disk (KB)            :     1     3584000   3957453 
	   Memory (MB)          :   278        4096      4096 

	Job terminated of its own accord at 2021-01-08T08:14:46Z.
...
006 (13926299.006.000) 2021-01-08 09:14:51 Image size of job updated: 11228340
	246  -  MemoryUsage of job (MB)
	251660  -  ResidentSetSize of job (KB)
...
005 (13926299.006.000) 2021-01-08 09:14:51 Job terminated.
	(1) Normal termination (return value 0)
		Usr 0 00:03:57, Sys 0 00:00:16  -  Run Remote Usage
		Usr 0 00:00:00, Sys 0 00:00:00  -  Run Local Usage
		Usr 0 00:03:57, Sys 0 00:00:16  -  Total Remote Usage
		Usr 0 00:00:00, Sys 0 00:00:00  -  Total Local Usage
	0  -  Run Bytes Sent By Job
	0  -  Run Bytes Received By Job
	0  -  Total Bytes Sent By Job
	0  -  Total Bytes Received By Job
	Partitionable Resources :    Usage  Request Allocated 
	   Cpus                 :     0.93        1         1 
	   Disk (KB)            :     1     3584000   3987921 
	   Memory (MB)          :   246        4096      4096 

	Job terminated of its own accord at 2021-01-08T08:14:51Z.
...
006 (13926299.004.000) 2021-01-08 09:14:52 Image size of job updated: 11108872
	280  -  MemoryUsage of job (MB)
	286000  -  ResidentSetSize of job (KB)
...
005 (13926299.004.000) 2021-01-08 09:14:52 Job terminated.
	(1) Normal termination (return value 0)
		Usr 0 00:03:58, Sys 0 00:00:14  -  Run Remote Usage
		Usr 0 00:00:00, Sys 0 00:00:00  -  Run Local Usage
		Usr 0 00:03:58, Sys 0 00:00:14  -  Total Remote Usage
		Usr 0 00:00:00, Sys 0 00:00:00  -  Total Local Usage
	0  -  Run Bytes Sent By Job
	0  -  Run Bytes Received By Job
	0  -  Total Bytes Sent By Job
	0  -  Total Bytes Received By Job
	Partitionable Resources :    Usage  Request Allocated 
	   Cpus                 :     0.93        1         1 
	   Disk (KB)            :     1     3584000   4545969 
	   Memory (MB)          :   280        4096      4096 

	Job terminated of its own accord at 2021-01-08T08:14:52Z.
...
006 (13926299.003.000) 2021-01-08 09:14:57 Image size of job updated: 11115824
	211  -  MemoryUsage of job (MB)
	215664  -  ResidentSetSize of job (KB)
...
005 (13926299.003.000) 2021-01-08 09:14:57 Job terminated.
	(1) Normal termination (return value 0)
		Usr 0 00:03:56, Sys 0 00:00:14  -  Run Remote Usage
		Usr 0 00:00:00, Sys 0 00:00:00  -  Run Local Usage
		Usr 0 00:03:56, Sys 0 00:00:14  -  Total Remote Usage
		Usr 0 00:00:00, Sys 0 00:00:00  -  Total Local Usage
	0  -  Run Bytes Sent By Job
	0  -  Run Bytes Received By Job
	0  -  Total Bytes Sent By Job
	0  -  Total Bytes Received By Job
	Partitionable Resources :    Usage  Request Allocated 
	   Cpus                 :     0.89        1         1 
	   Disk (KB)            :     1     3584000   3961272 
	   Memory (MB)          :   211        4096      4096 

	Job terminated of its own accord at 2021-01-08T08:14:57Z.
...
006 (13926299.005.000) 2021-01-08 09:15:00 Image size of job updated: 7937660
	279  -  MemoryUsage of job (MB)
	285272  -  ResidentSetSize of job (KB)
...
005 (13926299.005.000) 2021-01-08 09:15:00 Job terminated.
	(1) Normal termination (return value 0)
		Usr 0 00:03:59, Sys 0 00:00:21  -  Run Remote Usage
		Usr 0 00:00:00, Sys 0 00:00:00  -  Run Local Usage
		Usr 0 00:03:59, Sys 0 00:00:21  -  Total Remote Usage
		Usr 0 00:00:00, Sys 0 00:00:00  -  Total Local Usage
	0  -  Run Bytes Sent By Job
	0  -  Run Bytes Received By Job
	0  -  Total Bytes Sent By Job
	0  -  Total Bytes Received By Job
	Partitionable Resources :    Usage  Request Allocated 
	   Cpus                 :     0.91        1         1 
	   Disk (KB)            :     1     3584000   3962340 
	   Memory (MB)          :   279        4096      4096 

	Job terminated of its own accord at 2021-01-08T08:15:00Z.
...
006 (13926299.001.000) 2021-01-08 09:15:02 Image size of job updated: 324404
	269  -  MemoryUsage of job (MB)
	275288  -  ResidentSetSize of job (KB)
...
005 (13926299.001.000) 2021-01-08 09:15:02 Job terminated.
	(1) Normal termination (return value 0)
		Usr 0 00:03:59, Sys 0 00:00:16  -  Run Remote Usage
		Usr 0 00:00:00, Sys 0 00:00:00  -  Run Local Usage
		Usr 0 00:03:59, Sys 0 00:00:16  -  Total Remote Usage
		Usr 0 00:00:00, Sys 0 00:00:00  -  Total Local Usage
	0  -  Run Bytes Sent By Job
	0  -  Run Bytes Received By Job
	0  -  Total Bytes Sent By Job
	0  -  Total Bytes Received By Job
	Partitionable Resources :    Usage  Request Allocated 
	   Cpus                 :     0.75        1         1 
	   Disk (KB)            :     1     3584000   3973449 
	   Memory (MB)          :   269        4096      4096 

	Job terminated of its own accord at 2021-01-08T08:15:02Z.
...
005 (13926299.018.000) 2021-01-08 09:15:14 Job terminated.
	(1) Normal termination (return value 0)
		Usr 0 00:04:01, Sys 0 00:00:19  -  Run Remote Usage
		Usr 0 00:00:00, Sys 0 00:00:00  -  Run Local Usage
		Usr 0 00:04:01, Sys 0 00:00:19  -  Total Remote Usage
		Usr 0 00:00:00, Sys 0 00:00:00  -  Total Local Usage
	0  -  Run Bytes Sent By Job
	0  -  Run Bytes Received By Job
	0  -  Total Bytes Sent By Job
	0  -  Total Bytes Received By Job
	Partitionable Resources :    Usage  Request Allocated 
	   Cpus                 :     0.88        1         1 
	   Disk (KB)            :     1     3584000   4816309 
	   Memory (MB)          :   262        4096      4096 

	Job terminated of its own accord at 2021-01-08T08:15:14Z.
...
006 (13926299.008.000) 2021-01-08 09:15:16 Image size of job updated: 3619832
	1  -  MemoryUsage of job (MB)
	76  -  ResidentSetSize of job (KB)
...
005 (13926299.008.000) 2021-01-08 09:15:16 Job terminated.
	(1) Normal termination (return value 0)
		Usr 0 00:03:56, Sys 0 00:00:16  -  Run Remote Usage
		Usr 0 00:00:00, Sys 0 00:00:00  -  Run Local Usage
		Usr 0 00:03:56, Sys 0 00:00:16  -  Total Remote Usage
		Usr 0 00:00:00, Sys 0 00:00:00  -  Total Local Usage
	0  -  Run Bytes Sent By Job
	0  -  Run Bytes Received By Job
	0  -  Total Bytes Sent By Job
	0  -  Total Bytes Received By Job
	Partitionable Resources :    Usage  Request Allocated 
	   Cpus                 :     0.92        1         1 
	   Disk (KB)            :     1     3584000   4543409 
	   Memory (MB)          :     1        4096      4096 

	Job terminated of its own accord at 2021-01-08T08:15:16Z.
...
006 (13926299.024.000) 2021-01-08 09:15:20 Image size of job updated: 7580300
	6681  -  MemoryUsage of job (MB)
	6840752  -  ResidentSetSize of job (KB)
...
006 (13926299.023.000) 2021-01-08 09:15:20 Image size of job updated: 7913700
	6674  -  MemoryUsage of job (MB)
	6834120  -  ResidentSetSize of job (KB)
...
006 (13926299.017.000) 2021-01-08 09:15:21 Image size of job updated: 8428432
	7617  -  MemoryUsage of job (MB)
	7799784  -  ResidentSetSize of job (KB)
...
006 (13926299.012.000) 2021-01-08 09:15:21 Image size of job updated: 8511384
	7475  -  MemoryUsage of job (MB)
	7653460  -  ResidentSetSize of job (KB)
...
006 (13926299.015.000) 2021-01-08 09:15:21 Image size of job updated: 8425180
	7440  -  MemoryUsage of job (MB)
	7618492  -  ResidentSetSize of job (KB)
...
006 (13926299.020.000) 2021-01-08 09:15:21 Image size of job updated: 10081684
	7762  -  MemoryUsage of job (MB)
	7948136  -  ResidentSetSize of job (KB)
...
006 (13926299.009.000) 2021-01-08 09:15:21 Image size of job updated: 8427976
	7534  -  MemoryUsage of job (MB)
	7714452  -  ResidentSetSize of job (KB)
...
006 (13926299.022.000) 2021-01-08 09:15:21 Image size of job updated: 7035396
	5696  -  MemoryUsage of job (MB)
	5832672  -  ResidentSetSize of job (KB)
...
006 (13926299.019.000) 2021-01-08 09:15:21 Image size of job updated: 7218928
	5905  -  MemoryUsage of job (MB)
	6045844  -  ResidentSetSize of job (KB)
...
006 (13926299.011.000) 2021-01-08 09:15:21 Image size of job updated: 8619012
	6935  -  MemoryUsage of job (MB)
	7101308  -  ResidentSetSize of job (KB)
...
006 (13926299.021.000) 2021-01-08 09:15:21 Image size of job updated: 7773772
	5573  -  MemoryUsage of job (MB)
	5706092  -  ResidentSetSize of job (KB)
...
006 (13926299.016.000) 2021-01-08 09:15:21 Image size of job updated: 7633524
	6881  -  MemoryUsage of job (MB)
	7045624  -  ResidentSetSize of job (KB)
...
006 (13926299.010.000) 2021-01-08 09:15:21 Image size of job updated: 7179648
	5708  -  MemoryUsage of job (MB)
	5844096  -  ResidentSetSize of job (KB)
...
006 (13926299.002.000) 2021-01-08 09:15:21 Image size of job updated: 8503404
	6980  -  MemoryUsage of job (MB)
	7146836  -  ResidentSetSize of job (KB)
...
006 (13926299.014.000) 2021-01-08 09:15:21 Image size of job updated: 7132760
	5832  -  MemoryUsage of job (MB)
	5971388  -  ResidentSetSize of job (KB)
...
006 (13926299.007.000) 2021-01-08 09:15:22 Image size of job updated: 9575048
	7690  -  MemoryUsage of job (MB)
	7874396  -  ResidentSetSize of job (KB)
...
006 (13926299.013.000) 2021-01-08 09:15:22 Image size of job updated: 9277888
	7538  -  MemoryUsage of job (MB)
	7718104  -  ResidentSetSize of job (KB)
...
006 (13926299.020.000) 2021-01-08 09:16:23 Image size of job updated: 11129392
	7762  -  MemoryUsage of job (MB)
	7948176  -  ResidentSetSize of job (KB)
...
005 (13926299.020.000) 2021-01-08 09:16:24 Job terminated.
	(1) Normal termination (return value 0)
		Usr 0 00:03:59, Sys 0 00:00:24  -  Run Remote Usage
		Usr 0 00:00:00, Sys 0 00:00:00  -  Run Local Usage
		Usr 0 00:03:59, Sys 0 00:00:24  -  Total Remote Usage
		Usr 0 00:00:00, Sys 0 00:00:00  -  Total Local Usage
	0  -  Run Bytes Sent By Job
	0  -  Run Bytes Received By Job
	0  -  Total Bytes Sent By Job
	0  -  Total Bytes Received By Job
	Partitionable Resources :    Usage  Request Allocated 
	   Cpus                 :     0.03        1         1 
	   Disk (KB)            :     1     3584000   4785505 
	   Memory (MB)          :  7762        4096      4096 

	Job terminated of its own accord at 2021-01-08T08:16:23Z.
...
006 (13926299.015.000) 2021-01-08 09:16:48 Image size of job updated: 11134780
	7440  -  MemoryUsage of job (MB)
	7618492  -  ResidentSetSize of job (KB)
...
005 (13926299.015.000) 2021-01-08 09:16:48 Job terminated.
	(1) Normal termination (return value 0)
		Usr 0 00:04:00, Sys 0 00:00:20  -  Run Remote Usage
		Usr 0 00:00:00, Sys 0 00:00:00  -  Run Local Usage
		Usr 0 00:04:00, Sys 0 00:00:20  -  Total Remote Usage
		Usr 0 00:00:00, Sys 0 00:00:00  -  Total Local Usage
	0  -  Run Bytes Sent By Job
	0  -  Run Bytes Received By Job
	0  -  Total Bytes Sent By Job
	0  -  Total Bytes Received By Job
	Partitionable Resources :    Usage  Request Allocated 
	   Cpus                 :     0.87        1         1 
	   Disk (KB)            :     1     3584000   4785505 
	   Memory (MB)          :  7440        4096      4096 

	Job terminated of its own accord at 2021-01-08T08:16:48Z.
...
006 (13926299.009.000) 2021-01-08 09:16:59 Image size of job updated: 12699520
	7534  -  MemoryUsage of job (MB)
	7714452  -  ResidentSetSize of job (KB)
...
005 (13926299.009.000) 2021-01-08 09:16:59 Job terminated.
	(1) Normal termination (return value 0)
		Usr 0 00:04:00, Sys 0 00:00:18  -  Run Remote Usage
		Usr 0 00:00:00, Sys 0 00:00:00  -  Run Local Usage
		Usr 0 00:04:00, Sys 0 00:00:18  -  Total Remote Usage
		Usr 0 00:00:00, Sys 0 00:00:00  -  Total Local Usage
	0  -  Run Bytes Sent By Job
	0  -  Run Bytes Received By Job
	0  -  Total Bytes Sent By Job
	0  -  Total Bytes Received By Job
	Partitionable Resources :    Usage  Request Allocated 
	   Cpus                 :     0.05        1         1 
	   Disk (KB)            :     1     3584000   4785505 
	   Memory (MB)          :  7534        4096      4096 

	Job terminated of its own accord at 2021-01-08T08:16:59Z.
...
006 (13926299.011.000) 2021-01-08 09:17:09 Image size of job updated: 11114536
	6935  -  MemoryUsage of job (MB)
	7101308  -  ResidentSetSize of job (KB)
...
005 (13926299.011.000) 2021-01-08 09:17:09 Job terminated.
	(1) Normal termination (return value 0)
		Usr 0 00:04:00, Sys 0 00:00:22  -  Run Remote Usage
		Usr 0 00:00:00, Sys 0 00:00:00  -  Run Local Usage
		Usr 0 00:04:00, Sys 0 00:00:22  -  Total Remote Usage
		Usr 0 00:00:00, Sys 0 00:00:00  -  Total Local Usage
	0  -  Run Bytes Sent By Job
	0  -  Run Bytes Received By Job
	0  -  Total Bytes Sent By Job
	0  -  Total Bytes Received By Job
	Partitionable Resources :    Usage  Request Allocated 
	   Cpus                 :     0.06        1         1 
	   Disk (KB)            :     1     3584000   4784766 
	   Memory (MB)          :  6935        4096      4096 

	Job terminated of its own accord at 2021-01-08T08:17:09Z.
...
006 (13926299.007.000) 2021-01-08 09:17:14 Image size of job updated: 11103512
	7690  -  MemoryUsage of job (MB)
	7874496  -  ResidentSetSize of job (KB)
...
005 (13926299.007.000) 2021-01-08 09:17:14 Job terminated.
	(1) Normal termination (return value 0)
		Usr 0 00:04:01, Sys 0 00:00:20  -  Run Remote Usage
		Usr 0 00:00:00, Sys 0 00:00:00  -  Run Local Usage
		Usr 0 00:04:01, Sys 0 00:00:20  -  Total Remote Usage
		Usr 0 00:00:00, Sys 0 00:00:00  -  Total Local Usage
	0  -  Run Bytes Sent By Job
	0  -  Run Bytes Received By Job
	0  -  Total Bytes Sent By Job
	0  -  Total Bytes Received By Job
	Partitionable Resources :    Usage  Request Allocated 
	   Cpus                 :     0.01        1         1 
	   Disk (KB)            :     1     3584000   4784557 
	   Memory (MB)          :  7690        4096      4096 

	Job terminated of its own accord at 2021-01-08T08:17:14Z.
...
006 (13926299.023.000) 2021-01-08 09:17:32 Image size of job updated: 9843348
	6674  -  MemoryUsage of job (MB)
	6834120  -  ResidentSetSize of job (KB)
...
005 (13926299.023.000) 2021-01-08 09:17:32 Job terminated.
	(1) Normal termination (return value 0)
		Usr 0 00:04:01, Sys 0 00:00:23  -  Run Remote Usage
		Usr 0 00:00:00, Sys 0 00:00:00  -  Run Local Usage
		Usr 0 00:04:01, Sys 0 00:00:23  -  Total Remote Usage
		Usr 0 00:00:00, Sys 0 00:00:00  -  Total Local Usage
	0  -  Run Bytes Sent By Job
	0  -  Run Bytes Received By Job
	0  -  Total Bytes Sent By Job
	0  -  Total Bytes Received By Job
	Partitionable Resources :    Usage  Request Allocated 
	   Cpus                 :     0.10        1         1 
	   Disk (KB)            :     1     3584000   4784766 
	   Memory (MB)          :  6674        4096      4096 

	Job terminated of its own accord at 2021-01-08T08:17:32Z.
...
005 (13926299.019.000) 2021-01-08 09:17:35 Job terminated.
	(1) Normal termination (return value 0)
		Usr 0 00:04:00, Sys 0 00:00:21  -  Run Remote Usage
		Usr 0 00:00:00, Sys 0 00:00:00  -  Run Local Usage
		Usr 0 00:04:00, Sys 0 00:00:21  -  Total Remote Usage
		Usr 0 00:00:00, Sys 0 00:00:00  -  Total Local Usage
	0  -  Run Bytes Sent By Job
	0  -  Run Bytes Received By Job
	0  -  Total Bytes Sent By Job
	0  -  Total Bytes Received By Job
	Partitionable Resources :    Usage  Request Allocated 
	   Cpus                 :     0.94        1         1 
	   Disk (KB)            :     1     3584000   4784838 
	   Memory (MB)          :  5905        4096      4096 

	Job terminated of its own accord at 2021-01-08T08:17:35Z.
...
006 (13926299.014.000) 2021-01-08 09:17:59 Image size of job updated: 12687552
	5832  -  MemoryUsage of job (MB)
	5971388  -  ResidentSetSize of job (KB)
...
005 (13926299.014.000) 2021-01-08 09:17:59 Job terminated.
	(1) Normal termination (return value 0)
		Usr 0 00:04:00, Sys 0 00:00:19  -  Run Remote Usage
		Usr 0 00:00:00, Sys 0 00:00:00  -  Run Local Usage
		Usr 0 00:04:00, Sys 0 00:00:19  -  Total Remote Usage
		Usr 0 00:00:00, Sys 0 00:00:00  -  Total Local Usage
	0  -  Run Bytes Sent By Job
	0  -  Run Bytes Received By Job
	0  -  Total Bytes Sent By Job
	0  -  Total Bytes Received By Job
	Partitionable Resources :    Usage  Request Allocated 
	   Cpus                 :     0.93        1         1 
	   Disk (KB)            :     1     3584000   4784838 
	   Memory (MB)          :  5832        4096      4096 

	Job terminated of its own accord at 2021-01-08T08:17:59Z.
...
006 (13926299.010.000) 2021-01-08 09:18:00 Image size of job updated: 11135256
	5708  -  MemoryUsage of job (MB)
	5844096  -  ResidentSetSize of job (KB)
...
005 (13926299.010.000) 2021-01-08 09:18:00 Job terminated.
	(1) Normal termination (return value 0)
		Usr 0 00:03:56, Sys 0 00:00:19  -  Run Remote Usage
		Usr 0 00:00:00, Sys 0 00:00:00  -  Run Local Usage
		Usr 0 00:03:56, Sys 0 00:00:19  -  Total Remote Usage
		Usr 0 00:00:00, Sys 0 00:00:00  -  Total Local Usage
	0  -  Run Bytes Sent By Job
	0  -  Run Bytes Received By Job
	0  -  Total Bytes Sent By Job
	0  -  Total Bytes Received By Job
	Partitionable Resources :    Usage  Request Allocated 
	   Cpus                 :     0.01        1         1 
	   Disk (KB)            :     1     3584000   4784838 
	   Memory (MB)          :  5708        4096      4096 

	Job terminated of its own accord at 2021-01-08T08:18:00Z.
...
006 (13926299.024.000) 2021-01-08 09:18:02 Image size of job updated: 11128224
	6681  -  MemoryUsage of job (MB)
	6840752  -  ResidentSetSize of job (KB)
...
005 (13926299.024.000) 2021-01-08 09:18:03 Job terminated.
	(1) Normal termination (return value 0)
		Usr 0 00:04:00, Sys 0 00:00:20  -  Run Remote Usage
		Usr 0 00:00:00, Sys 0 00:00:00  -  Run Local Usage
		Usr 0 00:04:00, Sys 0 00:00:20  -  Total Remote Usage
		Usr 0 00:00:00, Sys 0 00:00:00  -  Total Local Usage
	0  -  Run Bytes Sent By Job
	0  -  Run Bytes Received By Job
	0  -  Total Bytes Sent By Job
	0  -  Total Bytes Received By Job
	Partitionable Resources :    Usage  Request Allocated 
	   Cpus                 :     0.00        1         1 
	   Disk (KB)            :     1     3584000   4784766 
	   Memory (MB)          :  6681        4096      4096 

	Job terminated of its own accord at 2021-01-08T08:18:02Z.
...
006 (13926299.016.000) 2021-01-08 09:18:06 Image size of job updated: 12717140
	6881  -  MemoryUsage of job (MB)
	7045624  -  ResidentSetSize of job (KB)
...
005 (13926299.016.000) 2021-01-08 09:18:06 Job terminated.
	(1) Normal termination (return value 0)
		Usr 0 00:04:02, Sys 0 00:00:19  -  Run Remote Usage
		Usr 0 00:00:00, Sys 0 00:00:00  -  Run Local Usage
		Usr 0 00:04:02, Sys 0 00:00:19  -  Total Remote Usage
		Usr 0 00:00:00, Sys 0 00:00:00  -  Total Local Usage
	0  -  Run Bytes Sent By Job
	0  -  Run Bytes Received By Job
	0  -  Total Bytes Sent By Job
	0  -  Total Bytes Received By Job
	Partitionable Resources :    Usage  Request Allocated 
	   Cpus                 :        0        1         1 
	   Disk (KB)            :        1  3584000   4784766 
	   Memory (MB)          :     6881     4096      4096 

	Job terminated of its own accord at 2021-01-08T08:18:06Z.
...
006 (13926299.022.000) 2021-01-08 09:18:09 Image size of job updated: 11104036
	5696  -  MemoryUsage of job (MB)
	5832676  -  ResidentSetSize of job (KB)
...
005 (13926299.022.000) 2021-01-08 09:18:09 Job terminated.
	(1) Normal termination (return value 0)
		Usr 0 00:03:59, Sys 0 00:00:20  -  Run Remote Usage
		Usr 0 00:00:00, Sys 0 00:00:00  -  Run Local Usage
		Usr 0 00:03:59, Sys 0 00:00:20  -  Total Remote Usage
		Usr 0 00:00:00, Sys 0 00:00:00  -  Total Local Usage
	0  -  Run Bytes Sent By Job
	0  -  Run Bytes Received By Job
	0  -  Total Bytes Sent By Job
	0  -  Total Bytes Received By Job
	Partitionable Resources :    Usage  Request Allocated 
	   Cpus                 :     0.15        1         1 
	   Disk (KB)            :     1     3584000   4784838 
	   Memory (MB)          :  5696        4096      4096 

	Job terminated of its own accord at 2021-01-08T08:18:09Z.
...
006 (13926299.021.000) 2021-01-08 09:18:16 Image size of job updated: 11125256
	5573  -  MemoryUsage of job (MB)
	5706092  -  ResidentSetSize of job (KB)
...
005 (13926299.021.000) 2021-01-08 09:18:16 Job terminated.
	(1) Normal termination (return value 0)
		Usr 0 00:04:01, Sys 0 00:00:23  -  Run Remote Usage
		Usr 0 00:00:00, Sys 0 00:00:00  -  Run Local Usage
		Usr 0 00:04:01, Sys 0 00:00:23  -  Total Remote Usage
		Usr 0 00:00:00, Sys 0 00:00:00  -  Total Local Usage
	0  -  Run Bytes Sent By Job
	0  -  Run Bytes Received By Job
	0  -  Total Bytes Sent By Job
	0  -  Total Bytes Received By Job
	Partitionable Resources :    Usage  Request Allocated 
	   Cpus                 :     0.11        1         1 
	   Disk (KB)            :     1     3584000   4784766 
	   Memory (MB)          :  5573        4096      4096 

	Job terminated of its own accord at 2021-01-08T08:18:16Z.
...
005 (13926299.013.000) 2021-01-08 09:19:07 Job terminated.
	(1) Normal termination (return value 0)
		Usr 0 00:04:00, Sys 0 00:00:19  -  Run Remote Usage
		Usr 0 00:00:00, Sys 0 00:00:00  -  Run Local Usage
		Usr 0 00:04:00, Sys 0 00:00:19  -  Total Remote Usage
		Usr 0 00:00:00, Sys 0 00:00:00  -  Total Local Usage
	0  -  Run Bytes Sent By Job
	0  -  Run Bytes Received By Job
	0  -  Total Bytes Sent By Job
	0  -  Total Bytes Received By Job
	Partitionable Resources :    Usage  Request Allocated 
	   Cpus                 :     0.20        1         1 
	   Disk (KB)            :     1     3584000   4784557 
	   Memory (MB)          :  7538        4096      4096 

	Job terminated of its own accord at 2021-01-08T08:19:07Z.
...
006 (13926299.017.000) 2021-01-08 09:20:21 Image size of job updated: 11187500
	10009  -  MemoryUsage of job (MB)
	10248652  -  ResidentSetSize of job (KB)
...
006 (13926299.012.000) 2021-01-08 09:20:21 Image size of job updated: 8849608
	7694  -  MemoryUsage of job (MB)
	7878288  -  ResidentSetSize of job (KB)
...
006 (13926299.002.000) 2021-01-08 09:20:22 Image size of job updated: 8802468
	7310  -  MemoryUsage of job (MB)
	7484472  -  ResidentSetSize of job (KB)
...
006 (13926299.017.000) 2021-01-08 09:21:17 Image size of job updated: 11189232
	10009  -  MemoryUsage of job (MB)
	10248652  -  ResidentSetSize of job (KB)
...
005 (13926299.017.000) 2021-01-08 09:21:17 Job terminated.
	(1) Normal termination (return value 0)
		Usr 0 00:04:09, Sys 0 00:00:21  -  Run Remote Usage
		Usr 0 00:00:00, Sys 0 00:00:00  -  Run Local Usage
		Usr 0 00:04:09, Sys 0 00:00:21  -  Total Remote Usage
		Usr 0 00:00:00, Sys 0 00:00:00  -  Total Local Usage
	0  -  Run Bytes Sent By Job
	0  -  Run Bytes Received By Job
	0  -  Total Bytes Sent By Job
	0  -  Total Bytes Received By Job
	Partitionable Resources :    Usage  Request Allocated 
	   Cpus                 :     0.04        1         1 
	   Disk (KB)            :     1     3584000   4787146 
	   Memory (MB)          : 10009        4096      4096 

	Job terminated of its own accord at 2021-01-08T08:21:17Z.
...
006 (13926299.012.000) 2021-01-08 09:22:33 Image size of job updated: 11114464
	7694  -  MemoryUsage of job (MB)
	7878288  -  ResidentSetSize of job (KB)
...
005 (13926299.012.000) 2021-01-08 09:22:33 Job terminated.
	(1) Normal termination (return value 0)
		Usr 0 00:04:03, Sys 0 00:00:18  -  Run Remote Usage
		Usr 0 00:00:00, Sys 0 00:00:00  -  Run Local Usage
		Usr 0 00:04:03, Sys 0 00:00:18  -  Total Remote Usage
		Usr 0 00:00:00, Sys 0 00:00:00  -  Total Local Usage
	0  -  Run Bytes Sent By Job
	0  -  Run Bytes Received By Job
	0  -  Total Bytes Sent By Job
	0  -  Total Bytes Received By Job
	Partitionable Resources :    Usage  Request Allocated 
	   Cpus                 :     0.43        1         1 
	   Disk (KB)            :     1     3584000   4787146 
	   Memory (MB)          :  7694        4096      4096 

	Job terminated of its own accord at 2021-01-08T08:22:33Z.
...
005 (13926299.002.000) 2021-01-08 09:22:44 Job terminated.
	(1) Normal termination (return value 0)
		Usr 0 00:04:02, Sys 0 00:00:18  -  Run Remote Usage
		Usr 0 00:00:00, Sys 0 00:00:00  -  Run Local Usage
		Usr 0 00:04:02, Sys 0 00:00:18  -  Total Remote Usage
		Usr 0 00:00:00, Sys 0 00:00:00  -  Total Local Usage
	0  -  Run Bytes Sent By Job
	0  -  Run Bytes Received By Job
	0  -  Total Bytes Sent By Job
	0  -  Total Bytes Received By Job
	Partitionable Resources :    Usage  Request Allocated 
	   Cpus                 :     0.25        1         1 
	   Disk (KB)            :     1     3584000   4787146 
	   Memory (MB)          :  7310        4096      4096 

	Job terminated of its own accord at 2021-01-08T08:22:44Z.
...
