000 (13926302.000.000) 2021-01-08 09:09:12 Job submitted from host: <131.169.223.42:9618?addrs=131.169.223.42-9618+[2001-638-700-10df--1-2a]-9618&alias=bird-htc-sched14.desy.de&noUDP&sock=schedd_1936_8371_3>
...
000 (13926302.001.000) 2021-01-08 09:09:12 Job submitted from host: <131.169.223.42:9618?addrs=131.169.223.42-9618+[2001-638-700-10df--1-2a]-9618&alias=bird-htc-sched14.desy.de&noUDP&sock=schedd_1936_8371_3>
...
000 (13926302.002.000) 2021-01-08 09:09:12 Job submitted from host: <131.169.223.42:9618?addrs=131.169.223.42-9618+[2001-638-700-10df--1-2a]-9618&alias=bird-htc-sched14.desy.de&noUDP&sock=schedd_1936_8371_3>
...
000 (13926302.003.000) 2021-01-08 09:09:12 Job submitted from host: <131.169.223.42:9618?addrs=131.169.223.42-9618+[2001-638-700-10df--1-2a]-9618&alias=bird-htc-sched14.desy.de&noUDP&sock=schedd_1936_8371_3>
...
000 (13926302.004.000) 2021-01-08 09:09:12 Job submitted from host: <131.169.223.42:9618?addrs=131.169.223.42-9618+[2001-638-700-10df--1-2a]-9618&alias=bird-htc-sched14.desy.de&noUDP&sock=schedd_1936_8371_3>
...
000 (13926302.005.000) 2021-01-08 09:09:12 Job submitted from host: <131.169.223.42:9618?addrs=131.169.223.42-9618+[2001-638-700-10df--1-2a]-9618&alias=bird-htc-sched14.desy.de&noUDP&sock=schedd_1936_8371_3>
...
000 (13926302.006.000) 2021-01-08 09:09:12 Job submitted from host: <131.169.223.42:9618?addrs=131.169.223.42-9618+[2001-638-700-10df--1-2a]-9618&alias=bird-htc-sched14.desy.de&noUDP&sock=schedd_1936_8371_3>
...
000 (13926302.007.000) 2021-01-08 09:09:12 Job submitted from host: <131.169.223.42:9618?addrs=131.169.223.42-9618+[2001-638-700-10df--1-2a]-9618&alias=bird-htc-sched14.desy.de&noUDP&sock=schedd_1936_8371_3>
...
000 (13926302.008.000) 2021-01-08 09:09:12 Job submitted from host: <131.169.223.42:9618?addrs=131.169.223.42-9618+[2001-638-700-10df--1-2a]-9618&alias=bird-htc-sched14.desy.de&noUDP&sock=schedd_1936_8371_3>
...
000 (13926302.009.000) 2021-01-08 09:09:12 Job submitted from host: <131.169.223.42:9618?addrs=131.169.223.42-9618+[2001-638-700-10df--1-2a]-9618&alias=bird-htc-sched14.desy.de&noUDP&sock=schedd_1936_8371_3>
...
000 (13926302.010.000) 2021-01-08 09:09:12 Job submitted from host: <131.169.223.42:9618?addrs=131.169.223.42-9618+[2001-638-700-10df--1-2a]-9618&alias=bird-htc-sched14.desy.de&noUDP&sock=schedd_1936_8371_3>
...
000 (13926302.011.000) 2021-01-08 09:09:12 Job submitted from host: <131.169.223.42:9618?addrs=131.169.223.42-9618+[2001-638-700-10df--1-2a]-9618&alias=bird-htc-sched14.desy.de&noUDP&sock=schedd_1936_8371_3>
...
000 (13926302.012.000) 2021-01-08 09:09:12 Job submitted from host: <131.169.223.42:9618?addrs=131.169.223.42-9618+[2001-638-700-10df--1-2a]-9618&alias=bird-htc-sched14.desy.de&noUDP&sock=schedd_1936_8371_3>
...
000 (13926302.013.000) 2021-01-08 09:09:12 Job submitted from host: <131.169.223.42:9618?addrs=131.169.223.42-9618+[2001-638-700-10df--1-2a]-9618&alias=bird-htc-sched14.desy.de&noUDP&sock=schedd_1936_8371_3>
...
000 (13926302.014.000) 2021-01-08 09:09:12 Job submitted from host: <131.169.223.42:9618?addrs=131.169.223.42-9618+[2001-638-700-10df--1-2a]-9618&alias=bird-htc-sched14.desy.de&noUDP&sock=schedd_1936_8371_3>
...
000 (13926302.015.000) 2021-01-08 09:09:12 Job submitted from host: <131.169.223.42:9618?addrs=131.169.223.42-9618+[2001-638-700-10df--1-2a]-9618&alias=bird-htc-sched14.desy.de&noUDP&sock=schedd_1936_8371_3>
...
000 (13926302.016.000) 2021-01-08 09:09:12 Job submitted from host: <131.169.223.42:9618?addrs=131.169.223.42-9618+[2001-638-700-10df--1-2a]-9618&alias=bird-htc-sched14.desy.de&noUDP&sock=schedd_1936_8371_3>
...
000 (13926302.017.000) 2021-01-08 09:09:12 Job submitted from host: <131.169.223.42:9618?addrs=131.169.223.42-9618+[2001-638-700-10df--1-2a]-9618&alias=bird-htc-sched14.desy.de&noUDP&sock=schedd_1936_8371_3>
...
000 (13926302.018.000) 2021-01-08 09:09:12 Job submitted from host: <131.169.223.42:9618?addrs=131.169.223.42-9618+[2001-638-700-10df--1-2a]-9618&alias=bird-htc-sched14.desy.de&noUDP&sock=schedd_1936_8371_3>
...
000 (13926302.019.000) 2021-01-08 09:09:12 Job submitted from host: <131.169.223.42:9618?addrs=131.169.223.42-9618+[2001-638-700-10df--1-2a]-9618&alias=bird-htc-sched14.desy.de&noUDP&sock=schedd_1936_8371_3>
...
000 (13926302.020.000) 2021-01-08 09:09:12 Job submitted from host: <131.169.223.42:9618?addrs=131.169.223.42-9618+[2001-638-700-10df--1-2a]-9618&alias=bird-htc-sched14.desy.de&noUDP&sock=schedd_1936_8371_3>
...
000 (13926302.021.000) 2021-01-08 09:09:12 Job submitted from host: <131.169.223.42:9618?addrs=131.169.223.42-9618+[2001-638-700-10df--1-2a]-9618&alias=bird-htc-sched14.desy.de&noUDP&sock=schedd_1936_8371_3>
...
000 (13926302.022.000) 2021-01-08 09:09:12 Job submitted from host: <131.169.223.42:9618?addrs=131.169.223.42-9618+[2001-638-700-10df--1-2a]-9618&alias=bird-htc-sched14.desy.de&noUDP&sock=schedd_1936_8371_3>
...
000 (13926302.023.000) 2021-01-08 09:09:12 Job submitted from host: <131.169.223.42:9618?addrs=131.169.223.42-9618+[2001-638-700-10df--1-2a]-9618&alias=bird-htc-sched14.desy.de&noUDP&sock=schedd_1936_8371_3>
...
000 (13926302.024.000) 2021-01-08 09:09:12 Job submitted from host: <131.169.223.42:9618?addrs=131.169.223.42-9618+[2001-638-700-10df--1-2a]-9618&alias=bird-htc-sched14.desy.de&noUDP&sock=schedd_1936_8371_3>
...
001 (13926302.002.000) 2021-01-08 09:11:10 Job executing on host: <131.169.164.42:44646?addrs=131.169.164.42-44646&alias=bird842.desy.de>
...
001 (13926302.003.000) 2021-01-08 09:11:10 Job executing on host: <131.169.164.50:33368?addrs=131.169.164.50-33368&alias=bird850.desy.de>
...
001 (13926302.006.000) 2021-01-08 09:11:10 Job executing on host: <131.169.164.45:32871?addrs=131.169.164.45-32871&alias=bird845.desy.de>
...
001 (13926302.001.000) 2021-01-08 09:11:10 Job executing on host: <131.169.77.221:40635?addrs=131.169.77.221-40635&alias=bird775.desy.de>
...
001 (13926302.010.000) 2021-01-08 09:11:10 Job executing on host: <131.169.163.136:34922?addrs=131.169.163.136-34922&alias=bird697.desy.de>
...
001 (13926302.009.000) 2021-01-08 09:11:10 Job executing on host: <131.169.77.217:45599?addrs=131.169.77.217-45599&alias=bird771.desy.de>
...
001 (13926302.008.000) 2021-01-08 09:11:10 Job executing on host: <131.169.77.222:33616?addrs=131.169.77.222-33616&alias=bird776.desy.de>
...
001 (13926302.012.000) 2021-01-08 09:11:10 Job executing on host: <131.169.164.3:35059?addrs=131.169.164.3-35059&alias=bird803.desy.de>
...
001 (13926302.015.000) 2021-01-08 09:11:11 Job executing on host: <131.169.164.50:33368?addrs=131.169.164.50-33368&alias=bird850.desy.de>
...
001 (13926302.014.000) 2021-01-08 09:11:11 Job executing on host: <131.169.164.42:44646?addrs=131.169.164.42-44646&alias=bird842.desy.de>
...
001 (13926302.019.000) 2021-01-08 09:11:11 Job executing on host: <131.169.77.217:45599?addrs=131.169.77.217-45599&alias=bird771.desy.de>
...
001 (13926302.017.000) 2021-01-08 09:11:11 Job executing on host: <131.169.164.14:38087?addrs=131.169.164.14-38087&alias=bird814.desy.de>
...
001 (13926302.016.000) 2021-01-08 09:11:11 Job executing on host: <131.169.77.221:40635?addrs=131.169.77.221-40635&alias=bird775.desy.de>
...
001 (13926302.018.000) 2021-01-08 09:11:11 Job executing on host: <131.169.77.222:33616?addrs=131.169.77.222-33616&alias=bird776.desy.de>
...
001 (13926302.023.000) 2021-01-08 09:11:11 Job executing on host: <131.169.164.14:38087?addrs=131.169.164.14-38087&alias=bird814.desy.de>
...
001 (13926302.013.000) 2021-01-08 09:11:11 Job executing on host: <131.169.164.54:42626?addrs=131.169.164.54-42626>
...
001 (13926302.022.000) 2021-01-08 09:11:11 Job executing on host: <131.169.77.217:45599?addrs=131.169.77.217-45599&alias=bird771.desy.de>
...
001 (13926302.004.000) 2021-01-08 09:11:11 Job executing on host: <131.169.160.168:34387?addrs=131.169.160.168-34387&alias=batch1068.desy.de>
...
001 (13926302.024.000) 2021-01-08 09:11:11 Job executing on host: <131.169.77.222:33616?addrs=131.169.77.222-33616&alias=bird776.desy.de>
...
001 (13926302.011.000) 2021-01-08 09:11:11 Job executing on host: <131.169.163.100:44514?addrs=131.169.163.100-44514&alias=bird661.desy.de>
...
001 (13926302.021.000) 2021-01-08 09:11:11 Job executing on host: <131.169.160.168:34387?addrs=131.169.160.168-34387&alias=batch1068.desy.de>
...
001 (13926302.000.000) 2021-01-08 09:11:11 Job executing on host: <131.169.164.54:42626?addrs=131.169.164.54-42626>
...
001 (13926302.007.000) 2021-01-08 09:11:12 Job executing on host: <131.169.164.14:38087?addrs=131.169.164.14-38087&alias=bird814.desy.de>
...
001 (13926302.005.000) 2021-01-08 09:11:12 Job executing on host: <131.169.160.151:35514?addrs=131.169.160.151-35514&alias=batch1051.desy.de>
...
001 (13926302.020.000) 2021-01-08 09:11:12 Job executing on host: <131.169.160.151:35514?addrs=131.169.160.151-35514&alias=batch1051.desy.de>
...
006 (13926302.009.000) 2021-01-08 09:11:19 Image size of job updated: 336556
	323  -  MemoryUsage of job (MB)
	330216  -  ResidentSetSize of job (KB)
...
006 (13926302.012.000) 2021-01-08 09:11:19 Image size of job updated: 338524
	274  -  MemoryUsage of job (MB)
	279668  -  ResidentSetSize of job (KB)
...
006 (13926302.008.000) 2021-01-08 09:11:19 Image size of job updated: 346432
	323  -  MemoryUsage of job (MB)
	330372  -  ResidentSetSize of job (KB)
...
006 (13926302.015.000) 2021-01-08 09:11:19 Image size of job updated: 411020
	361  -  MemoryUsage of job (MB)
	369028  -  ResidentSetSize of job (KB)
...
006 (13926302.014.000) 2021-01-08 09:11:19 Image size of job updated: 387548
	348  -  MemoryUsage of job (MB)
	356204  -  ResidentSetSize of job (KB)
...
006 (13926302.017.000) 2021-01-08 09:11:19 Image size of job updated: 234772
	200  -  MemoryUsage of job (MB)
	204596  -  ResidentSetSize of job (KB)
...
006 (13926302.019.000) 2021-01-08 09:11:19 Image size of job updated: 350084
	331  -  MemoryUsage of job (MB)
	338560  -  ResidentSetSize of job (KB)
...
006 (13926302.016.000) 2021-01-08 09:11:19 Image size of job updated: 408320
	361  -  MemoryUsage of job (MB)
	368700  -  ResidentSetSize of job (KB)
...
006 (13926302.018.000) 2021-01-08 09:11:19 Image size of job updated: 358956
	336  -  MemoryUsage of job (MB)
	344064  -  ResidentSetSize of job (KB)
...
006 (13926302.023.000) 2021-01-08 09:11:19 Image size of job updated: 234608
	201  -  MemoryUsage of job (MB)
	205432  -  ResidentSetSize of job (KB)
...
006 (13926302.013.000) 2021-01-08 09:11:19 Image size of job updated: 271120
	224  -  MemoryUsage of job (MB)
	228880  -  ResidentSetSize of job (KB)
...
006 (13926302.022.000) 2021-01-08 09:11:19 Image size of job updated: 345772
	330  -  MemoryUsage of job (MB)
	337352  -  ResidentSetSize of job (KB)
...
006 (13926302.004.000) 2021-01-08 09:11:19 Image size of job updated: 299324
	269  -  MemoryUsage of job (MB)
	274828  -  ResidentSetSize of job (KB)
...
006 (13926302.024.000) 2021-01-08 09:11:19 Image size of job updated: 342772
	327  -  MemoryUsage of job (MB)
	334784  -  ResidentSetSize of job (KB)
...
006 (13926302.011.000) 2021-01-08 09:11:19 Image size of job updated: 279264
	235  -  MemoryUsage of job (MB)
	240632  -  ResidentSetSize of job (KB)
...
006 (13926302.021.000) 2021-01-08 09:11:19 Image size of job updated: 335592
	272  -  MemoryUsage of job (MB)
	277560  -  ResidentSetSize of job (KB)
...
006 (13926302.002.000) 2021-01-08 09:11:19 Image size of job updated: 438568
	379  -  MemoryUsage of job (MB)
	387156  -  ResidentSetSize of job (KB)
...
006 (13926302.003.000) 2021-01-08 09:11:19 Image size of job updated: 437832
	389  -  MemoryUsage of job (MB)
	397360  -  ResidentSetSize of job (KB)
...
006 (13926302.006.000) 2021-01-08 09:11:19 Image size of job updated: 500108
	407  -  MemoryUsage of job (MB)
	416632  -  ResidentSetSize of job (KB)
...
006 (13926302.001.000) 2021-01-08 09:11:19 Image size of job updated: 530656
	477  -  MemoryUsage of job (MB)
	487764  -  ResidentSetSize of job (KB)
...
006 (13926302.010.000) 2021-01-08 09:11:19 Image size of job updated: 408852
	359  -  MemoryUsage of job (MB)
	366832  -  ResidentSetSize of job (KB)
...
006 (13926302.007.000) 2021-01-08 09:11:20 Image size of job updated: 268228
	237  -  MemoryUsage of job (MB)
	241936  -  ResidentSetSize of job (KB)
...
006 (13926302.005.000) 2021-01-08 09:11:20 Image size of job updated: 307036
	277  -  MemoryUsage of job (MB)
	283168  -  ResidentSetSize of job (KB)
...
006 (13926302.020.000) 2021-01-08 09:11:20 Image size of job updated: 346744
	281  -  MemoryUsage of job (MB)
	287636  -  ResidentSetSize of job (KB)
...
006 (13926302.000.000) 2021-01-08 09:11:20 Image size of job updated: 351148
	301  -  MemoryUsage of job (MB)
	308040  -  ResidentSetSize of job (KB)
...
006 (13926302.011.000) 2021-01-08 09:15:43 Image size of job updated: 279264
	235  -  MemoryUsage of job (MB)
	240640  -  ResidentSetSize of job (KB)
...
005 (13926302.011.000) 2021-01-08 09:15:43 Job terminated.
	(1) Normal termination (return value 0)
		Usr 0 00:03:54, Sys 0 00:00:15  -  Run Remote Usage
		Usr 0 00:00:00, Sys 0 00:00:00  -  Run Local Usage
		Usr 0 00:03:54, Sys 0 00:00:15  -  Total Remote Usage
		Usr 0 00:00:00, Sys 0 00:00:00  -  Total Local Usage
	0  -  Run Bytes Sent By Job
	0  -  Run Bytes Received By Job
	0  -  Total Bytes Sent By Job
	0  -  Total Bytes Received By Job
	Partitionable Resources :    Usage  Request Allocated 
	   Cpus                 :     0.93        1         1 
	   Disk (KB)            :     1     3584000   3957143 
	   Memory (MB)          :   235        4096      4096 

	Job terminated of its own accord at 2021-01-08T08:15:43Z.
...
006 (13926302.012.000) 2021-01-08 09:15:46 Image size of job updated: 338524
	274  -  MemoryUsage of job (MB)
	279708  -  ResidentSetSize of job (KB)
...
005 (13926302.012.000) 2021-01-08 09:15:46 Job terminated.
	(1) Normal termination (return value 0)
		Usr 0 00:03:57, Sys 0 00:00:13  -  Run Remote Usage
		Usr 0 00:00:00, Sys 0 00:00:00  -  Run Local Usage
		Usr 0 00:03:57, Sys 0 00:00:13  -  Total Remote Usage
		Usr 0 00:00:00, Sys 0 00:00:00  -  Total Local Usage
	0  -  Run Bytes Sent By Job
	0  -  Run Bytes Received By Job
	0  -  Total Bytes Sent By Job
	0  -  Total Bytes Received By Job
	Partitionable Resources :    Usage  Request Allocated 
	   Cpus                 :     0.93        1         1 
	   Disk (KB)            :     1     3584000   4547720 
	   Memory (MB)          :   274        4096      4096 

	Job terminated of its own accord at 2021-01-08T08:15:46Z.
...
006 (13926302.006.000) 2021-01-08 09:15:53 Image size of job updated: 11292576
	408  -  MemoryUsage of job (MB)
	416792  -  ResidentSetSize of job (KB)
...
005 (13926302.006.000) 2021-01-08 09:15:53 Job terminated.
	(1) Normal termination (return value 0)
		Usr 0 00:04:03, Sys 0 00:00:16  -  Run Remote Usage
		Usr 0 00:00:00, Sys 0 00:00:00  -  Run Local Usage
		Usr 0 00:04:03, Sys 0 00:00:16  -  Total Remote Usage
		Usr 0 00:00:00, Sys 0 00:00:00  -  Total Local Usage
	0  -  Run Bytes Sent By Job
	0  -  Run Bytes Received By Job
	0  -  Total Bytes Sent By Job
	0  -  Total Bytes Received By Job
	Partitionable Resources :    Usage  Request Allocated 
	   Cpus                 :     0.93        1         1 
	   Disk (KB)            :     1     3584000   4518238 
	   Memory (MB)          :   408        4096      4096 

	Job terminated of its own accord at 2021-01-08T08:15:53Z.
...
006 (13926302.000.000) 2021-01-08 09:15:53 Image size of job updated: 351148
	301  -  MemoryUsage of job (MB)
	308104  -  ResidentSetSize of job (KB)
...
005 (13926302.000.000) 2021-01-08 09:15:53 Job terminated.
	(1) Normal termination (return value 0)
		Usr 0 00:03:58, Sys 0 00:00:16  -  Run Remote Usage
		Usr 0 00:00:00, Sys 0 00:00:00  -  Run Local Usage
		Usr 0 00:03:58, Sys 0 00:00:16  -  Total Remote Usage
		Usr 0 00:00:00, Sys 0 00:00:00  -  Total Local Usage
	0  -  Run Bytes Sent By Job
	0  -  Run Bytes Received By Job
	0  -  Total Bytes Sent By Job
	0  -  Total Bytes Received By Job
	Partitionable Resources :    Usage  Request Allocated 
	   Cpus                 :     0.93        1         1 
	   Disk (KB)            :     1     3584000   4622350 
	   Memory (MB)          :   301        4096      4096 
...
006 (13926302.010.000) 2021-01-08 09:15:54 Image size of job updated: 11110076
	359  -  MemoryUsage of job (MB)
	366884  -  ResidentSetSize of job (KB)
...
005 (13926302.010.000) 2021-01-08 09:15:54 Job terminated.
	(1) Normal termination (return value 0)
		Usr 0 00:03:57, Sys 0 00:00:19  -  Run Remote Usage
		Usr 0 00:00:00, Sys 0 00:00:00  -  Run Local Usage
		Usr 0 00:03:57, Sys 0 00:00:19  -  Total Remote Usage
		Usr 0 00:00:00, Sys 0 00:00:00  -  Total Local Usage
	0  -  Run Bytes Sent By Job
	0  -  Run Bytes Received By Job
	0  -  Total Bytes Sent By Job
	0  -  Total Bytes Received By Job
	Partitionable Resources :    Usage  Request Allocated 
	   Cpus                 :     0.92        1         1 
	   Disk (KB)            :     1     3584000   3949088 
	   Memory (MB)          :   359        4096      4096 

	Job terminated of its own accord at 2021-01-08T08:15:54Z.
...
006 (13926302.013.000) 2021-01-08 09:15:55 Image size of job updated: 4001648
	224  -  MemoryUsage of job (MB)
	229200  -  ResidentSetSize of job (KB)
...
005 (13926302.013.000) 2021-01-08 09:15:55 Job terminated.
	(1) Normal termination (return value 0)
		Usr 0 00:03:58, Sys 0 00:00:17  -  Run Remote Usage
		Usr 0 00:00:00, Sys 0 00:00:00  -  Run Local Usage
		Usr 0 00:03:58, Sys 0 00:00:17  -  Total Remote Usage
		Usr 0 00:00:00, Sys 0 00:00:00  -  Total Local Usage
	0  -  Run Bytes Sent By Job
	0  -  Run Bytes Received By Job
	0  -  Total Bytes Sent By Job
	0  -  Total Bytes Received By Job
	Partitionable Resources :    Usage  Request Allocated 
	   Cpus                 :     0.84        1         1 
	   Disk (KB)            :     1     3584000   4622350 
	   Memory (MB)          :   224        4096      4096 
...
006 (13926302.023.000) 2021-01-08 09:15:59 Image size of job updated: 12784620
	201  -  MemoryUsage of job (MB)
	205496  -  ResidentSetSize of job (KB)
...
005 (13926302.023.000) 2021-01-08 09:15:59 Job terminated.
	(1) Normal termination (return value 0)
		Usr 0 00:03:56, Sys 0 00:00:17  -  Run Remote Usage
		Usr 0 00:00:00, Sys 0 00:00:00  -  Run Local Usage
		Usr 0 00:03:56, Sys 0 00:00:17  -  Total Remote Usage
		Usr 0 00:00:00, Sys 0 00:00:00  -  Total Local Usage
	0  -  Run Bytes Sent By Job
	0  -  Run Bytes Received By Job
	0  -  Total Bytes Sent By Job
	0  -  Total Bytes Received By Job
	Partitionable Resources :    Usage  Request Allocated 
	   Cpus                 :     0.88        1         1 
	   Disk (KB)            :     1     3584000   4544607 
	   Memory (MB)          :   201        4096      4096 

	Job terminated of its own accord at 2021-01-08T08:15:59Z.
...
006 (13926302.001.000) 2021-01-08 09:16:01 Image size of job updated: 11119232
	477  -  MemoryUsage of job (MB)
	488080  -  ResidentSetSize of job (KB)
...
005 (13926302.001.000) 2021-01-08 09:16:01 Job terminated.
	(1) Normal termination (return value 0)
		Usr 0 00:03:56, Sys 0 00:00:18  -  Run Remote Usage
		Usr 0 00:00:00, Sys 0 00:00:00  -  Run Local Usage
		Usr 0 00:03:56, Sys 0 00:00:18  -  Total Remote Usage
		Usr 0 00:00:00, Sys 0 00:00:00  -  Total Local Usage
	0  -  Run Bytes Sent By Job
	0  -  Run Bytes Received By Job
	0  -  Total Bytes Sent By Job
	0  -  Total Bytes Received By Job
	Partitionable Resources :    Usage  Request Allocated 
	   Cpus                 :     0.90        1         1 
	   Disk (KB)            :     1     3584000   4785374 
	   Memory (MB)          :   477        4096      4096 

	Job terminated of its own accord at 2021-01-08T08:16:01Z.
...
006 (13926302.016.000) 2021-01-08 09:16:02 Image size of job updated: 3382916
	361  -  MemoryUsage of job (MB)
	368764  -  ResidentSetSize of job (KB)
...
005 (13926302.016.000) 2021-01-08 09:16:02 Job terminated.
	(1) Normal termination (return value 0)
		Usr 0 00:03:56, Sys 0 00:00:17  -  Run Remote Usage
		Usr 0 00:00:00, Sys 0 00:00:00  -  Run Local Usage
		Usr 0 00:03:56, Sys 0 00:00:17  -  Total Remote Usage
		Usr 0 00:00:00, Sys 0 00:00:00  -  Total Local Usage
	0  -  Run Bytes Sent By Job
	0  -  Run Bytes Received By Job
	0  -  Total Bytes Sent By Job
	0  -  Total Bytes Received By Job
	Partitionable Resources :    Usage  Request Allocated 
	   Cpus                 :     0.87        1         1 
	   Disk (KB)            :     1     3584000   4785374 
	   Memory (MB)          :   361        4096      4096 

	Job terminated of its own accord at 2021-01-08T08:16:02Z.
...
006 (13926302.017.000) 2021-01-08 09:16:07 Image size of job updated: 3744908
	200  -  MemoryUsage of job (MB)
	204636  -  ResidentSetSize of job (KB)
...
005 (13926302.017.000) 2021-01-08 09:16:07 Job terminated.
	(1) Normal termination (return value 0)
		Usr 0 00:04:00, Sys 0 00:00:21  -  Run Remote Usage
		Usr 0 00:00:00, Sys 0 00:00:00  -  Run Local Usage
		Usr 0 00:04:00, Sys 0 00:00:21  -  Total Remote Usage
		Usr 0 00:00:00, Sys 0 00:00:00  -  Total Local Usage
	0  -  Run Bytes Sent By Job
	0  -  Run Bytes Received By Job
	0  -  Total Bytes Sent By Job
	0  -  Total Bytes Received By Job
	Partitionable Resources :    Usage  Request Allocated 
	   Cpus                 :     0.90        1         1 
	   Disk (KB)            :     1     3584000   4544607 
	   Memory (MB)          :   200        4096      4096 

	Job terminated of its own accord at 2021-01-08T08:16:07Z.
...
006 (13926302.007.000) 2021-01-08 09:16:09 Image size of job updated: 11163460
	237  -  MemoryUsage of job (MB)
	242100  -  ResidentSetSize of job (KB)
...
005 (13926302.007.000) 2021-01-08 09:16:09 Job terminated.
	(1) Normal termination (return value 0)
		Usr 0 00:04:02, Sys 0 00:00:21  -  Run Remote Usage
		Usr 0 00:00:00, Sys 0 00:00:00  -  Run Local Usage
		Usr 0 00:04:02, Sys 0 00:00:21  -  Total Remote Usage
		Usr 0 00:00:00, Sys 0 00:00:00  -  Total Local Usage
	0  -  Run Bytes Sent By Job
	0  -  Run Bytes Received By Job
	0  -  Total Bytes Sent By Job
	0  -  Total Bytes Received By Job
	Partitionable Resources :    Usage  Request Allocated 
	   Cpus                 :     0.89        1         1 
	   Disk (KB)            :     1     3584000   4544607 
	   Memory (MB)          :   237        4096      4096 

	Job terminated of its own accord at 2021-01-08T08:16:09Z.
...
006 (13926302.020.000) 2021-01-08 09:16:12 Image size of job updated: 11233728
	282  -  MemoryUsage of job (MB)
	287956  -  ResidentSetSize of job (KB)
...
006 (13926302.002.000) 2021-01-08 09:16:12 Image size of job updated: 438568
	379  -  MemoryUsage of job (MB)
	387208  -  ResidentSetSize of job (KB)
...
005 (13926302.002.000) 2021-01-08 09:16:12 Job terminated.
	(1) Normal termination (return value 0)
		Usr 0 00:03:59, Sys 0 00:00:19  -  Run Remote Usage
		Usr 0 00:00:00, Sys 0 00:00:00  -  Run Local Usage
		Usr 0 00:03:59, Sys 0 00:00:19  -  Total Remote Usage
		Usr 0 00:00:00, Sys 0 00:00:00  -  Total Local Usage
	0  -  Run Bytes Sent By Job
	0  -  Run Bytes Received By Job
	0  -  Total Bytes Sent By Job
	0  -  Total Bytes Received By Job
	Partitionable Resources :    Usage  Request Allocated 
	   Cpus                 :     0.82        1         1 
	   Disk (KB)            :     1     3584000   3989237 
	   Memory (MB)          :   379        4096      4096 

	Job terminated of its own accord at 2021-01-08T08:16:12Z.
...
005 (13926302.020.000) 2021-01-08 09:16:12 Job terminated.
	(1) Normal termination (return value 0)
		Usr 0 00:04:00, Sys 0 00:00:21  -  Run Remote Usage
		Usr 0 00:00:00, Sys 0 00:00:00  -  Run Local Usage
		Usr 0 00:04:00, Sys 0 00:00:21  -  Total Remote Usage
		Usr 0 00:00:00, Sys 0 00:00:00  -  Total Local Usage
	0  -  Run Bytes Sent By Job
	0  -  Run Bytes Received By Job
	0  -  Total Bytes Sent By Job
	0  -  Total Bytes Received By Job
	Partitionable Resources :    Usage  Request Allocated 
	   Cpus                 :     0.82        1         1 
	   Disk (KB)            :     1     3584000   4370429 
	   Memory (MB)          :   282        4096      4096 

	Job terminated of its own accord at 2021-01-08T08:16:12Z.
...
006 (13926302.015.000) 2021-01-08 09:16:19 Image size of job updated: 10765308
	5098  -  MemoryUsage of job (MB)
	5219884  -  ResidentSetSize of job (KB)
...
006 (13926302.014.000) 2021-01-08 09:16:19 Image size of job updated: 11078732
	5946  -  MemoryUsage of job (MB)
	6088476  -  ResidentSetSize of job (KB)
...
006 (13926302.019.000) 2021-01-08 09:16:19 Image size of job updated: 9185088
	8955  -  MemoryUsage of job (MB)
	9169252  -  ResidentSetSize of job (KB)
...
006 (13926302.009.000) 2021-01-08 09:16:19 Image size of job updated: 9244580
	9010  -  MemoryUsage of job (MB)
	9225840  -  ResidentSetSize of job (KB)
...
006 (13926302.004.000) 2021-01-08 09:16:19 Image size of job updated: 10017748
	5987  -  MemoryUsage of job (MB)
	6130476  -  ResidentSetSize of job (KB)
...
006 (13926302.022.000) 2021-01-08 09:16:19 Image size of job updated: 9477548
	9231  -  MemoryUsage of job (MB)
	9451940  -  ResidentSetSize of job (KB)
...
006 (13926302.021.000) 2021-01-08 09:16:19 Image size of job updated: 10700432
	5973  -  MemoryUsage of job (MB)
	6115832  -  ResidentSetSize of job (KB)
...
006 (13926302.003.000) 2021-01-08 09:16:20 Image size of job updated: 10967916
	5066  -  MemoryUsage of job (MB)
	5186824  -  ResidentSetSize of job (KB)
...
006 (13926302.005.000) 2021-01-08 09:16:20 Image size of job updated: 10789276
	7424  -  MemoryUsage of job (MB)
	7601352  -  ResidentSetSize of job (KB)
...
006 (13926302.008.000) 2021-01-08 09:16:20 Image size of job updated: 8311100
	7439  -  MemoryUsage of job (MB)
	7617104  -  ResidentSetSize of job (KB)
...
006 (13926302.018.000) 2021-01-08 09:16:20 Image size of job updated: 8216052
	7520  -  MemoryUsage of job (MB)
	7699940  -  ResidentSetSize of job (KB)
...
006 (13926302.024.000) 2021-01-08 09:16:20 Image size of job updated: 8294640
	7468  -  MemoryUsage of job (MB)
	7647032  -  ResidentSetSize of job (KB)
...
006 (13926302.014.000) 2021-01-08 09:16:24 Image size of job updated: 11141904
	5946  -  MemoryUsage of job (MB)
	6088540  -  ResidentSetSize of job (KB)
...
005 (13926302.014.000) 2021-01-08 09:16:24 Job terminated.
	(1) Normal termination (return value 0)
		Usr 0 00:03:58, Sys 0 00:00:16  -  Run Remote Usage
		Usr 0 00:00:00, Sys 0 00:00:00  -  Run Local Usage
		Usr 0 00:03:58, Sys 0 00:00:16  -  Total Remote Usage
		Usr 0 00:00:00, Sys 0 00:00:00  -  Total Local Usage
	0  -  Run Bytes Sent By Job
	0  -  Run Bytes Received By Job
	0  -  Total Bytes Sent By Job
	0  -  Total Bytes Received By Job
	Partitionable Resources :    Usage  Request Allocated 
	   Cpus                 :     0.56        1         1 
	   Disk (KB)            :     1     3584000   3989237 
	   Memory (MB)          :  5946        4096      4096 

	Job terminated of its own accord at 2021-01-08T08:16:24Z.
...
006 (13926302.003.000) 2021-01-08 09:16:31 Image size of job updated: 11113104
	5066  -  MemoryUsage of job (MB)
	5186848  -  ResidentSetSize of job (KB)
...
005 (13926302.003.000) 2021-01-08 09:16:31 Job terminated.
	(1) Normal termination (return value 0)
		Usr 0 00:04:01, Sys 0 00:00:19  -  Run Remote Usage
		Usr 0 00:00:00, Sys 0 00:00:00  -  Run Local Usage
		Usr 0 00:04:01, Sys 0 00:00:19  -  Total Remote Usage
		Usr 0 00:00:00, Sys 0 00:00:00  -  Total Local Usage
	0  -  Run Bytes Sent By Job
	0  -  Run Bytes Received By Job
	0  -  Total Bytes Sent By Job
	0  -  Total Bytes Received By Job
	Partitionable Resources :    Usage  Request Allocated 
	   Cpus                 :     0.94        1         1 
	   Disk (KB)            :     1     3584000   3973998 
	   Memory (MB)          :  5066        4096      4096 

	Job terminated of its own accord at 2021-01-08T08:16:31Z.
...
006 (13926302.015.000) 2021-01-08 09:16:34 Image size of job updated: 10765308
	5098  -  MemoryUsage of job (MB)
	5219888  -  ResidentSetSize of job (KB)
...
005 (13926302.015.000) 2021-01-08 09:16:34 Job terminated.
	(1) Normal termination (return value 0)
		Usr 0 00:04:01, Sys 0 00:00:19  -  Run Remote Usage
		Usr 0 00:00:00, Sys 0 00:00:00  -  Run Local Usage
		Usr 0 00:04:01, Sys 0 00:00:19  -  Total Remote Usage
		Usr 0 00:00:00, Sys 0 00:00:00  -  Total Local Usage
	0  -  Run Bytes Sent By Job
	0  -  Run Bytes Received By Job
	0  -  Total Bytes Sent By Job
	0  -  Total Bytes Received By Job
	Partitionable Resources :    Usage  Request Allocated 
	   Cpus                 :     0.72        1         1 
	   Disk (KB)            :     1     3584000   3973998 
	   Memory (MB)          :  5098        4096      4096 

	Job terminated of its own accord at 2021-01-08T08:16:34Z.
...
005 (13926302.005.000) 2021-01-08 09:16:37 Job terminated.
	(1) Normal termination (return value 0)
		Usr 0 00:04:20, Sys 0 00:00:23  -  Run Remote Usage
		Usr 0 00:00:00, Sys 0 00:00:00  -  Run Local Usage
		Usr 0 00:04:20, Sys 0 00:00:23  -  Total Remote Usage
		Usr 0 00:00:00, Sys 0 00:00:00  -  Total Local Usage
	0  -  Run Bytes Sent By Job
	0  -  Run Bytes Received By Job
	0  -  Total Bytes Sent By Job
	0  -  Total Bytes Received By Job
	Partitionable Resources :    Usage  Request Allocated 
	   Cpus                 :     0.82        1         1 
	   Disk (KB)            :     1     3584000   4370429 
	   Memory (MB)          :  7424        4096      4096 

	Job terminated of its own accord at 2021-01-08T08:16:37Z.
...
006 (13926302.021.000) 2021-01-08 09:17:02 Image size of job updated: 11226372
	5973  -  MemoryUsage of job (MB)
	6115836  -  ResidentSetSize of job (KB)
...
005 (13926302.021.000) 2021-01-08 09:17:02 Job terminated.
	(1) Normal termination (return value 0)
		Usr 0 00:04:35, Sys 0 00:00:24  -  Run Remote Usage
		Usr 0 00:00:00, Sys 0 00:00:00  -  Run Local Usage
		Usr 0 00:04:35, Sys 0 00:00:24  -  Total Remote Usage
		Usr 0 00:00:00, Sys 0 00:00:00  -  Total Local Usage
	0  -  Run Bytes Sent By Job
	0  -  Run Bytes Received By Job
	0  -  Total Bytes Sent By Job
	0  -  Total Bytes Received By Job
	Partitionable Resources :    Usage  Request Allocated 
	   Cpus                 :     0.40        1         1 
	   Disk (KB)            :     1     3584000   4421070 
	   Memory (MB)          :  5973        4096      4096 

	Job terminated of its own accord at 2021-01-08T08:17:02Z.
...
005 (13926302.004.000) 2021-01-08 09:17:10 Job terminated.
	(1) Normal termination (return value 0)
		Usr 0 00:04:25, Sys 0 00:00:25  -  Run Remote Usage
		Usr 0 00:00:00, Sys 0 00:00:00  -  Run Local Usage
		Usr 0 00:04:25, Sys 0 00:00:25  -  Total Remote Usage
		Usr 0 00:00:00, Sys 0 00:00:00  -  Total Local Usage
	0  -  Run Bytes Sent By Job
	0  -  Run Bytes Received By Job
	0  -  Total Bytes Sent By Job
	0  -  Total Bytes Received By Job
	Partitionable Resources :    Usage  Request Allocated 
	   Cpus                 :     0.93        1         1 
	   Disk (KB)            :     1     3584000   4421070 
	   Memory (MB)          :  5987        4096      4096 

	Job terminated of its own accord at 2021-01-08T08:17:10Z.
...
006 (13926302.022.000) 2021-01-08 09:17:14 Image size of job updated: 11115100
	9231  -  MemoryUsage of job (MB)
	9451940  -  ResidentSetSize of job (KB)
...
005 (13926302.022.000) 2021-01-08 09:17:14 Job terminated.
	(1) Normal termination (return value 0)
		Usr 0 00:03:57, Sys 0 00:00:24  -  Run Remote Usage
		Usr 0 00:00:00, Sys 0 00:00:00  -  Run Local Usage
		Usr 0 00:03:57, Sys 0 00:00:24  -  Total Remote Usage
		Usr 0 00:00:00, Sys 0 00:00:00  -  Total Local Usage
	0  -  Run Bytes Sent By Job
	0  -  Run Bytes Received By Job
	0  -  Total Bytes Sent By Job
	0  -  Total Bytes Received By Job
	Partitionable Resources :    Usage  Request Allocated 
	   Cpus                 :     0.27        1         1 
	   Disk (KB)            :     1     3584000   4784838 
	   Memory (MB)          :  9231        4096      4096 

	Job terminated of its own accord at 2021-01-08T08:17:14Z.
...
006 (13926302.009.000) 2021-01-08 09:17:17 Image size of job updated: 11097536
	9010  -  MemoryUsage of job (MB)
	9225840  -  ResidentSetSize of job (KB)
...
005 (13926302.009.000) 2021-01-08 09:17:17 Job terminated.
	(1) Normal termination (return value 0)
		Usr 0 00:04:00, Sys 0 00:00:24  -  Run Remote Usage
		Usr 0 00:00:00, Sys 0 00:00:00  -  Run Local Usage
		Usr 0 00:04:00, Sys 0 00:00:24  -  Total Remote Usage
		Usr 0 00:00:00, Sys 0 00:00:00  -  Total Local Usage
	0  -  Run Bytes Sent By Job
	0  -  Run Bytes Received By Job
	0  -  Total Bytes Sent By Job
	0  -  Total Bytes Received By Job
	Partitionable Resources :    Usage  Request Allocated 
	   Cpus                 :     0.63        1         1 
	   Disk (KB)            :     1     3584000   4784838 
	   Memory (MB)          :  9010        4096      4096 

	Job terminated of its own accord at 2021-01-08T08:17:17Z.
...
006 (13926302.019.000) 2021-01-08 09:17:19 Image size of job updated: 11105652
	8955  -  MemoryUsage of job (MB)
	9169268  -  ResidentSetSize of job (KB)
...
005 (13926302.019.000) 2021-01-08 09:17:19 Job terminated.
	(1) Normal termination (return value 0)
		Usr 0 00:03:57, Sys 0 00:00:24  -  Run Remote Usage
		Usr 0 00:00:00, Sys 0 00:00:00  -  Run Local Usage
		Usr 0 00:03:57, Sys 0 00:00:24  -  Total Remote Usage
		Usr 0 00:00:00, Sys 0 00:00:00  -  Total Local Usage
	0  -  Run Bytes Sent By Job
	0  -  Run Bytes Received By Job
	0  -  Total Bytes Sent By Job
	0  -  Total Bytes Received By Job
	Partitionable Resources :    Usage  Request Allocated 
	   Cpus                 :     0.38        1         1 
	   Disk (KB)            :     1     3584000   4784838 
	   Memory (MB)          :  8955        4096      4096 

	Job terminated of its own accord at 2021-01-08T08:17:19Z.
...
005 (13926302.008.000) 2021-01-08 09:20:12 Job terminated.
	(1) Normal termination (return value 0)
		Usr 0 00:04:03, Sys 0 00:00:20  -  Run Remote Usage
		Usr 0 00:00:00, Sys 0 00:00:00  -  Run Local Usage
		Usr 0 00:04:03, Sys 0 00:00:20  -  Total Remote Usage
		Usr 0 00:00:00, Sys 0 00:00:00  -  Total Local Usage
	0  -  Run Bytes Sent By Job
	0  -  Run Bytes Received By Job
	0  -  Total Bytes Sent By Job
	0  -  Total Bytes Received By Job
	Partitionable Resources :    Usage  Request Allocated 
	   Cpus                 :     0.00        1         1 
	   Disk (KB)            :     1     3584000   4787146 
	   Memory (MB)          :  7439        4096      4096 

	Job terminated of its own accord at 2021-01-08T08:20:12Z.
...
006 (13926302.018.000) 2021-01-08 09:20:58 Image size of job updated: 11154140
	7520  -  MemoryUsage of job (MB)
	7699940  -  ResidentSetSize of job (KB)
...
006 (13926302.024.000) 2021-01-08 09:20:58 Image size of job updated: 11117252
	7468  -  MemoryUsage of job (MB)
	7647032  -  ResidentSetSize of job (KB)
...
005 (13926302.024.000) 2021-01-08 09:20:58 Job terminated.
	(1) Normal termination (return value 0)
		Usr 0 00:04:04, Sys 0 00:00:22  -  Run Remote Usage
		Usr 0 00:00:00, Sys 0 00:00:00  -  Run Local Usage
		Usr 0 00:04:04, Sys 0 00:00:22  -  Total Remote Usage
		Usr 0 00:00:00, Sys 0 00:00:00  -  Total Local Usage
	0  -  Run Bytes Sent By Job
	0  -  Run Bytes Received By Job
	0  -  Total Bytes Sent By Job
	0  -  Total Bytes Received By Job
	Partitionable Resources :    Usage  Request Allocated 
	   Cpus                 :     0.00        1         1 
	   Disk (KB)            :     1     3584000   4787146 
	   Memory (MB)          :  7468        4096      4096 

	Job terminated of its own accord at 2021-01-08T08:20:58Z.
...
005 (13926302.018.000) 2021-01-08 09:20:58 Job terminated.
	(1) Normal termination (return value 0)
		Usr 0 00:04:05, Sys 0 00:00:21  -  Run Remote Usage
		Usr 0 00:00:00, Sys 0 00:00:00  -  Run Local Usage
		Usr 0 00:04:05, Sys 0 00:00:21  -  Total Remote Usage
		Usr 0 00:00:00, Sys 0 00:00:00  -  Total Local Usage
	0  -  Run Bytes Sent By Job
	0  -  Run Bytes Received By Job
	0  -  Total Bytes Sent By Job
	0  -  Total Bytes Received By Job
	Partitionable Resources :    Usage  Request Allocated 
	   Cpus                 :     0.00        1         1 
	   Disk (KB)            :     1     3584000   4787146 
	   Memory (MB)          :  7520        4096      4096 

	Job terminated of its own accord at 2021-01-08T08:20:58Z.
...
