000 (13901877.000.000) 2021-01-07 12:19:31 Job submitted from host: <131.169.223.42:9618?addrs=131.169.223.42-9618+[2001-638-700-10df--1-2a]-9618&alias=bird-htc-sched14.desy.de&noUDP&sock=schedd_1936_8371_3>
...
000 (13901877.001.000) 2021-01-07 12:19:31 Job submitted from host: <131.169.223.42:9618?addrs=131.169.223.42-9618+[2001-638-700-10df--1-2a]-9618&alias=bird-htc-sched14.desy.de&noUDP&sock=schedd_1936_8371_3>
...
000 (13901877.002.000) 2021-01-07 12:19:31 Job submitted from host: <131.169.223.42:9618?addrs=131.169.223.42-9618+[2001-638-700-10df--1-2a]-9618&alias=bird-htc-sched14.desy.de&noUDP&sock=schedd_1936_8371_3>
...
000 (13901877.003.000) 2021-01-07 12:19:31 Job submitted from host: <131.169.223.42:9618?addrs=131.169.223.42-9618+[2001-638-700-10df--1-2a]-9618&alias=bird-htc-sched14.desy.de&noUDP&sock=schedd_1936_8371_3>
...
000 (13901877.004.000) 2021-01-07 12:19:31 Job submitted from host: <131.169.223.42:9618?addrs=131.169.223.42-9618+[2001-638-700-10df--1-2a]-9618&alias=bird-htc-sched14.desy.de&noUDP&sock=schedd_1936_8371_3>
...
000 (13901877.005.000) 2021-01-07 12:19:31 Job submitted from host: <131.169.223.42:9618?addrs=131.169.223.42-9618+[2001-638-700-10df--1-2a]-9618&alias=bird-htc-sched14.desy.de&noUDP&sock=schedd_1936_8371_3>
...
000 (13901877.006.000) 2021-01-07 12:19:31 Job submitted from host: <131.169.223.42:9618?addrs=131.169.223.42-9618+[2001-638-700-10df--1-2a]-9618&alias=bird-htc-sched14.desy.de&noUDP&sock=schedd_1936_8371_3>
...
000 (13901877.007.000) 2021-01-07 12:19:31 Job submitted from host: <131.169.223.42:9618?addrs=131.169.223.42-9618+[2001-638-700-10df--1-2a]-9618&alias=bird-htc-sched14.desy.de&noUDP&sock=schedd_1936_8371_3>
...
000 (13901877.008.000) 2021-01-07 12:19:31 Job submitted from host: <131.169.223.42:9618?addrs=131.169.223.42-9618+[2001-638-700-10df--1-2a]-9618&alias=bird-htc-sched14.desy.de&noUDP&sock=schedd_1936_8371_3>
...
000 (13901877.009.000) 2021-01-07 12:19:31 Job submitted from host: <131.169.223.42:9618?addrs=131.169.223.42-9618+[2001-638-700-10df--1-2a]-9618&alias=bird-htc-sched14.desy.de&noUDP&sock=schedd_1936_8371_3>
...
000 (13901877.010.000) 2021-01-07 12:19:31 Job submitted from host: <131.169.223.42:9618?addrs=131.169.223.42-9618+[2001-638-700-10df--1-2a]-9618&alias=bird-htc-sched14.desy.de&noUDP&sock=schedd_1936_8371_3>
...
000 (13901877.011.000) 2021-01-07 12:19:31 Job submitted from host: <131.169.223.42:9618?addrs=131.169.223.42-9618+[2001-638-700-10df--1-2a]-9618&alias=bird-htc-sched14.desy.de&noUDP&sock=schedd_1936_8371_3>
...
000 (13901877.012.000) 2021-01-07 12:19:31 Job submitted from host: <131.169.223.42:9618?addrs=131.169.223.42-9618+[2001-638-700-10df--1-2a]-9618&alias=bird-htc-sched14.desy.de&noUDP&sock=schedd_1936_8371_3>
...
000 (13901877.013.000) 2021-01-07 12:19:31 Job submitted from host: <131.169.223.42:9618?addrs=131.169.223.42-9618+[2001-638-700-10df--1-2a]-9618&alias=bird-htc-sched14.desy.de&noUDP&sock=schedd_1936_8371_3>
...
000 (13901877.014.000) 2021-01-07 12:19:31 Job submitted from host: <131.169.223.42:9618?addrs=131.169.223.42-9618+[2001-638-700-10df--1-2a]-9618&alias=bird-htc-sched14.desy.de&noUDP&sock=schedd_1936_8371_3>
...
000 (13901877.015.000) 2021-01-07 12:19:31 Job submitted from host: <131.169.223.42:9618?addrs=131.169.223.42-9618+[2001-638-700-10df--1-2a]-9618&alias=bird-htc-sched14.desy.de&noUDP&sock=schedd_1936_8371_3>
...
000 (13901877.016.000) 2021-01-07 12:19:31 Job submitted from host: <131.169.223.42:9618?addrs=131.169.223.42-9618+[2001-638-700-10df--1-2a]-9618&alias=bird-htc-sched14.desy.de&noUDP&sock=schedd_1936_8371_3>
...
000 (13901877.017.000) 2021-01-07 12:19:31 Job submitted from host: <131.169.223.42:9618?addrs=131.169.223.42-9618+[2001-638-700-10df--1-2a]-9618&alias=bird-htc-sched14.desy.de&noUDP&sock=schedd_1936_8371_3>
...
000 (13901877.018.000) 2021-01-07 12:19:31 Job submitted from host: <131.169.223.42:9618?addrs=131.169.223.42-9618+[2001-638-700-10df--1-2a]-9618&alias=bird-htc-sched14.desy.de&noUDP&sock=schedd_1936_8371_3>
...
000 (13901877.019.000) 2021-01-07 12:19:31 Job submitted from host: <131.169.223.42:9618?addrs=131.169.223.42-9618+[2001-638-700-10df--1-2a]-9618&alias=bird-htc-sched14.desy.de&noUDP&sock=schedd_1936_8371_3>
...
000 (13901877.020.000) 2021-01-07 12:19:31 Job submitted from host: <131.169.223.42:9618?addrs=131.169.223.42-9618+[2001-638-700-10df--1-2a]-9618&alias=bird-htc-sched14.desy.de&noUDP&sock=schedd_1936_8371_3>
...
000 (13901877.021.000) 2021-01-07 12:19:31 Job submitted from host: <131.169.223.42:9618?addrs=131.169.223.42-9618+[2001-638-700-10df--1-2a]-9618&alias=bird-htc-sched14.desy.de&noUDP&sock=schedd_1936_8371_3>
...
000 (13901877.022.000) 2021-01-07 12:19:31 Job submitted from host: <131.169.223.42:9618?addrs=131.169.223.42-9618+[2001-638-700-10df--1-2a]-9618&alias=bird-htc-sched14.desy.de&noUDP&sock=schedd_1936_8371_3>
...
000 (13901877.023.000) 2021-01-07 12:19:31 Job submitted from host: <131.169.223.42:9618?addrs=131.169.223.42-9618+[2001-638-700-10df--1-2a]-9618&alias=bird-htc-sched14.desy.de&noUDP&sock=schedd_1936_8371_3>
...
000 (13901877.024.000) 2021-01-07 12:19:31 Job submitted from host: <131.169.223.42:9618?addrs=131.169.223.42-9618+[2001-638-700-10df--1-2a]-9618&alias=bird-htc-sched14.desy.de&noUDP&sock=schedd_1936_8371_3>
...
001 (13901877.003.000) 2021-01-07 12:19:54 Job executing on host: <131.169.163.108:43753?addrs=131.169.163.108-43753&alias=bird669.desy.de>
...
001 (13901877.004.000) 2021-01-07 12:19:54 Job executing on host: <131.169.160.180:44202?addrs=131.169.160.180-44202&alias=batch1182.desy.de>
...
001 (13901877.006.000) 2021-01-07 12:19:54 Job executing on host: <131.169.163.125:45874?addrs=131.169.163.125-45874&alias=bird686.desy.de>
...
001 (13901877.005.000) 2021-01-07 12:19:54 Job executing on host: <131.169.162.165:33349?addrs=131.169.162.165-33349&alias=batch1165.desy.de>
...
001 (13901877.010.000) 2021-01-07 12:19:54 Job executing on host: <131.169.163.125:45874?addrs=131.169.163.125-45874&alias=bird686.desy.de>
...
001 (13901877.001.000) 2021-01-07 12:19:54 Job executing on host: <131.169.160.167:37786?addrs=131.169.160.167-37786&alias=batch1067.desy.de>
...
001 (13901877.012.000) 2021-01-07 12:19:54 Job executing on host: <131.169.162.165:33349?addrs=131.169.162.165-33349&alias=batch1165.desy.de>
...
001 (13901877.000.000) 2021-01-07 12:19:54 Job executing on host: <131.169.160.165:43172?addrs=131.169.160.165-43172&alias=batch1065.desy.de>
...
001 (13901877.009.000) 2021-01-07 12:19:54 Job executing on host: <131.169.160.180:44202?addrs=131.169.160.180-44202&alias=batch1182.desy.de>
...
001 (13901877.002.000) 2021-01-07 12:19:54 Job executing on host: <131.169.160.155:36134?addrs=131.169.160.155-36134&alias=batch1055.desy.de>
...
001 (13901877.016.000) 2021-01-07 12:19:55 Job executing on host: <131.169.162.165:33349?addrs=131.169.162.165-33349&alias=batch1165.desy.de>
...
001 (13901877.007.000) 2021-01-07 12:19:55 Job executing on host: <131.169.160.160:36891?addrs=131.169.160.160-36891&alias=batch1060.desy.de>
...
001 (13901877.008.000) 2021-01-07 12:19:55 Job executing on host: <131.169.160.156:36378?addrs=131.169.160.156-36378&alias=batch1056.desy.de>
...
001 (13901877.013.000) 2021-01-07 12:19:55 Job executing on host: <131.169.160.165:43172?addrs=131.169.160.165-43172&alias=batch1065.desy.de>
...
001 (13901877.018.000) 2021-01-07 12:19:55 Job executing on host: <131.169.162.165:33349?addrs=131.169.162.165-33349&alias=batch1165.desy.de>
...
001 (13901877.015.000) 2021-01-07 12:19:55 Job executing on host: <131.169.160.155:36134?addrs=131.169.160.155-36134&alias=batch1055.desy.de>
...
001 (13901877.014.000) 2021-01-07 12:19:55 Job executing on host: <131.169.160.167:37786?addrs=131.169.160.167-37786&alias=batch1067.desy.de>
...
001 (13901877.011.000) 2021-01-07 12:19:55 Job executing on host: <131.169.160.166:41105?addrs=131.169.160.166-41105&alias=batch1066.desy.de>
...
001 (13901877.017.000) 2021-01-07 12:19:55 Job executing on host: <131.169.160.156:36378?addrs=131.169.160.156-36378&alias=batch1056.desy.de>
...
001 (13901877.019.000) 2021-01-07 12:19:55 Job executing on host: <131.169.160.165:43172?addrs=131.169.160.165-43172&alias=batch1065.desy.de>
...
001 (13901877.020.000) 2021-01-07 12:19:55 Job executing on host: <131.169.160.165:43172?addrs=131.169.160.165-43172&alias=batch1065.desy.de>
...
006 (13901877.009.000) 2021-01-07 12:20:03 Image size of job updated: 538216
	512  -  MemoryUsage of job (MB)
	523792  -  ResidentSetSize of job (KB)
...
006 (13901877.000.000) 2021-01-07 12:20:03 Image size of job updated: 195728
	190  -  MemoryUsage of job (MB)
	193868  -  ResidentSetSize of job (KB)
...
006 (13901877.002.000) 2021-01-07 12:20:03 Image size of job updated: 252804
	218  -  MemoryUsage of job (MB)
	222624  -  ResidentSetSize of job (KB)
...
006 (13901877.016.000) 2021-01-07 12:20:03 Image size of job updated: 521600
	497  -  MemoryUsage of job (MB)
	508048  -  ResidentSetSize of job (KB)
...
006 (13901877.007.000) 2021-01-07 12:20:03 Image size of job updated: 184496
	172  -  MemoryUsage of job (MB)
	175812  -  ResidentSetSize of job (KB)
...
006 (13901877.018.000) 2021-01-07 12:20:03 Image size of job updated: 514196
	499  -  MemoryUsage of job (MB)
	510364  -  ResidentSetSize of job (KB)
...
006 (13901877.008.000) 2021-01-07 12:20:03 Image size of job updated: 213436
	197  -  MemoryUsage of job (MB)
	200912  -  ResidentSetSize of job (KB)
...
006 (13901877.013.000) 2021-01-07 12:20:03 Image size of job updated: 224212
	194  -  MemoryUsage of job (MB)
	198020  -  ResidentSetSize of job (KB)
...
006 (13901877.014.000) 2021-01-07 12:20:03 Image size of job updated: 283600
	243  -  MemoryUsage of job (MB)
	247996  -  ResidentSetSize of job (KB)
...
006 (13901877.015.000) 2021-01-07 12:20:03 Image size of job updated: 265680
	233  -  MemoryUsage of job (MB)
	238024  -  ResidentSetSize of job (KB)
...
006 (13901877.011.000) 2021-01-07 12:20:03 Image size of job updated: 229668
	203  -  MemoryUsage of job (MB)
	207812  -  ResidentSetSize of job (KB)
...
006 (13901877.017.000) 2021-01-07 12:20:03 Image size of job updated: 268700
	209  -  MemoryUsage of job (MB)
	213204  -  ResidentSetSize of job (KB)
...
006 (13901877.019.000) 2021-01-07 12:20:03 Image size of job updated: 198560
	189  -  MemoryUsage of job (MB)
	192724  -  ResidentSetSize of job (KB)
...
006 (13901877.003.000) 2021-01-07 12:20:03 Image size of job updated: 422508
	385  -  MemoryUsage of job (MB)
	393352  -  ResidentSetSize of job (KB)
...
006 (13901877.004.000) 2021-01-07 12:20:03 Image size of job updated: 587216
	570  -  MemoryUsage of job (MB)
	582748  -  ResidentSetSize of job (KB)
...
006 (13901877.006.000) 2021-01-07 12:20:03 Image size of job updated: 404764
	375  -  MemoryUsage of job (MB)
	383996  -  ResidentSetSize of job (KB)
...
006 (13901877.005.000) 2021-01-07 12:20:03 Image size of job updated: 552560
	532  -  MemoryUsage of job (MB)
	544172  -  ResidentSetSize of job (KB)
...
006 (13901877.010.000) 2021-01-07 12:20:03 Image size of job updated: 389312
	375  -  MemoryUsage of job (MB)
	383524  -  ResidentSetSize of job (KB)
...
006 (13901877.012.000) 2021-01-07 12:20:03 Image size of job updated: 569336
	538  -  MemoryUsage of job (MB)
	550188  -  ResidentSetSize of job (KB)
...
006 (13901877.001.000) 2021-01-07 12:20:04 Image size of job updated: 325452
	279  -  MemoryUsage of job (MB)
	284760  -  ResidentSetSize of job (KB)
...
006 (13901877.020.000) 2021-01-07 12:20:04 Image size of job updated: 283544
	238  -  MemoryUsage of job (MB)
	243492  -  ResidentSetSize of job (KB)
...
001 (13901877.022.000) 2021-01-07 12:20:27 Job executing on host: <131.169.77.37:42016?addrs=131.169.77.37-42016&alias=bird555.desy.de>
...
001 (13901877.021.000) 2021-01-07 12:20:27 Job executing on host: <131.169.164.41:42677?addrs=131.169.164.41-42677&alias=bird841.desy.de>
...
001 (13901877.023.000) 2021-01-07 12:20:27 Job executing on host: <131.169.163.137:46691?addrs=131.169.163.137-46691&alias=bird698.desy.de>
...
001 (13901877.024.000) 2021-01-07 12:20:27 Job executing on host: <131.169.163.124:38040?addrs=131.169.163.124-38040&alias=bird685.desy.de>
...
006 (13901877.022.000) 2021-01-07 12:20:36 Image size of job updated: 359884
	269  -  MemoryUsage of job (MB)
	275384  -  ResidentSetSize of job (KB)
...
006 (13901877.023.000) 2021-01-07 12:20:36 Image size of job updated: 443832
	373  -  MemoryUsage of job (MB)
	381884  -  ResidentSetSize of job (KB)
...
006 (13901877.024.000) 2021-01-07 12:20:36 Image size of job updated: 460808
	396  -  MemoryUsage of job (MB)
	405076  -  ResidentSetSize of job (KB)
...
006 (13901877.021.000) 2021-01-07 12:20:36 Image size of job updated: 267304
	248  -  MemoryUsage of job (MB)
	253068  -  ResidentSetSize of job (KB)
...
006 (13901877.012.000) 2021-01-07 12:23:25 Image size of job updated: 611876
	538  -  MemoryUsage of job (MB)
	550228  -  ResidentSetSize of job (KB)
...
005 (13901877.012.000) 2021-01-07 12:23:25 Job terminated.
	(1) Normal termination (return value 0)
		Usr 0 00:02:44, Sys 0 00:00:09  -  Run Remote Usage
		Usr 0 00:00:00, Sys 0 00:00:00  -  Run Local Usage
		Usr 0 00:02:44, Sys 0 00:00:09  -  Total Remote Usage
		Usr 0 00:00:00, Sys 0 00:00:00  -  Total Local Usage
	0  -  Run Bytes Sent By Job
	0  -  Run Bytes Received By Job
	0  -  Total Bytes Sent By Job
	0  -  Total Bytes Received By Job
	Partitionable Resources :    Usage  Request Allocated 
	   Cpus                 :     0.83        1         1 
	   Disk (KB)            :     1     3584000   4408864 
	   Memory (MB)          :   538        4096      4096 

	Job terminated of its own accord at 2021-01-07T11:23:25Z.
...
006 (13901877.016.000) 2021-01-07 12:23:28 Image size of job updated: 12963808
	498  -  MemoryUsage of job (MB)
	509528  -  ResidentSetSize of job (KB)
...
005 (13901877.016.000) 2021-01-07 12:23:28 Job terminated.
	(1) Normal termination (return value 0)
		Usr 0 00:02:46, Sys 0 00:00:09  -  Run Remote Usage
		Usr 0 00:00:00, Sys 0 00:00:00  -  Run Local Usage
		Usr 0 00:02:46, Sys 0 00:00:09  -  Total Remote Usage
		Usr 0 00:00:00, Sys 0 00:00:00  -  Total Local Usage
	0  -  Run Bytes Sent By Job
	0  -  Run Bytes Received By Job
	0  -  Total Bytes Sent By Job
	0  -  Total Bytes Received By Job
	Partitionable Resources :    Usage  Request Allocated 
	   Cpus                 :     0.88        1         1 
	   Disk (KB)            :     1     3584000   4408864 
	   Memory (MB)          :   498        4096      4096 

	Job terminated of its own accord at 2021-01-07T11:23:28Z.
...
006 (13901877.018.000) 2021-01-07 12:23:29 Image size of job updated: 12876048
	499  -  MemoryUsage of job (MB)
	510496  -  ResidentSetSize of job (KB)
...
006 (13901877.005.000) 2021-01-07 12:23:29 Image size of job updated: 10503204
	532  -  MemoryUsage of job (MB)
	544252  -  ResidentSetSize of job (KB)
...
005 (13901877.018.000) 2021-01-07 12:23:29 Job terminated.
	(1) Normal termination (return value 0)
		Usr 0 00:02:48, Sys 0 00:00:10  -  Run Remote Usage
		Usr 0 00:00:00, Sys 0 00:00:00  -  Run Local Usage
		Usr 0 00:02:48, Sys 0 00:00:10  -  Total Remote Usage
		Usr 0 00:00:00, Sys 0 00:00:00  -  Total Local Usage
	0  -  Run Bytes Sent By Job
	0  -  Run Bytes Received By Job
	0  -  Total Bytes Sent By Job
	0  -  Total Bytes Received By Job
	Partitionable Resources :    Usage  Request Allocated 
	   Cpus                 :     0.79        1         1 
	   Disk (KB)            :     1     3584000   4408864 
	   Memory (MB)          :   499        4096      4096 

	Job terminated of its own accord at 2021-01-07T11:23:29Z.
...
005 (13901877.005.000) 2021-01-07 12:23:30 Job terminated.
	(1) Normal termination (return value 0)
		Usr 0 00:02:49, Sys 0 00:00:09  -  Run Remote Usage
		Usr 0 00:00:00, Sys 0 00:00:00  -  Run Local Usage
		Usr 0 00:02:49, Sys 0 00:00:09  -  Total Remote Usage
		Usr 0 00:00:00, Sys 0 00:00:00  -  Total Local Usage
	0  -  Run Bytes Sent By Job
	0  -  Run Bytes Received By Job
	0  -  Total Bytes Sent By Job
	0  -  Total Bytes Received By Job
	Partitionable Resources :    Usage  Request Allocated 
	   Cpus                 :     0.89        1         1 
	   Disk (KB)            :     1     3584000   4408864 
	   Memory (MB)          :   532        4096      4096 

	Job terminated of its own accord at 2021-01-07T11:23:29Z.
...
006 (13901877.004.000) 2021-01-07 12:23:32 Image size of job updated: 11294136
	570  -  MemoryUsage of job (MB)
	582792  -  ResidentSetSize of job (KB)
...
005 (13901877.004.000) 2021-01-07 12:23:32 Job terminated.
	(1) Normal termination (return value 0)
		Usr 0 00:02:47, Sys 0 00:00:10  -  Run Remote Usage
		Usr 0 00:00:00, Sys 0 00:00:00  -  Run Local Usage
		Usr 0 00:02:47, Sys 0 00:00:10  -  Total Remote Usage
		Usr 0 00:00:00, Sys 0 00:00:00  -  Total Local Usage
	0  -  Run Bytes Sent By Job
	0  -  Run Bytes Received By Job
	0  -  Total Bytes Sent By Job
	0  -  Total Bytes Received By Job
	Partitionable Resources :    Usage  Request Allocated 
	   Cpus                 :     0.79        1         1 
	   Disk (KB)            :     1     3584000   4466788 
	   Memory (MB)          :   570        4096      4096 

	Job terminated of its own accord at 2021-01-07T11:23:32Z.
...
006 (13901877.009.000) 2021-01-07 12:23:34 Image size of job updated: 9604752
	514  -  MemoryUsage of job (MB)
	525620  -  ResidentSetSize of job (KB)
...
005 (13901877.009.000) 2021-01-07 12:23:34 Job terminated.
	(1) Normal termination (return value 0)
		Usr 0 00:02:49, Sys 0 00:00:11  -  Run Remote Usage
		Usr 0 00:00:00, Sys 0 00:00:00  -  Run Local Usage
		Usr 0 00:02:49, Sys 0 00:00:11  -  Total Remote Usage
		Usr 0 00:00:00, Sys 0 00:00:00  -  Total Local Usage
	0  -  Run Bytes Sent By Job
	0  -  Run Bytes Received By Job
	0  -  Total Bytes Sent By Job
	0  -  Total Bytes Received By Job
	Partitionable Resources :    Usage  Request Allocated 
	   Cpus                 :     0.66        1         1 
	   Disk (KB)            :     1     3584000   4466788 
	   Memory (MB)          :   514        4096      4096 

	Job terminated of its own accord at 2021-01-07T11:23:34Z.
...
006 (13901877.017.000) 2021-01-07 12:24:51 Image size of job updated: 11341292
	209  -  MemoryUsage of job (MB)
	213264  -  ResidentSetSize of job (KB)
...
005 (13901877.017.000) 2021-01-07 12:24:51 Job terminated.
	(1) Normal termination (return value 0)
		Usr 0 00:03:54, Sys 0 00:00:17  -  Run Remote Usage
		Usr 0 00:00:00, Sys 0 00:00:00  -  Run Local Usage
		Usr 0 00:03:54, Sys 0 00:00:17  -  Total Remote Usage
		Usr 0 00:00:00, Sys 0 00:00:00  -  Total Local Usage
	0  -  Run Bytes Sent By Job
	0  -  Run Bytes Received By Job
	0  -  Total Bytes Sent By Job
	0  -  Total Bytes Received By Job
	Partitionable Resources :    Usage  Request Allocated 
	   Cpus                 :     0.87        1         1 
	   Disk (KB)            :     1     3584000   4559338 
	   Memory (MB)          :   209        4096      4096 

	Job terminated of its own accord at 2021-01-07T11:24:51Z.
...
006 (13901877.013.000) 2021-01-07 12:24:52 Image size of job updated: 11388080
	194  -  MemoryUsage of job (MB)
	198160  -  ResidentSetSize of job (KB)
...
005 (13901877.013.000) 2021-01-07 12:24:53 Job terminated.
	(1) Normal termination (return value 0)
		Usr 0 00:03:50, Sys 0 00:00:18  -  Run Remote Usage
		Usr 0 00:00:00, Sys 0 00:00:00  -  Run Local Usage
		Usr 0 00:03:50, Sys 0 00:00:18  -  Total Remote Usage
		Usr 0 00:00:00, Sys 0 00:00:00  -  Total Local Usage
	0  -  Run Bytes Sent By Job
	0  -  Run Bytes Received By Job
	0  -  Total Bytes Sent By Job
	0  -  Total Bytes Received By Job
	Partitionable Resources :    Usage  Request Allocated 
	   Cpus                 :     0.86        1         1 
	   Disk (KB)            :     1     3584000   4436040 
	   Memory (MB)          :   194        4096      4096 

	Job terminated of its own accord at 2021-01-07T11:24:52Z.
...
006 (13901877.019.000) 2021-01-07 12:24:53 Image size of job updated: 5236284
	189  -  MemoryUsage of job (MB)
	192724  -  ResidentSetSize of job (KB)
...
005 (13901877.019.000) 2021-01-07 12:24:53 Job terminated.
	(1) Normal termination (return value 0)
		Usr 0 00:03:52, Sys 0 00:00:16  -  Run Remote Usage
		Usr 0 00:00:00, Sys 0 00:00:00  -  Run Local Usage
		Usr 0 00:03:52, Sys 0 00:00:16  -  Total Remote Usage
		Usr 0 00:00:00, Sys 0 00:00:00  -  Total Local Usage
	0  -  Run Bytes Sent By Job
	0  -  Run Bytes Received By Job
	0  -  Total Bytes Sent By Job
	0  -  Total Bytes Received By Job
	Partitionable Resources :    Usage  Request Allocated 
	   Cpus                 :     0.74        1         1 
	   Disk (KB)            :     1     3584000   4436040 
	   Memory (MB)          :   189        4096      4096 

	Job terminated of its own accord at 2021-01-07T11:24:53Z.
...
006 (13901877.003.000) 2021-01-07 12:24:55 Image size of job updated: 11235544
	385  -  MemoryUsage of job (MB)
	393428  -  ResidentSetSize of job (KB)
...
005 (13901877.003.000) 2021-01-07 12:24:55 Job terminated.
	(1) Normal termination (return value 0)
		Usr 0 00:04:17, Sys 0 00:00:14  -  Run Remote Usage
		Usr 0 00:00:00, Sys 0 00:00:00  -  Run Local Usage
		Usr 0 00:04:17, Sys 0 00:00:14  -  Total Remote Usage
		Usr 0 00:00:00, Sys 0 00:00:00  -  Total Local Usage
	0  -  Run Bytes Sent By Job
	0  -  Run Bytes Received By Job
	0  -  Total Bytes Sent By Job
	0  -  Total Bytes Received By Job
	Partitionable Resources :    Usage  Request Allocated 
	   Cpus                 :     0.94        1         1 
	   Disk (KB)            :     1     3584000   3959034 
	   Memory (MB)          :   385        4096      4096 

	Job terminated of its own accord at 2021-01-07T11:24:55Z.
...
006 (13901877.002.000) 2021-01-07 12:24:58 Image size of job updated: 11364944
	218  -  MemoryUsage of job (MB)
	222656  -  ResidentSetSize of job (KB)
...
005 (13901877.002.000) 2021-01-07 12:24:58 Job terminated.
	(1) Normal termination (return value 0)
		Usr 0 00:04:05, Sys 0 00:00:17  -  Run Remote Usage
		Usr 0 00:00:00, Sys 0 00:00:00  -  Run Local Usage
		Usr 0 00:04:05, Sys 0 00:00:17  -  Total Remote Usage
		Usr 0 00:00:00, Sys 0 00:00:00  -  Total Local Usage
	0  -  Run Bytes Sent By Job
	0  -  Run Bytes Received By Job
	0  -  Total Bytes Sent By Job
	0  -  Total Bytes Received By Job
	Partitionable Resources :    Usage  Request Allocated 
	   Cpus                 :     0.84        1         1 
	   Disk (KB)            :     1     3584000   4432044 
	   Memory (MB)          :   218        4096      4096 

	Job terminated of its own accord at 2021-01-07T11:24:58Z.
...
006 (13901877.020.000) 2021-01-07 12:24:59 Image size of job updated: 11328448
	238  -  MemoryUsage of job (MB)
	243544  -  ResidentSetSize of job (KB)
...
005 (13901877.020.000) 2021-01-07 12:24:59 Job terminated.
	(1) Normal termination (return value 0)
		Usr 0 00:03:57, Sys 0 00:00:18  -  Run Remote Usage
		Usr 0 00:00:00, Sys 0 00:00:00  -  Run Local Usage
		Usr 0 00:03:57, Sys 0 00:00:18  -  Total Remote Usage
		Usr 0 00:00:00, Sys 0 00:00:00  -  Total Local Usage
	0  -  Run Bytes Sent By Job
	0  -  Run Bytes Received By Job
	0  -  Total Bytes Sent By Job
	0  -  Total Bytes Received By Job
	Partitionable Resources :    Usage  Request Allocated 
	   Cpus                 :     0.88        1         1 
	   Disk (KB)            :     1     3584000   4436040 
	   Memory (MB)          :   238        4096      4096 

	Job terminated of its own accord at 2021-01-07T11:24:59Z.
...
006 (13901877.015.000) 2021-01-07 12:25:00 Image size of job updated: 11390828
	233  -  MemoryUsage of job (MB)
	238224  -  ResidentSetSize of job (KB)
...
005 (13901877.015.000) 2021-01-07 12:25:00 Job terminated.
	(1) Normal termination (return value 0)
		Usr 0 00:04:05, Sys 0 00:00:19  -  Run Remote Usage
		Usr 0 00:00:00, Sys 0 00:00:00  -  Run Local Usage
		Usr 0 00:04:05, Sys 0 00:00:19  -  Total Remote Usage
		Usr 0 00:00:00, Sys 0 00:00:00  -  Total Local Usage
	0  -  Run Bytes Sent By Job
	0  -  Run Bytes Received By Job
	0  -  Total Bytes Sent By Job
	0  -  Total Bytes Received By Job
	Partitionable Resources :    Usage  Request Allocated 
	   Cpus                 :     0.87        1         1 
	   Disk (KB)            :     1     3584000   4432044 
	   Memory (MB)          :   233        4096      4096 

	Job terminated of its own accord at 2021-01-07T11:25:00Z.
...
006 (13901877.000.000) 2021-01-07 12:25:03 Image size of job updated: 11294288
	10938  -  MemoryUsage of job (MB)
	11200140  -  ResidentSetSize of job (KB)
...
006 (13901877.014.000) 2021-01-07 12:25:03 Image size of job updated: 10609716
	10264  -  MemoryUsage of job (MB)
	10510080  -  ResidentSetSize of job (KB)
...
006 (13901877.007.000) 2021-01-07 12:25:03 Image size of job updated: 7029628
	4132  -  MemoryUsage of job (MB)
	4230204  -  ResidentSetSize of job (KB)
...
006 (13901877.008.000) 2021-01-07 12:25:03 Image size of job updated: 11115440
	10855  -  MemoryUsage of job (MB)
	11115408  -  ResidentSetSize of job (KB)
...
006 (13901877.011.000) 2021-01-07 12:25:03 Image size of job updated: 8522588
	8323  -  MemoryUsage of job (MB)
	8522320  -  ResidentSetSize of job (KB)
...
006 (13901877.006.000) 2021-01-07 12:25:04 Image size of job updated: 10548888
	10302  -  MemoryUsage of job (MB)
	10548768  -  ResidentSetSize of job (KB)
...
006 (13901877.010.000) 2021-01-07 12:25:04 Image size of job updated: 10088576
	9852  -  MemoryUsage of job (MB)
	10088240  -  ResidentSetSize of job (KB)
...
006 (13901877.001.000) 2021-01-07 12:25:04 Image size of job updated: 10594284
	10257  -  MemoryUsage of job (MB)
	10502376  -  ResidentSetSize of job (KB)
...
006 (13901877.000.000) 2021-01-07 12:25:10 Image size of job updated: 11294288
	10938  -  MemoryUsage of job (MB)
	11200160  -  ResidentSetSize of job (KB)
...
005 (13901877.000.000) 2021-01-07 12:25:10 Job terminated.
	(1) Normal termination (return value 0)
		Usr 0 00:04:03, Sys 0 00:00:23  -  Run Remote Usage
		Usr 0 00:00:00, Sys 0 00:00:00  -  Run Local Usage
		Usr 0 00:04:03, Sys 0 00:00:23  -  Total Remote Usage
		Usr 0 00:00:00, Sys 0 00:00:00  -  Total Local Usage
	0  -  Run Bytes Sent By Job
	0  -  Run Bytes Received By Job
	0  -  Total Bytes Sent By Job
	0  -  Total Bytes Received By Job
	Partitionable Resources :    Usage  Request Allocated 
	   Cpus                 :     0.89        1         1 
	   Disk (KB)            :     1     3584000   4436040 
	   Memory (MB)          : 10938        4096      4096 

	Job terminated of its own accord at 2021-01-07T11:25:10Z.
...
006 (13901877.008.000) 2021-01-07 12:25:13 Image size of job updated: 11115440
	10855  -  MemoryUsage of job (MB)
	11115488  -  ResidentSetSize of job (KB)
...
005 (13901877.008.000) 2021-01-07 12:25:13 Job terminated.
	(1) Normal termination (return value 0)
		Usr 0 00:04:10, Sys 0 00:00:23  -  Run Remote Usage
		Usr 0 00:00:00, Sys 0 00:00:00  -  Run Local Usage
		Usr 0 00:04:10, Sys 0 00:00:23  -  Total Remote Usage
		Usr 0 00:00:00, Sys 0 00:00:00  -  Total Local Usage
	0  -  Run Bytes Sent By Job
	0  -  Run Bytes Received By Job
	0  -  Total Bytes Sent By Job
	0  -  Total Bytes Received By Job
	Partitionable Resources :    Usage  Request Allocated 
	   Cpus                 :     0.87        1         1 
	   Disk (KB)            :     1     3584000   4559338 
	   Memory (MB)          : 10855        4096      4096 

	Job terminated of its own accord at 2021-01-07T11:25:13Z.
...
006 (13901877.014.000) 2021-01-07 12:25:26 Image size of job updated: 11301280
	10264  -  MemoryUsage of job (MB)
	10510104  -  ResidentSetSize of job (KB)
...
005 (13901877.014.000) 2021-01-07 12:25:26 Job terminated.
	(1) Normal termination (return value 0)
		Usr 0 00:03:57, Sys 0 00:00:30  -  Run Remote Usage
		Usr 0 00:00:00, Sys 0 00:00:00  -  Run Local Usage
		Usr 0 00:03:57, Sys 0 00:00:30  -  Total Remote Usage
		Usr 0 00:00:00, Sys 0 00:00:00  -  Total Local Usage
	0  -  Run Bytes Sent By Job
	0  -  Run Bytes Received By Job
	0  -  Total Bytes Sent By Job
	0  -  Total Bytes Received By Job
	Partitionable Resources :    Usage  Request Allocated 
	   Cpus                 :     0.86        1         1 
	   Disk (KB)            :     1     3584000   4389306 
	   Memory (MB)          : 10264        4096      4096 

	Job terminated of its own accord at 2021-01-07T11:25:26Z.
...
006 (13901877.001.000) 2021-01-07 12:25:29 Image size of job updated: 11410024
	10257  -  MemoryUsage of job (MB)
	10502472  -  ResidentSetSize of job (KB)
...
005 (13901877.001.000) 2021-01-07 12:25:29 Job terminated.
	(1) Normal termination (return value 0)
		Usr 0 00:04:00, Sys 0 00:00:30  -  Run Remote Usage
		Usr 0 00:00:00, Sys 0 00:00:00  -  Run Local Usage
		Usr 0 00:04:00, Sys 0 00:00:30  -  Total Remote Usage
		Usr 0 00:00:00, Sys 0 00:00:00  -  Total Local Usage
	0  -  Run Bytes Sent By Job
	0  -  Run Bytes Received By Job
	0  -  Total Bytes Sent By Job
	0  -  Total Bytes Received By Job
	Partitionable Resources :    Usage  Request Allocated 
	   Cpus                 :     0.85        1         1 
	   Disk (KB)            :     1     3584000   4389306 
	   Memory (MB)          : 10257        4096      4096 

	Job terminated of its own accord at 2021-01-07T11:25:29Z.
...
006 (13901877.006.000) 2021-01-07 12:25:29 Image size of job updated: 12939800
	10302  -  MemoryUsage of job (MB)
	10548768  -  ResidentSetSize of job (KB)
...
005 (13901877.006.000) 2021-01-07 12:25:30 Job terminated.
	(1) Normal termination (return value 0)
		Usr 0 00:04:05, Sys 0 00:00:19  -  Run Remote Usage
		Usr 0 00:00:00, Sys 0 00:00:00  -  Run Local Usage
		Usr 0 00:04:05, Sys 0 00:00:19  -  Total Remote Usage
		Usr 0 00:00:00, Sys 0 00:00:00  -  Total Local Usage
	0  -  Run Bytes Sent By Job
	0  -  Run Bytes Received By Job
	0  -  Total Bytes Sent By Job
	0  -  Total Bytes Received By Job
	Partitionable Resources :    Usage  Request Allocated 
	   Cpus                 :     0.83        1         1 
	   Disk (KB)            :     1     3584000   3955591 
	   Memory (MB)          : 10302        4096      4096 

	Job terminated of its own accord at 2021-01-07T11:25:29Z.
...
006 (13901877.024.000) 2021-01-07 12:25:33 Image size of job updated: 7769568
	396  -  MemoryUsage of job (MB)
	405076  -  ResidentSetSize of job (KB)
...
005 (13901877.024.000) 2021-01-07 12:25:33 Job terminated.
	(1) Normal termination (return value 0)
		Usr 0 00:04:14, Sys 0 00:00:17  -  Run Remote Usage
		Usr 0 00:00:00, Sys 0 00:00:00  -  Run Local Usage
		Usr 0 00:04:14, Sys 0 00:00:17  -  Total Remote Usage
		Usr 0 00:00:00, Sys 0 00:00:00  -  Total Local Usage
	0  -  Run Bytes Sent By Job
	0  -  Run Bytes Received By Job
	0  -  Total Bytes Sent By Job
	0  -  Total Bytes Received By Job
	Partitionable Resources :    Usage  Request Allocated 
	   Cpus                 :     0.91        1         1 
	   Disk (KB)            :     1     3584000   3955248 
	   Memory (MB)          :   396        4096      4096 

	Job terminated of its own accord at 2021-01-07T11:25:33Z.
...
006 (13901877.023.000) 2021-01-07 12:25:34 Image size of job updated: 11301924
	374  -  MemoryUsage of job (MB)
	381976  -  ResidentSetSize of job (KB)
...
005 (13901877.023.000) 2021-01-07 12:25:34 Job terminated.
	(1) Normal termination (return value 0)
		Usr 0 00:04:08, Sys 0 00:00:17  -  Run Remote Usage
		Usr 0 00:00:00, Sys 0 00:00:00  -  Run Local Usage
		Usr 0 00:04:08, Sys 0 00:00:17  -  Total Remote Usage
		Usr 0 00:00:00, Sys 0 00:00:00  -  Total Local Usage
	0  -  Run Bytes Sent By Job
	0  -  Run Bytes Received By Job
	0  -  Total Bytes Sent By Job
	0  -  Total Bytes Received By Job
	Partitionable Resources :    Usage  Request Allocated 
	   Cpus                 :     0.62        1         1 
	   Disk (KB)            :     1     3584000   3954892 
	   Memory (MB)          :   374        4096      4096 

	Job terminated of its own accord at 2021-01-07T11:25:33Z.
...
006 (13901877.022.000) 2021-01-07 12:25:37 Image size of job updated: 8526012
	3796  -  MemoryUsage of job (MB)
	3886980  -  ResidentSetSize of job (KB)
...
006 (13901877.021.000) 2021-01-07 12:25:37 Image size of job updated: 10813672
	9323  -  MemoryUsage of job (MB)
	9545776  -  ResidentSetSize of job (KB)
...
006 (13901877.010.000) 2021-01-07 12:25:44 Image size of job updated: 11322940
	9852  -  MemoryUsage of job (MB)
	10088276  -  ResidentSetSize of job (KB)
...
005 (13901877.010.000) 2021-01-07 12:25:44 Job terminated.
	(1) Normal termination (return value 0)
		Usr 0 00:04:13, Sys 0 00:00:24  -  Run Remote Usage
		Usr 0 00:00:00, Sys 0 00:00:00  -  Run Local Usage
		Usr 0 00:04:13, Sys 0 00:00:24  -  Total Remote Usage
		Usr 0 00:00:00, Sys 0 00:00:00  -  Total Local Usage
	0  -  Run Bytes Sent By Job
	0  -  Run Bytes Received By Job
	0  -  Total Bytes Sent By Job
	0  -  Total Bytes Received By Job
	Partitionable Resources :    Usage  Request Allocated 
	   Cpus                 :     0.84        1         1 
	   Disk (KB)            :     1     3584000   3955591 
	   Memory (MB)          :  9852        4096      4096 

	Job terminated of its own accord at 2021-01-07T11:25:44Z.
...
006 (13901877.021.000) 2021-01-07 12:25:54 Image size of job updated: 11323652
	9323  -  MemoryUsage of job (MB)
	9545948  -  ResidentSetSize of job (KB)
...
005 (13901877.021.000) 2021-01-07 12:25:54 Job terminated.
	(1) Normal termination (return value 0)
		Usr 0 00:04:07, Sys 0 00:00:22  -  Run Remote Usage
		Usr 0 00:00:00, Sys 0 00:00:00  -  Run Local Usage
		Usr 0 00:04:07, Sys 0 00:00:22  -  Total Remote Usage
		Usr 0 00:00:00, Sys 0 00:00:00  -  Total Local Usage
	0  -  Run Bytes Sent By Job
	0  -  Run Bytes Received By Job
	0  -  Total Bytes Sent By Job
	0  -  Total Bytes Received By Job
	Partitionable Resources :    Usage  Request Allocated 
	   Cpus                 :     0.86        1         1 
	   Disk (KB)            :     1     3584000   4541935 
	   Memory (MB)          :  9323        4096      4096 

	Job terminated of its own accord at 2021-01-07T11:25:54Z.
...
006 (13901877.011.000) 2021-01-07 12:26:42 Image size of job updated: 11404752
	8323  -  MemoryUsage of job (MB)
	8522376  -  ResidentSetSize of job (KB)
...
005 (13901877.011.000) 2021-01-07 12:26:42 Job terminated.
	(1) Normal termination (return value 0)
		Usr 0 00:04:30, Sys 0 00:00:27  -  Run Remote Usage
		Usr 0 00:00:00, Sys 0 00:00:00  -  Run Local Usage
		Usr 0 00:04:30, Sys 0 00:00:27  -  Total Remote Usage
		Usr 0 00:00:00, Sys 0 00:00:00  -  Total Local Usage
	0  -  Run Bytes Sent By Job
	0  -  Run Bytes Received By Job
	0  -  Total Bytes Sent By Job
	0  -  Total Bytes Received By Job
	Partitionable Resources :    Usage  Request Allocated 
	   Cpus                 :     0.84        1         1 
	   Disk (KB)            :     1     3584000   4816309 
	   Memory (MB)          :  8323        4096      4096 

	Job terminated of its own accord at 2021-01-07T11:26:42Z.
...
006 (13901877.007.000) 2021-01-07 12:28:27 Image size of job updated: 11418684
	4132  -  MemoryUsage of job (MB)
	4230260  -  ResidentSetSize of job (KB)
...
005 (13901877.007.000) 2021-01-07 12:28:27 Job terminated.
	(1) Normal termination (return value 0)
		Usr 0 00:05:04, Sys 0 00:00:31  -  Run Remote Usage
		Usr 0 00:00:00, Sys 0 00:00:00  -  Run Local Usage
		Usr 0 00:05:04, Sys 0 00:00:31  -  Total Remote Usage
		Usr 0 00:00:00, Sys 0 00:00:00  -  Total Local Usage
	0  -  Run Bytes Sent By Job
	0  -  Run Bytes Received By Job
	0  -  Total Bytes Sent By Job
	0  -  Total Bytes Received By Job
	Partitionable Resources :    Usage  Request Allocated 
	   Cpus                 :     0.70        1         1 
	   Disk (KB)            :     1     3584000   4392699 
	   Memory (MB)          :  4132        4096      4096 

	Job terminated of its own accord at 2021-01-07T11:28:27Z.
...
005 (13901877.022.000) 2021-01-07 12:28:38 Job terminated.
	(1) Normal termination (return value 0)
		Usr 0 00:04:05, Sys 0 00:00:20  -  Run Remote Usage
		Usr 0 00:00:00, Sys 0 00:00:00  -  Run Local Usage
		Usr 0 00:04:05, Sys 0 00:00:20  -  Total Remote Usage
		Usr 0 00:00:00, Sys 0 00:00:00  -  Total Local Usage
	0  -  Run Bytes Sent By Job
	0  -  Run Bytes Received By Job
	0  -  Total Bytes Sent By Job
	0  -  Total Bytes Received By Job
	Partitionable Resources :    Usage  Request Allocated 
	   Cpus                 :     0.12        1         1 
	   Disk (KB)            :     1     3584000   3822841 
	   Memory (MB)          :  3796        4096      4096 

	Job terminated of its own accord at 2021-01-07T11:28:38Z.
...
