000 (13926297.000.000) 2021-01-08 09:09:08 Job submitted from host: <131.169.223.42:9618?addrs=131.169.223.42-9618+[2001-638-700-10df--1-2a]-9618&alias=bird-htc-sched14.desy.de&noUDP&sock=schedd_1936_8371_3>
...
000 (13926297.001.000) 2021-01-08 09:09:08 Job submitted from host: <131.169.223.42:9618?addrs=131.169.223.42-9618+[2001-638-700-10df--1-2a]-9618&alias=bird-htc-sched14.desy.de&noUDP&sock=schedd_1936_8371_3>
...
000 (13926297.002.000) 2021-01-08 09:09:08 Job submitted from host: <131.169.223.42:9618?addrs=131.169.223.42-9618+[2001-638-700-10df--1-2a]-9618&alias=bird-htc-sched14.desy.de&noUDP&sock=schedd_1936_8371_3>
...
000 (13926297.003.000) 2021-01-08 09:09:08 Job submitted from host: <131.169.223.42:9618?addrs=131.169.223.42-9618+[2001-638-700-10df--1-2a]-9618&alias=bird-htc-sched14.desy.de&noUDP&sock=schedd_1936_8371_3>
...
000 (13926297.004.000) 2021-01-08 09:09:08 Job submitted from host: <131.169.223.42:9618?addrs=131.169.223.42-9618+[2001-638-700-10df--1-2a]-9618&alias=bird-htc-sched14.desy.de&noUDP&sock=schedd_1936_8371_3>
...
000 (13926297.005.000) 2021-01-08 09:09:08 Job submitted from host: <131.169.223.42:9618?addrs=131.169.223.42-9618+[2001-638-700-10df--1-2a]-9618&alias=bird-htc-sched14.desy.de&noUDP&sock=schedd_1936_8371_3>
...
000 (13926297.006.000) 2021-01-08 09:09:08 Job submitted from host: <131.169.223.42:9618?addrs=131.169.223.42-9618+[2001-638-700-10df--1-2a]-9618&alias=bird-htc-sched14.desy.de&noUDP&sock=schedd_1936_8371_3>
...
000 (13926297.007.000) 2021-01-08 09:09:08 Job submitted from host: <131.169.223.42:9618?addrs=131.169.223.42-9618+[2001-638-700-10df--1-2a]-9618&alias=bird-htc-sched14.desy.de&noUDP&sock=schedd_1936_8371_3>
...
000 (13926297.008.000) 2021-01-08 09:09:08 Job submitted from host: <131.169.223.42:9618?addrs=131.169.223.42-9618+[2001-638-700-10df--1-2a]-9618&alias=bird-htc-sched14.desy.de&noUDP&sock=schedd_1936_8371_3>
...
000 (13926297.009.000) 2021-01-08 09:09:08 Job submitted from host: <131.169.223.42:9618?addrs=131.169.223.42-9618+[2001-638-700-10df--1-2a]-9618&alias=bird-htc-sched14.desy.de&noUDP&sock=schedd_1936_8371_3>
...
000 (13926297.010.000) 2021-01-08 09:09:08 Job submitted from host: <131.169.223.42:9618?addrs=131.169.223.42-9618+[2001-638-700-10df--1-2a]-9618&alias=bird-htc-sched14.desy.de&noUDP&sock=schedd_1936_8371_3>
...
000 (13926297.011.000) 2021-01-08 09:09:08 Job submitted from host: <131.169.223.42:9618?addrs=131.169.223.42-9618+[2001-638-700-10df--1-2a]-9618&alias=bird-htc-sched14.desy.de&noUDP&sock=schedd_1936_8371_3>
...
000 (13926297.012.000) 2021-01-08 09:09:08 Job submitted from host: <131.169.223.42:9618?addrs=131.169.223.42-9618+[2001-638-700-10df--1-2a]-9618&alias=bird-htc-sched14.desy.de&noUDP&sock=schedd_1936_8371_3>
...
000 (13926297.013.000) 2021-01-08 09:09:08 Job submitted from host: <131.169.223.42:9618?addrs=131.169.223.42-9618+[2001-638-700-10df--1-2a]-9618&alias=bird-htc-sched14.desy.de&noUDP&sock=schedd_1936_8371_3>
...
000 (13926297.014.000) 2021-01-08 09:09:08 Job submitted from host: <131.169.223.42:9618?addrs=131.169.223.42-9618+[2001-638-700-10df--1-2a]-9618&alias=bird-htc-sched14.desy.de&noUDP&sock=schedd_1936_8371_3>
...
000 (13926297.015.000) 2021-01-08 09:09:08 Job submitted from host: <131.169.223.42:9618?addrs=131.169.223.42-9618+[2001-638-700-10df--1-2a]-9618&alias=bird-htc-sched14.desy.de&noUDP&sock=schedd_1936_8371_3>
...
000 (13926297.016.000) 2021-01-08 09:09:08 Job submitted from host: <131.169.223.42:9618?addrs=131.169.223.42-9618+[2001-638-700-10df--1-2a]-9618&alias=bird-htc-sched14.desy.de&noUDP&sock=schedd_1936_8371_3>
...
000 (13926297.017.000) 2021-01-08 09:09:08 Job submitted from host: <131.169.223.42:9618?addrs=131.169.223.42-9618+[2001-638-700-10df--1-2a]-9618&alias=bird-htc-sched14.desy.de&noUDP&sock=schedd_1936_8371_3>
...
000 (13926297.018.000) 2021-01-08 09:09:08 Job submitted from host: <131.169.223.42:9618?addrs=131.169.223.42-9618+[2001-638-700-10df--1-2a]-9618&alias=bird-htc-sched14.desy.de&noUDP&sock=schedd_1936_8371_3>
...
000 (13926297.019.000) 2021-01-08 09:09:08 Job submitted from host: <131.169.223.42:9618?addrs=131.169.223.42-9618+[2001-638-700-10df--1-2a]-9618&alias=bird-htc-sched14.desy.de&noUDP&sock=schedd_1936_8371_3>
...
000 (13926297.020.000) 2021-01-08 09:09:08 Job submitted from host: <131.169.223.42:9618?addrs=131.169.223.42-9618+[2001-638-700-10df--1-2a]-9618&alias=bird-htc-sched14.desy.de&noUDP&sock=schedd_1936_8371_3>
...
000 (13926297.021.000) 2021-01-08 09:09:08 Job submitted from host: <131.169.223.42:9618?addrs=131.169.223.42-9618+[2001-638-700-10df--1-2a]-9618&alias=bird-htc-sched14.desy.de&noUDP&sock=schedd_1936_8371_3>
...
000 (13926297.022.000) 2021-01-08 09:09:08 Job submitted from host: <131.169.223.42:9618?addrs=131.169.223.42-9618+[2001-638-700-10df--1-2a]-9618&alias=bird-htc-sched14.desy.de&noUDP&sock=schedd_1936_8371_3>
...
000 (13926297.023.000) 2021-01-08 09:09:08 Job submitted from host: <131.169.223.42:9618?addrs=131.169.223.42-9618+[2001-638-700-10df--1-2a]-9618&alias=bird-htc-sched14.desy.de&noUDP&sock=schedd_1936_8371_3>
...
000 (13926297.024.000) 2021-01-08 09:09:08 Job submitted from host: <131.169.223.42:9618?addrs=131.169.223.42-9618+[2001-638-700-10df--1-2a]-9618&alias=bird-htc-sched14.desy.de&noUDP&sock=schedd_1936_8371_3>
...
001 (13926297.004.000) 2021-01-08 09:10:10 Job executing on host: <131.169.164.22:40895?addrs=131.169.164.22-40895&alias=bird822.desy.de>
...
001 (13926297.001.000) 2021-01-08 09:10:10 Job executing on host: <131.169.163.128:42061?addrs=131.169.163.128-42061&alias=bird689.desy.de>
...
001 (13926297.006.000) 2021-01-08 09:10:10 Job executing on host: <131.169.164.57:37058?addrs=131.169.164.57-37058&alias=bird857.desy.de>
...
001 (13926297.015.000) 2021-01-08 09:10:11 Job executing on host: <131.169.164.56:43431?addrs=131.169.164.56-43431>
...
001 (13926297.000.000) 2021-01-08 09:10:11 Job executing on host: <131.169.77.220:37989?addrs=131.169.77.220-37989&alias=bird774.desy.de>
...
001 (13926297.014.000) 2021-01-08 09:10:11 Job executing on host: <131.169.164.9:43239?addrs=131.169.164.9-43239&alias=bird809.desy.de>
...
001 (13926297.002.000) 2021-01-08 09:10:12 Job executing on host: <131.169.164.52:46565?addrs=131.169.164.52-46565&alias=bird852.desy.de>
...
001 (13926297.011.000) 2021-01-08 09:10:12 Job executing on host: <131.169.77.221:40635?addrs=131.169.77.221-40635&alias=bird775.desy.de>
...
001 (13926297.018.000) 2021-01-08 09:10:12 Job executing on host: <131.169.77.47:32968?addrs=131.169.77.47-32968&alias=bird565.desy.de>
...
001 (13926297.005.000) 2021-01-08 09:10:12 Job executing on host: <131.169.163.139:45696?addrs=131.169.163.139-45696&alias=bird700.desy.de>
...
001 (13926297.019.000) 2021-01-08 09:10:12 Job executing on host: <131.169.77.55:36512?addrs=131.169.77.55-36512&alias=bird573.desy.de>
...
001 (13926297.012.000) 2021-01-08 09:10:12 Job executing on host: <131.169.163.127:43944?addrs=131.169.163.127-43944&alias=bird688.desy.de>
...
001 (13926297.020.000) 2021-01-08 09:10:12 Job executing on host: <131.169.163.101:46236?addrs=131.169.163.101-46236&alias=bird662.desy.de>
...
001 (13926297.007.000) 2021-01-08 09:10:12 Job executing on host: <131.169.77.41:34994?addrs=131.169.77.41-34994&alias=bird559.desy.de>
...
001 (13926297.013.000) 2021-01-08 09:10:12 Job executing on host: <131.169.163.114:33111?addrs=131.169.163.114-33111&alias=bird675.desy.de>
...
001 (13926297.009.000) 2021-01-08 09:10:12 Job executing on host: <131.169.77.26:39480?addrs=131.169.77.26-39480&alias=bird544.desy.de>
...
001 (13926297.021.000) 2021-01-08 09:10:12 Job executing on host: <131.169.163.104:35536?addrs=131.169.163.104-35536&alias=bird665.desy.de>
...
001 (13926297.024.000) 2021-01-08 09:10:12 Job executing on host: <131.169.164.50:33368?addrs=131.169.164.50-33368&alias=bird850.desy.de>
...
001 (13926297.023.000) 2021-01-08 09:10:12 Job executing on host: <131.169.163.138:40341?addrs=131.169.163.138-40341&alias=bird699.desy.de>
...
001 (13926297.016.000) 2021-01-08 09:10:12 Job executing on host: <131.169.77.177:32935?addrs=131.169.77.177-32935&alias=bird657.desy.de>
...
001 (13926297.003.000) 2021-01-08 09:10:12 Job executing on host: <131.169.77.143:33797?addrs=131.169.77.143-33797&alias=bird623.desy.de>
...
001 (13926297.010.000) 2021-01-08 09:10:12 Job executing on host: <131.169.77.67:42762?addrs=131.169.77.67-42762&alias=bird585.desy.de>
...
001 (13926297.022.000) 2021-01-08 09:10:12 Job executing on host: <131.169.164.24:34877?addrs=131.169.164.24-34877&alias=bird824.desy.de>
...
001 (13926297.017.000) 2021-01-08 09:10:12 Job executing on host: <131.169.77.178:40292?addrs=131.169.77.178-40292&alias=bird658.desy.de>
...
001 (13926297.008.000) 2021-01-08 09:10:14 Job executing on host: <131.169.164.12:35932?addrs=131.169.164.12-35932&alias=bird812.desy.de>
...
006 (13926297.015.000) 2021-01-08 09:10:19 Image size of job updated: 440588
	349  -  MemoryUsage of job (MB)
	357208  -  ResidentSetSize of job (KB)
...
006 (13926297.000.000) 2021-01-08 09:10:19 Image size of job updated: 400428
	363  -  MemoryUsage of job (MB)
	371456  -  ResidentSetSize of job (KB)
...
006 (13926297.014.000) 2021-01-08 09:10:19 Image size of job updated: 321092
	229  -  MemoryUsage of job (MB)
	233800  -  ResidentSetSize of job (KB)
...
006 (13926297.004.000) 2021-01-08 09:10:19 Image size of job updated: 491304
	399  -  MemoryUsage of job (MB)
	408308  -  ResidentSetSize of job (KB)
...
006 (13926297.001.000) 2021-01-08 09:10:19 Image size of job updated: 444656
	384  -  MemoryUsage of job (MB)
	392720  -  ResidentSetSize of job (KB)
...
006 (13926297.006.000) 2021-01-08 09:10:19 Image size of job updated: 580956
	487  -  MemoryUsage of job (MB)
	498204  -  ResidentSetSize of job (KB)
...
006 (13926297.002.000) 2021-01-08 09:10:20 Image size of job updated: 300548
	242  -  MemoryUsage of job (MB)
	247772  -  ResidentSetSize of job (KB)
...
006 (13926297.011.000) 2021-01-08 09:10:20 Image size of job updated: 239156
	195  -  MemoryUsage of job (MB)
	199572  -  ResidentSetSize of job (KB)
...
006 (13926297.018.000) 2021-01-08 09:10:20 Image size of job updated: 388008
	297  -  MemoryUsage of job (MB)
	303360  -  ResidentSetSize of job (KB)
...
006 (13926297.005.000) 2021-01-08 09:10:20 Image size of job updated: 295824
	206  -  MemoryUsage of job (MB)
	210188  -  ResidentSetSize of job (KB)
...
006 (13926297.012.000) 2021-01-08 09:10:20 Image size of job updated: 275716
	186  -  MemoryUsage of job (MB)
	190384  -  ResidentSetSize of job (KB)
...
006 (13926297.020.000) 2021-01-08 09:10:20 Image size of job updated: 305488
	263  -  MemoryUsage of job (MB)
	269156  -  ResidentSetSize of job (KB)
...
006 (13926297.019.000) 2021-01-08 09:10:20 Image size of job updated: 114164
	66  -  MemoryUsage of job (MB)
	67428  -  ResidentSetSize of job (KB)
...
006 (13926297.013.000) 2021-01-08 09:10:20 Image size of job updated: 278852
	188  -  MemoryUsage of job (MB)
	191516  -  ResidentSetSize of job (KB)
...
006 (13926297.024.000) 2021-01-08 09:10:20 Image size of job updated: 281648
	194  -  MemoryUsage of job (MB)
	197796  -  ResidentSetSize of job (KB)
...
006 (13926297.007.000) 2021-01-08 09:10:20 Image size of job updated: 194732
	119  -  MemoryUsage of job (MB)
	121016  -  ResidentSetSize of job (KB)
...
006 (13926297.023.000) 2021-01-08 09:10:20 Image size of job updated: 300876
	212  -  MemoryUsage of job (MB)
	216988  -  ResidentSetSize of job (KB)
...
006 (13926297.009.000) 2021-01-08 09:10:20 Image size of job updated: 197792
	119  -  MemoryUsage of job (MB)
	121384  -  ResidentSetSize of job (KB)
...
006 (13926297.021.000) 2021-01-08 09:10:20 Image size of job updated: 296208
	254  -  MemoryUsage of job (MB)
	259128  -  ResidentSetSize of job (KB)
...
006 (13926297.016.000) 2021-01-08 09:10:20 Image size of job updated: 76
	1  -  MemoryUsage of job (MB)
	76  -  ResidentSetSize of job (KB)
...
006 (13926297.003.000) 2021-01-08 09:10:20 Image size of job updated: 111420
	64  -  MemoryUsage of job (MB)
	65024  -  ResidentSetSize of job (KB)
...
006 (13926297.022.000) 2021-01-08 09:10:21 Image size of job updated: 360428
	269  -  MemoryUsage of job (MB)
	275184  -  ResidentSetSize of job (KB)
...
006 (13926297.010.000) 2021-01-08 09:10:21 Image size of job updated: 255204
	164  -  MemoryUsage of job (MB)
	167904  -  ResidentSetSize of job (KB)
...
006 (13926297.017.000) 2021-01-08 09:10:21 Image size of job updated: 455016
	362  -  MemoryUsage of job (MB)
	370368  -  ResidentSetSize of job (KB)
...
006 (13926297.008.000) 2021-01-08 09:10:22 Image size of job updated: 114732
	67  -  MemoryUsage of job (MB)
	68440  -  ResidentSetSize of job (KB)
...
006 (13926297.017.000) 2021-01-08 09:14:42 Image size of job updated: 12772448
	362  -  MemoryUsage of job (MB)
	370368  -  ResidentSetSize of job (KB)
...
005 (13926297.017.000) 2021-01-08 09:14:42 Job terminated.
	(1) Normal termination (return value 0)
		Usr 0 00:03:54, Sys 0 00:00:15  -  Run Remote Usage
		Usr 0 00:00:00, Sys 0 00:00:00  -  Run Local Usage
		Usr 0 00:03:54, Sys 0 00:00:15  -  Total Remote Usage
		Usr 0 00:00:00, Sys 0 00:00:00  -  Total Local Usage
	0  -  Run Bytes Sent By Job
	0  -  Run Bytes Received By Job
	0  -  Total Bytes Sent By Job
	0  -  Total Bytes Received By Job
	Partitionable Resources :    Usage  Request Allocated 
	   Cpus                 :     0.93        1         1 
	   Disk (KB)            :     1     3584000   4494429 
	   Memory (MB)          :   362        4096      4096 

	Job terminated of its own accord at 2021-01-08T08:14:42Z.
...
006 (13926297.012.000) 2021-01-08 09:14:47 Image size of job updated: 11119396
	186  -  MemoryUsage of job (MB)
	190400  -  ResidentSetSize of job (KB)
...
005 (13926297.012.000) 2021-01-08 09:14:47 Job terminated.
	(1) Normal termination (return value 0)
		Usr 0 00:03:57, Sys 0 00:00:16  -  Run Remote Usage
		Usr 0 00:00:00, Sys 0 00:00:00  -  Run Local Usage
		Usr 0 00:03:57, Sys 0 00:00:16  -  Total Remote Usage
		Usr 0 00:00:00, Sys 0 00:00:00  -  Total Local Usage
	0  -  Run Bytes Sent By Job
	0  -  Run Bytes Received By Job
	0  -  Total Bytes Sent By Job
	0  -  Total Bytes Received By Job
	Partitionable Resources :    Usage  Request Allocated 
	   Cpus                 :     0.93        1         1 
	   Disk (KB)            :     1     3584000   3957100 
	   Memory (MB)          :   186        4096      4096 

	Job terminated of its own accord at 2021-01-08T08:14:47Z.
...
006 (13926297.020.000) 2021-01-08 09:14:48 Image size of job updated: 11175764
	263  -  MemoryUsage of job (MB)
	269192  -  ResidentSetSize of job (KB)
...
005 (13926297.020.000) 2021-01-08 09:14:48 Job terminated.
	(1) Normal termination (return value 0)
		Usr 0 00:04:01, Sys 0 00:00:11  -  Run Remote Usage
		Usr 0 00:00:00, Sys 0 00:00:00  -  Run Local Usage
		Usr 0 00:04:01, Sys 0 00:00:11  -  Total Remote Usage
		Usr 0 00:00:00, Sys 0 00:00:00  -  Total Local Usage
	0  -  Run Bytes Sent By Job
	0  -  Run Bytes Received By Job
	0  -  Total Bytes Sent By Job
	0  -  Total Bytes Received By Job
	Partitionable Resources :    Usage  Request Allocated 
	   Cpus                 :     0.93        1         1 
	   Disk (KB)            :     1     3584000   3957453 
	   Memory (MB)          :   263        4096      4096 

	Job terminated of its own accord at 2021-01-08T08:14:48Z.
...
006 (13926297.004.000) 2021-01-08 09:14:52 Image size of job updated: 10763684
	399  -  MemoryUsage of job (MB)
	408308  -  ResidentSetSize of job (KB)
...
005 (13926297.004.000) 2021-01-08 09:14:52 Job terminated.
	(1) Normal termination (return value 0)
		Usr 0 00:03:56, Sys 0 00:00:16  -  Run Remote Usage
		Usr 0 00:00:00, Sys 0 00:00:00  -  Run Local Usage
		Usr 0 00:03:56, Sys 0 00:00:16  -  Total Remote Usage
		Usr 0 00:00:00, Sys 0 00:00:00  -  Total Local Usage
	0  -  Run Bytes Sent By Job
	0  -  Run Bytes Received By Job
	0  -  Total Bytes Sent By Job
	0  -  Total Bytes Received By Job
	Partitionable Resources :    Usage  Request Allocated 
	   Cpus                 :     0.90        1         1 
	   Disk (KB)            :     1     3584000   4544872 
	   Memory (MB)          :   399        4096      4096 

	Job terminated of its own accord at 2021-01-08T08:14:52Z.
...
006 (13926297.013.000) 2021-01-08 09:14:53 Image size of job updated: 11165400
	188  -  MemoryUsage of job (MB)
	191596  -  ResidentSetSize of job (KB)
...
005 (13926297.013.000) 2021-01-08 09:14:53 Job terminated.
	(1) Normal termination (return value 0)
		Usr 0 00:03:59, Sys 0 00:00:15  -  Run Remote Usage
		Usr 0 00:00:00, Sys 0 00:00:00  -  Run Local Usage
		Usr 0 00:03:59, Sys 0 00:00:15  -  Total Remote Usage
		Usr 0 00:00:00, Sys 0 00:00:00  -  Total Local Usage
	0  -  Run Bytes Sent By Job
	0  -  Run Bytes Received By Job
	0  -  Total Bytes Sent By Job
	0  -  Total Bytes Received By Job
	Partitionable Resources :    Usage  Request Allocated 
	   Cpus                 :     0.91        1         1 
	   Disk (KB)            :     1     3584000   3953981 
	   Memory (MB)          :   188        4096      4096 

	Job terminated of its own accord at 2021-01-08T08:14:53Z.
...
006 (13926297.014.000) 2021-01-08 09:14:56 Image size of job updated: 11101432
	229  -  MemoryUsage of job (MB)
	233880  -  ResidentSetSize of job (KB)
...
005 (13926297.014.000) 2021-01-08 09:14:56 Job terminated.
	(1) Normal termination (return value 0)
		Usr 0 00:04:02, Sys 0 00:00:15  -  Run Remote Usage
		Usr 0 00:00:00, Sys 0 00:00:00  -  Run Local Usage
		Usr 0 00:04:02, Sys 0 00:00:15  -  Total Remote Usage
		Usr 0 00:00:00, Sys 0 00:00:00  -  Total Local Usage
	0  -  Run Bytes Sent By Job
	0  -  Run Bytes Received By Job
	0  -  Total Bytes Sent By Job
	0  -  Total Bytes Received By Job
	Partitionable Resources :    Usage  Request Allocated 
	   Cpus                 :     0.90        1         1 
	   Disk (KB)            :     1     3584000   4551529 
	   Memory (MB)          :   229        4096      4096 

	Job terminated of its own accord at 2021-01-08T08:14:56Z.
...
006 (13926297.015.000) 2021-01-08 09:14:57 Image size of job updated: 5841868
	349  -  MemoryUsage of job (MB)
	357268  -  ResidentSetSize of job (KB)
...
005 (13926297.015.000) 2021-01-08 09:14:57 Job terminated.
	(1) Normal termination (return value 0)
		Usr 0 00:03:59, Sys 0 00:00:14  -  Run Remote Usage
		Usr 0 00:00:00, Sys 0 00:00:00  -  Run Local Usage
		Usr 0 00:03:59, Sys 0 00:00:14  -  Total Remote Usage
		Usr 0 00:00:00, Sys 0 00:00:00  -  Total Local Usage
	0  -  Run Bytes Sent By Job
	0  -  Run Bytes Received By Job
	0  -  Total Bytes Sent By Job
	0  -  Total Bytes Received By Job
	Partitionable Resources :    Usage  Request Allocated 
	   Cpus                 :     0.92        1         1 
	   Disk (KB)            :     1     3584000   4647351 
	   Memory (MB)          :   349        4096      4096 
...
006 (13926297.002.000) 2021-01-08 09:15:01 Image size of job updated: 1965048
	242  -  MemoryUsage of job (MB)
	247772  -  ResidentSetSize of job (KB)
...
006 (13926297.005.000) 2021-01-08 09:15:01 Image size of job updated: 11096656
	206  -  MemoryUsage of job (MB)
	210244  -  ResidentSetSize of job (KB)
...
005 (13926297.002.000) 2021-01-08 09:15:01 Job terminated.
	(1) Normal termination (return value 0)
		Usr 0 00:04:03, Sys 0 00:00:18  -  Run Remote Usage
		Usr 0 00:00:00, Sys 0 00:00:00  -  Run Local Usage
		Usr 0 00:04:03, Sys 0 00:00:18  -  Total Remote Usage
		Usr 0 00:00:00, Sys 0 00:00:00  -  Total Local Usage
	0  -  Run Bytes Sent By Job
	0  -  Run Bytes Received By Job
	0  -  Total Bytes Sent By Job
	0  -  Total Bytes Received By Job
	Partitionable Resources :    Usage  Request Allocated 
	   Cpus                 :     0.92        1         1 
	   Disk (KB)            :     1     3584000   4535420 
	   Memory (MB)          :   242        4096      4096 

	Job terminated of its own accord at 2021-01-08T08:15:01Z.
...
005 (13926297.005.000) 2021-01-08 09:15:01 Job terminated.
	(1) Normal termination (return value 0)
		Usr 0 00:04:00, Sys 0 00:00:14  -  Run Remote Usage
		Usr 0 00:00:00, Sys 0 00:00:00  -  Run Local Usage
		Usr 0 00:04:00, Sys 0 00:00:14  -  Total Remote Usage
		Usr 0 00:00:00, Sys 0 00:00:00  -  Total Local Usage
	0  -  Run Bytes Sent By Job
	0  -  Run Bytes Received By Job
	0  -  Total Bytes Sent By Job
	0  -  Total Bytes Received By Job
	Partitionable Resources :    Usage  Request Allocated 
	   Cpus                 :     0.75        1         1 
	   Disk (KB)            :     1     3584000   3969960 
	   Memory (MB)          :   206        4096      4096 

	Job terminated of its own accord at 2021-01-08T08:15:01Z.
...
006 (13926297.010.000) 2021-01-08 09:15:01 Image size of job updated: 11187404
	164  -  MemoryUsage of job (MB)
	167928  -  ResidentSetSize of job (KB)
...
005 (13926297.010.000) 2021-01-08 09:15:01 Job terminated.
	(1) Normal termination (return value 0)
		Usr 0 00:04:01, Sys 0 00:00:15  -  Run Remote Usage
		Usr 0 00:00:00, Sys 0 00:00:00  -  Run Local Usage
		Usr 0 00:04:01, Sys 0 00:00:15  -  Total Remote Usage
		Usr 0 00:00:00, Sys 0 00:00:00  -  Total Local Usage
	0  -  Run Bytes Sent By Job
	0  -  Run Bytes Received By Job
	0  -  Total Bytes Sent By Job
	0  -  Total Bytes Received By Job
	Partitionable Resources :    Usage  Request Allocated 
	   Cpus                 :     0.92        1         1 
	   Disk (KB)            :     1     3584000   4297661 
	   Memory (MB)          :   164        4096      4096 

	Job terminated of its own accord at 2021-01-08T08:15:01Z.
...
006 (13926297.023.000) 2021-01-08 09:15:02 Image size of job updated: 11116296
	212  -  MemoryUsage of job (MB)
	217020  -  ResidentSetSize of job (KB)
...
005 (13926297.023.000) 2021-01-08 09:15:02 Job terminated.
	(1) Normal termination (return value 0)
		Usr 0 00:04:03, Sys 0 00:00:18  -  Run Remote Usage
		Usr 0 00:00:00, Sys 0 00:00:00  -  Run Local Usage
		Usr 0 00:04:03, Sys 0 00:00:18  -  Total Remote Usage
		Usr 0 00:00:00, Sys 0 00:00:00  -  Total Local Usage
	0  -  Run Bytes Sent By Job
	0  -  Run Bytes Received By Job
	0  -  Total Bytes Sent By Job
	0  -  Total Bytes Received By Job
	Partitionable Resources :    Usage  Request Allocated 
	   Cpus                 :     0.86        1         1 
	   Disk (KB)            :     1     3584000   3970312 
	   Memory (MB)          :   212        4096      4096 

	Job terminated of its own accord at 2021-01-08T08:15:02Z.
...
006 (13926297.016.000) 2021-01-08 09:15:02 Image size of job updated: 3067876
	1  -  MemoryUsage of job (MB)
	76  -  ResidentSetSize of job (KB)
...
005 (13926297.016.000) 2021-01-08 09:15:02 Job terminated.
	(1) Normal termination (return value 0)
		Usr 0 00:03:49, Sys 0 00:00:13  -  Run Remote Usage
		Usr 0 00:00:00, Sys 0 00:00:00  -  Run Local Usage
		Usr 0 00:03:49, Sys 0 00:00:13  -  Total Remote Usage
		Usr 0 00:00:00, Sys 0 00:00:00  -  Total Local Usage
	0  -  Run Bytes Sent By Job
	0  -  Run Bytes Received By Job
	0  -  Total Bytes Sent By Job
	0  -  Total Bytes Received By Job
	Partitionable Resources :    Usage  Request Allocated 
	   Cpus                 :     0.94        1         1 
	   Disk (KB)            :     1     3584000   4787859 
	   Memory (MB)          :     1        4096      4096 

	Job terminated of its own accord at 2021-01-08T08:15:02Z.
...
006 (13926297.021.000) 2021-01-08 09:15:02 Image size of job updated: 3353456
	254  -  MemoryUsage of job (MB)
	259140  -  ResidentSetSize of job (KB)
...
005 (13926297.021.000) 2021-01-08 09:15:02 Job terminated.
	(1) Normal termination (return value 0)
		Usr 0 00:04:00, Sys 0 00:00:15  -  Run Remote Usage
		Usr 0 00:00:00, Sys 0 00:00:00  -  Run Local Usage
		Usr 0 00:04:00, Sys 0 00:00:15  -  Total Remote Usage
		Usr 0 00:00:00, Sys 0 00:00:00  -  Total Local Usage
	0  -  Run Bytes Sent By Job
	0  -  Run Bytes Received By Job
	0  -  Total Bytes Sent By Job
	0  -  Total Bytes Received By Job
	Partitionable Resources :    Usage  Request Allocated 
	   Cpus                 :     0.87        1         1 
	   Disk (KB)            :     1     3584000   3973449 
	   Memory (MB)          :   254        4096      4096 

	Job terminated of its own accord at 2021-01-08T08:15:02Z.
...
006 (13926297.009.000) 2021-01-08 09:15:03 Image size of job updated: 8953988
	119  -  MemoryUsage of job (MB)
	121384  -  ResidentSetSize of job (KB)
...
005 (13926297.009.000) 2021-01-08 09:15:03 Job terminated.
	(1) Normal termination (return value 0)
		Usr 0 00:04:03, Sys 0 00:00:12  -  Run Remote Usage
		Usr 0 00:00:00, Sys 0 00:00:00  -  Run Local Usage
		Usr 0 00:04:03, Sys 0 00:00:12  -  Total Remote Usage
		Usr 0 00:00:00, Sys 0 00:00:00  -  Total Local Usage
	0  -  Run Bytes Sent By Job
	0  -  Run Bytes Received By Job
	0  -  Total Bytes Sent By Job
	0  -  Total Bytes Received By Job
	Partitionable Resources :    Usage  Request Allocated 
	   Cpus                 :     0.90        1         1 
	   Disk (KB)            :     1     3584000   3822834 
	   Memory (MB)          :   119        4096      4096 

	Job terminated of its own accord at 2021-01-08T08:15:03Z.
...
006 (13926297.011.000) 2021-01-08 09:15:04 Image size of job updated: 11102416
	195  -  MemoryUsage of job (MB)
	199628  -  ResidentSetSize of job (KB)
...
005 (13926297.011.000) 2021-01-08 09:15:04 Job terminated.
	(1) Normal termination (return value 0)
		Usr 0 00:03:56, Sys 0 00:00:17  -  Run Remote Usage
		Usr 0 00:00:00, Sys 0 00:00:00  -  Run Local Usage
		Usr 0 00:03:56, Sys 0 00:00:17  -  Total Remote Usage
		Usr 0 00:00:00, Sys 0 00:00:00  -  Total Local Usage
	0  -  Run Bytes Sent By Job
	0  -  Run Bytes Received By Job
	0  -  Total Bytes Sent By Job
	0  -  Total Bytes Received By Job
	Partitionable Resources :    Usage  Request Allocated 
	   Cpus                 :     0.79        1         1 
	   Disk (KB)            :     1     3584000   4785374 
	   Memory (MB)          :   195        4096      4096 

	Job terminated of its own accord at 2021-01-08T08:15:04Z.
...
006 (13926297.022.000) 2021-01-08 09:15:04 Image size of job updated: 11130836
	269  -  MemoryUsage of job (MB)
	275224  -  ResidentSetSize of job (KB)
...
005 (13926297.022.000) 2021-01-08 09:15:05 Job terminated.
	(1) Normal termination (return value 0)
		Usr 0 00:04:00, Sys 0 00:00:19  -  Run Remote Usage
		Usr 0 00:00:00, Sys 0 00:00:00  -  Run Local Usage
		Usr 0 00:04:00, Sys 0 00:00:19  -  Total Remote Usage
		Usr 0 00:00:00, Sys 0 00:00:00  -  Total Local Usage
	0  -  Run Bytes Sent By Job
	0  -  Run Bytes Received By Job
	0  -  Total Bytes Sent By Job
	0  -  Total Bytes Received By Job
	Partitionable Resources :    Usage  Request Allocated 
	   Cpus                 :     0.88        1         1 
	   Disk (KB)            :     1     3584000   4425482 
	   Memory (MB)          :   269        4096      4096 

	Job terminated of its own accord at 2021-01-08T08:15:04Z.
...
006 (13926297.018.000) 2021-01-08 09:15:05 Image size of job updated: 11234704
	297  -  MemoryUsage of job (MB)
	303380  -  ResidentSetSize of job (KB)
...
005 (13926297.018.000) 2021-01-08 09:15:05 Job terminated.
	(1) Normal termination (return value 0)
		Usr 0 00:04:05, Sys 0 00:00:18  -  Run Remote Usage
		Usr 0 00:00:00, Sys 0 00:00:00  -  Run Local Usage
		Usr 0 00:04:05, Sys 0 00:00:18  -  Total Remote Usage
		Usr 0 00:00:00, Sys 0 00:00:00  -  Total Local Usage
	0  -  Run Bytes Sent By Job
	0  -  Run Bytes Received By Job
	0  -  Total Bytes Sent By Job
	0  -  Total Bytes Received By Job
	Partitionable Resources :    Usage  Request Allocated 
	   Cpus                 :     0.90        1         1 
	   Disk (KB)            :     1     3584000   3822278 
	   Memory (MB)          :   297        4096      4096 

	Job terminated of its own accord at 2021-01-08T08:15:05Z.
...
006 (13926297.000.000) 2021-01-08 09:15:06 Image size of job updated: 11151512
	364  -  MemoryUsage of job (MB)
	371752  -  ResidentSetSize of job (KB)
...
005 (13926297.000.000) 2021-01-08 09:15:06 Job terminated.
	(1) Normal termination (return value 0)
		Usr 0 00:04:02, Sys 0 00:00:24  -  Run Remote Usage
		Usr 0 00:00:00, Sys 0 00:00:00  -  Run Local Usage
		Usr 0 00:04:02, Sys 0 00:00:24  -  Total Remote Usage
		Usr 0 00:00:00, Sys 0 00:00:00  -  Total Local Usage
	0  -  Run Bytes Sent By Job
	0  -  Run Bytes Received By Job
	0  -  Total Bytes Sent By Job
	0  -  Total Bytes Received By Job
	Partitionable Resources :    Usage  Request Allocated 
	   Cpus                 :     0.92        1         1 
	   Disk (KB)            :     1     3584000   4785108 
	   Memory (MB)          :   364        4096      4096 

	Job terminated of its own accord at 2021-01-08T08:15:06Z.
...
006 (13926297.006.000) 2021-01-08 09:15:07 Image size of job updated: 11066964
	487  -  MemoryUsage of job (MB)
	498228  -  ResidentSetSize of job (KB)
...
005 (13926297.006.000) 2021-01-08 09:15:07 Job terminated.
	(1) Normal termination (return value 0)
		Usr 0 00:03:58, Sys 0 00:00:15  -  Run Remote Usage
		Usr 0 00:00:00, Sys 0 00:00:00  -  Run Local Usage
		Usr 0 00:03:58, Sys 0 00:00:15  -  Total Remote Usage
		Usr 0 00:00:00, Sys 0 00:00:00  -  Total Local Usage
	0  -  Run Bytes Sent By Job
	0  -  Run Bytes Received By Job
	0  -  Total Bytes Sent By Job
	0  -  Total Bytes Received By Job
	Partitionable Resources :    Usage  Request Allocated 
	   Cpus                 :     0.93        1         1 
	   Disk (KB)            :     1     3584000   3977278 
	   Memory (MB)          :   487        4096      4096 

	Job terminated of its own accord at 2021-01-08T08:15:07Z.
...
006 (13926297.003.000) 2021-01-08 09:15:15 Image size of job updated: 11193840
	64  -  MemoryUsage of job (MB)
	65076  -  ResidentSetSize of job (KB)
...
005 (13926297.003.000) 2021-01-08 09:15:15 Job terminated.
	(1) Normal termination (return value 0)
		Usr 0 00:03:57, Sys 0 00:00:20  -  Run Remote Usage
		Usr 0 00:00:00, Sys 0 00:00:00  -  Run Local Usage
		Usr 0 00:03:57, Sys 0 00:00:20  -  Total Remote Usage
		Usr 0 00:00:00, Sys 0 00:00:00  -  Total Local Usage
	0  -  Run Bytes Sent By Job
	0  -  Run Bytes Received By Job
	0  -  Total Bytes Sent By Job
	0  -  Total Bytes Received By Job
	Partitionable Resources :    Usage  Request Allocated 
	   Cpus                 :     0.89        1         1 
	   Disk (KB)            :     1     3584000   4290846 
	   Memory (MB)          :    64        4096      4096 

	Job terminated of its own accord at 2021-01-08T08:15:15Z.
...
006 (13926297.001.000) 2021-01-08 09:15:16 Image size of job updated: 11147636
	384  -  MemoryUsage of job (MB)
	392752  -  ResidentSetSize of job (KB)
...
005 (13926297.001.000) 2021-01-08 09:15:16 Job terminated.
	(1) Normal termination (return value 0)
		Usr 0 00:04:03, Sys 0 00:00:15  -  Run Remote Usage
		Usr 0 00:00:00, Sys 0 00:00:00  -  Run Local Usage
		Usr 0 00:04:03, Sys 0 00:00:15  -  Total Remote Usage
		Usr 0 00:00:00, Sys 0 00:00:00  -  Total Local Usage
	0  -  Run Bytes Sent By Job
	0  -  Run Bytes Received By Job
	0  -  Total Bytes Sent By Job
	0  -  Total Bytes Received By Job
	Partitionable Resources :    Usage  Request Allocated 
	   Cpus                 :     0.90        1         1 
	   Disk (KB)            :     1     3584000   3957000 
	   Memory (MB)          :   384        4096      4096 

	Job terminated of its own accord at 2021-01-08T08:15:16Z.
...
006 (13926297.008.000) 2021-01-08 09:15:19 Image size of job updated: 11218500
	67  -  MemoryUsage of job (MB)
	68488  -  ResidentSetSize of job (KB)
...
005 (13926297.008.000) 2021-01-08 09:15:19 Job terminated.
	(1) Normal termination (return value 0)
		Usr 0 00:04:03, Sys 0 00:00:13  -  Run Remote Usage
		Usr 0 00:00:00, Sys 0 00:00:00  -  Run Local Usage
		Usr 0 00:04:03, Sys 0 00:00:13  -  Total Remote Usage
		Usr 0 00:00:00, Sys 0 00:00:00  -  Total Local Usage
	0  -  Run Bytes Sent By Job
	0  -  Run Bytes Received By Job
	0  -  Total Bytes Sent By Job
	0  -  Total Bytes Received By Job
	Partitionable Resources :    Usage  Request Allocated 
	   Cpus                 :     0.84        1         1 
	   Disk (KB)            :     1     3584000   3994439 
	   Memory (MB)          :    67        4096      4096 

	Job terminated of its own accord at 2021-01-08T08:15:19Z.
...
006 (13926297.019.000) 2021-01-08 09:15:20 Image size of job updated: 11213268
	66  -  MemoryUsage of job (MB)
	67432  -  ResidentSetSize of job (KB)
...
006 (13926297.007.000) 2021-01-08 09:15:20 Image size of job updated: 10276744
	6207  -  MemoryUsage of job (MB)
	6355128  -  ResidentSetSize of job (KB)
...
005 (13926297.019.000) 2021-01-08 09:15:20 Job terminated.
	(1) Normal termination (return value 0)
		Usr 0 00:04:05, Sys 0 00:00:15  -  Run Remote Usage
		Usr 0 00:00:00, Sys 0 00:00:00  -  Run Local Usage
		Usr 0 00:04:05, Sys 0 00:00:15  -  Total Remote Usage
		Usr 0 00:00:00, Sys 0 00:00:00  -  Total Local Usage
	0  -  Run Bytes Sent By Job
	0  -  Run Bytes Received By Job
	0  -  Total Bytes Sent By Job
	0  -  Total Bytes Received By Job
	Partitionable Resources :    Usage  Request Allocated 
	   Cpus                 :     0.91        1         1 
	   Disk (KB)            :     1     3584000   4296443 
	   Memory (MB)          :    66        4096      4096 

	Job terminated of its own accord at 2021-01-08T08:15:20Z.
...
006 (13926297.024.000) 2021-01-08 09:15:20 Image size of job updated: 10243028
	3692  -  MemoryUsage of job (MB)
	3779868  -  ResidentSetSize of job (KB)
...
006 (13926297.024.000) 2021-01-08 09:15:57 Image size of job updated: 11123612
	3692  -  MemoryUsage of job (MB)
	3779868  -  ResidentSetSize of job (KB)
...
005 (13926297.024.000) 2021-01-08 09:15:57 Job terminated.
	(1) Normal termination (return value 0)
		Usr 0 00:04:00, Sys 0 00:00:21  -  Run Remote Usage
		Usr 0 00:00:00, Sys 0 00:00:00  -  Run Local Usage
		Usr 0 00:04:00, Sys 0 00:00:21  -  Total Remote Usage
		Usr 0 00:00:00, Sys 0 00:00:00  -  Total Local Usage
	0  -  Run Bytes Sent By Job
	0  -  Run Bytes Received By Job
	0  -  Total Bytes Sent By Job
	0  -  Total Bytes Received By Job
	Partitionable Resources :    Usage  Request Allocated 
	   Cpus                 :     0.90        1         1 
	   Disk (KB)            :     1     3584000   3973998 
	   Memory (MB)          :  3692        4096      4096 

	Job terminated of its own accord at 2021-01-08T08:15:57Z.
...
006 (13926297.007.000) 2021-01-08 09:16:04 Image size of job updated: 11201244
	6207  -  MemoryUsage of job (MB)
	6355164  -  ResidentSetSize of job (KB)
...
005 (13926297.007.000) 2021-01-08 09:16:04 Job terminated.
	(1) Normal termination (return value 0)
		Usr 0 00:04:17, Sys 0 00:00:17  -  Run Remote Usage
		Usr 0 00:00:00, Sys 0 00:00:00  -  Run Local Usage
		Usr 0 00:04:17, Sys 0 00:00:17  -  Total Remote Usage
		Usr 0 00:00:00, Sys 0 00:00:00  -  Total Local Usage
	0  -  Run Bytes Sent By Job
	0  -  Run Bytes Received By Job
	0  -  Total Bytes Sent By Job
	0  -  Total Bytes Received By Job
	Partitionable Resources :    Usage  Request Allocated 
	   Cpus                 :     0.75        1         1 
	   Disk (KB)            :     1     3584000   3832997 
	   Memory (MB)          :  6207        4096      4096 

	Job terminated of its own accord at 2021-01-08T08:16:04Z.
...
