000 (13901884.000.000) 2021-01-07 12:19:33 Job submitted from host: <131.169.223.42:9618?addrs=131.169.223.42-9618+[2001-638-700-10df--1-2a]-9618&alias=bird-htc-sched14.desy.de&noUDP&sock=schedd_1936_8371_3>
...
000 (13901884.001.000) 2021-01-07 12:19:33 Job submitted from host: <131.169.223.42:9618?addrs=131.169.223.42-9618+[2001-638-700-10df--1-2a]-9618&alias=bird-htc-sched14.desy.de&noUDP&sock=schedd_1936_8371_3>
...
000 (13901884.002.000) 2021-01-07 12:19:33 Job submitted from host: <131.169.223.42:9618?addrs=131.169.223.42-9618+[2001-638-700-10df--1-2a]-9618&alias=bird-htc-sched14.desy.de&noUDP&sock=schedd_1936_8371_3>
...
000 (13901884.003.000) 2021-01-07 12:19:33 Job submitted from host: <131.169.223.42:9618?addrs=131.169.223.42-9618+[2001-638-700-10df--1-2a]-9618&alias=bird-htc-sched14.desy.de&noUDP&sock=schedd_1936_8371_3>
...
000 (13901884.004.000) 2021-01-07 12:19:33 Job submitted from host: <131.169.223.42:9618?addrs=131.169.223.42-9618+[2001-638-700-10df--1-2a]-9618&alias=bird-htc-sched14.desy.de&noUDP&sock=schedd_1936_8371_3>
...
000 (13901884.005.000) 2021-01-07 12:19:33 Job submitted from host: <131.169.223.42:9618?addrs=131.169.223.42-9618+[2001-638-700-10df--1-2a]-9618&alias=bird-htc-sched14.desy.de&noUDP&sock=schedd_1936_8371_3>
...
000 (13901884.006.000) 2021-01-07 12:19:33 Job submitted from host: <131.169.223.42:9618?addrs=131.169.223.42-9618+[2001-638-700-10df--1-2a]-9618&alias=bird-htc-sched14.desy.de&noUDP&sock=schedd_1936_8371_3>
...
000 (13901884.007.000) 2021-01-07 12:19:33 Job submitted from host: <131.169.223.42:9618?addrs=131.169.223.42-9618+[2001-638-700-10df--1-2a]-9618&alias=bird-htc-sched14.desy.de&noUDP&sock=schedd_1936_8371_3>
...
000 (13901884.008.000) 2021-01-07 12:19:33 Job submitted from host: <131.169.223.42:9618?addrs=131.169.223.42-9618+[2001-638-700-10df--1-2a]-9618&alias=bird-htc-sched14.desy.de&noUDP&sock=schedd_1936_8371_3>
...
000 (13901884.009.000) 2021-01-07 12:19:33 Job submitted from host: <131.169.223.42:9618?addrs=131.169.223.42-9618+[2001-638-700-10df--1-2a]-9618&alias=bird-htc-sched14.desy.de&noUDP&sock=schedd_1936_8371_3>
...
000 (13901884.010.000) 2021-01-07 12:19:33 Job submitted from host: <131.169.223.42:9618?addrs=131.169.223.42-9618+[2001-638-700-10df--1-2a]-9618&alias=bird-htc-sched14.desy.de&noUDP&sock=schedd_1936_8371_3>
...
000 (13901884.011.000) 2021-01-07 12:19:33 Job submitted from host: <131.169.223.42:9618?addrs=131.169.223.42-9618+[2001-638-700-10df--1-2a]-9618&alias=bird-htc-sched14.desy.de&noUDP&sock=schedd_1936_8371_3>
...
000 (13901884.012.000) 2021-01-07 12:19:33 Job submitted from host: <131.169.223.42:9618?addrs=131.169.223.42-9618+[2001-638-700-10df--1-2a]-9618&alias=bird-htc-sched14.desy.de&noUDP&sock=schedd_1936_8371_3>
...
000 (13901884.013.000) 2021-01-07 12:19:33 Job submitted from host: <131.169.223.42:9618?addrs=131.169.223.42-9618+[2001-638-700-10df--1-2a]-9618&alias=bird-htc-sched14.desy.de&noUDP&sock=schedd_1936_8371_3>
...
000 (13901884.014.000) 2021-01-07 12:19:33 Job submitted from host: <131.169.223.42:9618?addrs=131.169.223.42-9618+[2001-638-700-10df--1-2a]-9618&alias=bird-htc-sched14.desy.de&noUDP&sock=schedd_1936_8371_3>
...
000 (13901884.015.000) 2021-01-07 12:19:33 Job submitted from host: <131.169.223.42:9618?addrs=131.169.223.42-9618+[2001-638-700-10df--1-2a]-9618&alias=bird-htc-sched14.desy.de&noUDP&sock=schedd_1936_8371_3>
...
000 (13901884.016.000) 2021-01-07 12:19:33 Job submitted from host: <131.169.223.42:9618?addrs=131.169.223.42-9618+[2001-638-700-10df--1-2a]-9618&alias=bird-htc-sched14.desy.de&noUDP&sock=schedd_1936_8371_3>
...
000 (13901884.017.000) 2021-01-07 12:19:33 Job submitted from host: <131.169.223.42:9618?addrs=131.169.223.42-9618+[2001-638-700-10df--1-2a]-9618&alias=bird-htc-sched14.desy.de&noUDP&sock=schedd_1936_8371_3>
...
000 (13901884.018.000) 2021-01-07 12:19:33 Job submitted from host: <131.169.223.42:9618?addrs=131.169.223.42-9618+[2001-638-700-10df--1-2a]-9618&alias=bird-htc-sched14.desy.de&noUDP&sock=schedd_1936_8371_3>
...
000 (13901884.019.000) 2021-01-07 12:19:33 Job submitted from host: <131.169.223.42:9618?addrs=131.169.223.42-9618+[2001-638-700-10df--1-2a]-9618&alias=bird-htc-sched14.desy.de&noUDP&sock=schedd_1936_8371_3>
...
000 (13901884.020.000) 2021-01-07 12:19:33 Job submitted from host: <131.169.223.42:9618?addrs=131.169.223.42-9618+[2001-638-700-10df--1-2a]-9618&alias=bird-htc-sched14.desy.de&noUDP&sock=schedd_1936_8371_3>
...
000 (13901884.021.000) 2021-01-07 12:19:33 Job submitted from host: <131.169.223.42:9618?addrs=131.169.223.42-9618+[2001-638-700-10df--1-2a]-9618&alias=bird-htc-sched14.desy.de&noUDP&sock=schedd_1936_8371_3>
...
000 (13901884.022.000) 2021-01-07 12:19:33 Job submitted from host: <131.169.223.42:9618?addrs=131.169.223.42-9618+[2001-638-700-10df--1-2a]-9618&alias=bird-htc-sched14.desy.de&noUDP&sock=schedd_1936_8371_3>
...
000 (13901884.023.000) 2021-01-07 12:19:33 Job submitted from host: <131.169.223.42:9618?addrs=131.169.223.42-9618+[2001-638-700-10df--1-2a]-9618&alias=bird-htc-sched14.desy.de&noUDP&sock=schedd_1936_8371_3>
...
000 (13901884.024.000) 2021-01-07 12:19:33 Job submitted from host: <131.169.223.42:9618?addrs=131.169.223.42-9618+[2001-638-700-10df--1-2a]-9618&alias=bird-htc-sched14.desy.de&noUDP&sock=schedd_1936_8371_3>
...
001 (13901884.000.000) 2021-01-07 12:20:28 Job executing on host: <131.169.163.134:45533?addrs=131.169.163.134-45533&alias=bird695.desy.de>
...
001 (13901884.004.000) 2021-01-07 12:20:28 Job executing on host: <131.169.163.107:45568?addrs=131.169.163.107-45568&alias=bird668.desy.de>
...
001 (13901884.005.000) 2021-01-07 12:20:28 Job executing on host: <131.169.163.111:39042?addrs=131.169.163.111-39042&alias=bird672.desy.de>
...
001 (13901884.001.000) 2021-01-07 12:20:28 Job executing on host: <131.169.77.208:42426?addrs=131.169.77.208-42426&alias=bird762.desy.de>
...
001 (13901884.006.000) 2021-01-07 12:20:28 Job executing on host: <131.169.163.139:45696?addrs=131.169.163.139-45696&alias=bird700.desy.de>
...
001 (13901884.009.000) 2021-01-07 12:20:28 Job executing on host: <131.169.163.109:33154?addrs=131.169.163.109-33154&alias=bird670.desy.de>
...
001 (13901884.002.000) 2021-01-07 12:20:28 Job executing on host: <131.169.164.11:35600?addrs=131.169.164.11-35600&alias=bird811.desy.de>
...
001 (13901884.007.000) 2021-01-07 12:20:28 Job executing on host: <131.169.164.27:33138?addrs=131.169.164.27-33138&alias=bird827.desy.de>
...
001 (13901884.003.000) 2021-01-07 12:20:28 Job executing on host: <131.169.164.41:42677?addrs=131.169.164.41-42677&alias=bird841.desy.de>
...
001 (13901884.010.000) 2021-01-07 12:20:28 Job executing on host: <131.169.164.40:41247?addrs=131.169.164.40-41247&alias=bird840.desy.de>
...
001 (13901884.011.000) 2021-01-07 12:20:28 Job executing on host: <131.169.163.133:37103?addrs=131.169.163.133-37103&alias=bird694.desy.de>
...
001 (13901884.012.000) 2021-01-07 12:20:28 Job executing on host: <131.169.163.119:41442?addrs=131.169.163.119-41442&alias=bird680.desy.de>
...
001 (13901884.016.000) 2021-01-07 12:20:28 Job executing on host: <131.169.163.107:45568?addrs=131.169.163.107-45568&alias=bird668.desy.de>
...
001 (13901884.008.000) 2021-01-07 12:20:28 Job executing on host: <131.169.77.222:33616?addrs=131.169.77.222-33616&alias=bird776.desy.de>
...
001 (13901884.013.000) 2021-01-07 12:20:28 Job executing on host: <131.169.164.22:40895?addrs=131.169.164.22-40895&alias=bird822.desy.de>
...
001 (13901884.014.000) 2021-01-07 12:20:28 Job executing on host: <131.169.77.217:45599?addrs=131.169.77.217-45599&alias=bird771.desy.de>
...
001 (13901884.015.000) 2021-01-07 12:20:28 Job executing on host: <131.169.77.208:42426?addrs=131.169.77.208-42426&alias=bird762.desy.de>
...
001 (13901884.019.000) 2021-01-07 12:20:28 Job executing on host: <131.169.163.139:45696?addrs=131.169.163.139-45696&alias=bird700.desy.de>
...
001 (13901884.020.000) 2021-01-07 12:20:28 Job executing on host: <131.169.163.109:33154?addrs=131.169.163.109-33154&alias=bird670.desy.de>
...
001 (13901884.021.000) 2021-01-07 12:20:28 Job executing on host: <131.169.164.11:35600?addrs=131.169.164.11-35600&alias=bird811.desy.de>
...
001 (13901884.023.000) 2021-01-07 12:20:28 Job executing on host: <131.169.164.27:33138?addrs=131.169.164.27-33138&alias=bird827.desy.de>
...
001 (13901884.017.000) 2021-01-07 12:20:28 Job executing on host: <131.169.163.111:39042?addrs=131.169.163.111-39042&alias=bird672.desy.de>
...
001 (13901884.024.000) 2021-01-07 12:20:28 Job executing on host: <131.169.163.119:41442?addrs=131.169.163.119-41442&alias=bird680.desy.de>
...
001 (13901884.022.000) 2021-01-07 12:20:28 Job executing on host: <131.169.164.41:42677?addrs=131.169.164.41-42677&alias=bird841.desy.de>
...
001 (13901884.018.000) 2021-01-07 12:20:28 Job executing on host: <131.169.160.168:34387?addrs=131.169.160.168-34387&alias=batch1068.desy.de>
...
006 (13901884.000.000) 2021-01-07 12:20:36 Image size of job updated: 372616
	312  -  MemoryUsage of job (MB)
	319064  -  ResidentSetSize of job (KB)
...
006 (13901884.004.000) 2021-01-07 12:20:36 Image size of job updated: 284308
	274  -  MemoryUsage of job (MB)
	279704  -  ResidentSetSize of job (KB)
...
006 (13901884.005.000) 2021-01-07 12:20:36 Image size of job updated: 316756
	295  -  MemoryUsage of job (MB)
	301788  -  ResidentSetSize of job (KB)
...
006 (13901884.001.000) 2021-01-07 12:20:36 Image size of job updated: 310068
	292  -  MemoryUsage of job (MB)
	298740  -  ResidentSetSize of job (KB)
...
006 (13901884.006.000) 2021-01-07 12:20:36 Image size of job updated: 343472
	320  -  MemoryUsage of job (MB)
	326856  -  ResidentSetSize of job (KB)
...
006 (13901884.009.000) 2021-01-07 12:20:36 Image size of job updated: 330220
	304  -  MemoryUsage of job (MB)
	310336  -  ResidentSetSize of job (KB)
...
006 (13901884.002.000) 2021-01-07 12:20:36 Image size of job updated: 333800
	321  -  MemoryUsage of job (MB)
	328676  -  ResidentSetSize of job (KB)
...
006 (13901884.007.000) 2021-01-07 12:20:36 Image size of job updated: 330544
	293  -  MemoryUsage of job (MB)
	299936  -  ResidentSetSize of job (KB)
...
006 (13901884.003.000) 2021-01-07 12:20:36 Image size of job updated: 243100
	227  -  MemoryUsage of job (MB)
	232024  -  ResidentSetSize of job (KB)
...
006 (13901884.010.000) 2021-01-07 12:20:37 Image size of job updated: 277780
	259  -  MemoryUsage of job (MB)
	264680  -  ResidentSetSize of job (KB)
...
006 (13901884.011.000) 2021-01-07 12:20:37 Image size of job updated: 448768
	375  -  MemoryUsage of job (MB)
	384000  -  ResidentSetSize of job (KB)
...
006 (13901884.012.000) 2021-01-07 12:20:37 Image size of job updated: 379972
	357  -  MemoryUsage of job (MB)
	364708  -  ResidentSetSize of job (KB)
...
006 (13901884.016.000) 2021-01-07 12:20:37 Image size of job updated: 353664
	328  -  MemoryUsage of job (MB)
	335468  -  ResidentSetSize of job (KB)
...
006 (13901884.008.000) 2021-01-07 12:20:37 Image size of job updated: 337344
	316  -  MemoryUsage of job (MB)
	323284  -  ResidentSetSize of job (KB)
...
006 (13901884.013.000) 2021-01-07 12:20:37 Image size of job updated: 397360
	350  -  MemoryUsage of job (MB)
	357552  -  ResidentSetSize of job (KB)
...
006 (13901884.015.000) 2021-01-07 12:20:37 Image size of job updated: 385232
	347  -  MemoryUsage of job (MB)
	354536  -  ResidentSetSize of job (KB)
...
006 (13901884.014.000) 2021-01-07 12:20:37 Image size of job updated: 411332
	369  -  MemoryUsage of job (MB)
	376900  -  ResidentSetSize of job (KB)
...
006 (13901884.019.000) 2021-01-07 12:20:37 Image size of job updated: 396932
	364  -  MemoryUsage of job (MB)
	372484  -  ResidentSetSize of job (KB)
...
006 (13901884.020.000) 2021-01-07 12:20:37 Image size of job updated: 380920
	345  -  MemoryUsage of job (MB)
	352384  -  ResidentSetSize of job (KB)
...
006 (13901884.021.000) 2021-01-07 12:20:37 Image size of job updated: 394428
	367  -  MemoryUsage of job (MB)
	374888  -  ResidentSetSize of job (KB)
...
006 (13901884.023.000) 2021-01-07 12:20:37 Image size of job updated: 373272
	337  -  MemoryUsage of job (MB)
	345076  -  ResidentSetSize of job (KB)
...
006 (13901884.017.000) 2021-01-07 12:20:37 Image size of job updated: 378372
	339  -  MemoryUsage of job (MB)
	346456  -  ResidentSetSize of job (KB)
...
006 (13901884.024.000) 2021-01-07 12:20:37 Image size of job updated: 373668
	361  -  MemoryUsage of job (MB)
	368768  -  ResidentSetSize of job (KB)
...
006 (13901884.022.000) 2021-01-07 12:20:37 Image size of job updated: 305604
	281  -  MemoryUsage of job (MB)
	286924  -  ResidentSetSize of job (KB)
...
006 (13901884.018.000) 2021-01-07 12:20:37 Image size of job updated: 167448
	139  -  MemoryUsage of job (MB)
	141700  -  ResidentSetSize of job (KB)
...
006 (13901884.000.000) 2021-01-07 12:25:25 Image size of job updated: 11247576
	312  -  MemoryUsage of job (MB)
	319100  -  ResidentSetSize of job (KB)
...
005 (13901884.000.000) 2021-01-07 12:25:25 Job terminated.
	(1) Normal termination (return value 0)
		Usr 0 00:04:01, Sys 0 00:00:17  -  Run Remote Usage
		Usr 0 00:00:00, Sys 0 00:00:00  -  Run Local Usage
		Usr 0 00:04:01, Sys 0 00:00:17  -  Total Remote Usage
		Usr 0 00:00:00, Sys 0 00:00:00  -  Total Local Usage
	0  -  Run Bytes Sent By Job
	0  -  Run Bytes Received By Job
	0  -  Total Bytes Sent By Job
	0  -  Total Bytes Received By Job
	Partitionable Resources :    Usage  Request Allocated 
	   Cpus                 :     0.89        1         1 
	   Disk (KB)            :     1     3584000   3961272 
	   Memory (MB)          :   312        4096      4096 

	Job terminated of its own accord at 2021-01-07T11:25:25Z.
...
006 (13901884.002.000) 2021-01-07 12:25:32 Image size of job updated: 11289064
	321  -  MemoryUsage of job (MB)
	328696  -  ResidentSetSize of job (KB)
...
005 (13901884.002.000) 2021-01-07 12:25:32 Job terminated.
	(1) Normal termination (return value 0)
		Usr 0 00:04:01, Sys 0 00:00:20  -  Run Remote Usage
		Usr 0 00:00:00, Sys 0 00:00:00  -  Run Local Usage
		Usr 0 00:04:01, Sys 0 00:00:20  -  Total Remote Usage
		Usr 0 00:00:00, Sys 0 00:00:00  -  Total Local Usage
	0  -  Run Bytes Sent By Job
	0  -  Run Bytes Received By Job
	0  -  Total Bytes Sent By Job
	0  -  Total Bytes Received By Job
	Partitionable Resources :    Usage  Request Allocated 
	   Cpus                 :     0.85        1         1 
	   Disk (KB)            :     1     3584000   4544386 
	   Memory (MB)          :   321        4096      4096 

	Job terminated of its own accord at 2021-01-07T11:25:32Z.
...
006 (13901884.010.000) 2021-01-07 12:25:34 Image size of job updated: 277780
	259  -  MemoryUsage of job (MB)
	264688  -  ResidentSetSize of job (KB)
...
005 (13901884.010.000) 2021-01-07 12:25:34 Job terminated.
	(1) Normal termination (return value 0)
		Usr 0 00:04:10, Sys 0 00:00:21  -  Run Remote Usage
		Usr 0 00:00:00, Sys 0 00:00:00  -  Run Local Usage
		Usr 0 00:04:10, Sys 0 00:00:21  -  Total Remote Usage
		Usr 0 00:00:00, Sys 0 00:00:00  -  Total Local Usage
	0  -  Run Bytes Sent By Job
	0  -  Run Bytes Received By Job
	0  -  Total Bytes Sent By Job
	0  -  Total Bytes Received By Job
	Partitionable Resources :    Usage  Request Allocated 
	   Cpus                 :     0.93        1         1 
	   Disk (KB)            :     1     3584000   3987921 
	   Memory (MB)          :   259        4096      4096 

	Job terminated of its own accord at 2021-01-07T11:25:34Z.
...
006 (13901884.005.000) 2021-01-07 12:25:35 Image size of job updated: 6586424
	295  -  MemoryUsage of job (MB)
	301788  -  ResidentSetSize of job (KB)
...
005 (13901884.005.000) 2021-01-07 12:25:35 Job terminated.
	(1) Normal termination (return value 0)
		Usr 0 00:04:00, Sys 0 00:00:18  -  Run Remote Usage
		Usr 0 00:00:00, Sys 0 00:00:00  -  Run Local Usage
		Usr 0 00:04:00, Sys 0 00:00:18  -  Total Remote Usage
		Usr 0 00:00:00, Sys 0 00:00:00  -  Total Local Usage
	0  -  Run Bytes Sent By Job
	0  -  Run Bytes Received By Job
	0  -  Total Bytes Sent By Job
	0  -  Total Bytes Received By Job
	Partitionable Resources :    Usage  Request Allocated 
	   Cpus                 :     0.84        1         1 
	   Disk (KB)            :     1     3584000   3958832 
	   Memory (MB)          :   295        4096      4096 

	Job terminated of its own accord at 2021-01-07T11:25:35Z.
...
006 (13901884.001.000) 2021-01-07 12:25:36 Image size of job updated: 8563840
	6872  -  MemoryUsage of job (MB)
	7036156  -  ResidentSetSize of job (KB)
...
006 (13901884.004.000) 2021-01-07 12:25:36 Image size of job updated: 10780508
	9799  -  MemoryUsage of job (MB)
	10033752  -  ResidentSetSize of job (KB)
...
006 (13901884.009.000) 2021-01-07 12:25:36 Image size of job updated: 10945476
	9718  -  MemoryUsage of job (MB)
	9950652  -  ResidentSetSize of job (KB)
...
006 (13901884.007.000) 2021-01-07 12:25:36 Image size of job updated: 10690080
	9071  -  MemoryUsage of job (MB)
	9288640  -  ResidentSetSize of job (KB)
...
006 (13901884.006.000) 2021-01-07 12:25:36 Image size of job updated: 10252884
	6128  -  MemoryUsage of job (MB)
	6274204  -  ResidentSetSize of job (KB)
...
006 (13901884.021.000) 2021-01-07 12:25:36 Image size of job updated: 394428
	367  -  MemoryUsage of job (MB)
	375260  -  ResidentSetSize of job (KB)
...
005 (13901884.021.000) 2021-01-07 12:25:36 Job terminated.
	(1) Normal termination (return value 0)
		Usr 0 00:04:03, Sys 0 00:00:20  -  Run Remote Usage
		Usr 0 00:00:00, Sys 0 00:00:00  -  Run Local Usage
		Usr 0 00:04:03, Sys 0 00:00:20  -  Total Remote Usage
		Usr 0 00:00:00, Sys 0 00:00:00  -  Total Local Usage
	0  -  Run Bytes Sent By Job
	0  -  Run Bytes Received By Job
	0  -  Total Bytes Sent By Job
	0  -  Total Bytes Received By Job
	Partitionable Resources :    Usage  Request Allocated 
	   Cpus                 :     0.90        1         1 
	   Disk (KB)            :     1     3584000   4544386 
	   Memory (MB)          :   367        4096      4096 

	Job terminated of its own accord at 2021-01-07T11:25:36Z.
...
006 (13901884.003.000) 2021-01-07 12:25:37 Image size of job updated: 10535720
	9085  -  MemoryUsage of job (MB)
	9302764  -  ResidentSetSize of job (KB)
...
006 (13901884.018.000) 2021-01-07 12:25:38 Image size of job updated: 11089188
	10480  -  MemoryUsage of job (MB)
	10730916  -  ResidentSetSize of job (KB)
...
006 (13901884.015.000) 2021-01-07 12:25:38 Image size of job updated: 7952904
	6902  -  MemoryUsage of job (MB)
	7066688  -  ResidentSetSize of job (KB)
...
006 (13901884.008.000) 2021-01-07 12:25:38 Image size of job updated: 7831736
	6690  -  MemoryUsage of job (MB)
	6850544  -  ResidentSetSize of job (KB)
...
006 (13901884.011.000) 2021-01-07 12:25:38 Image size of job updated: 10922556
	9459  -  MemoryUsage of job (MB)
	9685476  -  ResidentSetSize of job (KB)
...
006 (13901884.020.000) 2021-01-07 12:25:38 Image size of job updated: 11256540
	9719  -  MemoryUsage of job (MB)
	9951540  -  ResidentSetSize of job (KB)
...
006 (13901884.012.000) 2021-01-07 12:25:38 Image size of job updated: 11087348
	9966  -  MemoryUsage of job (MB)
	10204532  -  ResidentSetSize of job (KB)
...
006 (13901884.016.000) 2021-01-07 12:25:38 Image size of job updated: 11254452
	9693  -  MemoryUsage of job (MB)
	9924868  -  ResidentSetSize of job (KB)
...
006 (13901884.014.000) 2021-01-07 12:25:38 Image size of job updated: 10469132
	9246  -  MemoryUsage of job (MB)
	9467332  -  ResidentSetSize of job (KB)
...
006 (13901884.013.000) 2021-01-07 12:25:38 Image size of job updated: 10203200
	9103  -  MemoryUsage of job (MB)
	9320928  -  ResidentSetSize of job (KB)
...
006 (13901884.023.000) 2021-01-07 12:25:38 Image size of job updated: 10850332
	9157  -  MemoryUsage of job (MB)
	9376440  -  ResidentSetSize of job (KB)
...
006 (13901884.019.000) 2021-01-07 12:25:38 Image size of job updated: 10580148
	5968  -  MemoryUsage of job (MB)
	6110820  -  ResidentSetSize of job (KB)
...
006 (13901884.022.000) 2021-01-07 12:25:38 Image size of job updated: 10776748
	9256  -  MemoryUsage of job (MB)
	9477980  -  ResidentSetSize of job (KB)
...
006 (13901884.024.000) 2021-01-07 12:25:38 Image size of job updated: 10885652
	10010  -  MemoryUsage of job (MB)
	10250044  -  ResidentSetSize of job (KB)
...
006 (13901884.017.000) 2021-01-07 12:25:39 Image size of job updated: 11209428
	9229  -  MemoryUsage of job (MB)
	9449784  -  ResidentSetSize of job (KB)
...
006 (13901884.016.000) 2021-01-07 12:25:45 Image size of job updated: 11254452
	9693  -  MemoryUsage of job (MB)
	9924932  -  ResidentSetSize of job (KB)
...
005 (13901884.016.000) 2021-01-07 12:25:45 Job terminated.
	(1) Normal termination (return value 0)
		Usr 0 00:04:09, Sys 0 00:00:18  -  Run Remote Usage
		Usr 0 00:00:00, Sys 0 00:00:00  -  Run Local Usage
		Usr 0 00:04:09, Sys 0 00:00:18  -  Total Remote Usage
		Usr 0 00:00:00, Sys 0 00:00:00  -  Total Local Usage
	0  -  Run Bytes Sent By Job
	0  -  Run Bytes Received By Job
	0  -  Total Bytes Sent By Job
	0  -  Total Bytes Received By Job
	Partitionable Resources :    Usage  Request Allocated 
	   Cpus                 :     0.92        1         1 
	   Disk (KB)            :     1     3584000   3958079 
	   Memory (MB)          :  9693        4096      4096 

	Job terminated of its own accord at 2021-01-07T11:25:45Z.
...
006 (13901884.017.000) 2021-01-07 12:25:47 Image size of job updated: 11387292
	9229  -  MemoryUsage of job (MB)
	9450460  -  ResidentSetSize of job (KB)
...
005 (13901884.017.000) 2021-01-07 12:25:47 Job terminated.
	(1) Normal termination (return value 0)
		Usr 0 00:04:11, Sys 0 00:00:19  -  Run Remote Usage
		Usr 0 00:00:00, Sys 0 00:00:00  -  Run Local Usage
		Usr 0 00:04:11, Sys 0 00:00:19  -  Total Remote Usage
		Usr 0 00:00:00, Sys 0 00:00:00  -  Total Local Usage
	0  -  Run Bytes Sent By Job
	0  -  Run Bytes Received By Job
	0  -  Total Bytes Sent By Job
	0  -  Total Bytes Received By Job
	Partitionable Resources :    Usage  Request Allocated 
	   Cpus                 :     0.86        1         1 
	   Disk (KB)            :     1     3584000   3958832 
	   Memory (MB)          :  9229        4096      4096 

	Job terminated of its own accord at 2021-01-07T11:25:47Z.
...
006 (13901884.020.000) 2021-01-07 12:25:48 Image size of job updated: 11349136
	9719  -  MemoryUsage of job (MB)
	9951564  -  ResidentSetSize of job (KB)
...
005 (13901884.020.000) 2021-01-07 12:25:48 Job terminated.
	(1) Normal termination (return value 0)
		Usr 0 00:04:03, Sys 0 00:00:21  -  Run Remote Usage
		Usr 0 00:00:00, Sys 0 00:00:00  -  Run Local Usage
		Usr 0 00:04:03, Sys 0 00:00:21  -  Total Remote Usage
		Usr 0 00:00:00, Sys 0 00:00:00  -  Total Local Usage
	0  -  Run Bytes Sent By Job
	0  -  Run Bytes Received By Job
	0  -  Total Bytes Sent By Job
	0  -  Total Bytes Received By Job
	Partitionable Resources :    Usage  Request Allocated 
	   Cpus                 :        0        1         1 
	   Disk (KB)            :        1  3584000   3957230 
	   Memory (MB)          :     9719     4096      4096 

	Job terminated of its own accord at 2021-01-07T11:25:48Z.
...
006 (13901884.018.000) 2021-01-07 12:25:48 Image size of job updated: 11307496
	10480  -  MemoryUsage of job (MB)
	10730916  -  ResidentSetSize of job (KB)
...
005 (13901884.018.000) 2021-01-07 12:25:49 Job terminated.
	(1) Normal termination (return value 0)
		Usr 0 00:04:08, Sys 0 00:00:24  -  Run Remote Usage
		Usr 0 00:00:00, Sys 0 00:00:00  -  Run Local Usage
		Usr 0 00:04:08, Sys 0 00:00:24  -  Total Remote Usage
		Usr 0 00:00:00, Sys 0 00:00:00  -  Total Local Usage
	0  -  Run Bytes Sent By Job
	0  -  Run Bytes Received By Job
	0  -  Total Bytes Sent By Job
	0  -  Total Bytes Received By Job
	Partitionable Resources :    Usage  Request Allocated 
	   Cpus                 :     0.88        1         1 
	   Disk (KB)            :     1     3584000   4421070 
	   Memory (MB)          : 10480        4096      4096 

	Job terminated of its own accord at 2021-01-07T11:25:48Z.
...
006 (13901884.011.000) 2021-01-07 12:25:53 Image size of job updated: 11282184
	9459  -  MemoryUsage of job (MB)
	9685548  -  ResidentSetSize of job (KB)
...
005 (13901884.011.000) 2021-01-07 12:25:53 Job terminated.
	(1) Normal termination (return value 0)
		Usr 0 00:04:05, Sys 0 00:00:20  -  Run Remote Usage
		Usr 0 00:00:00, Sys 0 00:00:00  -  Run Local Usage
		Usr 0 00:04:05, Sys 0 00:00:20  -  Total Remote Usage
		Usr 0 00:00:00, Sys 0 00:00:00  -  Total Local Usage
	0  -  Run Bytes Sent By Job
	0  -  Run Bytes Received By Job
	0  -  Total Bytes Sent By Job
	0  -  Total Bytes Received By Job
	Partitionable Resources :    Usage  Request Allocated 
	   Cpus                 :     0.86        1         1 
	   Disk (KB)            :     1     3584000   3955893 
	   Memory (MB)          :  9459        4096      4096 

	Job terminated of its own accord at 2021-01-07T11:25:53Z.
...
006 (13901884.004.000) 2021-01-07 12:25:53 Image size of job updated: 11275176
	9799  -  MemoryUsage of job (MB)
	10033808  -  ResidentSetSize of job (KB)
...
005 (13901884.004.000) 2021-01-07 12:25:53 Job terminated.
	(1) Normal termination (return value 0)
		Usr 0 00:04:07, Sys 0 00:00:18  -  Run Remote Usage
		Usr 0 00:00:00, Sys 0 00:00:00  -  Run Local Usage
		Usr 0 00:04:07, Sys 0 00:00:18  -  Total Remote Usage
		Usr 0 00:00:00, Sys 0 00:00:00  -  Total Local Usage
	0  -  Run Bytes Sent By Job
	0  -  Run Bytes Received By Job
	0  -  Total Bytes Sent By Job
	0  -  Total Bytes Received By Job
	Partitionable Resources :    Usage  Request Allocated 
	   Cpus                 :     0.92        1         1 
	   Disk (KB)            :     1     3584000   3958079 
	   Memory (MB)          :  9799        4096      4096 

	Job terminated of its own accord at 2021-01-07T11:25:53Z.
...
006 (13901884.009.000) 2021-01-07 12:25:53 Image size of job updated: 12830076
	9718  -  MemoryUsage of job (MB)
	9950656  -  ResidentSetSize of job (KB)
...
005 (13901884.009.000) 2021-01-07 12:25:53 Job terminated.
	(1) Normal termination (return value 0)
		Usr 0 00:04:06, Sys 0 00:00:21  -  Run Remote Usage
		Usr 0 00:00:00, Sys 0 00:00:00  -  Run Local Usage
		Usr 0 00:04:06, Sys 0 00:00:21  -  Total Remote Usage
		Usr 0 00:00:00, Sys 0 00:00:00  -  Total Local Usage
	0  -  Run Bytes Sent By Job
	0  -  Run Bytes Received By Job
	0  -  Total Bytes Sent By Job
	0  -  Total Bytes Received By Job
	Partitionable Resources :    Usage  Request Allocated 
	   Cpus                 :     0.93        1         1 
	   Disk (KB)            :     1     3584000   3957230 
	   Memory (MB)          :  9718        4096      4096 

	Job terminated of its own accord at 2021-01-07T11:25:53Z.
...
006 (13901884.012.000) 2021-01-07 12:25:55 Image size of job updated: 11087348
	9966  -  MemoryUsage of job (MB)
	10204568  -  ResidentSetSize of job (KB)
...
005 (13901884.024.000) 2021-01-07 12:25:56 Job terminated.
	(1) Normal termination (return value 0)
		Usr 0 00:04:10, Sys 0 00:00:22  -  Run Remote Usage
		Usr 0 00:00:00, Sys 0 00:00:00  -  Run Local Usage
		Usr 0 00:04:10, Sys 0 00:00:22  -  Total Remote Usage
		Usr 0 00:00:00, Sys 0 00:00:00  -  Total Local Usage
	0  -  Run Bytes Sent By Job
	0  -  Run Bytes Received By Job
	0  -  Total Bytes Sent By Job
	0  -  Total Bytes Received By Job
	Partitionable Resources :    Usage  Request Allocated 
	   Cpus                 :     0.85        1         1 
	   Disk (KB)            :     1     3584000   3955047 
	   Memory (MB)          : 10010        4096      4096 

	Job terminated of its own accord at 2021-01-07T11:25:55Z.
...
005 (13901884.012.000) 2021-01-07 12:25:56 Job terminated.
	(1) Normal termination (return value 0)
		Usr 0 00:04:07, Sys 0 00:00:23  -  Run Remote Usage
		Usr 0 00:00:00, Sys 0 00:00:00  -  Run Local Usage
		Usr 0 00:04:07, Sys 0 00:00:23  -  Total Remote Usage
		Usr 0 00:00:00, Sys 0 00:00:00  -  Total Local Usage
	0  -  Run Bytes Sent By Job
	0  -  Run Bytes Received By Job
	0  -  Total Bytes Sent By Job
	0  -  Total Bytes Received By Job
	Partitionable Resources :    Usage  Request Allocated 
	   Cpus                 :     0.48        1         1 
	   Disk (KB)            :     1     3584000   3955047 
	   Memory (MB)          :  9966        4096      4096 

	Job terminated of its own accord at 2021-01-07T11:25:55Z.
...
005 (13901884.022.000) 2021-01-07 12:25:56 Job terminated.
	(1) Normal termination (return value 0)
		Usr 0 00:04:06, Sys 0 00:00:25  -  Run Remote Usage
		Usr 0 00:00:00, Sys 0 00:00:00  -  Run Local Usage
		Usr 0 00:04:06, Sys 0 00:00:25  -  Total Remote Usage
		Usr 0 00:00:00, Sys 0 00:00:00  -  Total Local Usage
	0  -  Run Bytes Sent By Job
	0  -  Run Bytes Received By Job
	0  -  Total Bytes Sent By Job
	0  -  Total Bytes Received By Job
	Partitionable Resources :    Usage  Request Allocated 
	   Cpus                 :     0.85        1         1 
	   Disk (KB)            :     1     3584000   4541935 
	   Memory (MB)          :  9256        4096      4096 

	Job terminated of its own accord at 2021-01-07T11:25:56Z.
...
006 (13901884.023.000) 2021-01-07 12:25:57 Image size of job updated: 11356556
	9157  -  MemoryUsage of job (MB)
	9376480  -  ResidentSetSize of job (KB)
...
005 (13901884.023.000) 2021-01-07 12:25:57 Job terminated.
	(1) Normal termination (return value 0)
		Usr 0 00:04:08, Sys 0 00:00:18  -  Run Remote Usage
		Usr 0 00:00:00, Sys 0 00:00:00  -  Run Local Usage
		Usr 0 00:04:08, Sys 0 00:00:18  -  Total Remote Usage
		Usr 0 00:00:00, Sys 0 00:00:00  -  Total Local Usage
	0  -  Run Bytes Sent By Job
	0  -  Run Bytes Received By Job
	0  -  Total Bytes Sent By Job
	0  -  Total Bytes Received By Job
	Partitionable Resources :    Usage  Request Allocated 
	   Cpus                 :     0.82        1         1 
	   Disk (KB)            :     1     3584000   4544569 
	   Memory (MB)          :  9157        4096      4096 

	Job terminated of its own accord at 2021-01-07T11:25:57Z.
...
005 (13901884.007.000) 2021-01-07 12:25:59 Job terminated.
	(1) Normal termination (return value 0)
		Usr 0 00:04:12, Sys 0 00:00:22  -  Run Remote Usage
		Usr 0 00:00:00, Sys 0 00:00:00  -  Run Local Usage
		Usr 0 00:04:12, Sys 0 00:00:22  -  Total Remote Usage
		Usr 0 00:00:00, Sys 0 00:00:00  -  Total Local Usage
	0  -  Run Bytes Sent By Job
	0  -  Run Bytes Received By Job
	0  -  Total Bytes Sent By Job
	0  -  Total Bytes Received By Job
	Partitionable Resources :    Usage  Request Allocated 
	   Cpus                 :     0.86        1         1 
	   Disk (KB)            :     1     3584000   4544569 
	   Memory (MB)          :  9071        4096      4096 

	Job terminated of its own accord at 2021-01-07T11:25:59Z.
...
006 (13901884.003.000) 2021-01-07 12:26:02 Image size of job updated: 10535720
	9085  -  MemoryUsage of job (MB)
	9302808  -  ResidentSetSize of job (KB)
...
005 (13901884.003.000) 2021-01-07 12:26:02 Job terminated.
	(1) Normal termination (return value 0)
		Usr 0 00:04:06, Sys 0 00:00:31  -  Run Remote Usage
		Usr 0 00:00:00, Sys 0 00:00:00  -  Run Local Usage
		Usr 0 00:04:06, Sys 0 00:00:31  -  Total Remote Usage
		Usr 0 00:00:00, Sys 0 00:00:00  -  Total Local Usage
	0  -  Run Bytes Sent By Job
	0  -  Run Bytes Received By Job
	0  -  Total Bytes Sent By Job
	0  -  Total Bytes Received By Job
	Partitionable Resources :    Usage  Request Allocated 
	   Cpus                 :     0.90        1         1 
	   Disk (KB)            :     1     3584000   4541935 
	   Memory (MB)          :  9085        4096      4096 

	Job terminated of its own accord at 2021-01-07T11:26:01Z.
...
006 (13901884.019.000) 2021-01-07 12:26:06 Image size of job updated: 10580148
	5968  -  MemoryUsage of job (MB)
	6110896  -  ResidentSetSize of job (KB)
...
005 (13901884.019.000) 2021-01-07 12:26:06 Job terminated.
	(1) Normal termination (return value 0)
		Usr 0 00:04:01, Sys 0 00:00:20  -  Run Remote Usage
		Usr 0 00:00:00, Sys 0 00:00:00  -  Run Local Usage
		Usr 0 00:04:01, Sys 0 00:00:20  -  Total Remote Usage
		Usr 0 00:00:00, Sys 0 00:00:00  -  Total Local Usage
	0  -  Run Bytes Sent By Job
	0  -  Run Bytes Received By Job
	0  -  Total Bytes Sent By Job
	0  -  Total Bytes Received By Job
	Partitionable Resources :    Usage  Request Allocated 
	   Cpus                 :     0.89        1         1 
	   Disk (KB)            :     1     3584000   3969960 
	   Memory (MB)          :  5968        4096      4096 

	Job terminated of its own accord at 2021-01-07T11:26:06Z.
...
006 (13901884.013.000) 2021-01-07 12:26:14 Image size of job updated: 11331264
	9103  -  MemoryUsage of job (MB)
	9320952  -  ResidentSetSize of job (KB)
...
005 (13901884.013.000) 2021-01-07 12:26:15 Job terminated.
	(1) Normal termination (return value 0)
		Usr 0 00:04:06, Sys 0 00:00:25  -  Run Remote Usage
		Usr 0 00:00:00, Sys 0 00:00:00  -  Run Local Usage
		Usr 0 00:04:06, Sys 0 00:00:25  -  Total Remote Usage
		Usr 0 00:00:00, Sys 0 00:00:00  -  Total Local Usage
	0  -  Run Bytes Sent By Job
	0  -  Run Bytes Received By Job
	0  -  Total Bytes Sent By Job
	0  -  Total Bytes Received By Job
	Partitionable Resources :    Usage  Request Allocated 
	   Cpus                 :     0.83        1         1 
	   Disk (KB)            :     1     3584000   4544872 
	   Memory (MB)          :  9103        4096      4096 

	Job terminated of its own accord at 2021-01-07T11:26:14Z.
...
006 (13901884.006.000) 2021-01-07 12:26:18 Image size of job updated: 10252884
	6128  -  MemoryUsage of job (MB)
	6274208  -  ResidentSetSize of job (KB)
...
005 (13901884.006.000) 2021-01-07 12:26:18 Job terminated.
	(1) Normal termination (return value 0)
		Usr 0 00:04:12, Sys 0 00:00:19  -  Run Remote Usage
		Usr 0 00:00:00, Sys 0 00:00:00  -  Run Local Usage
		Usr 0 00:04:12, Sys 0 00:00:19  -  Total Remote Usage
		Usr 0 00:00:00, Sys 0 00:00:00  -  Total Local Usage
	0  -  Run Bytes Sent By Job
	0  -  Run Bytes Received By Job
	0  -  Total Bytes Sent By Job
	0  -  Total Bytes Received By Job
	Partitionable Resources :    Usage  Request Allocated 
	   Cpus                 :     0.94        1         1 
	   Disk (KB)            :     1     3584000   3969960 
	   Memory (MB)          :  6128        4096      4096 

	Job terminated of its own accord at 2021-01-07T11:26:18Z.
...
006 (13901884.008.000) 2021-01-07 12:28:14 Image size of job updated: 7831736
	6691  -  MemoryUsage of job (MB)
	6850640  -  ResidentSetSize of job (KB)
...
005 (13901884.008.000) 2021-01-07 12:28:14 Job terminated.
	(1) Normal termination (return value 0)
		Usr 0 00:04:15, Sys 0 00:00:22  -  Run Remote Usage
		Usr 0 00:00:00, Sys 0 00:00:00  -  Run Local Usage
		Usr 0 00:04:15, Sys 0 00:00:22  -  Total Remote Usage
		Usr 0 00:00:00, Sys 0 00:00:00  -  Total Local Usage
	0  -  Run Bytes Sent By Job
	0  -  Run Bytes Received By Job
	0  -  Total Bytes Sent By Job
	0  -  Total Bytes Received By Job
	Partitionable Resources :    Usage  Request Allocated 
	   Cpus                 :     0.39        1         1 
	   Disk (KB)            :     1     3584000   4787146 
	   Memory (MB)          :  6691        4096      4096 

	Job terminated of its own accord at 2021-01-07T11:28:14Z.
...
005 (13901884.001.000) 2021-01-07 12:28:17 Job terminated.
	(1) Normal termination (return value 0)
		Usr 0 00:04:13, Sys 0 00:00:26  -  Run Remote Usage
		Usr 0 00:00:00, Sys 0 00:00:00  -  Run Local Usage
		Usr 0 00:04:13, Sys 0 00:00:26  -  Total Remote Usage
		Usr 0 00:00:00, Sys 0 00:00:00  -  Total Local Usage
	0  -  Run Bytes Sent By Job
	0  -  Run Bytes Received By Job
	0  -  Total Bytes Sent By Job
	0  -  Total Bytes Received By Job
	Partitionable Resources :    Usage  Request Allocated 
	   Cpus                 :     0.04        1         1 
	   Disk (KB)            :     1     3584000   4323100 
	   Memory (MB)          :  6872        4096      4096 

	Job terminated of its own accord at 2021-01-07T11:28:17Z.
...
005 (13901884.015.000) 2021-01-07 12:28:49 Job terminated.
	(1) Normal termination (return value 0)
		Usr 0 00:04:12, Sys 0 00:00:23  -  Run Remote Usage
		Usr 0 00:00:00, Sys 0 00:00:00  -  Run Local Usage
		Usr 0 00:04:12, Sys 0 00:00:23  -  Total Remote Usage
		Usr 0 00:00:00, Sys 0 00:00:00  -  Total Local Usage
	0  -  Run Bytes Sent By Job
	0  -  Run Bytes Received By Job
	0  -  Total Bytes Sent By Job
	0  -  Total Bytes Received By Job
	Partitionable Resources :    Usage  Request Allocated 
	   Cpus                 :     0.93        1         1 
	   Disk (KB)            :     1     3584000   4323100 
	   Memory (MB)          :  6902        4096      4096 

	Job terminated of its own accord at 2021-01-07T11:28:49Z.
...
006 (13901884.014.000) 2021-01-07 12:28:55 Image size of job updated: 11262352
	9246  -  MemoryUsage of job (MB)
	9467332  -  ResidentSetSize of job (KB)
...
005 (13901884.014.000) 2021-01-07 12:28:55 Job terminated.
	(1) Normal termination (return value 0)
		Usr 0 00:04:03, Sys 0 00:00:18  -  Run Remote Usage
		Usr 0 00:00:00, Sys 0 00:00:00  -  Run Local Usage
		Usr 0 00:04:03, Sys 0 00:00:18  -  Total Remote Usage
		Usr 0 00:00:00, Sys 0 00:00:00  -  Total Local Usage
	0  -  Run Bytes Sent By Job
	0  -  Run Bytes Received By Job
	0  -  Total Bytes Sent By Job
	0  -  Total Bytes Received By Job
	Partitionable Resources :    Usage  Request Allocated 
	   Cpus                 :     0.01        1         1 
	   Disk (KB)            :     1     3584000   4784838 
	   Memory (MB)          :  9246        4096      4096 

	Job terminated of its own accord at 2021-01-07T11:28:55Z.
...
