000 (13926296.000.000) 2021-01-08 09:09:08 Job submitted from host: <131.169.223.42:9618?addrs=131.169.223.42-9618+[2001-638-700-10df--1-2a]-9618&alias=bird-htc-sched14.desy.de&noUDP&sock=schedd_1936_8371_3>
...
000 (13926296.001.000) 2021-01-08 09:09:08 Job submitted from host: <131.169.223.42:9618?addrs=131.169.223.42-9618+[2001-638-700-10df--1-2a]-9618&alias=bird-htc-sched14.desy.de&noUDP&sock=schedd_1936_8371_3>
...
000 (13926296.002.000) 2021-01-08 09:09:08 Job submitted from host: <131.169.223.42:9618?addrs=131.169.223.42-9618+[2001-638-700-10df--1-2a]-9618&alias=bird-htc-sched14.desy.de&noUDP&sock=schedd_1936_8371_3>
...
000 (13926296.003.000) 2021-01-08 09:09:08 Job submitted from host: <131.169.223.42:9618?addrs=131.169.223.42-9618+[2001-638-700-10df--1-2a]-9618&alias=bird-htc-sched14.desy.de&noUDP&sock=schedd_1936_8371_3>
...
000 (13926296.004.000) 2021-01-08 09:09:08 Job submitted from host: <131.169.223.42:9618?addrs=131.169.223.42-9618+[2001-638-700-10df--1-2a]-9618&alias=bird-htc-sched14.desy.de&noUDP&sock=schedd_1936_8371_3>
...
000 (13926296.005.000) 2021-01-08 09:09:08 Job submitted from host: <131.169.223.42:9618?addrs=131.169.223.42-9618+[2001-638-700-10df--1-2a]-9618&alias=bird-htc-sched14.desy.de&noUDP&sock=schedd_1936_8371_3>
...
000 (13926296.006.000) 2021-01-08 09:09:08 Job submitted from host: <131.169.223.42:9618?addrs=131.169.223.42-9618+[2001-638-700-10df--1-2a]-9618&alias=bird-htc-sched14.desy.de&noUDP&sock=schedd_1936_8371_3>
...
000 (13926296.007.000) 2021-01-08 09:09:08 Job submitted from host: <131.169.223.42:9618?addrs=131.169.223.42-9618+[2001-638-700-10df--1-2a]-9618&alias=bird-htc-sched14.desy.de&noUDP&sock=schedd_1936_8371_3>
...
000 (13926296.008.000) 2021-01-08 09:09:08 Job submitted from host: <131.169.223.42:9618?addrs=131.169.223.42-9618+[2001-638-700-10df--1-2a]-9618&alias=bird-htc-sched14.desy.de&noUDP&sock=schedd_1936_8371_3>
...
000 (13926296.009.000) 2021-01-08 09:09:08 Job submitted from host: <131.169.223.42:9618?addrs=131.169.223.42-9618+[2001-638-700-10df--1-2a]-9618&alias=bird-htc-sched14.desy.de&noUDP&sock=schedd_1936_8371_3>
...
000 (13926296.010.000) 2021-01-08 09:09:08 Job submitted from host: <131.169.223.42:9618?addrs=131.169.223.42-9618+[2001-638-700-10df--1-2a]-9618&alias=bird-htc-sched14.desy.de&noUDP&sock=schedd_1936_8371_3>
...
000 (13926296.011.000) 2021-01-08 09:09:08 Job submitted from host: <131.169.223.42:9618?addrs=131.169.223.42-9618+[2001-638-700-10df--1-2a]-9618&alias=bird-htc-sched14.desy.de&noUDP&sock=schedd_1936_8371_3>
...
000 (13926296.012.000) 2021-01-08 09:09:08 Job submitted from host: <131.169.223.42:9618?addrs=131.169.223.42-9618+[2001-638-700-10df--1-2a]-9618&alias=bird-htc-sched14.desy.de&noUDP&sock=schedd_1936_8371_3>
...
000 (13926296.013.000) 2021-01-08 09:09:08 Job submitted from host: <131.169.223.42:9618?addrs=131.169.223.42-9618+[2001-638-700-10df--1-2a]-9618&alias=bird-htc-sched14.desy.de&noUDP&sock=schedd_1936_8371_3>
...
000 (13926296.014.000) 2021-01-08 09:09:08 Job submitted from host: <131.169.223.42:9618?addrs=131.169.223.42-9618+[2001-638-700-10df--1-2a]-9618&alias=bird-htc-sched14.desy.de&noUDP&sock=schedd_1936_8371_3>
...
000 (13926296.015.000) 2021-01-08 09:09:08 Job submitted from host: <131.169.223.42:9618?addrs=131.169.223.42-9618+[2001-638-700-10df--1-2a]-9618&alias=bird-htc-sched14.desy.de&noUDP&sock=schedd_1936_8371_3>
...
000 (13926296.016.000) 2021-01-08 09:09:08 Job submitted from host: <131.169.223.42:9618?addrs=131.169.223.42-9618+[2001-638-700-10df--1-2a]-9618&alias=bird-htc-sched14.desy.de&noUDP&sock=schedd_1936_8371_3>
...
000 (13926296.017.000) 2021-01-08 09:09:08 Job submitted from host: <131.169.223.42:9618?addrs=131.169.223.42-9618+[2001-638-700-10df--1-2a]-9618&alias=bird-htc-sched14.desy.de&noUDP&sock=schedd_1936_8371_3>
...
000 (13926296.018.000) 2021-01-08 09:09:08 Job submitted from host: <131.169.223.42:9618?addrs=131.169.223.42-9618+[2001-638-700-10df--1-2a]-9618&alias=bird-htc-sched14.desy.de&noUDP&sock=schedd_1936_8371_3>
...
000 (13926296.019.000) 2021-01-08 09:09:08 Job submitted from host: <131.169.223.42:9618?addrs=131.169.223.42-9618+[2001-638-700-10df--1-2a]-9618&alias=bird-htc-sched14.desy.de&noUDP&sock=schedd_1936_8371_3>
...
000 (13926296.020.000) 2021-01-08 09:09:08 Job submitted from host: <131.169.223.42:9618?addrs=131.169.223.42-9618+[2001-638-700-10df--1-2a]-9618&alias=bird-htc-sched14.desy.de&noUDP&sock=schedd_1936_8371_3>
...
000 (13926296.021.000) 2021-01-08 09:09:08 Job submitted from host: <131.169.223.42:9618?addrs=131.169.223.42-9618+[2001-638-700-10df--1-2a]-9618&alias=bird-htc-sched14.desy.de&noUDP&sock=schedd_1936_8371_3>
...
000 (13926296.022.000) 2021-01-08 09:09:08 Job submitted from host: <131.169.223.42:9618?addrs=131.169.223.42-9618+[2001-638-700-10df--1-2a]-9618&alias=bird-htc-sched14.desy.de&noUDP&sock=schedd_1936_8371_3>
...
000 (13926296.023.000) 2021-01-08 09:09:08 Job submitted from host: <131.169.223.42:9618?addrs=131.169.223.42-9618+[2001-638-700-10df--1-2a]-9618&alias=bird-htc-sched14.desy.de&noUDP&sock=schedd_1936_8371_3>
...
000 (13926296.024.000) 2021-01-08 09:09:08 Job submitted from host: <131.169.223.42:9618?addrs=131.169.223.42-9618+[2001-638-700-10df--1-2a]-9618&alias=bird-htc-sched14.desy.de&noUDP&sock=schedd_1936_8371_3>
...
001 (13926296.009.000) 2021-01-08 09:09:31 Job executing on host: <131.169.163.120:41262?addrs=131.169.163.120-41262&alias=bird681.desy.de>
...
001 (13926296.008.000) 2021-01-08 09:09:31 Job executing on host: <131.169.163.123:34595?addrs=131.169.163.123-34595&alias=bird684.desy.de>
...
001 (13926296.006.000) 2021-01-08 09:09:31 Job executing on host: <131.169.77.149:38198?addrs=131.169.77.149-38198&alias=bird629.desy.de>
...
001 (13926296.010.000) 2021-01-08 09:09:31 Job executing on host: <131.169.77.164:38118?addrs=131.169.77.164-38118&alias=bird644.desy.de>
...
001 (13926296.011.000) 2021-01-08 09:09:31 Job executing on host: <131.169.164.25:44209?addrs=131.169.164.25-44209&alias=bird825.desy.de>
...
001 (13926296.004.000) 2021-01-08 09:09:31 Job executing on host: <131.169.164.47:34433?addrs=131.169.164.47-34433&alias=bird847.desy.de>
...
001 (13926296.012.000) 2021-01-08 09:09:31 Job executing on host: <131.169.164.47:34433?addrs=131.169.164.47-34433&alias=bird847.desy.de>
...
001 (13926296.018.000) 2021-01-08 09:09:31 Job executing on host: <131.169.164.47:34433?addrs=131.169.164.47-34433&alias=bird847.desy.de>
...
001 (13926296.003.000) 2021-01-08 09:09:31 Job executing on host: <131.169.77.216:36027?addrs=131.169.77.216-36027&alias=bird770.desy.de>
...
001 (13926296.015.000) 2021-01-08 09:09:31 Job executing on host: <131.169.77.216:36027?addrs=131.169.77.216-36027&alias=bird770.desy.de>
...
001 (13926296.001.000) 2021-01-08 09:09:31 Job executing on host: <131.169.77.206:45806?addrs=131.169.77.206-45806&alias=bird760.desy.de>
...
001 (13926296.005.000) 2021-01-08 09:09:31 Job executing on host: <131.169.164.58:39182?addrs=131.169.164.58-39182&alias=bird858.desy.de>
...
001 (13926296.016.000) 2021-01-08 09:09:31 Job executing on host: <131.169.164.58:39182?addrs=131.169.164.58-39182&alias=bird858.desy.de>
...
001 (13926296.017.000) 2021-01-08 09:09:31 Job executing on host: <131.169.77.164:38118?addrs=131.169.77.164-38118&alias=bird644.desy.de>
...
001 (13926296.007.000) 2021-01-08 09:09:31 Job executing on host: <131.169.164.57:37058?addrs=131.169.164.57-37058&alias=bird857.desy.de>
...
001 (13926296.002.000) 2021-01-08 09:09:31 Job executing on host: <131.169.77.210:43136?addrs=131.169.77.210-43136&alias=bird764.desy.de>
...
001 (13926296.013.000) 2021-01-08 09:09:31 Job executing on host: <131.169.164.45:32871?addrs=131.169.164.45-32871&alias=bird845.desy.de>
...
001 (13926296.000.000) 2021-01-08 09:09:31 Job executing on host: <131.169.164.45:32871?addrs=131.169.164.45-32871&alias=bird845.desy.de>
...
001 (13926296.014.000) 2021-01-08 09:09:32 Job executing on host: <131.169.160.168:34387?addrs=131.169.160.168-34387&alias=batch1068.desy.de>
...
006 (13926296.009.000) 2021-01-08 09:09:39 Image size of job updated: 279724
	230  -  MemoryUsage of job (MB)
	234672  -  ResidentSetSize of job (KB)
...
006 (13926296.008.000) 2021-01-08 09:09:39 Image size of job updated: 366116
	338  -  MemoryUsage of job (MB)
	345772  -  ResidentSetSize of job (KB)
...
006 (13926296.006.000) 2021-01-08 09:09:39 Image size of job updated: 326348
	287  -  MemoryUsage of job (MB)
	293560  -  ResidentSetSize of job (KB)
...
006 (13926296.010.000) 2021-01-08 09:09:39 Image size of job updated: 404908
	358  -  MemoryUsage of job (MB)
	365824  -  ResidentSetSize of job (KB)
...
006 (13926296.011.000) 2021-01-08 09:09:39 Image size of job updated: 256872
	215  -  MemoryUsage of job (MB)
	219944  -  ResidentSetSize of job (KB)
...
006 (13926296.004.000) 2021-01-08 09:09:39 Image size of job updated: 222748
	201  -  MemoryUsage of job (MB)
	204940  -  ResidentSetSize of job (KB)
...
006 (13926296.012.000) 2021-01-08 09:09:39 Image size of job updated: 237940
	204  -  MemoryUsage of job (MB)
	208240  -  ResidentSetSize of job (KB)
...
006 (13926296.018.000) 2021-01-08 09:09:39 Image size of job updated: 223616
	199  -  MemoryUsage of job (MB)
	203440  -  ResidentSetSize of job (KB)
...
006 (13926296.003.000) 2021-01-08 09:09:39 Image size of job updated: 161268
	130  -  MemoryUsage of job (MB)
	132608  -  ResidentSetSize of job (KB)
...
006 (13926296.001.000) 2021-01-08 09:09:39 Image size of job updated: 223992
	182  -  MemoryUsage of job (MB)
	185400  -  ResidentSetSize of job (KB)
...
006 (13926296.015.000) 2021-01-08 09:09:39 Image size of job updated: 162752
	130  -  MemoryUsage of job (MB)
	132800  -  ResidentSetSize of job (KB)
...
006 (13926296.007.000) 2021-01-08 09:09:39 Image size of job updated: 249464
	205  -  MemoryUsage of job (MB)
	209716  -  ResidentSetSize of job (KB)
...
006 (13926296.017.000) 2021-01-08 09:09:39 Image size of job updated: 383184
	350  -  MemoryUsage of job (MB)
	357500  -  ResidentSetSize of job (KB)
...
006 (13926296.005.000) 2021-01-08 09:09:39 Image size of job updated: 237644
	203  -  MemoryUsage of job (MB)
	207624  -  ResidentSetSize of job (KB)
...
006 (13926296.016.000) 2021-01-08 09:09:39 Image size of job updated: 228680
	202  -  MemoryUsage of job (MB)
	206696  -  ResidentSetSize of job (KB)
...
006 (13926296.002.000) 2021-01-08 09:09:40 Image size of job updated: 224860
	190  -  MemoryUsage of job (MB)
	194480  -  ResidentSetSize of job (KB)
...
006 (13926296.013.000) 2021-01-08 09:09:40 Image size of job updated: 301936
	261  -  MemoryUsage of job (MB)
	267116  -  ResidentSetSize of job (KB)
...
006 (13926296.000.000) 2021-01-08 09:09:40 Image size of job updated: 291836
	257  -  MemoryUsage of job (MB)
	262672  -  ResidentSetSize of job (KB)
...
006 (13926296.014.000) 2021-01-08 09:09:41 Image size of job updated: 223184
	180  -  MemoryUsage of job (MB)
	184044  -  ResidentSetSize of job (KB)
...
001 (13926296.020.000) 2021-01-08 09:10:11 Job executing on host: <131.169.77.208:42426?addrs=131.169.77.208-42426&alias=bird762.desy.de>
...
001 (13926296.024.000) 2021-01-08 09:10:11 Job executing on host: <131.169.77.125:41608?addrs=131.169.77.125-41608&alias=bird063.desy.de>
...
001 (13926296.019.000) 2021-01-08 09:10:11 Job executing on host: <131.169.77.9:44093?addrs=131.169.77.9-44093&alias=bird527.desy.de>
...
001 (13926296.022.000) 2021-01-08 09:10:11 Job executing on host: <131.169.164.37:37007?addrs=131.169.164.37-37007&alias=bird837.desy.de>
...
001 (13926296.023.000) 2021-01-08 09:10:12 Job executing on host: <131.169.77.121:43344?addrs=131.169.77.121-43344&alias=bird058.desy.de>
...
001 (13926296.021.000) 2021-01-08 09:10:12 Job executing on host: <131.169.77.226:37664?addrs=131.169.77.226-37664&alias=bird780.desy.de>
...
006 (13926296.020.000) 2021-01-08 09:10:19 Image size of job updated: 257984
	169  -  MemoryUsage of job (MB)
	172332  -  ResidentSetSize of job (KB)
...
006 (13926296.023.000) 2021-01-08 09:10:20 Image size of job updated: 195232
	118  -  MemoryUsage of job (MB)
	120116  -  ResidentSetSize of job (KB)
...
006 (13926296.021.000) 2021-01-08 09:10:20 Image size of job updated: 195156
	119  -  MemoryUsage of job (MB)
	121196  -  ResidentSetSize of job (KB)
...
006 (13926296.024.000) 2021-01-08 09:10:20 Image size of job updated: 193612
	117  -  MemoryUsage of job (MB)
	118816  -  ResidentSetSize of job (KB)
...
006 (13926296.019.000) 2021-01-08 09:10:20 Image size of job updated: 265144
	174  -  MemoryUsage of job (MB)
	177848  -  ResidentSetSize of job (KB)
...
006 (13926296.022.000) 2021-01-08 09:10:20 Image size of job updated: 359204
	302  -  MemoryUsage of job (MB)
	308600  -  ResidentSetSize of job (KB)
...
006 (13926296.008.000) 2021-01-08 09:14:14 Image size of job updated: 366116
	338  -  MemoryUsage of job (MB)
	345864  -  ResidentSetSize of job (KB)
...
005 (13926296.008.000) 2021-01-08 09:14:14 Job terminated.
	(1) Normal termination (return value 0)
		Usr 0 00:04:00, Sys 0 00:00:15  -  Run Remote Usage
		Usr 0 00:00:00, Sys 0 00:00:00  -  Run Local Usage
		Usr 0 00:04:00, Sys 0 00:00:15  -  Total Remote Usage
		Usr 0 00:00:00, Sys 0 00:00:00  -  Total Local Usage
	0  -  Run Bytes Sent By Job
	0  -  Run Bytes Received By Job
	0  -  Total Bytes Sent By Job
	0  -  Total Bytes Received By Job
	Partitionable Resources :    Usage  Request Allocated 
	   Cpus                 :     0.90        1         1 
	   Disk (KB)            :     1     3584000   3965366 
	   Memory (MB)          :   338        4096      4096 

	Job terminated of its own accord at 2021-01-08T08:14:14Z.
...
006 (13926296.015.000) 2021-01-08 09:14:15 Image size of job updated: 11108944
	130  -  MemoryUsage of job (MB)
	132888  -  ResidentSetSize of job (KB)
...
005 (13926296.015.000) 2021-01-08 09:14:15 Job terminated.
	(1) Normal termination (return value 0)
		Usr 0 00:03:56, Sys 0 00:00:18  -  Run Remote Usage
		Usr 0 00:00:00, Sys 0 00:00:00  -  Run Local Usage
		Usr 0 00:03:56, Sys 0 00:00:18  -  Total Remote Usage
		Usr 0 00:00:00, Sys 0 00:00:00  -  Total Local Usage
	0  -  Run Bytes Sent By Job
	0  -  Run Bytes Received By Job
	0  -  Total Bytes Sent By Job
	0  -  Total Bytes Received By Job
	Partitionable Resources :    Usage  Request Allocated 
	   Cpus                 :     0.90        1         1 
	   Disk (KB)            :     1     3584000   4785229 
	   Memory (MB)          :   130        4096      4096 

	Job terminated of its own accord at 2021-01-08T08:14:15Z.
...
006 (13926296.011.000) 2021-01-08 09:14:15 Image size of job updated: 11188588
	215  -  MemoryUsage of job (MB)
	219964  -  ResidentSetSize of job (KB)
...
005 (13926296.011.000) 2021-01-08 09:14:15 Job terminated.
	(1) Normal termination (return value 0)
		Usr 0 00:03:58, Sys 0 00:00:19  -  Run Remote Usage
		Usr 0 00:00:00, Sys 0 00:00:00  -  Run Local Usage
		Usr 0 00:03:58, Sys 0 00:00:19  -  Total Remote Usage
		Usr 0 00:00:00, Sys 0 00:00:00  -  Total Local Usage
	0  -  Run Bytes Sent By Job
	0  -  Run Bytes Received By Job
	0  -  Total Bytes Sent By Job
	0  -  Total Bytes Received By Job
	Partitionable Resources :    Usage  Request Allocated 
	   Cpus                 :     0.92        1         1 
	   Disk (KB)            :     1     3584000   4545694 
	   Memory (MB)          :   215        4096      4096 

	Job terminated of its own accord at 2021-01-08T08:14:15Z.
...
006 (13926296.013.000) 2021-01-08 09:14:17 Image size of job updated: 11136424
	261  -  MemoryUsage of job (MB)
	267132  -  ResidentSetSize of job (KB)
...
005 (13926296.013.000) 2021-01-08 09:14:17 Job terminated.
	(1) Normal termination (return value 0)
		Usr 0 00:03:56, Sys 0 00:00:15  -  Run Remote Usage
		Usr 0 00:00:00, Sys 0 00:00:00  -  Run Local Usage
		Usr 0 00:03:56, Sys 0 00:00:15  -  Total Remote Usage
		Usr 0 00:00:00, Sys 0 00:00:00  -  Total Local Usage
	0  -  Run Bytes Sent By Job
	0  -  Run Bytes Received By Job
	0  -  Total Bytes Sent By Job
	0  -  Total Bytes Received By Job
	Partitionable Resources :    Usage  Request Allocated 
	   Cpus                 :     0.83        1         1 
	   Disk (KB)            :     1     3584000   4518238 
	   Memory (MB)          :   261        4096      4096 

	Job terminated of its own accord at 2021-01-08T08:14:17Z.
...
006 (13926296.003.000) 2021-01-08 09:14:18 Image size of job updated: 11054204
	130  -  MemoryUsage of job (MB)
	132608  -  ResidentSetSize of job (KB)
...
005 (13926296.003.000) 2021-01-08 09:14:18 Job terminated.
	(1) Normal termination (return value 0)
		Usr 0 00:03:57, Sys 0 00:00:19  -  Run Remote Usage
		Usr 0 00:00:00, Sys 0 00:00:00  -  Run Local Usage
		Usr 0 00:03:57, Sys 0 00:00:19  -  Total Remote Usage
		Usr 0 00:00:00, Sys 0 00:00:00  -  Total Local Usage
	0  -  Run Bytes Sent By Job
	0  -  Run Bytes Received By Job
	0  -  Total Bytes Sent By Job
	0  -  Total Bytes Received By Job
	Partitionable Resources :    Usage  Request Allocated 
	   Cpus                 :     0.92        1         1 
	   Disk (KB)            :     1     3584000   4785229 
	   Memory (MB)          :   130        4096      4096 

	Job terminated of its own accord at 2021-01-08T08:14:18Z.
...
005 (13926296.016.000) 2021-01-08 09:14:21 Job terminated.
	(1) Normal termination (return value 0)
		Usr 0 00:03:57, Sys 0 00:00:16  -  Run Remote Usage
		Usr 0 00:00:00, Sys 0 00:00:00  -  Run Local Usage
		Usr 0 00:03:57, Sys 0 00:00:16  -  Total Remote Usage
		Usr 0 00:00:00, Sys 0 00:00:00  -  Total Local Usage
	0  -  Run Bytes Sent By Job
	0  -  Run Bytes Received By Job
	0  -  Total Bytes Sent By Job
	0  -  Total Bytes Received By Job
	Partitionable Resources :    Usage  Request Allocated 
	   Cpus                 :     0.88        1         1 
	   Disk (KB)            :     1     3584000   4645541 
	   Memory (MB)          :   202        4096      4096 

	Job terminated of its own accord at 2021-01-08T08:14:21Z.
...
006 (13926296.005.000) 2021-01-08 09:14:22 Image size of job updated: 11136652
	203  -  MemoryUsage of job (MB)
	207624  -  ResidentSetSize of job (KB)
...
005 (13926296.005.000) 2021-01-08 09:14:22 Job terminated.
	(1) Normal termination (return value 0)
		Usr 0 00:03:58, Sys 0 00:00:15  -  Run Remote Usage
		Usr 0 00:00:00, Sys 0 00:00:00  -  Run Local Usage
		Usr 0 00:03:58, Sys 0 00:00:15  -  Total Remote Usage
		Usr 0 00:00:00, Sys 0 00:00:00  -  Total Local Usage
	0  -  Run Bytes Sent By Job
	0  -  Run Bytes Received By Job
	0  -  Total Bytes Sent By Job
	0  -  Total Bytes Received By Job
	Partitionable Resources :    Usage  Request Allocated 
	   Cpus                 :     0.88        1         1 
	   Disk (KB)            :     1     3584000   4645541 
	   Memory (MB)          :   203        4096      4096 

	Job terminated of its own accord at 2021-01-08T08:14:21Z.
...
006 (13926296.009.000) 2021-01-08 09:14:22 Image size of job updated: 11162688
	230  -  MemoryUsage of job (MB)
	234680  -  ResidentSetSize of job (KB)
...
005 (13926296.009.000) 2021-01-08 09:14:22 Job terminated.
	(1) Normal termination (return value 0)
		Usr 0 00:03:58, Sys 0 00:00:20  -  Run Remote Usage
		Usr 0 00:00:00, Sys 0 00:00:00  -  Run Local Usage
		Usr 0 00:03:58, Sys 0 00:00:20  -  Total Remote Usage
		Usr 0 00:00:00, Sys 0 00:00:00  -  Total Local Usage
	0  -  Run Bytes Sent By Job
	0  -  Run Bytes Received By Job
	0  -  Total Bytes Sent By Job
	0  -  Total Bytes Received By Job
	Partitionable Resources :    Usage  Request Allocated 
	   Cpus                 :     0.90        1         1 
	   Disk (KB)            :     1     3584000   3950929 
	   Memory (MB)          :   230        4096      4096 

	Job terminated of its own accord at 2021-01-08T08:14:22Z.
...
006 (13926296.002.000) 2021-01-08 09:14:24 Image size of job updated: 12750240
	191  -  MemoryUsage of job (MB)
	194664  -  ResidentSetSize of job (KB)
...
005 (13926296.002.000) 2021-01-08 09:14:24 Job terminated.
	(1) Normal termination (return value 0)
		Usr 0 00:04:02, Sys 0 00:00:19  -  Run Remote Usage
		Usr 0 00:00:00, Sys 0 00:00:00  -  Run Local Usage
		Usr 0 00:04:02, Sys 0 00:00:19  -  Total Remote Usage
		Usr 0 00:00:00, Sys 0 00:00:00  -  Total Local Usage
	0  -  Run Bytes Sent By Job
	0  -  Run Bytes Received By Job
	0  -  Total Bytes Sent By Job
	0  -  Total Bytes Received By Job
	Partitionable Resources :    Usage  Request Allocated 
	   Cpus                 :     0.89        1         1 
	   Disk (KB)            :     1     3584000   4791518 
	   Memory (MB)          :   191        4096      4096 

	Job terminated of its own accord at 2021-01-08T08:14:24Z.
...
005 (13926296.017.000) 2021-01-08 09:14:25 Job terminated.
	(1) Normal termination (return value 0)
		Usr 0 00:03:49, Sys 0 00:00:16  -  Run Remote Usage
		Usr 0 00:00:00, Sys 0 00:00:00  -  Run Local Usage
		Usr 0 00:03:49, Sys 0 00:00:16  -  Total Remote Usage
		Usr 0 00:00:00, Sys 0 00:00:00  -  Total Local Usage
	0  -  Run Bytes Sent By Job
	0  -  Run Bytes Received By Job
	0  -  Total Bytes Sent By Job
	0  -  Total Bytes Received By Job
	Partitionable Resources :    Usage  Request Allocated 
	   Cpus                 :     0.11        1         1 
	   Disk (KB)            :     1     3584000   4784657 
	   Memory (MB)          :   350        4096      4096 

	Job terminated of its own accord at 2021-01-08T08:14:25Z.
...
006 (13926296.010.000) 2021-01-08 09:14:26 Image size of job updated: 4296404
	358  -  MemoryUsage of job (MB)
	365824  -  ResidentSetSize of job (KB)
...
005 (13926296.010.000) 2021-01-08 09:14:26 Job terminated.
	(1) Normal termination (return value 0)
		Usr 0 00:03:50, Sys 0 00:00:14  -  Run Remote Usage
		Usr 0 00:00:00, Sys 0 00:00:00  -  Run Local Usage
		Usr 0 00:03:50, Sys 0 00:00:14  -  Total Remote Usage
		Usr 0 00:00:00, Sys 0 00:00:00  -  Total Local Usage
	0  -  Run Bytes Sent By Job
	0  -  Run Bytes Received By Job
	0  -  Total Bytes Sent By Job
	0  -  Total Bytes Received By Job
	Partitionable Resources :    Usage  Request Allocated 
	   Cpus                 :     0.51        1         1 
	   Disk (KB)            :     1     3584000   4784657 
	   Memory (MB)          :   358        4096      4096 

	Job terminated of its own accord at 2021-01-08T08:14:26Z.
...
006 (13926296.018.000) 2021-01-08 09:14:27 Image size of job updated: 223616
	199  -  MemoryUsage of job (MB)
	203468  -  ResidentSetSize of job (KB)
...
005 (13926296.012.000) 2021-01-08 09:14:27 Job terminated.
	(1) Normal termination (return value 0)
		Usr 0 00:04:00, Sys 0 00:00:21  -  Run Remote Usage
		Usr 0 00:00:00, Sys 0 00:00:00  -  Run Local Usage
		Usr 0 00:04:00, Sys 0 00:00:21  -  Total Remote Usage
		Usr 0 00:00:00, Sys 0 00:00:00  -  Total Local Usage
	0  -  Run Bytes Sent By Job
	0  -  Run Bytes Received By Job
	0  -  Total Bytes Sent By Job
	0  -  Total Bytes Received By Job
	Partitionable Resources :    Usage  Request Allocated 
	   Cpus                 :     0.89        1         1 
	   Disk (KB)            :     1     3584000   4535475 
	   Memory (MB)          :   204        4096      4096 

	Job terminated of its own accord at 2021-01-08T08:14:27Z.
...
005 (13926296.004.000) 2021-01-08 09:14:27 Job terminated.
	(1) Normal termination (return value 0)
		Usr 0 00:04:00, Sys 0 00:00:19  -  Run Remote Usage
		Usr 0 00:00:00, Sys 0 00:00:00  -  Run Local Usage
		Usr 0 00:04:00, Sys 0 00:00:19  -  Total Remote Usage
		Usr 0 00:00:00, Sys 0 00:00:00  -  Total Local Usage
	0  -  Run Bytes Sent By Job
	0  -  Run Bytes Received By Job
	0  -  Total Bytes Sent By Job
	0  -  Total Bytes Received By Job
	Partitionable Resources :    Usage  Request Allocated 
	   Cpus                 :     0.88        1         1 
	   Disk (KB)            :     1     3584000   4535475 
	   Memory (MB)          :   201        4096      4096 

	Job terminated of its own accord at 2021-01-08T08:14:27Z.
...
005 (13926296.018.000) 2021-01-08 09:14:27 Job terminated.
	(1) Normal termination (return value 0)
		Usr 0 00:03:59, Sys 0 00:00:21  -  Run Remote Usage
		Usr 0 00:00:00, Sys 0 00:00:00  -  Run Local Usage
		Usr 0 00:03:59, Sys 0 00:00:21  -  Total Remote Usage
		Usr 0 00:00:00, Sys 0 00:00:00  -  Total Local Usage
	0  -  Run Bytes Sent By Job
	0  -  Run Bytes Received By Job
	0  -  Total Bytes Sent By Job
	0  -  Total Bytes Received By Job
	Partitionable Resources :    Usage  Request Allocated 
	   Cpus                 :     0.88        1         1 
	   Disk (KB)            :     1     3584000   4535475 
	   Memory (MB)          :   199        4096      4096 

	Job terminated of its own accord at 2021-01-08T08:14:27Z.
...
006 (13926296.000.000) 2021-01-08 09:14:27 Image size of job updated: 11194788
	257  -  MemoryUsage of job (MB)
	262672  -  ResidentSetSize of job (KB)
...
005 (13926296.000.000) 2021-01-08 09:14:27 Job terminated.
	(1) Normal termination (return value 0)
		Usr 0 00:04:04, Sys 0 00:00:16  -  Run Remote Usage
		Usr 0 00:00:00, Sys 0 00:00:00  -  Run Local Usage
		Usr 0 00:04:04, Sys 0 00:00:16  -  Total Remote Usage
		Usr 0 00:00:00, Sys 0 00:00:00  -  Total Local Usage
	0  -  Run Bytes Sent By Job
	0  -  Run Bytes Received By Job
	0  -  Total Bytes Sent By Job
	0  -  Total Bytes Received By Job
	Partitionable Resources :    Usage  Request Allocated 
	   Cpus                 :     0.93        1         1 
	   Disk (KB)            :     1     3584000   4518238 
	   Memory (MB)          :   257        4096      4096 

	Job terminated of its own accord at 2021-01-08T08:14:27Z.
...
006 (13926296.007.000) 2021-01-08 09:14:37 Image size of job updated: 11138812
	205  -  MemoryUsage of job (MB)
	209784  -  ResidentSetSize of job (KB)
...
005 (13926296.007.000) 2021-01-08 09:14:37 Job terminated.
	(1) Normal termination (return value 0)
		Usr 0 00:04:01, Sys 0 00:00:18  -  Run Remote Usage
		Usr 0 00:00:00, Sys 0 00:00:00  -  Run Local Usage
		Usr 0 00:04:01, Sys 0 00:00:18  -  Total Remote Usage
		Usr 0 00:00:00, Sys 0 00:00:00  -  Total Local Usage
	0  -  Run Bytes Sent By Job
	0  -  Run Bytes Received By Job
	0  -  Total Bytes Sent By Job
	0  -  Total Bytes Received By Job
	Partitionable Resources :    Usage  Request Allocated 
	   Cpus                 :     0.85        1         1 
	   Disk (KB)            :     1     3584000   3977278 
	   Memory (MB)          :   205        4096      4096 

	Job terminated of its own accord at 2021-01-08T08:14:37Z.
...
006 (13926296.001.000) 2021-01-08 09:14:39 Image size of job updated: 11122580
	182  -  MemoryUsage of job (MB)
	185448  -  ResidentSetSize of job (KB)
...
005 (13926296.001.000) 2021-01-08 09:14:39 Job terminated.
	(1) Normal termination (return value 0)
		Usr 0 00:04:01, Sys 0 00:00:19  -  Run Remote Usage
		Usr 0 00:00:00, Sys 0 00:00:00  -  Run Local Usage
		Usr 0 00:04:01, Sys 0 00:00:19  -  Total Remote Usage
		Usr 0 00:00:00, Sys 0 00:00:00  -  Total Local Usage
	0  -  Run Bytes Sent By Job
	0  -  Run Bytes Received By Job
	0  -  Total Bytes Sent By Job
	0  -  Total Bytes Received By Job
	Partitionable Resources :    Usage  Request Allocated 
	   Cpus                 :     0.91        1         1 
	   Disk (KB)            :     1     3584000   4785202 
	   Memory (MB)          :   182        4096      4096 

	Job terminated of its own accord at 2021-01-08T08:14:39Z.
...
006 (13926296.006.000) 2021-01-08 09:14:39 Image size of job updated: 10585328
	7913  -  MemoryUsage of job (MB)
	8102884  -  ResidentSetSize of job (KB)
...
006 (13926296.014.000) 2021-01-08 09:14:42 Image size of job updated: 11195504
	5139  -  MemoryUsage of job (MB)
	5262040  -  ResidentSetSize of job (KB)
...
006 (13926296.014.000) 2021-01-08 09:14:47 Image size of job updated: 11217504
	5139  -  MemoryUsage of job (MB)
	5262124  -  ResidentSetSize of job (KB)
...
005 (13926296.014.000) 2021-01-08 09:14:47 Job terminated.
	(1) Normal termination (return value 0)
		Usr 0 00:04:06, Sys 0 00:00:21  -  Run Remote Usage
		Usr 0 00:00:00, Sys 0 00:00:00  -  Run Local Usage
		Usr 0 00:04:06, Sys 0 00:00:21  -  Total Remote Usage
		Usr 0 00:00:00, Sys 0 00:00:00  -  Total Local Usage
	0  -  Run Bytes Sent By Job
	0  -  Run Bytes Received By Job
	0  -  Total Bytes Sent By Job
	0  -  Total Bytes Received By Job
	Partitionable Resources :    Usage  Request Allocated 
	   Cpus                 :     0.87        1         1 
	   Disk (KB)            :     1     3584000   4421070 
	   Memory (MB)          :  5139        4096      4096 

	Job terminated of its own accord at 2021-01-08T08:14:47Z.
...
006 (13926296.022.000) 2021-01-08 09:14:53 Image size of job updated: 11086584
	302  -  MemoryUsage of job (MB)
	308660  -  ResidentSetSize of job (KB)
...
005 (13926296.022.000) 2021-01-08 09:14:53 Job terminated.
	(1) Normal termination (return value 0)
		Usr 0 00:03:57, Sys 0 00:00:20  -  Run Remote Usage
		Usr 0 00:00:00, Sys 0 00:00:00  -  Run Local Usage
		Usr 0 00:03:57, Sys 0 00:00:20  -  Total Remote Usage
		Usr 0 00:00:00, Sys 0 00:00:00  -  Total Local Usage
	0  -  Run Bytes Sent By Job
	0  -  Run Bytes Received By Job
	0  -  Total Bytes Sent By Job
	0  -  Total Bytes Received By Job
	Partitionable Resources :    Usage  Request Allocated 
	   Cpus                 :     0.93        1         1 
	   Disk (KB)            :     1     3584000   4534192 
	   Memory (MB)          :   302        4096      4096 

	Job terminated of its own accord at 2021-01-08T08:14:53Z.
...
006 (13926296.021.000) 2021-01-08 09:14:59 Image size of job updated: 11163068
	119  -  MemoryUsage of job (MB)
	121196  -  ResidentSetSize of job (KB)
...
005 (13926296.021.000) 2021-01-08 09:14:59 Job terminated.
	(1) Normal termination (return value 0)
		Usr 0 00:04:02, Sys 0 00:00:17  -  Run Remote Usage
		Usr 0 00:00:00, Sys 0 00:00:00  -  Run Local Usage
		Usr 0 00:04:02, Sys 0 00:00:17  -  Total Remote Usage
		Usr 0 00:00:00, Sys 0 00:00:00  -  Total Local Usage
	0  -  Run Bytes Sent By Job
	0  -  Run Bytes Received By Job
	0  -  Total Bytes Sent By Job
	0  -  Total Bytes Received By Job
	Partitionable Resources :    Usage  Request Allocated 
	   Cpus                 :     0.92        1         1 
	   Disk (KB)            :     1     3584000   4784475 
	   Memory (MB)          :   119        4096      4096 

	Job terminated of its own accord at 2021-01-08T08:14:59Z.
...
006 (13926296.006.000) 2021-01-08 09:15:08 Image size of job updated: 10585328
	7914  -  MemoryUsage of job (MB)
	8102944  -  ResidentSetSize of job (KB)
...
005 (13926296.006.000) 2021-01-08 09:15:08 Job terminated.
	(1) Normal termination (return value 0)
		Usr 0 00:04:16, Sys 0 00:00:19  -  Run Remote Usage
		Usr 0 00:00:00, Sys 0 00:00:00  -  Run Local Usage
		Usr 0 00:04:16, Sys 0 00:00:19  -  Total Remote Usage
		Usr 0 00:00:00, Sys 0 00:00:00  -  Total Local Usage
	0  -  Run Bytes Sent By Job
	0  -  Run Bytes Received By Job
	0  -  Total Bytes Sent By Job
	0  -  Total Bytes Received By Job
	Partitionable Resources :    Usage  Request Allocated 
	   Cpus                 :     0.08        1         1 
	   Disk (KB)            :     1     3584000   4291318 
	   Memory (MB)          :  7914        4096      4096 

	Job terminated of its own accord at 2021-01-08T08:15:08Z.
...
006 (13926296.019.000) 2021-01-08 09:15:09 Image size of job updated: 12752256
	174  -  MemoryUsage of job (MB)
	177848  -  ResidentSetSize of job (KB)
...
005 (13926296.019.000) 2021-01-08 09:15:09 Job terminated.
	(1) Normal termination (return value 0)
		Usr 0 00:04:06, Sys 0 00:00:18  -  Run Remote Usage
		Usr 0 00:00:00, Sys 0 00:00:00  -  Run Local Usage
		Usr 0 00:04:06, Sys 0 00:00:18  -  Total Remote Usage
		Usr 0 00:00:00, Sys 0 00:00:00  -  Total Local Usage
	0  -  Run Bytes Sent By Job
	0  -  Run Bytes Received By Job
	0  -  Total Bytes Sent By Job
	0  -  Total Bytes Received By Job
	Partitionable Resources :    Usage  Request Allocated 
	   Cpus                 :     0.91        1         1 
	   Disk (KB)            :     1     3584000   3848686 
	   Memory (MB)          :   174        4096      4096 

	Job terminated of its own accord at 2021-01-08T08:15:09Z.
...
006 (13926296.020.000) 2021-01-08 09:15:19 Image size of job updated: 10543904
	6861  -  MemoryUsage of job (MB)
	7025496  -  ResidentSetSize of job (KB)
...
006 (13926296.023.000) 2021-01-08 09:15:20 Image size of job updated: 9840512
	3642  -  MemoryUsage of job (MB)
	3728892  -  ResidentSetSize of job (KB)
...
006 (13926296.024.000) 2021-01-08 09:15:21 Image size of job updated: 9563572
	4455  -  MemoryUsage of job (MB)
	4561844  -  ResidentSetSize of job (KB)
...
006 (13926296.023.000) 2021-01-08 09:16:30 Image size of job updated: 11178028
	3642  -  MemoryUsage of job (MB)
	3728892  -  ResidentSetSize of job (KB)
...
005 (13926296.023.000) 2021-01-08 09:16:31 Job terminated.
	(1) Normal termination (return value 0)
		Usr 0 00:04:42, Sys 0 00:00:16  -  Run Remote Usage
		Usr 0 00:00:00, Sys 0 00:00:00  -  Run Local Usage
		Usr 0 00:04:42, Sys 0 00:00:16  -  Total Remote Usage
		Usr 0 00:00:00, Sys 0 00:00:00  -  Total Local Usage
	0  -  Run Bytes Sent By Job
	0  -  Run Bytes Received By Job
	0  -  Total Bytes Sent By Job
	0  -  Total Bytes Received By Job
	Partitionable Resources :    Usage  Request Allocated 
	   Cpus                 :     0.60        1         1 
	   Disk (KB)            :     1     3584000   3701115 
	   Memory (MB)          :  3642        4096      4096 

	Job terminated of its own accord at 2021-01-08T08:16:30Z.
...
006 (13926296.024.000) 2021-01-08 09:17:09 Image size of job updated: 11198144
	4455  -  MemoryUsage of job (MB)
	4561844  -  ResidentSetSize of job (KB)
...
005 (13926296.024.000) 2021-01-08 09:17:09 Job terminated.
	(1) Normal termination (return value 0)
		Usr 0 00:04:40, Sys 0 00:00:23  -  Run Remote Usage
		Usr 0 00:00:00, Sys 0 00:00:00  -  Run Local Usage
		Usr 0 00:04:40, Sys 0 00:00:23  -  Total Remote Usage
		Usr 0 00:00:00, Sys 0 00:00:00  -  Total Local Usage
	0  -  Run Bytes Sent By Job
	0  -  Run Bytes Received By Job
	0  -  Total Bytes Sent By Job
	0  -  Total Bytes Received By Job
	Partitionable Resources :    Usage  Request Allocated 
	   Cpus                 :     0.62        1         1 
	   Disk (KB)            :     1     3584000   3775798 
	   Memory (MB)          :  4455        4096      4096 

	Job terminated of its own accord at 2021-01-08T08:17:09Z.
...
006 (13926296.020.000) 2021-01-08 09:18:39 Image size of job updated: 11145852
	6861  -  MemoryUsage of job (MB)
	7025536  -  ResidentSetSize of job (KB)
...
005 (13926296.020.000) 2021-01-08 09:18:39 Job terminated.
	(1) Normal termination (return value 0)
		Usr 0 00:04:09, Sys 0 00:00:21  -  Run Remote Usage
		Usr 0 00:00:00, Sys 0 00:00:00  -  Run Local Usage
		Usr 0 00:04:09, Sys 0 00:00:21  -  Total Remote Usage
		Usr 0 00:00:00, Sys 0 00:00:00  -  Total Local Usage
	0  -  Run Bytes Sent By Job
	0  -  Run Bytes Received By Job
	0  -  Total Bytes Sent By Job
	0  -  Total Bytes Received By Job
	Partitionable Resources :    Usage  Request Allocated 
	   Cpus                 :     0.35        1         1 
	   Disk (KB)            :     1     3584000   4323100 
	   Memory (MB)          :  6861        4096      4096 

	Job terminated of its own accord at 2021-01-08T08:18:39Z.
...
