000 (13926298.000.000) 2021-01-08 09:09:09 Job submitted from host: <131.169.223.42:9618?addrs=131.169.223.42-9618+[2001-638-700-10df--1-2a]-9618&alias=bird-htc-sched14.desy.de&noUDP&sock=schedd_1936_8371_3>
...
000 (13926298.001.000) 2021-01-08 09:09:09 Job submitted from host: <131.169.223.42:9618?addrs=131.169.223.42-9618+[2001-638-700-10df--1-2a]-9618&alias=bird-htc-sched14.desy.de&noUDP&sock=schedd_1936_8371_3>
...
000 (13926298.002.000) 2021-01-08 09:09:09 Job submitted from host: <131.169.223.42:9618?addrs=131.169.223.42-9618+[2001-638-700-10df--1-2a]-9618&alias=bird-htc-sched14.desy.de&noUDP&sock=schedd_1936_8371_3>
...
000 (13926298.003.000) 2021-01-08 09:09:09 Job submitted from host: <131.169.223.42:9618?addrs=131.169.223.42-9618+[2001-638-700-10df--1-2a]-9618&alias=bird-htc-sched14.desy.de&noUDP&sock=schedd_1936_8371_3>
...
000 (13926298.004.000) 2021-01-08 09:09:09 Job submitted from host: <131.169.223.42:9618?addrs=131.169.223.42-9618+[2001-638-700-10df--1-2a]-9618&alias=bird-htc-sched14.desy.de&noUDP&sock=schedd_1936_8371_3>
...
000 (13926298.005.000) 2021-01-08 09:09:09 Job submitted from host: <131.169.223.42:9618?addrs=131.169.223.42-9618+[2001-638-700-10df--1-2a]-9618&alias=bird-htc-sched14.desy.de&noUDP&sock=schedd_1936_8371_3>
...
000 (13926298.006.000) 2021-01-08 09:09:09 Job submitted from host: <131.169.223.42:9618?addrs=131.169.223.42-9618+[2001-638-700-10df--1-2a]-9618&alias=bird-htc-sched14.desy.de&noUDP&sock=schedd_1936_8371_3>
...
000 (13926298.007.000) 2021-01-08 09:09:09 Job submitted from host: <131.169.223.42:9618?addrs=131.169.223.42-9618+[2001-638-700-10df--1-2a]-9618&alias=bird-htc-sched14.desy.de&noUDP&sock=schedd_1936_8371_3>
...
000 (13926298.008.000) 2021-01-08 09:09:09 Job submitted from host: <131.169.223.42:9618?addrs=131.169.223.42-9618+[2001-638-700-10df--1-2a]-9618&alias=bird-htc-sched14.desy.de&noUDP&sock=schedd_1936_8371_3>
...
000 (13926298.009.000) 2021-01-08 09:09:09 Job submitted from host: <131.169.223.42:9618?addrs=131.169.223.42-9618+[2001-638-700-10df--1-2a]-9618&alias=bird-htc-sched14.desy.de&noUDP&sock=schedd_1936_8371_3>
...
000 (13926298.010.000) 2021-01-08 09:09:09 Job submitted from host: <131.169.223.42:9618?addrs=131.169.223.42-9618+[2001-638-700-10df--1-2a]-9618&alias=bird-htc-sched14.desy.de&noUDP&sock=schedd_1936_8371_3>
...
000 (13926298.011.000) 2021-01-08 09:09:09 Job submitted from host: <131.169.223.42:9618?addrs=131.169.223.42-9618+[2001-638-700-10df--1-2a]-9618&alias=bird-htc-sched14.desy.de&noUDP&sock=schedd_1936_8371_3>
...
000 (13926298.012.000) 2021-01-08 09:09:09 Job submitted from host: <131.169.223.42:9618?addrs=131.169.223.42-9618+[2001-638-700-10df--1-2a]-9618&alias=bird-htc-sched14.desy.de&noUDP&sock=schedd_1936_8371_3>
...
000 (13926298.013.000) 2021-01-08 09:09:09 Job submitted from host: <131.169.223.42:9618?addrs=131.169.223.42-9618+[2001-638-700-10df--1-2a]-9618&alias=bird-htc-sched14.desy.de&noUDP&sock=schedd_1936_8371_3>
...
000 (13926298.014.000) 2021-01-08 09:09:09 Job submitted from host: <131.169.223.42:9618?addrs=131.169.223.42-9618+[2001-638-700-10df--1-2a]-9618&alias=bird-htc-sched14.desy.de&noUDP&sock=schedd_1936_8371_3>
...
000 (13926298.015.000) 2021-01-08 09:09:09 Job submitted from host: <131.169.223.42:9618?addrs=131.169.223.42-9618+[2001-638-700-10df--1-2a]-9618&alias=bird-htc-sched14.desy.de&noUDP&sock=schedd_1936_8371_3>
...
000 (13926298.016.000) 2021-01-08 09:09:09 Job submitted from host: <131.169.223.42:9618?addrs=131.169.223.42-9618+[2001-638-700-10df--1-2a]-9618&alias=bird-htc-sched14.desy.de&noUDP&sock=schedd_1936_8371_3>
...
000 (13926298.017.000) 2021-01-08 09:09:09 Job submitted from host: <131.169.223.42:9618?addrs=131.169.223.42-9618+[2001-638-700-10df--1-2a]-9618&alias=bird-htc-sched14.desy.de&noUDP&sock=schedd_1936_8371_3>
...
000 (13926298.018.000) 2021-01-08 09:09:09 Job submitted from host: <131.169.223.42:9618?addrs=131.169.223.42-9618+[2001-638-700-10df--1-2a]-9618&alias=bird-htc-sched14.desy.de&noUDP&sock=schedd_1936_8371_3>
...
000 (13926298.019.000) 2021-01-08 09:09:09 Job submitted from host: <131.169.223.42:9618?addrs=131.169.223.42-9618+[2001-638-700-10df--1-2a]-9618&alias=bird-htc-sched14.desy.de&noUDP&sock=schedd_1936_8371_3>
...
000 (13926298.020.000) 2021-01-08 09:09:09 Job submitted from host: <131.169.223.42:9618?addrs=131.169.223.42-9618+[2001-638-700-10df--1-2a]-9618&alias=bird-htc-sched14.desy.de&noUDP&sock=schedd_1936_8371_3>
...
000 (13926298.021.000) 2021-01-08 09:09:09 Job submitted from host: <131.169.223.42:9618?addrs=131.169.223.42-9618+[2001-638-700-10df--1-2a]-9618&alias=bird-htc-sched14.desy.de&noUDP&sock=schedd_1936_8371_3>
...
000 (13926298.022.000) 2021-01-08 09:09:09 Job submitted from host: <131.169.223.42:9618?addrs=131.169.223.42-9618+[2001-638-700-10df--1-2a]-9618&alias=bird-htc-sched14.desy.de&noUDP&sock=schedd_1936_8371_3>
...
000 (13926298.023.000) 2021-01-08 09:09:09 Job submitted from host: <131.169.223.42:9618?addrs=131.169.223.42-9618+[2001-638-700-10df--1-2a]-9618&alias=bird-htc-sched14.desy.de&noUDP&sock=schedd_1936_8371_3>
...
000 (13926298.024.000) 2021-01-08 09:09:09 Job submitted from host: <131.169.223.42:9618?addrs=131.169.223.42-9618+[2001-638-700-10df--1-2a]-9618&alias=bird-htc-sched14.desy.de&noUDP&sock=schedd_1936_8371_3>
...
001 (13926298.003.000) 2021-01-08 09:10:11 Job executing on host: <131.169.164.33:40802?addrs=131.169.164.33-40802&alias=bird833.desy.de>
...
001 (13926298.014.000) 2021-01-08 09:10:11 Job executing on host: <131.169.163.112:37315?addrs=131.169.163.112-37315&alias=bird673.desy.de>
...
001 (13926298.005.000) 2021-01-08 09:10:11 Job executing on host: <131.169.77.219:33001?addrs=131.169.77.219-33001&alias=bird773.desy.de>
...
001 (13926298.017.000) 2021-01-08 09:10:11 Job executing on host: <131.169.77.227:38205?addrs=131.169.77.227-38205&alias=bird781.desy.de>
...
001 (13926298.021.000) 2021-01-08 09:10:11 Job executing on host: <131.169.163.128:42061?addrs=131.169.163.128-42061&alias=bird689.desy.de>
...
001 (13926298.024.000) 2021-01-08 09:10:11 Job executing on host: <131.169.77.221:40635?addrs=131.169.77.221-40635&alias=bird775.desy.de>
...
001 (13926298.020.000) 2021-01-08 09:10:11 Job executing on host: <131.169.164.37:37007?addrs=131.169.164.37-37007&alias=bird837.desy.de>
...
001 (13926298.022.000) 2021-01-08 09:10:11 Job executing on host: <131.169.164.52:46565?addrs=131.169.164.52-46565&alias=bird852.desy.de>
...
001 (13926298.023.000) 2021-01-08 09:10:11 Job executing on host: <131.169.77.220:37989?addrs=131.169.77.220-37989&alias=bird774.desy.de>
...
001 (13926298.008.000) 2021-01-08 09:10:12 Job executing on host: <131.169.164.38:39717?addrs=131.169.164.38-39717&alias=bird838.desy.de>
...
001 (13926298.009.000) 2021-01-08 09:10:12 Job executing on host: <131.169.163.134:45533?addrs=131.169.163.134-45533&alias=bird695.desy.de>
...
001 (13926298.006.000) 2021-01-08 09:10:12 Job executing on host: <131.169.77.222:33616?addrs=131.169.77.222-33616&alias=bird776.desy.de>
...
001 (13926298.013.000) 2021-01-08 09:10:12 Job executing on host: <131.169.164.30:35520?addrs=131.169.164.30-35520&alias=bird830.desy.de>
...
001 (13926298.000.000) 2021-01-08 09:10:12 Job executing on host: <131.169.164.44:43391?addrs=131.169.164.44-43391&alias=bird844.desy.de>
...
001 (13926298.015.000) 2021-01-08 09:10:12 Job executing on host: <131.169.164.40:41247?addrs=131.169.164.40-41247&alias=bird840.desy.de>
...
001 (13926298.016.000) 2021-01-08 09:10:12 Job executing on host: <131.169.164.28:42397?addrs=131.169.164.28-42397&alias=bird828.desy.de>
...
001 (13926298.018.000) 2021-01-08 09:10:12 Job executing on host: <131.169.77.217:45599?addrs=131.169.77.217-45599&alias=bird771.desy.de>
...
001 (13926298.019.000) 2021-01-08 09:10:12 Job executing on host: <131.169.77.223:32930?addrs=131.169.77.223-32930&alias=bird777.desy.de>
...
001 (13926298.001.000) 2021-01-08 09:10:12 Job executing on host: <131.169.77.214:33629?addrs=131.169.77.214-33629&alias=bird768.desy.de>
...
001 (13926298.011.000) 2021-01-08 09:10:12 Job executing on host: <131.169.160.163:41671?addrs=131.169.160.163-41671&alias=batch1063.desy.de>
...
001 (13926298.004.000) 2021-01-08 09:10:12 Job executing on host: <131.169.160.114:38877?addrs=131.169.160.114-38877&alias=batch1075.desy.de>
...
001 (13926298.007.000) 2021-01-08 09:10:12 Job executing on host: <131.169.164.34:39230?addrs=131.169.164.34-39230&alias=bird834.desy.de>
...
001 (13926298.002.000) 2021-01-08 09:10:12 Job executing on host: <131.169.164.41:42677?addrs=131.169.164.41-42677&alias=bird841.desy.de>
...
001 (13926298.012.000) 2021-01-08 09:10:12 Job executing on host: <131.169.162.170:35564?addrs=131.169.162.170-35564&alias=batch1170.desy.de>
...
001 (13926298.010.000) 2021-01-08 09:10:12 Job executing on host: <131.169.160.166:41105?addrs=131.169.160.166-41105&alias=batch1066.desy.de>
...
006 (13926298.003.000) 2021-01-08 09:10:19 Image size of job updated: 429492
	338  -  MemoryUsage of job (MB)
	346068  -  ResidentSetSize of job (KB)
...
006 (13926298.014.000) 2021-01-08 09:10:19 Image size of job updated: 284164
	232  -  MemoryUsage of job (MB)
	237064  -  ResidentSetSize of job (KB)
...
006 (13926298.005.000) 2021-01-08 09:10:19 Image size of job updated: 80
	1  -  MemoryUsage of job (MB)
	80  -  ResidentSetSize of job (KB)
...
006 (13926298.021.000) 2021-01-08 09:10:19 Image size of job updated: 404032
	363  -  MemoryUsage of job (MB)
	371320  -  ResidentSetSize of job (KB)
...
006 (13926298.017.000) 2021-01-08 09:10:19 Image size of job updated: 377692
	353  -  MemoryUsage of job (MB)
	361232  -  ResidentSetSize of job (KB)
...
006 (13926298.008.000) 2021-01-08 09:10:20 Image size of job updated: 243580
	153  -  MemoryUsage of job (MB)
	156228  -  ResidentSetSize of job (KB)
...
006 (13926298.009.000) 2021-01-08 09:10:20 Image size of job updated: 253036
	196  -  MemoryUsage of job (MB)
	199916  -  ResidentSetSize of job (KB)
...
006 (13926298.013.000) 2021-01-08 09:10:20 Image size of job updated: 306100
	266  -  MemoryUsage of job (MB)
	272156  -  ResidentSetSize of job (KB)
...
006 (13926298.006.000) 2021-01-08 09:10:20 Image size of job updated: 72
	1  -  MemoryUsage of job (MB)
	72  -  ResidentSetSize of job (KB)
...
006 (13926298.000.000) 2021-01-08 09:10:20 Image size of job updated: 389888
	300  -  MemoryUsage of job (MB)
	306732  -  ResidentSetSize of job (KB)
...
006 (13926298.015.000) 2021-01-08 09:10:20 Image size of job updated: 285940
	228  -  MemoryUsage of job (MB)
	233036  -  ResidentSetSize of job (KB)
...
006 (13926298.016.000) 2021-01-08 09:10:20 Image size of job updated: 72
	1  -  MemoryUsage of job (MB)
	72  -  ResidentSetSize of job (KB)
...
006 (13926298.024.000) 2021-01-08 09:10:20 Image size of job updated: 259552
	209  -  MemoryUsage of job (MB)
	213484  -  ResidentSetSize of job (KB)
...
006 (13926298.020.000) 2021-01-08 09:10:20 Image size of job updated: 325912
	285  -  MemoryUsage of job (MB)
	290892  -  ResidentSetSize of job (KB)
...
006 (13926298.022.000) 2021-01-08 09:10:20 Image size of job updated: 296284
	256  -  MemoryUsage of job (MB)
	261756  -  ResidentSetSize of job (KB)
...
006 (13926298.023.000) 2021-01-08 09:10:20 Image size of job updated: 496212
	432  -  MemoryUsage of job (MB)
	442352  -  ResidentSetSize of job (KB)
...
006 (13926298.018.000) 2021-01-08 09:10:21 Image size of job updated: 505252
	433  -  MemoryUsage of job (MB)
	443228  -  ResidentSetSize of job (KB)
...
006 (13926298.001.000) 2021-01-08 09:10:21 Image size of job updated: 297440
	206  -  MemoryUsage of job (MB)
	210116  -  ResidentSetSize of job (KB)
...
006 (13926298.019.000) 2021-01-08 09:10:21 Image size of job updated: 208008
	193  -  MemoryUsage of job (MB)
	197224  -  ResidentSetSize of job (KB)
...
006 (13926298.011.000) 2021-01-08 09:10:21 Image size of job updated: 441840
	349  -  MemoryUsage of job (MB)
	357192  -  ResidentSetSize of job (KB)
...
006 (13926298.002.000) 2021-01-08 09:10:21 Image size of job updated: 351728
	259  -  MemoryUsage of job (MB)
	264432  -  ResidentSetSize of job (KB)
...
006 (13926298.007.000) 2021-01-08 09:10:21 Image size of job updated: 363080
	270  -  MemoryUsage of job (MB)
	275736  -  ResidentSetSize of job (KB)
...
006 (13926298.004.000) 2021-01-08 09:10:21 Image size of job updated: 387828
	298  -  MemoryUsage of job (MB)
	304832  -  ResidentSetSize of job (KB)
...
006 (13926298.012.000) 2021-01-08 09:10:21 Image size of job updated: 468228
	372  -  MemoryUsage of job (MB)
	380900  -  ResidentSetSize of job (KB)
...
006 (13926298.010.000) 2021-01-08 09:10:21 Image size of job updated: 371796
	322  -  MemoryUsage of job (MB)
	328828  -  ResidentSetSize of job (KB)
...
006 (13926298.012.000) 2021-01-08 09:13:28 Image size of job updated: 11193860
	372  -  MemoryUsage of job (MB)
	380920  -  ResidentSetSize of job (KB)
...
005 (13926298.012.000) 2021-01-08 09:13:28 Job terminated.
	(1) Normal termination (return value 0)
		Usr 0 00:02:50, Sys 0 00:00:07  -  Run Remote Usage
		Usr 0 00:00:00, Sys 0 00:00:00  -  Run Local Usage
		Usr 0 00:02:50, Sys 0 00:00:07  -  Total Remote Usage
		Usr 0 00:00:00, Sys 0 00:00:00  -  Total Local Usage
	0  -  Run Bytes Sent By Job
	0  -  Run Bytes Received By Job
	0  -  Total Bytes Sent By Job
	0  -  Total Bytes Received By Job
	Partitionable Resources :    Usage  Request Allocated 
	   Cpus                 :     0.92        1         1 
	   Disk (KB)            :     1     3584000   4409719 
	   Memory (MB)          :   372        4096      4096 

	Job terminated of its own accord at 2021-01-08T08:13:28Z.
...
006 (13926298.001.000) 2021-01-08 09:14:41 Image size of job updated: 11273836
	206  -  MemoryUsage of job (MB)
	210116  -  ResidentSetSize of job (KB)
...
005 (13926298.001.000) 2021-01-08 09:14:41 Job terminated.
	(1) Normal termination (return value 0)
		Usr 0 00:03:56, Sys 0 00:00:11  -  Run Remote Usage
		Usr 0 00:00:00, Sys 0 00:00:00  -  Run Local Usage
		Usr 0 00:03:56, Sys 0 00:00:11  -  Total Remote Usage
		Usr 0 00:00:00, Sys 0 00:00:00  -  Total Local Usage
	0  -  Run Bytes Sent By Job
	0  -  Run Bytes Received By Job
	0  -  Total Bytes Sent By Job
	0  -  Total Bytes Received By Job
	Partitionable Resources :    Usage  Request Allocated 
	   Cpus                 :     0.94        1         1 
	   Disk (KB)            :     1     3584000   4786254 
	   Memory (MB)          :   206        4096      4096 

	Job terminated of its own accord at 2021-01-08T08:14:41Z.
...
006 (13926298.002.000) 2021-01-08 09:14:44 Image size of job updated: 11190092
	259  -  MemoryUsage of job (MB)
	264468  -  ResidentSetSize of job (KB)
...
005 (13926298.002.000) 2021-01-08 09:14:44 Job terminated.
	(1) Normal termination (return value 0)
		Usr 0 00:03:57, Sys 0 00:00:11  -  Run Remote Usage
		Usr 0 00:00:00, Sys 0 00:00:00  -  Run Local Usage
		Usr 0 00:03:57, Sys 0 00:00:11  -  Total Remote Usage
		Usr 0 00:00:00, Sys 0 00:00:00  -  Total Local Usage
	0  -  Run Bytes Sent By Job
	0  -  Run Bytes Received By Job
	0  -  Total Bytes Sent By Job
	0  -  Total Bytes Received By Job
	Partitionable Resources :    Usage  Request Allocated 
	   Cpus                 :     0.94        1         1 
	   Disk (KB)            :     1     3584000   4541935 
	   Memory (MB)          :   259        4096      4096 

	Job terminated of its own accord at 2021-01-08T08:14:44Z.
...
006 (13926298.011.000) 2021-01-08 09:14:44 Image size of job updated: 11237720
	349  -  MemoryUsage of job (MB)
	357196  -  ResidentSetSize of job (KB)
...
005 (13926298.011.000) 2021-01-08 09:14:45 Job terminated.
	(1) Normal termination (return value 0)
		Usr 0 00:03:52, Sys 0 00:00:16  -  Run Remote Usage
		Usr 0 00:00:00, Sys 0 00:00:00  -  Run Local Usage
		Usr 0 00:03:52, Sys 0 00:00:16  -  Total Remote Usage
		Usr 0 00:00:00, Sys 0 00:00:00  -  Total Local Usage
	0  -  Run Bytes Sent By Job
	0  -  Run Bytes Received By Job
	0  -  Total Bytes Sent By Job
	0  -  Total Bytes Received By Job
	Partitionable Resources :    Usage  Request Allocated 
	   Cpus                 :     0.91        1         1 
	   Disk (KB)            :     1     3584000   4827678 
	   Memory (MB)          :   349        4096      4096 

	Job terminated of its own accord at 2021-01-08T08:14:44Z.
...
006 (13926298.007.000) 2021-01-08 09:14:47 Image size of job updated: 11207712
	270  -  MemoryUsage of job (MB)
	275904  -  ResidentSetSize of job (KB)
...
005 (13926298.007.000) 2021-01-08 09:14:47 Job terminated.
	(1) Normal termination (return value 0)
		Usr 0 00:03:57, Sys 0 00:00:13  -  Run Remote Usage
		Usr 0 00:00:00, Sys 0 00:00:00  -  Run Local Usage
		Usr 0 00:03:57, Sys 0 00:00:13  -  Total Remote Usage
		Usr 0 00:00:00, Sys 0 00:00:00  -  Total Local Usage
	0  -  Run Bytes Sent By Job
	0  -  Run Bytes Received By Job
	0  -  Total Bytes Sent By Job
	0  -  Total Bytes Received By Job
	Partitionable Resources :    Usage  Request Allocated 
	   Cpus                 :     0.88        1         1 
	   Disk (KB)            :     1     3584000   4183801 
	   Memory (MB)          :   270        4096      4096 

	Job terminated of its own accord at 2021-01-08T08:14:47Z.
...
006 (13926298.020.000) 2021-01-08 09:14:49 Image size of job updated: 11175296
	285  -  MemoryUsage of job (MB)
	290892  -  ResidentSetSize of job (KB)
...
005 (13926298.020.000) 2021-01-08 09:14:49 Job terminated.
	(1) Normal termination (return value 0)
		Usr 0 00:03:57, Sys 0 00:00:16  -  Run Remote Usage
		Usr 0 00:00:00, Sys 0 00:00:00  -  Run Local Usage
		Usr 0 00:03:57, Sys 0 00:00:16  -  Total Remote Usage
		Usr 0 00:00:00, Sys 0 00:00:00  -  Total Local Usage
	0  -  Run Bytes Sent By Job
	0  -  Run Bytes Received By Job
	0  -  Total Bytes Sent By Job
	0  -  Total Bytes Received By Job
	Partitionable Resources :    Usage  Request Allocated 
	   Cpus                 :     0.92        1         1 
	   Disk (KB)            :     1     3584000   4534192 
	   Memory (MB)          :   285        4096      4096 

	Job terminated of its own accord at 2021-01-08T08:14:49Z.
...
006 (13926298.015.000) 2021-01-08 09:14:49 Image size of job updated: 285940
	228  -  MemoryUsage of job (MB)
	233240  -  ResidentSetSize of job (KB)
...
005 (13926298.015.000) 2021-01-08 09:14:49 Job terminated.
	(1) Normal termination (return value 0)
		Usr 0 00:03:59, Sys 0 00:00:12  -  Run Remote Usage
		Usr 0 00:00:00, Sys 0 00:00:00  -  Run Local Usage
		Usr 0 00:03:59, Sys 0 00:00:12  -  Total Remote Usage
		Usr 0 00:00:00, Sys 0 00:00:00  -  Total Local Usage
	0  -  Run Bytes Sent By Job
	0  -  Run Bytes Received By Job
	0  -  Total Bytes Sent By Job
	0  -  Total Bytes Received By Job
	Partitionable Resources :    Usage  Request Allocated 
	   Cpus                 :     0.91        1         1 
	   Disk (KB)            :     1     3584000   3987921 
	   Memory (MB)          :   228        4096      4096 

	Job terminated of its own accord at 2021-01-08T08:14:49Z.
...
006 (13926298.008.000) 2021-01-08 09:14:51 Image size of job updated: 11187676
	153  -  MemoryUsage of job (MB)
	156228  -  ResidentSetSize of job (KB)
...
005 (13926298.008.000) 2021-01-08 09:14:51 Job terminated.
	(1) Normal termination (return value 0)
		Usr 0 00:03:59, Sys 0 00:00:15  -  Run Remote Usage
		Usr 0 00:00:00, Sys 0 00:00:00  -  Run Local Usage
		Usr 0 00:03:59, Sys 0 00:00:15  -  Total Remote Usage
		Usr 0 00:00:00, Sys 0 00:00:00  -  Total Local Usage
	0  -  Run Bytes Sent By Job
	0  -  Run Bytes Received By Job
	0  -  Total Bytes Sent By Job
	0  -  Total Bytes Received By Job
	Partitionable Resources :    Usage  Request Allocated 
	   Cpus                 :     0.93        1         1 
	   Disk (KB)            :     1     3584000   4538314 
	   Memory (MB)          :   153        4096      4096 

	Job terminated of its own accord at 2021-01-08T08:14:51Z.
...
006 (13926298.003.000) 2021-01-08 09:14:53 Image size of job updated: 11123336
	338  -  MemoryUsage of job (MB)
	346108  -  ResidentSetSize of job (KB)
...
005 (13926298.003.000) 2021-01-08 09:14:53 Job terminated.
	(1) Normal termination (return value 0)
		Usr 0 00:03:57, Sys 0 00:00:16  -  Run Remote Usage
		Usr 0 00:00:00, Sys 0 00:00:00  -  Run Local Usage
		Usr 0 00:03:57, Sys 0 00:00:16  -  Total Remote Usage
		Usr 0 00:00:00, Sys 0 00:00:00  -  Total Local Usage
	0  -  Run Bytes Sent By Job
	0  -  Run Bytes Received By Job
	0  -  Total Bytes Sent By Job
	0  -  Total Bytes Received By Job
	Partitionable Resources :    Usage  Request Allocated 
	   Cpus                 :     0.93        1         1 
	   Disk (KB)            :     1     3584000   4540362 
	   Memory (MB)          :   338        4096      4096 

	Job terminated of its own accord at 2021-01-08T08:14:53Z.
...
006 (13926298.013.000) 2021-01-08 09:14:53 Image size of job updated: 11181776
	266  -  MemoryUsage of job (MB)
	272296  -  ResidentSetSize of job (KB)
...
006 (13926298.014.000) 2021-01-08 09:14:53 Image size of job updated: 12778128
	232  -  MemoryUsage of job (MB)
	237064  -  ResidentSetSize of job (KB)
...
006 (13926298.000.000) 2021-01-08 09:14:53 Image size of job updated: 11171516
	300  -  MemoryUsage of job (MB)
	306768  -  ResidentSetSize of job (KB)
...
005 (13926298.014.000) 2021-01-08 09:14:53 Job terminated.
	(1) Normal termination (return value 0)
		Usr 0 00:03:56, Sys 0 00:00:17  -  Run Remote Usage
		Usr 0 00:00:00, Sys 0 00:00:00  -  Run Local Usage
		Usr 0 00:03:56, Sys 0 00:00:17  -  Total Remote Usage
		Usr 0 00:00:00, Sys 0 00:00:00  -  Total Local Usage
	0  -  Run Bytes Sent By Job
	0  -  Run Bytes Received By Job
	0  -  Total Bytes Sent By Job
	0  -  Total Bytes Received By Job
	Partitionable Resources :    Usage  Request Allocated 
	   Cpus                 :     0.90        1         1 
	   Disk (KB)            :     1     3584000   3962340 
	   Memory (MB)          :   232        4096      4096 

	Job terminated of its own accord at 2021-01-08T08:14:53Z.
...
005 (13926298.000.000) 2021-01-08 09:14:53 Job terminated.
	(1) Normal termination (return value 0)
		Usr 0 00:04:00, Sys 0 00:00:15  -  Run Remote Usage
		Usr 0 00:00:00, Sys 0 00:00:00  -  Run Local Usage
		Usr 0 00:04:00, Sys 0 00:00:15  -  Total Remote Usage
		Usr 0 00:00:00, Sys 0 00:00:00  -  Total Local Usage
	0  -  Run Bytes Sent By Job
	0  -  Run Bytes Received By Job
	0  -  Total Bytes Sent By Job
	0  -  Total Bytes Received By Job
	Partitionable Resources :    Usage  Request Allocated 
	   Cpus                 :     0.90        1         1 
	   Disk (KB)            :     1     3584000   4536604 
	   Memory (MB)          :   300        4096      4096 

	Job terminated of its own accord at 2021-01-08T08:14:53Z.
...
005 (13926298.013.000) 2021-01-08 09:14:53 Job terminated.
	(1) Normal termination (return value 0)
		Usr 0 00:03:56, Sys 0 00:00:16  -  Run Remote Usage
		Usr 0 00:00:00, Sys 0 00:00:00  -  Run Local Usage
		Usr 0 00:03:56, Sys 0 00:00:16  -  Total Remote Usage
		Usr 0 00:00:00, Sys 0 00:00:00  -  Total Local Usage
	0  -  Run Bytes Sent By Job
	0  -  Run Bytes Received By Job
	0  -  Total Bytes Sent By Job
	0  -  Total Bytes Received By Job
	Partitionable Resources :    Usage  Request Allocated 
	   Cpus                 :     0.93        1         1 
	   Disk (KB)            :     1     3584000   4545969 
	   Memory (MB)          :   266        4096      4096 

	Job terminated of its own accord at 2021-01-08T08:14:53Z.
...
006 (13926298.023.000) 2021-01-08 09:14:54 Image size of job updated: 11183508
	433  -  MemoryUsage of job (MB)
	442536  -  ResidentSetSize of job (KB)
...
005 (13926298.023.000) 2021-01-08 09:14:54 Job terminated.
	(1) Normal termination (return value 0)
		Usr 0 00:03:56, Sys 0 00:00:17  -  Run Remote Usage
		Usr 0 00:00:00, Sys 0 00:00:00  -  Run Local Usage
		Usr 0 00:03:56, Sys 0 00:00:17  -  Total Remote Usage
		Usr 0 00:00:00, Sys 0 00:00:00  -  Total Local Usage
	0  -  Run Bytes Sent By Job
	0  -  Run Bytes Received By Job
	0  -  Total Bytes Sent By Job
	0  -  Total Bytes Received By Job
	Partitionable Resources :    Usage  Request Allocated 
	   Cpus                 :     0.93        1         1 
	   Disk (KB)            :     1     3584000   4785108 
	   Memory (MB)          :   433        4096      4096 

	Job terminated of its own accord at 2021-01-08T08:14:54Z.
...
006 (13926298.009.000) 2021-01-08 09:14:56 Image size of job updated: 7907112
	196  -  MemoryUsage of job (MB)
	199968  -  ResidentSetSize of job (KB)
...
005 (13926298.009.000) 2021-01-08 09:14:56 Job terminated.
	(1) Normal termination (return value 0)
		Usr 0 00:03:55, Sys 0 00:00:14  -  Run Remote Usage
		Usr 0 00:00:00, Sys 0 00:00:00  -  Run Local Usage
		Usr 0 00:03:55, Sys 0 00:00:14  -  Total Remote Usage
		Usr 0 00:00:00, Sys 0 00:00:00  -  Total Local Usage
	0  -  Run Bytes Sent By Job
	0  -  Run Bytes Received By Job
	0  -  Total Bytes Sent By Job
	0  -  Total Bytes Received By Job
	Partitionable Resources :    Usage  Request Allocated 
	   Cpus                 :     0.90        1         1 
	   Disk (KB)            :     1     3584000   3961272 
	   Memory (MB)          :   196        4096      4096 

	Job terminated of its own accord at 2021-01-08T08:14:56Z.
...
005 (13926298.022.000) 2021-01-08 09:14:57 Job terminated.
	(1) Normal termination (return value 0)
		Usr 0 00:04:01, Sys 0 00:00:17  -  Run Remote Usage
		Usr 0 00:00:00, Sys 0 00:00:00  -  Run Local Usage
		Usr 0 00:04:01, Sys 0 00:00:17  -  Total Remote Usage
		Usr 0 00:00:00, Sys 0 00:00:00  -  Total Local Usage
	0  -  Run Bytes Sent By Job
	0  -  Run Bytes Received By Job
	0  -  Total Bytes Sent By Job
	0  -  Total Bytes Received By Job
	Partitionable Resources :    Usage  Request Allocated 
	   Cpus                 :     0.91        1         1 
	   Disk (KB)            :     1     3584000   4535420 
	   Memory (MB)          :   256        4096      4096 

	Job terminated of its own accord at 2021-01-08T08:14:57Z.
...
006 (13926298.024.000) 2021-01-08 09:15:06 Image size of job updated: 11145524
	209  -  MemoryUsage of job (MB)
	213532  -  ResidentSetSize of job (KB)
...
005 (13926298.024.000) 2021-01-08 09:15:06 Job terminated.
	(1) Normal termination (return value 0)
		Usr 0 00:03:58, Sys 0 00:00:18  -  Run Remote Usage
		Usr 0 00:00:00, Sys 0 00:00:00  -  Run Local Usage
		Usr 0 00:03:58, Sys 0 00:00:18  -  Total Remote Usage
		Usr 0 00:00:00, Sys 0 00:00:00  -  Total Local Usage
	0  -  Run Bytes Sent By Job
	0  -  Run Bytes Received By Job
	0  -  Total Bytes Sent By Job
	0  -  Total Bytes Received By Job
	Partitionable Resources :    Usage  Request Allocated 
	   Cpus                 :     0.89        1         1 
	   Disk (KB)            :     1     3584000   4785374 
	   Memory (MB)          :   209        4096      4096 

	Job terminated of its own accord at 2021-01-08T08:15:06Z.
...
006 (13926298.021.000) 2021-01-08 09:15:10 Image size of job updated: 404032
	363  -  MemoryUsage of job (MB)
	371556  -  ResidentSetSize of job (KB)
...
005 (13926298.021.000) 2021-01-08 09:15:10 Job terminated.
	(1) Normal termination (return value 0)
		Usr 0 00:04:02, Sys 0 00:00:16  -  Run Remote Usage
		Usr 0 00:00:00, Sys 0 00:00:00  -  Run Local Usage
		Usr 0 00:04:02, Sys 0 00:00:16  -  Total Remote Usage
		Usr 0 00:00:00, Sys 0 00:00:00  -  Total Local Usage
	0  -  Run Bytes Sent By Job
	0  -  Run Bytes Received By Job
	0  -  Total Bytes Sent By Job
	0  -  Total Bytes Received By Job
	Partitionable Resources :    Usage  Request Allocated 
	   Cpus                 :     0.91        1         1 
	   Disk (KB)            :     1     3584000   3957000 
	   Memory (MB)          :   363        4096      4096 

	Job terminated of its own accord at 2021-01-08T08:15:10Z.
...
006 (13926298.016.000) 2021-01-08 09:15:15 Image size of job updated: 11123432
	1  -  MemoryUsage of job (MB)
	72  -  ResidentSetSize of job (KB)
...
005 (13926298.016.000) 2021-01-08 09:15:15 Job terminated.
	(1) Normal termination (return value 0)
		Usr 0 00:03:57, Sys 0 00:00:15  -  Run Remote Usage
		Usr 0 00:00:00, Sys 0 00:00:00  -  Run Local Usage
		Usr 0 00:03:57, Sys 0 00:00:15  -  Total Remote Usage
		Usr 0 00:00:00, Sys 0 00:00:00  -  Total Local Usage
	0  -  Run Bytes Sent By Job
	0  -  Run Bytes Received By Job
	0  -  Total Bytes Sent By Job
	0  -  Total Bytes Received By Job
	Partitionable Resources :    Usage  Request Allocated 
	   Cpus                 :     0.93        1         1 
	   Disk (KB)            :     1     3584000   4543409 
	   Memory (MB)          :     1        4096      4096 

	Job terminated of its own accord at 2021-01-08T08:15:15Z.
...
006 (13926298.017.000) 2021-01-08 09:15:19 Image size of job updated: 8344112
	7211  -  MemoryUsage of job (MB)
	7383800  -  ResidentSetSize of job (KB)
...
006 (13926298.005.000) 2021-01-08 09:15:19 Image size of job updated: 9113876
	7785  -  MemoryUsage of job (MB)
	7971832  -  ResidentSetSize of job (KB)
...
006 (13926298.004.000) 2021-01-08 09:15:20 Image size of job updated: 9235008
	298  -  MemoryUsage of job (MB)
	304928  -  ResidentSetSize of job (KB)
...
005 (13926298.004.000) 2021-01-08 09:15:20 Job terminated.
	(1) Normal termination (return value 0)
		Usr 0 00:04:08, Sys 0 00:00:24  -  Run Remote Usage
		Usr 0 00:00:00, Sys 0 00:00:00  -  Run Local Usage
		Usr 0 00:04:08, Sys 0 00:00:24  -  Total Remote Usage
		Usr 0 00:00:00, Sys 0 00:00:00  -  Total Local Usage
	0  -  Run Bytes Sent By Job
	0  -  Run Bytes Received By Job
	0  -  Total Bytes Sent By Job
	0  -  Total Bytes Received By Job
	Partitionable Resources :    Usage  Request Allocated 
	   Cpus                 :     0.88        1         1 
	   Disk (KB)            :     1     3584000   4422011 
	   Memory (MB)          :   298        4096      4096 

	Job terminated of its own accord at 2021-01-08T08:15:20Z.
...
006 (13926298.006.000) 2021-01-08 09:15:20 Image size of job updated: 8739048
	7780  -  MemoryUsage of job (MB)
	7966124  -  ResidentSetSize of job (KB)
...
006 (13926298.019.000) 2021-01-08 09:15:22 Image size of job updated: 8122616
	6812  -  MemoryUsage of job (MB)
	6974720  -  ResidentSetSize of job (KB)
...
006 (13926298.010.000) 2021-01-08 09:15:22 Image size of job updated: 10942840
	10645  -  MemoryUsage of job (MB)
	10899872  -  ResidentSetSize of job (KB)
...
006 (13926298.018.000) 2021-01-08 09:15:22 Image size of job updated: 7759504
	4873  -  MemoryUsage of job (MB)
	4989744  -  ResidentSetSize of job (KB)
...
006 (13926298.010.000) 2021-01-08 09:15:31 Image size of job updated: 10942840
	10645  -  MemoryUsage of job (MB)
	10899892  -  ResidentSetSize of job (KB)
...
005 (13926298.010.000) 2021-01-08 09:15:32 Job terminated.
	(1) Normal termination (return value 0)
		Usr 0 00:04:18, Sys 0 00:00:19  -  Run Remote Usage
		Usr 0 00:00:00, Sys 0 00:00:00  -  Run Local Usage
		Usr 0 00:04:18, Sys 0 00:00:19  -  Total Remote Usage
		Usr 0 00:00:00, Sys 0 00:00:00  -  Total Local Usage
	0  -  Run Bytes Sent By Job
	0  -  Run Bytes Received By Job
	0  -  Total Bytes Sent By Job
	0  -  Total Bytes Received By Job
	Partitionable Resources :    Usage  Request Allocated 
	   Cpus                 :     0.90        1         1 
	   Disk (KB)            :     1     3584000   4816309 
	   Memory (MB)          : 10645        4096      4096 

	Job terminated of its own accord at 2021-01-08T08:15:31Z.
...
006 (13926298.017.000) 2021-01-08 09:16:59 Image size of job updated: 12706092
	7211  -  MemoryUsage of job (MB)
	7383832  -  ResidentSetSize of job (KB)
...
005 (13926298.017.000) 2021-01-08 09:16:59 Job terminated.
	(1) Normal termination (return value 0)
		Usr 0 00:04:01, Sys 0 00:00:20  -  Run Remote Usage
		Usr 0 00:00:00, Sys 0 00:00:00  -  Run Local Usage
		Usr 0 00:04:01, Sys 0 00:00:20  -  Total Remote Usage
		Usr 0 00:00:00, Sys 0 00:00:00  -  Total Local Usage
	0  -  Run Bytes Sent By Job
	0  -  Run Bytes Received By Job
	0  -  Total Bytes Sent By Job
	0  -  Total Bytes Received By Job
	Partitionable Resources :    Usage  Request Allocated 
	   Cpus                 :     0.33        1         1 
	   Disk (KB)            :     1     3584000   4785505 
	   Memory (MB)          :  7211        4096      4096 

	Job terminated of its own accord at 2021-01-08T08:16:59Z.
...
006 (13926298.019.000) 2021-01-08 09:17:26 Image size of job updated: 11132736
	6812  -  MemoryUsage of job (MB)
	6974720  -  ResidentSetSize of job (KB)
...
005 (13926298.019.000) 2021-01-08 09:17:26 Job terminated.
	(1) Normal termination (return value 0)
		Usr 0 00:04:01, Sys 0 00:00:22  -  Run Remote Usage
		Usr 0 00:00:00, Sys 0 00:00:00  -  Run Local Usage
		Usr 0 00:04:01, Sys 0 00:00:22  -  Total Remote Usage
		Usr 0 00:00:00, Sys 0 00:00:00  -  Total Local Usage
	0  -  Run Bytes Sent By Job
	0  -  Run Bytes Received By Job
	0  -  Total Bytes Sent By Job
	0  -  Total Bytes Received By Job
	Partitionable Resources :    Usage  Request Allocated 
	   Cpus                 :     0.03        1         1 
	   Disk (KB)            :     1     3584000   4784766 
	   Memory (MB)          :  6812        4096      4096 

	Job terminated of its own accord at 2021-01-08T08:17:26Z.
...
006 (13926298.005.000) 2021-01-08 09:19:17 Image size of job updated: 11155700
	7785  -  MemoryUsage of job (MB)
	7971832  -  ResidentSetSize of job (KB)
...
005 (13926298.005.000) 2021-01-08 09:19:17 Job terminated.
	(1) Normal termination (return value 0)
		Usr 0 00:04:00, Sys 0 00:00:21  -  Run Remote Usage
		Usr 0 00:00:00, Sys 0 00:00:00  -  Run Local Usage
		Usr 0 00:04:00, Sys 0 00:00:21  -  Total Remote Usage
		Usr 0 00:00:00, Sys 0 00:00:00  -  Total Local Usage
	0  -  Run Bytes Sent By Job
	0  -  Run Bytes Received By Job
	0  -  Total Bytes Sent By Job
	0  -  Total Bytes Received By Job
	Partitionable Resources :    Usage  Request Allocated 
	   Cpus                 :     0.01        1         1 
	   Disk (KB)            :     1     3584000   4784557 
	   Memory (MB)          :  7785        4096      4096 

	Job terminated of its own accord at 2021-01-08T08:19:17Z.
...
006 (13926298.006.000) 2021-01-08 09:20:21 Image size of job updated: 11102068
	9664  -  MemoryUsage of job (MB)
	9895424  -  ResidentSetSize of job (KB)
...
006 (13926298.018.000) 2021-01-08 09:20:23 Image size of job updated: 11128648
	8314  -  MemoryUsage of job (MB)
	8512984  -  ResidentSetSize of job (KB)
...
005 (13926298.006.000) 2021-01-08 09:20:58 Job terminated.
	(1) Normal termination (return value 0)
		Usr 0 00:04:03, Sys 0 00:00:20  -  Run Remote Usage
		Usr 0 00:00:00, Sys 0 00:00:00  -  Run Local Usage
		Usr 0 00:04:03, Sys 0 00:00:20  -  Total Remote Usage
		Usr 0 00:00:00, Sys 0 00:00:00  -  Total Local Usage
	0  -  Run Bytes Sent By Job
	0  -  Run Bytes Received By Job
	0  -  Total Bytes Sent By Job
	0  -  Total Bytes Received By Job
	Partitionable Resources :    Usage  Request Allocated 
	   Cpus                 :     0.00        1         1 
	   Disk (KB)            :     1     3584000   4787146 
	   Memory (MB)          :  9664        4096      4096 

	Job terminated of its own accord at 2021-01-08T08:20:58Z.
...
006 (13926298.018.000) 2021-01-08 09:22:06 Image size of job updated: 12692912
	8314  -  MemoryUsage of job (MB)
	8512984  -  ResidentSetSize of job (KB)
...
005 (13926298.018.000) 2021-01-08 09:22:06 Job terminated.
	(1) Normal termination (return value 0)
		Usr 0 00:03:54, Sys 0 00:00:20  -  Run Remote Usage
		Usr 0 00:00:00, Sys 0 00:00:00  -  Run Local Usage
		Usr 0 00:03:54, Sys 0 00:00:20  -  Total Remote Usage
		Usr 0 00:00:00, Sys 0 00:00:00  -  Total Local Usage
	0  -  Run Bytes Sent By Job
	0  -  Run Bytes Received By Job
	0  -  Total Bytes Sent By Job
	0  -  Total Bytes Received By Job
	Partitionable Resources :    Usage  Request Allocated 
	   Cpus                 :     0.00        1         1 
	   Disk (KB)            :     1     3584000   4784838 
	   Memory (MB)          :  8314        4096      4096 

	Job terminated of its own accord at 2021-01-08T08:22:06Z.
...
