000 (13901872.000.000) 2021-01-07 12:19:29 Job submitted from host: <131.169.223.42:9618?addrs=131.169.223.42-9618+[2001-638-700-10df--1-2a]-9618&alias=bird-htc-sched14.desy.de&noUDP&sock=schedd_1936_8371_3>
...
000 (13901872.001.000) 2021-01-07 12:19:29 Job submitted from host: <131.169.223.42:9618?addrs=131.169.223.42-9618+[2001-638-700-10df--1-2a]-9618&alias=bird-htc-sched14.desy.de&noUDP&sock=schedd_1936_8371_3>
...
000 (13901872.002.000) 2021-01-07 12:19:29 Job submitted from host: <131.169.223.42:9618?addrs=131.169.223.42-9618+[2001-638-700-10df--1-2a]-9618&alias=bird-htc-sched14.desy.de&noUDP&sock=schedd_1936_8371_3>
...
000 (13901872.003.000) 2021-01-07 12:19:29 Job submitted from host: <131.169.223.42:9618?addrs=131.169.223.42-9618+[2001-638-700-10df--1-2a]-9618&alias=bird-htc-sched14.desy.de&noUDP&sock=schedd_1936_8371_3>
...
000 (13901872.004.000) 2021-01-07 12:19:29 Job submitted from host: <131.169.223.42:9618?addrs=131.169.223.42-9618+[2001-638-700-10df--1-2a]-9618&alias=bird-htc-sched14.desy.de&noUDP&sock=schedd_1936_8371_3>
...
000 (13901872.005.000) 2021-01-07 12:19:29 Job submitted from host: <131.169.223.42:9618?addrs=131.169.223.42-9618+[2001-638-700-10df--1-2a]-9618&alias=bird-htc-sched14.desy.de&noUDP&sock=schedd_1936_8371_3>
...
000 (13901872.006.000) 2021-01-07 12:19:29 Job submitted from host: <131.169.223.42:9618?addrs=131.169.223.42-9618+[2001-638-700-10df--1-2a]-9618&alias=bird-htc-sched14.desy.de&noUDP&sock=schedd_1936_8371_3>
...
000 (13901872.007.000) 2021-01-07 12:19:29 Job submitted from host: <131.169.223.42:9618?addrs=131.169.223.42-9618+[2001-638-700-10df--1-2a]-9618&alias=bird-htc-sched14.desy.de&noUDP&sock=schedd_1936_8371_3>
...
000 (13901872.008.000) 2021-01-07 12:19:29 Job submitted from host: <131.169.223.42:9618?addrs=131.169.223.42-9618+[2001-638-700-10df--1-2a]-9618&alias=bird-htc-sched14.desy.de&noUDP&sock=schedd_1936_8371_3>
...
000 (13901872.009.000) 2021-01-07 12:19:29 Job submitted from host: <131.169.223.42:9618?addrs=131.169.223.42-9618+[2001-638-700-10df--1-2a]-9618&alias=bird-htc-sched14.desy.de&noUDP&sock=schedd_1936_8371_3>
...
000 (13901872.010.000) 2021-01-07 12:19:29 Job submitted from host: <131.169.223.42:9618?addrs=131.169.223.42-9618+[2001-638-700-10df--1-2a]-9618&alias=bird-htc-sched14.desy.de&noUDP&sock=schedd_1936_8371_3>
...
000 (13901872.011.000) 2021-01-07 12:19:29 Job submitted from host: <131.169.223.42:9618?addrs=131.169.223.42-9618+[2001-638-700-10df--1-2a]-9618&alias=bird-htc-sched14.desy.de&noUDP&sock=schedd_1936_8371_3>
...
000 (13901872.012.000) 2021-01-07 12:19:29 Job submitted from host: <131.169.223.42:9618?addrs=131.169.223.42-9618+[2001-638-700-10df--1-2a]-9618&alias=bird-htc-sched14.desy.de&noUDP&sock=schedd_1936_8371_3>
...
000 (13901872.013.000) 2021-01-07 12:19:29 Job submitted from host: <131.169.223.42:9618?addrs=131.169.223.42-9618+[2001-638-700-10df--1-2a]-9618&alias=bird-htc-sched14.desy.de&noUDP&sock=schedd_1936_8371_3>
...
000 (13901872.014.000) 2021-01-07 12:19:29 Job submitted from host: <131.169.223.42:9618?addrs=131.169.223.42-9618+[2001-638-700-10df--1-2a]-9618&alias=bird-htc-sched14.desy.de&noUDP&sock=schedd_1936_8371_3>
...
000 (13901872.015.000) 2021-01-07 12:19:29 Job submitted from host: <131.169.223.42:9618?addrs=131.169.223.42-9618+[2001-638-700-10df--1-2a]-9618&alias=bird-htc-sched14.desy.de&noUDP&sock=schedd_1936_8371_3>
...
000 (13901872.016.000) 2021-01-07 12:19:29 Job submitted from host: <131.169.223.42:9618?addrs=131.169.223.42-9618+[2001-638-700-10df--1-2a]-9618&alias=bird-htc-sched14.desy.de&noUDP&sock=schedd_1936_8371_3>
...
000 (13901872.017.000) 2021-01-07 12:19:29 Job submitted from host: <131.169.223.42:9618?addrs=131.169.223.42-9618+[2001-638-700-10df--1-2a]-9618&alias=bird-htc-sched14.desy.de&noUDP&sock=schedd_1936_8371_3>
...
000 (13901872.018.000) 2021-01-07 12:19:29 Job submitted from host: <131.169.223.42:9618?addrs=131.169.223.42-9618+[2001-638-700-10df--1-2a]-9618&alias=bird-htc-sched14.desy.de&noUDP&sock=schedd_1936_8371_3>
...
000 (13901872.019.000) 2021-01-07 12:19:29 Job submitted from host: <131.169.223.42:9618?addrs=131.169.223.42-9618+[2001-638-700-10df--1-2a]-9618&alias=bird-htc-sched14.desy.de&noUDP&sock=schedd_1936_8371_3>
...
000 (13901872.020.000) 2021-01-07 12:19:29 Job submitted from host: <131.169.223.42:9618?addrs=131.169.223.42-9618+[2001-638-700-10df--1-2a]-9618&alias=bird-htc-sched14.desy.de&noUDP&sock=schedd_1936_8371_3>
...
000 (13901872.021.000) 2021-01-07 12:19:29 Job submitted from host: <131.169.223.42:9618?addrs=131.169.223.42-9618+[2001-638-700-10df--1-2a]-9618&alias=bird-htc-sched14.desy.de&noUDP&sock=schedd_1936_8371_3>
...
000 (13901872.022.000) 2021-01-07 12:19:29 Job submitted from host: <131.169.223.42:9618?addrs=131.169.223.42-9618+[2001-638-700-10df--1-2a]-9618&alias=bird-htc-sched14.desy.de&noUDP&sock=schedd_1936_8371_3>
...
000 (13901872.023.000) 2021-01-07 12:19:29 Job submitted from host: <131.169.223.42:9618?addrs=131.169.223.42-9618+[2001-638-700-10df--1-2a]-9618&alias=bird-htc-sched14.desy.de&noUDP&sock=schedd_1936_8371_3>
...
000 (13901872.024.000) 2021-01-07 12:19:29 Job submitted from host: <131.169.223.42:9618?addrs=131.169.223.42-9618+[2001-638-700-10df--1-2a]-9618&alias=bird-htc-sched14.desy.de&noUDP&sock=schedd_1936_8371_3>
...
001 (13901872.001.000) 2021-01-07 12:19:52 Job executing on host: <131.169.77.218:46312?addrs=131.169.77.218-46312&alias=bird772.desy.de>
...
001 (13901872.000.000) 2021-01-07 12:19:52 Job executing on host: <131.169.77.220:37989?addrs=131.169.77.220-37989&alias=bird774.desy.de>
...
001 (13901872.002.000) 2021-01-07 12:19:52 Job executing on host: <131.169.77.227:38205?addrs=131.169.77.227-38205&alias=bird781.desy.de>
...
001 (13901872.003.000) 2021-01-07 12:19:52 Job executing on host: <131.169.163.108:43753?addrs=131.169.163.108-43753&alias=bird669.desy.de>
...
001 (13901872.005.000) 2021-01-07 12:19:52 Job executing on host: <131.169.160.185:35170?addrs=131.169.160.185-35170&alias=batch1187.desy.de>
...
001 (13901872.007.000) 2021-01-07 12:19:53 Job executing on host: <131.169.160.176:35044?addrs=131.169.160.176-35044&alias=batch1178.desy.de>
...
001 (13901872.008.000) 2021-01-07 12:19:53 Job executing on host: <131.169.162.162:36408?addrs=131.169.162.162-36408&alias=batch1162.desy.de>
...
001 (13901872.009.000) 2021-01-07 12:19:53 Job executing on host: <131.169.160.180:44202?addrs=131.169.160.180-44202&alias=batch1182.desy.de>
...
001 (13901872.006.000) 2021-01-07 12:19:53 Job executing on host: <131.169.162.160:34366?addrs=131.169.162.160-34366&alias=batch1160.desy.de>
...
001 (13901872.010.000) 2021-01-07 12:19:53 Job executing on host: <131.169.162.165:33349?addrs=131.169.162.165-33349&alias=batch1165.desy.de>
...
001 (13901872.013.000) 2021-01-07 12:19:53 Job executing on host: <131.169.163.103:44758?addrs=131.169.163.103-44758&alias=bird664.desy.de>
...
001 (13901872.011.000) 2021-01-07 12:19:53 Job executing on host: <131.169.162.151:46593?addrs=131.169.162.151-46593&alias=batch1151.desy.de>
...
001 (13901872.015.000) 2021-01-07 12:19:53 Job executing on host: <131.169.163.135:39559?addrs=131.169.163.135-39559&alias=bird696.desy.de>
...
001 (13901872.014.000) 2021-01-07 12:19:53 Job executing on host: <131.169.164.49:43609?addrs=131.169.164.49-43609&alias=bird849.desy.de>
...
001 (13901872.016.000) 2021-01-07 12:19:53 Job executing on host: <131.169.164.43:39984?addrs=131.169.164.43-39984&alias=bird843.desy.de>
...
001 (13901872.017.000) 2021-01-07 12:19:53 Job executing on host: <131.169.164.51:36437?addrs=131.169.164.51-36437&alias=bird851.desy.de>
...
001 (13901872.018.000) 2021-01-07 12:19:53 Job executing on host: <131.169.164.6:42625?addrs=131.169.164.6-42625&alias=bird806.desy.de>
...
001 (13901872.019.000) 2021-01-07 12:19:53 Job executing on host: <131.169.164.16:41732?addrs=131.169.164.16-41732&alias=bird816.desy.de>
...
001 (13901872.020.000) 2021-01-07 12:19:53 Job executing on host: <131.169.164.20:36807?addrs=131.169.164.20-36807&alias=bird820.desy.de>
...
001 (13901872.012.000) 2021-01-07 12:19:53 Job executing on host: <131.169.160.191:37433?addrs=131.169.160.191-37433&alias=batch1185.desy.de>
...
001 (13901872.004.000) 2021-01-07 12:19:53 Job executing on host: <131.169.160.155:36134?addrs=131.169.160.155-36134&alias=batch1055.desy.de>
...
001 (13901872.021.000) 2021-01-07 12:19:53 Job executing on host: <131.169.160.161:40391?addrs=131.169.160.161-40391&alias=batch1061.desy.de>
...
001 (13901872.022.000) 2021-01-07 12:19:53 Job executing on host: <131.169.160.169:45798?addrs=131.169.160.169-45798&alias=batch1069.desy.de>
...
001 (13901872.023.000) 2021-01-07 12:19:54 Job executing on host: <131.169.160.170:46777?addrs=131.169.160.170-46777&alias=batch1070.desy.de>
...
001 (13901872.024.000) 2021-01-07 12:19:54 Job executing on host: <131.169.160.164:38857?addrs=131.169.160.164-38857&alias=batch1064.desy.de>
...
006 (13901872.003.000) 2021-01-07 12:20:01 Image size of job updated: 358328
	326  -  MemoryUsage of job (MB)
	333500  -  ResidentSetSize of job (KB)
...
006 (13901872.005.000) 2021-01-07 12:20:01 Image size of job updated: 424392
	364  -  MemoryUsage of job (MB)
	372144  -  ResidentSetSize of job (KB)
...
006 (13901872.007.000) 2021-01-07 12:20:01 Image size of job updated: 505820
	454  -  MemoryUsage of job (MB)
	464088  -  ResidentSetSize of job (KB)
...
006 (13901872.008.000) 2021-01-07 12:20:01 Image size of job updated: 407968
	385  -  MemoryUsage of job (MB)
	393888  -  ResidentSetSize of job (KB)
...
006 (13901872.009.000) 2021-01-07 12:20:01 Image size of job updated: 413144
	388  -  MemoryUsage of job (MB)
	396716  -  ResidentSetSize of job (KB)
...
006 (13901872.006.000) 2021-01-07 12:20:01 Image size of job updated: 188724
	177  -  MemoryUsage of job (MB)
	180508  -  ResidentSetSize of job (KB)
...
006 (13901872.010.000) 2021-01-07 12:20:01 Image size of job updated: 347352
	326  -  MemoryUsage of job (MB)
	333052  -  ResidentSetSize of job (KB)
...
006 (13901872.013.000) 2021-01-07 12:20:01 Image size of job updated: 387344
	317  -  MemoryUsage of job (MB)
	324280  -  ResidentSetSize of job (KB)
...
006 (13901872.011.000) 2021-01-07 12:20:01 Image size of job updated: 541500
	497  -  MemoryUsage of job (MB)
	508104  -  ResidentSetSize of job (KB)
...
006 (13901872.015.000) 2021-01-07 12:20:01 Image size of job updated: 387380
	323  -  MemoryUsage of job (MB)
	329860  -  ResidentSetSize of job (KB)
...
006 (13901872.014.000) 2021-01-07 12:20:01 Image size of job updated: 349780
	326  -  MemoryUsage of job (MB)
	333532  -  ResidentSetSize of job (KB)
...
006 (13901872.016.000) 2021-01-07 12:20:01 Image size of job updated: 435456
	408  -  MemoryUsage of job (MB)
	416992  -  ResidentSetSize of job (KB)
...
006 (13901872.017.000) 2021-01-07 12:20:01 Image size of job updated: 367604
	325  -  MemoryUsage of job (MB)
	332592  -  ResidentSetSize of job (KB)
...
006 (13901872.001.000) 2021-01-07 12:20:01 Image size of job updated: 360420
	322  -  MemoryUsage of job (MB)
	329376  -  ResidentSetSize of job (KB)
...
006 (13901872.000.000) 2021-01-07 12:20:01 Image size of job updated: 335748
	324  -  MemoryUsage of job (MB)
	331244  -  ResidentSetSize of job (KB)
...
006 (13901872.002.000) 2021-01-07 12:20:01 Image size of job updated: 356096
	329  -  MemoryUsage of job (MB)
	336180  -  ResidentSetSize of job (KB)
...
006 (13901872.022.000) 2021-01-07 12:20:02 Image size of job updated: 229652
	191  -  MemoryUsage of job (MB)
	194776  -  ResidentSetSize of job (KB)
...
006 (13901872.024.000) 2021-01-07 12:20:02 Image size of job updated: 326360
	272  -  MemoryUsage of job (MB)
	277796  -  ResidentSetSize of job (KB)
...
006 (13901872.023.000) 2021-01-07 12:20:02 Image size of job updated: 240568
	221  -  MemoryUsage of job (MB)
	225592  -  ResidentSetSize of job (KB)
...
006 (13901872.018.000) 2021-01-07 12:20:02 Image size of job updated: 434048
	387  -  MemoryUsage of job (MB)
	395636  -  ResidentSetSize of job (KB)
...
006 (13901872.019.000) 2021-01-07 12:20:02 Image size of job updated: 416572
	381  -  MemoryUsage of job (MB)
	390120  -  ResidentSetSize of job (KB)
...
006 (13901872.020.000) 2021-01-07 12:20:02 Image size of job updated: 443800
	369  -  MemoryUsage of job (MB)
	377404  -  ResidentSetSize of job (KB)
...
006 (13901872.012.000) 2021-01-07 12:20:02 Image size of job updated: 434276
	362  -  MemoryUsage of job (MB)
	370392  -  ResidentSetSize of job (KB)
...
006 (13901872.004.000) 2021-01-07 12:20:02 Image size of job updated: 228888
	216  -  MemoryUsage of job (MB)
	220644  -  ResidentSetSize of job (KB)
...
006 (13901872.021.000) 2021-01-07 12:20:02 Image size of job updated: 344204
	312  -  MemoryUsage of job (MB)
	319092  -  ResidentSetSize of job (KB)
...
006 (13901872.007.000) 2021-01-07 12:23:17 Image size of job updated: 11299092
	465  -  MemoryUsage of job (MB)
	475404  -  ResidentSetSize of job (KB)
...
005 (13901872.007.000) 2021-01-07 12:23:17 Job terminated.
	(1) Normal termination (return value 0)
		Usr 0 00:02:47, Sys 0 00:00:10  -  Run Remote Usage
		Usr 0 00:00:00, Sys 0 00:00:00  -  Run Local Usage
		Usr 0 00:02:47, Sys 0 00:00:10  -  Total Remote Usage
		Usr 0 00:00:00, Sys 0 00:00:00  -  Total Local Usage
	0  -  Run Bytes Sent By Job
	0  -  Run Bytes Received By Job
	0  -  Total Bytes Sent By Job
	0  -  Total Bytes Received By Job
	Partitionable Resources :    Usage  Request Allocated 
	   Cpus                 :     0.90        1         1 
	   Disk (KB)            :     1     3584000   4467297 
	   Memory (MB)          :   465        4096      4096 

	Job terminated of its own accord at 2021-01-07T11:23:17Z.
...
006 (13901872.008.000) 2021-01-07 12:23:19 Image size of job updated: 11380984
	385  -  MemoryUsage of job (MB)
	393888  -  ResidentSetSize of job (KB)
...
005 (13901872.008.000) 2021-01-07 12:23:19 Job terminated.
	(1) Normal termination (return value 0)
		Usr 0 00:02:42, Sys 0 00:00:08  -  Run Remote Usage
		Usr 0 00:00:00, Sys 0 00:00:00  -  Run Local Usage
		Usr 0 00:02:42, Sys 0 00:00:08  -  Total Remote Usage
		Usr 0 00:00:00, Sys 0 00:00:00  -  Total Local Usage
	0  -  Run Bytes Sent By Job
	0  -  Run Bytes Received By Job
	0  -  Total Bytes Sent By Job
	0  -  Total Bytes Received By Job
	Partitionable Resources :    Usage  Request Allocated 
	   Cpus                 :     0.89        1         1 
	   Disk (KB)            :     1     3584000   4409156 
	   Memory (MB)          :   385        4096      4096 

	Job terminated of its own accord at 2021-01-07T11:23:19Z.
...
006 (13901872.010.000) 2021-01-07 12:23:24 Image size of job updated: 11260256
	326  -  MemoryUsage of job (MB)
	333096  -  ResidentSetSize of job (KB)
...
005 (13901872.010.000) 2021-01-07 12:23:24 Job terminated.
	(1) Normal termination (return value 0)
		Usr 0 00:02:45, Sys 0 00:00:08  -  Run Remote Usage
		Usr 0 00:00:00, Sys 0 00:00:00  -  Run Local Usage
		Usr 0 00:02:45, Sys 0 00:00:08  -  Total Remote Usage
		Usr 0 00:00:00, Sys 0 00:00:00  -  Total Local Usage
	0  -  Run Bytes Sent By Job
	0  -  Run Bytes Received By Job
	0  -  Total Bytes Sent By Job
	0  -  Total Bytes Received By Job
	Partitionable Resources :    Usage  Request Allocated 
	   Cpus                 :     0.85        1         1 
	   Disk (KB)            :     1     3584000   4408864 
	   Memory (MB)          :   326        4096      4096 

	Job terminated of its own accord at 2021-01-07T11:23:24Z.
...
006 (13901872.009.000) 2021-01-07 12:23:32 Image size of job updated: 11266896
	388  -  MemoryUsage of job (MB)
	396776  -  ResidentSetSize of job (KB)
...
005 (13901872.009.000) 2021-01-07 12:23:32 Job terminated.
	(1) Normal termination (return value 0)
		Usr 0 00:02:47, Sys 0 00:00:11  -  Run Remote Usage
		Usr 0 00:00:00, Sys 0 00:00:00  -  Run Local Usage
		Usr 0 00:02:47, Sys 0 00:00:11  -  Total Remote Usage
		Usr 0 00:00:00, Sys 0 00:00:00  -  Total Local Usage
	0  -  Run Bytes Sent By Job
	0  -  Run Bytes Received By Job
	0  -  Total Bytes Sent By Job
	0  -  Total Bytes Received By Job
	Partitionable Resources :    Usage  Request Allocated 
	   Cpus                 :     0.80        1         1 
	   Disk (KB)            :     1     3584000   4466788 
	   Memory (MB)          :   388        4096      4096 

	Job terminated of its own accord at 2021-01-07T11:23:32Z.
...
006 (13901872.011.000) 2021-01-07 12:24:03 Image size of job updated: 11213108
	497  -  MemoryUsage of job (MB)
	508184  -  ResidentSetSize of job (KB)
...
005 (13901872.011.000) 2021-01-07 12:24:03 Job terminated.
	(1) Normal termination (return value 0)
		Usr 0 00:02:49, Sys 0 00:00:12  -  Run Remote Usage
		Usr 0 00:00:00, Sys 0 00:00:00  -  Run Local Usage
		Usr 0 00:02:49, Sys 0 00:00:12  -  Total Remote Usage
		Usr 0 00:00:00, Sys 0 00:00:00  -  Total Local Usage
	0  -  Run Bytes Sent By Job
	0  -  Run Bytes Received By Job
	0  -  Total Bytes Sent By Job
	0  -  Total Bytes Received By Job
	Partitionable Resources :    Usage  Request Allocated 
	   Cpus                 :     0.84        1         1 
	   Disk (KB)            :     1     3584000   4410209 
	   Memory (MB)          :   497        4096      4096 

	Job terminated of its own accord at 2021-01-07T11:24:03Z.
...
006 (13901872.016.000) 2021-01-07 12:24:38 Image size of job updated: 12844572
	408  -  MemoryUsage of job (MB)
	416992  -  ResidentSetSize of job (KB)
...
005 (13901872.016.000) 2021-01-07 12:24:38 Job terminated.
	(1) Normal termination (return value 0)
		Usr 0 00:03:59, Sys 0 00:00:14  -  Run Remote Usage
		Usr 0 00:00:00, Sys 0 00:00:00  -  Run Local Usage
		Usr 0 00:03:59, Sys 0 00:00:14  -  Total Remote Usage
		Usr 0 00:00:00, Sys 0 00:00:00  -  Total Local Usage
	0  -  Run Bytes Sent By Job
	0  -  Run Bytes Received By Job
	0  -  Total Bytes Sent By Job
	0  -  Total Bytes Received By Job
	Partitionable Resources :    Usage  Request Allocated 
	   Cpus                 :     0.90        1         1 
	   Disk (KB)            :     1     3584000   4539952 
	   Memory (MB)          :   408        4096      4096 

	Job terminated of its own accord at 2021-01-07T11:24:38Z.
...
006 (13901872.003.000) 2021-01-07 12:24:45 Image size of job updated: 11292972
	326  -  MemoryUsage of job (MB)
	333696  -  ResidentSetSize of job (KB)
...
005 (13901872.003.000) 2021-01-07 12:24:45 Job terminated.
	(1) Normal termination (return value 0)
		Usr 0 00:04:04, Sys 0 00:00:16  -  Run Remote Usage
		Usr 0 00:00:00, Sys 0 00:00:00  -  Run Local Usage
		Usr 0 00:04:04, Sys 0 00:00:16  -  Total Remote Usage
		Usr 0 00:00:00, Sys 0 00:00:00  -  Total Local Usage
	0  -  Run Bytes Sent By Job
	0  -  Run Bytes Received By Job
	0  -  Total Bytes Sent By Job
	0  -  Total Bytes Received By Job
	Partitionable Resources :    Usage  Request Allocated 
	   Cpus                 :     0.91        1         1 
	   Disk (KB)            :     1     3584000   3959034 
	   Memory (MB)          :   326        4096      4096 

	Job terminated of its own accord at 2021-01-07T11:24:45Z.
...
006 (13901872.013.000) 2021-01-07 12:24:54 Image size of job updated: 11301164
	317  -  MemoryUsage of job (MB)
	324280  -  ResidentSetSize of job (KB)
...
005 (13901872.013.000) 2021-01-07 12:24:54 Job terminated.
	(1) Normal termination (return value 0)
		Usr 0 00:04:12, Sys 0 00:00:17  -  Run Remote Usage
		Usr 0 00:00:00, Sys 0 00:00:00  -  Run Local Usage
		Usr 0 00:04:12, Sys 0 00:00:17  -  Total Remote Usage
		Usr 0 00:00:00, Sys 0 00:00:00  -  Total Local Usage
	0  -  Run Bytes Sent By Job
	0  -  Run Bytes Received By Job
	0  -  Total Bytes Sent By Job
	0  -  Total Bytes Received By Job
	Partitionable Resources :    Usage  Request Allocated 
	   Cpus                 :     0.91        1         1 
	   Disk (KB)            :     1     3584000   3972025 
	   Memory (MB)          :   317        4096      4096 

	Job terminated of its own accord at 2021-01-07T11:24:54Z.
...
006 (13901872.001.000) 2021-01-07 12:24:54 Image size of job updated: 11300416
	322  -  MemoryUsage of job (MB)
	329492  -  ResidentSetSize of job (KB)
...
005 (13901872.001.000) 2021-01-07 12:24:54 Job terminated.
	(1) Normal termination (return value 0)
		Usr 0 00:04:13, Sys 0 00:00:15  -  Run Remote Usage
		Usr 0 00:00:00, Sys 0 00:00:00  -  Run Local Usage
		Usr 0 00:04:13, Sys 0 00:00:15  -  Total Remote Usage
		Usr 0 00:00:00, Sys 0 00:00:00  -  Total Local Usage
	0  -  Run Bytes Sent By Job
	0  -  Run Bytes Received By Job
	0  -  Total Bytes Sent By Job
	0  -  Total Bytes Received By Job
	Partitionable Resources :    Usage  Request Allocated 
	   Cpus                 :     0.91        1         1 
	   Disk (KB)            :     1     3584000   4785011 
	   Memory (MB)          :   322        4096      4096 

	Job terminated of its own accord at 2021-01-07T11:24:54Z.
...
006 (13901872.018.000) 2021-01-07 12:24:55 Image size of job updated: 11326196
	387  -  MemoryUsage of job (MB)
	395636  -  ResidentSetSize of job (KB)
...
005 (13901872.018.000) 2021-01-07 12:24:56 Job terminated.
	(1) Normal termination (return value 0)
		Usr 0 00:04:01, Sys 0 00:00:19  -  Run Remote Usage
		Usr 0 00:00:00, Sys 0 00:00:00  -  Run Local Usage
		Usr 0 00:04:01, Sys 0 00:00:19  -  Total Remote Usage
		Usr 0 00:00:00, Sys 0 00:00:00  -  Total Local Usage
	0  -  Run Bytes Sent By Job
	0  -  Run Bytes Received By Job
	0  -  Total Bytes Sent By Job
	0  -  Total Bytes Received By Job
	Partitionable Resources :    Usage  Request Allocated 
	   Cpus                 :     0.87        1         1 
	   Disk (KB)            :     1     3584000   4543209 
	   Memory (MB)          :   387        4096      4096 

	Job terminated of its own accord at 2021-01-07T11:24:55Z.
...
006 (13901872.022.000) 2021-01-07 12:24:57 Image size of job updated: 11326312
	191  -  MemoryUsage of job (MB)
	195016  -  ResidentSetSize of job (KB)
...
005 (13901872.022.000) 2021-01-07 12:24:57 Job terminated.
	(1) Normal termination (return value 0)
		Usr 0 00:03:58, Sys 0 00:00:21  -  Run Remote Usage
		Usr 0 00:00:00, Sys 0 00:00:00  -  Run Local Usage
		Usr 0 00:03:58, Sys 0 00:00:21  -  Total Remote Usage
		Usr 0 00:00:00, Sys 0 00:00:00  -  Total Local Usage
	0  -  Run Bytes Sent By Job
	0  -  Run Bytes Received By Job
	0  -  Total Bytes Sent By Job
	0  -  Total Bytes Received By Job
	Partitionable Resources :    Usage  Request Allocated 
	   Cpus                 :     0.90        1         1 
	   Disk (KB)            :     1     3584000   4412950 
	   Memory (MB)          :   191        4096      4096 

	Job terminated of its own accord at 2021-01-07T11:24:57Z.
...
006 (13901872.006.000) 2021-01-07 12:25:01 Image size of job updated: 10092296
	9855  -  MemoryUsage of job (MB)
	10091332  -  ResidentSetSize of job (KB)
...
006 (13901872.015.000) 2021-01-07 12:25:01 Image size of job updated: 2833304
	2766  -  MemoryUsage of job (MB)
	2832300  -  ResidentSetSize of job (KB)
...
006 (13901872.014.000) 2021-01-07 12:25:01 Image size of job updated: 11323616
	11058  -  MemoryUsage of job (MB)
	11322984  -  ResidentSetSize of job (KB)
...
005 (13901872.015.000) 2021-01-07 12:25:01 Job terminated.
	(1) Normal termination (return value 0)
		Usr 0 00:04:04, Sys 0 00:00:19  -  Run Remote Usage
		Usr 0 00:00:00, Sys 0 00:00:00  -  Run Local Usage
		Usr 0 00:04:04, Sys 0 00:00:19  -  Total Remote Usage
		Usr 0 00:00:00, Sys 0 00:00:00  -  Total Local Usage
	0  -  Run Bytes Sent By Job
	0  -  Run Bytes Received By Job
	0  -  Total Bytes Sent By Job
	0  -  Total Bytes Received By Job
	Partitionable Resources :    Usage  Request Allocated 
	   Cpus                 :     0.87        1         1 
	   Disk (KB)            :     1     3584000   3954678 
	   Memory (MB)          :  2766        4096      4096 

	Job terminated of its own accord at 2021-01-07T11:25:01Z.
...
006 (13901872.017.000) 2021-01-07 12:25:01 Image size of job updated: 10739776
	10487  -  MemoryUsage of job (MB)
	10737996  -  ResidentSetSize of job (KB)
...
006 (13901872.002.000) 2021-01-07 12:25:02 Image size of job updated: 9883008
	7715  -  MemoryUsage of job (MB)
	7900120  -  ResidentSetSize of job (KB)
...
006 (13901872.024.000) 2021-01-07 12:25:02 Image size of job updated: 10445508
	10201  -  MemoryUsage of job (MB)
	10445132  -  ResidentSetSize of job (KB)
...
006 (13901872.023.000) 2021-01-07 12:25:02 Image size of job updated: 11364888
	11070  -  MemoryUsage of job (MB)
	11335404  -  ResidentSetSize of job (KB)
...
006 (13901872.000.000) 2021-01-07 12:25:02 Image size of job updated: 8565064
	8234  -  MemoryUsage of job (MB)
	8431316  -  ResidentSetSize of job (KB)
...
006 (13901872.005.000) 2021-01-07 12:25:02 Image size of job updated: 3106004
	2983  -  MemoryUsage of job (MB)
	3053756  -  ResidentSetSize of job (KB)
...
006 (13901872.004.000) 2021-01-07 12:25:03 Image size of job updated: 11216224
	10953  -  MemoryUsage of job (MB)
	11215040  -  ResidentSetSize of job (KB)
...
006 (13901872.021.000) 2021-01-07 12:25:03 Image size of job updated: 10970196
	10714  -  MemoryUsage of job (MB)
	10970156  -  ResidentSetSize of job (KB)
...
006 (13901872.012.000) 2021-01-07 12:25:03 Image size of job updated: 5834684
	5698  -  MemoryUsage of job (MB)
	5834676  -  ResidentSetSize of job (KB)
...
006 (13901872.020.000) 2021-01-07 12:25:03 Image size of job updated: 11274128
	11009  -  MemoryUsage of job (MB)
	11272612  -  ResidentSetSize of job (KB)
...
006 (13901872.019.000) 2021-01-07 12:25:03 Image size of job updated: 10689760
	10440  -  MemoryUsage of job (MB)
	10689552  -  ResidentSetSize of job (KB)
...
006 (13901872.014.000) 2021-01-07 12:25:04 Image size of job updated: 12840072
	11058  -  MemoryUsage of job (MB)
	11323044  -  ResidentSetSize of job (KB)
...
006 (13901872.023.000) 2021-01-07 12:25:06 Image size of job updated: 11364992
	11070  -  MemoryUsage of job (MB)
	11335508  -  ResidentSetSize of job (KB)
...
005 (13901872.014.000) 2021-01-07 12:25:07 Job terminated.
	(1) Normal termination (return value 0)
		Usr 0 00:04:07, Sys 0 00:00:23  -  Run Remote Usage
		Usr 0 00:00:00, Sys 0 00:00:00  -  Run Local Usage
		Usr 0 00:04:07, Sys 0 00:00:23  -  Total Remote Usage
		Usr 0 00:00:00, Sys 0 00:00:00  -  Total Local Usage
	0  -  Run Bytes Sent By Job
	0  -  Run Bytes Received By Job
	0  -  Total Bytes Sent By Job
	0  -  Total Bytes Received By Job
	Partitionable Resources :    Usage  Request Allocated 
	   Cpus                 :     0.91        1         1 
	   Disk (KB)            :     1     3584000   4541525 
	   Memory (MB)          : 11058        4096      4096 

	Job terminated of its own accord at 2021-01-07T11:25:04Z.
...
005 (13901872.023.000) 2021-01-07 12:25:08 Job terminated.
	(1) Normal termination (return value 0)
		Usr 0 00:04:01, Sys 0 00:00:26  -  Run Remote Usage
		Usr 0 00:00:00, Sys 0 00:00:00  -  Run Local Usage
		Usr 0 00:04:01, Sys 0 00:00:26  -  Total Remote Usage
		Usr 0 00:00:00, Sys 0 00:00:00  -  Total Local Usage
	0  -  Run Bytes Sent By Job
	0  -  Run Bytes Received By Job
	0  -  Total Bytes Sent By Job
	0  -  Total Bytes Received By Job
	Partitionable Resources :    Usage  Request Allocated 
	   Cpus                 :     0.87        1         1 
	   Disk (KB)            :     1     3584000   4821810 
	   Memory (MB)          : 11070        4096      4096 

	Job terminated of its own accord at 2021-01-07T11:25:06Z.
...
006 (13901872.020.000) 2021-01-07 12:25:08 Image size of job updated: 11274184
	11009  -  MemoryUsage of job (MB)
	11272668  -  ResidentSetSize of job (KB)
...
005 (13901872.020.000) 2021-01-07 12:25:08 Job terminated.
	(1) Normal termination (return value 0)
		Usr 0 00:04:09, Sys 0 00:00:18  -  Run Remote Usage
		Usr 0 00:00:00, Sys 0 00:00:00  -  Run Local Usage
		Usr 0 00:04:09, Sys 0 00:00:18  -  Total Remote Usage
		Usr 0 00:00:00, Sys 0 00:00:00  -  Total Local Usage
	0  -  Run Bytes Sent By Job
	0  -  Run Bytes Received By Job
	0  -  Total Bytes Sent By Job
	0  -  Total Bytes Received By Job
	Partitionable Resources :    Usage  Request Allocated 
	   Cpus                 :     0.87        1         1 
	   Disk (KB)            :     1     3584000   4545404 
	   Memory (MB)          : 11009        4096      4096 

	Job terminated of its own accord at 2021-01-07T11:25:08Z.
...
006 (13901872.004.000) 2021-01-07 12:25:09 Image size of job updated: 11216224
	10953  -  MemoryUsage of job (MB)
	11215084  -  ResidentSetSize of job (KB)
...
005 (13901872.004.000) 2021-01-07 12:25:09 Job terminated.
	(1) Normal termination (return value 0)
		Usr 0 00:04:08, Sys 0 00:00:24  -  Run Remote Usage
		Usr 0 00:00:00, Sys 0 00:00:00  -  Run Local Usage
		Usr 0 00:04:08, Sys 0 00:00:24  -  Total Remote Usage
		Usr 0 00:00:00, Sys 0 00:00:00  -  Total Local Usage
	0  -  Run Bytes Sent By Job
	0  -  Run Bytes Received By Job
	0  -  Total Bytes Sent By Job
	0  -  Total Bytes Received By Job
	Partitionable Resources :    Usage  Request Allocated 
	   Cpus                 :     0.87        1         1 
	   Disk (KB)            :     1     3584000   4432044 
	   Memory (MB)          : 10953        4096      4096 

	Job terminated of its own accord at 2021-01-07T11:25:09Z.
...
006 (13901872.021.000) 2021-01-07 12:25:16 Image size of job updated: 10970196
	10714  -  MemoryUsage of job (MB)
	10970376  -  ResidentSetSize of job (KB)
...
005 (13901872.021.000) 2021-01-07 12:25:16 Job terminated.
	(1) Normal termination (return value 0)
		Usr 0 00:04:02, Sys 0 00:00:30  -  Run Remote Usage
		Usr 0 00:00:00, Sys 0 00:00:00  -  Run Local Usage
		Usr 0 00:04:02, Sys 0 00:00:30  -  Total Remote Usage
		Usr 0 00:00:00, Sys 0 00:00:00  -  Total Local Usage
	0  -  Run Bytes Sent By Job
	0  -  Run Bytes Received By Job
	0  -  Total Bytes Sent By Job
	0  -  Total Bytes Received By Job
	Partitionable Resources :    Usage  Request Allocated 
	   Cpus                 :     0.86        1         1 
	   Disk (KB)            :     1     3584000   4370774 
	   Memory (MB)          : 10714        4096      4096 

	Job terminated of its own accord at 2021-01-07T11:25:16Z.
...
006 (13901872.017.000) 2021-01-07 12:25:19 Image size of job updated: 10739776
	10487  -  MemoryUsage of job (MB)
	10738028  -  ResidentSetSize of job (KB)
...
005 (13901872.017.000) 2021-01-07 12:25:19 Job terminated.
	(1) Normal termination (return value 0)
		Usr 0 00:04:11, Sys 0 00:00:22  -  Run Remote Usage
		Usr 0 00:00:00, Sys 0 00:00:00  -  Run Local Usage
		Usr 0 00:04:11, Sys 0 00:00:22  -  Total Remote Usage
		Usr 0 00:00:00, Sys 0 00:00:00  -  Total Local Usage
	0  -  Run Bytes Sent By Job
	0  -  Run Bytes Received By Job
	0  -  Total Bytes Sent By Job
	0  -  Total Bytes Received By Job
	Partitionable Resources :    Usage  Request Allocated 
	   Cpus                 :     0.90        1         1 
	   Disk (KB)            :     1     3584000   4301086 
	   Memory (MB)          : 10487        4096      4096 

	Job terminated of its own accord at 2021-01-07T11:25:19Z.
...
005 (13901872.019.000) 2021-01-07 12:25:23 Job terminated.
	(1) Normal termination (return value 0)
		Usr 0 00:04:01, Sys 0 00:00:22  -  Run Remote Usage
		Usr 0 00:00:00, Sys 0 00:00:00  -  Run Local Usage
		Usr 0 00:04:01, Sys 0 00:00:22  -  Total Remote Usage
		Usr 0 00:00:00, Sys 0 00:00:00  -  Total Local Usage
	0  -  Run Bytes Sent By Job
	0  -  Run Bytes Received By Job
	0  -  Total Bytes Sent By Job
	0  -  Total Bytes Received By Job
	Partitionable Resources :    Usage  Request Allocated 
	   Cpus                 :     0.91        1         1 
	   Disk (KB)            :     1     3584000   3997064 
	   Memory (MB)          : 10440        4096      4096 

	Job terminated of its own accord at 2021-01-07T11:25:23Z.
...
006 (13901872.024.000) 2021-01-07 12:25:31 Image size of job updated: 11356984
	10201  -  MemoryUsage of job (MB)
	10445168  -  ResidentSetSize of job (KB)
...
005 (13901872.024.000) 2021-01-07 12:25:31 Job terminated.
	(1) Normal termination (return value 0)
		Usr 0 00:04:07, Sys 0 00:00:22  -  Run Remote Usage
		Usr 0 00:00:00, Sys 0 00:00:00  -  Run Local Usage
		Usr 0 00:04:07, Sys 0 00:00:22  -  Total Remote Usage
		Usr 0 00:00:00, Sys 0 00:00:00  -  Total Local Usage
	0  -  Run Bytes Sent By Job
	0  -  Run Bytes Received By Job
	0  -  Total Bytes Sent By Job
	0  -  Total Bytes Received By Job
	Partitionable Resources :    Usage  Request Allocated 
	   Cpus                 :     0.80        1         1 
	   Disk (KB)            :     1     3584000   4304235 
	   Memory (MB)          : 10201        4096      4096 

	Job terminated of its own accord at 2021-01-07T11:25:31Z.
...
006 (13901872.006.000) 2021-01-07 12:25:48 Image size of job updated: 10092296
	9855  -  MemoryUsage of job (MB)
	10091432  -  ResidentSetSize of job (KB)
...
005 (13901872.006.000) 2021-01-07 12:25:48 Job terminated.
	(1) Normal termination (return value 0)
		Usr 0 00:02:48, Sys 0 00:00:08  -  Run Remote Usage
		Usr 0 00:00:00, Sys 0 00:00:00  -  Run Local Usage
		Usr 0 00:02:48, Sys 0 00:00:08  -  Total Remote Usage
		Usr 0 00:00:00, Sys 0 00:00:00  -  Total Local Usage
	0  -  Run Bytes Sent By Job
	0  -  Run Bytes Received By Job
	0  -  Total Bytes Sent By Job
	0  -  Total Bytes Received By Job
	Partitionable Resources :    Usage  Request Allocated 
	   Cpus                 :     0.44        1         1 
	   Disk (KB)            :     1     3584000   4412684 
	   Memory (MB)          :  9855        4096      4096 

	Job terminated of its own accord at 2021-01-07T11:25:48Z.
...
006 (13901872.000.000) 2021-01-07 12:26:30 Image size of job updated: 11257180
	8234  -  MemoryUsage of job (MB)
	8431316  -  ResidentSetSize of job (KB)
...
005 (13901872.000.000) 2021-01-07 12:26:30 Job terminated.
	(1) Normal termination (return value 0)
		Usr 0 00:04:02, Sys 0 00:00:20  -  Run Remote Usage
		Usr 0 00:00:00, Sys 0 00:00:00  -  Run Local Usage
		Usr 0 00:04:02, Sys 0 00:00:20  -  Total Remote Usage
		Usr 0 00:00:00, Sys 0 00:00:00  -  Total Local Usage
	0  -  Run Bytes Sent By Job
	0  -  Run Bytes Received By Job
	0  -  Total Bytes Sent By Job
	0  -  Total Bytes Received By Job
	Partitionable Resources :    Usage  Request Allocated 
	   Cpus                 :     0.88        1         1 
	   Disk (KB)            :     1     3584000   4785108 
	   Memory (MB)          :  8234        4096      4096 

	Job terminated of its own accord at 2021-01-07T11:26:30Z.
...
006 (13901872.005.000) 2021-01-07 12:28:00 Image size of job updated: 11389384
	2983  -  MemoryUsage of job (MB)
	3053756  -  ResidentSetSize of job (KB)
...
005 (13901872.005.000) 2021-01-07 12:28:00 Job terminated.
	(1) Normal termination (return value 0)
		Usr 0 00:02:45, Sys 0 00:00:30  -  Run Remote Usage
		Usr 0 00:00:00, Sys 0 00:00:00  -  Run Local Usage
		Usr 0 00:02:45, Sys 0 00:00:30  -  Total Remote Usage
		Usr 0 00:00:00, Sys 0 00:00:00  -  Total Local Usage
	0  -  Run Bytes Sent By Job
	0  -  Run Bytes Received By Job
	0  -  Total Bytes Sent By Job
	0  -  Total Bytes Received By Job
	Partitionable Resources :    Usage  Request Allocated 
	   Cpus                 :     0.92        1         1 
	   Disk (KB)            :     1     3584000   4469750 
	   Memory (MB)          :  2983        4096      4096 

	Job terminated of its own accord at 2021-01-07T11:28:00Z.
...
006 (13901872.012.000) 2021-01-07 12:29:49 Image size of job updated: 11363600
	5698  -  MemoryUsage of job (MB)
	5834676  -  ResidentSetSize of job (KB)
...
005 (13901872.012.000) 2021-01-07 12:29:49 Job terminated.
	(1) Normal termination (return value 0)
		Usr 0 00:02:47, Sys 0 00:00:28  -  Run Remote Usage
		Usr 0 00:00:00, Sys 0 00:00:00  -  Run Local Usage
		Usr 0 00:02:47, Sys 0 00:00:28  -  Total Remote Usage
		Usr 0 00:00:00, Sys 0 00:00:00  -  Total Local Usage
	0  -  Run Bytes Sent By Job
	0  -  Run Bytes Received By Job
	0  -  Total Bytes Sent By Job
	0  -  Total Bytes Received By Job
	Partitionable Resources :    Usage  Request Allocated 
	   Cpus                 :     0.89        1         1 
	   Disk (KB)            :     1     3584000   4466765 
	   Memory (MB)          :  5698        4096      4096 

	Job terminated of its own accord at 2021-01-07T11:29:49Z.
...
006 (13901872.002.000) 2021-01-07 12:30:02 Image size of job updated: 11277748
	8771  -  MemoryUsage of job (MB)
	8980788  -  ResidentSetSize of job (KB)
...
006 (13901872.002.000) 2021-01-07 12:30:10 Image size of job updated: 11277868
	8771  -  MemoryUsage of job (MB)
	8980788  -  ResidentSetSize of job (KB)
...
005 (13901872.002.000) 2021-01-07 12:30:10 Job terminated.
	(1) Normal termination (return value 0)
		Usr 0 00:04:03, Sys 0 00:00:18  -  Run Remote Usage
		Usr 0 00:00:00, Sys 0 00:00:00  -  Run Local Usage
		Usr 0 00:04:03, Sys 0 00:00:18  -  Total Remote Usage
		Usr 0 00:00:00, Sys 0 00:00:00  -  Total Local Usage
	0  -  Run Bytes Sent By Job
	0  -  Run Bytes Received By Job
	0  -  Total Bytes Sent By Job
	0  -  Total Bytes Received By Job
	Partitionable Resources :    Usage  Request Allocated 
	   Cpus                 :     0.01        1         1 
	   Disk (KB)            :     1     3584000   4785505 
	   Memory (MB)          :  8771        4096      4096 

	Job terminated of its own accord at 2021-01-07T11:30:10Z.
...
