000 (13901874.000.000) 2021-01-07 12:19:30 Job submitted from host: <131.169.223.42:9618?addrs=131.169.223.42-9618+[2001-638-700-10df--1-2a]-9618&alias=bird-htc-sched14.desy.de&noUDP&sock=schedd_1936_8371_3>
...
000 (13901874.001.000) 2021-01-07 12:19:30 Job submitted from host: <131.169.223.42:9618?addrs=131.169.223.42-9618+[2001-638-700-10df--1-2a]-9618&alias=bird-htc-sched14.desy.de&noUDP&sock=schedd_1936_8371_3>
...
000 (13901874.002.000) 2021-01-07 12:19:30 Job submitted from host: <131.169.223.42:9618?addrs=131.169.223.42-9618+[2001-638-700-10df--1-2a]-9618&alias=bird-htc-sched14.desy.de&noUDP&sock=schedd_1936_8371_3>
...
000 (13901874.003.000) 2021-01-07 12:19:30 Job submitted from host: <131.169.223.42:9618?addrs=131.169.223.42-9618+[2001-638-700-10df--1-2a]-9618&alias=bird-htc-sched14.desy.de&noUDP&sock=schedd_1936_8371_3>
...
000 (13901874.004.000) 2021-01-07 12:19:30 Job submitted from host: <131.169.223.42:9618?addrs=131.169.223.42-9618+[2001-638-700-10df--1-2a]-9618&alias=bird-htc-sched14.desy.de&noUDP&sock=schedd_1936_8371_3>
...
000 (13901874.005.000) 2021-01-07 12:19:30 Job submitted from host: <131.169.223.42:9618?addrs=131.169.223.42-9618+[2001-638-700-10df--1-2a]-9618&alias=bird-htc-sched14.desy.de&noUDP&sock=schedd_1936_8371_3>
...
000 (13901874.006.000) 2021-01-07 12:19:30 Job submitted from host: <131.169.223.42:9618?addrs=131.169.223.42-9618+[2001-638-700-10df--1-2a]-9618&alias=bird-htc-sched14.desy.de&noUDP&sock=schedd_1936_8371_3>
...
000 (13901874.007.000) 2021-01-07 12:19:30 Job submitted from host: <131.169.223.42:9618?addrs=131.169.223.42-9618+[2001-638-700-10df--1-2a]-9618&alias=bird-htc-sched14.desy.de&noUDP&sock=schedd_1936_8371_3>
...
000 (13901874.008.000) 2021-01-07 12:19:30 Job submitted from host: <131.169.223.42:9618?addrs=131.169.223.42-9618+[2001-638-700-10df--1-2a]-9618&alias=bird-htc-sched14.desy.de&noUDP&sock=schedd_1936_8371_3>
...
000 (13901874.009.000) 2021-01-07 12:19:30 Job submitted from host: <131.169.223.42:9618?addrs=131.169.223.42-9618+[2001-638-700-10df--1-2a]-9618&alias=bird-htc-sched14.desy.de&noUDP&sock=schedd_1936_8371_3>
...
000 (13901874.010.000) 2021-01-07 12:19:30 Job submitted from host: <131.169.223.42:9618?addrs=131.169.223.42-9618+[2001-638-700-10df--1-2a]-9618&alias=bird-htc-sched14.desy.de&noUDP&sock=schedd_1936_8371_3>
...
000 (13901874.011.000) 2021-01-07 12:19:30 Job submitted from host: <131.169.223.42:9618?addrs=131.169.223.42-9618+[2001-638-700-10df--1-2a]-9618&alias=bird-htc-sched14.desy.de&noUDP&sock=schedd_1936_8371_3>
...
000 (13901874.012.000) 2021-01-07 12:19:30 Job submitted from host: <131.169.223.42:9618?addrs=131.169.223.42-9618+[2001-638-700-10df--1-2a]-9618&alias=bird-htc-sched14.desy.de&noUDP&sock=schedd_1936_8371_3>
...
000 (13901874.013.000) 2021-01-07 12:19:30 Job submitted from host: <131.169.223.42:9618?addrs=131.169.223.42-9618+[2001-638-700-10df--1-2a]-9618&alias=bird-htc-sched14.desy.de&noUDP&sock=schedd_1936_8371_3>
...
000 (13901874.014.000) 2021-01-07 12:19:30 Job submitted from host: <131.169.223.42:9618?addrs=131.169.223.42-9618+[2001-638-700-10df--1-2a]-9618&alias=bird-htc-sched14.desy.de&noUDP&sock=schedd_1936_8371_3>
...
000 (13901874.015.000) 2021-01-07 12:19:30 Job submitted from host: <131.169.223.42:9618?addrs=131.169.223.42-9618+[2001-638-700-10df--1-2a]-9618&alias=bird-htc-sched14.desy.de&noUDP&sock=schedd_1936_8371_3>
...
000 (13901874.016.000) 2021-01-07 12:19:30 Job submitted from host: <131.169.223.42:9618?addrs=131.169.223.42-9618+[2001-638-700-10df--1-2a]-9618&alias=bird-htc-sched14.desy.de&noUDP&sock=schedd_1936_8371_3>
...
000 (13901874.017.000) 2021-01-07 12:19:30 Job submitted from host: <131.169.223.42:9618?addrs=131.169.223.42-9618+[2001-638-700-10df--1-2a]-9618&alias=bird-htc-sched14.desy.de&noUDP&sock=schedd_1936_8371_3>
...
000 (13901874.018.000) 2021-01-07 12:19:30 Job submitted from host: <131.169.223.42:9618?addrs=131.169.223.42-9618+[2001-638-700-10df--1-2a]-9618&alias=bird-htc-sched14.desy.de&noUDP&sock=schedd_1936_8371_3>
...
000 (13901874.019.000) 2021-01-07 12:19:30 Job submitted from host: <131.169.223.42:9618?addrs=131.169.223.42-9618+[2001-638-700-10df--1-2a]-9618&alias=bird-htc-sched14.desy.de&noUDP&sock=schedd_1936_8371_3>
...
000 (13901874.020.000) 2021-01-07 12:19:30 Job submitted from host: <131.169.223.42:9618?addrs=131.169.223.42-9618+[2001-638-700-10df--1-2a]-9618&alias=bird-htc-sched14.desy.de&noUDP&sock=schedd_1936_8371_3>
...
000 (13901874.021.000) 2021-01-07 12:19:30 Job submitted from host: <131.169.223.42:9618?addrs=131.169.223.42-9618+[2001-638-700-10df--1-2a]-9618&alias=bird-htc-sched14.desy.de&noUDP&sock=schedd_1936_8371_3>
...
000 (13901874.022.000) 2021-01-07 12:19:30 Job submitted from host: <131.169.223.42:9618?addrs=131.169.223.42-9618+[2001-638-700-10df--1-2a]-9618&alias=bird-htc-sched14.desy.de&noUDP&sock=schedd_1936_8371_3>
...
000 (13901874.023.000) 2021-01-07 12:19:30 Job submitted from host: <131.169.223.42:9618?addrs=131.169.223.42-9618+[2001-638-700-10df--1-2a]-9618&alias=bird-htc-sched14.desy.de&noUDP&sock=schedd_1936_8371_3>
...
000 (13901874.024.000) 2021-01-07 12:19:30 Job submitted from host: <131.169.223.42:9618?addrs=131.169.223.42-9618+[2001-638-700-10df--1-2a]-9618&alias=bird-htc-sched14.desy.de&noUDP&sock=schedd_1936_8371_3>
...
001 (13901874.002.000) 2021-01-07 12:19:53 Job executing on host: <131.169.77.220:37989?addrs=131.169.77.220-37989&alias=bird774.desy.de>
...
001 (13901874.003.000) 2021-01-07 12:19:53 Job executing on host: <131.169.77.218:46312?addrs=131.169.77.218-46312&alias=bird772.desy.de>
...
001 (13901874.005.000) 2021-01-07 12:19:53 Job executing on host: <131.169.164.15:33367?addrs=131.169.164.15-33367&alias=bird815.desy.de>
...
001 (13901874.001.000) 2021-01-07 12:19:53 Job executing on host: <131.169.77.219:33001?addrs=131.169.77.219-33001&alias=bird773.desy.de>
...
001 (13901874.004.000) 2021-01-07 12:19:53 Job executing on host: <131.169.77.227:38205?addrs=131.169.77.227-38205&alias=bird781.desy.de>
...
001 (13901874.018.000) 2021-01-07 12:19:53 Job executing on host: <131.169.163.108:43753?addrs=131.169.163.108-43753&alias=bird669.desy.de>
...
001 (13901874.020.000) 2021-01-07 12:19:53 Job executing on host: <131.169.162.162:36408?addrs=131.169.162.162-36408&alias=batch1162.desy.de>
...
001 (13901874.019.000) 2021-01-07 12:19:53 Job executing on host: <131.169.162.160:34366?addrs=131.169.162.160-34366&alias=batch1160.desy.de>
...
001 (13901874.021.000) 2021-01-07 12:19:53 Job executing on host: <131.169.160.180:44202?addrs=131.169.160.180-44202&alias=batch1182.desy.de>
...
001 (13901874.024.000) 2021-01-07 12:19:54 Job executing on host: <131.169.163.125:45874?addrs=131.169.163.125-45874&alias=bird686.desy.de>
...
001 (13901874.022.000) 2021-01-07 12:19:54 Job executing on host: <131.169.162.165:33349?addrs=131.169.162.165-33349&alias=batch1165.desy.de>
...
001 (13901874.023.000) 2021-01-07 12:19:54 Job executing on host: <131.169.162.151:46593?addrs=131.169.162.151-46593&alias=batch1151.desy.de>
...
001 (13901874.013.000) 2021-01-07 12:19:54 Job executing on host: <131.169.160.159:44197?addrs=131.169.160.159-44197&alias=batch1059.desy.de>
...
001 (13901874.010.000) 2021-01-07 12:19:54 Job executing on host: <131.169.160.162:41225?addrs=131.169.160.162-41225&alias=batch1062.desy.de>
...
001 (13901874.009.000) 2021-01-07 12:19:54 Job executing on host: <131.169.160.156:36378?addrs=131.169.160.156-36378&alias=batch1056.desy.de>
...
001 (13901874.011.000) 2021-01-07 12:19:54 Job executing on host: <131.169.160.160:36891?addrs=131.169.160.160-36891&alias=batch1060.desy.de>
...
001 (13901874.006.000) 2021-01-07 12:19:54 Job executing on host: <131.169.160.113:41710?addrs=131.169.160.113-41710&alias=batch1074.desy.de>
...
001 (13901874.007.000) 2021-01-07 12:19:54 Job executing on host: <131.169.160.110:41945?addrs=131.169.160.110-41945&alias=batch1071.desy.de>
...
001 (13901874.012.000) 2021-01-07 12:19:54 Job executing on host: <131.169.160.166:41105?addrs=131.169.160.166-41105&alias=batch1066.desy.de>
...
001 (13901874.015.000) 2021-01-07 12:19:54 Job executing on host: <131.169.160.165:43172?addrs=131.169.160.165-43172&alias=batch1065.desy.de>
...
001 (13901874.008.000) 2021-01-07 12:19:54 Job executing on host: <131.169.160.115:40831?addrs=131.169.160.115-40831&alias=batch1076.desy.de>
...
001 (13901874.014.000) 2021-01-07 12:19:54 Job executing on host: <131.169.160.114:38877?addrs=131.169.160.114-38877&alias=batch1075.desy.de>
...
001 (13901874.000.000) 2021-01-07 12:19:54 Job executing on host: <131.169.160.167:37786?addrs=131.169.160.167-37786&alias=batch1067.desy.de>
...
001 (13901874.017.000) 2021-01-07 12:19:54 Job executing on host: <131.169.160.163:41671?addrs=131.169.160.163-41671&alias=batch1063.desy.de>
...
001 (13901874.016.000) 2021-01-07 12:19:55 Job executing on host: <131.169.160.158:41179?addrs=131.169.160.158-41179&alias=batch1058.desy.de>
...
006 (13901874.020.000) 2021-01-07 12:20:02 Image size of job updated: 589424
	515  -  MemoryUsage of job (MB)
	527104  -  ResidentSetSize of job (KB)
...
006 (13901874.021.000) 2021-01-07 12:20:02 Image size of job updated: 524512
	492  -  MemoryUsage of job (MB)
	503464  -  ResidentSetSize of job (KB)
...
006 (13901874.019.000) 2021-01-07 12:20:02 Image size of job updated: 210824
	198  -  MemoryUsage of job (MB)
	202656  -  ResidentSetSize of job (KB)
...
006 (13901874.024.000) 2021-01-07 12:20:02 Image size of job updated: 339856
	327  -  MemoryUsage of job (MB)
	334212  -  ResidentSetSize of job (KB)
...
006 (13901874.023.000) 2021-01-07 12:20:02 Image size of job updated: 575256
	515  -  MemoryUsage of job (MB)
	526684  -  ResidentSetSize of job (KB)
...
006 (13901874.022.000) 2021-01-07 12:20:02 Image size of job updated: 396956
	380  -  MemoryUsage of job (MB)
	388856  -  ResidentSetSize of job (KB)
...
006 (13901874.013.000) 2021-01-07 12:20:02 Image size of job updated: 281988
	242  -  MemoryUsage of job (MB)
	247044  -  ResidentSetSize of job (KB)
...
006 (13901874.010.000) 2021-01-07 12:20:02 Image size of job updated: 159852
	125  -  MemoryUsage of job (MB)
	127172  -  ResidentSetSize of job (KB)
...
006 (13901874.009.000) 2021-01-07 12:20:02 Image size of job updated: 181448
	171  -  MemoryUsage of job (MB)
	174496  -  ResidentSetSize of job (KB)
...
006 (13901874.011.000) 2021-01-07 12:20:02 Image size of job updated: 203828
	176  -  MemoryUsage of job (MB)
	179208  -  ResidentSetSize of job (KB)
...
006 (13901874.006.000) 2021-01-07 12:20:02 Image size of job updated: 246252
	203  -  MemoryUsage of job (MB)
	206896  -  ResidentSetSize of job (KB)
...
006 (13901874.012.000) 2021-01-07 12:20:02 Image size of job updated: 195712
	176  -  MemoryUsage of job (MB)
	180204  -  ResidentSetSize of job (KB)
...
006 (13901874.002.000) 2021-01-07 12:20:02 Image size of job updated: 382964
	357  -  MemoryUsage of job (MB)
	364884  -  ResidentSetSize of job (KB)
...
006 (13901874.003.000) 2021-01-07 12:20:02 Image size of job updated: 418044
	374  -  MemoryUsage of job (MB)
	382420  -  ResidentSetSize of job (KB)
...
006 (13901874.005.000) 2021-01-07 12:20:02 Image size of job updated: 401368
	377  -  MemoryUsage of job (MB)
	385900  -  ResidentSetSize of job (KB)
...
006 (13901874.001.000) 2021-01-07 12:20:02 Image size of job updated: 458384
	381  -  MemoryUsage of job (MB)
	389188  -  ResidentSetSize of job (KB)
...
006 (13901874.004.000) 2021-01-07 12:20:02 Image size of job updated: 375724
	359  -  MemoryUsage of job (MB)
	367456  -  ResidentSetSize of job (KB)
...
006 (13901874.018.000) 2021-01-07 12:20:02 Image size of job updated: 396080
	387  -  MemoryUsage of job (MB)
	395344  -  ResidentSetSize of job (KB)
...
006 (13901874.007.000) 2021-01-07 12:20:03 Image size of job updated: 242464
	188  -  MemoryUsage of job (MB)
	192464  -  ResidentSetSize of job (KB)
...
006 (13901874.015.000) 2021-01-07 12:20:03 Image size of job updated: 206840
	200  -  MemoryUsage of job (MB)
	204276  -  ResidentSetSize of job (KB)
...
006 (13901874.008.000) 2021-01-07 12:20:03 Image size of job updated: 338408
	311  -  MemoryUsage of job (MB)
	318428  -  ResidentSetSize of job (KB)
...
006 (13901874.014.000) 2021-01-07 12:20:03 Image size of job updated: 268632
	247  -  MemoryUsage of job (MB)
	252260  -  ResidentSetSize of job (KB)
...
006 (13901874.000.000) 2021-01-07 12:20:03 Image size of job updated: 258428
	250  -  MemoryUsage of job (MB)
	255680  -  ResidentSetSize of job (KB)
...
006 (13901874.017.000) 2021-01-07 12:20:03 Image size of job updated: 386440
	330  -  MemoryUsage of job (MB)
	337100  -  ResidentSetSize of job (KB)
...
006 (13901874.016.000) 2021-01-07 12:20:04 Image size of job updated: 78364
	52  -  MemoryUsage of job (MB)
	52592  -  ResidentSetSize of job (KB)
...
006 (13901874.022.000) 2021-01-07 12:23:28 Image size of job updated: 12965468
	380  -  MemoryUsage of job (MB)
	388876  -  ResidentSetSize of job (KB)
...
005 (13901874.022.000) 2021-01-07 12:23:28 Job terminated.
	(1) Normal termination (return value 0)
		Usr 0 00:02:47, Sys 0 00:00:09  -  Run Remote Usage
		Usr 0 00:00:00, Sys 0 00:00:00  -  Run Local Usage
		Usr 0 00:02:47, Sys 0 00:00:09  -  Total Remote Usage
		Usr 0 00:00:00, Sys 0 00:00:00  -  Total Local Usage
	0  -  Run Bytes Sent By Job
	0  -  Run Bytes Received By Job
	0  -  Total Bytes Sent By Job
	0  -  Total Bytes Received By Job
	Partitionable Resources :    Usage  Request Allocated 
	   Cpus                 :     0.87        1         1 
	   Disk (KB)            :     1     3584000   4408864 
	   Memory (MB)          :   380        4096      4096 

	Job terminated of its own accord at 2021-01-07T11:23:28Z.
...
006 (13901874.021.000) 2021-01-07 12:23:31 Image size of job updated: 11406292
	492  -  MemoryUsage of job (MB)
	503504  -  ResidentSetSize of job (KB)
...
005 (13901874.021.000) 2021-01-07 12:23:31 Job terminated.
	(1) Normal termination (return value 0)
		Usr 0 00:02:48, Sys 0 00:00:09  -  Run Remote Usage
		Usr 0 00:00:00, Sys 0 00:00:00  -  Run Local Usage
		Usr 0 00:02:48, Sys 0 00:00:09  -  Total Remote Usage
		Usr 0 00:00:00, Sys 0 00:00:00  -  Total Local Usage
	0  -  Run Bytes Sent By Job
	0  -  Run Bytes Received By Job
	0  -  Total Bytes Sent By Job
	0  -  Total Bytes Received By Job
	Partitionable Resources :    Usage  Request Allocated 
	   Cpus                 :     0.80        1         1 
	   Disk (KB)            :     1     3584000   4466788 
	   Memory (MB)          :   492        4096      4096 

	Job terminated of its own accord at 2021-01-07T11:23:31Z.
...
006 (13901874.020.000) 2021-01-07 12:23:32 Image size of job updated: 7677884
	515  -  MemoryUsage of job (MB)
	527152  -  ResidentSetSize of job (KB)
...
005 (13901874.020.000) 2021-01-07 12:23:32 Job terminated.
	(1) Normal termination (return value 0)
		Usr 0 00:02:50, Sys 0 00:00:13  -  Run Remote Usage
		Usr 0 00:00:00, Sys 0 00:00:00  -  Run Local Usage
		Usr 0 00:02:50, Sys 0 00:00:13  -  Total Remote Usage
		Usr 0 00:00:00, Sys 0 00:00:00  -  Total Local Usage
	0  -  Run Bytes Sent By Job
	0  -  Run Bytes Received By Job
	0  -  Total Bytes Sent By Job
	0  -  Total Bytes Received By Job
	Partitionable Resources :    Usage  Request Allocated 
	   Cpus                 :     0.57        1         1 
	   Disk (KB)            :     1     3584000   4409156 
	   Memory (MB)          :   515        4096      4096 

	Job terminated of its own accord at 2021-01-07T11:23:32Z.
...
006 (13901874.023.000) 2021-01-07 12:24:20 Image size of job updated: 11343560
	515  -  MemoryUsage of job (MB)
	526684  -  ResidentSetSize of job (KB)
...
005 (13901874.023.000) 2021-01-07 12:24:21 Job terminated.
	(1) Normal termination (return value 0)
		Usr 0 00:02:50, Sys 0 00:00:13  -  Run Remote Usage
		Usr 0 00:00:00, Sys 0 00:00:00  -  Run Local Usage
		Usr 0 00:02:50, Sys 0 00:00:13  -  Total Remote Usage
		Usr 0 00:00:00, Sys 0 00:00:00  -  Total Local Usage
	0  -  Run Bytes Sent By Job
	0  -  Run Bytes Received By Job
	0  -  Total Bytes Sent By Job
	0  -  Total Bytes Received By Job
	Partitionable Resources :    Usage  Request Allocated 
	   Cpus                 :     0.85        1         1 
	   Disk (KB)            :     1     3584000   4410209 
	   Memory (MB)          :   515        4096      4096 

	Job terminated of its own accord at 2021-01-07T11:24:20Z.
...
006 (13901874.018.000) 2021-01-07 12:24:45 Image size of job updated: 12834192
	387  -  MemoryUsage of job (MB)
	395344  -  ResidentSetSize of job (KB)
...
005 (13901874.018.000) 2021-01-07 12:24:45 Job terminated.
	(1) Normal termination (return value 0)
		Usr 0 00:04:03, Sys 0 00:00:17  -  Run Remote Usage
		Usr 0 00:00:00, Sys 0 00:00:00  -  Run Local Usage
		Usr 0 00:04:03, Sys 0 00:00:17  -  Total Remote Usage
		Usr 0 00:00:00, Sys 0 00:00:00  -  Total Local Usage
	0  -  Run Bytes Sent By Job
	0  -  Run Bytes Received By Job
	0  -  Total Bytes Sent By Job
	0  -  Total Bytes Received By Job
	Partitionable Resources :    Usage  Request Allocated 
	   Cpus                 :     0.92        1         1 
	   Disk (KB)            :     1     3584000   3959034 
	   Memory (MB)          :   387        4096      4096 

	Job terminated of its own accord at 2021-01-07T11:24:45Z.
...
006 (13901874.003.000) 2021-01-07 12:24:51 Image size of job updated: 418044
	374  -  MemoryUsage of job (MB)
	382708  -  ResidentSetSize of job (KB)
...
005 (13901874.003.000) 2021-01-07 12:24:51 Job terminated.
	(1) Normal termination (return value 0)
		Usr 0 00:04:06, Sys 0 00:00:17  -  Run Remote Usage
		Usr 0 00:00:00, Sys 0 00:00:00  -  Run Local Usage
		Usr 0 00:04:06, Sys 0 00:00:17  -  Total Remote Usage
		Usr 0 00:00:00, Sys 0 00:00:00  -  Total Local Usage
	0  -  Run Bytes Sent By Job
	0  -  Run Bytes Received By Job
	0  -  Total Bytes Sent By Job
	0  -  Total Bytes Received By Job
	Partitionable Resources :    Usage  Request Allocated 
	   Cpus                 :     0.88        1         1 
	   Disk (KB)            :     1     3584000   4785011 
	   Memory (MB)          :   374        4096      4096 

	Job terminated of its own accord at 2021-01-07T11:24:51Z.
...
006 (13901874.006.000) 2021-01-07 12:24:55 Image size of job updated: 11389904
	203  -  MemoryUsage of job (MB)
	207132  -  ResidentSetSize of job (KB)
...
005 (13901874.006.000) 2021-01-07 12:24:55 Job terminated.
	(1) Normal termination (return value 0)
		Usr 0 00:04:04, Sys 0 00:00:21  -  Run Remote Usage
		Usr 0 00:00:00, Sys 0 00:00:00  -  Run Local Usage
		Usr 0 00:04:04, Sys 0 00:00:21  -  Total Remote Usage
		Usr 0 00:00:00, Sys 0 00:00:00  -  Total Local Usage
	0  -  Run Bytes Sent By Job
	0  -  Run Bytes Received By Job
	0  -  Total Bytes Sent By Job
	0  -  Total Bytes Received By Job
	Partitionable Resources :    Usage  Request Allocated 
	   Cpus                 :     0.87        1         1 
	   Disk (KB)            :     1     3584000   4475551 
	   Memory (MB)          :   203        4096      4096 

	Job terminated of its own accord at 2021-01-07T11:24:55Z.
...
006 (13901874.015.000) 2021-01-07 12:24:59 Image size of job updated: 11258336
	200  -  MemoryUsage of job (MB)
	204304  -  ResidentSetSize of job (KB)
...
005 (13901874.015.000) 2021-01-07 12:24:59 Job terminated.
	(1) Normal termination (return value 0)
		Usr 0 00:03:57, Sys 0 00:00:18  -  Run Remote Usage
		Usr 0 00:00:00, Sys 0 00:00:00  -  Run Local Usage
		Usr 0 00:03:57, Sys 0 00:00:18  -  Total Remote Usage
		Usr 0 00:00:00, Sys 0 00:00:00  -  Total Local Usage
	0  -  Run Bytes Sent By Job
	0  -  Run Bytes Received By Job
	0  -  Total Bytes Sent By Job
	0  -  Total Bytes Received By Job
	Partitionable Resources :    Usage  Request Allocated 
	   Cpus                 :     0.90        1         1 
	   Disk (KB)            :     1     3584000   4436040 
	   Memory (MB)          :   200        4096      4096 

	Job terminated of its own accord at 2021-01-07T11:24:59Z.
...
006 (13901874.019.000) 2021-01-07 12:25:02 Image size of job updated: 10049260
	9814  -  MemoryUsage of job (MB)
	10049128  -  ResidentSetSize of job (KB)
...
006 (13901874.024.000) 2021-01-07 12:25:02 Image size of job updated: 10390332
	10147  -  MemoryUsage of job (MB)
	10390268  -  ResidentSetSize of job (KB)
...
006 (13901874.010.000) 2021-01-07 12:25:02 Image size of job updated: 6361192
	4181  -  MemoryUsage of job (MB)
	4280996  -  ResidentSetSize of job (KB)
...
006 (13901874.009.000) 2021-01-07 12:25:02 Image size of job updated: 9986136
	9751  -  MemoryUsage of job (MB)
	9984664  -  ResidentSetSize of job (KB)
...
006 (13901874.013.000) 2021-01-07 12:25:02 Image size of job updated: 8985064
	4734  -  MemoryUsage of job (MB)
	4846928  -  ResidentSetSize of job (KB)
...
006 (13901874.011.000) 2021-01-07 12:25:02 Image size of job updated: 6830120
	4222  -  MemoryUsage of job (MB)
	4322592  -  ResidentSetSize of job (KB)
...
006 (13901874.012.000) 2021-01-07 12:25:02 Image size of job updated: 9345096
	9125  -  MemoryUsage of job (MB)
	9343064  -  ResidentSetSize of job (KB)
...
006 (13901874.005.000) 2021-01-07 12:25:03 Image size of job updated: 10722788
	8779  -  MemoryUsage of job (MB)
	8989428  -  ResidentSetSize of job (KB)
...
006 (13901874.004.000) 2021-01-07 12:25:03 Image size of job updated: 9897604
	7546  -  MemoryUsage of job (MB)
	7726692  -  ResidentSetSize of job (KB)
...
006 (13901874.001.000) 2021-01-07 12:25:03 Image size of job updated: 10089624
	9853  -  MemoryUsage of job (MB)
	10088876  -  ResidentSetSize of job (KB)
...
006 (13901874.002.000) 2021-01-07 12:25:04 Image size of job updated: 10898444
	10499  -  MemoryUsage of job (MB)
	10750804  -  ResidentSetSize of job (KB)
...
006 (13901874.017.000) 2021-01-07 12:25:04 Image size of job updated: 10687692
	10435  -  MemoryUsage of job (MB)
	10685296  -  ResidentSetSize of job (KB)
...
006 (13901874.008.000) 2021-01-07 12:25:04 Image size of job updated: 10961508
	10703  -  MemoryUsage of job (MB)
	10959732  -  ResidentSetSize of job (KB)
...
006 (13901874.007.000) 2021-01-07 12:25:04 Image size of job updated: 9845024
	8776  -  MemoryUsage of job (MB)
	8986052  -  ResidentSetSize of job (KB)
...
006 (13901874.000.000) 2021-01-07 12:25:04 Image size of job updated: 9373564
	9138  -  MemoryUsage of job (MB)
	9356496  -  ResidentSetSize of job (KB)
...
006 (13901874.016.000) 2021-01-07 12:25:05 Image size of job updated: 7478568
	4009  -  MemoryUsage of job (MB)
	4105084  -  ResidentSetSize of job (KB)
...
006 (13901874.014.000) 2021-01-07 12:25:05 Image size of job updated: 6785100
	6626  -  MemoryUsage of job (MB)
	6784780  -  ResidentSetSize of job (KB)
...
006 (13901874.008.000) 2021-01-07 12:25:20 Image size of job updated: 10961508
	10703  -  MemoryUsage of job (MB)
	10959736  -  ResidentSetSize of job (KB)
...
005 (13901874.008.000) 2021-01-07 12:25:20 Job terminated.
	(1) Normal termination (return value 0)
		Usr 0 00:04:21, Sys 0 00:00:24  -  Run Remote Usage
		Usr 0 00:00:00, Sys 0 00:00:00  -  Run Local Usage
		Usr 0 00:04:21, Sys 0 00:00:24  -  Total Remote Usage
		Usr 0 00:00:00, Sys 0 00:00:00  -  Total Local Usage
	0  -  Run Bytes Sent By Job
	0  -  Run Bytes Received By Job
	0  -  Total Bytes Sent By Job
	0  -  Total Bytes Received By Job
	Partitionable Resources :    Usage  Request Allocated 
	   Cpus                 :     0.89        1         1 
	   Disk (KB)            :     1     3584000   4423931 
	   Memory (MB)          : 10703        4096      4096 

	Job terminated of its own accord at 2021-01-07T11:25:20Z.
...
006 (13901874.017.000) 2021-01-07 12:25:24 Image size of job updated: 11413440
	10436  -  MemoryUsage of job (MB)
	10685452  -  ResidentSetSize of job (KB)
...
005 (13901874.017.000) 2021-01-07 12:25:24 Job terminated.
	(1) Normal termination (return value 0)
		Usr 0 00:03:57, Sys 0 00:00:24  -  Run Remote Usage
		Usr 0 00:00:00, Sys 0 00:00:00  -  Run Local Usage
		Usr 0 00:03:57, Sys 0 00:00:24  -  Total Remote Usage
		Usr 0 00:00:00, Sys 0 00:00:00  -  Total Local Usage
	0  -  Run Bytes Sent By Job
	0  -  Run Bytes Received By Job
	0  -  Total Bytes Sent By Job
	0  -  Total Bytes Received By Job
	Partitionable Resources :    Usage  Request Allocated 
	   Cpus                 :     0.86        1         1 
	   Disk (KB)            :     1     3584000   4827678 
	   Memory (MB)          : 10436        4096      4096 

	Job terminated of its own accord at 2021-01-07T11:25:24Z.
...
006 (13901874.002.000) 2021-01-07 12:25:25 Image size of job updated: 12837292
	10499  -  MemoryUsage of job (MB)
	10750836  -  ResidentSetSize of job (KB)
...
005 (13901874.002.000) 2021-01-07 12:25:25 Job terminated.
	(1) Normal termination (return value 0)
		Usr 0 00:03:56, Sys 0 00:00:18  -  Run Remote Usage
		Usr 0 00:00:00, Sys 0 00:00:00  -  Run Local Usage
		Usr 0 00:03:56, Sys 0 00:00:18  -  Total Remote Usage
		Usr 0 00:00:00, Sys 0 00:00:00  -  Total Local Usage
	0  -  Run Bytes Sent By Job
	0  -  Run Bytes Received By Job
	0  -  Total Bytes Sent By Job
	0  -  Total Bytes Received By Job
	Partitionable Resources :    Usage  Request Allocated 
	   Cpus                 :     0.86        1         1 
	   Disk (KB)            :     1     3584000   4785108 
	   Memory (MB)          : 10499        4096      4096 

	Job terminated of its own accord at 2021-01-07T11:25:25Z.
...
006 (13901874.024.000) 2021-01-07 12:25:32 Image size of job updated: 11264376
	10147  -  MemoryUsage of job (MB)
	10390476  -  ResidentSetSize of job (KB)
...
005 (13901874.024.000) 2021-01-07 12:25:32 Job terminated.
	(1) Normal termination (return value 0)
		Usr 0 00:04:05, Sys 0 00:00:20  -  Run Remote Usage
		Usr 0 00:00:00, Sys 0 00:00:00  -  Run Local Usage
		Usr 0 00:04:05, Sys 0 00:00:20  -  Total Remote Usage
		Usr 0 00:00:00, Sys 0 00:00:00  -  Total Local Usage
	0  -  Run Bytes Sent By Job
	0  -  Run Bytes Received By Job
	0  -  Total Bytes Sent By Job
	0  -  Total Bytes Received By Job
	Partitionable Resources :    Usage  Request Allocated 
	   Cpus                 :     0.80        1         1 
	   Disk (KB)            :     1     3584000   3955591 
	   Memory (MB)          : 10147        4096      4096 

	Job terminated of its own accord at 2021-01-07T11:25:32Z.
...
006 (13901874.001.000) 2021-01-07 12:25:39 Image size of job updated: 12841200
	9853  -  MemoryUsage of job (MB)
	10088936  -  ResidentSetSize of job (KB)
...
005 (13901874.001.000) 2021-01-07 12:25:39 Job terminated.
	(1) Normal termination (return value 0)
		Usr 0 00:04:07, Sys 0 00:00:25  -  Run Remote Usage
		Usr 0 00:00:00, Sys 0 00:00:00  -  Run Local Usage
		Usr 0 00:04:07, Sys 0 00:00:25  -  Total Remote Usage
		Usr 0 00:00:00, Sys 0 00:00:00  -  Total Local Usage
	0  -  Run Bytes Sent By Job
	0  -  Run Bytes Received By Job
	0  -  Total Bytes Sent By Job
	0  -  Total Bytes Received By Job
	Partitionable Resources :    Usage  Request Allocated 
	   Cpus                 :     0.89        1         1 
	   Disk (KB)            :     1     3584000   4784557 
	   Memory (MB)          :  9853        4096      4096 

	Job terminated of its own accord at 2021-01-07T11:25:39Z.
...
006 (13901874.009.000) 2021-01-07 12:25:48 Image size of job updated: 11412476
	9751  -  MemoryUsage of job (MB)
	9984700  -  ResidentSetSize of job (KB)
...
005 (13901874.009.000) 2021-01-07 12:25:48 Job terminated.
	(1) Normal termination (return value 0)
		Usr 0 00:04:40, Sys 0 00:00:27  -  Run Remote Usage
		Usr 0 00:00:00, Sys 0 00:00:00  -  Run Local Usage
		Usr 0 00:04:40, Sys 0 00:00:27  -  Total Remote Usage
		Usr 0 00:00:00, Sys 0 00:00:00  -  Total Local Usage
	0  -  Run Bytes Sent By Job
	0  -  Run Bytes Received By Job
	0  -  Total Bytes Sent By Job
	0  -  Total Bytes Received By Job
	Partitionable Resources :    Usage  Request Allocated 
	   Cpus                 :     0.86        1         1 
	   Disk (KB)            :     1     3584000   4559338 
	   Memory (MB)          :  9751        4096      4096 

	Job terminated of its own accord at 2021-01-07T11:25:48Z.
...
006 (13901874.005.000) 2021-01-07 12:25:51 Image size of job updated: 12853536
	8779  -  MemoryUsage of job (MB)
	8989428  -  ResidentSetSize of job (KB)
...
005 (13901874.005.000) 2021-01-07 12:25:51 Job terminated.
	(1) Normal termination (return value 0)
		Usr 0 00:04:02, Sys 0 00:00:19  -  Run Remote Usage
		Usr 0 00:00:00, Sys 0 00:00:00  -  Run Local Usage
		Usr 0 00:04:02, Sys 0 00:00:19  -  Total Remote Usage
		Usr 0 00:00:00, Sys 0 00:00:00  -  Total Local Usage
	0  -  Run Bytes Sent By Job
	0  -  Run Bytes Received By Job
	0  -  Total Bytes Sent By Job
	0  -  Total Bytes Received By Job
	Partitionable Resources :    Usage  Request Allocated 
	   Cpus                 :     0.56        1         1 
	   Disk (KB)            :     1     3584000   3994221 
	   Memory (MB)          :  8779        4096      4096 

	Job terminated of its own accord at 2021-01-07T11:25:51Z.
...
006 (13901874.019.000) 2021-01-07 12:25:51 Image size of job updated: 11378904
	9814  -  MemoryUsage of job (MB)
	10049128  -  ResidentSetSize of job (KB)
...
005 (13901874.019.000) 2021-01-07 12:25:52 Job terminated.
	(1) Normal termination (return value 0)
		Usr 0 00:02:49, Sys 0 00:00:09  -  Run Remote Usage
		Usr 0 00:00:00, Sys 0 00:00:00  -  Run Local Usage
		Usr 0 00:02:49, Sys 0 00:00:09  -  Total Remote Usage
		Usr 0 00:00:00, Sys 0 00:00:00  -  Total Local Usage
	0  -  Run Bytes Sent By Job
	0  -  Run Bytes Received By Job
	0  -  Total Bytes Sent By Job
	0  -  Total Bytes Received By Job
	Partitionable Resources :    Usage  Request Allocated 
	   Cpus                 :     0.57        1         1 
	   Disk (KB)            :     1     3584000   4412684 
	   Memory (MB)          :  9814        4096      4096 

	Job terminated of its own accord at 2021-01-07T11:25:51Z.
...
006 (13901874.007.000) 2021-01-07 12:25:56 Image size of job updated: 11341452
	8776  -  MemoryUsage of job (MB)
	8986092  -  ResidentSetSize of job (KB)
...
005 (13901874.007.000) 2021-01-07 12:25:56 Job terminated.
	(1) Normal termination (return value 0)
		Usr 0 00:04:32, Sys 0 00:00:26  -  Run Remote Usage
		Usr 0 00:00:00, Sys 0 00:00:00  -  Run Local Usage
		Usr 0 00:04:32, Sys 0 00:00:26  -  Total Remote Usage
		Usr 0 00:00:00, Sys 0 00:00:00  -  Total Local Usage
	0  -  Run Bytes Sent By Job
	0  -  Run Bytes Received By Job
	0  -  Total Bytes Sent By Job
	0  -  Total Bytes Received By Job
	Partitionable Resources :    Usage  Request Allocated 
	   Cpus                 :     0.86        1         1 
	   Disk (KB)            :     1     3584000   4420855 
	   Memory (MB)          :  8776        4096      4096 

	Job terminated of its own accord at 2021-01-07T11:25:56Z.
...
006 (13901874.000.000) 2021-01-07 12:26:06 Image size of job updated: 9373564
	9138  -  MemoryUsage of job (MB)
	9356592  -  ResidentSetSize of job (KB)
...
005 (13901874.000.000) 2021-01-07 12:26:07 Job terminated.
	(1) Normal termination (return value 0)
		Usr 0 00:04:32, Sys 0 00:00:36  -  Run Remote Usage
		Usr 0 00:00:00, Sys 0 00:00:00  -  Run Local Usage
		Usr 0 00:04:32, Sys 0 00:00:36  -  Total Remote Usage
		Usr 0 00:00:00, Sys 0 00:00:00  -  Total Local Usage
	0  -  Run Bytes Sent By Job
	0  -  Run Bytes Received By Job
	0  -  Total Bytes Sent By Job
	0  -  Total Bytes Received By Job
	Partitionable Resources :    Usage  Request Allocated 
	   Cpus                 :     0.89        1         1 
	   Disk (KB)            :     1     3584000   4389306 
	   Memory (MB)          :  9138        4096      4096 

	Job terminated of its own accord at 2021-01-07T11:26:06Z.
...
006 (13901874.012.000) 2021-01-07 12:26:11 Image size of job updated: 11352512
	9125  -  MemoryUsage of job (MB)
	9343064  -  ResidentSetSize of job (KB)
...
005 (13901874.012.000) 2021-01-07 12:26:11 Job terminated.
	(1) Normal termination (return value 0)
		Usr 0 00:04:06, Sys 0 00:00:23  -  Run Remote Usage
		Usr 0 00:00:00, Sys 0 00:00:00  -  Run Local Usage
		Usr 0 00:04:06, Sys 0 00:00:23  -  Total Remote Usage
		Usr 0 00:00:00, Sys 0 00:00:00  -  Total Local Usage
	0  -  Run Bytes Sent By Job
	0  -  Run Bytes Received By Job
	0  -  Total Bytes Sent By Job
	0  -  Total Bytes Received By Job
	Partitionable Resources :    Usage  Request Allocated 
	   Cpus                 :     0.69        1         1 
	   Disk (KB)            :     1     3584000   4816309 
	   Memory (MB)          :  9125        4096      4096 

	Job terminated of its own accord at 2021-01-07T11:26:11Z.
...
006 (13901874.013.000) 2021-01-07 12:26:36 Image size of job updated: 11295800
	4734  -  MemoryUsage of job (MB)
	4847144  -  ResidentSetSize of job (KB)
...
005 (13901874.013.000) 2021-01-07 12:26:36 Job terminated.
	(1) Normal termination (return value 0)
		Usr 0 00:04:23, Sys 0 00:00:29  -  Run Remote Usage
		Usr 0 00:00:00, Sys 0 00:00:00  -  Run Local Usage
		Usr 0 00:04:23, Sys 0 00:00:29  -  Total Remote Usage
		Usr 0 00:00:00, Sys 0 00:00:00  -  Total Local Usage
	0  -  Run Bytes Sent By Job
	0  -  Run Bytes Received By Job
	0  -  Total Bytes Sent By Job
	0  -  Total Bytes Received By Job
	Partitionable Resources :    Usage  Request Allocated 
	   Cpus                 :     0.63        1         1 
	   Disk (KB)            :     1     3584000   4385904 
	   Memory (MB)          :  4734        4096      4096 

	Job terminated of its own accord at 2021-01-07T11:26:36Z.
...
006 (13901874.011.000) 2021-01-07 12:28:37 Image size of job updated: 6830120
	4222  -  MemoryUsage of job (MB)
	4322620  -  ResidentSetSize of job (KB)
...
005 (13901874.011.000) 2021-01-07 12:28:38 Job terminated.
	(1) Normal termination (return value 0)
		Usr 0 00:04:25, Sys 0 00:00:32  -  Run Remote Usage
		Usr 0 00:00:00, Sys 0 00:00:00  -  Run Local Usage
		Usr 0 00:04:25, Sys 0 00:00:32  -  Total Remote Usage
		Usr 0 00:00:00, Sys 0 00:00:00  -  Total Local Usage
	0  -  Run Bytes Sent By Job
	0  -  Run Bytes Received By Job
	0  -  Total Bytes Sent By Job
	0  -  Total Bytes Received By Job
	Partitionable Resources :    Usage  Request Allocated 
	   Cpus                 :     0.64        1         1 
	   Disk (KB)            :     1     3584000   4392699 
	   Memory (MB)          :  4222        4096      4096 

	Job terminated of its own accord at 2021-01-07T11:28:37Z.
...
006 (13901874.016.000) 2021-01-07 12:29:01 Image size of job updated: 11364456
	4009  -  MemoryUsage of job (MB)
	4105084  -  ResidentSetSize of job (KB)
...
005 (13901874.016.000) 2021-01-07 12:29:01 Job terminated.
	(1) Normal termination (return value 0)
		Usr 0 00:05:02, Sys 0 00:01:11  -  Run Remote Usage
		Usr 0 00:00:00, Sys 0 00:00:00  -  Run Local Usage
		Usr 0 00:05:02, Sys 0 00:01:11  -  Total Remote Usage
		Usr 0 00:00:00, Sys 0 00:00:00  -  Total Local Usage
	0  -  Run Bytes Sent By Job
	0  -  Run Bytes Received By Job
	0  -  Total Bytes Sent By Job
	0  -  Total Bytes Received By Job
	Partitionable Resources :    Usage  Request Allocated 
	   Cpus                 :     0.87        1         1 
	   Disk (KB)            :     1     3584000   4399817 
	   Memory (MB)          :  4009        4096      4096 

	Job terminated of its own accord at 2021-01-07T11:29:01Z.
...
006 (13901874.004.000) 2021-01-07 12:30:03 Image size of job updated: 10231564
	7546  -  MemoryUsage of job (MB)
	7726692  -  ResidentSetSize of job (KB)
...
006 (13901874.010.000) 2021-01-07 12:30:03 Image size of job updated: 10253712
	6681  -  MemoryUsage of job (MB)
	6841212  -  ResidentSetSize of job (KB)
...
006 (13901874.014.000) 2021-01-07 12:30:05 Image size of job updated: 11274124
	9361  -  MemoryUsage of job (MB)
	9584676  -  ResidentSetSize of job (KB)
...
005 (13901874.014.000) 2021-01-07 12:30:11 Job terminated.
	(1) Normal termination (return value 0)
		Usr 0 00:04:19, Sys 0 00:01:59  -  Run Remote Usage
		Usr 0 00:00:00, Sys 0 00:00:00  -  Run Local Usage
		Usr 0 00:04:19, Sys 0 00:01:59  -  Total Remote Usage
		Usr 0 00:00:00, Sys 0 00:00:00  -  Total Local Usage
	0  -  Run Bytes Sent By Job
	0  -  Run Bytes Received By Job
	0  -  Total Bytes Sent By Job
	0  -  Total Bytes Received By Job
	Partitionable Resources :    Usage  Request Allocated 
	   Cpus                 :     0.74        1         1 
	   Disk (KB)            :     1     3584000   4422011 
	   Memory (MB)          :  9361        4096      4096 

	Job terminated of its own accord at 2021-01-07T11:30:11Z.
...
006 (13901874.010.000) 2021-01-07 12:30:39 Image size of job updated: 11420228
	6681  -  MemoryUsage of job (MB)
	6841252  -  ResidentSetSize of job (KB)
...
005 (13901874.010.000) 2021-01-07 12:30:39 Job terminated.
	(1) Normal termination (return value 0)
		Usr 0 00:04:12, Sys 0 00:02:13  -  Run Remote Usage
		Usr 0 00:00:00, Sys 0 00:00:00  -  Run Local Usage
		Usr 0 00:04:12, Sys 0 00:02:13  -  Total Remote Usage
		Usr 0 00:00:00, Sys 0 00:00:00  -  Total Local Usage
	0  -  Run Bytes Sent By Job
	0  -  Run Bytes Received By Job
	0  -  Total Bytes Sent By Job
	0  -  Total Bytes Received By Job
	Partitionable Resources :    Usage  Request Allocated 
	   Cpus                 :     0.89        1         1 
	   Disk (KB)            :     1     3584000   4437493 
	   Memory (MB)          :  6681        4096      4096 

	Job terminated of its own accord at 2021-01-07T11:30:39Z.
...
006 (13901874.004.000) 2021-01-07 12:30:45 Image size of job updated: 11264392
	7546  -  MemoryUsage of job (MB)
	7726692  -  ResidentSetSize of job (KB)
...
005 (13901874.004.000) 2021-01-07 12:30:45 Job terminated.
	(1) Normal termination (return value 0)
		Usr 0 00:04:01, Sys 0 00:00:17  -  Run Remote Usage
		Usr 0 00:00:00, Sys 0 00:00:00  -  Run Local Usage
		Usr 0 00:04:01, Sys 0 00:00:17  -  Total Remote Usage
		Usr 0 00:00:00, Sys 0 00:00:00  -  Total Local Usage
	0  -  Run Bytes Sent By Job
	0  -  Run Bytes Received By Job
	0  -  Total Bytes Sent By Job
	0  -  Total Bytes Received By Job
	Partitionable Resources :    Usage  Request Allocated 
	   Cpus                 :     0.37        1         1 
	   Disk (KB)            :     1     3584000   4785505 
	   Memory (MB)          :  7546        4096      4096 

	Job terminated of its own accord at 2021-01-07T11:30:45Z.
...
