000 (13901918.000.000) 2021-01-07 12:19:52 Job submitted from host: <131.169.223.42:9618?addrs=131.169.223.42-9618+[2001-638-700-10df--1-2a]-9618&alias=bird-htc-sched14.desy.de&noUDP&sock=schedd_1936_8371_3>
...
000 (13901918.001.000) 2021-01-07 12:19:52 Job submitted from host: <131.169.223.42:9618?addrs=131.169.223.42-9618+[2001-638-700-10df--1-2a]-9618&alias=bird-htc-sched14.desy.de&noUDP&sock=schedd_1936_8371_3>
...
000 (13901918.002.000) 2021-01-07 12:19:52 Job submitted from host: <131.169.223.42:9618?addrs=131.169.223.42-9618+[2001-638-700-10df--1-2a]-9618&alias=bird-htc-sched14.desy.de&noUDP&sock=schedd_1936_8371_3>
...
000 (13901918.003.000) 2021-01-07 12:19:52 Job submitted from host: <131.169.223.42:9618?addrs=131.169.223.42-9618+[2001-638-700-10df--1-2a]-9618&alias=bird-htc-sched14.desy.de&noUDP&sock=schedd_1936_8371_3>
...
000 (13901918.004.000) 2021-01-07 12:19:52 Job submitted from host: <131.169.223.42:9618?addrs=131.169.223.42-9618+[2001-638-700-10df--1-2a]-9618&alias=bird-htc-sched14.desy.de&noUDP&sock=schedd_1936_8371_3>
...
000 (13901918.005.000) 2021-01-07 12:19:52 Job submitted from host: <131.169.223.42:9618?addrs=131.169.223.42-9618+[2001-638-700-10df--1-2a]-9618&alias=bird-htc-sched14.desy.de&noUDP&sock=schedd_1936_8371_3>
...
000 (13901918.006.000) 2021-01-07 12:19:52 Job submitted from host: <131.169.223.42:9618?addrs=131.169.223.42-9618+[2001-638-700-10df--1-2a]-9618&alias=bird-htc-sched14.desy.de&noUDP&sock=schedd_1936_8371_3>
...
000 (13901918.007.000) 2021-01-07 12:19:52 Job submitted from host: <131.169.223.42:9618?addrs=131.169.223.42-9618+[2001-638-700-10df--1-2a]-9618&alias=bird-htc-sched14.desy.de&noUDP&sock=schedd_1936_8371_3>
...
000 (13901918.008.000) 2021-01-07 12:19:52 Job submitted from host: <131.169.223.42:9618?addrs=131.169.223.42-9618+[2001-638-700-10df--1-2a]-9618&alias=bird-htc-sched14.desy.de&noUDP&sock=schedd_1936_8371_3>
...
000 (13901918.009.000) 2021-01-07 12:19:52 Job submitted from host: <131.169.223.42:9618?addrs=131.169.223.42-9618+[2001-638-700-10df--1-2a]-9618&alias=bird-htc-sched14.desy.de&noUDP&sock=schedd_1936_8371_3>
...
000 (13901918.010.000) 2021-01-07 12:19:52 Job submitted from host: <131.169.223.42:9618?addrs=131.169.223.42-9618+[2001-638-700-10df--1-2a]-9618&alias=bird-htc-sched14.desy.de&noUDP&sock=schedd_1936_8371_3>
...
000 (13901918.011.000) 2021-01-07 12:19:52 Job submitted from host: <131.169.223.42:9618?addrs=131.169.223.42-9618+[2001-638-700-10df--1-2a]-9618&alias=bird-htc-sched14.desy.de&noUDP&sock=schedd_1936_8371_3>
...
000 (13901918.012.000) 2021-01-07 12:19:52 Job submitted from host: <131.169.223.42:9618?addrs=131.169.223.42-9618+[2001-638-700-10df--1-2a]-9618&alias=bird-htc-sched14.desy.de&noUDP&sock=schedd_1936_8371_3>
...
000 (13901918.013.000) 2021-01-07 12:19:52 Job submitted from host: <131.169.223.42:9618?addrs=131.169.223.42-9618+[2001-638-700-10df--1-2a]-9618&alias=bird-htc-sched14.desy.de&noUDP&sock=schedd_1936_8371_3>
...
000 (13901918.014.000) 2021-01-07 12:19:52 Job submitted from host: <131.169.223.42:9618?addrs=131.169.223.42-9618+[2001-638-700-10df--1-2a]-9618&alias=bird-htc-sched14.desy.de&noUDP&sock=schedd_1936_8371_3>
...
000 (13901918.015.000) 2021-01-07 12:19:52 Job submitted from host: <131.169.223.42:9618?addrs=131.169.223.42-9618+[2001-638-700-10df--1-2a]-9618&alias=bird-htc-sched14.desy.de&noUDP&sock=schedd_1936_8371_3>
...
000 (13901918.016.000) 2021-01-07 12:19:52 Job submitted from host: <131.169.223.42:9618?addrs=131.169.223.42-9618+[2001-638-700-10df--1-2a]-9618&alias=bird-htc-sched14.desy.de&noUDP&sock=schedd_1936_8371_3>
...
000 (13901918.017.000) 2021-01-07 12:19:52 Job submitted from host: <131.169.223.42:9618?addrs=131.169.223.42-9618+[2001-638-700-10df--1-2a]-9618&alias=bird-htc-sched14.desy.de&noUDP&sock=schedd_1936_8371_3>
...
000 (13901918.018.000) 2021-01-07 12:19:52 Job submitted from host: <131.169.223.42:9618?addrs=131.169.223.42-9618+[2001-638-700-10df--1-2a]-9618&alias=bird-htc-sched14.desy.de&noUDP&sock=schedd_1936_8371_3>
...
000 (13901918.019.000) 2021-01-07 12:19:52 Job submitted from host: <131.169.223.42:9618?addrs=131.169.223.42-9618+[2001-638-700-10df--1-2a]-9618&alias=bird-htc-sched14.desy.de&noUDP&sock=schedd_1936_8371_3>
...
000 (13901918.020.000) 2021-01-07 12:19:52 Job submitted from host: <131.169.223.42:9618?addrs=131.169.223.42-9618+[2001-638-700-10df--1-2a]-9618&alias=bird-htc-sched14.desy.de&noUDP&sock=schedd_1936_8371_3>
...
000 (13901918.021.000) 2021-01-07 12:19:52 Job submitted from host: <131.169.223.42:9618?addrs=131.169.223.42-9618+[2001-638-700-10df--1-2a]-9618&alias=bird-htc-sched14.desy.de&noUDP&sock=schedd_1936_8371_3>
...
000 (13901918.022.000) 2021-01-07 12:19:52 Job submitted from host: <131.169.223.42:9618?addrs=131.169.223.42-9618+[2001-638-700-10df--1-2a]-9618&alias=bird-htc-sched14.desy.de&noUDP&sock=schedd_1936_8371_3>
...
000 (13901918.023.000) 2021-01-07 12:19:52 Job submitted from host: <131.169.223.42:9618?addrs=131.169.223.42-9618+[2001-638-700-10df--1-2a]-9618&alias=bird-htc-sched14.desy.de&noUDP&sock=schedd_1936_8371_3>
...
000 (13901918.024.000) 2021-01-07 12:19:52 Job submitted from host: <131.169.223.42:9618?addrs=131.169.223.42-9618+[2001-638-700-10df--1-2a]-9618&alias=bird-htc-sched14.desy.de&noUDP&sock=schedd_1936_8371_3>
...
001 (13901918.020.000) 2021-01-07 12:23:25 Job executing on host: <131.169.164.6:42625?addrs=131.169.164.6-42625&alias=bird806.desy.de>
...
001 (13901918.008.000) 2021-01-07 12:23:25 Job executing on host: <131.169.160.172:34228?addrs=131.169.160.172-34228&alias=batch1174.desy.de>
...
001 (13901918.001.000) 2021-01-07 12:23:25 Job executing on host: <131.169.162.171:35353?addrs=131.169.162.171-35353&alias=batch1171.desy.de>
...
001 (13901918.009.000) 2021-01-07 12:23:25 Job executing on host: <131.169.160.176:35044?addrs=131.169.160.176-35044&alias=batch1178.desy.de>
...
001 (13901918.010.000) 2021-01-07 12:23:25 Job executing on host: <131.169.160.190:44930?addrs=131.169.160.190-44930&alias=batch1184.desy.de>
...
001 (13901918.015.000) 2021-01-07 12:23:25 Job executing on host: <131.169.164.15:33367?addrs=131.169.164.15-33367&alias=bird815.desy.de>
...
001 (13901918.007.000) 2021-01-07 12:23:25 Job executing on host: <131.169.160.189:35107?addrs=131.169.160.189-35107&alias=batch1183.desy.de>
...
001 (13901918.016.000) 2021-01-07 12:23:25 Job executing on host: <131.169.164.28:42397?addrs=131.169.164.28-42397&alias=bird828.desy.de>
...
001 (13901918.017.000) 2021-01-07 12:23:25 Job executing on host: <131.169.163.135:39559?addrs=131.169.163.135-39559&alias=bird696.desy.de>
...
001 (13901918.018.000) 2021-01-07 12:23:25 Job executing on host: <131.169.164.38:39717?addrs=131.169.164.38-39717&alias=bird838.desy.de>
...
001 (13901918.000.000) 2021-01-07 12:23:25 Job executing on host: <131.169.160.115:40831?addrs=131.169.160.115-40831&alias=batch1076.desy.de>
...
001 (13901918.014.000) 2021-01-07 12:23:25 Job executing on host: <131.169.77.53:42209?addrs=131.169.77.53-42209&alias=bird571.desy.de>
...
001 (13901918.012.000) 2021-01-07 12:23:25 Job executing on host: <131.169.162.151:46593?addrs=131.169.162.151-46593&alias=batch1151.desy.de>
...
001 (13901918.019.000) 2021-01-07 12:23:25 Job executing on host: <131.169.164.43:39984?addrs=131.169.164.43-39984&alias=bird843.desy.de>
...
001 (13901918.023.000) 2021-01-07 12:23:25 Job executing on host: <131.169.163.103:44758?addrs=131.169.163.103-44758&alias=bird664.desy.de>
...
001 (13901918.004.000) 2021-01-07 12:23:26 Job executing on host: <131.169.160.168:34387?addrs=131.169.160.168-34387&alias=batch1068.desy.de>
...
001 (13901918.021.000) 2021-01-07 12:23:26 Job executing on host: <131.169.77.171:43111?addrs=131.169.77.171-43111&alias=bird651.desy.de>
...
001 (13901918.024.000) 2021-01-07 12:23:26 Job executing on host: <131.169.160.176:35044?addrs=131.169.160.176-35044&alias=batch1178.desy.de>
...
001 (13901918.022.000) 2021-01-07 12:23:26 Job executing on host: <131.169.77.210:43136?addrs=131.169.77.210-43136&alias=bird764.desy.de>
...
001 (13901918.005.000) 2021-01-07 12:23:26 Job executing on host: <131.169.160.169:45798?addrs=131.169.160.169-45798&alias=batch1069.desy.de>
...
001 (13901918.002.000) 2021-01-07 12:23:26 Job executing on host: <131.169.160.165:43172?addrs=131.169.160.165-43172&alias=batch1065.desy.de>
...
001 (13901918.006.000) 2021-01-07 12:23:26 Job executing on host: <131.169.160.161:40391?addrs=131.169.160.161-40391&alias=batch1061.desy.de>
...
001 (13901918.003.000) 2021-01-07 12:23:27 Job executing on host: <131.169.160.178:41212?addrs=131.169.160.178-41212&alias=batch1180.desy.de>
...
001 (13901918.011.000) 2021-01-07 12:23:32 Job executing on host: <131.169.160.191:37433?addrs=131.169.160.191-37433&alias=batch1185.desy.de>
...
006 (13901918.012.000) 2021-01-07 12:23:34 Image size of job updated: 367840
	355  -  MemoryUsage of job (MB)
	362504  -  ResidentSetSize of job (KB)
...
006 (13901918.019.000) 2021-01-07 12:23:34 Image size of job updated: 300596
	267  -  MemoryUsage of job (MB)
	272572  -  ResidentSetSize of job (KB)
...
006 (13901918.014.000) 2021-01-07 12:23:34 Image size of job updated: 250804
	210  -  MemoryUsage of job (MB)
	214900  -  ResidentSetSize of job (KB)
...
006 (13901918.004.000) 2021-01-07 12:23:34 Image size of job updated: 353156
	266  -  MemoryUsage of job (MB)
	271476  -  ResidentSetSize of job (KB)
...
006 (13901918.021.000) 2021-01-07 12:23:34 Image size of job updated: 254396
	211  -  MemoryUsage of job (MB)
	215252  -  ResidentSetSize of job (KB)
...
006 (13901918.024.000) 2021-01-07 12:23:34 Image size of job updated: 595184
	540  -  MemoryUsage of job (MB)
	552376  -  ResidentSetSize of job (KB)
...
006 (13901918.000.000) 2021-01-07 12:23:34 Image size of job updated: 312992
	226  -  MemoryUsage of job (MB)
	231356  -  ResidentSetSize of job (KB)
...
006 (13901918.022.000) 2021-01-07 12:23:34 Image size of job updated: 304852
	283  -  MemoryUsage of job (MB)
	289236  -  ResidentSetSize of job (KB)
...
006 (13901918.023.000) 2021-01-07 12:23:34 Image size of job updated: 341024
	327  -  MemoryUsage of job (MB)
	334772  -  ResidentSetSize of job (KB)
...
006 (13901918.005.000) 2021-01-07 12:23:34 Image size of job updated: 360948
	273  -  MemoryUsage of job (MB)
	279224  -  ResidentSetSize of job (KB)
...
006 (13901918.002.000) 2021-01-07 12:23:34 Image size of job updated: 372652
	285  -  MemoryUsage of job (MB)
	290968  -  ResidentSetSize of job (KB)
...
006 (13901918.006.000) 2021-01-07 12:23:34 Image size of job updated: 290136
	235  -  MemoryUsage of job (MB)
	240388  -  ResidentSetSize of job (KB)
...
006 (13901918.020.000) 2021-01-07 12:23:34 Image size of job updated: 468876
	378  -  MemoryUsage of job (MB)
	387068  -  ResidentSetSize of job (KB)
...
006 (13901918.009.000) 2021-01-07 12:23:34 Image size of job updated: 642824
	590  -  MemoryUsage of job (MB)
	603260  -  ResidentSetSize of job (KB)
...
006 (13901918.001.000) 2021-01-07 12:23:34 Image size of job updated: 673372
	578  -  MemoryUsage of job (MB)
	591184  -  ResidentSetSize of job (KB)
...
006 (13901918.010.000) 2021-01-07 12:23:34 Image size of job updated: 621592
	581  -  MemoryUsage of job (MB)
	594764  -  ResidentSetSize of job (KB)
...
006 (13901918.015.000) 2021-01-07 12:23:34 Image size of job updated: 424544
	381  -  MemoryUsage of job (MB)
	389288  -  ResidentSetSize of job (KB)
...
006 (13901918.007.000) 2021-01-07 12:23:34 Image size of job updated: 676856
	609  -  MemoryUsage of job (MB)
	623348  -  ResidentSetSize of job (KB)
...
006 (13901918.016.000) 2021-01-07 12:23:34 Image size of job updated: 334740
	313  -  MemoryUsage of job (MB)
	319696  -  ResidentSetSize of job (KB)
...
006 (13901918.008.000) 2021-01-07 12:23:34 Image size of job updated: 663492
	568  -  MemoryUsage of job (MB)
	581432  -  ResidentSetSize of job (KB)
...
006 (13901918.017.000) 2021-01-07 12:23:34 Image size of job updated: 416100
	384  -  MemoryUsage of job (MB)
	393136  -  ResidentSetSize of job (KB)
...
006 (13901918.018.000) 2021-01-07 12:23:34 Image size of job updated: 287280
	256  -  MemoryUsage of job (MB)
	261264  -  ResidentSetSize of job (KB)
...
006 (13901918.003.000) 2021-01-07 12:23:37 Image size of job updated: 86504
	34  -  MemoryUsage of job (MB)
	34340  -  ResidentSetSize of job (KB)
...
006 (13901918.011.000) 2021-01-07 12:23:42 Image size of job updated: 21524
	7  -  MemoryUsage of job (MB)
	6432  -  ResidentSetSize of job (KB)
...
001 (13901918.013.000) 2021-01-07 12:24:03 Job executing on host: <131.169.77.41:34994?addrs=131.169.77.41-34994&alias=bird559.desy.de>
...
006 (13901918.013.000) 2021-01-07 12:24:11 Image size of job updated: 325352
	235  -  MemoryUsage of job (MB)
	240268  -  ResidentSetSize of job (KB)
...
006 (13901918.010.000) 2021-01-07 12:26:40 Image size of job updated: 11121132
	581  -  MemoryUsage of job (MB)
	594796  -  ResidentSetSize of job (KB)
...
005 (13901918.010.000) 2021-01-07 12:26:40 Job terminated.
	(1) Normal termination (return value 0)
		Usr 0 00:02:44, Sys 0 00:00:06  -  Run Remote Usage
		Usr 0 00:00:00, Sys 0 00:00:00  -  Run Local Usage
		Usr 0 00:02:44, Sys 0 00:00:06  -  Total Remote Usage
		Usr 0 00:00:00, Sys 0 00:00:00  -  Total Local Usage
	0  -  Run Bytes Sent By Job
	0  -  Run Bytes Received By Job
	0  -  Total Bytes Sent By Job
	0  -  Total Bytes Received By Job
	Partitionable Resources :    Usage  Request Allocated 
	   Cpus                 :     0.89        1         1 
	   Disk (KB)            :     1     3584000   4470066 
	   Memory (MB)          :   581        4096      4096 

	Job terminated of its own accord at 2021-01-07T11:26:40Z.
...
006 (13901918.007.000) 2021-01-07 12:26:46 Image size of job updated: 11064580
	609  -  MemoryUsage of job (MB)
	623448  -  ResidentSetSize of job (KB)
...
005 (13901918.007.000) 2021-01-07 12:26:46 Job terminated.
	(1) Normal termination (return value 0)
		Usr 0 00:02:48, Sys 0 00:00:07  -  Run Remote Usage
		Usr 0 00:00:00, Sys 0 00:00:00  -  Run Local Usage
		Usr 0 00:02:48, Sys 0 00:00:07  -  Total Remote Usage
		Usr 0 00:00:00, Sys 0 00:00:00  -  Total Local Usage
	0  -  Run Bytes Sent By Job
	0  -  Run Bytes Received By Job
	0  -  Total Bytes Sent By Job
	0  -  Total Bytes Received By Job
	Partitionable Resources :    Usage  Request Allocated 
	   Cpus                 :     0.90        1         1 
	   Disk (KB)            :     1     3584000   4466746 
	   Memory (MB)          :   609        4096      4096 

	Job terminated of its own accord at 2021-01-07T11:26:46Z.
...
006 (13901918.001.000) 2021-01-07 12:26:47 Image size of job updated: 11257508
	578  -  MemoryUsage of job (MB)
	591184  -  ResidentSetSize of job (KB)
...
005 (13901918.001.000) 2021-01-07 12:26:47 Job terminated.
	(1) Normal termination (return value 0)
		Usr 0 00:02:48, Sys 0 00:00:07  -  Run Remote Usage
		Usr 0 00:00:00, Sys 0 00:00:00  -  Run Local Usage
		Usr 0 00:02:48, Sys 0 00:00:07  -  Total Remote Usage
		Usr 0 00:00:00, Sys 0 00:00:00  -  Total Local Usage
	0  -  Run Bytes Sent By Job
	0  -  Run Bytes Received By Job
	0  -  Total Bytes Sent By Job
	0  -  Total Bytes Received By Job
	Partitionable Resources :    Usage  Request Allocated 
	   Cpus                 :     0.89        1         1 
	   Disk (KB)            :     1     3584000   4407453 
	   Memory (MB)          :   578        4096      4096 

	Job terminated of its own accord at 2021-01-07T11:26:47Z.
...
006 (13901918.024.000) 2021-01-07 12:26:51 Image size of job updated: 11139896
	540  -  MemoryUsage of job (MB)
	552440  -  ResidentSetSize of job (KB)
...
005 (13901918.024.000) 2021-01-07 12:26:51 Job terminated.
	(1) Normal termination (return value 0)
		Usr 0 00:02:45, Sys 0 00:00:09  -  Run Remote Usage
		Usr 0 00:00:00, Sys 0 00:00:00  -  Run Local Usage
		Usr 0 00:02:45, Sys 0 00:00:09  -  Total Remote Usage
		Usr 0 00:00:00, Sys 0 00:00:00  -  Total Local Usage
	0  -  Run Bytes Sent By Job
	0  -  Run Bytes Received By Job
	0  -  Total Bytes Sent By Job
	0  -  Total Bytes Received By Job
	Partitionable Resources :    Usage  Request Allocated 
	   Cpus                 :     0.87        1         1 
	   Disk (KB)            :     1     3584000   4467297 
	   Memory (MB)          :   540        4096      4096 

	Job terminated of its own accord at 2021-01-07T11:26:51Z.
...
006 (13901918.009.000) 2021-01-07 12:26:52 Image size of job updated: 11140284
	590  -  MemoryUsage of job (MB)
	603356  -  ResidentSetSize of job (KB)
...
005 (13901918.009.000) 2021-01-07 12:26:52 Job terminated.
	(1) Normal termination (return value 0)
		Usr 0 00:02:47, Sys 0 00:00:09  -  Run Remote Usage
		Usr 0 00:00:00, Sys 0 00:00:00  -  Run Local Usage
		Usr 0 00:02:47, Sys 0 00:00:09  -  Total Remote Usage
		Usr 0 00:00:00, Sys 0 00:00:00  -  Total Local Usage
	0  -  Run Bytes Sent By Job
	0  -  Run Bytes Received By Job
	0  -  Total Bytes Sent By Job
	0  -  Total Bytes Received By Job
	Partitionable Resources :    Usage  Request Allocated 
	   Cpus                 :     0.87        1         1 
	   Disk (KB)            :     1     3584000   4467297 
	   Memory (MB)          :   590        4096      4096 

	Job terminated of its own accord at 2021-01-07T11:26:52Z.
...
006 (13901918.012.000) 2021-01-07 12:26:57 Image size of job updated: 11152204
	355  -  MemoryUsage of job (MB)
	362504  -  ResidentSetSize of job (KB)
...
005 (13901918.012.000) 2021-01-07 12:26:57 Job terminated.
	(1) Normal termination (return value 0)
		Usr 0 00:02:46, Sys 0 00:00:09  -  Run Remote Usage
		Usr 0 00:00:00, Sys 0 00:00:00  -  Run Local Usage
		Usr 0 00:02:46, Sys 0 00:00:09  -  Total Remote Usage
		Usr 0 00:00:00, Sys 0 00:00:00  -  Total Local Usage
	0  -  Run Bytes Sent By Job
	0  -  Run Bytes Received By Job
	0  -  Total Bytes Sent By Job
	0  -  Total Bytes Received By Job
	Partitionable Resources :    Usage  Request Allocated 
	   Cpus                 :     0.87        1         1 
	   Disk (KB)            :     1     3584000   4410209 
	   Memory (MB)          :   355        4096      4096 

	Job terminated of its own accord at 2021-01-07T11:26:57Z.
...
006 (13901918.008.000) 2021-01-07 12:27:18 Image size of job updated: 11161120
	568  -  MemoryUsage of job (MB)
	581432  -  ResidentSetSize of job (KB)
...
005 (13901918.008.000) 2021-01-07 12:27:18 Job terminated.
	(1) Normal termination (return value 0)
		Usr 0 00:02:47, Sys 0 00:00:11  -  Run Remote Usage
		Usr 0 00:00:00, Sys 0 00:00:00  -  Run Local Usage
		Usr 0 00:02:47, Sys 0 00:00:11  -  Total Remote Usage
		Usr 0 00:00:00, Sys 0 00:00:00  -  Total Local Usage
	0  -  Run Bytes Sent By Job
	0  -  Run Bytes Received By Job
	0  -  Total Bytes Sent By Job
	0  -  Total Bytes Received By Job
	Partitionable Resources :    Usage  Request Allocated 
	   Cpus                 :     0.83        1         1 
	   Disk (KB)            :     1     3584000   4468473 
	   Memory (MB)          :   568        4096      4096 

	Job terminated of its own accord at 2021-01-07T11:27:18Z.
...
006 (13901918.021.000) 2021-01-07 12:28:05 Image size of job updated: 254396
	211  -  MemoryUsage of job (MB)
	215708  -  ResidentSetSize of job (KB)
...
005 (13901918.021.000) 2021-01-07 12:28:05 Job terminated.
	(1) Normal termination (return value 0)
		Usr 0 00:03:51, Sys 0 00:00:15  -  Run Remote Usage
		Usr 0 00:00:00, Sys 0 00:00:00  -  Run Local Usage
		Usr 0 00:03:51, Sys 0 00:00:15  -  Total Remote Usage
		Usr 0 00:00:00, Sys 0 00:00:00  -  Total Local Usage
	0  -  Run Bytes Sent By Job
	0  -  Run Bytes Received By Job
	0  -  Total Bytes Sent By Job
	0  -  Total Bytes Received By Job
	Partitionable Resources :    Usage  Request Allocated 
	   Cpus                 :     0.90        1         1 
	   Disk (KB)            :     1     3584000   4786083 
	   Memory (MB)          :   211        4096      4096 

	Job terminated of its own accord at 2021-01-07T11:28:05Z.
...
006 (13901918.017.000) 2021-01-07 12:28:16 Image size of job updated: 416100
	385  -  MemoryUsage of job (MB)
	393312  -  ResidentSetSize of job (KB)
...
005 (13901918.017.000) 2021-01-07 12:28:16 Job terminated.
	(1) Normal termination (return value 0)
		Usr 0 00:03:58, Sys 0 00:00:17  -  Run Remote Usage
		Usr 0 00:00:00, Sys 0 00:00:00  -  Run Local Usage
		Usr 0 00:03:58, Sys 0 00:00:17  -  Total Remote Usage
		Usr 0 00:00:00, Sys 0 00:00:00  -  Total Local Usage
	0  -  Run Bytes Sent By Job
	0  -  Run Bytes Received By Job
	0  -  Total Bytes Sent By Job
	0  -  Total Bytes Received By Job
	Partitionable Resources :    Usage  Request Allocated 
	   Cpus                 :     0.91        1         1 
	   Disk (KB)            :     1     3584000   3954678 
	   Memory (MB)          :   385        4096      4096 

	Job terminated of its own accord at 2021-01-07T11:28:16Z.
...
006 (13901918.005.000) 2021-01-07 12:28:19 Image size of job updated: 11124376
	275  -  MemoryUsage of job (MB)
	280884  -  ResidentSetSize of job (KB)
...
005 (13901918.005.000) 2021-01-07 12:28:19 Job terminated.
	(1) Normal termination (return value 0)
		Usr 0 00:03:56, Sys 0 00:00:19  -  Run Remote Usage
		Usr 0 00:00:00, Sys 0 00:00:00  -  Run Local Usage
		Usr 0 00:03:56, Sys 0 00:00:19  -  Total Remote Usage
		Usr 0 00:00:00, Sys 0 00:00:00  -  Total Local Usage
	0  -  Run Bytes Sent By Job
	0  -  Run Bytes Received By Job
	0  -  Total Bytes Sent By Job
	0  -  Total Bytes Received By Job
	Partitionable Resources :    Usage  Request Allocated 
	   Cpus                 :     0.86        1         1 
	   Disk (KB)            :     1     3584000   4412950 
	   Memory (MB)          :   275        4096      4096 

	Job terminated of its own accord at 2021-01-07T11:28:19Z.
...
006 (13901918.019.000) 2021-01-07 12:28:19 Image size of job updated: 11022048
	267  -  MemoryUsage of job (MB)
	272612  -  ResidentSetSize of job (KB)
...
005 (13901918.019.000) 2021-01-07 12:28:19 Job terminated.
	(1) Normal termination (return value 0)
		Usr 0 00:04:04, Sys 0 00:00:17  -  Run Remote Usage
		Usr 0 00:00:00, Sys 0 00:00:00  -  Run Local Usage
		Usr 0 00:04:04, Sys 0 00:00:17  -  Total Remote Usage
		Usr 0 00:00:00, Sys 0 00:00:00  -  Total Local Usage
	0  -  Run Bytes Sent By Job
	0  -  Run Bytes Received By Job
	0  -  Total Bytes Sent By Job
	0  -  Total Bytes Received By Job
	Partitionable Resources :    Usage  Request Allocated 
	   Cpus                 :     0.90        1         1 
	   Disk (KB)            :     1     3584000   4539952 
	   Memory (MB)          :   267        4096      4096 

	Job terminated of its own accord at 2021-01-07T11:28:19Z.
...
006 (13901918.015.000) 2021-01-07 12:28:24 Image size of job updated: 11083964
	381  -  MemoryUsage of job (MB)
	389328  -  ResidentSetSize of job (KB)
...
005 (13901918.015.000) 2021-01-07 12:28:24 Job terminated.
	(1) Normal termination (return value 0)
		Usr 0 00:03:54, Sys 0 00:00:17  -  Run Remote Usage
		Usr 0 00:00:00, Sys 0 00:00:00  -  Run Local Usage
		Usr 0 00:03:54, Sys 0 00:00:17  -  Total Remote Usage
		Usr 0 00:00:00, Sys 0 00:00:00  -  Total Local Usage
	0  -  Run Bytes Sent By Job
	0  -  Run Bytes Received By Job
	0  -  Total Bytes Sent By Job
	0  -  Total Bytes Received By Job
	Partitionable Resources :    Usage  Request Allocated 
	   Cpus                 :     0.92        1         1 
	   Disk (KB)            :     1     3584000   3994221 
	   Memory (MB)          :   381        4096      4096 

	Job terminated of its own accord at 2021-01-07T11:28:24Z.
...
006 (13901918.006.000) 2021-01-07 12:28:25 Image size of job updated: 290136
	235  -  MemoryUsage of job (MB)
	240392  -  ResidentSetSize of job (KB)
...
005 (13901918.006.000) 2021-01-07 12:28:25 Job terminated.
	(1) Normal termination (return value 0)
		Usr 0 00:04:04, Sys 0 00:00:18  -  Run Remote Usage
		Usr 0 00:00:00, Sys 0 00:00:00  -  Run Local Usage
		Usr 0 00:04:04, Sys 0 00:00:18  -  Total Remote Usage
		Usr 0 00:00:00, Sys 0 00:00:00  -  Total Local Usage
	0  -  Run Bytes Sent By Job
	0  -  Run Bytes Received By Job
	0  -  Total Bytes Sent By Job
	0  -  Total Bytes Received By Job
	Partitionable Resources :    Usage  Request Allocated 
	   Cpus                 :     0.92        1         1 
	   Disk (KB)            :     1     3584000   4370774 
	   Memory (MB)          :   235        4096      4096 

	Job terminated of its own accord at 2021-01-07T11:28:25Z.
...
006 (13901918.002.000) 2021-01-07 12:28:28 Image size of job updated: 3898256
	285  -  MemoryUsage of job (MB)
	291000  -  ResidentSetSize of job (KB)
...
005 (13901918.002.000) 2021-01-07 12:28:28 Job terminated.
	(1) Normal termination (return value 0)
		Usr 0 00:04:04, Sys 0 00:00:22  -  Run Remote Usage
		Usr 0 00:00:00, Sys 0 00:00:00  -  Run Local Usage
		Usr 0 00:04:04, Sys 0 00:00:22  -  Total Remote Usage
		Usr 0 00:00:00, Sys 0 00:00:00  -  Total Local Usage
	0  -  Run Bytes Sent By Job
	0  -  Run Bytes Received By Job
	0  -  Total Bytes Sent By Job
	0  -  Total Bytes Received By Job
	Partitionable Resources :    Usage  Request Allocated 
	   Cpus                 :     0.92        1         1 
	   Disk (KB)            :     1     3584000   4436040 
	   Memory (MB)          :   285        4096      4096 

	Job terminated of its own accord at 2021-01-07T11:28:28Z.
...
006 (13901918.004.000) 2021-01-07 12:28:31 Image size of job updated: 12633404
	266  -  MemoryUsage of job (MB)
	271568  -  ResidentSetSize of job (KB)
...
006 (13901918.000.000) 2021-01-07 12:28:31 Image size of job updated: 11143768
	226  -  MemoryUsage of job (MB)
	231356  -  ResidentSetSize of job (KB)
...
005 (13901918.004.000) 2021-01-07 12:28:31 Job terminated.
	(1) Normal termination (return value 0)
		Usr 0 00:04:04, Sys 0 00:00:22  -  Run Remote Usage
		Usr 0 00:00:00, Sys 0 00:00:00  -  Run Local Usage
		Usr 0 00:04:04, Sys 0 00:00:22  -  Total Remote Usage
		Usr 0 00:00:00, Sys 0 00:00:00  -  Total Local Usage
	0  -  Run Bytes Sent By Job
	0  -  Run Bytes Received By Job
	0  -  Total Bytes Sent By Job
	0  -  Total Bytes Received By Job
	Partitionable Resources :    Usage  Request Allocated 
	   Cpus                 :     0.91        1         1 
	   Disk (KB)            :     1     3584000   4421070 
	   Memory (MB)          :   266        4096      4096 

	Job terminated of its own accord at 2021-01-07T11:28:31Z.
...
005 (13901918.000.000) 2021-01-07 12:28:31 Job terminated.
	(1) Normal termination (return value 0)
		Usr 0 00:04:03, Sys 0 00:00:23  -  Run Remote Usage
		Usr 0 00:00:00, Sys 0 00:00:00  -  Run Local Usage
		Usr 0 00:04:03, Sys 0 00:00:23  -  Total Remote Usage
		Usr 0 00:00:00, Sys 0 00:00:00  -  Total Local Usage
	0  -  Run Bytes Sent By Job
	0  -  Run Bytes Received By Job
	0  -  Total Bytes Sent By Job
	0  -  Total Bytes Received By Job
	Partitionable Resources :    Usage  Request Allocated 
	   Cpus                 :     0.89        1         1 
	   Disk (KB)            :     1     3584000   4423931 
	   Memory (MB)          :   226        4096      4096 

	Job terminated of its own accord at 2021-01-07T11:28:31Z.
...
006 (13901918.014.000) 2021-01-07 12:28:34 Image size of job updated: 9627272
	9165  -  MemoryUsage of job (MB)
	9384404  -  ResidentSetSize of job (KB)
...
006 (13901918.023.000) 2021-01-07 12:28:34 Image size of job updated: 9735412
	4290  -  MemoryUsage of job (MB)
	4392040  -  ResidentSetSize of job (KB)
...
006 (13901918.022.000) 2021-01-07 12:28:34 Image size of job updated: 10957944
	10686  -  MemoryUsage of job (MB)
	10942400  -  ResidentSetSize of job (KB)
...
006 (13901918.020.000) 2021-01-07 12:28:35 Image size of job updated: 10621308
	8201  -  MemoryUsage of job (MB)
	8396864  -  ResidentSetSize of job (KB)
...
006 (13901918.016.000) 2021-01-07 12:28:35 Image size of job updated: 10781076
	8139  -  MemoryUsage of job (MB)
	8333912  -  ResidentSetSize of job (KB)
...
006 (13901918.018.000) 2021-01-07 12:28:35 Image size of job updated: 11078524
	9155  -  MemoryUsage of job (MB)
	9374144  -  ResidentSetSize of job (KB)
...
006 (13901918.018.000) 2021-01-07 12:28:38 Image size of job updated: 11078524
	9155  -  MemoryUsage of job (MB)
	9374176  -  ResidentSetSize of job (KB)
...
005 (13901918.018.000) 2021-01-07 12:28:38 Job terminated.
	(1) Normal termination (return value 0)
		Usr 0 00:04:08, Sys 0 00:00:19  -  Run Remote Usage
		Usr 0 00:00:00, Sys 0 00:00:00  -  Run Local Usage
		Usr 0 00:04:08, Sys 0 00:00:19  -  Total Remote Usage
		Usr 0 00:00:00, Sys 0 00:00:00  -  Total Local Usage
	0  -  Run Bytes Sent By Job
	0  -  Run Bytes Received By Job
	0  -  Total Bytes Sent By Job
	0  -  Total Bytes Received By Job
	Partitionable Resources :    Usage  Request Allocated 
	   Cpus                 :     0.79        1         1 
	   Disk (KB)            :     1     3584000   4538314 
	   Memory (MB)          :  9155        4096      4096 

	Job terminated of its own accord at 2021-01-07T11:28:38Z.
...
006 (13901918.022.000) 2021-01-07 12:28:40 Image size of job updated: 11025268
	10686  -  MemoryUsage of job (MB)
	10942460  -  ResidentSetSize of job (KB)
...
005 (13901918.022.000) 2021-01-07 12:28:40 Job terminated.
	(1) Normal termination (return value 0)
		Usr 0 00:04:24, Sys 0 00:00:18  -  Run Remote Usage
		Usr 0 00:00:00, Sys 0 00:00:00  -  Run Local Usage
		Usr 0 00:04:24, Sys 0 00:00:18  -  Total Remote Usage
		Usr 0 00:00:00, Sys 0 00:00:00  -  Total Local Usage
	0  -  Run Bytes Sent By Job
	0  -  Run Bytes Received By Job
	0  -  Total Bytes Sent By Job
	0  -  Total Bytes Received By Job
	Partitionable Resources :    Usage  Request Allocated 
	   Cpus                 :     0.94        1         1 
	   Disk (KB)            :     1     3584000   4791518 
	   Memory (MB)          : 10686        4096      4096 

	Job terminated of its own accord at 2021-01-07T11:28:40Z.
...
006 (13901918.011.000) 2021-01-07 12:28:42 Image size of job updated: 3559120
	3476  -  MemoryUsage of job (MB)
	3559060  -  ResidentSetSize of job (KB)
...
006 (13901918.003.000) 2021-01-07 12:28:43 Image size of job updated: 3286612
	3210  -  MemoryUsage of job (MB)
	3286480  -  ResidentSetSize of job (KB)
...
006 (13901918.016.000) 2021-01-07 12:28:46 Image size of job updated: 11055076
	8139  -  MemoryUsage of job (MB)
	8333952  -  ResidentSetSize of job (KB)
...
005 (13901918.016.000) 2021-01-07 12:28:47 Job terminated.
	(1) Normal termination (return value 0)
		Usr 0 00:04:09, Sys 0 00:00:22  -  Run Remote Usage
		Usr 0 00:00:00, Sys 0 00:00:00  -  Run Local Usage
		Usr 0 00:04:09, Sys 0 00:00:22  -  Total Remote Usage
		Usr 0 00:00:00, Sys 0 00:00:00  -  Total Local Usage
	0  -  Run Bytes Sent By Job
	0  -  Run Bytes Received By Job
	0  -  Total Bytes Sent By Job
	0  -  Total Bytes Received By Job
	Partitionable Resources :    Usage  Request Allocated 
	   Cpus                 :     0.89        1         1 
	   Disk (KB)            :     1     3584000   4543409 
	   Memory (MB)          :  8139        4096      4096 

	Job terminated of its own accord at 2021-01-07T11:28:46Z.
...
006 (13901918.020.000) 2021-01-07 12:28:51 Image size of job updated: 11148180
	8201  -  MemoryUsage of job (MB)
	8396984  -  ResidentSetSize of job (KB)
...
005 (13901918.020.000) 2021-01-07 12:28:51 Job terminated.
	(1) Normal termination (return value 0)
		Usr 0 00:04:03, Sys 0 00:00:20  -  Run Remote Usage
		Usr 0 00:00:00, Sys 0 00:00:00  -  Run Local Usage
		Usr 0 00:04:03, Sys 0 00:00:20  -  Total Remote Usage
		Usr 0 00:00:00, Sys 0 00:00:00  -  Total Local Usage
	0  -  Run Bytes Sent By Job
	0  -  Run Bytes Received By Job
	0  -  Total Bytes Sent By Job
	0  -  Total Bytes Received By Job
	Partitionable Resources :    Usage  Request Allocated 
	   Cpus                 :     0.91        1         1 
	   Disk (KB)            :     1     3584000   4543209 
	   Memory (MB)          :  8201        4096      4096 

	Job terminated of its own accord at 2021-01-07T11:28:51Z.
...
006 (13901918.013.000) 2021-01-07 12:29:11 Image size of job updated: 9234996
	8936  -  MemoryUsage of job (MB)
	9149884  -  ResidentSetSize of job (KB)
...
006 (13901918.023.000) 2021-01-07 12:29:29 Image size of job updated: 11034152
	4290  -  MemoryUsage of job (MB)
	4392060  -  ResidentSetSize of job (KB)
...
005 (13901918.023.000) 2021-01-07 12:29:29 Job terminated.
	(1) Normal termination (return value 0)
		Usr 0 00:04:05, Sys 0 00:00:18  -  Run Remote Usage
		Usr 0 00:00:00, Sys 0 00:00:00  -  Run Local Usage
		Usr 0 00:04:05, Sys 0 00:00:18  -  Total Remote Usage
		Usr 0 00:00:00, Sys 0 00:00:00  -  Total Local Usage
	0  -  Run Bytes Sent By Job
	0  -  Run Bytes Received By Job
	0  -  Total Bytes Sent By Job
	0  -  Total Bytes Received By Job
	Partitionable Resources :    Usage  Request Allocated 
	   Cpus                 :     0.93        1         1 
	   Disk (KB)            :     1     3584000   3972025 
	   Memory (MB)          :  4290        4096      4096 

	Job terminated of its own accord at 2021-01-07T11:29:29Z.
...
006 (13901918.014.000) 2021-01-07 12:29:59 Image size of job updated: 9627272
	9166  -  MemoryUsage of job (MB)
	9385004  -  ResidentSetSize of job (KB)
...
005 (13901918.014.000) 2021-01-07 12:29:59 Job terminated.
	(1) Normal termination (return value 0)
		Usr 0 00:04:10, Sys 0 00:00:19  -  Run Remote Usage
		Usr 0 00:00:00, Sys 0 00:00:00  -  Run Local Usage
		Usr 0 00:04:10, Sys 0 00:00:19  -  Total Remote Usage
		Usr 0 00:00:00, Sys 0 00:00:00  -  Total Local Usage
	0  -  Run Bytes Sent By Job
	0  -  Run Bytes Received By Job
	0  -  Total Bytes Sent By Job
	0  -  Total Bytes Received By Job
	Partitionable Resources :    Usage  Request Allocated 
	   Cpus                 :     0.80        1         1 
	   Disk (KB)            :     1     3584000   3820965 
	   Memory (MB)          :  9166        4096      4096 

	Job terminated of its own accord at 2021-01-07T11:29:59Z.
...
006 (13901918.013.000) 2021-01-07 12:30:20 Image size of job updated: 11125756
	8936  -  MemoryUsage of job (MB)
	9150008  -  ResidentSetSize of job (KB)
...
005 (13901918.013.000) 2021-01-07 12:30:20 Job terminated.
	(1) Normal termination (return value 0)
		Usr 0 00:04:19, Sys 0 00:00:21  -  Run Remote Usage
		Usr 0 00:00:00, Sys 0 00:00:00  -  Run Local Usage
		Usr 0 00:04:19, Sys 0 00:00:21  -  Total Remote Usage
		Usr 0 00:00:00, Sys 0 00:00:00  -  Total Local Usage
	0  -  Run Bytes Sent By Job
	0  -  Run Bytes Received By Job
	0  -  Total Bytes Sent By Job
	0  -  Total Bytes Received By Job
	Partitionable Resources :    Usage  Request Allocated 
	   Cpus                 :     0.85        1         1 
	   Disk (KB)            :     1     3584000   3832997 
	   Memory (MB)          :  8936        4096      4096 

	Job terminated of its own accord at 2021-01-07T11:30:20Z.
...
006 (13901918.011.000) 2021-01-07 12:30:56 Image size of job updated: 11132376
	3477  -  MemoryUsage of job (MB)
	3560096  -  ResidentSetSize of job (KB)
...
005 (13901918.011.000) 2021-01-07 12:30:56 Job terminated.
	(1) Normal termination (return value 0)
		Usr 0 00:02:42, Sys 0 00:00:21  -  Run Remote Usage
		Usr 0 00:00:00, Sys 0 00:00:00  -  Run Local Usage
		Usr 0 00:02:42, Sys 0 00:00:21  -  Total Remote Usage
		Usr 0 00:00:00, Sys 0 00:00:00  -  Total Local Usage
	0  -  Run Bytes Sent By Job
	0  -  Run Bytes Received By Job
	0  -  Total Bytes Sent By Job
	0  -  Total Bytes Received By Job
	Partitionable Resources :    Usage  Request Allocated 
	   Cpus                 :     0.91        1         1 
	   Disk (KB)            :     1     3584000   4466765 
	   Memory (MB)          :  3477        4096      4096 

	Job terminated of its own accord at 2021-01-07T11:30:56Z.
...
006 (13901918.003.000) 2021-01-07 12:31:34 Image size of job updated: 12605256
	3210  -  MemoryUsage of job (MB)
	3286480  -  ResidentSetSize of job (KB)
...
005 (13901918.003.000) 2021-01-07 12:31:34 Job terminated.
	(1) Normal termination (return value 0)
		Usr 0 00:02:44, Sys 0 00:01:29  -  Run Remote Usage
		Usr 0 00:00:00, Sys 0 00:00:00  -  Run Local Usage
		Usr 0 00:02:44, Sys 0 00:01:29  -  Total Remote Usage
		Usr 0 00:00:00, Sys 0 00:00:00  -  Total Local Usage
	0  -  Run Bytes Sent By Job
	0  -  Run Bytes Received By Job
	0  -  Total Bytes Sent By Job
	0  -  Total Bytes Received By Job
	Partitionable Resources :    Usage  Request Allocated 
	   Cpus                 :     0.92        1         1 
	   Disk (KB)            :     1     3584000   4465296 
	   Memory (MB)          :  3210        4096      4096 

	Job terminated of its own accord at 2021-01-07T11:31:34Z.
...
