000 (13926303.000.000) 2021-01-08 09:09:13 Job submitted from host: <131.169.223.42:9618?addrs=131.169.223.42-9618+[2001-638-700-10df--1-2a]-9618&alias=bird-htc-sched14.desy.de&noUDP&sock=schedd_1936_8371_3>
...
000 (13926303.001.000) 2021-01-08 09:09:13 Job submitted from host: <131.169.223.42:9618?addrs=131.169.223.42-9618+[2001-638-700-10df--1-2a]-9618&alias=bird-htc-sched14.desy.de&noUDP&sock=schedd_1936_8371_3>
...
000 (13926303.002.000) 2021-01-08 09:09:13 Job submitted from host: <131.169.223.42:9618?addrs=131.169.223.42-9618+[2001-638-700-10df--1-2a]-9618&alias=bird-htc-sched14.desy.de&noUDP&sock=schedd_1936_8371_3>
...
000 (13926303.003.000) 2021-01-08 09:09:13 Job submitted from host: <131.169.223.42:9618?addrs=131.169.223.42-9618+[2001-638-700-10df--1-2a]-9618&alias=bird-htc-sched14.desy.de&noUDP&sock=schedd_1936_8371_3>
...
000 (13926303.004.000) 2021-01-08 09:09:13 Job submitted from host: <131.169.223.42:9618?addrs=131.169.223.42-9618+[2001-638-700-10df--1-2a]-9618&alias=bird-htc-sched14.desy.de&noUDP&sock=schedd_1936_8371_3>
...
000 (13926303.005.000) 2021-01-08 09:09:13 Job submitted from host: <131.169.223.42:9618?addrs=131.169.223.42-9618+[2001-638-700-10df--1-2a]-9618&alias=bird-htc-sched14.desy.de&noUDP&sock=schedd_1936_8371_3>
...
000 (13926303.006.000) 2021-01-08 09:09:13 Job submitted from host: <131.169.223.42:9618?addrs=131.169.223.42-9618+[2001-638-700-10df--1-2a]-9618&alias=bird-htc-sched14.desy.de&noUDP&sock=schedd_1936_8371_3>
...
000 (13926303.007.000) 2021-01-08 09:09:13 Job submitted from host: <131.169.223.42:9618?addrs=131.169.223.42-9618+[2001-638-700-10df--1-2a]-9618&alias=bird-htc-sched14.desy.de&noUDP&sock=schedd_1936_8371_3>
...
000 (13926303.008.000) 2021-01-08 09:09:13 Job submitted from host: <131.169.223.42:9618?addrs=131.169.223.42-9618+[2001-638-700-10df--1-2a]-9618&alias=bird-htc-sched14.desy.de&noUDP&sock=schedd_1936_8371_3>
...
000 (13926303.009.000) 2021-01-08 09:09:13 Job submitted from host: <131.169.223.42:9618?addrs=131.169.223.42-9618+[2001-638-700-10df--1-2a]-9618&alias=bird-htc-sched14.desy.de&noUDP&sock=schedd_1936_8371_3>
...
000 (13926303.010.000) 2021-01-08 09:09:13 Job submitted from host: <131.169.223.42:9618?addrs=131.169.223.42-9618+[2001-638-700-10df--1-2a]-9618&alias=bird-htc-sched14.desy.de&noUDP&sock=schedd_1936_8371_3>
...
000 (13926303.011.000) 2021-01-08 09:09:13 Job submitted from host: <131.169.223.42:9618?addrs=131.169.223.42-9618+[2001-638-700-10df--1-2a]-9618&alias=bird-htc-sched14.desy.de&noUDP&sock=schedd_1936_8371_3>
...
000 (13926303.012.000) 2021-01-08 09:09:13 Job submitted from host: <131.169.223.42:9618?addrs=131.169.223.42-9618+[2001-638-700-10df--1-2a]-9618&alias=bird-htc-sched14.desy.de&noUDP&sock=schedd_1936_8371_3>
...
000 (13926303.013.000) 2021-01-08 09:09:13 Job submitted from host: <131.169.223.42:9618?addrs=131.169.223.42-9618+[2001-638-700-10df--1-2a]-9618&alias=bird-htc-sched14.desy.de&noUDP&sock=schedd_1936_8371_3>
...
000 (13926303.014.000) 2021-01-08 09:09:13 Job submitted from host: <131.169.223.42:9618?addrs=131.169.223.42-9618+[2001-638-700-10df--1-2a]-9618&alias=bird-htc-sched14.desy.de&noUDP&sock=schedd_1936_8371_3>
...
000 (13926303.015.000) 2021-01-08 09:09:13 Job submitted from host: <131.169.223.42:9618?addrs=131.169.223.42-9618+[2001-638-700-10df--1-2a]-9618&alias=bird-htc-sched14.desy.de&noUDP&sock=schedd_1936_8371_3>
...
000 (13926303.016.000) 2021-01-08 09:09:13 Job submitted from host: <131.169.223.42:9618?addrs=131.169.223.42-9618+[2001-638-700-10df--1-2a]-9618&alias=bird-htc-sched14.desy.de&noUDP&sock=schedd_1936_8371_3>
...
000 (13926303.017.000) 2021-01-08 09:09:13 Job submitted from host: <131.169.223.42:9618?addrs=131.169.223.42-9618+[2001-638-700-10df--1-2a]-9618&alias=bird-htc-sched14.desy.de&noUDP&sock=schedd_1936_8371_3>
...
000 (13926303.018.000) 2021-01-08 09:09:13 Job submitted from host: <131.169.223.42:9618?addrs=131.169.223.42-9618+[2001-638-700-10df--1-2a]-9618&alias=bird-htc-sched14.desy.de&noUDP&sock=schedd_1936_8371_3>
...
000 (13926303.019.000) 2021-01-08 09:09:13 Job submitted from host: <131.169.223.42:9618?addrs=131.169.223.42-9618+[2001-638-700-10df--1-2a]-9618&alias=bird-htc-sched14.desy.de&noUDP&sock=schedd_1936_8371_3>
...
000 (13926303.020.000) 2021-01-08 09:09:13 Job submitted from host: <131.169.223.42:9618?addrs=131.169.223.42-9618+[2001-638-700-10df--1-2a]-9618&alias=bird-htc-sched14.desy.de&noUDP&sock=schedd_1936_8371_3>
...
000 (13926303.021.000) 2021-01-08 09:09:13 Job submitted from host: <131.169.223.42:9618?addrs=131.169.223.42-9618+[2001-638-700-10df--1-2a]-9618&alias=bird-htc-sched14.desy.de&noUDP&sock=schedd_1936_8371_3>
...
000 (13926303.022.000) 2021-01-08 09:09:13 Job submitted from host: <131.169.223.42:9618?addrs=131.169.223.42-9618+[2001-638-700-10df--1-2a]-9618&alias=bird-htc-sched14.desy.de&noUDP&sock=schedd_1936_8371_3>
...
000 (13926303.023.000) 2021-01-08 09:09:13 Job submitted from host: <131.169.223.42:9618?addrs=131.169.223.42-9618+[2001-638-700-10df--1-2a]-9618&alias=bird-htc-sched14.desy.de&noUDP&sock=schedd_1936_8371_3>
...
000 (13926303.024.000) 2021-01-08 09:09:13 Job submitted from host: <131.169.223.42:9618?addrs=131.169.223.42-9618+[2001-638-700-10df--1-2a]-9618&alias=bird-htc-sched14.desy.de&noUDP&sock=schedd_1936_8371_3>
...
001 (13926303.000.000) 2021-01-08 09:11:11 Job executing on host: <131.169.77.217:45599?addrs=131.169.77.217-45599&alias=bird771.desy.de>
...
001 (13926303.001.000) 2021-01-08 09:11:11 Job executing on host: <131.169.77.222:33616?addrs=131.169.77.222-33616&alias=bird776.desy.de>
...
001 (13926303.002.000) 2021-01-08 09:11:11 Job executing on host: <131.169.77.217:45599?addrs=131.169.77.217-45599&alias=bird771.desy.de>
...
001 (13926303.003.000) 2021-01-08 09:11:11 Job executing on host: <131.169.77.222:33616?addrs=131.169.77.222-33616&alias=bird776.desy.de>
...
006 (13926303.000.000) 2021-01-08 09:11:19 Image size of job updated: 377044
	340  -  MemoryUsage of job (MB)
	347272  -  ResidentSetSize of job (KB)
...
006 (13926303.001.000) 2021-01-08 09:11:19 Image size of job updated: 348000
	336  -  MemoryUsage of job (MB)
	343996  -  ResidentSetSize of job (KB)
...
006 (13926303.002.000) 2021-01-08 09:11:19 Image size of job updated: 382416
	348  -  MemoryUsage of job (MB)
	355708  -  ResidentSetSize of job (KB)
...
006 (13926303.003.000) 2021-01-08 09:11:19 Image size of job updated: 366332
	319  -  MemoryUsage of job (MB)
	325720  -  ResidentSetSize of job (KB)
...
001 (13926303.006.000) 2021-01-08 09:11:49 Job executing on host: <131.169.164.11:35600?addrs=131.169.164.11-35600&alias=bird811.desy.de>
...
001 (13926303.005.000) 2021-01-08 09:11:49 Job executing on host: <131.169.77.221:40635?addrs=131.169.77.221-40635&alias=bird775.desy.de>
...
001 (13926303.011.000) 2021-01-08 09:11:49 Job executing on host: <131.169.163.126:35009?addrs=131.169.163.126-35009&alias=bird687.desy.de>
...
001 (13926303.015.000) 2021-01-08 09:11:49 Job executing on host: <131.169.163.120:41262?addrs=131.169.163.120-41262&alias=bird681.desy.de>
...
001 (13926303.016.000) 2021-01-08 09:11:49 Job executing on host: <131.169.164.56:43431?addrs=131.169.164.56-43431>
...
001 (13926303.009.000) 2021-01-08 09:11:49 Job executing on host: <131.169.77.206:45806?addrs=131.169.77.206-45806&alias=bird760.desy.de>
...
001 (13926303.021.000) 2021-01-08 09:11:49 Job executing on host: <131.169.163.102:40542?addrs=131.169.163.102-40542&alias=bird663.desy.de>
...
001 (13926303.014.000) 2021-01-08 09:11:49 Job executing on host: <131.169.77.223:32930?addrs=131.169.77.223-32930&alias=bird777.desy.de>
...
001 (13926303.024.000) 2021-01-08 09:11:49 Job executing on host: <131.169.164.48:43882?addrs=131.169.164.48-43882&alias=bird848.desy.de>
...
001 (13926303.018.000) 2021-01-08 09:11:50 Job executing on host: <131.169.163.109:33154?addrs=131.169.163.109-33154&alias=bird670.desy.de>
...
001 (13926303.007.000) 2021-01-08 09:11:50 Job executing on host: <131.169.164.20:36807?addrs=131.169.164.20-36807&alias=bird820.desy.de>
...
001 (13926303.004.000) 2021-01-08 09:11:50 Job executing on host: <131.169.77.46:46220?addrs=131.169.77.46-46220&alias=bird564.desy.de>
...
001 (13926303.010.000) 2021-01-08 09:11:50 Job executing on host: <131.169.77.5:37641?addrs=131.169.77.5-37641&alias=bird523.desy.de>
...
001 (13926303.012.000) 2021-01-08 09:11:50 Job executing on host: <131.169.77.173:44687?addrs=131.169.77.173-44687&alias=bird653.desy.de>
...
001 (13926303.013.000) 2021-01-08 09:11:50 Job executing on host: <131.169.77.169:35687?addrs=131.169.77.169-35687&alias=bird649.desy.de>
...
001 (13926303.008.000) 2021-01-08 09:11:50 Job executing on host: <131.169.160.177:38717?addrs=131.169.160.177-38717&alias=batch1179.desy.de>
...
001 (13926303.019.000) 2021-01-08 09:11:50 Job executing on host: <131.169.77.161:33959?addrs=131.169.77.161-33959&alias=bird641.desy.de>
...
001 (13926303.022.000) 2021-01-08 09:11:51 Job executing on host: <131.169.163.106:32855?addrs=131.169.163.106-32855&alias=bird667.desy.de>
...
001 (13926303.017.000) 2021-01-08 09:11:51 Job executing on host: <131.169.164.32:32949?addrs=131.169.164.32-32949&alias=bird832.desy.de>
...
001 (13926303.023.000) 2021-01-08 09:11:51 Job executing on host: <131.169.164.27:33138?addrs=131.169.164.27-33138&alias=bird827.desy.de>
...
001 (13926303.020.000) 2021-01-08 09:11:51 Job executing on host: <131.169.77.39:46562?addrs=131.169.77.39-46562&alias=bird557.desy.de>
...
006 (13926303.024.000) 2021-01-08 09:11:58 Image size of job updated: 439884
	349  -  MemoryUsage of job (MB)
	356800  -  ResidentSetSize of job (KB)
...
006 (13926303.018.000) 2021-01-08 09:11:58 Image size of job updated: 308032
	216  -  MemoryUsage of job (MB)
	220740  -  ResidentSetSize of job (KB)
...
006 (13926303.006.000) 2021-01-08 09:11:58 Image size of job updated: 560400
	467  -  MemoryUsage of job (MB)
	477768  -  ResidentSetSize of job (KB)
...
006 (13926303.005.000) 2021-01-08 09:11:58 Image size of job updated: 407880
	318  -  MemoryUsage of job (MB)
	325444  -  ResidentSetSize of job (KB)
...
006 (13926303.011.000) 2021-01-08 09:11:58 Image size of job updated: 487056
	396  -  MemoryUsage of job (MB)
	404704  -  ResidentSetSize of job (KB)
...
006 (13926303.015.000) 2021-01-08 09:11:58 Image size of job updated: 469792
	380  -  MemoryUsage of job (MB)
	388224  -  ResidentSetSize of job (KB)
...
006 (13926303.016.000) 2021-01-08 09:11:58 Image size of job updated: 451376
	360  -  MemoryUsage of job (MB)
	368508  -  ResidentSetSize of job (KB)
...
006 (13926303.009.000) 2021-01-08 09:11:58 Image size of job updated: 499004
	407  -  MemoryUsage of job (MB)
	416424  -  ResidentSetSize of job (KB)
...
006 (13926303.021.000) 2021-01-08 09:11:58 Image size of job updated: 585440
	491  -  MemoryUsage of job (MB)
	502016  -  ResidentSetSize of job (KB)
...
006 (13926303.014.000) 2021-01-08 09:11:58 Image size of job updated: 476624
	385  -  MemoryUsage of job (MB)
	393816  -  ResidentSetSize of job (KB)
...
006 (13926303.022.000) 2021-01-08 09:11:59 Image size of job updated: 325304
	233  -  MemoryUsage of job (MB)
	238012  -  ResidentSetSize of job (KB)
...
006 (13926303.019.000) 2021-01-08 09:11:59 Image size of job updated: 385956
	295  -  MemoryUsage of job (MB)
	301308  -  ResidentSetSize of job (KB)
...
006 (13926303.017.000) 2021-01-08 09:11:59 Image size of job updated: 283312
	192  -  MemoryUsage of job (MB)
	196012  -  ResidentSetSize of job (KB)
...
006 (13926303.023.000) 2021-01-08 09:11:59 Image size of job updated: 301344
	210  -  MemoryUsage of job (MB)
	214036  -  ResidentSetSize of job (KB)
...
006 (13926303.020.000) 2021-01-08 09:11:59 Image size of job updated: 220096
	134  -  MemoryUsage of job (MB)
	136224  -  ResidentSetSize of job (KB)
...
006 (13926303.007.000) 2021-01-08 09:11:59 Image size of job updated: 346436
	256  -  MemoryUsage of job (MB)
	261192  -  ResidentSetSize of job (KB)
...
006 (13926303.004.000) 2021-01-08 09:11:59 Image size of job updated: 258400
	168  -  MemoryUsage of job (MB)
	171108  -  ResidentSetSize of job (KB)
...
006 (13926303.010.000) 2021-01-08 09:11:59 Image size of job updated: 309332
	217  -  MemoryUsage of job (MB)
	222036  -  ResidentSetSize of job (KB)
...
006 (13926303.012.000) 2021-01-08 09:11:59 Image size of job updated: 280688
	189  -  MemoryUsage of job (MB)
	193376  -  ResidentSetSize of job (KB)
...
006 (13926303.013.000) 2021-01-08 09:11:59 Image size of job updated: 303476
	213  -  MemoryUsage of job (MB)
	217760  -  ResidentSetSize of job (KB)
...
006 (13926303.008.000) 2021-01-08 09:11:59 Image size of job updated: 428232
	388  -  MemoryUsage of job (MB)
	396556  -  ResidentSetSize of job (KB)
...
006 (13926303.024.000) 2021-01-08 09:15:27 Image size of job updated: 8430076
	349  -  MemoryUsage of job (MB)
	356836  -  ResidentSetSize of job (KB)
...
005 (13926303.024.000) 2021-01-08 09:15:27 Job terminated.
	(1) Normal termination (return value 0)
		Usr 0 00:03:06, Sys 0 00:00:12  -  Run Remote Usage
		Usr 0 00:00:00, Sys 0 00:00:00  -  Run Local Usage
		Usr 0 00:03:06, Sys 0 00:00:12  -  Total Remote Usage
		Usr 0 00:00:00, Sys 0 00:00:00  -  Total Local Usage
	0  -  Run Bytes Sent By Job
	0  -  Run Bytes Received By Job
	0  -  Total Bytes Sent By Job
	0  -  Total Bytes Received By Job
	Partitionable Resources :    Usage  Request Allocated 
	   Cpus                 :     0.93        1         1 
	   Disk (KB)            :     1     3584000   4207890 
	   Memory (MB)          :   349        4096      4096 

	Job terminated of its own accord at 2021-01-08T08:15:27Z.
...
006 (13926303.008.000) 2021-01-08 09:16:16 Image size of job updated: 3833960
	388  -  MemoryUsage of job (MB)
	396596  -  ResidentSetSize of job (KB)
...
005 (13926303.008.000) 2021-01-08 09:16:16 Job terminated.
	(1) Normal termination (return value 0)
		Usr 0 00:02:50, Sys 0 00:00:12  -  Run Remote Usage
		Usr 0 00:00:00, Sys 0 00:00:00  -  Run Local Usage
		Usr 0 00:02:50, Sys 0 00:00:12  -  Total Remote Usage
		Usr 0 00:00:00, Sys 0 00:00:00  -  Total Local Usage
	0  -  Run Bytes Sent By Job
	0  -  Run Bytes Received By Job
	0  -  Total Bytes Sent By Job
	0  -  Total Bytes Received By Job
	Partitionable Resources :    Usage  Request Allocated 
	   Cpus                 :     0.85        1         1 
	   Disk (KB)            :     1     3584000   4466998 
	   Memory (MB)          :   388        4096      4096 

	Job terminated of its own accord at 2021-01-08T08:16:16Z.
...
006 (13926303.000.000) 2021-01-08 09:16:19 Image size of job updated: 9718632
	9455  -  MemoryUsage of job (MB)
	9681916  -  ResidentSetSize of job (KB)
...
006 (13926303.002.000) 2021-01-08 09:16:19 Image size of job updated: 9876476
	9556  -  MemoryUsage of job (MB)
	9785088  -  ResidentSetSize of job (KB)
...
006 (13926303.001.000) 2021-01-08 09:16:20 Image size of job updated: 7919172
	7481  -  MemoryUsage of job (MB)
	7660364  -  ResidentSetSize of job (KB)
...
006 (13926303.003.000) 2021-01-08 09:16:20 Image size of job updated: 8390732
	7702  -  MemoryUsage of job (MB)
	7885856  -  ResidentSetSize of job (KB)
...
006 (13926303.012.000) 2021-01-08 09:16:21 Image size of job updated: 11203328
	189  -  MemoryUsage of job (MB)
	193376  -  ResidentSetSize of job (KB)
...
005 (13926303.012.000) 2021-01-08 09:16:21 Job terminated.
	(1) Normal termination (return value 0)
		Usr 0 00:03:51, Sys 0 00:00:12  -  Run Remote Usage
		Usr 0 00:00:00, Sys 0 00:00:00  -  Run Local Usage
		Usr 0 00:03:51, Sys 0 00:00:12  -  Total Remote Usage
		Usr 0 00:00:00, Sys 0 00:00:00  -  Total Local Usage
	0  -  Run Bytes Sent By Job
	0  -  Run Bytes Received By Job
	0  -  Total Bytes Sent By Job
	0  -  Total Bytes Received By Job
	Partitionable Resources :    Usage  Request Allocated 
	   Cpus                 :     0.90        1         1 
	   Disk (KB)            :     1     3584000   4791883 
	   Memory (MB)          :   189        4096      4096 

	Job terminated of its own accord at 2021-01-08T08:16:21Z.
...
006 (13926303.021.000) 2021-01-08 09:16:21 Image size of job updated: 11235580
	491  -  MemoryUsage of job (MB)
	502036  -  ResidentSetSize of job (KB)
...
005 (13926303.021.000) 2021-01-08 09:16:21 Job terminated.
	(1) Normal termination (return value 0)
		Usr 0 00:03:59, Sys 0 00:00:13  -  Run Remote Usage
		Usr 0 00:00:00, Sys 0 00:00:00  -  Run Local Usage
		Usr 0 00:03:59, Sys 0 00:00:13  -  Total Remote Usage
		Usr 0 00:00:00, Sys 0 00:00:00  -  Total Local Usage
	0  -  Run Bytes Sent By Job
	0  -  Run Bytes Received By Job
	0  -  Total Bytes Sent By Job
	0  -  Total Bytes Received By Job
	Partitionable Resources :    Usage  Request Allocated 
	   Cpus                 :     0.94        1         1 
	   Disk (KB)            :     1     3584000   4479922 
	   Memory (MB)          :   491        4096      4096 

	Job terminated of its own accord at 2021-01-08T08:16:21Z.
...
006 (13926303.019.000) 2021-01-08 09:16:22 Image size of job updated: 11079424
	295  -  MemoryUsage of job (MB)
	301392  -  ResidentSetSize of job (KB)
...
005 (13926303.019.000) 2021-01-08 09:16:22 Job terminated.
	(1) Normal termination (return value 0)
		Usr 0 00:03:56, Sys 0 00:00:10  -  Run Remote Usage
		Usr 0 00:00:00, Sys 0 00:00:00  -  Run Local Usage
		Usr 0 00:03:56, Sys 0 00:00:10  -  Total Remote Usage
		Usr 0 00:00:00, Sys 0 00:00:00  -  Total Local Usage
	0  -  Run Bytes Sent By Job
	0  -  Run Bytes Received By Job
	0  -  Total Bytes Sent By Job
	0  -  Total Bytes Received By Job
	Partitionable Resources :    Usage  Request Allocated 
	   Cpus                 :     0.94        1         1 
	   Disk (KB)            :     1     3584000   4496050 
	   Memory (MB)          :   295        4096      4096 

	Job terminated of its own accord at 2021-01-08T08:16:22Z.
...
006 (13926303.007.000) 2021-01-08 09:16:23 Image size of job updated: 11146212
	256  -  MemoryUsage of job (MB)
	261276  -  ResidentSetSize of job (KB)
...
005 (13926303.007.000) 2021-01-08 09:16:23 Job terminated.
	(1) Normal termination (return value 0)
		Usr 0 00:03:54, Sys 0 00:00:13  -  Run Remote Usage
		Usr 0 00:00:00, Sys 0 00:00:00  -  Run Local Usage
		Usr 0 00:03:54, Sys 0 00:00:13  -  Total Remote Usage
		Usr 0 00:00:00, Sys 0 00:00:00  -  Total Local Usage
	0  -  Run Bytes Sent By Job
	0  -  Run Bytes Received By Job
	0  -  Total Bytes Sent By Job
	0  -  Total Bytes Received By Job
	Partitionable Resources :    Usage  Request Allocated 
	   Cpus                 :     0.92        1         1 
	   Disk (KB)            :     1     3584000   4545404 
	   Memory (MB)          :   256        4096      4096 

	Job terminated of its own accord at 2021-01-08T08:16:23Z.
...
006 (13926303.013.000) 2021-01-08 09:16:24 Image size of job updated: 11126172
	213  -  MemoryUsage of job (MB)
	217768  -  ResidentSetSize of job (KB)
...
005 (13926303.013.000) 2021-01-08 09:16:24 Job terminated.
	(1) Normal termination (return value 0)
		Usr 0 00:03:51, Sys 0 00:00:14  -  Run Remote Usage
		Usr 0 00:00:00, Sys 0 00:00:00  -  Run Local Usage
		Usr 0 00:03:51, Sys 0 00:00:14  -  Total Remote Usage
		Usr 0 00:00:00, Sys 0 00:00:00  -  Total Local Usage
	0  -  Run Bytes Sent By Job
	0  -  Run Bytes Received By Job
	0  -  Total Bytes Sent By Job
	0  -  Total Bytes Received By Job
	Partitionable Resources :    Usage  Request Allocated 
	   Cpus                 :     0.91        1         1 
	   Disk (KB)            :     1     3584000   4786702 
	   Memory (MB)          :   213        4096      4096 

	Job terminated of its own accord at 2021-01-08T08:16:24Z.
...
006 (13926303.018.000) 2021-01-08 09:16:24 Image size of job updated: 11170584
	216  -  MemoryUsage of job (MB)
	220752  -  ResidentSetSize of job (KB)
...
005 (13926303.018.000) 2021-01-08 09:16:24 Job terminated.
	(1) Normal termination (return value 0)
		Usr 0 00:03:55, Sys 0 00:00:14  -  Run Remote Usage
		Usr 0 00:00:00, Sys 0 00:00:00  -  Run Local Usage
		Usr 0 00:03:55, Sys 0 00:00:14  -  Total Remote Usage
		Usr 0 00:00:00, Sys 0 00:00:00  -  Total Local Usage
	0  -  Run Bytes Sent By Job
	0  -  Run Bytes Received By Job
	0  -  Total Bytes Sent By Job
	0  -  Total Bytes Received By Job
	Partitionable Resources :    Usage  Request Allocated 
	   Cpus                 :     0.94        1         1 
	   Disk (KB)            :     1     3584000   3957230 
	   Memory (MB)          :   216        4096      4096 

	Job terminated of its own accord at 2021-01-08T08:16:24Z.
...
006 (13926303.022.000) 2021-01-08 09:16:27 Image size of job updated: 11224932
	233  -  MemoryUsage of job (MB)
	238084  -  ResidentSetSize of job (KB)
...
005 (13926303.022.000) 2021-01-08 09:16:27 Job terminated.
	(1) Normal termination (return value 0)
		Usr 0 00:04:00, Sys 0 00:00:12  -  Run Remote Usage
		Usr 0 00:00:00, Sys 0 00:00:00  -  Run Local Usage
		Usr 0 00:04:00, Sys 0 00:00:12  -  Total Remote Usage
		Usr 0 00:00:00, Sys 0 00:00:00  -  Total Local Usage
	0  -  Run Bytes Sent By Job
	0  -  Run Bytes Received By Job
	0  -  Total Bytes Sent By Job
	0  -  Total Bytes Received By Job
	Partitionable Resources :    Usage  Request Allocated 
	   Cpus                 :     0.94        1         1 
	   Disk (KB)            :     1     3584000   3958889 
	   Memory (MB)          :   233        4096      4096 

	Job terminated of its own accord at 2021-01-08T08:16:27Z.
...
006 (13926303.006.000) 2021-01-08 09:16:27 Image size of job updated: 2932032
	467  -  MemoryUsage of job (MB)
	477812  -  ResidentSetSize of job (KB)
...
005 (13926303.006.000) 2021-01-08 09:16:27 Job terminated.
	(1) Normal termination (return value 0)
		Usr 0 00:03:57, Sys 0 00:00:18  -  Run Remote Usage
		Usr 0 00:00:00, Sys 0 00:00:00  -  Run Local Usage
		Usr 0 00:03:57, Sys 0 00:00:18  -  Total Remote Usage
		Usr 0 00:00:00, Sys 0 00:00:00  -  Total Local Usage
	0  -  Run Bytes Sent By Job
	0  -  Run Bytes Received By Job
	0  -  Total Bytes Sent By Job
	0  -  Total Bytes Received By Job
	Partitionable Resources :    Usage  Request Allocated 
	   Cpus                 :     0.94        1         1 
	   Disk (KB)            :     1     3584000   4544386 
	   Memory (MB)          :   467        4096      4096 

	Job terminated of its own accord at 2021-01-08T08:16:27Z.
...
006 (13926303.023.000) 2021-01-08 09:16:29 Image size of job updated: 11240352
	210  -  MemoryUsage of job (MB)
	214188  -  ResidentSetSize of job (KB)
...
006 (13926303.011.000) 2021-01-08 09:16:30 Image size of job updated: 11128704
	396  -  MemoryUsage of job (MB)
	404732  -  ResidentSetSize of job (KB)
...
005 (13926303.023.000) 2021-01-08 09:16:31 Job terminated.
	(1) Normal termination (return value 0)
		Usr 0 00:04:01, Sys 0 00:00:12  -  Run Remote Usage
		Usr 0 00:00:00, Sys 0 00:00:00  -  Run Local Usage
		Usr 0 00:04:01, Sys 0 00:00:12  -  Total Remote Usage
		Usr 0 00:00:00, Sys 0 00:00:00  -  Total Local Usage
	0  -  Run Bytes Sent By Job
	0  -  Run Bytes Received By Job
	0  -  Total Bytes Sent By Job
	0  -  Total Bytes Received By Job
	Partitionable Resources :    Usage  Request Allocated 
	   Cpus                 :     0.93        1         1 
	   Disk (KB)            :     1     3584000   4544569 
	   Memory (MB)          :   210        4096      4096 

	Job terminated of its own accord at 2021-01-08T08:16:29Z.
...
005 (13926303.011.000) 2021-01-08 09:16:31 Job terminated.
	(1) Normal termination (return value 0)
		Usr 0 00:03:55, Sys 0 00:00:16  -  Run Remote Usage
		Usr 0 00:00:00, Sys 0 00:00:00  -  Run Local Usage
		Usr 0 00:03:55, Sys 0 00:00:16  -  Total Remote Usage
		Usr 0 00:00:00, Sys 0 00:00:00  -  Total Local Usage
	0  -  Run Bytes Sent By Job
	0  -  Run Bytes Received By Job
	0  -  Total Bytes Sent By Job
	0  -  Total Bytes Received By Job
	Partitionable Resources :    Usage  Request Allocated 
	   Cpus                 :     0.89        1         1 
	   Disk (KB)            :     1     3584000   3955549 
	   Memory (MB)          :   396        4096      4096 

	Job terminated of its own accord at 2021-01-08T08:16:30Z.
...
006 (13926303.015.000) 2021-01-08 09:16:38 Image size of job updated: 11283260
	380  -  MemoryUsage of job (MB)
	388260  -  ResidentSetSize of job (KB)
...
005 (13926303.015.000) 2021-01-08 09:16:38 Job terminated.
	(1) Normal termination (return value 0)
		Usr 0 00:04:02, Sys 0 00:00:17  -  Run Remote Usage
		Usr 0 00:00:00, Sys 0 00:00:00  -  Run Local Usage
		Usr 0 00:04:02, Sys 0 00:00:17  -  Total Remote Usage
		Usr 0 00:00:00, Sys 0 00:00:00  -  Total Local Usage
	0  -  Run Bytes Sent By Job
	0  -  Run Bytes Received By Job
	0  -  Total Bytes Sent By Job
	0  -  Total Bytes Received By Job
	Partitionable Resources :    Usage  Request Allocated 
	   Cpus                 :     0.91        1         1 
	   Disk (KB)            :     1     3584000   3950929 
	   Memory (MB)          :   380        4096      4096 

	Job terminated of its own accord at 2021-01-08T08:16:38Z.
...
006 (13926303.016.000) 2021-01-08 09:16:40 Image size of job updated: 11176952
	360  -  MemoryUsage of job (MB)
	368532  -  ResidentSetSize of job (KB)
...
005 (13926303.016.000) 2021-01-08 09:16:40 Job terminated.
	(1) Normal termination (return value 0)
		Usr 0 00:03:59, Sys 0 00:00:14  -  Run Remote Usage
		Usr 0 00:00:00, Sys 0 00:00:00  -  Run Local Usage
		Usr 0 00:03:59, Sys 0 00:00:14  -  Total Remote Usage
		Usr 0 00:00:00, Sys 0 00:00:00  -  Total Local Usage
	0  -  Run Bytes Sent By Job
	0  -  Run Bytes Received By Job
	0  -  Total Bytes Sent By Job
	0  -  Total Bytes Received By Job
	Partitionable Resources :    Usage  Request Allocated 
	   Cpus                 :     0.87        1         1 
	   Disk (KB)            :     1     3584000   4647351 
	   Memory (MB)          :   360        4096      4096 
...
006 (13926303.005.000) 2021-01-08 09:16:46 Image size of job updated: 11151804
	319  -  MemoryUsage of job (MB)
	325816  -  ResidentSetSize of job (KB)
...
005 (13926303.005.000) 2021-01-08 09:16:46 Job terminated.
	(1) Normal termination (return value 0)
		Usr 0 00:03:59, Sys 0 00:00:21  -  Run Remote Usage
		Usr 0 00:00:00, Sys 0 00:00:00  -  Run Local Usage
		Usr 0 00:03:59, Sys 0 00:00:21  -  Total Remote Usage
		Usr 0 00:00:00, Sys 0 00:00:00  -  Total Local Usage
	0  -  Run Bytes Sent By Job
	0  -  Run Bytes Received By Job
	0  -  Total Bytes Sent By Job
	0  -  Total Bytes Received By Job
	Partitionable Resources :    Usage  Request Allocated 
	   Cpus                 :     0.94        1         1 
	   Disk (KB)            :     1     3584000   4785374 
	   Memory (MB)          :   319        4096      4096 

	Job terminated of its own accord at 2021-01-08T08:16:46Z.
...
006 (13926303.017.000) 2021-01-08 09:16:47 Image size of job updated: 8718652
	192  -  MemoryUsage of job (MB)
	196028  -  ResidentSetSize of job (KB)
...
005 (13926303.017.000) 2021-01-08 09:16:47 Job terminated.
	(1) Normal termination (return value 0)
		Usr 0 00:04:15, Sys 0 00:00:15  -  Run Remote Usage
		Usr 0 00:00:00, Sys 0 00:00:00  -  Run Local Usage
		Usr 0 00:04:15, Sys 0 00:00:15  -  Total Remote Usage
		Usr 0 00:00:00, Sys 0 00:00:00  -  Total Local Usage
	0  -  Run Bytes Sent By Job
	0  -  Run Bytes Received By Job
	0  -  Total Bytes Sent By Job
	0  -  Total Bytes Received By Job
	Partitionable Resources :    Usage  Request Allocated 
	   Cpus                 :     0.94        1         1 
	   Disk (KB)            :     1     3584000   4538463 
	   Memory (MB)          :   192        4096      4096 

	Job terminated of its own accord at 2021-01-08T08:16:47Z.
...
006 (13926303.009.000) 2021-01-08 09:16:48 Image size of job updated: 11233340
	407  -  MemoryUsage of job (MB)
	416624  -  ResidentSetSize of job (KB)
...
005 (13926303.009.000) 2021-01-08 09:16:48 Job terminated.
	(1) Normal termination (return value 0)
		Usr 0 00:04:01, Sys 0 00:00:14  -  Run Remote Usage
		Usr 0 00:00:00, Sys 0 00:00:00  -  Run Local Usage
		Usr 0 00:04:01, Sys 0 00:00:14  -  Total Remote Usage
		Usr 0 00:00:00, Sys 0 00:00:00  -  Total Local Usage
	0  -  Run Bytes Sent By Job
	0  -  Run Bytes Received By Job
	0  -  Total Bytes Sent By Job
	0  -  Total Bytes Received By Job
	Partitionable Resources :    Usage  Request Allocated 
	   Cpus                 :     0.94        1         1 
	   Disk (KB)            :     1     3584000   4785202 
	   Memory (MB)          :   407        4096      4096 

	Job terminated of its own accord at 2021-01-08T08:16:48Z.
...
006 (13926303.010.000) 2021-01-08 09:16:53 Image size of job updated: 9274788
	217  -  MemoryUsage of job (MB)
	222036  -  ResidentSetSize of job (KB)
...
005 (13926303.010.000) 2021-01-08 09:16:53 Job terminated.
	(1) Normal termination (return value 0)
		Usr 0 00:04:14, Sys 0 00:00:16  -  Run Remote Usage
		Usr 0 00:00:00, Sys 0 00:00:00  -  Run Local Usage
		Usr 0 00:04:14, Sys 0 00:00:16  -  Total Remote Usage
		Usr 0 00:00:00, Sys 0 00:00:00  -  Total Local Usage
	0  -  Run Bytes Sent By Job
	0  -  Run Bytes Received By Job
	0  -  Total Bytes Sent By Job
	0  -  Total Bytes Received By Job
	Partitionable Resources :    Usage  Request Allocated 
	   Cpus                 :     0.92        1         1 
	   Disk (KB)            :     1     3584000   3840700 
	   Memory (MB)          :   217        4096      4096 

	Job terminated of its own accord at 2021-01-08T08:16:53Z.
...
006 (13926303.020.000) 2021-01-08 09:16:58 Image size of job updated: 11204772
	134  -  MemoryUsage of job (MB)
	136244  -  ResidentSetSize of job (KB)
...
005 (13926303.020.000) 2021-01-08 09:16:58 Job terminated.
	(1) Normal termination (return value 0)
		Usr 0 00:04:05, Sys 0 00:00:13  -  Run Remote Usage
		Usr 0 00:00:00, Sys 0 00:00:00  -  Run Local Usage
		Usr 0 00:04:05, Sys 0 00:00:13  -  Total Remote Usage
		Usr 0 00:00:00, Sys 0 00:00:00  -  Total Local Usage
	0  -  Run Bytes Sent By Job
	0  -  Run Bytes Received By Job
	0  -  Total Bytes Sent By Job
	0  -  Total Bytes Received By Job
	Partitionable Resources :    Usage  Request Allocated 
	   Cpus                 :     0.92        1         1 
	   Disk (KB)            :     1     3584000   3842281 
	   Memory (MB)          :   134        4096      4096 

	Job terminated of its own accord at 2021-01-08T08:16:58Z.
...
006 (13926303.014.000) 2021-01-08 09:16:59 Image size of job updated: 8695744
	8413  -  MemoryUsage of job (MB)
	8614112  -  ResidentSetSize of job (KB)
...
006 (13926303.004.000) 2021-01-08 09:17:00 Image size of job updated: 11176316
	4434  -  MemoryUsage of job (MB)
	4540284  -  ResidentSetSize of job (KB)
...
006 (13926303.004.000) 2021-01-08 09:17:09 Image size of job updated: 11176316
	4435  -  MemoryUsage of job (MB)
	4540532  -  ResidentSetSize of job (KB)
...
005 (13926303.004.000) 2021-01-08 09:17:09 Job terminated.
	(1) Normal termination (return value 0)
		Usr 0 00:04:05, Sys 0 00:00:14  -  Run Remote Usage
		Usr 0 00:00:00, Sys 0 00:00:00  -  Run Local Usage
		Usr 0 00:04:05, Sys 0 00:00:14  -  Total Remote Usage
		Usr 0 00:00:00, Sys 0 00:00:00  -  Total Local Usage
	0  -  Run Bytes Sent By Job
	0  -  Run Bytes Received By Job
	0  -  Total Bytes Sent By Job
	0  -  Total Bytes Received By Job
	Partitionable Resources :    Usage  Request Allocated 
	   Cpus                 :     0.89        1         1 
	   Disk (KB)            :     1     3584000   3822969 
	   Memory (MB)          :  4435        4096      4096 

	Job terminated of its own accord at 2021-01-08T08:17:09Z.
...
006 (13926303.000.000) 2021-01-08 09:17:09 Image size of job updated: 11099688
	9455  -  MemoryUsage of job (MB)
	9681916  -  ResidentSetSize of job (KB)
...
005 (13926303.000.000) 2021-01-08 09:17:09 Job terminated.
	(1) Normal termination (return value 0)
		Usr 0 00:03:55, Sys 0 00:00:22  -  Run Remote Usage
		Usr 0 00:00:00, Sys 0 00:00:00  -  Run Local Usage
		Usr 0 00:03:55, Sys 0 00:00:22  -  Total Remote Usage
		Usr 0 00:00:00, Sys 0 00:00:00  -  Total Local Usage
	0  -  Run Bytes Sent By Job
	0  -  Run Bytes Received By Job
	0  -  Total Bytes Sent By Job
	0  -  Total Bytes Received By Job
	Partitionable Resources :    Usage  Request Allocated 
	   Cpus                 :     0.84        1         1 
	   Disk (KB)            :     1     3584000   4784838 
	   Memory (MB)          :  9455        4096      4096 

	Job terminated of its own accord at 2021-01-08T08:17:09Z.
...
006 (13926303.002.000) 2021-01-08 09:17:11 Image size of job updated: 11087156
	9556  -  MemoryUsage of job (MB)
	9785132  -  ResidentSetSize of job (KB)
...
005 (13926303.002.000) 2021-01-08 09:17:11 Job terminated.
	(1) Normal termination (return value 0)
		Usr 0 00:03:57, Sys 0 00:00:20  -  Run Remote Usage
		Usr 0 00:00:00, Sys 0 00:00:00  -  Run Local Usage
		Usr 0 00:03:57, Sys 0 00:00:20  -  Total Remote Usage
		Usr 0 00:00:00, Sys 0 00:00:00  -  Total Local Usage
	0  -  Run Bytes Sent By Job
	0  -  Run Bytes Received By Job
	0  -  Total Bytes Sent By Job
	0  -  Total Bytes Received By Job
	Partitionable Resources :    Usage  Request Allocated 
	   Cpus                 :     0.28        1         1 
	   Disk (KB)            :     1     3584000   4784838 
	   Memory (MB)          :  9556        4096      4096 

	Job terminated of its own accord at 2021-01-08T08:17:11Z.
...
006 (13926303.014.000) 2021-01-08 09:18:03 Image size of job updated: 8695744
	8413  -  MemoryUsage of job (MB)
	8614184  -  ResidentSetSize of job (KB)
...
005 (13926303.014.000) 2021-01-08 09:18:04 Job terminated.
	(1) Normal termination (return value 0)
		Usr 0 00:04:01, Sys 0 00:00:25  -  Run Remote Usage
		Usr 0 00:00:00, Sys 0 00:00:00  -  Run Local Usage
		Usr 0 00:04:01, Sys 0 00:00:25  -  Total Remote Usage
		Usr 0 00:00:00, Sys 0 00:00:00  -  Total Local Usage
	0  -  Run Bytes Sent By Job
	0  -  Run Bytes Received By Job
	0  -  Total Bytes Sent By Job
	0  -  Total Bytes Received By Job
	Partitionable Resources :    Usage  Request Allocated 
	   Cpus                 :     0.71        1         1 
	   Disk (KB)            :     1     3584000   4784766 
	   Memory (MB)          :  8413        4096      4096 

	Job terminated of its own accord at 2021-01-08T08:18:03Z.
...
005 (13926303.003.000) 2021-01-08 09:19:44 Job terminated.
	(1) Normal termination (return value 0)
		Usr 0 00:04:01, Sys 0 00:00:20  -  Run Remote Usage
		Usr 0 00:00:00, Sys 0 00:00:00  -  Run Local Usage
		Usr 0 00:04:01, Sys 0 00:00:20  -  Total Remote Usage
		Usr 0 00:00:00, Sys 0 00:00:00  -  Total Local Usage
	0  -  Run Bytes Sent By Job
	0  -  Run Bytes Received By Job
	0  -  Total Bytes Sent By Job
	0  -  Total Bytes Received By Job
	Partitionable Resources :    Usage  Request Allocated 
	   Cpus                 :     0.00        1         1 
	   Disk (KB)            :     1     3584000   4787146 
	   Memory (MB)          :  7702        4096      4096 

	Job terminated of its own accord at 2021-01-08T08:19:44Z.
...
006 (13926303.001.000) 2021-01-08 09:20:40 Image size of job updated: 11091784
	7481  -  MemoryUsage of job (MB)
	7660364  -  ResidentSetSize of job (KB)
...
005 (13926303.001.000) 2021-01-08 09:20:40 Job terminated.
	(1) Normal termination (return value 0)
		Usr 0 00:04:02, Sys 0 00:00:21  -  Run Remote Usage
		Usr 0 00:00:00, Sys 0 00:00:00  -  Run Local Usage
		Usr 0 00:04:02, Sys 0 00:00:21  -  Total Remote Usage
		Usr 0 00:00:00, Sys 0 00:00:00  -  Total Local Usage
	0  -  Run Bytes Sent By Job
	0  -  Run Bytes Received By Job
	0  -  Total Bytes Sent By Job
	0  -  Total Bytes Received By Job
	Partitionable Resources :    Usage  Request Allocated 
	   Cpus                 :     0.00        1         1 
	   Disk (KB)            :     1     3584000   4787146 
	   Memory (MB)          :  7481        4096      4096 

	Job terminated of its own accord at 2021-01-08T08:20:40Z.
...
