hadd Target file: /nfs/dust/cms/user/albrecha/uhh2_102X_v2/HOTVRStudiesOutput/HOTVR_ML/uhh2.AnalysisModuleRunner.MC.ttbar_pythia8_flat_nnpdf23.root
hadd compression setting for all ouput: 1
hadd Source file 1: /nfs/dust/cms/user/albrecha/uhh2_102X_v2/HOTVRStudiesOutput/HOTVR_ML/workdir_HOTVRStudies/uhh2.AnalysisModuleRunner.MC.ttbar_pythia8_flat_nnpdf23_0.root
hadd Source file 2: /nfs/dust/cms/user/albrecha/uhh2_102X_v2/HOTVRStudiesOutput/HOTVR_ML/workdir_HOTVRStudies/uhh2.AnalysisModuleRunner.MC.ttbar_pythia8_flat_nnpdf23_1.root
hadd Source file 3: /nfs/dust/cms/user/albrecha/uhh2_102X_v2/HOTVRStudiesOutput/HOTVR_ML/workdir_HOTVRStudies/uhh2.AnalysisModuleRunner.MC.ttbar_pythia8_flat_nnpdf23_2.root
hadd Source file 4: /nfs/dust/cms/user/albrecha/uhh2_102X_v2/HOTVRStudiesOutput/HOTVR_ML/workdir_HOTVRStudies/uhh2.AnalysisModuleRunner.MC.ttbar_pythia8_flat_nnpdf23_3.root
hadd Source file 5: /nfs/dust/cms/user/albrecha/uhh2_102X_v2/HOTVRStudiesOutput/HOTVR_ML/workdir_HOTVRStudies/uhh2.AnalysisModuleRunner.MC.ttbar_pythia8_flat_nnpdf23_4.root
hadd Source file 6: /nfs/dust/cms/user/albrecha/uhh2_102X_v2/HOTVRStudiesOutput/HOTVR_ML/workdir_HOTVRStudies/uhh2.AnalysisModuleRunner.MC.ttbar_pythia8_flat_nnpdf23_5.root
hadd Source file 7: /nfs/dust/cms/user/albrecha/uhh2_102X_v2/HOTVRStudiesOutput/HOTVR_ML/workdir_HOTVRStudies/uhh2.AnalysisModuleRunner.MC.ttbar_pythia8_flat_nnpdf23_6.root
hadd Source file 8: /nfs/dust/cms/user/albrecha/uhh2_102X_v2/HOTVRStudiesOutput/HOTVR_ML/workdir_HOTVRStudies/uhh2.AnalysisModuleRunner.MC.ttbar_pythia8_flat_nnpdf23_7.root
hadd Source file 9: /nfs/dust/cms/user/albrecha/uhh2_102X_v2/HOTVRStudiesOutput/HOTVR_ML/workdir_HOTVRStudies/uhh2.AnalysisModuleRunner.MC.ttbar_pythia8_flat_nnpdf23_8.root
hadd Source file 10: /nfs/dust/cms/user/albrecha/uhh2_102X_v2/HOTVRStudiesOutput/HOTVR_ML/workdir_HOTVRStudies/uhh2.AnalysisModuleRunner.MC.ttbar_pythia8_flat_nnpdf23_9.root
hadd Source file 11: /nfs/dust/cms/user/albrecha/uhh2_102X_v2/HOTVRStudiesOutput/HOTVR_ML/workdir_HOTVRStudies/uhh2.AnalysisModuleRunner.MC.ttbar_pythia8_flat_nnpdf23_10.root
hadd Source file 12: /nfs/dust/cms/user/albrecha/uhh2_102X_v2/HOTVRStudiesOutput/HOTVR_ML/workdir_HOTVRStudies/uhh2.AnalysisModuleRunner.MC.ttbar_pythia8_flat_nnpdf23_11.root
hadd Source file 13: /nfs/dust/cms/user/albrecha/uhh2_102X_v2/HOTVRStudiesOutput/HOTVR_ML/workdir_HOTVRStudies/uhh2.AnalysisModuleRunner.MC.ttbar_pythia8_flat_nnpdf23_12.root
hadd Source file 14: /nfs/dust/cms/user/albrecha/uhh2_102X_v2/HOTVRStudiesOutput/HOTVR_ML/workdir_HOTVRStudies/uhh2.AnalysisModuleRunner.MC.ttbar_pythia8_flat_nnpdf23_13.root
hadd Source file 15: /nfs/dust/cms/user/albrecha/uhh2_102X_v2/HOTVRStudiesOutput/HOTVR_ML/workdir_HOTVRStudies/uhh2.AnalysisModuleRunner.MC.ttbar_pythia8_flat_nnpdf23_14.root
hadd Source file 16: /nfs/dust/cms/user/albrecha/uhh2_102X_v2/HOTVRStudiesOutput/HOTVR_ML/workdir_HOTVRStudies/uhh2.AnalysisModuleRunner.MC.ttbar_pythia8_flat_nnpdf23_15.root
hadd Source file 17: /nfs/dust/cms/user/albrecha/uhh2_102X_v2/HOTVRStudiesOutput/HOTVR_ML/workdir_HOTVRStudies/uhh2.AnalysisModuleRunner.MC.ttbar_pythia8_flat_nnpdf23_16.root
hadd Source file 18: /nfs/dust/cms/user/albrecha/uhh2_102X_v2/HOTVRStudiesOutput/HOTVR_ML/workdir_HOTVRStudies/uhh2.AnalysisModuleRunner.MC.ttbar_pythia8_flat_nnpdf23_17.root
hadd Source file 19: /nfs/dust/cms/user/albrecha/uhh2_102X_v2/HOTVRStudiesOutput/HOTVR_ML/workdir_HOTVRStudies/uhh2.AnalysisModuleRunner.MC.ttbar_pythia8_flat_nnpdf23_18.root
hadd Source file 20: /nfs/dust/cms/user/albrecha/uhh2_102X_v2/HOTVRStudiesOutput/HOTVR_ML/workdir_HOTVRStudies/uhh2.AnalysisModuleRunner.MC.ttbar_pythia8_flat_nnpdf23_19.root
hadd Source file 21: /nfs/dust/cms/user/albrecha/uhh2_102X_v2/HOTVRStudiesOutput/HOTVR_ML/workdir_HOTVRStudies/uhh2.AnalysisModuleRunner.MC.ttbar_pythia8_flat_nnpdf23_20.root
hadd Source file 22: /nfs/dust/cms/user/albrecha/uhh2_102X_v2/HOTVRStudiesOutput/HOTVR_ML/workdir_HOTVRStudies/uhh2.AnalysisModuleRunner.MC.ttbar_pythia8_flat_nnpdf23_21.root
hadd Source file 23: /nfs/dust/cms/user/albrecha/uhh2_102X_v2/HOTVRStudiesOutput/HOTVR_ML/workdir_HOTVRStudies/uhh2.AnalysisModuleRunner.MC.ttbar_pythia8_flat_nnpdf23_22.root
hadd Source file 24: /nfs/dust/cms/user/albrecha/uhh2_102X_v2/HOTVRStudiesOutput/HOTVR_ML/workdir_HOTVRStudies/uhh2.AnalysisModuleRunner.MC.ttbar_pythia8_flat_nnpdf23_23.root
hadd Source file 25: /nfs/dust/cms/user/albrecha/uhh2_102X_v2/HOTVRStudiesOutput/HOTVR_ML/workdir_HOTVRStudies/uhh2.AnalysisModuleRunner.MC.ttbar_pythia8_flat_nnpdf23_24.root
hadd Target path: /nfs/dust/cms/user/albrecha/uhh2_102X_v2/HOTVRStudiesOutput/HOTVR_ML/uhh2.AnalysisModuleRunner.MC.ttbar_pythia8_flat_nnpdf23.root:/
hadd Target path: /nfs/dust/cms/user/albrecha/uhh2_102X_v2/HOTVRStudiesOutput/HOTVR_ML/uhh2.AnalysisModuleRunner.MC.ttbar_pythia8_flat_nnpdf23.root:/VRJetsHists_jets
hadd Target path: /nfs/dust/cms/user/albrecha/uhh2_102X_v2/HOTVRStudiesOutput/HOTVR_ML/uhh2.AnalysisModuleRunner.MC.ttbar_pythia8_flat_nnpdf23.root:/SFrame
