000 (13926304.000.000) 2021-01-08 09:09:14 Job submitted from host: <131.169.223.42:9618?addrs=131.169.223.42-9618+[2001-638-700-10df--1-2a]-9618&alias=bird-htc-sched14.desy.de&noUDP&sock=schedd_1936_8371_3>
...
000 (13926304.001.000) 2021-01-08 09:09:14 Job submitted from host: <131.169.223.42:9618?addrs=131.169.223.42-9618+[2001-638-700-10df--1-2a]-9618&alias=bird-htc-sched14.desy.de&noUDP&sock=schedd_1936_8371_3>
...
000 (13926304.002.000) 2021-01-08 09:09:14 Job submitted from host: <131.169.223.42:9618?addrs=131.169.223.42-9618+[2001-638-700-10df--1-2a]-9618&alias=bird-htc-sched14.desy.de&noUDP&sock=schedd_1936_8371_3>
...
000 (13926304.003.000) 2021-01-08 09:09:14 Job submitted from host: <131.169.223.42:9618?addrs=131.169.223.42-9618+[2001-638-700-10df--1-2a]-9618&alias=bird-htc-sched14.desy.de&noUDP&sock=schedd_1936_8371_3>
...
000 (13926304.004.000) 2021-01-08 09:09:14 Job submitted from host: <131.169.223.42:9618?addrs=131.169.223.42-9618+[2001-638-700-10df--1-2a]-9618&alias=bird-htc-sched14.desy.de&noUDP&sock=schedd_1936_8371_3>
...
000 (13926304.005.000) 2021-01-08 09:09:14 Job submitted from host: <131.169.223.42:9618?addrs=131.169.223.42-9618+[2001-638-700-10df--1-2a]-9618&alias=bird-htc-sched14.desy.de&noUDP&sock=schedd_1936_8371_3>
...
000 (13926304.006.000) 2021-01-08 09:09:14 Job submitted from host: <131.169.223.42:9618?addrs=131.169.223.42-9618+[2001-638-700-10df--1-2a]-9618&alias=bird-htc-sched14.desy.de&noUDP&sock=schedd_1936_8371_3>
...
000 (13926304.007.000) 2021-01-08 09:09:14 Job submitted from host: <131.169.223.42:9618?addrs=131.169.223.42-9618+[2001-638-700-10df--1-2a]-9618&alias=bird-htc-sched14.desy.de&noUDP&sock=schedd_1936_8371_3>
...
000 (13926304.008.000) 2021-01-08 09:09:14 Job submitted from host: <131.169.223.42:9618?addrs=131.169.223.42-9618+[2001-638-700-10df--1-2a]-9618&alias=bird-htc-sched14.desy.de&noUDP&sock=schedd_1936_8371_3>
...
000 (13926304.009.000) 2021-01-08 09:09:14 Job submitted from host: <131.169.223.42:9618?addrs=131.169.223.42-9618+[2001-638-700-10df--1-2a]-9618&alias=bird-htc-sched14.desy.de&noUDP&sock=schedd_1936_8371_3>
...
000 (13926304.010.000) 2021-01-08 09:09:14 Job submitted from host: <131.169.223.42:9618?addrs=131.169.223.42-9618+[2001-638-700-10df--1-2a]-9618&alias=bird-htc-sched14.desy.de&noUDP&sock=schedd_1936_8371_3>
...
000 (13926304.011.000) 2021-01-08 09:09:14 Job submitted from host: <131.169.223.42:9618?addrs=131.169.223.42-9618+[2001-638-700-10df--1-2a]-9618&alias=bird-htc-sched14.desy.de&noUDP&sock=schedd_1936_8371_3>
...
000 (13926304.012.000) 2021-01-08 09:09:14 Job submitted from host: <131.169.223.42:9618?addrs=131.169.223.42-9618+[2001-638-700-10df--1-2a]-9618&alias=bird-htc-sched14.desy.de&noUDP&sock=schedd_1936_8371_3>
...
000 (13926304.013.000) 2021-01-08 09:09:14 Job submitted from host: <131.169.223.42:9618?addrs=131.169.223.42-9618+[2001-638-700-10df--1-2a]-9618&alias=bird-htc-sched14.desy.de&noUDP&sock=schedd_1936_8371_3>
...
000 (13926304.014.000) 2021-01-08 09:09:14 Job submitted from host: <131.169.223.42:9618?addrs=131.169.223.42-9618+[2001-638-700-10df--1-2a]-9618&alias=bird-htc-sched14.desy.de&noUDP&sock=schedd_1936_8371_3>
...
000 (13926304.015.000) 2021-01-08 09:09:14 Job submitted from host: <131.169.223.42:9618?addrs=131.169.223.42-9618+[2001-638-700-10df--1-2a]-9618&alias=bird-htc-sched14.desy.de&noUDP&sock=schedd_1936_8371_3>
...
000 (13926304.016.000) 2021-01-08 09:09:14 Job submitted from host: <131.169.223.42:9618?addrs=131.169.223.42-9618+[2001-638-700-10df--1-2a]-9618&alias=bird-htc-sched14.desy.de&noUDP&sock=schedd_1936_8371_3>
...
000 (13926304.017.000) 2021-01-08 09:09:14 Job submitted from host: <131.169.223.42:9618?addrs=131.169.223.42-9618+[2001-638-700-10df--1-2a]-9618&alias=bird-htc-sched14.desy.de&noUDP&sock=schedd_1936_8371_3>
...
000 (13926304.018.000) 2021-01-08 09:09:14 Job submitted from host: <131.169.223.42:9618?addrs=131.169.223.42-9618+[2001-638-700-10df--1-2a]-9618&alias=bird-htc-sched14.desy.de&noUDP&sock=schedd_1936_8371_3>
...
000 (13926304.019.000) 2021-01-08 09:09:14 Job submitted from host: <131.169.223.42:9618?addrs=131.169.223.42-9618+[2001-638-700-10df--1-2a]-9618&alias=bird-htc-sched14.desy.de&noUDP&sock=schedd_1936_8371_3>
...
000 (13926304.020.000) 2021-01-08 09:09:14 Job submitted from host: <131.169.223.42:9618?addrs=131.169.223.42-9618+[2001-638-700-10df--1-2a]-9618&alias=bird-htc-sched14.desy.de&noUDP&sock=schedd_1936_8371_3>
...
000 (13926304.021.000) 2021-01-08 09:09:14 Job submitted from host: <131.169.223.42:9618?addrs=131.169.223.42-9618+[2001-638-700-10df--1-2a]-9618&alias=bird-htc-sched14.desy.de&noUDP&sock=schedd_1936_8371_3>
...
000 (13926304.022.000) 2021-01-08 09:09:14 Job submitted from host: <131.169.223.42:9618?addrs=131.169.223.42-9618+[2001-638-700-10df--1-2a]-9618&alias=bird-htc-sched14.desy.de&noUDP&sock=schedd_1936_8371_3>
...
000 (13926304.023.000) 2021-01-08 09:09:14 Job submitted from host: <131.169.223.42:9618?addrs=131.169.223.42-9618+[2001-638-700-10df--1-2a]-9618&alias=bird-htc-sched14.desy.de&noUDP&sock=schedd_1936_8371_3>
...
000 (13926304.024.000) 2021-01-08 09:09:14 Job submitted from host: <131.169.223.42:9618?addrs=131.169.223.42-9618+[2001-638-700-10df--1-2a]-9618&alias=bird-htc-sched14.desy.de&noUDP&sock=schedd_1936_8371_3>
...
001 (13926304.005.000) 2021-01-08 09:11:49 Job executing on host: <131.169.163.112:37315?addrs=131.169.163.112-37315&alias=bird673.desy.de>
...
001 (13926304.008.000) 2021-01-08 09:11:49 Job executing on host: <131.169.77.210:43136?addrs=131.169.77.210-43136&alias=bird764.desy.de>
...
001 (13926304.011.000) 2021-01-08 09:11:50 Job executing on host: <131.169.163.112:37315?addrs=131.169.163.112-37315&alias=bird673.desy.de>
...
001 (13926304.010.000) 2021-01-08 09:11:50 Job executing on host: <131.169.160.177:38717?addrs=131.169.160.177-38717&alias=batch1179.desy.de>
...
001 (13926304.012.000) 2021-01-08 09:11:50 Job executing on host: <131.169.164.15:33367?addrs=131.169.164.15-33367&alias=bird815.desy.de>
...
001 (13926304.013.000) 2021-01-08 09:11:50 Job executing on host: <131.169.77.210:43136?addrs=131.169.77.210-43136&alias=bird764.desy.de>
...
001 (13926304.001.000) 2021-01-08 09:11:50 Job executing on host: <131.169.160.152:32790?addrs=131.169.160.152-32790&alias=batch1052.desy.de>
...
001 (13926304.007.000) 2021-01-08 09:11:50 Job executing on host: <131.169.77.220:37989?addrs=131.169.77.220-37989&alias=bird774.desy.de>
...
001 (13926304.016.000) 2021-01-08 09:11:50 Job executing on host: <131.169.164.15:33367?addrs=131.169.164.15-33367&alias=bird815.desy.de>
...
001 (13926304.015.000) 2021-01-08 09:11:50 Job executing on host: <131.169.77.210:43136?addrs=131.169.77.210-43136&alias=bird764.desy.de>
...
001 (13926304.017.000) 2021-01-08 09:11:50 Job executing on host: <131.169.77.220:37989?addrs=131.169.77.220-37989&alias=bird774.desy.de>
...
001 (13926304.009.000) 2021-01-08 09:11:50 Job executing on host: <131.169.164.43:39984?addrs=131.169.164.43-39984&alias=bird843.desy.de>
...
001 (13926304.014.000) 2021-01-08 09:11:50 Job executing on host: <131.169.164.43:39984?addrs=131.169.164.43-39984&alias=bird843.desy.de>
...
001 (13926304.004.000) 2021-01-08 09:11:50 Job executing on host: <131.169.164.43:39984?addrs=131.169.164.43-39984&alias=bird843.desy.de>
...
001 (13926304.006.000) 2021-01-08 09:11:51 Job executing on host: <131.169.164.15:33367?addrs=131.169.164.15-33367&alias=bird815.desy.de>
...
001 (13926304.000.000) 2021-01-08 09:11:51 Job executing on host: <131.169.160.169:45798?addrs=131.169.160.169-45798&alias=batch1069.desy.de>
...
001 (13926304.003.000) 2021-01-08 09:11:51 Job executing on host: <131.169.160.153:35282?addrs=131.169.160.153-35282&alias=batch1053.desy.de>
...
001 (13926304.002.000) 2021-01-08 09:11:51 Job executing on host: <131.169.162.172:34711?addrs=131.169.162.172-34711&alias=batch1172.desy.de>
...
006 (13926304.005.000) 2021-01-08 09:11:58 Image size of job updated: 398296
	345  -  MemoryUsage of job (MB)
	352692  -  ResidentSetSize of job (KB)
...
006 (13926304.008.000) 2021-01-08 09:11:58 Image size of job updated: 373208
	340  -  MemoryUsage of job (MB)
	347228  -  ResidentSetSize of job (KB)
...
006 (13926304.011.000) 2021-01-08 09:11:58 Image size of job updated: 394700
	350  -  MemoryUsage of job (MB)
	357624  -  ResidentSetSize of job (KB)
...
006 (13926304.010.000) 2021-01-08 09:11:58 Image size of job updated: 333708
	271  -  MemoryUsage of job (MB)
	277084  -  ResidentSetSize of job (KB)
...
006 (13926304.012.000) 2021-01-08 09:11:58 Image size of job updated: 332780
	318  -  MemoryUsage of job (MB)
	325032  -  ResidentSetSize of job (KB)
...
006 (13926304.013.000) 2021-01-08 09:11:58 Image size of job updated: 399268
	349  -  MemoryUsage of job (MB)
	357084  -  ResidentSetSize of job (KB)
...
006 (13926304.007.000) 2021-01-08 09:11:58 Image size of job updated: 396464
	355  -  MemoryUsage of job (MB)
	362848  -  ResidentSetSize of job (KB)
...
006 (13926304.001.000) 2021-01-08 09:11:58 Image size of job updated: 380652
	292  -  MemoryUsage of job (MB)
	298380  -  ResidentSetSize of job (KB)
...
006 (13926304.016.000) 2021-01-08 09:11:58 Image size of job updated: 355204
	327  -  MemoryUsage of job (MB)
	333948  -  ResidentSetSize of job (KB)
...
006 (13926304.015.000) 2021-01-08 09:11:58 Image size of job updated: 370552
	348  -  MemoryUsage of job (MB)
	356124  -  ResidentSetSize of job (KB)
...
006 (13926304.017.000) 2021-01-08 09:11:58 Image size of job updated: 416668
	360  -  MemoryUsage of job (MB)
	367868  -  ResidentSetSize of job (KB)
...
006 (13926304.009.000) 2021-01-08 09:11:58 Image size of job updated: 273072
	234  -  MemoryUsage of job (MB)
	239004  -  ResidentSetSize of job (KB)
...
006 (13926304.014.000) 2021-01-08 09:11:58 Image size of job updated: 283560
	256  -  MemoryUsage of job (MB)
	261660  -  ResidentSetSize of job (KB)
...
006 (13926304.006.000) 2021-01-08 09:11:59 Image size of job updated: 385792
	324  -  MemoryUsage of job (MB)
	331044  -  ResidentSetSize of job (KB)
...
006 (13926304.000.000) 2021-01-08 09:11:59 Image size of job updated: 341908
	253  -  MemoryUsage of job (MB)
	258936  -  ResidentSetSize of job (KB)
...
006 (13926304.004.000) 2021-01-08 09:11:59 Image size of job updated: 389320
	352  -  MemoryUsage of job (MB)
	359612  -  ResidentSetSize of job (KB)
...
006 (13926304.003.000) 2021-01-08 09:12:00 Image size of job updated: 245316
	155  -  MemoryUsage of job (MB)
	158028  -  ResidentSetSize of job (KB)
...
006 (13926304.002.000) 2021-01-08 09:12:00 Image size of job updated: 429188
	336  -  MemoryUsage of job (MB)
	343540  -  ResidentSetSize of job (KB)
...
001 (13926304.020.000) 2021-01-08 09:12:28 Job executing on host: <131.169.164.57:37058?addrs=131.169.164.57-37058&alias=bird857.desy.de>
...
001 (13926304.021.000) 2021-01-08 09:12:28 Job executing on host: <131.169.164.14:38087?addrs=131.169.164.14-38087&alias=bird814.desy.de>
...
001 (13926304.022.000) 2021-01-08 09:12:28 Job executing on host: <131.169.164.9:43239?addrs=131.169.164.9-43239&alias=bird809.desy.de>
...
001 (13926304.024.000) 2021-01-08 09:12:28 Job executing on host: <131.169.164.50:33368?addrs=131.169.164.50-33368&alias=bird850.desy.de>
...
001 (13926304.018.000) 2021-01-08 09:12:29 Job executing on host: <131.169.77.160:39445?addrs=131.169.77.160-39445&alias=bird640.desy.de>
...
001 (13926304.019.000) 2021-01-08 09:12:29 Job executing on host: <131.169.77.68:44876?addrs=131.169.77.68-44876&alias=bird586.desy.de>
...
001 (13926304.023.000) 2021-01-08 09:12:29 Job executing on host: <131.169.164.35:34873?addrs=131.169.164.35-34873&alias=bird835.desy.de>
...
006 (13926304.020.000) 2021-01-08 09:12:36 Image size of job updated: 420260
	330  -  MemoryUsage of job (MB)
	337856  -  ResidentSetSize of job (KB)
...
006 (13926304.021.000) 2021-01-08 09:12:36 Image size of job updated: 417984
	328  -  MemoryUsage of job (MB)
	335552  -  ResidentSetSize of job (KB)
...
006 (13926304.022.000) 2021-01-08 09:12:36 Image size of job updated: 419392
	329  -  MemoryUsage of job (MB)
	336600  -  ResidentSetSize of job (KB)
...
006 (13926304.018.000) 2021-01-08 09:12:37 Image size of job updated: 244864
	156  -  MemoryUsage of job (MB)
	159196  -  ResidentSetSize of job (KB)
...
006 (13926304.019.000) 2021-01-08 09:12:37 Image size of job updated: 120484
	56  -  MemoryUsage of job (MB)
	56676  -  ResidentSetSize of job (KB)
...
006 (13926304.024.000) 2021-01-08 09:12:37 Image size of job updated: 455976
	365  -  MemoryUsage of job (MB)
	373320  -  ResidentSetSize of job (KB)
...
006 (13926304.023.000) 2021-01-08 09:12:38 Image size of job updated: 362208
	271  -  MemoryUsage of job (MB)
	276616  -  ResidentSetSize of job (KB)
...
006 (13926304.010.000) 2021-01-08 09:16:02 Image size of job updated: 11876924
	271  -  MemoryUsage of job (MB)
	277248  -  ResidentSetSize of job (KB)
...
005 (13926304.010.000) 2021-01-08 09:16:02 Job terminated.
	(1) Normal termination (return value 0)
		Usr 0 00:03:07, Sys 0 00:00:12  -  Run Remote Usage
		Usr 0 00:00:00, Sys 0 00:00:00  -  Run Local Usage
		Usr 0 00:03:07, Sys 0 00:00:12  -  Total Remote Usage
		Usr 0 00:00:00, Sys 0 00:00:00  -  Total Local Usage
	0  -  Run Bytes Sent By Job
	0  -  Run Bytes Received By Job
	0  -  Total Bytes Sent By Job
	0  -  Total Bytes Received By Job
	Partitionable Resources :    Usage  Request Allocated 
	   Cpus                 :     0.75        1         1 
	   Disk (KB)            :     1     3584000   4466998 
	   Memory (MB)          :   271        4096      4096 

	Job terminated of its own accord at 2021-01-08T08:16:02Z.
...
006 (13926304.002.000) 2021-01-08 09:16:31 Image size of job updated: 13534660
	336  -  MemoryUsage of job (MB)
	343664  -  ResidentSetSize of job (KB)
...
005 (13926304.002.000) 2021-01-08 09:16:31 Job terminated.
	(1) Normal termination (return value 0)
		Usr 0 00:03:13, Sys 0 00:00:21  -  Run Remote Usage
		Usr 0 00:00:00, Sys 0 00:00:00  -  Run Local Usage
		Usr 0 00:03:13, Sys 0 00:00:21  -  Total Remote Usage
		Usr 0 00:00:00, Sys 0 00:00:00  -  Total Local Usage
	0  -  Run Bytes Sent By Job
	0  -  Run Bytes Received By Job
	0  -  Total Bytes Sent By Job
	0  -  Total Bytes Received By Job
	Partitionable Resources :    Usage  Request Allocated 
	   Cpus                 :     0.76        1         1 
	   Disk (KB)            :     1     3584000   4413379 
	   Memory (MB)          :   336        4096      4096 

	Job terminated of its own accord at 2021-01-08T08:16:31Z.
...
006 (13926304.008.000) 2021-01-08 09:16:58 Image size of job updated: 11651088
	11377  -  MemoryUsage of job (MB)
	11649700  -  ResidentSetSize of job (KB)
...
006 (13926304.005.000) 2021-01-08 09:16:58 Image size of job updated: 11828296
	11550  -  MemoryUsage of job (MB)
	11827148  -  ResidentSetSize of job (KB)
...
006 (13926304.011.000) 2021-01-08 09:16:58 Image size of job updated: 11874676
	11595  -  MemoryUsage of job (MB)
	11872424  -  ResidentSetSize of job (KB)
...
006 (13926304.013.000) 2021-01-08 09:16:58 Image size of job updated: 11717212
	11442  -  MemoryUsage of job (MB)
	11716048  -  ResidentSetSize of job (KB)
...
006 (13926304.012.000) 2021-01-08 09:16:58 Image size of job updated: 10237556
	4785  -  MemoryUsage of job (MB)
	4899676  -  ResidentSetSize of job (KB)
...
006 (13926304.001.000) 2021-01-08 09:16:58 Image size of job updated: 10431336
	7075  -  MemoryUsage of job (MB)
	7244412  -  ResidentSetSize of job (KB)
...
006 (13926304.016.000) 2021-01-08 09:16:58 Image size of job updated: 11025692
	5073  -  MemoryUsage of job (MB)
	5194720  -  ResidentSetSize of job (KB)
...
006 (13926304.007.000) 2021-01-08 09:16:58 Image size of job updated: 11785456
	11492  -  MemoryUsage of job (MB)
	11767600  -  ResidentSetSize of job (KB)
...
006 (13926304.015.000) 2021-01-08 09:16:58 Image size of job updated: 11585136
	11314  -  MemoryUsage of job (MB)
	11584628  -  ResidentSetSize of job (KB)
...
006 (13926304.017.000) 2021-01-08 09:16:58 Image size of job updated: 11826240
	11523  -  MemoryUsage of job (MB)
	11799280  -  ResidentSetSize of job (KB)
...
006 (13926304.009.000) 2021-01-08 09:16:58 Image size of job updated: 11195028
	10901  -  MemoryUsage of job (MB)
	11161840  -  ResidentSetSize of job (KB)
...
006 (13926304.014.000) 2021-01-08 09:16:58 Image size of job updated: 11316084
	11037  -  MemoryUsage of job (MB)
	11301656  -  ResidentSetSize of job (KB)
...
006 (13926304.006.000) 2021-01-08 09:16:59 Image size of job updated: 10588464
	4969  -  MemoryUsage of job (MB)
	5088048  -  ResidentSetSize of job (KB)
...
006 (13926304.000.000) 2021-01-08 09:16:59 Image size of job updated: 10473536
	5504  -  MemoryUsage of job (MB)
	5636004  -  ResidentSetSize of job (KB)
...
006 (13926304.004.000) 2021-01-08 09:17:00 Image size of job updated: 11451084
	11183  -  MemoryUsage of job (MB)
	11451084  -  ResidentSetSize of job (KB)
...
006 (13926304.011.000) 2021-01-08 09:17:01 Image size of job updated: 11874676
	11595  -  MemoryUsage of job (MB)
	11872436  -  ResidentSetSize of job (KB)
...
005 (13926304.011.000) 2021-01-08 09:17:01 Job terminated.
	(1) Normal termination (return value 0)
		Usr 0 00:04:23, Sys 0 00:00:20  -  Run Remote Usage
		Usr 0 00:00:00, Sys 0 00:00:00  -  Run Local Usage
		Usr 0 00:04:23, Sys 0 00:00:20  -  Total Remote Usage
		Usr 0 00:00:00, Sys 0 00:00:00  -  Total Local Usage
	0  -  Run Bytes Sent By Job
	0  -  Run Bytes Received By Job
	0  -  Total Bytes Sent By Job
	0  -  Total Bytes Received By Job
	Partitionable Resources :    Usage  Request Allocated 
	   Cpus                 :     0.92        1         1 
	   Disk (KB)            :     1     3584000   3962340 
	   Memory (MB)          : 11595        4096      4096 

	Job terminated of its own accord at 2021-01-08T08:17:01Z.
...
005 (13926304.005.000) 2021-01-08 09:17:01 Job terminated.
	(1) Normal termination (return value 0)
		Usr 0 00:04:23, Sys 0 00:00:20  -  Run Remote Usage
		Usr 0 00:00:00, Sys 0 00:00:00  -  Run Local Usage
		Usr 0 00:04:23, Sys 0 00:00:20  -  Total Remote Usage
		Usr 0 00:00:00, Sys 0 00:00:00  -  Total Local Usage
	0  -  Run Bytes Sent By Job
	0  -  Run Bytes Received By Job
	0  -  Total Bytes Sent By Job
	0  -  Total Bytes Received By Job
	Partitionable Resources :    Usage  Request Allocated 
	   Cpus                 :     0.93        1         1 
	   Disk (KB)            :     1     3584000   3962340 
	   Memory (MB)          : 11550        4096      4096 

	Job terminated of its own accord at 2021-01-08T08:17:01Z.
...
006 (13926304.003.000) 2021-01-08 09:17:01 Image size of job updated: 10090560
	6354  -  MemoryUsage of job (MB)
	6506384  -  ResidentSetSize of job (KB)
...
005 (13926304.017.000) 2021-01-08 09:17:02 Job terminated.
	(1) Normal termination (return value 0)
		Usr 0 00:04:25, Sys 0 00:00:18  -  Run Remote Usage
		Usr 0 00:00:00, Sys 0 00:00:00  -  Run Local Usage
		Usr 0 00:04:25, Sys 0 00:00:18  -  Total Remote Usage
		Usr 0 00:00:00, Sys 0 00:00:00  -  Total Local Usage
	0  -  Run Bytes Sent By Job
	0  -  Run Bytes Received By Job
	0  -  Total Bytes Sent By Job
	0  -  Total Bytes Received By Job
	Partitionable Resources :    Usage  Request Allocated 
	   Cpus                 :     0.92        1         1 
	   Disk (KB)            :     1     3584000   4785108 
	   Memory (MB)          : 11523        4096      4096 

	Job terminated of its own accord at 2021-01-08T08:17:02Z.
...
006 (13926304.007.000) 2021-01-08 09:17:03 Image size of job updated: 11785456
	11498  -  MemoryUsage of job (MB)
	11773828  -  ResidentSetSize of job (KB)
...
005 (13926304.007.000) 2021-01-08 09:17:03 Job terminated.
	(1) Normal termination (return value 0)
		Usr 0 00:04:25, Sys 0 00:00:19  -  Run Remote Usage
		Usr 0 00:00:00, Sys 0 00:00:00  -  Run Local Usage
		Usr 0 00:04:25, Sys 0 00:00:19  -  Total Remote Usage
		Usr 0 00:00:00, Sys 0 00:00:00  -  Total Local Usage
	0  -  Run Bytes Sent By Job
	0  -  Run Bytes Received By Job
	0  -  Total Bytes Sent By Job
	0  -  Total Bytes Received By Job
	Partitionable Resources :    Usage  Request Allocated 
	   Cpus                 :     0.87        1         1 
	   Disk (KB)            :     1     3584000   4785108 
	   Memory (MB)          : 11498        4096      4096 

	Job terminated of its own accord at 2021-01-08T08:17:03Z.
...
006 (13926304.013.000) 2021-01-08 09:17:04 Image size of job updated: 11785112
	11442  -  MemoryUsage of job (MB)
	11716060  -  ResidentSetSize of job (KB)
...
005 (13926304.013.000) 2021-01-08 09:17:05 Job terminated.
	(1) Normal termination (return value 0)
		Usr 0 00:04:25, Sys 0 00:00:19  -  Run Remote Usage
		Usr 0 00:00:00, Sys 0 00:00:00  -  Run Local Usage
		Usr 0 00:04:25, Sys 0 00:00:19  -  Total Remote Usage
		Usr 0 00:00:00, Sys 0 00:00:00  -  Total Local Usage
	0  -  Run Bytes Sent By Job
	0  -  Run Bytes Received By Job
	0  -  Total Bytes Sent By Job
	0  -  Total Bytes Received By Job
	Partitionable Resources :    Usage  Request Allocated 
	   Cpus                 :     0.92        1         1 
	   Disk (KB)            :     1     3584000   4791518 
	   Memory (MB)          : 11442        4096      4096 

	Job terminated of its own accord at 2021-01-08T08:17:04Z.
...
006 (13926304.008.000) 2021-01-08 09:17:06 Image size of job updated: 13441556
	11377  -  MemoryUsage of job (MB)
	11649720  -  ResidentSetSize of job (KB)
...
005 (13926304.008.000) 2021-01-08 09:17:06 Job terminated.
	(1) Normal termination (return value 0)
		Usr 0 00:04:28, Sys 0 00:00:19  -  Run Remote Usage
		Usr 0 00:00:00, Sys 0 00:00:00  -  Run Local Usage
		Usr 0 00:04:28, Sys 0 00:00:19  -  Total Remote Usage
		Usr 0 00:00:00, Sys 0 00:00:00  -  Total Local Usage
	0  -  Run Bytes Sent By Job
	0  -  Run Bytes Received By Job
	0  -  Total Bytes Sent By Job
	0  -  Total Bytes Received By Job
	Partitionable Resources :    Usage  Request Allocated 
	   Cpus                 :     0.91        1         1 
	   Disk (KB)            :     1     3584000   4791518 
	   Memory (MB)          : 11377        4096      4096 

	Job terminated of its own accord at 2021-01-08T08:17:06Z.
...
005 (13926304.015.000) 2021-01-08 09:17:08 Job terminated.
	(1) Normal termination (return value 0)
		Usr 0 00:04:30, Sys 0 00:00:19  -  Run Remote Usage
		Usr 0 00:00:00, Sys 0 00:00:00  -  Run Local Usage
		Usr 0 00:04:30, Sys 0 00:00:19  -  Total Remote Usage
		Usr 0 00:00:00, Sys 0 00:00:00  -  Total Local Usage
	0  -  Run Bytes Sent By Job
	0  -  Run Bytes Received By Job
	0  -  Total Bytes Sent By Job
	0  -  Total Bytes Received By Job
	Partitionable Resources :    Usage  Request Allocated 
	   Cpus                 :     0.81        1         1 
	   Disk (KB)            :     1     3584000   4791518 
	   Memory (MB)          : 11314        4096      4096 

	Job terminated of its own accord at 2021-01-08T08:17:08Z.
...
006 (13926304.004.000) 2021-01-08 09:17:18 Image size of job updated: 11805152
	11183  -  MemoryUsage of job (MB)
	11451084  -  ResidentSetSize of job (KB)
...
005 (13926304.014.000) 2021-01-08 09:17:18 Job terminated.
	(1) Normal termination (return value 0)
		Usr 0 00:04:24, Sys 0 00:00:35  -  Run Remote Usage
		Usr 0 00:00:00, Sys 0 00:00:00  -  Run Local Usage
		Usr 0 00:04:24, Sys 0 00:00:35  -  Total Remote Usage
		Usr 0 00:00:00, Sys 0 00:00:00  -  Total Local Usage
	0  -  Run Bytes Sent By Job
	0  -  Run Bytes Received By Job
	0  -  Total Bytes Sent By Job
	0  -  Total Bytes Received By Job
	Partitionable Resources :    Usage  Request Allocated 
	   Cpus                 :     0.96        1         1 
	   Disk (KB)            :     1     3584000   4539952 
	   Memory (MB)          : 11037        4096      4096 

	Job terminated of its own accord at 2021-01-08T08:17:18Z.
...
005 (13926304.004.000) 2021-01-08 09:17:18 Job terminated.
	(1) Normal termination (return value 0)
		Usr 0 00:04:21, Sys 0 00:00:36  -  Run Remote Usage
		Usr 0 00:00:00, Sys 0 00:00:00  -  Run Local Usage
		Usr 0 00:04:21, Sys 0 00:00:36  -  Total Remote Usage
		Usr 0 00:00:00, Sys 0 00:00:00  -  Total Local Usage
	0  -  Run Bytes Sent By Job
	0  -  Run Bytes Received By Job
	0  -  Total Bytes Sent By Job
	0  -  Total Bytes Received By Job
	Partitionable Resources :    Usage  Request Allocated 
	   Cpus                 :     0.97        1         1 
	   Disk (KB)            :     1     3584000   4539952 
	   Memory (MB)          : 11183        4096      4096 

	Job terminated of its own accord at 2021-01-08T08:17:18Z.
...
006 (13926304.018.000) 2021-01-08 09:17:19 Image size of job updated: 11913344
	156  -  MemoryUsage of job (MB)
	159248  -  ResidentSetSize of job (KB)
...
005 (13926304.018.000) 2021-01-08 09:17:19 Job terminated.
	(1) Normal termination (return value 0)
		Usr 0 00:04:11, Sys 0 00:00:12  -  Run Remote Usage
		Usr 0 00:00:00, Sys 0 00:00:00  -  Run Local Usage
		Usr 0 00:04:11, Sys 0 00:00:12  -  Total Remote Usage
		Usr 0 00:00:00, Sys 0 00:00:00  -  Total Local Usage
	0  -  Run Bytes Sent By Job
	0  -  Run Bytes Received By Job
	0  -  Total Bytes Sent By Job
	0  -  Total Bytes Received By Job
	Partitionable Resources :    Usage  Request Allocated 
	   Cpus                 :     0.88        1         1 
	   Disk (KB)            :     1     3584000   4786935 
	   Memory (MB)          :   156        4096      4096 

	Job terminated of its own accord at 2021-01-08T08:17:19Z.
...
006 (13926304.009.000) 2021-01-08 09:17:22 Image size of job updated: 13493512
	10901  -  MemoryUsage of job (MB)
	11161840  -  ResidentSetSize of job (KB)
...
005 (13926304.009.000) 2021-01-08 09:17:22 Job terminated.
	(1) Normal termination (return value 0)
		Usr 0 00:04:25, Sys 0 00:00:36  -  Run Remote Usage
		Usr 0 00:00:00, Sys 0 00:00:00  -  Run Local Usage
		Usr 0 00:04:25, Sys 0 00:00:36  -  Total Remote Usage
		Usr 0 00:00:00, Sys 0 00:00:00  -  Total Local Usage
	0  -  Run Bytes Sent By Job
	0  -  Run Bytes Received By Job
	0  -  Total Bytes Sent By Job
	0  -  Total Bytes Received By Job
	Partitionable Resources :    Usage  Request Allocated 
	   Cpus                 :     0.94        1         1 
	   Disk (KB)            :     1     3584000   4539952 
	   Memory (MB)          : 10901        4096      4096 

	Job terminated of its own accord at 2021-01-08T08:17:22Z.
...
006 (13926304.016.000) 2021-01-08 09:17:26 Image size of job updated: 11025692
	5073  -  MemoryUsage of job (MB)
	5194728  -  ResidentSetSize of job (KB)
...
005 (13926304.016.000) 2021-01-08 09:17:26 Job terminated.
	(1) Normal termination (return value 0)
		Usr 0 00:04:27, Sys 0 00:00:20  -  Run Remote Usage
		Usr 0 00:00:00, Sys 0 00:00:00  -  Run Local Usage
		Usr 0 00:04:27, Sys 0 00:00:20  -  Total Remote Usage
		Usr 0 00:00:00, Sys 0 00:00:00  -  Total Local Usage
	0  -  Run Bytes Sent By Job
	0  -  Run Bytes Received By Job
	0  -  Total Bytes Sent By Job
	0  -  Total Bytes Received By Job
	Partitionable Resources :    Usage  Request Allocated 
	   Cpus                 :     0.78        1         1 
	   Disk (KB)            :     1     3584000   3994221 
	   Memory (MB)          :  5073        4096      4096 

	Job terminated of its own accord at 2021-01-08T08:17:26Z.
...
006 (13926304.020.000) 2021-01-08 09:17:36 Image size of job updated: 11603244
	7045  -  MemoryUsage of job (MB)
	7213128  -  ResidentSetSize of job (KB)
...
006 (13926304.022.000) 2021-01-08 09:17:36 Image size of job updated: 8232328
	7958  -  MemoryUsage of job (MB)
	8148416  -  ResidentSetSize of job (KB)
...
006 (13926304.021.000) 2021-01-08 09:17:36 Image size of job updated: 11644104
	11372  -  MemoryUsage of job (MB)
	11643940  -  ResidentSetSize of job (KB)
...
005 (13926304.022.000) 2021-01-08 09:17:37 Job terminated.
	(1) Normal termination (return value 0)
		Usr 0 00:04:28, Sys 0 00:00:15  -  Run Remote Usage
		Usr 0 00:00:00, Sys 0 00:00:00  -  Run Local Usage
		Usr 0 00:04:28, Sys 0 00:00:15  -  Total Remote Usage
		Usr 0 00:00:00, Sys 0 00:00:00  -  Total Local Usage
	0  -  Run Bytes Sent By Job
	0  -  Run Bytes Received By Job
	0  -  Total Bytes Sent By Job
	0  -  Total Bytes Received By Job
	Partitionable Resources :    Usage  Request Allocated 
	   Cpus                 :     0.92        1         1 
	   Disk (KB)            :     1     3584000   4551529 
	   Memory (MB)          :  7958        4096      4096 

	Job terminated of its own accord at 2021-01-08T08:17:37Z.
...
006 (13926304.019.000) 2021-01-08 09:17:37 Image size of job updated: 11373648
	11103  -  MemoryUsage of job (MB)
	11369300  -  ResidentSetSize of job (KB)
...
006 (13926304.024.000) 2021-01-08 09:17:38 Image size of job updated: 10113876
	4502  -  MemoryUsage of job (MB)
	4609732  -  ResidentSetSize of job (KB)
...
006 (13926304.023.000) 2021-01-08 09:17:39 Image size of job updated: 11782236
	271  -  MemoryUsage of job (MB)
	276652  -  ResidentSetSize of job (KB)
...
005 (13926304.023.000) 2021-01-08 09:17:39 Job terminated.
	(1) Normal termination (return value 0)
		Usr 0 00:04:26, Sys 0 00:00:20  -  Run Remote Usage
		Usr 0 00:00:00, Sys 0 00:00:00  -  Run Local Usage
		Usr 0 00:04:26, Sys 0 00:00:20  -  Total Remote Usage
		Usr 0 00:00:00, Sys 0 00:00:00  -  Total Local Usage
	0  -  Run Bytes Sent By Job
	0  -  Run Bytes Received By Job
	0  -  Total Bytes Sent By Job
	0  -  Total Bytes Received By Job
	Partitionable Resources :    Usage  Request Allocated 
	   Cpus                 :     0.94        1         1 
	   Disk (KB)            :     1     3584000   4537976 
	   Memory (MB)          :   271        4096      4096 

	Job terminated of its own accord at 2021-01-08T08:17:39Z.
...
006 (13926304.001.000) 2021-01-08 09:17:42 Image size of job updated: 11822808
	7075  -  MemoryUsage of job (MB)
	7244420  -  ResidentSetSize of job (KB)
...
005 (13926304.001.000) 2021-01-08 09:17:42 Job terminated.
	(1) Normal termination (return value 0)
		Usr 0 00:04:29, Sys 0 00:00:25  -  Run Remote Usage
		Usr 0 00:00:00, Sys 0 00:00:00  -  Run Local Usage
		Usr 0 00:04:29, Sys 0 00:00:25  -  Total Remote Usage
		Usr 0 00:00:00, Sys 0 00:00:00  -  Total Local Usage
	0  -  Run Bytes Sent By Job
	0  -  Run Bytes Received By Job
	0  -  Total Bytes Sent By Job
	0  -  Total Bytes Received By Job
	Partitionable Resources :    Usage  Request Allocated 
	   Cpus                 :     0.85        1         1 
	   Disk (KB)            :     1     3584000   4440988 
	   Memory (MB)          :  7075        4096      4096 

	Job terminated of its own accord at 2021-01-08T08:17:42Z.
...
006 (13926304.006.000) 2021-01-08 09:17:43 Image size of job updated: 10588464
	4969  -  MemoryUsage of job (MB)
	5088120  -  ResidentSetSize of job (KB)
...
005 (13926304.006.000) 2021-01-08 09:17:43 Job terminated.
	(1) Normal termination (return value 0)
		Usr 0 00:04:27, Sys 0 00:00:20  -  Run Remote Usage
		Usr 0 00:00:00, Sys 0 00:00:00  -  Run Local Usage
		Usr 0 00:04:27, Sys 0 00:00:20  -  Total Remote Usage
		Usr 0 00:00:00, Sys 0 00:00:00  -  Total Local Usage
	0  -  Run Bytes Sent By Job
	0  -  Run Bytes Received By Job
	0  -  Total Bytes Sent By Job
	0  -  Total Bytes Received By Job
	Partitionable Resources :    Usage  Request Allocated 
	   Cpus                 :     0.73        1         1 
	   Disk (KB)            :     1     3584000   3994221 
	   Memory (MB)          :  4969        4096      4096 

	Job terminated of its own accord at 2021-01-08T08:17:43Z.
...
006 (13926304.021.000) 2021-01-08 09:17:44 Image size of job updated: 11800056
	11372  -  MemoryUsage of job (MB)
	11643940  -  ResidentSetSize of job (KB)
...
005 (13926304.021.000) 2021-01-08 09:17:44 Job terminated.
	(1) Normal termination (return value 0)
		Usr 0 00:04:23, Sys 0 00:00:19  -  Run Remote Usage
		Usr 0 00:00:00, Sys 0 00:00:00  -  Run Local Usage
		Usr 0 00:04:23, Sys 0 00:00:19  -  Total Remote Usage
		Usr 0 00:00:00, Sys 0 00:00:00  -  Total Local Usage
	0  -  Run Bytes Sent By Job
	0  -  Run Bytes Received By Job
	0  -  Total Bytes Sent By Job
	0  -  Total Bytes Received By Job
	Partitionable Resources :    Usage  Request Allocated 
	   Cpus                 :     0.91        1         1 
	   Disk (KB)            :     1     3584000   4544607 
	   Memory (MB)          : 11372        4096      4096 

	Job terminated of its own accord at 2021-01-08T08:17:44Z.
...
006 (13926304.020.000) 2021-01-08 09:17:48 Image size of job updated: 11603244
	7045  -  MemoryUsage of job (MB)
	7213148  -  ResidentSetSize of job (KB)
...
005 (13926304.020.000) 2021-01-08 09:17:48 Job terminated.
	(1) Normal termination (return value 0)
		Usr 0 00:04:25, Sys 0 00:00:21  -  Run Remote Usage
		Usr 0 00:00:00, Sys 0 00:00:00  -  Run Local Usage
		Usr 0 00:04:25, Sys 0 00:00:21  -  Total Remote Usage
		Usr 0 00:00:00, Sys 0 00:00:00  -  Total Local Usage
	0  -  Run Bytes Sent By Job
	0  -  Run Bytes Received By Job
	0  -  Total Bytes Sent By Job
	0  -  Total Bytes Received By Job
	Partitionable Resources :    Usage  Request Allocated 
	   Cpus                 :     0.90        1         1 
	   Disk (KB)            :     1     3584000   3977278 
	   Memory (MB)          :  7045        4096      4096 

	Job terminated of its own accord at 2021-01-08T08:17:48Z.
...
006 (13926304.012.000) 2021-01-08 09:17:48 Image size of job updated: 11792532
	4785  -  MemoryUsage of job (MB)
	4899744  -  ResidentSetSize of job (KB)
...
005 (13926304.012.000) 2021-01-08 09:17:48 Job terminated.
	(1) Normal termination (return value 0)
		Usr 0 00:04:28, Sys 0 00:00:21  -  Run Remote Usage
		Usr 0 00:00:00, Sys 0 00:00:00  -  Run Local Usage
		Usr 0 00:04:28, Sys 0 00:00:21  -  Total Remote Usage
		Usr 0 00:00:00, Sys 0 00:00:00  -  Total Local Usage
	0  -  Run Bytes Sent By Job
	0  -  Run Bytes Received By Job
	0  -  Total Bytes Sent By Job
	0  -  Total Bytes Received By Job
	Partitionable Resources :    Usage  Request Allocated 
	   Cpus                 :     0.95        1         1 
	   Disk (KB)            :     1     3584000   3994221 
	   Memory (MB)          :  4785        4096      4096 

	Job terminated of its own accord at 2021-01-08T08:17:48Z.
...
006 (13926304.019.000) 2021-01-08 09:17:53 Image size of job updated: 11814644
	11103  -  MemoryUsage of job (MB)
	11369392  -  ResidentSetSize of job (KB)
...
005 (13926304.019.000) 2021-01-08 09:17:53 Job terminated.
	(1) Normal termination (return value 0)
		Usr 0 00:04:33, Sys 0 00:00:15  -  Run Remote Usage
		Usr 0 00:00:00, Sys 0 00:00:00  -  Run Local Usage
		Usr 0 00:04:33, Sys 0 00:00:15  -  Total Remote Usage
		Usr 0 00:00:00, Sys 0 00:00:00  -  Total Local Usage
	0  -  Run Bytes Sent By Job
	0  -  Run Bytes Received By Job
	0  -  Total Bytes Sent By Job
	0  -  Total Bytes Received By Job
	Partitionable Resources :    Usage  Request Allocated 
	   Cpus                 :     0.92        1         1 
	   Disk (KB)            :     1     3584000   3826100 
	   Memory (MB)          : 11103        4096      4096 

	Job terminated of its own accord at 2021-01-08T08:17:53Z.
...
006 (13926304.003.000) 2021-01-08 09:18:01 Image size of job updated: 11942536
	6354  -  MemoryUsage of job (MB)
	6506392  -  ResidentSetSize of job (KB)
...
005 (13926304.003.000) 2021-01-08 09:18:01 Job terminated.
	(1) Normal termination (return value 0)
		Usr 0 00:04:46, Sys 0 00:00:27  -  Run Remote Usage
		Usr 0 00:00:00, Sys 0 00:00:00  -  Run Local Usage
		Usr 0 00:04:46, Sys 0 00:00:27  -  Total Remote Usage
		Usr 0 00:00:00, Sys 0 00:00:00  -  Total Local Usage
	0  -  Run Bytes Sent By Job
	0  -  Run Bytes Received By Job
	0  -  Total Bytes Sent By Job
	0  -  Total Bytes Received By Job
	Partitionable Resources :    Usage  Request Allocated 
	   Cpus                 :     0.94        1         1 
	   Disk (KB)            :     1     3584000   4426440 
	   Memory (MB)          :  6354        4096      4096 

	Job terminated of its own accord at 2021-01-08T08:18:01Z.
...
006 (13926304.000.000) 2021-01-08 09:18:11 Image size of job updated: 11847240
	5504  -  MemoryUsage of job (MB)
	5636004  -  ResidentSetSize of job (KB)
...
005 (13926304.000.000) 2021-01-08 09:18:11 Job terminated.
	(1) Normal termination (return value 0)
		Usr 0 00:04:40, Sys 0 00:00:27  -  Run Remote Usage
		Usr 0 00:00:00, Sys 0 00:00:00  -  Run Local Usage
		Usr 0 00:04:40, Sys 0 00:00:27  -  Total Remote Usage
		Usr 0 00:00:00, Sys 0 00:00:00  -  Total Local Usage
	0  -  Run Bytes Sent By Job
	0  -  Run Bytes Received By Job
	0  -  Total Bytes Sent By Job
	0  -  Total Bytes Received By Job
	Partitionable Resources :    Usage  Request Allocated 
	   Cpus                 :     0.93        1         1 
	   Disk (KB)            :     1     3584000   4412950 
	   Memory (MB)          :  5504        4096      4096 

	Job terminated of its own accord at 2021-01-08T08:18:11Z.
...
006 (13926304.024.000) 2021-01-08 09:18:34 Image size of job updated: 13402740
	4502  -  MemoryUsage of job (MB)
	4609732  -  ResidentSetSize of job (KB)
...
005 (13926304.024.000) 2021-01-08 09:18:34 Job terminated.
	(1) Normal termination (return value 0)
		Usr 0 00:04:28, Sys 0 00:00:22  -  Run Remote Usage
		Usr 0 00:00:00, Sys 0 00:00:00  -  Run Local Usage
		Usr 0 00:04:28, Sys 0 00:00:22  -  Total Remote Usage
		Usr 0 00:00:00, Sys 0 00:00:00  -  Total Local Usage
	0  -  Run Bytes Sent By Job
	0  -  Run Bytes Received By Job
	0  -  Total Bytes Sent By Job
	0  -  Total Bytes Received By Job
	Partitionable Resources :    Usage  Request Allocated 
	   Cpus                 :     0.78        1         1 
	   Disk (KB)            :     1     3584000   3973998 
	   Memory (MB)          :  4502        4096      4096 

	Job terminated of its own accord at 2021-01-08T08:18:34Z.
...
