000 (19540697.000.000) 2021-04-09 09:33:14 Job submitted from host: <131.169.223.42:9618?addrs=131.169.223.42-9618+[2001-638-700-10df--1-2a]-9618&alias=bird-htc-sched14.desy.de&noUDP&sock=schedd_14156_6ac2_3>
...
001 (19540697.000.000) 2021-04-09 10:00:51 Job executing on host: <131.169.77.167:40339?addrs=131.169.77.167-40339&alias=bird647.desy.de>
...
006 (19540697.000.000) 2021-04-09 10:01:00 Image size of job updated: 443384
	348  -  MemoryUsage of job (MB)
	355916  -  ResidentSetSize of job (KB)
...
006 (19540697.000.000) 2021-04-09 10:06:01 Image size of job updated: 10943144
	7378  -  MemoryUsage of job (MB)
	7554508  -  ResidentSetSize of job (KB)
...
006 (19540697.000.000) 2021-04-09 10:09:01 Image size of job updated: 14299340
	7379  -  MemoryUsage of job (MB)
	7555160  -  ResidentSetSize of job (KB)
...
005 (19540697.000.000) 2021-04-09 10:09:01 Job terminated.
	(1) Normal termination (return value 0)
		Usr 0 00:04:55, Sys 0 00:00:22  -  Run Remote Usage
		Usr 0 00:00:00, Sys 0 00:00:00  -  Run Local Usage
		Usr 0 00:04:55, Sys 0 00:00:22  -  Total Remote Usage
		Usr 0 00:00:00, Sys 0 00:00:00  -  Total Local Usage
	0  -  Run Bytes Sent By Job
	0  -  Run Bytes Received By Job
	0  -  Total Bytes Sent By Job
	0  -  Total Bytes Received By Job
	Partitionable Resources :    Usage  Request Allocated 
	   Cpus                 :     0.13        1         1 
	   Disk (KB)            :     1     3584000   4774047 
	   Memory (MB)          :  7379        8192      8192 

	Job terminated of its own accord at 2021-04-09T08:09:01Z.
...
