000 (19530352.000.000) 2021-04-08 18:04:21 Job submitted from host: <131.169.223.42:9618?addrs=131.169.223.42-9618+[2001-638-700-10df--1-2a]-9618&alias=bird-htc-sched14.desy.de&noUDP&sock=schedd_14156_6ac2_3>
...
000 (19530352.001.000) 2021-04-08 18:04:21 Job submitted from host: <131.169.223.42:9618?addrs=131.169.223.42-9618+[2001-638-700-10df--1-2a]-9618&alias=bird-htc-sched14.desy.de&noUDP&sock=schedd_14156_6ac2_3>
...
000 (19530352.002.000) 2021-04-08 18:04:21 Job submitted from host: <131.169.223.42:9618?addrs=131.169.223.42-9618+[2001-638-700-10df--1-2a]-9618&alias=bird-htc-sched14.desy.de&noUDP&sock=schedd_14156_6ac2_3>
...
000 (19530352.003.000) 2021-04-08 18:04:21 Job submitted from host: <131.169.223.42:9618?addrs=131.169.223.42-9618+[2001-638-700-10df--1-2a]-9618&alias=bird-htc-sched14.desy.de&noUDP&sock=schedd_14156_6ac2_3>
...
000 (19530352.004.000) 2021-04-08 18:04:21 Job submitted from host: <131.169.223.42:9618?addrs=131.169.223.42-9618+[2001-638-700-10df--1-2a]-9618&alias=bird-htc-sched14.desy.de&noUDP&sock=schedd_14156_6ac2_3>
...
000 (19530352.005.000) 2021-04-08 18:04:21 Job submitted from host: <131.169.223.42:9618?addrs=131.169.223.42-9618+[2001-638-700-10df--1-2a]-9618&alias=bird-htc-sched14.desy.de&noUDP&sock=schedd_14156_6ac2_3>
...
000 (19530352.006.000) 2021-04-08 18:04:21 Job submitted from host: <131.169.223.42:9618?addrs=131.169.223.42-9618+[2001-638-700-10df--1-2a]-9618&alias=bird-htc-sched14.desy.de&noUDP&sock=schedd_14156_6ac2_3>
...
000 (19530352.007.000) 2021-04-08 18:04:21 Job submitted from host: <131.169.223.42:9618?addrs=131.169.223.42-9618+[2001-638-700-10df--1-2a]-9618&alias=bird-htc-sched14.desy.de&noUDP&sock=schedd_14156_6ac2_3>
...
000 (19530352.008.000) 2021-04-08 18:04:21 Job submitted from host: <131.169.223.42:9618?addrs=131.169.223.42-9618+[2001-638-700-10df--1-2a]-9618&alias=bird-htc-sched14.desy.de&noUDP&sock=schedd_14156_6ac2_3>
...
000 (19530352.009.000) 2021-04-08 18:04:21 Job submitted from host: <131.169.223.42:9618?addrs=131.169.223.42-9618+[2001-638-700-10df--1-2a]-9618&alias=bird-htc-sched14.desy.de&noUDP&sock=schedd_14156_6ac2_3>
...
000 (19530352.010.000) 2021-04-08 18:04:21 Job submitted from host: <131.169.223.42:9618?addrs=131.169.223.42-9618+[2001-638-700-10df--1-2a]-9618&alias=bird-htc-sched14.desy.de&noUDP&sock=schedd_14156_6ac2_3>
...
000 (19530352.011.000) 2021-04-08 18:04:21 Job submitted from host: <131.169.223.42:9618?addrs=131.169.223.42-9618+[2001-638-700-10df--1-2a]-9618&alias=bird-htc-sched14.desy.de&noUDP&sock=schedd_14156_6ac2_3>
...
000 (19530352.012.000) 2021-04-08 18:04:21 Job submitted from host: <131.169.223.42:9618?addrs=131.169.223.42-9618+[2001-638-700-10df--1-2a]-9618&alias=bird-htc-sched14.desy.de&noUDP&sock=schedd_14156_6ac2_3>
...
000 (19530352.013.000) 2021-04-08 18:04:21 Job submitted from host: <131.169.223.42:9618?addrs=131.169.223.42-9618+[2001-638-700-10df--1-2a]-9618&alias=bird-htc-sched14.desy.de&noUDP&sock=schedd_14156_6ac2_3>
...
000 (19530352.014.000) 2021-04-08 18:04:21 Job submitted from host: <131.169.223.42:9618?addrs=131.169.223.42-9618+[2001-638-700-10df--1-2a]-9618&alias=bird-htc-sched14.desy.de&noUDP&sock=schedd_14156_6ac2_3>
...
000 (19530352.015.000) 2021-04-08 18:04:21 Job submitted from host: <131.169.223.42:9618?addrs=131.169.223.42-9618+[2001-638-700-10df--1-2a]-9618&alias=bird-htc-sched14.desy.de&noUDP&sock=schedd_14156_6ac2_3>
...
000 (19530352.016.000) 2021-04-08 18:04:21 Job submitted from host: <131.169.223.42:9618?addrs=131.169.223.42-9618+[2001-638-700-10df--1-2a]-9618&alias=bird-htc-sched14.desy.de&noUDP&sock=schedd_14156_6ac2_3>
...
000 (19530352.017.000) 2021-04-08 18:04:21 Job submitted from host: <131.169.223.42:9618?addrs=131.169.223.42-9618+[2001-638-700-10df--1-2a]-9618&alias=bird-htc-sched14.desy.de&noUDP&sock=schedd_14156_6ac2_3>
...
000 (19530352.018.000) 2021-04-08 18:04:21 Job submitted from host: <131.169.223.42:9618?addrs=131.169.223.42-9618+[2001-638-700-10df--1-2a]-9618&alias=bird-htc-sched14.desy.de&noUDP&sock=schedd_14156_6ac2_3>
...
000 (19530352.019.000) 2021-04-08 18:04:21 Job submitted from host: <131.169.223.42:9618?addrs=131.169.223.42-9618+[2001-638-700-10df--1-2a]-9618&alias=bird-htc-sched14.desy.de&noUDP&sock=schedd_14156_6ac2_3>
...
000 (19530352.020.000) 2021-04-08 18:04:21 Job submitted from host: <131.169.223.42:9618?addrs=131.169.223.42-9618+[2001-638-700-10df--1-2a]-9618&alias=bird-htc-sched14.desy.de&noUDP&sock=schedd_14156_6ac2_3>
...
000 (19530352.021.000) 2021-04-08 18:04:21 Job submitted from host: <131.169.223.42:9618?addrs=131.169.223.42-9618+[2001-638-700-10df--1-2a]-9618&alias=bird-htc-sched14.desy.de&noUDP&sock=schedd_14156_6ac2_3>
...
000 (19530352.022.000) 2021-04-08 18:04:21 Job submitted from host: <131.169.223.42:9618?addrs=131.169.223.42-9618+[2001-638-700-10df--1-2a]-9618&alias=bird-htc-sched14.desy.de&noUDP&sock=schedd_14156_6ac2_3>
...
000 (19530352.023.000) 2021-04-08 18:04:21 Job submitted from host: <131.169.223.42:9618?addrs=131.169.223.42-9618+[2001-638-700-10df--1-2a]-9618&alias=bird-htc-sched14.desy.de&noUDP&sock=schedd_14156_6ac2_3>
...
000 (19530352.024.000) 2021-04-08 18:04:21 Job submitted from host: <131.169.223.42:9618?addrs=131.169.223.42-9618+[2001-638-700-10df--1-2a]-9618&alias=bird-htc-sched14.desy.de&noUDP&sock=schedd_14156_6ac2_3>
...
001 (19530352.005.000) 2021-04-08 18:41:25 Job executing on host: <131.169.163.127:45399?addrs=131.169.163.127-45399&alias=bird688.desy.de>
...
001 (19530352.002.000) 2021-04-08 18:41:25 Job executing on host: <131.169.163.113:43172?addrs=131.169.163.113-43172&alias=bird674.desy.de>
...
001 (19530352.000.000) 2021-04-08 18:41:25 Job executing on host: <131.169.163.101:35812?addrs=131.169.163.101-35812&alias=bird662.desy.de>
...
001 (19530352.003.000) 2021-04-08 18:41:25 Job executing on host: <131.169.77.216:33908?addrs=131.169.77.216-33908&alias=bird770.desy.de>
...
001 (19530352.004.000) 2021-04-08 18:41:25 Job executing on host: <131.169.164.2:39378?addrs=131.169.164.2-39378&alias=bird802.desy.de>
...
001 (19530352.006.000) 2021-04-08 18:41:25 Job executing on host: <131.169.164.48:34573?addrs=131.169.164.48-34573&alias=bird848.desy.de>
...
001 (19530352.007.000) 2021-04-08 18:41:25 Job executing on host: <131.169.160.178:44794?addrs=131.169.160.178-44794&alias=batch1180.desy.de>
...
001 (19530352.001.000) 2021-04-08 18:41:25 Job executing on host: <131.169.162.158:38120?addrs=131.169.162.158-38120&alias=batch1158.desy.de>
...
001 (19530352.008.000) 2021-04-08 18:41:26 Job executing on host: <131.169.162.158:38120?addrs=131.169.162.158-38120&alias=batch1158.desy.de>
...
006 (19530352.008.000) 2021-04-08 18:41:34 Image size of job updated: 585320
	542  -  MemoryUsage of job (MB)
	554760  -  ResidentSetSize of job (KB)
...
006 (19530352.002.000) 2021-04-08 18:41:34 Image size of job updated: 384200
	350  -  MemoryUsage of job (MB)
	357996  -  ResidentSetSize of job (KB)
...
006 (19530352.005.000) 2021-04-08 18:41:34 Image size of job updated: 407272
	350  -  MemoryUsage of job (MB)
	358124  -  ResidentSetSize of job (KB)
...
006 (19530352.000.000) 2021-04-08 18:41:34 Image size of job updated: 442036
	391  -  MemoryUsage of job (MB)
	399444  -  ResidentSetSize of job (KB)
...
006 (19530352.003.000) 2021-04-08 18:41:34 Image size of job updated: 402532
	334  -  MemoryUsage of job (MB)
	341760  -  ResidentSetSize of job (KB)
...
006 (19530352.004.000) 2021-04-08 18:41:34 Image size of job updated: 430632
	402  -  MemoryUsage of job (MB)
	410840  -  ResidentSetSize of job (KB)
...
006 (19530352.006.000) 2021-04-08 18:41:34 Image size of job updated: 5128
	6  -  MemoryUsage of job (MB)
	5128  -  ResidentSetSize of job (KB)
...
006 (19530352.007.000) 2021-04-08 18:41:34 Image size of job updated: 678292
	621  -  MemoryUsage of job (MB)
	635152  -  ResidentSetSize of job (KB)
...
006 (19530352.001.000) 2021-04-08 18:41:34 Image size of job updated: 599316
	569  -  MemoryUsage of job (MB)
	582596  -  ResidentSetSize of job (KB)
...
006 (19530352.008.000) 2021-04-08 18:44:58 Image size of job updated: 14427416
	542  -  MemoryUsage of job (MB)
	554800  -  ResidentSetSize of job (KB)
...
006 (19530352.001.000) 2021-04-08 18:44:58 Image size of job updated: 14319780
	569  -  MemoryUsage of job (MB)
	582624  -  ResidentSetSize of job (KB)
...
005 (19530352.008.000) 2021-04-08 18:44:58 Job terminated.
	(1) Normal termination (return value 0)
		Usr 0 00:02:58, Sys 0 00:00:11  -  Run Remote Usage
		Usr 0 00:00:00, Sys 0 00:00:00  -  Run Local Usage
		Usr 0 00:02:58, Sys 0 00:00:11  -  Total Remote Usage
		Usr 0 00:00:00, Sys 0 00:00:00  -  Total Local Usage
	0  -  Run Bytes Sent By Job
	0  -  Run Bytes Received By Job
	0  -  Total Bytes Sent By Job
	0  -  Total Bytes Received By Job
	Partitionable Resources :    Usage  Request Allocated 
	   Cpus                 :     0.88        1         1 
	   Disk (KB)            :     1     3584000   4407767 
	   Memory (MB)          :   542        4096      4096 

	Job terminated of its own accord at 2021-04-08T16:44:58Z.
...
005 (19530352.001.000) 2021-04-08 18:44:58 Job terminated.
	(1) Normal termination (return value 0)
		Usr 0 00:02:58, Sys 0 00:00:11  -  Run Remote Usage
		Usr 0 00:00:00, Sys 0 00:00:00  -  Run Local Usage
		Usr 0 00:02:58, Sys 0 00:00:11  -  Total Remote Usage
		Usr 0 00:00:00, Sys 0 00:00:00  -  Total Local Usage
	0  -  Run Bytes Sent By Job
	0  -  Run Bytes Received By Job
	0  -  Total Bytes Sent By Job
	0  -  Total Bytes Received By Job
	Partitionable Resources :    Usage  Request Allocated 
	   Cpus                 :     0.87        1         1 
	   Disk (KB)            :     1     3584000   4407767 
	   Memory (MB)          :   569        4096      4096 

	Job terminated of its own accord at 2021-04-08T16:44:58Z.
...
006 (19530352.007.000) 2021-04-08 18:45:01 Image size of job updated: 14429680
	621  -  MemoryUsage of job (MB)
	635176  -  ResidentSetSize of job (KB)
...
005 (19530352.007.000) 2021-04-08 18:45:01 Job terminated.
	(1) Normal termination (return value 0)
		Usr 0 00:02:59, Sys 0 00:00:12  -  Run Remote Usage
		Usr 0 00:00:00, Sys 0 00:00:00  -  Run Local Usage
		Usr 0 00:02:59, Sys 0 00:00:12  -  Total Remote Usage
		Usr 0 00:00:00, Sys 0 00:00:00  -  Total Local Usage
	0  -  Run Bytes Sent By Job
	0  -  Run Bytes Received By Job
	0  -  Total Bytes Sent By Job
	0  -  Total Bytes Received By Job
	Partitionable Resources :    Usage  Request Allocated 
	   Cpus                 :     0.84        1         1 
	   Disk (KB)            :     1     3584000   4464537 
	   Memory (MB)          :   621        4096      4096 

	Job terminated of its own accord at 2021-04-08T16:45:01Z.
...
006 (19530352.004.000) 2021-04-08 18:46:29 Image size of job updated: 15799144
	402  -  MemoryUsage of job (MB)
	410868  -  ResidentSetSize of job (KB)
...
005 (19530352.004.000) 2021-04-08 18:46:29 Job terminated.
	(1) Normal termination (return value 0)
		Usr 0 00:04:15, Sys 0 00:00:24  -  Run Remote Usage
		Usr 0 00:00:00, Sys 0 00:00:00  -  Run Local Usage
		Usr 0 00:04:15, Sys 0 00:00:24  -  Total Remote Usage
		Usr 0 00:00:00, Sys 0 00:00:00  -  Total Local Usage
	0  -  Run Bytes Sent By Job
	0  -  Run Bytes Received By Job
	0  -  Total Bytes Sent By Job
	0  -  Total Bytes Received By Job
	Partitionable Resources :    Usage  Request Allocated 
	   Cpus                 :     0.91        1         1 
	   Disk (KB)            :     1     3584000   4543744 
	   Memory (MB)          :   402        4096      4096 

	Job terminated of its own accord at 2021-04-08T16:46:29Z.
...
001 (19530352.012.000) 2021-04-08 18:46:29 Job executing on host: <131.169.164.2:39378?addrs=131.169.164.2-39378&alias=bird802.desy.de>
...
001 (19530352.011.000) 2021-04-08 18:46:29 Job executing on host: <131.169.163.100:42753?addrs=131.169.163.100-42753&alias=bird661.desy.de>
...
006 (19530352.006.000) 2021-04-08 18:46:34 Image size of job updated: 1378060
	6  -  MemoryUsage of job (MB)
	5128  -  ResidentSetSize of job (KB)
...
005 (19530352.006.000) 2021-04-08 18:46:34 Job terminated.
	(1) Normal termination (return value 0)
		Usr 0 00:04:24, Sys 0 00:00:16  -  Run Remote Usage
		Usr 0 00:00:00, Sys 0 00:00:00  -  Run Local Usage
		Usr 0 00:04:24, Sys 0 00:00:16  -  Total Remote Usage
		Usr 0 00:00:00, Sys 0 00:00:00  -  Total Local Usage
	0  -  Run Bytes Sent By Job
	0  -  Run Bytes Received By Job
	0  -  Total Bytes Sent By Job
	0  -  Total Bytes Received By Job
	Partitionable Resources :    Usage  Request Allocated 
	   Cpus                 :     0.91        1         1 
	   Disk (KB)            :     1     3584000   4202150 
	   Memory (MB)          :     6        4096      4096 

	Job terminated of its own accord at 2021-04-08T16:46:34Z.
...
006 (19530352.000.000) 2021-04-08 18:46:35 Image size of job updated: 14198392
	12105  -  MemoryUsage of job (MB)
	12394716  -  ResidentSetSize of job (KB)
...
006 (19530352.000.000) 2021-04-08 18:46:35 Image size of job updated: 14198572
	12106  -  MemoryUsage of job (MB)
	12396264  -  ResidentSetSize of job (KB)
...
012 (19530352.000.000) 2021-04-08 18:46:35 Job was held.
	Memory usage too high (> 3 x requested-memory)
	Code 26 Subcode 0
...
001 (19530352.009.000) 2021-04-08 18:46:35 Job executing on host: <131.169.163.101:35812?addrs=131.169.163.101-35812&alias=bird662.desy.de>
...
006 (19530352.003.000) 2021-04-08 18:46:35 Image size of job updated: 13181084
	12718  -  MemoryUsage of job (MB)
	13022920  -  ResidentSetSize of job (KB)
...
006 (19530352.005.000) 2021-04-08 18:46:35 Image size of job updated: 14303952
	13381  -  MemoryUsage of job (MB)
	13701960  -  ResidentSetSize of job (KB)
...
012 (19530352.003.000) 2021-04-08 18:46:35 Job was held.
	Memory usage too high (> 3 x requested-memory)
	Code 26 Subcode 0
...
006 (19530352.002.000) 2021-04-08 18:46:35 Image size of job updated: 13958388
	10884  -  MemoryUsage of job (MB)
	11145212  -  ResidentSetSize of job (KB)
...
006 (19530352.005.000) 2021-04-08 18:46:36 Image size of job updated: 14303952
	13382  -  MemoryUsage of job (MB)
	13702980  -  ResidentSetSize of job (KB)
...
012 (19530352.005.000) 2021-04-08 18:46:36 Job was held.
	Memory usage too high (> 3 x requested-memory)
	Code 26 Subcode 0
...
001 (19530352.014.000) 2021-04-08 18:46:36 Job executing on host: <131.169.163.127:45399?addrs=131.169.163.127-45399&alias=bird688.desy.de>
...
001 (19530352.010.000) 2021-04-08 18:46:36 Job executing on host: <131.169.77.216:33908?addrs=131.169.77.216-33908&alias=bird770.desy.de>
...
001 (19530352.013.000) 2021-04-08 18:46:37 Job executing on host: <131.169.77.216:33908?addrs=131.169.77.216-33908&alias=bird770.desy.de>
...
006 (19530352.012.000) 2021-04-08 18:46:38 Image size of job updated: 527136
	435  -  MemoryUsage of job (MB)
	445400  -  ResidentSetSize of job (KB)
...
006 (19530352.011.000) 2021-04-08 18:46:38 Image size of job updated: 520260
	427  -  MemoryUsage of job (MB)
	436852  -  ResidentSetSize of job (KB)
...
006 (19530352.009.000) 2021-04-08 18:46:43 Image size of job updated: 371704
	280  -  MemoryUsage of job (MB)
	286460  -  ResidentSetSize of job (KB)
...
006 (19530352.014.000) 2021-04-08 18:46:44 Image size of job updated: 457768
	366  -  MemoryUsage of job (MB)
	374412  -  ResidentSetSize of job (KB)
...
006 (19530352.010.000) 2021-04-08 18:46:44 Image size of job updated: 386564
	377  -  MemoryUsage of job (MB)
	385436  -  ResidentSetSize of job (KB)
...
006 (19530352.013.000) 2021-04-08 18:46:45 Image size of job updated: 356116
	265  -  MemoryUsage of job (MB)
	271324  -  ResidentSetSize of job (KB)
...
006 (19530352.002.000) 2021-04-08 18:46:49 Image size of job updated: 13958388
	10885  -  MemoryUsage of job (MB)
	11145244  -  ResidentSetSize of job (KB)
...
005 (19530352.002.000) 2021-04-08 18:46:49 Job terminated.
	(1) Normal termination (return value 0)
		Usr 0 00:04:17, Sys 0 00:00:23  -  Run Remote Usage
		Usr 0 00:00:00, Sys 0 00:00:00  -  Run Local Usage
		Usr 0 00:04:17, Sys 0 00:00:23  -  Total Remote Usage
		Usr 0 00:00:00, Sys 0 00:00:00  -  Total Local Usage
	0  -  Run Bytes Sent By Job
	0  -  Run Bytes Received By Job
	0  -  Total Bytes Sent By Job
	0  -  Total Bytes Received By Job
	Partitionable Resources :    Usage  Request Allocated 
	   Cpus                 :     0.91        1         1 
	   Disk (KB)            :     1     3584000   3952708 
	   Memory (MB)          : 10885        4096      4096 

	Job terminated of its own accord at 2021-04-08T16:46:49Z.
...
006 (19530352.014.000) 2021-04-08 18:51:28 Image size of job updated: 15828828
	366  -  MemoryUsage of job (MB)
	374412  -  ResidentSetSize of job (KB)
...
005 (19530352.014.000) 2021-04-08 18:51:28 Job terminated.
	(1) Normal termination (return value 0)
		Usr 0 00:04:14, Sys 0 00:00:20  -  Run Remote Usage
		Usr 0 00:00:00, Sys 0 00:00:00  -  Run Local Usage
		Usr 0 00:04:14, Sys 0 00:00:20  -  Total Remote Usage
		Usr 0 00:00:00, Sys 0 00:00:00  -  Total Local Usage
	0  -  Run Bytes Sent By Job
	0  -  Run Bytes Received By Job
	0  -  Total Bytes Sent By Job
	0  -  Total Bytes Received By Job
	Partitionable Resources :    Usage  Request Allocated 
	   Cpus                 :     0.95        1         1 
	   Disk (KB)            :     1     3584000   3955019 
	   Memory (MB)          :   366        4096      4096 

	Job terminated of its own accord at 2021-04-08T16:51:28Z.
...
006 (19530352.012.000) 2021-04-08 18:51:28 Image size of job updated: 7438624
	436  -  MemoryUsage of job (MB)
	445456  -  ResidentSetSize of job (KB)
...
005 (19530352.012.000) 2021-04-08 18:51:28 Job terminated.
	(1) Normal termination (return value 0)
		Usr 0 00:04:15, Sys 0 00:00:23  -  Run Remote Usage
		Usr 0 00:00:00, Sys 0 00:00:00  -  Run Local Usage
		Usr 0 00:04:15, Sys 0 00:00:23  -  Total Remote Usage
		Usr 0 00:00:00, Sys 0 00:00:00  -  Total Local Usage
	0  -  Run Bytes Sent By Job
	0  -  Run Bytes Received By Job
	0  -  Total Bytes Sent By Job
	0  -  Total Bytes Received By Job
	Partitionable Resources :    Usage  Request Allocated 
	   Cpus                 :     0.88        1         1 
	   Disk (KB)            :     1     3584000   4543744 
	   Memory (MB)          :   436        4096      4096 

	Job terminated of its own accord at 2021-04-08T16:51:28Z.
...
006 (19530352.011.000) 2021-04-08 18:51:39 Image size of job updated: 14361728
	12754  -  MemoryUsage of job (MB)
	13059520  -  ResidentSetSize of job (KB)
...
006 (19530352.011.000) 2021-04-08 18:51:39 Image size of job updated: 14361728
	12755  -  MemoryUsage of job (MB)
	13060580  -  ResidentSetSize of job (KB)
...
012 (19530352.011.000) 2021-04-08 18:51:39 Job was held.
	Memory usage too high (> 3 x requested-memory)
	Code 26 Subcode 0
...
001 (19530352.015.000) 2021-04-08 18:51:39 Job executing on host: <131.169.163.100:42753?addrs=131.169.163.100-42753&alias=bird661.desy.de>
...
006 (19530352.013.000) 2021-04-08 18:51:39 Image size of job updated: 14246776
	266  -  MemoryUsage of job (MB)
	271420  -  ResidentSetSize of job (KB)
...
005 (19530352.013.000) 2021-04-08 18:51:39 Job terminated.
	(1) Normal termination (return value 0)
		Usr 0 00:04:20, Sys 0 00:00:16  -  Run Remote Usage
		Usr 0 00:00:00, Sys 0 00:00:00  -  Run Local Usage
		Usr 0 00:04:20, Sys 0 00:00:16  -  Total Remote Usage
		Usr 0 00:00:00, Sys 0 00:00:00  -  Total Local Usage
	0  -  Run Bytes Sent By Job
	0  -  Run Bytes Received By Job
	0  -  Total Bytes Sent By Job
	0  -  Total Bytes Received By Job
	Partitionable Resources :    Usage  Request Allocated 
	   Cpus                 :     0.95        1         1 
	   Disk (KB)            :     1     3584000   4773342 
	   Memory (MB)          :   266        4096      4096 

	Job terminated of its own accord at 2021-04-08T16:51:39Z.
...
006 (19530352.009.000) 2021-04-08 18:51:41 Image size of job updated: 14327028
	280  -  MemoryUsage of job (MB)
	286488  -  ResidentSetSize of job (KB)
...
005 (19530352.009.000) 2021-04-08 18:51:41 Job terminated.
	(1) Normal termination (return value 0)
		Usr 0 00:04:20, Sys 0 00:00:23  -  Run Remote Usage
		Usr 0 00:00:00, Sys 0 00:00:00  -  Run Local Usage
		Usr 0 00:04:20, Sys 0 00:00:23  -  Total Remote Usage
		Usr 0 00:00:00, Sys 0 00:00:00  -  Total Local Usage
	0  -  Run Bytes Sent By Job
	0  -  Run Bytes Received By Job
	0  -  Total Bytes Sent By Job
	0  -  Total Bytes Received By Job
	Partitionable Resources :    Usage  Request Allocated 
	   Cpus                 :     0.94        1         1 
	   Disk (KB)            :     1     3584000   3942642 
	   Memory (MB)          :   280        4096      4096 

	Job terminated of its own accord at 2021-04-08T16:51:41Z.
...
006 (19530352.010.000) 2021-04-08 18:51:42 Image size of job updated: 14260324
	377  -  MemoryUsage of job (MB)
	385536  -  ResidentSetSize of job (KB)
...
005 (19530352.010.000) 2021-04-08 18:51:42 Job terminated.
	(1) Normal termination (return value 0)
		Usr 0 00:04:21, Sys 0 00:00:26  -  Run Remote Usage
		Usr 0 00:00:00, Sys 0 00:00:00  -  Run Local Usage
		Usr 0 00:04:21, Sys 0 00:00:26  -  Total Remote Usage
		Usr 0 00:00:00, Sys 0 00:00:00  -  Total Local Usage
	0  -  Run Bytes Sent By Job
	0  -  Run Bytes Received By Job
	0  -  Total Bytes Sent By Job
	0  -  Total Bytes Received By Job
	Partitionable Resources :    Usage  Request Allocated 
	   Cpus                 :     0.91        1         1 
	   Disk (KB)            :     1     3584000   4773342 
	   Memory (MB)          :   377        4096      4096 

	Job terminated of its own accord at 2021-04-08T16:51:42Z.
...
006 (19530352.015.000) 2021-04-08 18:51:47 Image size of job updated: 431104
	341  -  MemoryUsage of job (MB)
	348232  -  ResidentSetSize of job (KB)
...
006 (19530352.015.000) 2021-04-08 18:56:41 Image size of job updated: 14343440
	341  -  MemoryUsage of job (MB)
	348232  -  ResidentSetSize of job (KB)
...
005 (19530352.015.000) 2021-04-08 18:56:41 Job terminated.
	(1) Normal termination (return value 0)
		Usr 0 00:04:19, Sys 0 00:00:23  -  Run Remote Usage
		Usr 0 00:00:00, Sys 0 00:00:00  -  Run Local Usage
		Usr 0 00:04:19, Sys 0 00:00:23  -  Total Remote Usage
		Usr 0 00:00:00, Sys 0 00:00:00  -  Total Local Usage
	0  -  Run Bytes Sent By Job
	0  -  Run Bytes Received By Job
	0  -  Total Bytes Sent By Job
	0  -  Total Bytes Received By Job
	Partitionable Resources :    Usage  Request Allocated 
	   Cpus                 :     0.94        1         1 
	   Disk (KB)            :     1     3584000   3954123 
	   Memory (MB)          :   341        4096      4096 

	Job terminated of its own accord at 2021-04-08T16:56:41Z.
...
022 (19530352.016.000) 2021-04-08 20:03:59 Job disconnected, attempting to reconnect
    Socket between submit and execute hosts closed unexpectedly
    Trying to reconnect to slot2_29@batch1056.desy.de <131.169.160.156:41690?addrs=131.169.160.156-41690&alias=batch1056.desy.de>
...
024 (19530352.016.000) 2021-04-08 20:03:59 Job reconnection failed
    Job not found at execution machine
    Can not reconnect to slot2_29@batch1056.desy.de, rescheduling job
...
001 (19530352.018.000) 2021-04-08 20:25:16 Job executing on host: <131.169.164.14:34349?addrs=131.169.164.14-34349&alias=bird814.desy.de>
...
001 (19530352.023.000) 2021-04-08 20:25:16 Job executing on host: <131.169.164.26:37561?addrs=131.169.164.26-37561&alias=bird826.desy.de>
...
001 (19530352.020.000) 2021-04-08 20:25:17 Job executing on host: <131.169.77.27:39052?addrs=131.169.77.27-39052&alias=bird545.desy.de>
...
001 (19530352.024.000) 2021-04-08 20:25:17 Job executing on host: <131.169.77.17:41255?addrs=131.169.77.17-41255&alias=bird535.desy.de>
...
001 (19530352.021.000) 2021-04-08 20:25:17 Job executing on host: <131.169.163.139:46493?addrs=131.169.163.139-46493&alias=bird700.desy.de>
...
001 (19530352.019.000) 2021-04-08 20:25:17 Job executing on host: <131.169.77.126:34811?addrs=131.169.77.126-34811&alias=bird064.desy.de>
...
001 (19530352.017.000) 2021-04-08 20:25:17 Job executing on host: <131.169.162.151:45372?addrs=131.169.162.151-45372&alias=batch1151.desy.de>
...
001 (19530352.016.000) 2021-04-08 20:25:17 Job executing on host: <131.169.77.168:46407?addrs=131.169.77.168-46407&alias=bird648.desy.de>
...
001 (19530352.022.000) 2021-04-08 20:25:17 Job executing on host: <131.169.77.20:35499?addrs=131.169.77.20-35499&alias=bird538.desy.de>
...
006 (19530352.023.000) 2021-04-08 20:25:25 Image size of job updated: 406800
	314  -  MemoryUsage of job (MB)
	321420  -  ResidentSetSize of job (KB)
...
006 (19530352.020.000) 2021-04-08 20:25:25 Image size of job updated: 334612
	249  -  MemoryUsage of job (MB)
	254188  -  ResidentSetSize of job (KB)
...
006 (19530352.024.000) 2021-04-08 20:25:25 Image size of job updated: 330968
	241  -  MemoryUsage of job (MB)
	246344  -  ResidentSetSize of job (KB)
...
006 (19530352.021.000) 2021-04-08 20:25:25 Image size of job updated: 414584
	322  -  MemoryUsage of job (MB)
	329136  -  ResidentSetSize of job (KB)
...
006 (19530352.019.000) 2021-04-08 20:25:25 Image size of job updated: 208868
	126  -  MemoryUsage of job (MB)
	128428  -  ResidentSetSize of job (KB)
...
006 (19530352.018.000) 2021-04-08 20:25:25 Image size of job updated: 340128
	250  -  MemoryUsage of job (MB)
	255912  -  ResidentSetSize of job (KB)
...
006 (19530352.017.000) 2021-04-08 20:25:26 Image size of job updated: 542092
	447  -  MemoryUsage of job (MB)
	456864  -  ResidentSetSize of job (KB)
...
006 (19530352.022.000) 2021-04-08 20:25:26 Image size of job updated: 449348
	339  -  MemoryUsage of job (MB)
	346464  -  ResidentSetSize of job (KB)
...
006 (19530352.016.000) 2021-04-08 20:25:26 Image size of job updated: 516704
	414  -  MemoryUsage of job (MB)
	423348  -  ResidentSetSize of job (KB)
...
006 (19530352.017.000) 2021-04-08 20:29:08 Image size of job updated: 14402080
	447  -  MemoryUsage of job (MB)
	456908  -  ResidentSetSize of job (KB)
...
005 (19530352.017.000) 2021-04-08 20:29:09 Job terminated.
	(1) Normal termination (return value 0)
		Usr 0 00:03:15, Sys 0 00:00:16  -  Run Remote Usage
		Usr 0 00:00:00, Sys 0 00:00:00  -  Run Local Usage
		Usr 0 00:03:15, Sys 0 00:00:16  -  Total Remote Usage
		Usr 0 00:00:00, Sys 0 00:00:00  -  Total Local Usage
	0  -  Run Bytes Sent By Job
	0  -  Run Bytes Received By Job
	0  -  Total Bytes Sent By Job
	0  -  Total Bytes Received By Job
	Partitionable Resources :    Usage  Request Allocated 
	   Cpus                 :     0.93        1         1 
	   Disk (KB)            :     1     3584000   4409279 
	   Memory (MB)          :   447        4096      4096 

	Job terminated of its own accord at 2021-04-08T18:29:08Z.
...
006 (19530352.021.000) 2021-04-08 20:30:09 Image size of job updated: 15812792
	322  -  MemoryUsage of job (MB)
	329144  -  ResidentSetSize of job (KB)
...
005 (19530352.021.000) 2021-04-08 20:30:09 Job terminated.
	(1) Normal termination (return value 0)
		Usr 0 00:04:14, Sys 0 00:00:17  -  Run Remote Usage
		Usr 0 00:00:00, Sys 0 00:00:00  -  Run Local Usage
		Usr 0 00:04:14, Sys 0 00:00:17  -  Total Remote Usage
		Usr 0 00:00:00, Sys 0 00:00:00  -  Total Local Usage
	0  -  Run Bytes Sent By Job
	0  -  Run Bytes Received By Job
	0  -  Total Bytes Sent By Job
	0  -  Total Bytes Received By Job
	Partitionable Resources :    Usage  Request Allocated 
	   Cpus                 :     0.95        1         1 
	   Disk (KB)            :     1     3584000   3967773 
	   Memory (MB)          :   322        4096      4096 

	Job terminated of its own accord at 2021-04-08T18:30:09Z.
...
006 (19530352.018.000) 2021-04-08 20:30:22 Image size of job updated: 14327380
	250  -  MemoryUsage of job (MB)
	255920  -  ResidentSetSize of job (KB)
...
005 (19530352.018.000) 2021-04-08 20:30:22 Job terminated.
	(1) Normal termination (return value 0)
		Usr 0 00:04:15, Sys 0 00:00:21  -  Run Remote Usage
		Usr 0 00:00:00, Sys 0 00:00:00  -  Run Local Usage
		Usr 0 00:04:15, Sys 0 00:00:21  -  Total Remote Usage
		Usr 0 00:00:00, Sys 0 00:00:00  -  Total Local Usage
	0  -  Run Bytes Sent By Job
	0  -  Run Bytes Received By Job
	0  -  Total Bytes Sent By Job
	0  -  Total Bytes Received By Job
	Partitionable Resources :    Usage  Request Allocated 
	   Cpus                 :     0.91        1         1 
	   Disk (KB)            :     1     3584000   4529853 
	   Memory (MB)          :   250        4096      4096 

	Job terminated of its own accord at 2021-04-08T18:30:22Z.
...
006 (19530352.024.000) 2021-04-08 20:30:25 Image size of job updated: 7409564
	5769  -  MemoryUsage of job (MB)
	5907288  -  ResidentSetSize of job (KB)
...
006 (19530352.023.000) 2021-04-08 20:30:25 Image size of job updated: 12282244
	8648  -  MemoryUsage of job (MB)
	8854820  -  ResidentSetSize of job (KB)
...
006 (19530352.020.000) 2021-04-08 20:30:25 Image size of job updated: 6671856
	3720  -  MemoryUsage of job (MB)
	3808804  -  ResidentSetSize of job (KB)
...
006 (19530352.019.000) 2021-04-08 20:30:25 Image size of job updated: 10573552
	5756  -  MemoryUsage of job (MB)
	5893980  -  ResidentSetSize of job (KB)
...
006 (19530352.016.000) 2021-04-08 20:30:27 Image size of job updated: 9168812
	6010  -  MemoryUsage of job (MB)
	6154196  -  ResidentSetSize of job (KB)
...
006 (19530352.022.000) 2021-04-08 20:30:27 Image size of job updated: 14277540
	13906  -  MemoryUsage of job (MB)
	14238800  -  ResidentSetSize of job (KB)
...
012 (19530352.022.000) 2021-04-08 20:30:27 Job was held.
	Memory usage too high (> 3 x requested-memory)
	Code 26 Subcode 0
...
006 (19530352.023.000) 2021-04-08 20:31:19 Image size of job updated: 14237288
	8648  -  MemoryUsage of job (MB)
	8854836  -  ResidentSetSize of job (KB)
...
005 (19530352.023.000) 2021-04-08 20:31:19 Job terminated.
	(1) Normal termination (return value 0)
		Usr 0 00:04:34, Sys 0 00:00:26  -  Run Remote Usage
		Usr 0 00:00:00, Sys 0 00:00:00  -  Run Local Usage
		Usr 0 00:04:34, Sys 0 00:00:26  -  Total Remote Usage
		Usr 0 00:00:00, Sys 0 00:00:00  -  Total Local Usage
	0  -  Run Bytes Sent By Job
	0  -  Run Bytes Received By Job
	0  -  Total Bytes Sent By Job
	0  -  Total Bytes Received By Job
	Partitionable Resources :    Usage  Request Allocated 
	   Cpus                 :     0.95        1         1 
	   Disk (KB)            :     1     3584000   4535630 
	   Memory (MB)          :  8648        4096      4096 

	Job terminated of its own accord at 2021-04-08T18:31:19Z.
...
006 (19530352.019.000) 2021-04-08 20:33:20 Image size of job updated: 14236956
	5756  -  MemoryUsage of job (MB)
	5894044  -  ResidentSetSize of job (KB)
...
005 (19530352.019.000) 2021-04-08 20:33:20 Job terminated.
	(1) Normal termination (return value 0)
		Usr 0 00:05:12, Sys 0 00:00:34  -  Run Remote Usage
		Usr 0 00:00:00, Sys 0 00:00:00  -  Run Local Usage
		Usr 0 00:05:12, Sys 0 00:00:34  -  Total Remote Usage
		Usr 0 00:00:00, Sys 0 00:00:00  -  Total Local Usage
	0  -  Run Bytes Sent By Job
	0  -  Run Bytes Received By Job
	0  -  Total Bytes Sent By Job
	0  -  Total Bytes Received By Job
	Partitionable Resources :    Usage  Request Allocated 
	   Cpus                 :     0.32        1         1 
	   Disk (KB)            :     1     3584000   3671491 
	   Memory (MB)          :  5756        4096      4096 

	Job terminated of its own accord at 2021-04-08T18:33:20Z.
...
006 (19530352.024.000) 2021-04-08 20:35:25 Image size of job updated: 14334504
	5769  -  MemoryUsage of job (MB)
	5907288  -  ResidentSetSize of job (KB)
...
006 (19530352.020.000) 2021-04-08 20:35:25 Image size of job updated: 12456508
	4617  -  MemoryUsage of job (MB)
	4726924  -  ResidentSetSize of job (KB)
...
006 (19530352.016.000) 2021-04-08 20:35:28 Image size of job updated: 13274504
	9819  -  MemoryUsage of job (MB)
	10054136  -  ResidentSetSize of job (KB)
...
005 (19530352.024.000) 2021-04-08 20:35:42 Job terminated.
	(1) Normal termination (return value 0)
		Usr 0 00:04:39, Sys 0 00:00:32  -  Run Remote Usage
		Usr 0 00:00:00, Sys 0 00:00:00  -  Run Local Usage
		Usr 0 00:04:39, Sys 0 00:00:32  -  Total Remote Usage
		Usr 0 00:00:00, Sys 0 00:00:00  -  Total Local Usage
	0  -  Run Bytes Sent By Job
	0  -  Run Bytes Received By Job
	0  -  Total Bytes Sent By Job
	0  -  Total Bytes Received By Job
	Partitionable Resources :    Usage  Request Allocated 
	   Cpus                 :     0.68        1         1 
	   Disk (KB)            :     1     3584000   3821978 
	   Memory (MB)          :  5769        4096      4096 

	Job terminated of its own accord at 2021-04-08T18:35:42Z.
...
006 (19530352.016.000) 2021-04-08 20:36:25 Image size of job updated: 14275880
	9819  -  MemoryUsage of job (MB)
	10054588  -  ResidentSetSize of job (KB)
...
005 (19530352.016.000) 2021-04-08 20:36:25 Job terminated.
	(1) Normal termination (return value 0)
		Usr 0 00:04:13, Sys 0 00:00:22  -  Run Remote Usage
		Usr 0 00:00:00, Sys 0 00:00:00  -  Run Local Usage
		Usr 0 00:04:13, Sys 0 00:00:22  -  Total Remote Usage
		Usr 0 00:00:00, Sys 0 00:00:00  -  Total Local Usage
	0  -  Run Bytes Sent By Job
	0  -  Run Bytes Received By Job
	0  -  Total Bytes Sent By Job
	0  -  Total Bytes Received By Job
	Partitionable Resources :    Usage  Request Allocated 
	   Cpus                 :     0.88        1         1 
	   Disk (KB)            :     1     3584000   4774576 
	   Memory (MB)          :  9819        4096      4096 

	Job terminated of its own accord at 2021-04-08T18:36:25Z.
...
006 (19530352.020.000) 2021-04-08 20:36:35 Image size of job updated: 14265620
	4617  -  MemoryUsage of job (MB)
	4727012  -  ResidentSetSize of job (KB)
...
005 (19530352.020.000) 2021-04-08 20:36:35 Job terminated.
	(1) Normal termination (return value 0)
		Usr 0 00:04:38, Sys 0 00:00:38  -  Run Remote Usage
		Usr 0 00:00:00, Sys 0 00:00:00  -  Run Local Usage
		Usr 0 00:04:38, Sys 0 00:00:38  -  Total Remote Usage
		Usr 0 00:00:00, Sys 0 00:00:00  -  Total Local Usage
	0  -  Run Bytes Sent By Job
	0  -  Run Bytes Received By Job
	0  -  Total Bytes Sent By Job
	0  -  Total Bytes Received By Job
	Partitionable Resources :    Usage  Request Allocated 
	   Cpus                 :     0.04        1         1 
	   Disk (KB)            :     1     3584000   3800617 
	   Memory (MB)          :  4617        4096      4096 

	Job terminated of its own accord at 2021-04-08T18:36:35Z.
...
013 (19530352.000.000) 2021-04-09 09:19:07 Job was released.
	via condor_release (by user albrecha)
...
013 (19530352.003.000) 2021-04-09 09:19:07 Job was released.
	via condor_release (by user albrecha)
...
013 (19530352.005.000) 2021-04-09 09:19:07 Job was released.
	via condor_release (by user albrecha)
...
013 (19530352.011.000) 2021-04-09 09:19:07 Job was released.
	via condor_release (by user albrecha)
...
013 (19530352.022.000) 2021-04-09 09:19:07 Job was released.
	via condor_release (by user albrecha)
...
012 (19530352.000.000) 2021-04-09 09:19:43 Job was held.
	Memory usage too high (> 3 x requested-memory)
	Code 26 Subcode 0
...
012 (19530352.003.000) 2021-04-09 09:19:43 Job was held.
	Memory usage too high (> 3 x requested-memory)
	Code 26 Subcode 0
...
012 (19530352.005.000) 2021-04-09 09:19:44 Job was held.
	Memory usage too high (> 3 x requested-memory)
	Code 26 Subcode 0
...
012 (19530352.011.000) 2021-04-09 09:19:44 Job was held.
	Memory usage too high (> 3 x requested-memory)
	Code 26 Subcode 0
...
012 (19530352.022.000) 2021-04-09 09:19:44 Job was held.
	Memory usage too high (> 3 x requested-memory)
	Code 26 Subcode 0
...
