000 (19540695.000.000) 2021-04-09 09:33:14 Job submitted from host: <131.169.223.42:9618?addrs=131.169.223.42-9618+[2001-638-700-10df--1-2a]-9618&alias=bird-htc-sched14.desy.de&noUDP&sock=schedd_14156_6ac2_3>
...
001 (19540695.000.000) 2021-04-09 10:00:51 Job executing on host: <131.169.162.153:45219?addrs=131.169.162.153-45219&alias=batch1153.desy.de>
...
006 (19540695.000.000) 2021-04-09 10:01:00 Image size of job updated: 669152
	569  -  MemoryUsage of job (MB)
	581684  -  ResidentSetSize of job (KB)
...
006 (19540695.000.000) 2021-04-09 10:04:38 Image size of job updated: 4521260
	569  -  MemoryUsage of job (MB)
	581752  -  ResidentSetSize of job (KB)
...
005 (19540695.000.000) 2021-04-09 10:04:54 Job terminated.
	(1) Normal termination (return value 0)
		Usr 0 00:02:57, Sys 0 00:00:12  -  Run Remote Usage
		Usr 0 00:00:00, Sys 0 00:00:00  -  Run Local Usage
		Usr 0 00:02:57, Sys 0 00:00:12  -  Total Remote Usage
		Usr 0 00:00:00, Sys 0 00:00:00  -  Total Local Usage
	0  -  Run Bytes Sent By Job
	0  -  Run Bytes Received By Job
	0  -  Total Bytes Sent By Job
	0  -  Total Bytes Received By Job
	Partitionable Resources :    Usage  Request Allocated 
	   Cpus                 :     0.94        1         1 
	   Disk (KB)            :     1     3584000   4408444 
	   Memory (MB)          :   569        8192      8192 

	Job terminated of its own accord at 2021-04-09T08:04:38Z.
...
