000 (19540696.000.000) 2021-04-09 09:33:14 Job submitted from host: <131.169.223.42:9618?addrs=131.169.223.42-9618+[2001-638-700-10df--1-2a]-9618&alias=bird-htc-sched14.desy.de&noUDP&sock=schedd_14156_6ac2_3>
...
001 (19540696.000.000) 2021-04-09 10:00:51 Job executing on host: <131.169.77.16:39958?addrs=131.169.77.16-39958&alias=bird534.desy.de>
...
006 (19540696.000.000) 2021-04-09 10:01:00 Image size of job updated: 372972
	279  -  MemoryUsage of job (MB)
	285500  -  ResidentSetSize of job (KB)
...
006 (19540696.000.000) 2021-04-09 10:06:01 Image size of job updated: 11073352
	10729  -  MemoryUsage of job (MB)
	10985872  -  ResidentSetSize of job (KB)
...
006 (19540696.000.000) 2021-04-09 10:08:49 Image size of job updated: 14318004
	10730  -  MemoryUsage of job (MB)
	10986652  -  ResidentSetSize of job (KB)
...
005 (19540696.000.000) 2021-04-09 10:08:49 Job terminated.
	(1) Normal termination (return value 0)
		Usr 0 00:04:14, Sys 0 00:00:22  -  Run Remote Usage
		Usr 0 00:00:00, Sys 0 00:00:00  -  Run Local Usage
		Usr 0 00:04:14, Sys 0 00:00:22  -  Total Remote Usage
		Usr 0 00:00:00, Sys 0 00:00:00  -  Total Local Usage
	0  -  Run Bytes Sent By Job
	0  -  Run Bytes Received By Job
	0  -  Total Bytes Sent By Job
	0  -  Total Bytes Received By Job
	Partitionable Resources :    Usage  Request Allocated 
	   Cpus                 :     0.69        1         1 
	   Disk (KB)            :     1     3584000   3838275 
	   Memory (MB)          : 10730        8192      8192 

	Job terminated of its own accord at 2021-04-09T08:08:49Z.
...
