000 (13901889.000.000) 2021-01-07 12:19:34 Job submitted from host: <131.169.223.42:9618?addrs=131.169.223.42-9618+[2001-638-700-10df--1-2a]-9618&alias=bird-htc-sched14.desy.de&noUDP&sock=schedd_1936_8371_3>
...
000 (13901889.001.000) 2021-01-07 12:19:34 Job submitted from host: <131.169.223.42:9618?addrs=131.169.223.42-9618+[2001-638-700-10df--1-2a]-9618&alias=bird-htc-sched14.desy.de&noUDP&sock=schedd_1936_8371_3>
...
000 (13901889.002.000) 2021-01-07 12:19:34 Job submitted from host: <131.169.223.42:9618?addrs=131.169.223.42-9618+[2001-638-700-10df--1-2a]-9618&alias=bird-htc-sched14.desy.de&noUDP&sock=schedd_1936_8371_3>
...
000 (13901889.003.000) 2021-01-07 12:19:34 Job submitted from host: <131.169.223.42:9618?addrs=131.169.223.42-9618+[2001-638-700-10df--1-2a]-9618&alias=bird-htc-sched14.desy.de&noUDP&sock=schedd_1936_8371_3>
...
000 (13901889.004.000) 2021-01-07 12:19:34 Job submitted from host: <131.169.223.42:9618?addrs=131.169.223.42-9618+[2001-638-700-10df--1-2a]-9618&alias=bird-htc-sched14.desy.de&noUDP&sock=schedd_1936_8371_3>
...
000 (13901889.005.000) 2021-01-07 12:19:34 Job submitted from host: <131.169.223.42:9618?addrs=131.169.223.42-9618+[2001-638-700-10df--1-2a]-9618&alias=bird-htc-sched14.desy.de&noUDP&sock=schedd_1936_8371_3>
...
000 (13901889.006.000) 2021-01-07 12:19:34 Job submitted from host: <131.169.223.42:9618?addrs=131.169.223.42-9618+[2001-638-700-10df--1-2a]-9618&alias=bird-htc-sched14.desy.de&noUDP&sock=schedd_1936_8371_3>
...
000 (13901889.007.000) 2021-01-07 12:19:34 Job submitted from host: <131.169.223.42:9618?addrs=131.169.223.42-9618+[2001-638-700-10df--1-2a]-9618&alias=bird-htc-sched14.desy.de&noUDP&sock=schedd_1936_8371_3>
...
000 (13901889.008.000) 2021-01-07 12:19:34 Job submitted from host: <131.169.223.42:9618?addrs=131.169.223.42-9618+[2001-638-700-10df--1-2a]-9618&alias=bird-htc-sched14.desy.de&noUDP&sock=schedd_1936_8371_3>
...
000 (13901889.009.000) 2021-01-07 12:19:34 Job submitted from host: <131.169.223.42:9618?addrs=131.169.223.42-9618+[2001-638-700-10df--1-2a]-9618&alias=bird-htc-sched14.desy.de&noUDP&sock=schedd_1936_8371_3>
...
000 (13901889.010.000) 2021-01-07 12:19:34 Job submitted from host: <131.169.223.42:9618?addrs=131.169.223.42-9618+[2001-638-700-10df--1-2a]-9618&alias=bird-htc-sched14.desy.de&noUDP&sock=schedd_1936_8371_3>
...
000 (13901889.011.000) 2021-01-07 12:19:34 Job submitted from host: <131.169.223.42:9618?addrs=131.169.223.42-9618+[2001-638-700-10df--1-2a]-9618&alias=bird-htc-sched14.desy.de&noUDP&sock=schedd_1936_8371_3>
...
000 (13901889.012.000) 2021-01-07 12:19:34 Job submitted from host: <131.169.223.42:9618?addrs=131.169.223.42-9618+[2001-638-700-10df--1-2a]-9618&alias=bird-htc-sched14.desy.de&noUDP&sock=schedd_1936_8371_3>
...
000 (13901889.013.000) 2021-01-07 12:19:34 Job submitted from host: <131.169.223.42:9618?addrs=131.169.223.42-9618+[2001-638-700-10df--1-2a]-9618&alias=bird-htc-sched14.desy.de&noUDP&sock=schedd_1936_8371_3>
...
000 (13901889.014.000) 2021-01-07 12:19:34 Job submitted from host: <131.169.223.42:9618?addrs=131.169.223.42-9618+[2001-638-700-10df--1-2a]-9618&alias=bird-htc-sched14.desy.de&noUDP&sock=schedd_1936_8371_3>
...
000 (13901889.015.000) 2021-01-07 12:19:34 Job submitted from host: <131.169.223.42:9618?addrs=131.169.223.42-9618+[2001-638-700-10df--1-2a]-9618&alias=bird-htc-sched14.desy.de&noUDP&sock=schedd_1936_8371_3>
...
000 (13901889.016.000) 2021-01-07 12:19:34 Job submitted from host: <131.169.223.42:9618?addrs=131.169.223.42-9618+[2001-638-700-10df--1-2a]-9618&alias=bird-htc-sched14.desy.de&noUDP&sock=schedd_1936_8371_3>
...
000 (13901889.017.000) 2021-01-07 12:19:34 Job submitted from host: <131.169.223.42:9618?addrs=131.169.223.42-9618+[2001-638-700-10df--1-2a]-9618&alias=bird-htc-sched14.desy.de&noUDP&sock=schedd_1936_8371_3>
...
000 (13901889.018.000) 2021-01-07 12:19:34 Job submitted from host: <131.169.223.42:9618?addrs=131.169.223.42-9618+[2001-638-700-10df--1-2a]-9618&alias=bird-htc-sched14.desy.de&noUDP&sock=schedd_1936_8371_3>
...
000 (13901889.019.000) 2021-01-07 12:19:34 Job submitted from host: <131.169.223.42:9618?addrs=131.169.223.42-9618+[2001-638-700-10df--1-2a]-9618&alias=bird-htc-sched14.desy.de&noUDP&sock=schedd_1936_8371_3>
...
000 (13901889.020.000) 2021-01-07 12:19:34 Job submitted from host: <131.169.223.42:9618?addrs=131.169.223.42-9618+[2001-638-700-10df--1-2a]-9618&alias=bird-htc-sched14.desy.de&noUDP&sock=schedd_1936_8371_3>
...
000 (13901889.021.000) 2021-01-07 12:19:34 Job submitted from host: <131.169.223.42:9618?addrs=131.169.223.42-9618+[2001-638-700-10df--1-2a]-9618&alias=bird-htc-sched14.desy.de&noUDP&sock=schedd_1936_8371_3>
...
000 (13901889.022.000) 2021-01-07 12:19:34 Job submitted from host: <131.169.223.42:9618?addrs=131.169.223.42-9618+[2001-638-700-10df--1-2a]-9618&alias=bird-htc-sched14.desy.de&noUDP&sock=schedd_1936_8371_3>
...
000 (13901889.023.000) 2021-01-07 12:19:34 Job submitted from host: <131.169.223.42:9618?addrs=131.169.223.42-9618+[2001-638-700-10df--1-2a]-9618&alias=bird-htc-sched14.desy.de&noUDP&sock=schedd_1936_8371_3>
...
001 (13901889.002.000) 2021-01-07 12:21:03 Job executing on host: <131.169.164.21:40060?addrs=131.169.164.21-40060&alias=bird821.desy.de>
...
001 (13901889.000.000) 2021-01-07 12:21:03 Job executing on host: <131.169.77.31:43783?addrs=131.169.77.31-43783&alias=bird549.desy.de>
...
001 (13901889.001.000) 2021-01-07 12:21:03 Job executing on host: <131.169.77.60:43707?addrs=131.169.77.60-43707&alias=bird578.desy.de>
...
001 (13901889.004.000) 2021-01-07 12:21:04 Job executing on host: <131.169.77.40:41738?addrs=131.169.77.40-41738&alias=bird558.desy.de>
...
001 (13901889.005.000) 2021-01-07 12:21:04 Job executing on host: <131.169.77.227:38205?addrs=131.169.77.227-38205&alias=bird781.desy.de>
...
001 (13901889.006.000) 2021-01-07 12:21:04 Job executing on host: <131.169.164.33:40802?addrs=131.169.164.33-40802&alias=bird833.desy.de>
...
001 (13901889.007.000) 2021-01-07 12:21:04 Job executing on host: <131.169.77.221:40635?addrs=131.169.77.221-40635&alias=bird775.desy.de>
...
001 (13901889.003.000) 2021-01-07 12:21:04 Job executing on host: <131.169.77.211:39631?addrs=131.169.77.211-39631&alias=bird765.desy.de>
...
001 (13901889.011.000) 2021-01-07 12:21:04 Job executing on host: <131.169.164.54:42626?addrs=131.169.164.54-42626>
...
001 (13901889.008.000) 2021-01-07 12:21:04 Job executing on host: <131.169.163.136:34922?addrs=131.169.163.136-34922&alias=bird697.desy.de>
...
001 (13901889.009.000) 2021-01-07 12:21:04 Job executing on host: <131.169.77.59:39263?addrs=131.169.77.59-39263&alias=bird577.desy.de>
...
001 (13901889.013.000) 2021-01-07 12:21:04 Job executing on host: <131.169.164.21:40060?addrs=131.169.164.21-40060&alias=bird821.desy.de>
...
001 (13901889.015.000) 2021-01-07 12:21:04 Job executing on host: <131.169.77.33:42882?addrs=131.169.77.33-42882&alias=bird551.desy.de>
...
001 (13901889.012.000) 2021-01-07 12:21:04 Job executing on host: <131.169.77.31:43783?addrs=131.169.77.31-43783&alias=bird549.desy.de>
...
001 (13901889.017.000) 2021-01-07 12:21:04 Job executing on host: <131.169.77.227:38205?addrs=131.169.77.227-38205&alias=bird781.desy.de>
...
001 (13901889.018.000) 2021-01-07 12:21:04 Job executing on host: <131.169.164.33:40802?addrs=131.169.164.33-40802&alias=bird833.desy.de>
...
001 (13901889.020.000) 2021-01-07 12:21:04 Job executing on host: <131.169.163.136:34922?addrs=131.169.163.136-34922&alias=bird697.desy.de>
...
001 (13901889.014.000) 2021-01-07 12:21:04 Job executing on host: <131.169.77.60:43707?addrs=131.169.77.60-43707&alias=bird578.desy.de>
...
001 (13901889.010.000) 2021-01-07 12:21:04 Job executing on host: <131.169.77.42:37955?addrs=131.169.77.42-37955&alias=bird560.desy.de>
...
001 (13901889.022.000) 2021-01-07 12:21:04 Job executing on host: <131.169.164.54:42626?addrs=131.169.164.54-42626>
...
001 (13901889.016.000) 2021-01-07 12:21:04 Job executing on host: <131.169.77.40:41738?addrs=131.169.77.40-41738&alias=bird558.desy.de>
...
001 (13901889.019.000) 2021-01-07 12:21:04 Job executing on host: <131.169.77.221:40635?addrs=131.169.77.221-40635&alias=bird775.desy.de>
...
001 (13901889.021.000) 2021-01-07 12:21:04 Job executing on host: <131.169.77.211:39631?addrs=131.169.77.211-39631&alias=bird765.desy.de>
...
001 (13901889.023.000) 2021-01-07 12:21:04 Job executing on host: <131.169.77.42:37955?addrs=131.169.77.42-37955&alias=bird560.desy.de>
...
006 (13901889.002.000) 2021-01-07 12:21:12 Image size of job updated: 300452
	288  -  MemoryUsage of job (MB)
	294608  -  ResidentSetSize of job (KB)
...
006 (13901889.000.000) 2021-01-07 12:21:12 Image size of job updated: 190740
	172  -  MemoryUsage of job (MB)
	175724  -  ResidentSetSize of job (KB)
...
006 (13901889.001.000) 2021-01-07 12:21:12 Image size of job updated: 178540
	158  -  MemoryUsage of job (MB)
	161088  -  ResidentSetSize of job (KB)
...
006 (13901889.004.000) 2021-01-07 12:21:12 Image size of job updated: 147176
	136  -  MemoryUsage of job (MB)
	138444  -  ResidentSetSize of job (KB)
...
006 (13901889.006.000) 2021-01-07 12:21:12 Image size of job updated: 207128
	185  -  MemoryUsage of job (MB)
	189280  -  ResidentSetSize of job (KB)
...
006 (13901889.007.000) 2021-01-07 12:21:12 Image size of job updated: 282248
	268  -  MemoryUsage of job (MB)
	273772  -  ResidentSetSize of job (KB)
...
006 (13901889.003.000) 2021-01-07 12:21:12 Image size of job updated: 378720
	344  -  MemoryUsage of job (MB)
	351476  -  ResidentSetSize of job (KB)
...
006 (13901889.005.000) 2021-01-07 12:21:12 Image size of job updated: 355692
	329  -  MemoryUsage of job (MB)
	336312  -  ResidentSetSize of job (KB)
...
006 (13901889.008.000) 2021-01-07 12:21:12 Image size of job updated: 259024
	248  -  MemoryUsage of job (MB)
	253004  -  ResidentSetSize of job (KB)
...
006 (13901889.011.000) 2021-01-07 12:21:12 Image size of job updated: 190784
	175  -  MemoryUsage of job (MB)
	178684  -  ResidentSetSize of job (KB)
...
006 (13901889.009.000) 2021-01-07 12:21:12 Image size of job updated: 247124
	223  -  MemoryUsage of job (MB)
	227372  -  ResidentSetSize of job (KB)
...
006 (13901889.013.000) 2021-01-07 12:21:12 Image size of job updated: 310916
	290  -  MemoryUsage of job (MB)
	296684  -  ResidentSetSize of job (KB)
...
006 (13901889.015.000) 2021-01-07 12:21:12 Image size of job updated: 218924
	206  -  MemoryUsage of job (MB)
	210496  -  ResidentSetSize of job (KB)
...
006 (13901889.017.000) 2021-01-07 12:21:12 Image size of job updated: 346248
	325  -  MemoryUsage of job (MB)
	332076  -  ResidentSetSize of job (KB)
...
006 (13901889.018.000) 2021-01-07 12:21:12 Image size of job updated: 212132
	190  -  MemoryUsage of job (MB)
	194016  -  ResidentSetSize of job (KB)
...
006 (13901889.012.000) 2021-01-07 12:21:12 Image size of job updated: 192404
	175  -  MemoryUsage of job (MB)
	178868  -  ResidentSetSize of job (KB)
...
006 (13901889.020.000) 2021-01-07 12:21:12 Image size of job updated: 271812
	260  -  MemoryUsage of job (MB)
	265344  -  ResidentSetSize of job (KB)
...
006 (13901889.014.000) 2021-01-07 12:21:12 Image size of job updated: 181048
	165  -  MemoryUsage of job (MB)
	168380  -  ResidentSetSize of job (KB)
...
006 (13901889.022.000) 2021-01-07 12:21:12 Image size of job updated: 191184
	177  -  MemoryUsage of job (MB)
	181228  -  ResidentSetSize of job (KB)
...
006 (13901889.010.000) 2021-01-07 12:21:12 Image size of job updated: 193292
	166  -  MemoryUsage of job (MB)
	169428  -  ResidentSetSize of job (KB)
...
006 (13901889.019.000) 2021-01-07 12:21:12 Image size of job updated: 283984
	267  -  MemoryUsage of job (MB)
	273368  -  ResidentSetSize of job (KB)
...
006 (13901889.016.000) 2021-01-07 12:21:12 Image size of job updated: 155920
	146  -  MemoryUsage of job (MB)
	149276  -  ResidentSetSize of job (KB)
...
006 (13901889.021.000) 2021-01-07 12:21:12 Image size of job updated: 370500
	347  -  MemoryUsage of job (MB)
	354512  -  ResidentSetSize of job (KB)
...
006 (13901889.023.000) 2021-01-07 12:21:12 Image size of job updated: 196280
	168  -  MemoryUsage of job (MB)
	171520  -  ResidentSetSize of job (KB)
...
006 (13901889.023.000) 2021-01-07 12:25:35 Image size of job updated: 196280
	168  -  MemoryUsage of job (MB)
	171524  -  ResidentSetSize of job (KB)
...
005 (13901889.023.000) 2021-01-07 12:25:35 Job terminated.
	(1) Normal termination (return value 0)
		Usr 0 00:02:17, Sys 0 00:00:12  -  Run Remote Usage
		Usr 0 00:00:00, Sys 0 00:00:00  -  Run Local Usage
		Usr 0 00:02:17, Sys 0 00:00:12  -  Total Remote Usage
		Usr 0 00:00:00, Sys 0 00:00:00  -  Total Local Usage
	0  -  Run Bytes Sent By Job
	0  -  Run Bytes Received By Job
	0  -  Total Bytes Sent By Job
	0  -  Total Bytes Received By Job
	Partitionable Resources :    Usage  Request Allocated 
	   Cpus                 :     0.41        1         1 
	   Disk (KB)            :     1     3584000   3822765 
	   Memory (MB)          :   168        4096      4096 

	Job terminated of its own accord at 2021-01-07T11:25:35Z.
...
006 (13901889.017.000) 2021-01-07 12:26:12 Image size of job updated: 8911240
	8683  -  MemoryUsage of job (MB)
	8891132  -  ResidentSetSize of job (KB)
...
006 (13901889.000.000) 2021-01-07 12:26:12 Image size of job updated: 6826392
	5229  -  MemoryUsage of job (MB)
	5353532  -  ResidentSetSize of job (KB)
...
006 (13901889.004.000) 2021-01-07 12:26:12 Image size of job updated: 5710840
	5082  -  MemoryUsage of job (MB)
	5203880  -  ResidentSetSize of job (KB)
...
006 (13901889.002.000) 2021-01-07 12:26:12 Image size of job updated: 9596352
	4427  -  MemoryUsage of job (MB)
	4532264  -  ResidentSetSize of job (KB)
...
006 (13901889.005.000) 2021-01-07 12:26:12 Image size of job updated: 9094304
	8858  -  MemoryUsage of job (MB)
	9069716  -  ResidentSetSize of job (KB)
...
006 (13901889.001.000) 2021-01-07 12:26:12 Image size of job updated: 6497000
	5459  -  MemoryUsage of job (MB)
	5589992  -  ResidentSetSize of job (KB)
...
006 (13901889.015.000) 2021-01-07 12:26:12 Image size of job updated: 8574892
	6530  -  MemoryUsage of job (MB)
	6686344  -  ResidentSetSize of job (KB)
...
006 (13901889.006.000) 2021-01-07 12:26:12 Image size of job updated: 10557732
	8670  -  MemoryUsage of job (MB)
	8877428  -  ResidentSetSize of job (KB)
...
006 (13901889.008.000) 2021-01-07 12:26:12 Image size of job updated: 10408576
	9432  -  MemoryUsage of job (MB)
	9657424  -  ResidentSetSize of job (KB)
...
006 (13901889.011.000) 2021-01-07 12:26:12 Image size of job updated: 9653608
	8691  -  MemoryUsage of job (MB)
	8899432  -  ResidentSetSize of job (KB)
...
006 (13901889.007.000) 2021-01-07 12:26:12 Image size of job updated: 10510256
	9701  -  MemoryUsage of job (MB)
	9932852  -  ResidentSetSize of job (KB)
...
006 (13901889.003.000) 2021-01-07 12:26:12 Image size of job updated: 8197504
	7716  -  MemoryUsage of job (MB)
	7900856  -  ResidentSetSize of job (KB)
...
006 (13901889.013.000) 2021-01-07 12:26:12 Image size of job updated: 9548260
	4457  -  MemoryUsage of job (MB)
	4563004  -  ResidentSetSize of job (KB)
...
006 (13901889.019.000) 2021-01-07 12:26:12 Image size of job updated: 10343772
	9620  -  MemoryUsage of job (MB)
	9850328  -  ResidentSetSize of job (KB)
...
006 (13901889.018.000) 2021-01-07 12:26:12 Image size of job updated: 10251804
	8431  -  MemoryUsage of job (MB)
	8632452  -  ResidentSetSize of job (KB)
...
006 (13901889.012.000) 2021-01-07 12:26:12 Image size of job updated: 6059680
	5454  -  MemoryUsage of job (MB)
	5584488  -  ResidentSetSize of job (KB)
...
006 (13901889.020.000) 2021-01-07 12:26:12 Image size of job updated: 10747520
	9420  -  MemoryUsage of job (MB)
	9645928  -  ResidentSetSize of job (KB)
...
006 (13901889.014.000) 2021-01-07 12:26:12 Image size of job updated: 6849724
	5322  -  MemoryUsage of job (MB)
	5448980  -  ResidentSetSize of job (KB)
...
006 (13901889.022.000) 2021-01-07 12:26:12 Image size of job updated: 10953000
	8951  -  MemoryUsage of job (MB)
	9165188  -  ResidentSetSize of job (KB)
...
006 (13901889.010.000) 2021-01-07 12:26:12 Image size of job updated: 7950940
	6007  -  MemoryUsage of job (MB)
	6151092  -  ResidentSetSize of job (KB)
...
006 (13901889.016.000) 2021-01-07 12:26:12 Image size of job updated: 6058520
	5207  -  MemoryUsage of job (MB)
	5331296  -  ResidentSetSize of job (KB)
...
006 (13901889.021.000) 2021-01-07 12:26:12 Image size of job updated: 7312320
	6462  -  MemoryUsage of job (MB)
	6616272  -  ResidentSetSize of job (KB)
...
006 (13901889.009.000) 2021-01-07 12:26:14 Image size of job updated: 8484272
	6280  -  MemoryUsage of job (MB)
	6430668  -  ResidentSetSize of job (KB)
...
006 (13901889.022.000) 2021-01-07 12:26:46 Image size of job updated: 12047580
	8951  -  MemoryUsage of job (MB)
	9165204  -  ResidentSetSize of job (KB)
...
005 (13901889.022.000) 2021-01-07 12:26:46 Job terminated.
	(1) Normal termination (return value 0)
		Usr 0 00:04:32, Sys 0 00:00:20  -  Run Remote Usage
		Usr 0 00:00:00, Sys 0 00:00:00  -  Run Local Usage
		Usr 0 00:04:32, Sys 0 00:00:20  -  Total Remote Usage
		Usr 0 00:00:00, Sys 0 00:00:00  -  Total Local Usage
	0  -  Run Bytes Sent By Job
	0  -  Run Bytes Received By Job
	0  -  Total Bytes Sent By Job
	0  -  Total Bytes Received By Job
	Partitionable Resources :    Usage  Request Allocated 
	   Cpus                 :     0.88        1         1 
	   Disk (KB)            :     1     3584000   4622350 
	   Memory (MB)          :  8951        4096      4096 
...
006 (13901889.020.000) 2021-01-07 12:26:53 Image size of job updated: 11976352
	9420  -  MemoryUsage of job (MB)
	9646032  -  ResidentSetSize of job (KB)
...
005 (13901889.020.000) 2021-01-07 12:26:53 Job terminated.
	(1) Normal termination (return value 0)
		Usr 0 00:04:30, Sys 0 00:00:19  -  Run Remote Usage
		Usr 0 00:00:00, Sys 0 00:00:00  -  Run Local Usage
		Usr 0 00:04:30, Sys 0 00:00:19  -  Total Remote Usage
		Usr 0 00:00:00, Sys 0 00:00:00  -  Total Local Usage
	0  -  Run Bytes Sent By Job
	0  -  Run Bytes Received By Job
	0  -  Total Bytes Sent By Job
	0  -  Total Bytes Received By Job
	Partitionable Resources :    Usage  Request Allocated 
	   Cpus                 :     0.85        1         1 
	   Disk (KB)            :     1     3584000   3949088 
	   Memory (MB)          :  9420        4096      4096 

	Job terminated of its own accord at 2021-01-07T11:26:53Z.
...
006 (13901889.008.000) 2021-01-07 12:27:02 Image size of job updated: 10408576
	9432  -  MemoryUsage of job (MB)
	9657472  -  ResidentSetSize of job (KB)
...
006 (13901889.006.000) 2021-01-07 12:27:02 Image size of job updated: 10557732
	8670  -  MemoryUsage of job (MB)
	8877536  -  ResidentSetSize of job (KB)
...
005 (13901889.008.000) 2021-01-07 12:27:02 Job terminated.
	(1) Normal termination (return value 0)
		Usr 0 00:04:35, Sys 0 00:00:20  -  Run Remote Usage
		Usr 0 00:00:00, Sys 0 00:00:00  -  Run Local Usage
		Usr 0 00:04:35, Sys 0 00:00:20  -  Total Remote Usage
		Usr 0 00:00:00, Sys 0 00:00:00  -  Total Local Usage
	0  -  Run Bytes Sent By Job
	0  -  Run Bytes Received By Job
	0  -  Total Bytes Sent By Job
	0  -  Total Bytes Received By Job
	Partitionable Resources :    Usage  Request Allocated 
	   Cpus                 :     0.86        1         1 
	   Disk (KB)            :     1     3584000   3949088 
	   Memory (MB)          :  9432        4096      4096 

	Job terminated of its own accord at 2021-01-07T11:27:02Z.
...
005 (13901889.006.000) 2021-01-07 12:27:02 Job terminated.
	(1) Normal termination (return value 0)
		Usr 0 00:04:32, Sys 0 00:00:19  -  Run Remote Usage
		Usr 0 00:00:00, Sys 0 00:00:00  -  Run Local Usage
		Usr 0 00:04:32, Sys 0 00:00:19  -  Total Remote Usage
		Usr 0 00:00:00, Sys 0 00:00:00  -  Total Local Usage
	0  -  Run Bytes Sent By Job
	0  -  Run Bytes Received By Job
	0  -  Total Bytes Sent By Job
	0  -  Total Bytes Received By Job
	Partitionable Resources :    Usage  Request Allocated 
	   Cpus                 :     0.67        1         1 
	   Disk (KB)            :     1     3584000   4540362 
	   Memory (MB)          :  8670        4096      4096 

	Job terminated of its own accord at 2021-01-07T11:27:02Z.
...
005 (13901889.018.000) 2021-01-07 12:27:08 Job terminated.
	(1) Normal termination (return value 0)
		Usr 0 00:04:37, Sys 0 00:00:24  -  Run Remote Usage
		Usr 0 00:00:00, Sys 0 00:00:00  -  Run Local Usage
		Usr 0 00:04:37, Sys 0 00:00:24  -  Total Remote Usage
		Usr 0 00:00:00, Sys 0 00:00:00  -  Total Local Usage
	0  -  Run Bytes Sent By Job
	0  -  Run Bytes Received By Job
	0  -  Total Bytes Sent By Job
	0  -  Total Bytes Received By Job
	Partitionable Resources :    Usage  Request Allocated 
	   Cpus                 :     0.93        1         1 
	   Disk (KB)            :     1     3584000   4540362 
	   Memory (MB)          :  8431        4096      4096 

	Job terminated of its own accord at 2021-01-07T11:27:08Z.
...
006 (13901889.011.000) 2021-01-07 12:27:22 Image size of job updated: 11955616
	8691  -  MemoryUsage of job (MB)
	8899520  -  ResidentSetSize of job (KB)
...
005 (13901889.011.000) 2021-01-07 12:27:22 Job terminated.
	(1) Normal termination (return value 0)
		Usr 0 00:04:37, Sys 0 00:00:30  -  Run Remote Usage
		Usr 0 00:00:00, Sys 0 00:00:00  -  Run Local Usage
		Usr 0 00:04:37, Sys 0 00:00:30  -  Total Remote Usage
		Usr 0 00:00:00, Sys 0 00:00:00  -  Total Local Usage
	0  -  Run Bytes Sent By Job
	0  -  Run Bytes Received By Job
	0  -  Total Bytes Sent By Job
	0  -  Total Bytes Received By Job
	Partitionable Resources :    Usage  Request Allocated 
	   Cpus                 :     0.91        1         1 
	   Disk (KB)            :     1     3584000   4622350 
	   Memory (MB)          :  8691        4096      4096 
...
006 (13901889.002.000) 2021-01-07 12:27:33 Image size of job updated: 12001108
	4427  -  MemoryUsage of job (MB)
	4532424  -  ResidentSetSize of job (KB)
...
005 (13901889.002.000) 2021-01-07 12:27:33 Job terminated.
	(1) Normal termination (return value 0)
		Usr 0 00:04:35, Sys 0 00:00:21  -  Run Remote Usage
		Usr 0 00:00:00, Sys 0 00:00:00  -  Run Local Usage
		Usr 0 00:04:35, Sys 0 00:00:21  -  Total Remote Usage
		Usr 0 00:00:00, Sys 0 00:00:00  -  Total Local Usage
	0  -  Run Bytes Sent By Job
	0  -  Run Bytes Received By Job
	0  -  Total Bytes Sent By Job
	0  -  Total Bytes Received By Job
	Partitionable Resources :    Usage  Request Allocated 
	   Cpus                 :     0.92        1         1 
	   Disk (KB)            :     1     3584000   3991895 
	   Memory (MB)          :  4427        4096      4096 

	Job terminated of its own accord at 2021-01-07T11:27:33Z.
...
006 (13901889.013.000) 2021-01-07 12:27:38 Image size of job updated: 11964980
	4457  -  MemoryUsage of job (MB)
	4563044  -  ResidentSetSize of job (KB)
...
005 (13901889.013.000) 2021-01-07 12:27:38 Job terminated.
	(1) Normal termination (return value 0)
		Usr 0 00:04:36, Sys 0 00:00:23  -  Run Remote Usage
		Usr 0 00:00:00, Sys 0 00:00:00  -  Run Local Usage
		Usr 0 00:04:36, Sys 0 00:00:23  -  Total Remote Usage
		Usr 0 00:00:00, Sys 0 00:00:00  -  Total Local Usage
	0  -  Run Bytes Sent By Job
	0  -  Run Bytes Received By Job
	0  -  Total Bytes Sent By Job
	0  -  Total Bytes Received By Job
	Partitionable Resources :    Usage  Request Allocated 
	   Cpus                 :     0.91        1         1 
	   Disk (KB)            :     1     3584000   3991895 
	   Memory (MB)          :  4457        4096      4096 

	Job terminated of its own accord at 2021-01-07T11:27:38Z.
...
006 (13901889.005.000) 2021-01-07 12:27:42 Image size of job updated: 11995208
	8858  -  MemoryUsage of job (MB)
	9069724  -  ResidentSetSize of job (KB)
...
005 (13901889.005.000) 2021-01-07 12:27:42 Job terminated.
	(1) Normal termination (return value 0)
		Usr 0 00:04:24, Sys 0 00:00:23  -  Run Remote Usage
		Usr 0 00:00:00, Sys 0 00:00:00  -  Run Local Usage
		Usr 0 00:04:24, Sys 0 00:00:23  -  Total Remote Usage
		Usr 0 00:00:00, Sys 0 00:00:00  -  Total Local Usage
	0  -  Run Bytes Sent By Job
	0  -  Run Bytes Received By Job
	0  -  Total Bytes Sent By Job
	0  -  Total Bytes Received By Job
	Partitionable Resources :    Usage  Request Allocated 
	   Cpus                 :     0.82        1         1 
	   Disk (KB)            :     1     3584000   4785505 
	   Memory (MB)          :  8858        4096      4096 

	Job terminated of its own accord at 2021-01-07T11:27:42Z.
...
005 (13901889.017.000) 2021-01-07 12:27:46 Job terminated.
	(1) Normal termination (return value 0)
		Usr 0 00:04:40, Sys 0 00:00:23  -  Run Remote Usage
		Usr 0 00:00:00, Sys 0 00:00:00  -  Run Local Usage
		Usr 0 00:04:40, Sys 0 00:00:23  -  Total Remote Usage
		Usr 0 00:00:00, Sys 0 00:00:00  -  Total Local Usage
	0  -  Run Bytes Sent By Job
	0  -  Run Bytes Received By Job
	0  -  Total Bytes Sent By Job
	0  -  Total Bytes Received By Job
	Partitionable Resources :    Usage  Request Allocated 
	   Cpus                 :     0.91        1         1 
	   Disk (KB)            :     1     3584000   4785505 
	   Memory (MB)          :  8683        4096      4096 

	Job terminated of its own accord at 2021-01-07T11:27:46Z.
...
005 (13901889.003.000) 2021-01-07 12:28:17 Job terminated.
	(1) Normal termination (return value 0)
		Usr 0 00:04:35, Sys 0 00:00:29  -  Run Remote Usage
		Usr 0 00:00:00, Sys 0 00:00:00  -  Run Local Usage
		Usr 0 00:04:35, Sys 0 00:00:29  -  Total Remote Usage
		Usr 0 00:00:00, Sys 0 00:00:00  -  Total Local Usage
	0  -  Run Bytes Sent By Job
	0  -  Run Bytes Received By Job
	0  -  Total Bytes Sent By Job
	0  -  Total Bytes Received By Job
	Partitionable Resources :    Usage  Request Allocated 
	   Cpus                 :     0.07        1         1 
	   Disk (KB)            :     1     3584000   4784593 
	   Memory (MB)          :  7716        4096      4096 

	Job terminated of its own accord at 2021-01-07T11:28:17Z.
...
006 (13901889.021.000) 2021-01-07 12:28:31 Image size of job updated: 11994548
	6462  -  MemoryUsage of job (MB)
	6616300  -  ResidentSetSize of job (KB)
...
005 (13901889.021.000) 2021-01-07 12:28:31 Job terminated.
	(1) Normal termination (return value 0)
		Usr 0 00:04:33, Sys 0 00:00:23  -  Run Remote Usage
		Usr 0 00:00:00, Sys 0 00:00:00  -  Run Local Usage
		Usr 0 00:04:33, Sys 0 00:00:23  -  Total Remote Usage
		Usr 0 00:00:00, Sys 0 00:00:00  -  Total Local Usage
	0  -  Run Bytes Sent By Job
	0  -  Run Bytes Received By Job
	0  -  Total Bytes Sent By Job
	0  -  Total Bytes Received By Job
	Partitionable Resources :    Usage  Request Allocated 
	   Cpus                 :     0.94        1         1 
	   Disk (KB)            :     1     3584000   4784593 
	   Memory (MB)          :  6462        4096      4096 

	Job terminated of its own accord at 2021-01-07T11:28:31Z.
...
005 (13901889.009.000) 2021-01-07 12:28:46 Job terminated.
	(1) Normal termination (return value 0)
		Usr 0 00:04:31, Sys 0 00:00:23  -  Run Remote Usage
		Usr 0 00:00:00, Sys 0 00:00:00  -  Run Local Usage
		Usr 0 00:04:31, Sys 0 00:00:23  -  Total Remote Usage
		Usr 0 00:00:00, Sys 0 00:00:00  -  Total Local Usage
	0  -  Run Bytes Sent By Job
	0  -  Run Bytes Received By Job
	0  -  Total Bytes Sent By Job
	0  -  Total Bytes Received By Job
	Partitionable Resources :    Usage  Request Allocated 
	   Cpus                 :     0.07        1         1 
	   Disk (KB)            :     1     3584000   3823277 
	   Memory (MB)          :  6280        4096      4096 

	Job terminated of its own accord at 2021-01-07T11:28:46Z.
...
006 (13901889.015.000) 2021-01-07 12:29:10 Image size of job updated: 13615352
	6530  -  MemoryUsage of job (MB)
	6686344  -  ResidentSetSize of job (KB)
...
005 (13901889.015.000) 2021-01-07 12:29:10 Job terminated.
	(1) Normal termination (return value 0)
		Usr 0 00:04:33, Sys 0 00:00:25  -  Run Remote Usage
		Usr 0 00:00:00, Sys 0 00:00:00  -  Run Local Usage
		Usr 0 00:04:33, Sys 0 00:00:25  -  Total Remote Usage
		Usr 0 00:00:00, Sys 0 00:00:00  -  Total Local Usage
	0  -  Run Bytes Sent By Job
	0  -  Run Bytes Received By Job
	0  -  Total Bytes Sent By Job
	0  -  Total Bytes Received By Job
	Partitionable Resources :    Usage  Request Allocated 
	   Cpus                 :     0.85        1         1 
	   Disk (KB)            :     1     3584000   3821844 
	   Memory (MB)          :  6530        4096      4096 

	Job terminated of its own accord at 2021-01-07T11:29:10Z.
...
006 (13901889.014.000) 2021-01-07 12:29:44 Image size of job updated: 11972120
	5322  -  MemoryUsage of job (MB)
	5449052  -  ResidentSetSize of job (KB)
...
005 (13901889.014.000) 2021-01-07 12:29:44 Job terminated.
	(1) Normal termination (return value 0)
		Usr 0 00:04:34, Sys 0 00:00:25  -  Run Remote Usage
		Usr 0 00:00:00, Sys 0 00:00:00  -  Run Local Usage
		Usr 0 00:04:34, Sys 0 00:00:25  -  Total Remote Usage
		Usr 0 00:00:00, Sys 0 00:00:00  -  Total Local Usage
	0  -  Run Bytes Sent By Job
	0  -  Run Bytes Received By Job
	0  -  Total Bytes Sent By Job
	0  -  Total Bytes Received By Job
	Partitionable Resources :    Usage  Request Allocated 
	   Cpus                 :     0.38        1         1 
	   Disk (KB)            :     1     3584000   4296137 
	   Memory (MB)          :  5322        4096      4096 

	Job terminated of its own accord at 2021-01-07T11:29:44Z.
...
006 (13901889.019.000) 2021-01-07 12:29:50 Image size of job updated: 11980420
	9620  -  MemoryUsage of job (MB)
	9850328  -  ResidentSetSize of job (KB)
...
005 (13901889.019.000) 2021-01-07 12:29:50 Job terminated.
	(1) Normal termination (return value 0)
		Usr 0 00:04:33, Sys 0 00:00:18  -  Run Remote Usage
		Usr 0 00:00:00, Sys 0 00:00:00  -  Run Local Usage
		Usr 0 00:04:33, Sys 0 00:00:18  -  Total Remote Usage
		Usr 0 00:00:00, Sys 0 00:00:00  -  Total Local Usage
	0  -  Run Bytes Sent By Job
	0  -  Run Bytes Received By Job
	0  -  Total Bytes Sent By Job
	0  -  Total Bytes Received By Job
	Partitionable Resources :    Usage  Request Allocated 
	   Cpus                 :     0.52        1         1 
	   Disk (KB)            :     1     3584000   4785374 
	   Memory (MB)          :  9620        4096      4096 

	Job terminated of its own accord at 2021-01-07T11:29:50Z.
...
006 (13901889.001.000) 2021-01-07 12:29:58 Image size of job updated: 6497000
	5459  -  MemoryUsage of job (MB)
	5590000  -  ResidentSetSize of job (KB)
...
005 (13901889.001.000) 2021-01-07 12:29:58 Job terminated.
	(1) Normal termination (return value 0)
		Usr 0 00:04:34, Sys 0 00:00:27  -  Run Remote Usage
		Usr 0 00:00:00, Sys 0 00:00:00  -  Run Local Usage
		Usr 0 00:04:34, Sys 0 00:00:27  -  Total Remote Usage
		Usr 0 00:00:00, Sys 0 00:00:00  -  Total Local Usage
	0  -  Run Bytes Sent By Job
	0  -  Run Bytes Received By Job
	0  -  Total Bytes Sent By Job
	0  -  Total Bytes Received By Job
	Partitionable Resources :    Usage  Request Allocated 
	   Cpus                 :     0.98        1         1 
	   Disk (KB)            :     1     3584000   4296137 
	   Memory (MB)          :  5459        4096      4096 

	Job terminated of its own accord at 2021-01-07T11:29:58Z.
...
006 (13901889.007.000) 2021-01-07 12:29:59 Image size of job updated: 12009088
	9701  -  MemoryUsage of job (MB)
	9932856  -  ResidentSetSize of job (KB)
...
005 (13901889.007.000) 2021-01-07 12:29:59 Job terminated.
	(1) Normal termination (return value 0)
		Usr 0 00:04:28, Sys 0 00:00:18  -  Run Remote Usage
		Usr 0 00:00:00, Sys 0 00:00:00  -  Run Local Usage
		Usr 0 00:04:28, Sys 0 00:00:18  -  Total Remote Usage
		Usr 0 00:00:00, Sys 0 00:00:00  -  Total Local Usage
	0  -  Run Bytes Sent By Job
	0  -  Run Bytes Received By Job
	0  -  Total Bytes Sent By Job
	0  -  Total Bytes Received By Job
	Partitionable Resources :    Usage  Request Allocated 
	   Cpus                 :     0.10        1         1 
	   Disk (KB)            :     1     3584000   4785374 
	   Memory (MB)          :  9701        4096      4096 

	Job terminated of its own accord at 2021-01-07T11:29:59Z.
...
006 (13901889.010.000) 2021-01-07 12:30:25 Image size of job updated: 7950940
	6007  -  MemoryUsage of job (MB)
	6151128  -  ResidentSetSize of job (KB)
...
005 (13901889.010.000) 2021-01-07 12:30:25 Job terminated.
	(1) Normal termination (return value 0)
		Usr 0 00:04:33, Sys 0 00:00:27  -  Run Remote Usage
		Usr 0 00:00:00, Sys 0 00:00:00  -  Run Local Usage
		Usr 0 00:04:33, Sys 0 00:00:27  -  Total Remote Usage
		Usr 0 00:00:00, Sys 0 00:00:00  -  Total Local Usage
	0  -  Run Bytes Sent By Job
	0  -  Run Bytes Received By Job
	0  -  Total Bytes Sent By Job
	0  -  Total Bytes Received By Job
	Partitionable Resources :    Usage  Request Allocated 
	   Cpus                 :     0.70        1         1 
	   Disk (KB)            :     1     3584000   3822765 
	   Memory (MB)          :  6007        4096      4096 

	Job terminated of its own accord at 2021-01-07T11:30:25Z.
...
006 (13901889.000.000) 2021-01-07 12:31:05 Image size of job updated: 11955360
	5229  -  MemoryUsage of job (MB)
	5353532  -  ResidentSetSize of job (KB)
...
005 (13901889.000.000) 2021-01-07 12:31:05 Job terminated.
	(1) Normal termination (return value 0)
		Usr 0 00:04:37, Sys 0 00:00:26  -  Run Remote Usage
		Usr 0 00:00:00, Sys 0 00:00:00  -  Run Local Usage
		Usr 0 00:04:37, Sys 0 00:00:26  -  Total Remote Usage
		Usr 0 00:00:00, Sys 0 00:00:00  -  Total Local Usage
	0  -  Run Bytes Sent By Job
	0  -  Run Bytes Received By Job
	0  -  Total Bytes Sent By Job
	0  -  Total Bytes Received By Job
	Partitionable Resources :    Usage  Request Allocated 
	   Cpus                 :     0.71        1         1 
	   Disk (KB)            :     1     3584000   3820522 
	   Memory (MB)          :  5229        4096      4096 

	Job terminated of its own accord at 2021-01-07T11:31:05Z.
...
006 (13901889.004.000) 2021-01-07 12:31:12 Image size of job updated: 8721900
	5082  -  MemoryUsage of job (MB)
	5203880  -  ResidentSetSize of job (KB)
...
006 (13901889.012.000) 2021-01-07 12:31:12 Image size of job updated: 11580740
	8056  -  MemoryUsage of job (MB)
	8248760  -  ResidentSetSize of job (KB)
...
006 (13901889.016.000) 2021-01-07 12:31:14 Image size of job updated: 11142868
	5263  -  MemoryUsage of job (MB)
	5388672  -  ResidentSetSize of job (KB)
...
006 (13901889.012.000) 2021-01-07 12:31:33 Image size of job updated: 11580740
	8056  -  MemoryUsage of job (MB)
	8248816  -  ResidentSetSize of job (KB)
...
005 (13901889.012.000) 2021-01-07 12:31:33 Job terminated.
	(1) Normal termination (return value 0)
		Usr 0 00:04:35, Sys 0 00:00:25  -  Run Remote Usage
		Usr 0 00:00:00, Sys 0 00:00:00  -  Run Local Usage
		Usr 0 00:04:35, Sys 0 00:00:25  -  Total Remote Usage
		Usr 0 00:00:00, Sys 0 00:00:00  -  Total Local Usage
	0  -  Run Bytes Sent By Job
	0  -  Run Bytes Received By Job
	0  -  Total Bytes Sent By Job
	0  -  Total Bytes Received By Job
	Partitionable Resources :    Usage  Request Allocated 
	   Cpus                 :     0.79        1         1 
	   Disk (KB)            :     1     3584000   3820522 
	   Memory (MB)          :  8056        4096      4096 

	Job terminated of its own accord at 2021-01-07T11:31:33Z.
...
006 (13901889.016.000) 2021-01-07 12:32:55 Image size of job updated: 11977024
	5263  -  MemoryUsage of job (MB)
	5388672  -  ResidentSetSize of job (KB)
...
005 (13901889.016.000) 2021-01-07 12:32:55 Job terminated.
	(1) Normal termination (return value 0)
		Usr 0 00:04:46, Sys 0 00:00:41  -  Run Remote Usage
		Usr 0 00:00:00, Sys 0 00:00:00  -  Run Local Usage
		Usr 0 00:04:46, Sys 0 00:00:41  -  Total Remote Usage
		Usr 0 00:00:00, Sys 0 00:00:00  -  Total Local Usage
	0  -  Run Bytes Sent By Job
	0  -  Run Bytes Received By Job
	0  -  Total Bytes Sent By Job
	0  -  Total Bytes Received By Job
	Partitionable Resources :    Usage  Request Allocated 
	   Cpus                 :     0.74        1         1 
	   Disk (KB)            :     1     3584000   3821816 
	   Memory (MB)          :  5263        4096      4096 

	Job terminated of its own accord at 2021-01-07T11:32:55Z.
...
006 (13901889.004.000) 2021-01-07 12:34:41 Image size of job updated: 12018616
	5082  -  MemoryUsage of job (MB)
	5203880  -  ResidentSetSize of job (KB)
...
005 (13901889.004.000) 2021-01-07 12:34:41 Job terminated.
	(1) Normal termination (return value 0)
		Usr 0 00:04:39, Sys 0 00:00:27  -  Run Remote Usage
		Usr 0 00:00:00, Sys 0 00:00:00  -  Run Local Usage
		Usr 0 00:04:39, Sys 0 00:00:27  -  Total Remote Usage
		Usr 0 00:00:00, Sys 0 00:00:00  -  Total Local Usage
	0  -  Run Bytes Sent By Job
	0  -  Run Bytes Received By Job
	0  -  Total Bytes Sent By Job
	0  -  Total Bytes Received By Job
	Partitionable Resources :    Usage  Request Allocated 
	   Cpus                 :     0.00        1         1 
	   Disk (KB)            :     1     3584000   3821816 
	   Memory (MB)          :  5082        4096      4096 

	Job terminated of its own accord at 2021-01-07T11:34:41Z.
...
