000 (13901883.000.000) 2021-01-07 12:19:32 Job submitted from host: <131.169.223.42:9618?addrs=131.169.223.42-9618+[2001-638-700-10df--1-2a]-9618&alias=bird-htc-sched14.desy.de&noUDP&sock=schedd_1936_8371_3>
...
000 (13901883.001.000) 2021-01-07 12:19:32 Job submitted from host: <131.169.223.42:9618?addrs=131.169.223.42-9618+[2001-638-700-10df--1-2a]-9618&alias=bird-htc-sched14.desy.de&noUDP&sock=schedd_1936_8371_3>
...
000 (13901883.002.000) 2021-01-07 12:19:32 Job submitted from host: <131.169.223.42:9618?addrs=131.169.223.42-9618+[2001-638-700-10df--1-2a]-9618&alias=bird-htc-sched14.desy.de&noUDP&sock=schedd_1936_8371_3>
...
000 (13901883.003.000) 2021-01-07 12:19:32 Job submitted from host: <131.169.223.42:9618?addrs=131.169.223.42-9618+[2001-638-700-10df--1-2a]-9618&alias=bird-htc-sched14.desy.de&noUDP&sock=schedd_1936_8371_3>
...
000 (13901883.004.000) 2021-01-07 12:19:32 Job submitted from host: <131.169.223.42:9618?addrs=131.169.223.42-9618+[2001-638-700-10df--1-2a]-9618&alias=bird-htc-sched14.desy.de&noUDP&sock=schedd_1936_8371_3>
...
000 (13901883.005.000) 2021-01-07 12:19:32 Job submitted from host: <131.169.223.42:9618?addrs=131.169.223.42-9618+[2001-638-700-10df--1-2a]-9618&alias=bird-htc-sched14.desy.de&noUDP&sock=schedd_1936_8371_3>
...
000 (13901883.006.000) 2021-01-07 12:19:32 Job submitted from host: <131.169.223.42:9618?addrs=131.169.223.42-9618+[2001-638-700-10df--1-2a]-9618&alias=bird-htc-sched14.desy.de&noUDP&sock=schedd_1936_8371_3>
...
000 (13901883.007.000) 2021-01-07 12:19:32 Job submitted from host: <131.169.223.42:9618?addrs=131.169.223.42-9618+[2001-638-700-10df--1-2a]-9618&alias=bird-htc-sched14.desy.de&noUDP&sock=schedd_1936_8371_3>
...
000 (13901883.008.000) 2021-01-07 12:19:32 Job submitted from host: <131.169.223.42:9618?addrs=131.169.223.42-9618+[2001-638-700-10df--1-2a]-9618&alias=bird-htc-sched14.desy.de&noUDP&sock=schedd_1936_8371_3>
...
000 (13901883.009.000) 2021-01-07 12:19:32 Job submitted from host: <131.169.223.42:9618?addrs=131.169.223.42-9618+[2001-638-700-10df--1-2a]-9618&alias=bird-htc-sched14.desy.de&noUDP&sock=schedd_1936_8371_3>
...
000 (13901883.010.000) 2021-01-07 12:19:32 Job submitted from host: <131.169.223.42:9618?addrs=131.169.223.42-9618+[2001-638-700-10df--1-2a]-9618&alias=bird-htc-sched14.desy.de&noUDP&sock=schedd_1936_8371_3>
...
000 (13901883.011.000) 2021-01-07 12:19:32 Job submitted from host: <131.169.223.42:9618?addrs=131.169.223.42-9618+[2001-638-700-10df--1-2a]-9618&alias=bird-htc-sched14.desy.de&noUDP&sock=schedd_1936_8371_3>
...
000 (13901883.012.000) 2021-01-07 12:19:32 Job submitted from host: <131.169.223.42:9618?addrs=131.169.223.42-9618+[2001-638-700-10df--1-2a]-9618&alias=bird-htc-sched14.desy.de&noUDP&sock=schedd_1936_8371_3>
...
000 (13901883.013.000) 2021-01-07 12:19:32 Job submitted from host: <131.169.223.42:9618?addrs=131.169.223.42-9618+[2001-638-700-10df--1-2a]-9618&alias=bird-htc-sched14.desy.de&noUDP&sock=schedd_1936_8371_3>
...
000 (13901883.014.000) 2021-01-07 12:19:32 Job submitted from host: <131.169.223.42:9618?addrs=131.169.223.42-9618+[2001-638-700-10df--1-2a]-9618&alias=bird-htc-sched14.desy.de&noUDP&sock=schedd_1936_8371_3>
...
000 (13901883.015.000) 2021-01-07 12:19:32 Job submitted from host: <131.169.223.42:9618?addrs=131.169.223.42-9618+[2001-638-700-10df--1-2a]-9618&alias=bird-htc-sched14.desy.de&noUDP&sock=schedd_1936_8371_3>
...
000 (13901883.016.000) 2021-01-07 12:19:32 Job submitted from host: <131.169.223.42:9618?addrs=131.169.223.42-9618+[2001-638-700-10df--1-2a]-9618&alias=bird-htc-sched14.desy.de&noUDP&sock=schedd_1936_8371_3>
...
000 (13901883.017.000) 2021-01-07 12:19:32 Job submitted from host: <131.169.223.42:9618?addrs=131.169.223.42-9618+[2001-638-700-10df--1-2a]-9618&alias=bird-htc-sched14.desy.de&noUDP&sock=schedd_1936_8371_3>
...
000 (13901883.018.000) 2021-01-07 12:19:32 Job submitted from host: <131.169.223.42:9618?addrs=131.169.223.42-9618+[2001-638-700-10df--1-2a]-9618&alias=bird-htc-sched14.desy.de&noUDP&sock=schedd_1936_8371_3>
...
000 (13901883.019.000) 2021-01-07 12:19:32 Job submitted from host: <131.169.223.42:9618?addrs=131.169.223.42-9618+[2001-638-700-10df--1-2a]-9618&alias=bird-htc-sched14.desy.de&noUDP&sock=schedd_1936_8371_3>
...
000 (13901883.020.000) 2021-01-07 12:19:32 Job submitted from host: <131.169.223.42:9618?addrs=131.169.223.42-9618+[2001-638-700-10df--1-2a]-9618&alias=bird-htc-sched14.desy.de&noUDP&sock=schedd_1936_8371_3>
...
000 (13901883.021.000) 2021-01-07 12:19:32 Job submitted from host: <131.169.223.42:9618?addrs=131.169.223.42-9618+[2001-638-700-10df--1-2a]-9618&alias=bird-htc-sched14.desy.de&noUDP&sock=schedd_1936_8371_3>
...
000 (13901883.022.000) 2021-01-07 12:19:32 Job submitted from host: <131.169.223.42:9618?addrs=131.169.223.42-9618+[2001-638-700-10df--1-2a]-9618&alias=bird-htc-sched14.desy.de&noUDP&sock=schedd_1936_8371_3>
...
000 (13901883.023.000) 2021-01-07 12:19:32 Job submitted from host: <131.169.223.42:9618?addrs=131.169.223.42-9618+[2001-638-700-10df--1-2a]-9618&alias=bird-htc-sched14.desy.de&noUDP&sock=schedd_1936_8371_3>
...
000 (13901883.024.000) 2021-01-07 12:19:32 Job submitted from host: <131.169.223.42:9618?addrs=131.169.223.42-9618+[2001-638-700-10df--1-2a]-9618&alias=bird-htc-sched14.desy.de&noUDP&sock=schedd_1936_8371_3>
...
001 (13901883.000.000) 2021-01-07 12:20:27 Job executing on host: <131.169.163.109:33154?addrs=131.169.163.109-33154&alias=bird670.desy.de>
...
001 (13901883.002.000) 2021-01-07 12:20:27 Job executing on host: <131.169.163.133:37103?addrs=131.169.163.133-37103&alias=bird694.desy.de>
...
001 (13901883.007.000) 2021-01-07 12:20:27 Job executing on host: <131.169.164.22:40895?addrs=131.169.164.22-40895&alias=bird822.desy.de>
...
001 (13901883.013.000) 2021-01-07 12:20:27 Job executing on host: <131.169.164.46:33820?addrs=131.169.164.46-33820&alias=bird846.desy.de>
...
001 (13901883.001.000) 2021-01-07 12:20:27 Job executing on host: <131.169.163.134:45533?addrs=131.169.163.134-45533&alias=bird695.desy.de>
...
001 (13901883.003.000) 2021-01-07 12:20:27 Job executing on host: <131.169.77.208:42426?addrs=131.169.77.208-42426&alias=bird762.desy.de>
...
001 (13901883.004.000) 2021-01-07 12:20:27 Job executing on host: <131.169.164.11:35600?addrs=131.169.164.11-35600&alias=bird811.desy.de>
...
001 (13901883.010.000) 2021-01-07 12:20:27 Job executing on host: <131.169.163.107:45568?addrs=131.169.163.107-45568&alias=bird668.desy.de>
...
001 (13901883.006.000) 2021-01-07 12:20:27 Job executing on host: <131.169.164.41:42677?addrs=131.169.164.41-42677&alias=bird841.desy.de>
...
001 (13901883.011.000) 2021-01-07 12:20:27 Job executing on host: <131.169.163.111:39042?addrs=131.169.163.111-39042&alias=bird672.desy.de>
...
001 (13901883.017.000) 2021-01-07 12:20:27 Job executing on host: <131.169.164.27:33138?addrs=131.169.164.27-33138&alias=bird827.desy.de>
...
001 (13901883.019.000) 2021-01-07 12:20:27 Job executing on host: <131.169.163.109:33154?addrs=131.169.163.109-33154&alias=bird670.desy.de>
...
001 (13901883.005.000) 2021-01-07 12:20:27 Job executing on host: <131.169.77.54:34117?addrs=131.169.77.54-34117&alias=bird572.desy.de>
...
001 (13901883.009.000) 2021-01-07 12:20:27 Job executing on host: <131.169.77.222:33616?addrs=131.169.77.222-33616&alias=bird776.desy.de>
...
001 (13901883.014.000) 2021-01-07 12:20:27 Job executing on host: <131.169.77.61:44982?addrs=131.169.77.61-44982&alias=bird579.desy.de>
...
001 (13901883.016.000) 2021-01-07 12:20:28 Job executing on host: <131.169.164.40:41247?addrs=131.169.164.40-41247&alias=bird840.desy.de>
...
001 (13901883.015.000) 2021-01-07 12:20:28 Job executing on host: <131.169.77.39:46562?addrs=131.169.77.39-46562&alias=bird557.desy.de>
...
001 (13901883.018.000) 2021-01-07 12:20:28 Job executing on host: <131.169.163.119:41442?addrs=131.169.163.119-41442&alias=bird680.desy.de>
...
001 (13901883.020.000) 2021-01-07 12:20:28 Job executing on host: <131.169.163.133:37103?addrs=131.169.163.133-37103&alias=bird694.desy.de>
...
001 (13901883.024.000) 2021-01-07 12:20:28 Job executing on host: <131.169.77.217:45599?addrs=131.169.77.217-45599&alias=bird771.desy.de>
...
001 (13901883.021.000) 2021-01-07 12:20:28 Job executing on host: <131.169.164.22:40895?addrs=131.169.164.22-40895&alias=bird822.desy.de>
...
001 (13901883.012.000) 2021-01-07 12:20:28 Job executing on host: <131.169.160.168:34387?addrs=131.169.160.168-34387&alias=batch1068.desy.de>
...
001 (13901883.023.000) 2021-01-07 12:20:28 Job executing on host: <131.169.77.211:39631?addrs=131.169.77.211-39631&alias=bird765.desy.de>
...
001 (13901883.008.000) 2021-01-07 12:20:28 Job executing on host: <131.169.160.152:32790?addrs=131.169.160.152-32790&alias=batch1052.desy.de>
...
001 (13901883.022.000) 2021-01-07 12:20:29 Job executing on host: <131.169.77.224:36139?addrs=131.169.77.224-36139&alias=bird778.desy.de>
...
006 (13901883.009.000) 2021-01-07 12:20:36 Image size of job updated: 269392
	258  -  MemoryUsage of job (MB)
	263808  -  ResidentSetSize of job (KB)
...
006 (13901883.005.000) 2021-01-07 12:20:36 Image size of job updated: 199844
	175  -  MemoryUsage of job (MB)
	179032  -  ResidentSetSize of job (KB)
...
006 (13901883.016.000) 2021-01-07 12:20:36 Image size of job updated: 225864
	204  -  MemoryUsage of job (MB)
	208212  -  ResidentSetSize of job (KB)
...
006 (13901883.018.000) 2021-01-07 12:20:36 Image size of job updated: 310064
	301  -  MemoryUsage of job (MB)
	307552  -  ResidentSetSize of job (KB)
...
006 (13901883.014.000) 2021-01-07 12:20:36 Image size of job updated: 197572
	176  -  MemoryUsage of job (MB)
	179488  -  ResidentSetSize of job (KB)
...
006 (13901883.020.000) 2021-01-07 12:20:36 Image size of job updated: 320424
	311  -  MemoryUsage of job (MB)
	318388  -  ResidentSetSize of job (KB)
...
006 (13901883.024.000) 2021-01-07 12:20:36 Image size of job updated: 316852
	298  -  MemoryUsage of job (MB)
	304668  -  ResidentSetSize of job (KB)
...
006 (13901883.015.000) 2021-01-07 12:20:36 Image size of job updated: 240772
	213  -  MemoryUsage of job (MB)
	217384  -  ResidentSetSize of job (KB)
...
006 (13901883.021.000) 2021-01-07 12:20:36 Image size of job updated: 313908
	295  -  MemoryUsage of job (MB)
	301956  -  ResidentSetSize of job (KB)
...
006 (13901883.000.000) 2021-01-07 12:20:36 Image size of job updated: 328288
	317  -  MemoryUsage of job (MB)
	323800  -  ResidentSetSize of job (KB)
...
006 (13901883.002.000) 2021-01-07 12:20:36 Image size of job updated: 364480
	349  -  MemoryUsage of job (MB)
	357176  -  ResidentSetSize of job (KB)
...
006 (13901883.007.000) 2021-01-07 12:20:36 Image size of job updated: 331512
	322  -  MemoryUsage of job (MB)
	329392  -  ResidentSetSize of job (KB)
...
006 (13901883.013.000) 2021-01-07 12:20:36 Image size of job updated: 273276
	236  -  MemoryUsage of job (MB)
	241444  -  ResidentSetSize of job (KB)
...
006 (13901883.001.000) 2021-01-07 12:20:36 Image size of job updated: 352332
	338  -  MemoryUsage of job (MB)
	345316  -  ResidentSetSize of job (KB)
...
006 (13901883.003.000) 2021-01-07 12:20:36 Image size of job updated: 334336
	317  -  MemoryUsage of job (MB)
	324252  -  ResidentSetSize of job (KB)
...
006 (13901883.004.000) 2021-01-07 12:20:36 Image size of job updated: 355256
	341  -  MemoryUsage of job (MB)
	348368  -  ResidentSetSize of job (KB)
...
006 (13901883.010.000) 2021-01-07 12:20:36 Image size of job updated: 320192
	304  -  MemoryUsage of job (MB)
	310860  -  ResidentSetSize of job (KB)
...
006 (13901883.017.000) 2021-01-07 12:20:36 Image size of job updated: 325528
	315  -  MemoryUsage of job (MB)
	321608  -  ResidentSetSize of job (KB)
...
006 (13901883.011.000) 2021-01-07 12:20:36 Image size of job updated: 339884
	323  -  MemoryUsage of job (MB)
	330652  -  ResidentSetSize of job (KB)
...
006 (13901883.006.000) 2021-01-07 12:20:37 Image size of job updated: 260996
	244  -  MemoryUsage of job (MB)
	249164  -  ResidentSetSize of job (KB)
...
006 (13901883.019.000) 2021-01-07 12:20:37 Image size of job updated: 337492
	326  -  MemoryUsage of job (MB)
	332884  -  ResidentSetSize of job (KB)
...
006 (13901883.023.000) 2021-01-07 12:20:37 Image size of job updated: 382088
	360  -  MemoryUsage of job (MB)
	367768  -  ResidentSetSize of job (KB)
...
006 (13901883.012.000) 2021-01-07 12:20:37 Image size of job updated: 166940
	127  -  MemoryUsage of job (MB)
	129848  -  ResidentSetSize of job (KB)
...
006 (13901883.008.000) 2021-01-07 12:20:37 Image size of job updated: 283048
	241  -  MemoryUsage of job (MB)
	246036  -  ResidentSetSize of job (KB)
...
006 (13901883.022.000) 2021-01-07 12:20:38 Image size of job updated: 348008
	320  -  MemoryUsage of job (MB)
	327440  -  ResidentSetSize of job (KB)
...
006 (13901883.016.000) 2021-01-07 12:25:18 Image size of job updated: 225864
	204  -  MemoryUsage of job (MB)
	208252  -  ResidentSetSize of job (KB)
...
005 (13901883.016.000) 2021-01-07 12:25:18 Job terminated.
	(1) Normal termination (return value 0)
		Usr 0 00:04:01, Sys 0 00:00:16  -  Run Remote Usage
		Usr 0 00:00:00, Sys 0 00:00:00  -  Run Local Usage
		Usr 0 00:04:01, Sys 0 00:00:16  -  Total Remote Usage
		Usr 0 00:00:00, Sys 0 00:00:00  -  Total Local Usage
	0  -  Run Bytes Sent By Job
	0  -  Run Bytes Received By Job
	0  -  Total Bytes Sent By Job
	0  -  Total Bytes Received By Job
	Partitionable Resources :    Usage  Request Allocated 
	   Cpus                 :     0.90        1         1 
	   Disk (KB)            :     1     3584000   3987921 
	   Memory (MB)          :   204        4096      4096 

	Job terminated of its own accord at 2021-01-07T11:25:18Z.
...
006 (13901883.013.000) 2021-01-07 12:25:23 Image size of job updated: 273276
	236  -  MemoryUsage of job (MB)
	241536  -  ResidentSetSize of job (KB)
...
005 (13901883.013.000) 2021-01-07 12:25:23 Job terminated.
	(1) Normal termination (return value 0)
		Usr 0 00:04:00, Sys 0 00:00:18  -  Run Remote Usage
		Usr 0 00:00:00, Sys 0 00:00:00  -  Run Local Usage
		Usr 0 00:04:00, Sys 0 00:00:18  -  Total Remote Usage
		Usr 0 00:00:00, Sys 0 00:00:00  -  Total Local Usage
	0  -  Run Bytes Sent By Job
	0  -  Run Bytes Received By Job
	0  -  Total Bytes Sent By Job
	0  -  Total Bytes Received By Job
	Partitionable Resources :    Usage  Request Allocated 
	   Cpus                 :     0.91        1         1 
	   Disk (KB)            :     1     3584000   4532674 
	   Memory (MB)          :   236        4096      4096 

	Job terminated of its own accord at 2021-01-07T11:25:23Z.
...
006 (13901883.001.000) 2021-01-07 12:25:30 Image size of job updated: 11292432
	338  -  MemoryUsage of job (MB)
	345344  -  ResidentSetSize of job (KB)
...
005 (13901883.001.000) 2021-01-07 12:25:30 Job terminated.
	(1) Normal termination (return value 0)
		Usr 0 00:04:00, Sys 0 00:00:17  -  Run Remote Usage
		Usr 0 00:00:00, Sys 0 00:00:00  -  Run Local Usage
		Usr 0 00:04:00, Sys 0 00:00:17  -  Total Remote Usage
		Usr 0 00:00:00, Sys 0 00:00:00  -  Total Local Usage
	0  -  Run Bytes Sent By Job
	0  -  Run Bytes Received By Job
	0  -  Total Bytes Sent By Job
	0  -  Total Bytes Received By Job
	Partitionable Resources :    Usage  Request Allocated 
	   Cpus                 :     0.62        1         1 
	   Disk (KB)            :     1     3584000   3961272 
	   Memory (MB)          :   338        4096      4096 

	Job terminated of its own accord at 2021-01-07T11:25:30Z.
...
006 (13901883.009.000) 2021-01-07 12:25:36 Image size of job updated: 7787892
	6782  -  MemoryUsage of job (MB)
	6944768  -  ResidentSetSize of job (KB)
...
006 (13901883.014.000) 2021-01-07 12:25:36 Image size of job updated: 5562236
	4119  -  MemoryUsage of job (MB)
	4216932  -  ResidentSetSize of job (KB)
...
006 (13901883.018.000) 2021-01-07 12:25:36 Image size of job updated: 10854392
	9986  -  MemoryUsage of job (MB)
	10224848  -  ResidentSetSize of job (KB)
...
006 (13901883.021.000) 2021-01-07 12:25:36 Image size of job updated: 10064672
	8691  -  MemoryUsage of job (MB)
	8898804  -  ResidentSetSize of job (KB)
...
006 (13901883.020.000) 2021-01-07 12:25:36 Image size of job updated: 10901500
	9361  -  MemoryUsage of job (MB)
	9585436  -  ResidentSetSize of job (KB)
...
006 (13901883.015.000) 2021-01-07 12:25:36 Image size of job updated: 7961944
	6492  -  MemoryUsage of job (MB)
	6647768  -  ResidentSetSize of job (KB)
...
006 (13901883.005.000) 2021-01-07 12:25:36 Image size of job updated: 8295860
	6904  -  MemoryUsage of job (MB)
	7069024  -  ResidentSetSize of job (KB)
...
006 (13901883.000.000) 2021-01-07 12:25:37 Image size of job updated: 11081956
	9847  -  MemoryUsage of job (MB)
	10083016  -  ResidentSetSize of job (KB)
...
006 (13901883.002.000) 2021-01-07 12:25:37 Image size of job updated: 11097524
	9408  -  MemoryUsage of job (MB)
	9632900  -  ResidentSetSize of job (KB)
...
006 (13901883.007.000) 2021-01-07 12:25:37 Image size of job updated: 10036648
	8828  -  MemoryUsage of job (MB)
	9039604  -  ResidentSetSize of job (KB)
...
006 (13901883.004.000) 2021-01-07 12:25:37 Image size of job updated: 11108064
	9323  -  MemoryUsage of job (MB)
	9546572  -  ResidentSetSize of job (KB)
...
006 (13901883.010.000) 2021-01-07 12:25:37 Image size of job updated: 11393400
	9812  -  MemoryUsage of job (MB)
	10046696  -  ResidentSetSize of job (KB)
...
006 (13901883.011.000) 2021-01-07 12:25:37 Image size of job updated: 11370516
	9648  -  MemoryUsage of job (MB)
	9878996  -  ResidentSetSize of job (KB)
...
006 (13901883.017.000) 2021-01-07 12:25:37 Image size of job updated: 10725912
	9153  -  MemoryUsage of job (MB)
	9371664  -  ResidentSetSize of job (KB)
...
006 (13901883.006.000) 2021-01-07 12:25:37 Image size of job updated: 10652296
	9309  -  MemoryUsage of job (MB)
	9531440  -  ResidentSetSize of job (KB)
...
006 (13901883.019.000) 2021-01-07 12:25:37 Image size of job updated: 11098804
	9643  -  MemoryUsage of job (MB)
	9873864  -  ResidentSetSize of job (KB)
...
006 (13901883.003.000) 2021-01-07 12:25:37 Image size of job updated: 8225656
	6555  -  MemoryUsage of job (MB)
	6711568  -  ResidentSetSize of job (KB)
...
006 (13901883.024.000) 2021-01-07 12:25:37 Image size of job updated: 10366300
	9527  -  MemoryUsage of job (MB)
	9755232  -  ResidentSetSize of job (KB)
...
006 (13901883.023.000) 2021-01-07 12:25:38 Image size of job updated: 6548836
	5872  -  MemoryUsage of job (MB)
	6012604  -  ResidentSetSize of job (KB)
...
006 (13901883.012.000) 2021-01-07 12:25:38 Image size of job updated: 10546804
	10295  -  MemoryUsage of job (MB)
	10541084  -  ResidentSetSize of job (KB)
...
006 (13901883.008.000) 2021-01-07 12:25:38 Image size of job updated: 9048724
	8837  -  MemoryUsage of job (MB)
	9048724  -  ResidentSetSize of job (KB)
...
006 (13901883.022.000) 2021-01-07 12:25:39 Image size of job updated: 10887924
	10588  -  MemoryUsage of job (MB)
	10841328  -  ResidentSetSize of job (KB)
...
006 (13901883.010.000) 2021-01-07 12:25:39 Image size of job updated: 11393400
	9812  -  MemoryUsage of job (MB)
	10046740  -  ResidentSetSize of job (KB)
...
005 (13901883.010.000) 2021-01-07 12:25:39 Job terminated.
	(1) Normal termination (return value 0)
		Usr 0 00:04:03, Sys 0 00:00:16  -  Run Remote Usage
		Usr 0 00:00:00, Sys 0 00:00:00  -  Run Local Usage
		Usr 0 00:04:03, Sys 0 00:00:16  -  Total Remote Usage
		Usr 0 00:00:00, Sys 0 00:00:00  -  Total Local Usage
	0  -  Run Bytes Sent By Job
	0  -  Run Bytes Received By Job
	0  -  Total Bytes Sent By Job
	0  -  Total Bytes Received By Job
	Partitionable Resources :    Usage  Request Allocated 
	   Cpus                 :     0.86        1         1 
	   Disk (KB)            :     1     3584000   3958079 
	   Memory (MB)          :  9812        4096      4096 

	Job terminated of its own accord at 2021-01-07T11:25:39Z.
...
006 (13901883.011.000) 2021-01-07 12:25:39 Image size of job updated: 12851052
	9648  -  MemoryUsage of job (MB)
	9879008  -  ResidentSetSize of job (KB)
...
005 (13901883.011.000) 2021-01-07 12:25:39 Job terminated.
	(1) Normal termination (return value 0)
		Usr 0 00:04:02, Sys 0 00:00:19  -  Run Remote Usage
		Usr 0 00:00:00, Sys 0 00:00:00  -  Run Local Usage
		Usr 0 00:04:02, Sys 0 00:00:19  -  Total Remote Usage
		Usr 0 00:00:00, Sys 0 00:00:00  -  Total Local Usage
	0  -  Run Bytes Sent By Job
	0  -  Run Bytes Received By Job
	0  -  Total Bytes Sent By Job
	0  -  Total Bytes Received By Job
	Partitionable Resources :    Usage  Request Allocated 
	   Cpus                 :     0.87        1         1 
	   Disk (KB)            :     1     3584000   3958832 
	   Memory (MB)          :  9648        4096      4096 

	Job terminated of its own accord at 2021-01-07T11:25:39Z.
...
006 (13901883.004.000) 2021-01-07 12:25:45 Image size of job updated: 11346232
	9323  -  MemoryUsage of job (MB)
	9546648  -  ResidentSetSize of job (KB)
...
005 (13901883.004.000) 2021-01-07 12:25:45 Job terminated.
	(1) Normal termination (return value 0)
		Usr 0 00:04:00, Sys 0 00:00:22  -  Run Remote Usage
		Usr 0 00:00:00, Sys 0 00:00:00  -  Run Local Usage
		Usr 0 00:04:00, Sys 0 00:00:22  -  Total Remote Usage
		Usr 0 00:00:00, Sys 0 00:00:00  -  Total Local Usage
	0  -  Run Bytes Sent By Job
	0  -  Run Bytes Received By Job
	0  -  Total Bytes Sent By Job
	0  -  Total Bytes Received By Job
	Partitionable Resources :    Usage  Request Allocated 
	   Cpus                 :     0.91        1         1 
	   Disk (KB)            :     1     3584000   4544386 
	   Memory (MB)          :  9323        4096      4096 

	Job terminated of its own accord at 2021-01-07T11:25:45Z.
...
006 (13901883.019.000) 2021-01-07 12:25:48 Image size of job updated: 11276060
	9643  -  MemoryUsage of job (MB)
	9873880  -  ResidentSetSize of job (KB)
...
006 (13901883.000.000) 2021-01-07 12:25:48 Image size of job updated: 11294564
	9847  -  MemoryUsage of job (MB)
	10083052  -  ResidentSetSize of job (KB)
...
005 (13901883.000.000) 2021-01-07 12:25:48 Job terminated.
	(1) Normal termination (return value 0)
		Usr 0 00:04:09, Sys 0 00:00:18  -  Run Remote Usage
		Usr 0 00:00:00, Sys 0 00:00:00  -  Run Local Usage
		Usr 0 00:04:09, Sys 0 00:00:18  -  Total Remote Usage
		Usr 0 00:00:00, Sys 0 00:00:00  -  Total Local Usage
	0  -  Run Bytes Sent By Job
	0  -  Run Bytes Received By Job
	0  -  Total Bytes Sent By Job
	0  -  Total Bytes Received By Job
	Partitionable Resources :    Usage  Request Allocated 
	   Cpus                 :     0.86        1         1 
	   Disk (KB)            :     1     3584000   3957230 
	   Memory (MB)          :  9847        4096      4096 

	Job terminated of its own accord at 2021-01-07T11:25:48Z.
...
005 (13901883.019.000) 2021-01-07 12:25:48 Job terminated.
	(1) Normal termination (return value 0)
		Usr 0 00:04:03, Sys 0 00:00:19  -  Run Remote Usage
		Usr 0 00:00:00, Sys 0 00:00:00  -  Run Local Usage
		Usr 0 00:04:03, Sys 0 00:00:19  -  Total Remote Usage
		Usr 0 00:00:00, Sys 0 00:00:00  -  Total Local Usage
	0  -  Run Bytes Sent By Job
	0  -  Run Bytes Received By Job
	0  -  Total Bytes Sent By Job
	0  -  Total Bytes Received By Job
	Partitionable Resources :    Usage  Request Allocated 
	   Cpus                 :     0.87        1         1 
	   Disk (KB)            :     1     3584000   3957230 
	   Memory (MB)          :  9643        4096      4096 

	Job terminated of its own accord at 2021-01-07T11:25:47Z.
...
006 (13901883.002.000) 2021-01-07 12:25:49 Image size of job updated: 11343884
	9408  -  MemoryUsage of job (MB)
	9632924  -  ResidentSetSize of job (KB)
...
005 (13901883.002.000) 2021-01-07 12:25:49 Job terminated.
	(1) Normal termination (return value 0)
		Usr 0 00:04:05, Sys 0 00:00:20  -  Run Remote Usage
		Usr 0 00:00:00, Sys 0 00:00:00  -  Run Local Usage
		Usr 0 00:04:05, Sys 0 00:00:20  -  Total Remote Usage
		Usr 0 00:00:00, Sys 0 00:00:00  -  Total Local Usage
	0  -  Run Bytes Sent By Job
	0  -  Run Bytes Received By Job
	0  -  Total Bytes Sent By Job
	0  -  Total Bytes Received By Job
	Partitionable Resources :    Usage  Request Allocated 
	   Cpus                 :     0.81        1         1 
	   Disk (KB)            :     1     3584000   3955893 
	   Memory (MB)          :  9408        4096      4096 

	Job terminated of its own accord at 2021-01-07T11:25:49Z.
...
006 (13901883.020.000) 2021-01-07 12:25:53 Image size of job updated: 11318928
	9361  -  MemoryUsage of job (MB)
	9585448  -  ResidentSetSize of job (KB)
...
005 (13901883.020.000) 2021-01-07 12:25:53 Job terminated.
	(1) Normal termination (return value 0)
		Usr 0 00:04:06, Sys 0 00:00:19  -  Run Remote Usage
		Usr 0 00:00:00, Sys 0 00:00:00  -  Run Local Usage
		Usr 0 00:04:06, Sys 0 00:00:19  -  Total Remote Usage
		Usr 0 00:00:00, Sys 0 00:00:00  -  Total Local Usage
	0  -  Run Bytes Sent By Job
	0  -  Run Bytes Received By Job
	0  -  Total Bytes Sent By Job
	0  -  Total Bytes Received By Job
	Partitionable Resources :    Usage  Request Allocated 
	   Cpus                 :     0.88        1         1 
	   Disk (KB)            :     1     3584000   3955893 
	   Memory (MB)          :  9361        4096      4096 

	Job terminated of its own accord at 2021-01-07T11:25:53Z.
...
006 (13901883.018.000) 2021-01-07 12:25:54 Image size of job updated: 12862148
	9986  -  MemoryUsage of job (MB)
	10224876  -  ResidentSetSize of job (KB)
...
005 (13901883.018.000) 2021-01-07 12:25:54 Job terminated.
	(1) Normal termination (return value 0)
		Usr 0 00:04:10, Sys 0 00:00:21  -  Run Remote Usage
		Usr 0 00:00:00, Sys 0 00:00:00  -  Run Local Usage
		Usr 0 00:04:10, Sys 0 00:00:21  -  Total Remote Usage
		Usr 0 00:00:00, Sys 0 00:00:00  -  Total Local Usage
	0  -  Run Bytes Sent By Job
	0  -  Run Bytes Received By Job
	0  -  Total Bytes Sent By Job
	0  -  Total Bytes Received By Job
	Partitionable Resources :    Usage  Request Allocated 
	   Cpus                 :     0.79        1         1 
	   Disk (KB)            :     1     3584000   3955047 
	   Memory (MB)          :  9986        4096      4096 

	Job terminated of its own accord at 2021-01-07T11:25:54Z.
...
006 (13901883.006.000) 2021-01-07 12:25:57 Image size of job updated: 10652296
	9309  -  MemoryUsage of job (MB)
	9531460  -  ResidentSetSize of job (KB)
...
005 (13901883.006.000) 2021-01-07 12:25:57 Job terminated.
	(1) Normal termination (return value 0)
		Usr 0 00:04:10, Sys 0 00:00:21  -  Run Remote Usage
		Usr 0 00:00:00, Sys 0 00:00:00  -  Run Local Usage
		Usr 0 00:04:10, Sys 0 00:00:21  -  Total Remote Usage
		Usr 0 00:00:00, Sys 0 00:00:00  -  Total Local Usage
	0  -  Run Bytes Sent By Job
	0  -  Run Bytes Received By Job
	0  -  Total Bytes Sent By Job
	0  -  Total Bytes Received By Job
	Partitionable Resources :    Usage  Request Allocated 
	   Cpus                 :     0.65        1         1 
	   Disk (KB)            :     1     3584000   4541935 
	   Memory (MB)          :  9309        4096      4096 

	Job terminated of its own accord at 2021-01-07T11:25:57Z.
...
006 (13901883.017.000) 2021-01-07 12:25:57 Image size of job updated: 11315028
	9153  -  MemoryUsage of job (MB)
	9371720  -  ResidentSetSize of job (KB)
...
005 (13901883.017.000) 2021-01-07 12:25:57 Job terminated.
	(1) Normal termination (return value 0)
		Usr 0 00:04:08, Sys 0 00:00:20  -  Run Remote Usage
		Usr 0 00:00:00, Sys 0 00:00:00  -  Run Local Usage
		Usr 0 00:04:08, Sys 0 00:00:20  -  Total Remote Usage
		Usr 0 00:00:00, Sys 0 00:00:00  -  Total Local Usage
	0  -  Run Bytes Sent By Job
	0  -  Run Bytes Received By Job
	0  -  Total Bytes Sent By Job
	0  -  Total Bytes Received By Job
	Partitionable Resources :    Usage  Request Allocated 
	   Cpus                 :     0.81        1         1 
	   Disk (KB)            :     1     3584000   4544569 
	   Memory (MB)          :  9153        4096      4096 

	Job terminated of its own accord at 2021-01-07T11:25:57Z.
...
006 (13901883.012.000) 2021-01-07 12:26:05 Image size of job updated: 11424932
	10295  -  MemoryUsage of job (MB)
	10541192  -  ResidentSetSize of job (KB)
...
005 (13901883.012.000) 2021-01-07 12:26:05 Job terminated.
	(1) Normal termination (return value 0)
		Usr 0 00:04:25, Sys 0 00:00:25  -  Run Remote Usage
		Usr 0 00:00:00, Sys 0 00:00:00  -  Run Local Usage
		Usr 0 00:04:25, Sys 0 00:00:25  -  Total Remote Usage
		Usr 0 00:00:00, Sys 0 00:00:00  -  Total Local Usage
	0  -  Run Bytes Sent By Job
	0  -  Run Bytes Received By Job
	0  -  Total Bytes Sent By Job
	0  -  Total Bytes Received By Job
	Partitionable Resources :    Usage  Request Allocated 
	   Cpus                 :     0.82        1         1 
	   Disk (KB)            :     1     3584000   4421070 
	   Memory (MB)          : 10295        4096      4096 

	Job terminated of its own accord at 2021-01-07T11:26:05Z.
...
006 (13901883.021.000) 2021-01-07 12:26:17 Image size of job updated: 12839900
	8691  -  MemoryUsage of job (MB)
	8898956  -  ResidentSetSize of job (KB)
...
006 (13901883.007.000) 2021-01-07 12:26:17 Image size of job updated: 12939920
	8828  -  MemoryUsage of job (MB)
	9039636  -  ResidentSetSize of job (KB)
...
005 (13901883.021.000) 2021-01-07 12:26:17 Job terminated.
	(1) Normal termination (return value 0)
		Usr 0 00:04:07, Sys 0 00:00:22  -  Run Remote Usage
		Usr 0 00:00:00, Sys 0 00:00:00  -  Run Local Usage
		Usr 0 00:04:07, Sys 0 00:00:22  -  Total Remote Usage
		Usr 0 00:00:00, Sys 0 00:00:00  -  Total Local Usage
	0  -  Run Bytes Sent By Job
	0  -  Run Bytes Received By Job
	0  -  Total Bytes Sent By Job
	0  -  Total Bytes Received By Job
	Partitionable Resources :    Usage  Request Allocated 
	   Cpus                 :     0.85        1         1 
	   Disk (KB)            :     1     3584000   4544872 
	   Memory (MB)          :  8691        4096      4096 

	Job terminated of its own accord at 2021-01-07T11:26:16Z.
...
005 (13901883.007.000) 2021-01-07 12:26:17 Job terminated.
	(1) Normal termination (return value 0)
		Usr 0 00:04:05, Sys 0 00:00:20  -  Run Remote Usage
		Usr 0 00:00:00, Sys 0 00:00:00  -  Run Local Usage
		Usr 0 00:04:05, Sys 0 00:00:20  -  Total Remote Usage
		Usr 0 00:00:00, Sys 0 00:00:00  -  Total Local Usage
	0  -  Run Bytes Sent By Job
	0  -  Run Bytes Received By Job
	0  -  Total Bytes Sent By Job
	0  -  Total Bytes Received By Job
	Partitionable Resources :    Usage  Request Allocated 
	   Cpus                 :     0.84        1         1 
	   Disk (KB)            :     1     3584000   4544872 
	   Memory (MB)          :  8828        4096      4096 

	Job terminated of its own accord at 2021-01-07T11:26:17Z.
...
006 (13901883.022.000) 2021-01-07 12:26:44 Image size of job updated: 10887924
	10588  -  MemoryUsage of job (MB)
	10841332  -  ResidentSetSize of job (KB)
...
005 (13901883.022.000) 2021-01-07 12:26:44 Job terminated.
	(1) Normal termination (return value 0)
		Usr 0 00:04:11, Sys 0 00:00:18  -  Run Remote Usage
		Usr 0 00:00:00, Sys 0 00:00:00  -  Run Local Usage
		Usr 0 00:04:11, Sys 0 00:00:18  -  Total Remote Usage
		Usr 0 00:00:00, Sys 0 00:00:00  -  Total Local Usage
	0  -  Run Bytes Sent By Job
	0  -  Run Bytes Received By Job
	0  -  Total Bytes Sent By Job
	0  -  Total Bytes Received By Job
	Partitionable Resources :    Usage  Request Allocated 
	   Cpus                 :     0.07        1         1 
	   Disk (KB)            :     1     3584000   4778730 
	   Memory (MB)          : 10588        4096      4096 

	Job terminated of its own accord at 2021-01-07T11:26:44Z.
...
006 (13901883.008.000) 2021-01-07 12:27:25 Image size of job updated: 11355672
	8837  -  MemoryUsage of job (MB)
	9048724  -  ResidentSetSize of job (KB)
...
005 (13901883.008.000) 2021-01-07 12:27:25 Job terminated.
	(1) Normal termination (return value 0)
		Usr 0 00:04:01, Sys 0 00:00:20  -  Run Remote Usage
		Usr 0 00:00:00, Sys 0 00:00:00  -  Run Local Usage
		Usr 0 00:04:01, Sys 0 00:00:20  -  Total Remote Usage
		Usr 0 00:00:00, Sys 0 00:00:00  -  Total Local Usage
	0  -  Run Bytes Sent By Job
	0  -  Run Bytes Received By Job
	0  -  Total Bytes Sent By Job
	0  -  Total Bytes Received By Job
	Partitionable Resources :    Usage  Request Allocated 
	   Cpus                 :     0.65        1         1 
	   Disk (KB)            :     1     3584000   4440988 
	   Memory (MB)          :  8837        4096      4096 

	Job terminated of its own accord at 2021-01-07T11:27:25Z.
...
006 (13901883.009.000) 2021-01-07 12:28:12 Image size of job updated: 7787892
	6783  -  MemoryUsage of job (MB)
	6944880  -  ResidentSetSize of job (KB)
...
005 (13901883.009.000) 2021-01-07 12:28:12 Job terminated.
	(1) Normal termination (return value 0)
		Usr 0 00:04:15, Sys 0 00:00:19  -  Run Remote Usage
		Usr 0 00:00:00, Sys 0 00:00:00  -  Run Local Usage
		Usr 0 00:04:15, Sys 0 00:00:19  -  Total Remote Usage
		Usr 0 00:00:00, Sys 0 00:00:00  -  Total Local Usage
	0  -  Run Bytes Sent By Job
	0  -  Run Bytes Received By Job
	0  -  Total Bytes Sent By Job
	0  -  Total Bytes Received By Job
	Partitionable Resources :    Usage  Request Allocated 
	   Cpus                 :        0        1         1 
	   Disk (KB)            :        1  3584000   4787146 
	   Memory (MB)          :     6783     4096      4096 

	Job terminated of its own accord at 2021-01-07T11:28:12Z.
...
006 (13901883.023.000) 2021-01-07 12:28:12 Image size of job updated: 6548836
	5872  -  MemoryUsage of job (MB)
	6012624  -  ResidentSetSize of job (KB)
...
005 (13901883.023.000) 2021-01-07 12:28:12 Job terminated.
	(1) Normal termination (return value 0)
		Usr 0 00:04:09, Sys 0 00:00:21  -  Run Remote Usage
		Usr 0 00:00:00, Sys 0 00:00:00  -  Run Local Usage
		Usr 0 00:04:09, Sys 0 00:00:21  -  Total Remote Usage
		Usr 0 00:00:00, Sys 0 00:00:00  -  Total Local Usage
	0  -  Run Bytes Sent By Job
	0  -  Run Bytes Received By Job
	0  -  Total Bytes Sent By Job
	0  -  Total Bytes Received By Job
	Partitionable Resources :    Usage  Request Allocated 
	   Cpus                 :     0.05        1         1 
	   Disk (KB)            :     1     3584000   4784593 
	   Memory (MB)          :  5872        4096      4096 

	Job terminated of its own accord at 2021-01-07T11:28:12Z.
...
005 (13901883.005.000) 2021-01-07 12:28:37 Job terminated.
	(1) Normal termination (return value 0)
		Usr 0 00:04:13, Sys 0 00:00:25  -  Run Remote Usage
		Usr 0 00:00:00, Sys 0 00:00:00  -  Run Local Usage
		Usr 0 00:04:13, Sys 0 00:00:25  -  Total Remote Usage
		Usr 0 00:00:00, Sys 0 00:00:00  -  Total Local Usage
	0  -  Run Bytes Sent By Job
	0  -  Run Bytes Received By Job
	0  -  Total Bytes Sent By Job
	0  -  Total Bytes Received By Job
	Partitionable Resources :    Usage  Request Allocated 
	   Cpus                 :     0.01        1         1 
	   Disk (KB)            :     1     3584000   3834770 
	   Memory (MB)          :  6904        4096      4096 

	Job terminated of its own accord at 2021-01-07T11:28:37Z.
...
006 (13901883.003.000) 2021-01-07 12:28:51 Image size of job updated: 12853216
	6555  -  MemoryUsage of job (MB)
	6711568  -  ResidentSetSize of job (KB)
...
005 (13901883.003.000) 2021-01-07 12:28:51 Job terminated.
	(1) Normal termination (return value 0)
		Usr 0 00:04:05, Sys 0 00:00:21  -  Run Remote Usage
		Usr 0 00:00:00, Sys 0 00:00:00  -  Run Local Usage
		Usr 0 00:04:05, Sys 0 00:00:21  -  Total Remote Usage
		Usr 0 00:00:00, Sys 0 00:00:00  -  Total Local Usage
	0  -  Run Bytes Sent By Job
	0  -  Run Bytes Received By Job
	0  -  Total Bytes Sent By Job
	0  -  Total Bytes Received By Job
	Partitionable Resources :    Usage  Request Allocated 
	   Cpus                 :     0.03        1         1 
	   Disk (KB)            :     1     3584000   4323100 
	   Memory (MB)          :  6555        4096      4096 

	Job terminated of its own accord at 2021-01-07T11:28:51Z.
...
006 (13901883.024.000) 2021-01-07 12:29:01 Image size of job updated: 11288472
	9527  -  MemoryUsage of job (MB)
	9755232  -  ResidentSetSize of job (KB)
...
005 (13901883.024.000) 2021-01-07 12:29:01 Job terminated.
	(1) Normal termination (return value 0)
		Usr 0 00:04:14, Sys 0 00:00:19  -  Run Remote Usage
		Usr 0 00:00:00, Sys 0 00:00:00  -  Run Local Usage
		Usr 0 00:04:14, Sys 0 00:00:19  -  Total Remote Usage
		Usr 0 00:00:00, Sys 0 00:00:00  -  Total Local Usage
	0  -  Run Bytes Sent By Job
	0  -  Run Bytes Received By Job
	0  -  Total Bytes Sent By Job
	0  -  Total Bytes Received By Job
	Partitionable Resources :    Usage  Request Allocated 
	   Cpus                 :     0.80        1         1 
	   Disk (KB)            :     1     3584000   4784838 
	   Memory (MB)          :  9527        4096      4096 

	Job terminated of its own accord at 2021-01-07T11:29:01Z.
...
005 (13901883.015.000) 2021-01-07 12:29:31 Job terminated.
	(1) Normal termination (return value 0)
		Usr 0 00:04:07, Sys 0 00:00:21  -  Run Remote Usage
		Usr 0 00:00:00, Sys 0 00:00:00  -  Run Local Usage
		Usr 0 00:04:07, Sys 0 00:00:21  -  Total Remote Usage
		Usr 0 00:00:00, Sys 0 00:00:00  -  Total Local Usage
	0  -  Run Bytes Sent By Job
	0  -  Run Bytes Received By Job
	0  -  Total Bytes Sent By Job
	0  -  Total Bytes Received By Job
	Partitionable Resources :    Usage  Request Allocated 
	   Cpus                 :     0.71        1         1 
	   Disk (KB)            :     1     3584000   3842281 
	   Memory (MB)          :  6492        4096      4096 

	Job terminated of its own accord at 2021-01-07T11:29:31Z.
...
005 (13901883.014.000) 2021-01-07 12:30:26 Job terminated.
	(1) Normal termination (return value 0)
		Usr 0 00:04:06, Sys 0 00:00:26  -  Run Remote Usage
		Usr 0 00:00:00, Sys 0 00:00:00  -  Run Local Usage
		Usr 0 00:04:06, Sys 0 00:00:26  -  Total Remote Usage
		Usr 0 00:00:00, Sys 0 00:00:00  -  Total Local Usage
	0  -  Run Bytes Sent By Job
	0  -  Run Bytes Received By Job
	0  -  Total Bytes Sent By Job
	0  -  Total Bytes Received By Job
	Partitionable Resources :    Usage  Request Allocated 
	   Cpus                 :     0.02        1         1 
	   Disk (KB)            :     1     3584000   4296551 
	   Memory (MB)          :  4119        4096      4096 

	Job terminated of its own accord at 2021-01-07T11:30:26Z.
...
