000 (13901912.000.000) 2021-01-07 12:19:50 Job submitted from host: <131.169.223.42:9618?addrs=131.169.223.42-9618+[2001-638-700-10df--1-2a]-9618&alias=bird-htc-sched14.desy.de&noUDP&sock=schedd_1936_8371_3>
...
000 (13901912.001.000) 2021-01-07 12:19:50 Job submitted from host: <131.169.223.42:9618?addrs=131.169.223.42-9618+[2001-638-700-10df--1-2a]-9618&alias=bird-htc-sched14.desy.de&noUDP&sock=schedd_1936_8371_3>
...
000 (13901912.002.000) 2021-01-07 12:19:50 Job submitted from host: <131.169.223.42:9618?addrs=131.169.223.42-9618+[2001-638-700-10df--1-2a]-9618&alias=bird-htc-sched14.desy.de&noUDP&sock=schedd_1936_8371_3>
...
000 (13901912.003.000) 2021-01-07 12:19:50 Job submitted from host: <131.169.223.42:9618?addrs=131.169.223.42-9618+[2001-638-700-10df--1-2a]-9618&alias=bird-htc-sched14.desy.de&noUDP&sock=schedd_1936_8371_3>
...
000 (13901912.004.000) 2021-01-07 12:19:50 Job submitted from host: <131.169.223.42:9618?addrs=131.169.223.42-9618+[2001-638-700-10df--1-2a]-9618&alias=bird-htc-sched14.desy.de&noUDP&sock=schedd_1936_8371_3>
...
000 (13901912.005.000) 2021-01-07 12:19:50 Job submitted from host: <131.169.223.42:9618?addrs=131.169.223.42-9618+[2001-638-700-10df--1-2a]-9618&alias=bird-htc-sched14.desy.de&noUDP&sock=schedd_1936_8371_3>
...
000 (13901912.006.000) 2021-01-07 12:19:50 Job submitted from host: <131.169.223.42:9618?addrs=131.169.223.42-9618+[2001-638-700-10df--1-2a]-9618&alias=bird-htc-sched14.desy.de&noUDP&sock=schedd_1936_8371_3>
...
000 (13901912.007.000) 2021-01-07 12:19:50 Job submitted from host: <131.169.223.42:9618?addrs=131.169.223.42-9618+[2001-638-700-10df--1-2a]-9618&alias=bird-htc-sched14.desy.de&noUDP&sock=schedd_1936_8371_3>
...
000 (13901912.008.000) 2021-01-07 12:19:50 Job submitted from host: <131.169.223.42:9618?addrs=131.169.223.42-9618+[2001-638-700-10df--1-2a]-9618&alias=bird-htc-sched14.desy.de&noUDP&sock=schedd_1936_8371_3>
...
000 (13901912.009.000) 2021-01-07 12:19:50 Job submitted from host: <131.169.223.42:9618?addrs=131.169.223.42-9618+[2001-638-700-10df--1-2a]-9618&alias=bird-htc-sched14.desy.de&noUDP&sock=schedd_1936_8371_3>
...
000 (13901912.010.000) 2021-01-07 12:19:50 Job submitted from host: <131.169.223.42:9618?addrs=131.169.223.42-9618+[2001-638-700-10df--1-2a]-9618&alias=bird-htc-sched14.desy.de&noUDP&sock=schedd_1936_8371_3>
...
000 (13901912.011.000) 2021-01-07 12:19:50 Job submitted from host: <131.169.223.42:9618?addrs=131.169.223.42-9618+[2001-638-700-10df--1-2a]-9618&alias=bird-htc-sched14.desy.de&noUDP&sock=schedd_1936_8371_3>
...
000 (13901912.012.000) 2021-01-07 12:19:50 Job submitted from host: <131.169.223.42:9618?addrs=131.169.223.42-9618+[2001-638-700-10df--1-2a]-9618&alias=bird-htc-sched14.desy.de&noUDP&sock=schedd_1936_8371_3>
...
000 (13901912.013.000) 2021-01-07 12:19:50 Job submitted from host: <131.169.223.42:9618?addrs=131.169.223.42-9618+[2001-638-700-10df--1-2a]-9618&alias=bird-htc-sched14.desy.de&noUDP&sock=schedd_1936_8371_3>
...
000 (13901912.014.000) 2021-01-07 12:19:50 Job submitted from host: <131.169.223.42:9618?addrs=131.169.223.42-9618+[2001-638-700-10df--1-2a]-9618&alias=bird-htc-sched14.desy.de&noUDP&sock=schedd_1936_8371_3>
...
000 (13901912.015.000) 2021-01-07 12:19:50 Job submitted from host: <131.169.223.42:9618?addrs=131.169.223.42-9618+[2001-638-700-10df--1-2a]-9618&alias=bird-htc-sched14.desy.de&noUDP&sock=schedd_1936_8371_3>
...
000 (13901912.016.000) 2021-01-07 12:19:50 Job submitted from host: <131.169.223.42:9618?addrs=131.169.223.42-9618+[2001-638-700-10df--1-2a]-9618&alias=bird-htc-sched14.desy.de&noUDP&sock=schedd_1936_8371_3>
...
000 (13901912.017.000) 2021-01-07 12:19:50 Job submitted from host: <131.169.223.42:9618?addrs=131.169.223.42-9618+[2001-638-700-10df--1-2a]-9618&alias=bird-htc-sched14.desy.de&noUDP&sock=schedd_1936_8371_3>
...
000 (13901912.018.000) 2021-01-07 12:19:50 Job submitted from host: <131.169.223.42:9618?addrs=131.169.223.42-9618+[2001-638-700-10df--1-2a]-9618&alias=bird-htc-sched14.desy.de&noUDP&sock=schedd_1936_8371_3>
...
000 (13901912.019.000) 2021-01-07 12:19:50 Job submitted from host: <131.169.223.42:9618?addrs=131.169.223.42-9618+[2001-638-700-10df--1-2a]-9618&alias=bird-htc-sched14.desy.de&noUDP&sock=schedd_1936_8371_3>
...
000 (13901912.020.000) 2021-01-07 12:19:50 Job submitted from host: <131.169.223.42:9618?addrs=131.169.223.42-9618+[2001-638-700-10df--1-2a]-9618&alias=bird-htc-sched14.desy.de&noUDP&sock=schedd_1936_8371_3>
...
000 (13901912.021.000) 2021-01-07 12:19:50 Job submitted from host: <131.169.223.42:9618?addrs=131.169.223.42-9618+[2001-638-700-10df--1-2a]-9618&alias=bird-htc-sched14.desy.de&noUDP&sock=schedd_1936_8371_3>
...
000 (13901912.022.000) 2021-01-07 12:19:50 Job submitted from host: <131.169.223.42:9618?addrs=131.169.223.42-9618+[2001-638-700-10df--1-2a]-9618&alias=bird-htc-sched14.desy.de&noUDP&sock=schedd_1936_8371_3>
...
000 (13901912.023.000) 2021-01-07 12:19:50 Job submitted from host: <131.169.223.42:9618?addrs=131.169.223.42-9618+[2001-638-700-10df--1-2a]-9618&alias=bird-htc-sched14.desy.de&noUDP&sock=schedd_1936_8371_3>
...
000 (13901912.024.000) 2021-01-07 12:19:50 Job submitted from host: <131.169.223.42:9618?addrs=131.169.223.42-9618+[2001-638-700-10df--1-2a]-9618&alias=bird-htc-sched14.desy.de&noUDP&sock=schedd_1936_8371_3>
...
001 (13901912.000.000) 2021-01-07 12:22:14 Job executing on host: <131.169.160.152:32790?addrs=131.169.160.152-32790&alias=batch1052.desy.de>
...
006 (13901912.000.000) 2021-01-07 12:22:23 Image size of job updated: 290484
	261  -  MemoryUsage of job (MB)
	266656  -  ResidentSetSize of job (KB)
...
001 (13901912.001.000) 2021-01-07 12:22:25 Job executing on host: <131.169.164.16:41732?addrs=131.169.164.16-41732&alias=bird816.desy.de>
...
006 (13901912.001.000) 2021-01-07 12:22:34 Image size of job updated: 279216
	203  -  MemoryUsage of job (MB)
	207244  -  ResidentSetSize of job (KB)
...
001 (13901912.005.000) 2021-01-07 12:22:44 Job executing on host: <131.169.160.189:35107?addrs=131.169.160.189-35107&alias=batch1183.desy.de>
...
001 (13901912.008.000) 2021-01-07 12:22:45 Job executing on host: <131.169.160.189:35107?addrs=131.169.160.189-35107&alias=batch1183.desy.de>
...
001 (13901912.002.000) 2021-01-07 12:22:49 Job executing on host: <131.169.164.21:40060?addrs=131.169.164.21-40060&alias=bird821.desy.de>
...
001 (13901912.009.000) 2021-01-07 12:22:50 Job executing on host: <131.169.77.217:45599?addrs=131.169.77.217-45599&alias=bird771.desy.de>
...
001 (13901912.006.000) 2021-01-07 12:22:50 Job executing on host: <131.169.77.168:44955?addrs=131.169.77.168-44955&alias=bird648.desy.de>
...
001 (13901912.014.000) 2021-01-07 12:22:50 Job executing on host: <131.169.163.124:38040?addrs=131.169.163.124-38040&alias=bird685.desy.de>
...
001 (13901912.015.000) 2021-01-07 12:22:50 Job executing on host: <131.169.163.125:45874?addrs=131.169.163.125-45874&alias=bird686.desy.de>
...
001 (13901912.021.000) 2021-01-07 12:22:50 Job executing on host: <131.169.164.54:42626?addrs=131.169.164.54-42626>
...
001 (13901912.016.000) 2021-01-07 12:22:50 Job executing on host: <131.169.163.134:45533?addrs=131.169.163.134-45533&alias=bird695.desy.de>
...
001 (13901912.017.000) 2021-01-07 12:22:50 Job executing on host: <131.169.77.214:33629?addrs=131.169.77.214-33629&alias=bird768.desy.de>
...
001 (13901912.023.000) 2021-01-07 12:22:50 Job executing on host: <131.169.160.173:34932?addrs=131.169.160.173-34932&alias=batch1175.desy.de>
...
001 (13901912.022.000) 2021-01-07 12:22:50 Job executing on host: <131.169.160.180:44202?addrs=131.169.160.180-44202&alias=batch1182.desy.de>
...
001 (13901912.024.000) 2021-01-07 12:22:50 Job executing on host: <131.169.160.163:41671?addrs=131.169.160.163-41671&alias=batch1063.desy.de>
...
001 (13901912.004.000) 2021-01-07 12:22:51 Job executing on host: <131.169.77.122:43251?addrs=131.169.77.122-43251&alias=bird060.desy.de>
...
001 (13901912.003.000) 2021-01-07 12:22:51 Job executing on host: <131.169.77.177:32935?addrs=131.169.77.177-32935&alias=bird657.desy.de>
...
001 (13901912.007.000) 2021-01-07 12:22:51 Job executing on host: <131.169.163.105:36360?addrs=131.169.163.105-36360&alias=bird666.desy.de>
...
001 (13901912.010.000) 2021-01-07 12:22:51 Job executing on host: <131.169.77.207:44457?addrs=131.169.77.207-44457&alias=bird761.desy.de>
...
001 (13901912.012.000) 2021-01-07 12:22:51 Job executing on host: <131.169.164.17:38585?addrs=131.169.164.17-38585&alias=bird817.desy.de>
...
001 (13901912.013.000) 2021-01-07 12:22:51 Job executing on host: <131.169.164.34:39230?addrs=131.169.164.34-39230&alias=bird834.desy.de>
...
001 (13901912.011.000) 2021-01-07 12:22:51 Job executing on host: <131.169.77.162:41459?addrs=131.169.77.162-41459&alias=bird642.desy.de>
...
001 (13901912.018.000) 2021-01-07 12:22:51 Job executing on host: <131.169.163.122:43822?addrs=131.169.163.122-43822&alias=bird683.desy.de>
...
001 (13901912.019.000) 2021-01-07 12:22:51 Job executing on host: <131.169.77.164:38118?addrs=131.169.77.164-38118&alias=bird644.desy.de>
...
001 (13901912.020.000) 2021-01-07 12:22:51 Job executing on host: <131.169.164.23:45183?addrs=131.169.164.23-45183&alias=bird823.desy.de>
...
006 (13901912.008.000) 2021-01-07 12:22:53 Image size of job updated: 577676
	541  -  MemoryUsage of job (MB)
	553924  -  ResidentSetSize of job (KB)
...
006 (13901912.005.000) 2021-01-07 12:22:53 Image size of job updated: 682904
	610  -  MemoryUsage of job (MB)
	624124  -  ResidentSetSize of job (KB)
...
006 (13901912.002.000) 2021-01-07 12:22:58 Image size of job updated: 371652
	314  -  MemoryUsage of job (MB)
	320748  -  ResidentSetSize of job (KB)
...
006 (13901912.009.000) 2021-01-07 12:22:58 Image size of job updated: 386204
	321  -  MemoryUsage of job (MB)
	328032  -  ResidentSetSize of job (KB)
...
006 (13901912.006.000) 2021-01-07 12:22:58 Image size of job updated: 439200
	349  -  MemoryUsage of job (MB)
	356780  -  ResidentSetSize of job (KB)
...
006 (13901912.014.000) 2021-01-07 12:22:58 Image size of job updated: 411232
	322  -  MemoryUsage of job (MB)
	329616  -  ResidentSetSize of job (KB)
...
006 (13901912.015.000) 2021-01-07 12:22:58 Image size of job updated: 354968
	266  -  MemoryUsage of job (MB)
	272344  -  ResidentSetSize of job (KB)
...
006 (13901912.021.000) 2021-01-07 12:22:58 Image size of job updated: 408668
	320  -  MemoryUsage of job (MB)
	326848  -  ResidentSetSize of job (KB)
...
006 (13901912.016.000) 2021-01-07 12:22:58 Image size of job updated: 419960
	331  -  MemoryUsage of job (MB)
	338240  -  ResidentSetSize of job (KB)
...
006 (13901912.017.000) 2021-01-07 12:22:58 Image size of job updated: 415872
	360  -  MemoryUsage of job (MB)
	368416  -  ResidentSetSize of job (KB)
...
006 (13901912.023.000) 2021-01-07 12:22:58 Image size of job updated: 610684
	517  -  MemoryUsage of job (MB)
	528696  -  ResidentSetSize of job (KB)
...
006 (13901912.022.000) 2021-01-07 12:22:58 Image size of job updated: 573596
	479  -  MemoryUsage of job (MB)
	490112  -  ResidentSetSize of job (KB)
...
006 (13901912.004.000) 2021-01-07 12:22:59 Image size of job updated: 92980
	54  -  MemoryUsage of job (MB)
	54756  -  ResidentSetSize of job (KB)
...
006 (13901912.003.000) 2021-01-07 12:22:59 Image size of job updated: 417084
	346  -  MemoryUsage of job (MB)
	353364  -  ResidentSetSize of job (KB)
...
006 (13901912.007.000) 2021-01-07 12:22:59 Image size of job updated: 400072
	308  -  MemoryUsage of job (MB)
	315376  -  ResidentSetSize of job (KB)
...
006 (13901912.010.000) 2021-01-07 12:22:59 Image size of job updated: 407444
	341  -  MemoryUsage of job (MB)
	348996  -  ResidentSetSize of job (KB)
...
006 (13901912.012.000) 2021-01-07 12:22:59 Image size of job updated: 393936
	303  -  MemoryUsage of job (MB)
	309416  -  ResidentSetSize of job (KB)
...
006 (13901912.013.000) 2021-01-07 12:22:59 Image size of job updated: 303460
	214  -  MemoryUsage of job (MB)
	218324  -  ResidentSetSize of job (KB)
...
006 (13901912.018.000) 2021-01-07 12:22:59 Image size of job updated: 409320
	343  -  MemoryUsage of job (MB)
	350668  -  ResidentSetSize of job (KB)
...
006 (13901912.019.000) 2021-01-07 12:22:59 Image size of job updated: 394824
	351  -  MemoryUsage of job (MB)
	358776  -  ResidentSetSize of job (KB)
...
006 (13901912.020.000) 2021-01-07 12:22:59 Image size of job updated: 354696
	306  -  MemoryUsage of job (MB)
	313064  -  ResidentSetSize of job (KB)
...
006 (13901912.011.000) 2021-01-07 12:22:59 Image size of job updated: 400956
	308  -  MemoryUsage of job (MB)
	314736  -  ResidentSetSize of job (KB)
...
006 (13901912.024.000) 2021-01-07 12:22:59 Image size of job updated: 242732
	213  -  MemoryUsage of job (MB)
	218020  -  ResidentSetSize of job (KB)
...
006 (13901912.008.000) 2021-01-07 12:26:04 Image size of job updated: 11109840
	541  -  MemoryUsage of job (MB)
	553956  -  ResidentSetSize of job (KB)
...
006 (13901912.005.000) 2021-01-07 12:26:04 Image size of job updated: 11070708
	610  -  MemoryUsage of job (MB)
	624148  -  ResidentSetSize of job (KB)
...
005 (13901912.005.000) 2021-01-07 12:26:04 Job terminated.
	(1) Normal termination (return value 0)
		Usr 0 00:02:46, Sys 0 00:00:10  -  Run Remote Usage
		Usr 0 00:00:00, Sys 0 00:00:00  -  Run Local Usage
		Usr 0 00:02:46, Sys 0 00:00:10  -  Total Remote Usage
		Usr 0 00:00:00, Sys 0 00:00:00  -  Total Local Usage
	0  -  Run Bytes Sent By Job
	0  -  Run Bytes Received By Job
	0  -  Total Bytes Sent By Job
	0  -  Total Bytes Received By Job
	Partitionable Resources :    Usage  Request Allocated 
	   Cpus                 :     0.87        1         1 
	   Disk (KB)            :     1     3584000   4466746 
	   Memory (MB)          :   610        4096      4096 

	Job terminated of its own accord at 2021-01-07T11:26:04Z.
...
005 (13901912.008.000) 2021-01-07 12:26:04 Job terminated.
	(1) Normal termination (return value 0)
		Usr 0 00:02:47, Sys 0 00:00:08  -  Run Remote Usage
		Usr 0 00:00:00, Sys 0 00:00:00  -  Run Local Usage
		Usr 0 00:02:47, Sys 0 00:00:08  -  Total Remote Usage
		Usr 0 00:00:00, Sys 0 00:00:00  -  Total Local Usage
	0  -  Run Bytes Sent By Job
	0  -  Run Bytes Received By Job
	0  -  Total Bytes Sent By Job
	0  -  Total Bytes Received By Job
	Partitionable Resources :    Usage  Request Allocated 
	   Cpus                 :     0.87        1         1 
	   Disk (KB)            :     1     3584000   4466746 
	   Memory (MB)          :   541        4096      4096 

	Job terminated of its own accord at 2021-01-07T11:26:04Z.
...
006 (13901912.023.000) 2021-01-07 12:26:23 Image size of job updated: 11159868
	517  -  MemoryUsage of job (MB)
	528744  -  ResidentSetSize of job (KB)
...
005 (13901912.023.000) 2021-01-07 12:26:23 Job terminated.
	(1) Normal termination (return value 0)
		Usr 0 00:02:46, Sys 0 00:00:09  -  Run Remote Usage
		Usr 0 00:00:00, Sys 0 00:00:00  -  Run Local Usage
		Usr 0 00:02:46, Sys 0 00:00:09  -  Total Remote Usage
		Usr 0 00:00:00, Sys 0 00:00:00  -  Total Local Usage
	0  -  Run Bytes Sent By Job
	0  -  Run Bytes Received By Job
	0  -  Total Bytes Sent By Job
	0  -  Total Bytes Received By Job
	Partitionable Resources :    Usage  Request Allocated 
	   Cpus                 :     0.85        1         1 
	   Disk (KB)            :     1     3584000   4466554 
	   Memory (MB)          :   517        4096      4096 

	Job terminated of its own accord at 2021-01-07T11:26:23Z.
...
006 (13901912.022.000) 2021-01-07 12:26:27 Image size of job updated: 11029840
	479  -  MemoryUsage of job (MB)
	490132  -  ResidentSetSize of job (KB)
...
005 (13901912.022.000) 2021-01-07 12:26:27 Job terminated.
	(1) Normal termination (return value 0)
		Usr 0 00:02:45, Sys 0 00:00:10  -  Run Remote Usage
		Usr 0 00:00:00, Sys 0 00:00:00  -  Run Local Usage
		Usr 0 00:02:45, Sys 0 00:00:10  -  Total Remote Usage
		Usr 0 00:00:00, Sys 0 00:00:00  -  Total Local Usage
	0  -  Run Bytes Sent By Job
	0  -  Run Bytes Received By Job
	0  -  Total Bytes Sent By Job
	0  -  Total Bytes Received By Job
	Partitionable Resources :    Usage  Request Allocated 
	   Cpus                 :     0.77        1         1 
	   Disk (KB)            :     1     3584000   4466788 
	   Memory (MB)          :   479        4096      4096 

	Job terminated of its own accord at 2021-01-07T11:26:27Z.
...
006 (13901912.001.000) 2021-01-07 12:27:24 Image size of job updated: 11113124
	203  -  MemoryUsage of job (MB)
	207260  -  ResidentSetSize of job (KB)
...
005 (13901912.001.000) 2021-01-07 12:27:24 Job terminated.
	(1) Normal termination (return value 0)
		Usr 0 00:04:02, Sys 0 00:00:22  -  Run Remote Usage
		Usr 0 00:00:00, Sys 0 00:00:00  -  Run Local Usage
		Usr 0 00:04:02, Sys 0 00:00:22  -  Total Remote Usage
		Usr 0 00:00:00, Sys 0 00:00:00  -  Total Local Usage
	0  -  Run Bytes Sent By Job
	0  -  Run Bytes Received By Job
	0  -  Total Bytes Sent By Job
	0  -  Total Bytes Received By Job
	Partitionable Resources :    Usage  Request Allocated 
	   Cpus                 :     0.91        1         1 
	   Disk (KB)            :     1     3584000   3997064 
	   Memory (MB)          :   203        4096      4096 

	Job terminated of its own accord at 2021-01-07T11:27:24Z.
...
006 (13901912.000.000) 2021-01-07 12:27:24 Image size of job updated: 8055392
	7867  -  MemoryUsage of job (MB)
	8055328  -  ResidentSetSize of job (KB)
...
006 (13901912.003.000) 2021-01-07 12:27:31 Image size of job updated: 417084
	346  -  MemoryUsage of job (MB)
	353472  -  ResidentSetSize of job (KB)
...
005 (13901912.003.000) 2021-01-07 12:27:31 Job terminated.
	(1) Normal termination (return value 0)
		Usr 0 00:03:55, Sys 0 00:00:17  -  Run Remote Usage
		Usr 0 00:00:00, Sys 0 00:00:00  -  Run Local Usage
		Usr 0 00:03:55, Sys 0 00:00:17  -  Total Remote Usage
		Usr 0 00:00:00, Sys 0 00:00:00  -  Total Local Usage
	0  -  Run Bytes Sent By Job
	0  -  Run Bytes Received By Job
	0  -  Total Bytes Sent By Job
	0  -  Total Bytes Received By Job
	Partitionable Resources :    Usage  Request Allocated 
	   Cpus                 :     0.91        1         1 
	   Disk (KB)            :     1     3584000   4787859 
	   Memory (MB)          :   346        4096      4096 

	Job terminated of its own accord at 2021-01-07T11:27:31Z.
...
006 (13901912.014.000) 2021-01-07 12:27:32 Image size of job updated: 11093788
	323  -  MemoryUsage of job (MB)
	330680  -  ResidentSetSize of job (KB)
...
005 (13901912.014.000) 2021-01-07 12:27:32 Job terminated.
	(1) Normal termination (return value 0)
		Usr 0 00:03:58, Sys 0 00:00:16  -  Run Remote Usage
		Usr 0 00:00:00, Sys 0 00:00:00  -  Run Local Usage
		Usr 0 00:03:58, Sys 0 00:00:16  -  Total Remote Usage
		Usr 0 00:00:00, Sys 0 00:00:00  -  Total Local Usage
	0  -  Run Bytes Sent By Job
	0  -  Run Bytes Received By Job
	0  -  Total Bytes Sent By Job
	0  -  Total Bytes Received By Job
	Partitionable Resources :    Usage  Request Allocated 
	   Cpus                 :     0.92        1         1 
	   Disk (KB)            :     1     3584000   3955248 
	   Memory (MB)          :   323        4096      4096 

	Job terminated of its own accord at 2021-01-07T11:27:32Z.
...
006 (13901912.024.000) 2021-01-07 12:27:34 Image size of job updated: 11155148
	213  -  MemoryUsage of job (MB)
	218064  -  ResidentSetSize of job (KB)
...
005 (13901912.024.000) 2021-01-07 12:27:34 Job terminated.
	(1) Normal termination (return value 0)
		Usr 0 00:03:46, Sys 0 00:00:13  -  Run Remote Usage
		Usr 0 00:00:00, Sys 0 00:00:00  -  Run Local Usage
		Usr 0 00:03:46, Sys 0 00:00:13  -  Total Remote Usage
		Usr 0 00:00:00, Sys 0 00:00:00  -  Total Local Usage
	0  -  Run Bytes Sent By Job
	0  -  Run Bytes Received By Job
	0  -  Total Bytes Sent By Job
	0  -  Total Bytes Received By Job
	Partitionable Resources :    Usage  Request Allocated 
	   Cpus                 :     0.89        1         1 
	   Disk (KB)            :     1     3584000   4827678 
	   Memory (MB)          :   213        4096      4096 

	Job terminated of its own accord at 2021-01-07T11:27:34Z.
...
006 (13901912.012.000) 2021-01-07 12:27:43 Image size of job updated: 569396
	303  -  MemoryUsage of job (MB)
	309416  -  ResidentSetSize of job (KB)
...
005 (13901912.012.000) 2021-01-07 12:27:43 Job terminated.
	(1) Normal termination (return value 0)
		Usr 0 00:04:02, Sys 0 00:00:18  -  Run Remote Usage
		Usr 0 00:00:00, Sys 0 00:00:00  -  Run Local Usage
		Usr 0 00:04:02, Sys 0 00:00:18  -  Total Remote Usage
		Usr 0 00:00:00, Sys 0 00:00:00  -  Total Local Usage
	0  -  Run Bytes Sent By Job
	0  -  Run Bytes Received By Job
	0  -  Total Bytes Sent By Job
	0  -  Total Bytes Received By Job
	Partitionable Resources :    Usage  Request Allocated 
	   Cpus                 :     0.91        1         1 
	   Disk (KB)            :     1     3584000   4545406 
	   Memory (MB)          :   303        4096      4096 

	Job terminated of its own accord at 2021-01-07T11:27:43Z.
...
006 (13901912.016.000) 2021-01-07 12:27:47 Image size of job updated: 11154520
	331  -  MemoryUsage of job (MB)
	338304  -  ResidentSetSize of job (KB)
...
005 (13901912.016.000) 2021-01-07 12:27:47 Job terminated.
	(1) Normal termination (return value 0)
		Usr 0 00:04:07, Sys 0 00:00:18  -  Run Remote Usage
		Usr 0 00:00:00, Sys 0 00:00:00  -  Run Local Usage
		Usr 0 00:04:07, Sys 0 00:00:18  -  Total Remote Usage
		Usr 0 00:00:00, Sys 0 00:00:00  -  Total Local Usage
	0  -  Run Bytes Sent By Job
	0  -  Run Bytes Received By Job
	0  -  Total Bytes Sent By Job
	0  -  Total Bytes Received By Job
	Partitionable Resources :    Usage  Request Allocated 
	   Cpus                 :     0.92        1         1 
	   Disk (KB)            :     1     3584000   3961272 
	   Memory (MB)          :   331        4096      4096 

	Job terminated of its own accord at 2021-01-07T11:27:47Z.
...
006 (13901912.020.000) 2021-01-07 12:27:51 Image size of job updated: 354696
	306  -  MemoryUsage of job (MB)
	313112  -  ResidentSetSize of job (KB)
...
005 (13901912.020.000) 2021-01-07 12:27:51 Job terminated.
	(1) Normal termination (return value 0)
		Usr 0 00:04:11, Sys 0 00:00:15  -  Run Remote Usage
		Usr 0 00:00:00, Sys 0 00:00:00  -  Run Local Usage
		Usr 0 00:04:11, Sys 0 00:00:15  -  Total Remote Usage
		Usr 0 00:00:00, Sys 0 00:00:00  -  Total Local Usage
	0  -  Run Bytes Sent By Job
	0  -  Run Bytes Received By Job
	0  -  Total Bytes Sent By Job
	0  -  Total Bytes Received By Job
	Partitionable Resources :    Usage  Request Allocated 
	   Cpus                 :     0.87        1         1 
	   Disk (KB)            :     1     3584000   3994110 
	   Memory (MB)          :   306        4096      4096 

	Job terminated of its own accord at 2021-01-07T11:27:51Z.
...
006 (13901912.007.000) 2021-01-07 12:27:52 Image size of job updated: 11141056
	309  -  MemoryUsage of job (MB)
	315452  -  ResidentSetSize of job (KB)
...
005 (13901912.007.000) 2021-01-07 12:27:52 Job terminated.
	(1) Normal termination (return value 0)
		Usr 0 00:04:07, Sys 0 00:00:16  -  Run Remote Usage
		Usr 0 00:00:00, Sys 0 00:00:00  -  Run Local Usage
		Usr 0 00:04:07, Sys 0 00:00:16  -  Total Remote Usage
		Usr 0 00:00:00, Sys 0 00:00:00  -  Total Local Usage
	0  -  Run Bytes Sent By Job
	0  -  Run Bytes Received By Job
	0  -  Total Bytes Sent By Job
	0  -  Total Bytes Received By Job
	Partitionable Resources :    Usage  Request Allocated 
	   Cpus                 :     0.92        1         1 
	   Disk (KB)            :     1     3584000   3959831 
	   Memory (MB)          :   309        4096      4096 

	Job terminated of its own accord at 2021-01-07T11:27:52Z.
...
006 (13901912.021.000) 2021-01-07 12:27:57 Image size of job updated: 11047748
	320  -  MemoryUsage of job (MB)
	326848  -  ResidentSetSize of job (KB)
...
005 (13901912.021.000) 2021-01-07 12:27:57 Job terminated.
	(1) Normal termination (return value 0)
		Usr 0 00:04:00, Sys 0 00:00:20  -  Run Remote Usage
		Usr 0 00:00:00, Sys 0 00:00:00  -  Run Local Usage
		Usr 0 00:04:00, Sys 0 00:00:20  -  Total Remote Usage
		Usr 0 00:00:00, Sys 0 00:00:00  -  Total Local Usage
	0  -  Run Bytes Sent By Job
	0  -  Run Bytes Received By Job
	0  -  Total Bytes Sent By Job
	0  -  Total Bytes Received By Job
	Partitionable Resources :    Usage  Request Allocated 
	   Cpus                 :     0.90        1         1 
	   Disk (KB)            :     1     3584000   4622350 
	   Memory (MB)          :   320        4096      4096 
...
006 (13901912.002.000) 2021-01-07 12:27:58 Image size of job updated: 10255848
	5718  -  MemoryUsage of job (MB)
	5854972  -  ResidentSetSize of job (KB)
...
006 (13901912.015.000) 2021-01-07 12:27:58 Image size of job updated: 5870372
	266  -  MemoryUsage of job (MB)
	272376  -  ResidentSetSize of job (KB)
...
006 (13901912.009.000) 2021-01-07 12:27:58 Image size of job updated: 11046512
	10699  -  MemoryUsage of job (MB)
	10955596  -  ResidentSetSize of job (KB)
...
005 (13901912.015.000) 2021-01-07 12:27:58 Job terminated.
	(1) Normal termination (return value 0)
		Usr 0 00:04:03, Sys 0 00:00:17  -  Run Remote Usage
		Usr 0 00:00:00, Sys 0 00:00:00  -  Run Local Usage
		Usr 0 00:04:03, Sys 0 00:00:17  -  Total Remote Usage
		Usr 0 00:00:00, Sys 0 00:00:00  -  Total Local Usage
	0  -  Run Bytes Sent By Job
	0  -  Run Bytes Received By Job
	0  -  Total Bytes Sent By Job
	0  -  Total Bytes Received By Job
	Partitionable Resources :    Usage  Request Allocated 
	   Cpus                 :     0.89        1         1 
	   Disk (KB)            :     1     3584000   3955591 
	   Memory (MB)          :   266        4096      4096 

	Job terminated of its own accord at 2021-01-07T11:27:58Z.
...
006 (13901912.006.000) 2021-01-07 12:27:58 Image size of job updated: 10098916
	8053  -  MemoryUsage of job (MB)
	8246180  -  ResidentSetSize of job (KB)
...
006 (13901912.017.000) 2021-01-07 12:27:58 Image size of job updated: 11126140
	9776  -  MemoryUsage of job (MB)
	10009980  -  ResidentSetSize of job (KB)
...
006 (13901912.004.000) 2021-01-07 12:27:59 Image size of job updated: 5736084
	4512  -  MemoryUsage of job (MB)
	4619864  -  ResidentSetSize of job (KB)
...
006 (13901912.010.000) 2021-01-07 12:27:59 Image size of job updated: 10229448
	6121  -  MemoryUsage of job (MB)
	6267176  -  ResidentSetSize of job (KB)
...
006 (13901912.013.000) 2021-01-07 12:27:59 Image size of job updated: 10889700
	3492  -  MemoryUsage of job (MB)
	3575304  -  ResidentSetSize of job (KB)
...
006 (13901912.018.000) 2021-01-07 12:27:59 Image size of job updated: 11053792
	7211  -  MemoryUsage of job (MB)
	7383864  -  ResidentSetSize of job (KB)
...
006 (13901912.011.000) 2021-01-07 12:27:59 Image size of job updated: 10962036
	8617  -  MemoryUsage of job (MB)
	8823668  -  ResidentSetSize of job (KB)
...
006 (13901912.019.000) 2021-01-07 12:28:01 Image size of job updated: 10137940
	7499  -  MemoryUsage of job (MB)
	7678880  -  ResidentSetSize of job (KB)
...
006 (13901912.018.000) 2021-01-07 12:28:05 Image size of job updated: 11172352
	7211  -  MemoryUsage of job (MB)
	7384024  -  ResidentSetSize of job (KB)
...
005 (13901912.018.000) 2021-01-07 12:28:05 Job terminated.
	(1) Normal termination (return value 0)
		Usr 0 00:04:12, Sys 0 00:00:17  -  Run Remote Usage
		Usr 0 00:00:00, Sys 0 00:00:00  -  Run Local Usage
		Usr 0 00:04:12, Sys 0 00:00:17  -  Total Remote Usage
		Usr 0 00:00:00, Sys 0 00:00:00  -  Total Local Usage
	0  -  Run Bytes Sent By Job
	0  -  Run Bytes Received By Job
	0  -  Total Bytes Sent By Job
	0  -  Total Bytes Received By Job
	Partitionable Resources :    Usage  Request Allocated 
	   Cpus                 :     0.91        1         1 
	   Disk (KB)            :     1     3584000   3954587 
	   Memory (MB)          :  7211        4096      4096 

	Job terminated of its own accord at 2021-01-07T11:28:05Z.
...
005 (13901912.013.000) 2021-01-07 12:28:10 Job terminated.
	(1) Normal termination (return value 0)
		Usr 0 00:04:15, Sys 0 00:00:20  -  Run Remote Usage
		Usr 0 00:00:00, Sys 0 00:00:00  -  Run Local Usage
		Usr 0 00:04:15, Sys 0 00:00:20  -  Total Remote Usage
		Usr 0 00:00:00, Sys 0 00:00:00  -  Total Local Usage
	0  -  Run Bytes Sent By Job
	0  -  Run Bytes Received By Job
	0  -  Total Bytes Sent By Job
	0  -  Total Bytes Received By Job
	Partitionable Resources :    Usage  Request Allocated 
	   Cpus                 :     0.84        1         1 
	   Disk (KB)            :     1     3584000   4183801 
	   Memory (MB)          :  3492        4096      4096 

	Job terminated of its own accord at 2021-01-07T11:28:10Z.
...
006 (13901912.009.000) 2021-01-07 12:28:11 Image size of job updated: 11055140
	10699  -  MemoryUsage of job (MB)
	10955608  -  ResidentSetSize of job (KB)
...
005 (13901912.009.000) 2021-01-07 12:28:11 Job terminated.
	(1) Normal termination (return value 0)
		Usr 0 00:03:57, Sys 0 00:00:18  -  Run Remote Usage
		Usr 0 00:00:00, Sys 0 00:00:00  -  Run Local Usage
		Usr 0 00:03:57, Sys 0 00:00:18  -  Total Remote Usage
		Usr 0 00:00:00, Sys 0 00:00:00  -  Total Local Usage
	0  -  Run Bytes Sent By Job
	0  -  Run Bytes Received By Job
	0  -  Total Bytes Sent By Job
	0  -  Total Bytes Received By Job
	Partitionable Resources :    Usage  Request Allocated 
	   Cpus                 :     0.79        1         1 
	   Disk (KB)            :     1     3584000   4784838 
	   Memory (MB)          : 10699        4096      4096 

	Job terminated of its own accord at 2021-01-07T11:28:11Z.
...
006 (13901912.017.000) 2021-01-07 12:28:19 Image size of job updated: 11126140
	9776  -  MemoryUsage of job (MB)
	10010012  -  ResidentSetSize of job (KB)
...
005 (13901912.017.000) 2021-01-07 12:28:19 Job terminated.
	(1) Normal termination (return value 0)
		Usr 0 00:04:05, Sys 0 00:00:20  -  Run Remote Usage
		Usr 0 00:00:00, Sys 0 00:00:00  -  Run Local Usage
		Usr 0 00:04:05, Sys 0 00:00:20  -  Total Remote Usage
		Usr 0 00:00:00, Sys 0 00:00:00  -  Total Local Usage
	0  -  Run Bytes Sent By Job
	0  -  Run Bytes Received By Job
	0  -  Total Bytes Sent By Job
	0  -  Total Bytes Received By Job
	Partitionable Resources :    Usage  Request Allocated 
	   Cpus                 :     0.88        1         1 
	   Disk (KB)            :     1     3584000   4786254 
	   Memory (MB)          :  9776        4096      4096 

	Job terminated of its own accord at 2021-01-07T11:28:19Z.
...
006 (13901912.002.000) 2021-01-07 12:28:25 Image size of job updated: 11093108
	5718  -  MemoryUsage of job (MB)
	5854992  -  ResidentSetSize of job (KB)
...
005 (13901912.002.000) 2021-01-07 12:28:25 Job terminated.
	(1) Normal termination (return value 0)
		Usr 0 00:04:06, Sys 0 00:00:19  -  Run Remote Usage
		Usr 0 00:00:00, Sys 0 00:00:00  -  Run Local Usage
		Usr 0 00:04:06, Sys 0 00:00:19  -  Total Remote Usage
		Usr 0 00:00:00, Sys 0 00:00:00  -  Total Local Usage
	0  -  Run Bytes Sent By Job
	0  -  Run Bytes Received By Job
	0  -  Total Bytes Sent By Job
	0  -  Total Bytes Received By Job
	Partitionable Resources :    Usage  Request Allocated 
	   Cpus                 :     0.92        1         1 
	   Disk (KB)            :     1     3584000   3991895 
	   Memory (MB)          :  5718        4096      4096 

	Job terminated of its own accord at 2021-01-07T11:28:25Z.
...
006 (13901912.011.000) 2021-01-07 12:28:28 Image size of job updated: 11036208
	8617  -  MemoryUsage of job (MB)
	8823668  -  ResidentSetSize of job (KB)
...
005 (13901912.011.000) 2021-01-07 12:28:28 Job terminated.
	(1) Normal termination (return value 0)
		Usr 0 00:04:07, Sys 0 00:00:14  -  Run Remote Usage
		Usr 0 00:00:00, Sys 0 00:00:00  -  Run Local Usage
		Usr 0 00:04:07, Sys 0 00:00:14  -  Total Remote Usage
		Usr 0 00:00:00, Sys 0 00:00:00  -  Total Local Usage
	0  -  Run Bytes Sent By Job
	0  -  Run Bytes Received By Job
	0  -  Total Bytes Sent By Job
	0  -  Total Bytes Received By Job
	Partitionable Resources :    Usage  Request Allocated 
	   Cpus                 :     0.08        1         1 
	   Disk (KB)            :     1     3584000   4783929 
	   Memory (MB)          :  8617        4096      4096 

	Job terminated of its own accord at 2021-01-07T11:28:28Z.
...
005 (13901912.019.000) 2021-01-07 12:28:47 Job terminated.
	(1) Normal termination (return value 0)
		Usr 0 00:03:57, Sys 0 00:00:20  -  Run Remote Usage
		Usr 0 00:00:00, Sys 0 00:00:00  -  Run Local Usage
		Usr 0 00:03:57, Sys 0 00:00:20  -  Total Remote Usage
		Usr 0 00:00:00, Sys 0 00:00:00  -  Total Local Usage
	0  -  Run Bytes Sent By Job
	0  -  Run Bytes Received By Job
	0  -  Total Bytes Sent By Job
	0  -  Total Bytes Received By Job
	Partitionable Resources :    Usage  Request Allocated 
	   Cpus                 :     0.29        1         1 
	   Disk (KB)            :     1     3584000   4784657 
	   Memory (MB)          :  7499        4096      4096 

	Job terminated of its own accord at 2021-01-07T11:28:47Z.
...
006 (13901912.010.000) 2021-01-07 12:28:49 Image size of job updated: 11028616
	6121  -  MemoryUsage of job (MB)
	6267176  -  ResidentSetSize of job (KB)
...
005 (13901912.010.000) 2021-01-07 12:28:49 Job terminated.
	(1) Normal termination (return value 0)
		Usr 0 00:04:08, Sys 0 00:00:21  -  Run Remote Usage
		Usr 0 00:00:00, Sys 0 00:00:00  -  Run Local Usage
		Usr 0 00:04:08, Sys 0 00:00:21  -  Total Remote Usage
		Usr 0 00:00:00, Sys 0 00:00:00  -  Total Local Usage
	0  -  Run Bytes Sent By Job
	0  -  Run Bytes Received By Job
	0  -  Total Bytes Sent By Job
	0  -  Total Bytes Received By Job
	Partitionable Resources :    Usage  Request Allocated 
	   Cpus                 :     0.90        1         1 
	   Disk (KB)            :     1     3584000   4613419 
	   Memory (MB)          :  6121        4096      4096 

	Job terminated of its own accord at 2021-01-07T11:28:49Z.
...
006 (13901912.006.000) 2021-01-07 12:29:04 Image size of job updated: 11201452
	8053  -  MemoryUsage of job (MB)
	8246180  -  ResidentSetSize of job (KB)
...
005 (13901912.006.000) 2021-01-07 12:29:04 Job terminated.
	(1) Normal termination (return value 0)
		Usr 0 00:04:03, Sys 0 00:00:15  -  Run Remote Usage
		Usr 0 00:00:00, Sys 0 00:00:00  -  Run Local Usage
		Usr 0 00:04:03, Sys 0 00:00:15  -  Total Remote Usage
		Usr 0 00:00:00, Sys 0 00:00:00  -  Total Local Usage
	0  -  Run Bytes Sent By Job
	0  -  Run Bytes Received By Job
	0  -  Total Bytes Sent By Job
	0  -  Total Bytes Received By Job
	Partitionable Resources :    Usage  Request Allocated 
	   Cpus                 :     0.29        1         1 
	   Disk (KB)            :     1     3584000   4791173 
	   Memory (MB)          :  8053        4096      4096 

	Job terminated of its own accord at 2021-01-07T11:29:04Z.
...
006 (13901912.000.000) 2021-01-07 12:29:18 Image size of job updated: 11039416
	7867  -  MemoryUsage of job (MB)
	8055368  -  ResidentSetSize of job (KB)
...
005 (13901912.000.000) 2021-01-07 12:29:18 Job terminated.
	(1) Normal termination (return value 0)
		Usr 0 00:04:10, Sys 0 00:00:22  -  Run Remote Usage
		Usr 0 00:00:00, Sys 0 00:00:00  -  Run Local Usage
		Usr 0 00:04:10, Sys 0 00:00:22  -  Total Remote Usage
		Usr 0 00:00:00, Sys 0 00:00:00  -  Total Local Usage
	0  -  Run Bytes Sent By Job
	0  -  Run Bytes Received By Job
	0  -  Total Bytes Sent By Job
	0  -  Total Bytes Received By Job
	Partitionable Resources :    Usage  Request Allocated 
	   Cpus                 :     0.56        1         1 
	   Disk (KB)            :     1     3584000   4440988 
	   Memory (MB)          :  7867        4096      4096 

	Job terminated of its own accord at 2021-01-07T11:29:18Z.
...
006 (13901912.004.000) 2021-01-07 12:32:23 Image size of job updated: 11084644
	4512  -  MemoryUsage of job (MB)
	4619888  -  ResidentSetSize of job (KB)
...
005 (13901912.004.000) 2021-01-07 12:32:23 Job terminated.
	(1) Normal termination (return value 0)
		Usr 0 00:04:38, Sys 0 00:00:23  -  Run Remote Usage
		Usr 0 00:00:00, Sys 0 00:00:00  -  Run Local Usage
		Usr 0 00:04:38, Sys 0 00:00:23  -  Total Remote Usage
		Usr 0 00:00:00, Sys 0 00:00:00  -  Total Local Usage
	0  -  Run Bytes Sent By Job
	0  -  Run Bytes Received By Job
	0  -  Total Bytes Sent By Job
	0  -  Total Bytes Received By Job
	Partitionable Resources :    Usage  Request Allocated 
	   Cpus                 :     0.70        1         1 
	   Disk (KB)            :     1     3584000   3722366 
	   Memory (MB)          :  4512        4096      4096 

	Job terminated of its own accord at 2021-01-07T11:32:23Z.
...
