000 (13901880.000.000) 2021-01-07 12:19:32 Job submitted from host: <131.169.223.42:9618?addrs=131.169.223.42-9618+[2001-638-700-10df--1-2a]-9618&alias=bird-htc-sched14.desy.de&noUDP&sock=schedd_1936_8371_3>
...
000 (13901880.001.000) 2021-01-07 12:19:32 Job submitted from host: <131.169.223.42:9618?addrs=131.169.223.42-9618+[2001-638-700-10df--1-2a]-9618&alias=bird-htc-sched14.desy.de&noUDP&sock=schedd_1936_8371_3>
...
000 (13901880.002.000) 2021-01-07 12:19:32 Job submitted from host: <131.169.223.42:9618?addrs=131.169.223.42-9618+[2001-638-700-10df--1-2a]-9618&alias=bird-htc-sched14.desy.de&noUDP&sock=schedd_1936_8371_3>
...
000 (13901880.003.000) 2021-01-07 12:19:32 Job submitted from host: <131.169.223.42:9618?addrs=131.169.223.42-9618+[2001-638-700-10df--1-2a]-9618&alias=bird-htc-sched14.desy.de&noUDP&sock=schedd_1936_8371_3>
...
000 (13901880.004.000) 2021-01-07 12:19:32 Job submitted from host: <131.169.223.42:9618?addrs=131.169.223.42-9618+[2001-638-700-10df--1-2a]-9618&alias=bird-htc-sched14.desy.de&noUDP&sock=schedd_1936_8371_3>
...
000 (13901880.005.000) 2021-01-07 12:19:32 Job submitted from host: <131.169.223.42:9618?addrs=131.169.223.42-9618+[2001-638-700-10df--1-2a]-9618&alias=bird-htc-sched14.desy.de&noUDP&sock=schedd_1936_8371_3>
...
000 (13901880.006.000) 2021-01-07 12:19:32 Job submitted from host: <131.169.223.42:9618?addrs=131.169.223.42-9618+[2001-638-700-10df--1-2a]-9618&alias=bird-htc-sched14.desy.de&noUDP&sock=schedd_1936_8371_3>
...
000 (13901880.007.000) 2021-01-07 12:19:32 Job submitted from host: <131.169.223.42:9618?addrs=131.169.223.42-9618+[2001-638-700-10df--1-2a]-9618&alias=bird-htc-sched14.desy.de&noUDP&sock=schedd_1936_8371_3>
...
000 (13901880.008.000) 2021-01-07 12:19:32 Job submitted from host: <131.169.223.42:9618?addrs=131.169.223.42-9618+[2001-638-700-10df--1-2a]-9618&alias=bird-htc-sched14.desy.de&noUDP&sock=schedd_1936_8371_3>
...
000 (13901880.009.000) 2021-01-07 12:19:32 Job submitted from host: <131.169.223.42:9618?addrs=131.169.223.42-9618+[2001-638-700-10df--1-2a]-9618&alias=bird-htc-sched14.desy.de&noUDP&sock=schedd_1936_8371_3>
...
000 (13901880.010.000) 2021-01-07 12:19:32 Job submitted from host: <131.169.223.42:9618?addrs=131.169.223.42-9618+[2001-638-700-10df--1-2a]-9618&alias=bird-htc-sched14.desy.de&noUDP&sock=schedd_1936_8371_3>
...
000 (13901880.011.000) 2021-01-07 12:19:32 Job submitted from host: <131.169.223.42:9618?addrs=131.169.223.42-9618+[2001-638-700-10df--1-2a]-9618&alias=bird-htc-sched14.desy.de&noUDP&sock=schedd_1936_8371_3>
...
000 (13901880.012.000) 2021-01-07 12:19:32 Job submitted from host: <131.169.223.42:9618?addrs=131.169.223.42-9618+[2001-638-700-10df--1-2a]-9618&alias=bird-htc-sched14.desy.de&noUDP&sock=schedd_1936_8371_3>
...
000 (13901880.013.000) 2021-01-07 12:19:32 Job submitted from host: <131.169.223.42:9618?addrs=131.169.223.42-9618+[2001-638-700-10df--1-2a]-9618&alias=bird-htc-sched14.desy.de&noUDP&sock=schedd_1936_8371_3>
...
000 (13901880.014.000) 2021-01-07 12:19:32 Job submitted from host: <131.169.223.42:9618?addrs=131.169.223.42-9618+[2001-638-700-10df--1-2a]-9618&alias=bird-htc-sched14.desy.de&noUDP&sock=schedd_1936_8371_3>
...
000 (13901880.015.000) 2021-01-07 12:19:32 Job submitted from host: <131.169.223.42:9618?addrs=131.169.223.42-9618+[2001-638-700-10df--1-2a]-9618&alias=bird-htc-sched14.desy.de&noUDP&sock=schedd_1936_8371_3>
...
000 (13901880.016.000) 2021-01-07 12:19:32 Job submitted from host: <131.169.223.42:9618?addrs=131.169.223.42-9618+[2001-638-700-10df--1-2a]-9618&alias=bird-htc-sched14.desy.de&noUDP&sock=schedd_1936_8371_3>
...
000 (13901880.017.000) 2021-01-07 12:19:32 Job submitted from host: <131.169.223.42:9618?addrs=131.169.223.42-9618+[2001-638-700-10df--1-2a]-9618&alias=bird-htc-sched14.desy.de&noUDP&sock=schedd_1936_8371_3>
...
000 (13901880.018.000) 2021-01-07 12:19:32 Job submitted from host: <131.169.223.42:9618?addrs=131.169.223.42-9618+[2001-638-700-10df--1-2a]-9618&alias=bird-htc-sched14.desy.de&noUDP&sock=schedd_1936_8371_3>
...
000 (13901880.019.000) 2021-01-07 12:19:32 Job submitted from host: <131.169.223.42:9618?addrs=131.169.223.42-9618+[2001-638-700-10df--1-2a]-9618&alias=bird-htc-sched14.desy.de&noUDP&sock=schedd_1936_8371_3>
...
000 (13901880.020.000) 2021-01-07 12:19:32 Job submitted from host: <131.169.223.42:9618?addrs=131.169.223.42-9618+[2001-638-700-10df--1-2a]-9618&alias=bird-htc-sched14.desy.de&noUDP&sock=schedd_1936_8371_3>
...
000 (13901880.021.000) 2021-01-07 12:19:32 Job submitted from host: <131.169.223.42:9618?addrs=131.169.223.42-9618+[2001-638-700-10df--1-2a]-9618&alias=bird-htc-sched14.desy.de&noUDP&sock=schedd_1936_8371_3>
...
000 (13901880.022.000) 2021-01-07 12:19:32 Job submitted from host: <131.169.223.42:9618?addrs=131.169.223.42-9618+[2001-638-700-10df--1-2a]-9618&alias=bird-htc-sched14.desy.de&noUDP&sock=schedd_1936_8371_3>
...
000 (13901880.023.000) 2021-01-07 12:19:32 Job submitted from host: <131.169.223.42:9618?addrs=131.169.223.42-9618+[2001-638-700-10df--1-2a]-9618&alias=bird-htc-sched14.desy.de&noUDP&sock=schedd_1936_8371_3>
...
000 (13901880.024.000) 2021-01-07 12:19:32 Job submitted from host: <131.169.223.42:9618?addrs=131.169.223.42-9618+[2001-638-700-10df--1-2a]-9618&alias=bird-htc-sched14.desy.de&noUDP&sock=schedd_1936_8371_3>
...
001 (13901880.010.000) 2021-01-07 12:20:27 Job executing on host: <131.169.163.124:38040?addrs=131.169.163.124-38040&alias=bird685.desy.de>
...
001 (13901880.011.000) 2021-01-07 12:20:27 Job executing on host: <131.169.164.15:33367?addrs=131.169.164.15-33367&alias=bird815.desy.de>
...
001 (13901880.009.000) 2021-01-07 12:20:27 Job executing on host: <131.169.163.137:46691?addrs=131.169.163.137-46691&alias=bird698.desy.de>
...
001 (13901880.012.000) 2021-01-07 12:20:27 Job executing on host: <131.169.163.133:37103?addrs=131.169.163.133-37103&alias=bird694.desy.de>
...
001 (13901880.013.000) 2021-01-07 12:20:27 Job executing on host: <131.169.164.22:40895?addrs=131.169.164.22-40895&alias=bird822.desy.de>
...
001 (13901880.008.000) 2021-01-07 12:20:27 Job executing on host: <131.169.164.41:42677?addrs=131.169.164.41-42677&alias=bird841.desy.de>
...
001 (13901880.014.000) 2021-01-07 12:20:27 Job executing on host: <131.169.77.220:37989?addrs=131.169.77.220-37989&alias=bird774.desy.de>
...
001 (13901880.002.000) 2021-01-07 12:20:27 Job executing on host: <131.169.160.176:35044?addrs=131.169.160.176-35044&alias=batch1178.desy.de>
...
001 (13901880.019.000) 2021-01-07 12:20:27 Job executing on host: <131.169.77.61:44982?addrs=131.169.77.61-44982&alias=bird579.desy.de>
...
001 (13901880.015.000) 2021-01-07 12:20:27 Job executing on host: <131.169.164.4:44067?addrs=131.169.164.4-44067&alias=bird804.desy.de>
...
001 (13901880.005.000) 2021-01-07 12:20:27 Job executing on host: <131.169.162.162:36408?addrs=131.169.162.162-36408&alias=batch1162.desy.de>
...
001 (13901880.018.000) 2021-01-07 12:20:27 Job executing on host: <131.169.164.58:39182?addrs=131.169.164.58-39182&alias=bird858.desy.de>
...
001 (13901880.021.000) 2021-01-07 12:20:27 Job executing on host: <131.169.164.40:41247?addrs=131.169.164.40-41247&alias=bird840.desy.de>
...
001 (13901880.022.000) 2021-01-07 12:20:27 Job executing on host: <131.169.164.27:33138?addrs=131.169.164.27-33138&alias=bird827.desy.de>
...
001 (13901880.024.000) 2021-01-07 12:20:27 Job executing on host: <131.169.163.139:45696?addrs=131.169.163.139-45696&alias=bird700.desy.de>
...
001 (13901880.023.000) 2021-01-07 12:20:27 Job executing on host: <131.169.163.119:41442?addrs=131.169.163.119-41442&alias=bird680.desy.de>
...
001 (13901880.020.000) 2021-01-07 12:20:27 Job executing on host: <131.169.77.39:46562?addrs=131.169.77.39-46562&alias=bird557.desy.de>
...
001 (13901880.016.000) 2021-01-07 12:20:27 Job executing on host: <131.169.77.208:42426?addrs=131.169.77.208-42426&alias=bird762.desy.de>
...
001 (13901880.017.000) 2021-01-07 12:20:27 Job executing on host: <131.169.77.54:34117?addrs=131.169.77.54-34117&alias=bird572.desy.de>
...
001 (13901880.001.000) 2021-01-07 12:20:27 Job executing on host: <131.169.160.169:45798?addrs=131.169.160.169-45798&alias=batch1069.desy.de>
...
001 (13901880.007.000) 2021-01-07 12:20:27 Job executing on host: <131.169.160.159:44197?addrs=131.169.160.159-44197&alias=batch1059.desy.de>
...
001 (13901880.000.000) 2021-01-07 12:20:28 Job executing on host: <131.169.163.107:45568?addrs=131.169.163.107-45568&alias=bird668.desy.de>
...
001 (13901880.003.000) 2021-01-07 12:20:28 Job executing on host: <131.169.164.46:33820?addrs=131.169.164.46-33820&alias=bird846.desy.de>
...
001 (13901880.006.000) 2021-01-07 12:20:28 Job executing on host: <131.169.164.29:42450?addrs=131.169.164.29-42450&alias=bird829.desy.de>
...
001 (13901880.004.000) 2021-01-07 12:20:28 Job executing on host: <131.169.160.168:34387?addrs=131.169.160.168-34387&alias=batch1068.desy.de>
...
006 (13901880.011.000) 2021-01-07 12:20:35 Image size of job updated: 384116
	353  -  MemoryUsage of job (MB)
	360824  -  ResidentSetSize of job (KB)
...
006 (13901880.010.000) 2021-01-07 12:20:35 Image size of job updated: 360704
	325  -  MemoryUsage of job (MB)
	331840  -  ResidentSetSize of job (KB)
...
006 (13901880.009.000) 2021-01-07 12:20:35 Image size of job updated: 328072
	299  -  MemoryUsage of job (MB)
	305292  -  ResidentSetSize of job (KB)
...
006 (13901880.012.000) 2021-01-07 12:20:35 Image size of job updated: 289508
	279  -  MemoryUsage of job (MB)
	284980  -  ResidentSetSize of job (KB)
...
006 (13901880.013.000) 2021-01-07 12:20:35 Image size of job updated: 279012
	266  -  MemoryUsage of job (MB)
	271644  -  ResidentSetSize of job (KB)
...
006 (13901880.008.000) 2021-01-07 12:20:35 Image size of job updated: 192576
	180  -  MemoryUsage of job (MB)
	183524  -  ResidentSetSize of job (KB)
...
006 (13901880.002.000) 2021-01-07 12:20:35 Image size of job updated: 651952
	557  -  MemoryUsage of job (MB)
	569908  -  ResidentSetSize of job (KB)
...
006 (13901880.014.000) 2021-01-07 12:20:35 Image size of job updated: 392944
	345  -  MemoryUsage of job (MB)
	352832  -  ResidentSetSize of job (KB)
...
006 (13901880.019.000) 2021-01-07 12:20:35 Image size of job updated: 202800
	175  -  MemoryUsage of job (MB)
	179152  -  ResidentSetSize of job (KB)
...
006 (13901880.005.000) 2021-01-07 12:20:35 Image size of job updated: 645564
	551  -  MemoryUsage of job (MB)
	563308  -  ResidentSetSize of job (KB)
...
006 (13901880.018.000) 2021-01-07 12:20:35 Image size of job updated: 240004
	201  -  MemoryUsage of job (MB)
	205632  -  ResidentSetSize of job (KB)
...
006 (13901880.015.000) 2021-01-07 12:20:35 Image size of job updated: 344868
	303  -  MemoryUsage of job (MB)
	309604  -  ResidentSetSize of job (KB)
...
006 (13901880.021.000) 2021-01-07 12:20:35 Image size of job updated: 194708
	177  -  MemoryUsage of job (MB)
	180308  -  ResidentSetSize of job (KB)
...
006 (13901880.024.000) 2021-01-07 12:20:35 Image size of job updated: 299404
	290  -  MemoryUsage of job (MB)
	296448  -  ResidentSetSize of job (KB)
...
006 (13901880.022.000) 2021-01-07 12:20:35 Image size of job updated: 271940
	260  -  MemoryUsage of job (MB)
	265652  -  ResidentSetSize of job (KB)
...
006 (13901880.023.000) 2021-01-07 12:20:35 Image size of job updated: 289812
	281  -  MemoryUsage of job (MB)
	287088  -  ResidentSetSize of job (KB)
...
006 (13901880.000.000) 2021-01-07 12:20:36 Image size of job updated: 292352
	278  -  MemoryUsage of job (MB)
	284156  -  ResidentSetSize of job (KB)
...
006 (13901880.003.000) 2021-01-07 12:20:36 Image size of job updated: 249772
	217  -  MemoryUsage of job (MB)
	221776  -  ResidentSetSize of job (KB)
...
006 (13901880.006.000) 2021-01-07 12:20:36 Image size of job updated: 404344
	310  -  MemoryUsage of job (MB)
	317044  -  ResidentSetSize of job (KB)
...
006 (13901880.020.000) 2021-01-07 12:20:36 Image size of job updated: 237456
	218  -  MemoryUsage of job (MB)
	222520  -  ResidentSetSize of job (KB)
...
006 (13901880.016.000) 2021-01-07 12:20:36 Image size of job updated: 323132
	306  -  MemoryUsage of job (MB)
	313232  -  ResidentSetSize of job (KB)
...
006 (13901880.017.000) 2021-01-07 12:20:36 Image size of job updated: 221828
	182  -  MemoryUsage of job (MB)
	186040  -  ResidentSetSize of job (KB)
...
006 (13901880.007.000) 2021-01-07 12:20:36 Image size of job updated: 200212
	122  -  MemoryUsage of job (MB)
	124516  -  ResidentSetSize of job (KB)
...
006 (13901880.001.000) 2021-01-07 12:20:36 Image size of job updated: 310928
	224  -  MemoryUsage of job (MB)
	229192  -  ResidentSetSize of job (KB)
...
006 (13901880.004.000) 2021-01-07 12:20:37 Image size of job updated: 158128
	136  -  MemoryUsage of job (MB)
	138404  -  ResidentSetSize of job (KB)
...
006 (13901880.002.000) 2021-01-07 12:23:50 Image size of job updated: 11340744
	557  -  MemoryUsage of job (MB)
	569924  -  ResidentSetSize of job (KB)
...
005 (13901880.002.000) 2021-01-07 12:23:50 Job terminated.
	(1) Normal termination (return value 0)
		Usr 0 00:02:48, Sys 0 00:00:09  -  Run Remote Usage
		Usr 0 00:00:00, Sys 0 00:00:00  -  Run Local Usage
		Usr 0 00:02:48, Sys 0 00:00:09  -  Total Remote Usage
		Usr 0 00:00:00, Sys 0 00:00:00  -  Total Local Usage
	0  -  Run Bytes Sent By Job
	0  -  Run Bytes Received By Job
	0  -  Total Bytes Sent By Job
	0  -  Total Bytes Received By Job
	Partitionable Resources :    Usage  Request Allocated 
	   Cpus                 :     0.90        1         1 
	   Disk (KB)            :     1     3584000   4467297 
	   Memory (MB)          :   557        4096      4096 

	Job terminated of its own accord at 2021-01-07T11:23:50Z.
...
006 (13901880.005.000) 2021-01-07 12:23:56 Image size of job updated: 11216236
	551  -  MemoryUsage of job (MB)
	563704  -  ResidentSetSize of job (KB)
...
005 (13901880.005.000) 2021-01-07 12:23:57 Job terminated.
	(1) Normal termination (return value 0)
		Usr 0 00:02:46, Sys 0 00:00:09  -  Run Remote Usage
		Usr 0 00:00:00, Sys 0 00:00:00  -  Run Local Usage
		Usr 0 00:02:46, Sys 0 00:00:09  -  Total Remote Usage
		Usr 0 00:00:00, Sys 0 00:00:00  -  Total Local Usage
	0  -  Run Bytes Sent By Job
	0  -  Run Bytes Received By Job
	0  -  Total Bytes Sent By Job
	0  -  Total Bytes Received By Job
	Partitionable Resources :    Usage  Request Allocated 
	   Cpus                 :     0.82        1         1 
	   Disk (KB)            :     1     3584000   4409156 
	   Memory (MB)          :   551        4096      4096 

	Job terminated of its own accord at 2021-01-07T11:23:56Z.
...
006 (13901880.006.000) 2021-01-07 12:24:53 Image size of job updated: 7728096
	310  -  MemoryUsage of job (MB)
	317052  -  ResidentSetSize of job (KB)
...
005 (13901880.006.000) 2021-01-07 12:24:53 Job terminated.
	(1) Normal termination (return value 0)
		Usr 0 00:03:44, Sys 0 00:00:13  -  Run Remote Usage
		Usr 0 00:00:00, Sys 0 00:00:00  -  Run Local Usage
		Usr 0 00:03:44, Sys 0 00:00:13  -  Total Remote Usage
		Usr 0 00:00:00, Sys 0 00:00:00  -  Total Local Usage
	0  -  Run Bytes Sent By Job
	0  -  Run Bytes Received By Job
	0  -  Total Bytes Sent By Job
	0  -  Total Bytes Received By Job
	Partitionable Resources :    Usage  Request Allocated 
	   Cpus                 :     0.91        1         1 
	   Disk (KB)            :     1     3584000   4534368 
	   Memory (MB)          :   310        4096      4096 

	Job terminated of its own accord at 2021-01-07T11:24:53Z.
...
006 (13901880.021.000) 2021-01-07 12:25:19 Image size of job updated: 194708
	177  -  MemoryUsage of job (MB)
	180344  -  ResidentSetSize of job (KB)
...
005 (13901880.021.000) 2021-01-07 12:25:19 Job terminated.
	(1) Normal termination (return value 0)
		Usr 0 00:04:01, Sys 0 00:00:16  -  Run Remote Usage
		Usr 0 00:00:00, Sys 0 00:00:00  -  Run Local Usage
		Usr 0 00:04:01, Sys 0 00:00:16  -  Total Remote Usage
		Usr 0 00:00:00, Sys 0 00:00:00  -  Total Local Usage
	0  -  Run Bytes Sent By Job
	0  -  Run Bytes Received By Job
	0  -  Total Bytes Sent By Job
	0  -  Total Bytes Received By Job
	Partitionable Resources :    Usage  Request Allocated 
	   Cpus                 :     0.90        1         1 
	   Disk (KB)            :     1     3584000   3987921 
	   Memory (MB)          :   177        4096      4096 

	Job terminated of its own accord at 2021-01-07T11:25:19Z.
...
006 (13901880.010.000) 2021-01-07 12:25:23 Image size of job updated: 11316856
	325  -  MemoryUsage of job (MB)
	331856  -  ResidentSetSize of job (KB)
...
005 (13901880.010.000) 2021-01-07 12:25:23 Job terminated.
	(1) Normal termination (return value 0)
		Usr 0 00:04:01, Sys 0 00:00:19  -  Run Remote Usage
		Usr 0 00:00:00, Sys 0 00:00:00  -  Run Local Usage
		Usr 0 00:04:01, Sys 0 00:00:19  -  Total Remote Usage
		Usr 0 00:00:00, Sys 0 00:00:00  -  Total Local Usage
	0  -  Run Bytes Sent By Job
	0  -  Run Bytes Received By Job
	0  -  Total Bytes Sent By Job
	0  -  Total Bytes Received By Job
	Partitionable Resources :    Usage  Request Allocated 
	   Cpus                 :     0.88        1         1 
	   Disk (KB)            :     1     3584000   3955248 
	   Memory (MB)          :   325        4096      4096 

	Job terminated of its own accord at 2021-01-07T11:25:23Z.
...
006 (13901880.001.000) 2021-01-07 12:25:24 Image size of job updated: 1827144
	224  -  MemoryUsage of job (MB)
	229244  -  ResidentSetSize of job (KB)
...
005 (13901880.001.000) 2021-01-07 12:25:24 Job terminated.
	(1) Normal termination (return value 0)
		Usr 0 00:03:55, Sys 0 00:00:18  -  Run Remote Usage
		Usr 0 00:00:00, Sys 0 00:00:00  -  Run Local Usage
		Usr 0 00:03:55, Sys 0 00:00:18  -  Total Remote Usage
		Usr 0 00:00:00, Sys 0 00:00:00  -  Total Local Usage
	0  -  Run Bytes Sent By Job
	0  -  Run Bytes Received By Job
	0  -  Total Bytes Sent By Job
	0  -  Total Bytes Received By Job
	Partitionable Resources :    Usage  Request Allocated 
	   Cpus                 :     0.90        1         1 
	   Disk (KB)            :     1     3584000   4412950 
	   Memory (MB)          :   224        4096      4096 

	Job terminated of its own accord at 2021-01-07T11:25:24Z.
...
005 (13901880.015.000) 2021-01-07 12:25:29 Job terminated.
	(1) Normal termination (return value 0)
		Usr 0 00:03:58, Sys 0 00:00:19  -  Run Remote Usage
		Usr 0 00:00:00, Sys 0 00:00:00  -  Run Local Usage
		Usr 0 00:03:58, Sys 0 00:00:19  -  Total Remote Usage
		Usr 0 00:00:00, Sys 0 00:00:00  -  Total Local Usage
	0  -  Run Bytes Sent By Job
	0  -  Run Bytes Received By Job
	0  -  Total Bytes Sent By Job
	0  -  Total Bytes Received By Job
	Partitionable Resources :    Usage  Request Allocated 
	   Cpus                 :     0.87        1         1 
	   Disk (KB)            :     1     3584000   4545066 
	   Memory (MB)          :   303        4096      4096 

	Job terminated of its own accord at 2021-01-07T11:25:29Z.
...
006 (13901880.009.000) 2021-01-07 12:25:33 Image size of job updated: 11350880
	299  -  MemoryUsage of job (MB)
	305352  -  ResidentSetSize of job (KB)
...
005 (13901880.009.000) 2021-01-07 12:25:33 Job terminated.
	(1) Normal termination (return value 0)
		Usr 0 00:04:06, Sys 0 00:00:20  -  Run Remote Usage
		Usr 0 00:00:00, Sys 0 00:00:00  -  Run Local Usage
		Usr 0 00:04:06, Sys 0 00:00:20  -  Total Remote Usage
		Usr 0 00:00:00, Sys 0 00:00:00  -  Total Local Usage
	0  -  Run Bytes Sent By Job
	0  -  Run Bytes Received By Job
	0  -  Total Bytes Sent By Job
	0  -  Total Bytes Received By Job
	Partitionable Resources :    Usage  Request Allocated 
	   Cpus                 :     0.71        1         1 
	   Disk (KB)            :     1     3584000   3954892 
	   Memory (MB)          :   299        4096      4096 

	Job terminated of its own accord at 2021-01-07T11:25:33Z.
...
006 (13901880.012.000) 2021-01-07 12:25:35 Image size of job updated: 10818232
	9250  -  MemoryUsage of job (MB)
	9471144  -  ResidentSetSize of job (KB)
...
006 (13901880.013.000) 2021-01-07 12:25:35 Image size of job updated: 10177076
	9009  -  MemoryUsage of job (MB)
	9224208  -  ResidentSetSize of job (KB)
...
006 (13901880.003.000) 2021-01-07 12:25:35 Image size of job updated: 1316160
	217  -  MemoryUsage of job (MB)
	221776  -  ResidentSetSize of job (KB)
...
006 (13901880.008.000) 2021-01-07 12:25:35 Image size of job updated: 10747988
	9144  -  MemoryUsage of job (MB)
	9363208  -  ResidentSetSize of job (KB)
...
005 (13901880.003.000) 2021-01-07 12:25:35 Job terminated.
	(1) Normal termination (return value 0)
		Usr 0 00:04:11, Sys 0 00:00:20  -  Run Remote Usage
		Usr 0 00:00:00, Sys 0 00:00:00  -  Run Local Usage
		Usr 0 00:04:11, Sys 0 00:00:20  -  Total Remote Usage
		Usr 0 00:00:00, Sys 0 00:00:00  -  Total Local Usage
	0  -  Run Bytes Sent By Job
	0  -  Run Bytes Received By Job
	0  -  Total Bytes Sent By Job
	0  -  Total Bytes Received By Job
	Partitionable Resources :    Usage  Request Allocated 
	   Cpus                 :     0.89        1         1 
	   Disk (KB)            :     1     3584000   4532674 
	   Memory (MB)          :   217        4096      4096 

	Job terminated of its own accord at 2021-01-07T11:25:35Z.
...
006 (13901880.014.000) 2021-01-07 12:25:35 Image size of job updated: 8578180
	8377  -  MemoryUsage of job (MB)
	8577076  -  ResidentSetSize of job (KB)
...
006 (13901880.011.000) 2021-01-07 12:25:35 Image size of job updated: 10494296
	8216  -  MemoryUsage of job (MB)
	8412924  -  ResidentSetSize of job (KB)
...
006 (13901880.018.000) 2021-01-07 12:25:35 Image size of job updated: 11200312
	10297  -  MemoryUsage of job (MB)
	10543312  -  ResidentSetSize of job (KB)
...
006 (13901880.022.000) 2021-01-07 12:25:35 Image size of job updated: 10335052
	9081  -  MemoryUsage of job (MB)
	9298716  -  ResidentSetSize of job (KB)
...
006 (13901880.024.000) 2021-01-07 12:25:35 Image size of job updated: 10426852
	6233  -  MemoryUsage of job (MB)
	6382108  -  ResidentSetSize of job (KB)
...
006 (13901880.023.000) 2021-01-07 12:25:35 Image size of job updated: 10853088
	9828  -  MemoryUsage of job (MB)
	10063132  -  ResidentSetSize of job (KB)
...
006 (13901880.019.000) 2021-01-07 12:25:36 Image size of job updated: 5650452
	4097  -  MemoryUsage of job (MB)
	4194584  -  ResidentSetSize of job (KB)
...
006 (13901880.000.000) 2021-01-07 12:25:36 Image size of job updated: 10912728
	9635  -  MemoryUsage of job (MB)
	9865460  -  ResidentSetSize of job (KB)
...
006 (13901880.016.000) 2021-01-07 12:25:37 Image size of job updated: 8562052
	6805  -  MemoryUsage of job (MB)
	6967356  -  ResidentSetSize of job (KB)
...
006 (13901880.020.000) 2021-01-07 12:25:37 Image size of job updated: 7456960
	6630  -  MemoryUsage of job (MB)
	6788520  -  ResidentSetSize of job (KB)
...
006 (13901880.017.000) 2021-01-07 12:25:37 Image size of job updated: 8341020
	7207  -  MemoryUsage of job (MB)
	7379244  -  ResidentSetSize of job (KB)
...
006 (13901880.007.000) 2021-01-07 12:25:37 Image size of job updated: 9153640
	4723  -  MemoryUsage of job (MB)
	4836120  -  ResidentSetSize of job (KB)
...
006 (13901880.004.000) 2021-01-07 12:25:38 Image size of job updated: 11389548
	10240  -  MemoryUsage of job (MB)
	10485020  -  ResidentSetSize of job (KB)
...
005 (13901880.004.000) 2021-01-07 12:25:40 Job terminated.
	(1) Normal termination (return value 0)
		Usr 0 00:04:01, Sys 0 00:00:22  -  Run Remote Usage
		Usr 0 00:00:00, Sys 0 00:00:00  -  Run Local Usage
		Usr 0 00:04:01, Sys 0 00:00:22  -  Total Remote Usage
		Usr 0 00:00:00, Sys 0 00:00:00  -  Total Local Usage
	0  -  Run Bytes Sent By Job
	0  -  Run Bytes Received By Job
	0  -  Total Bytes Sent By Job
	0  -  Total Bytes Received By Job
	Partitionable Resources :    Usage  Request Allocated 
	   Cpus                 :     0.87        1         1 
	   Disk (KB)            :     1     3584000   4421070 
	   Memory (MB)          : 10240        4096      4096 

	Job terminated of its own accord at 2021-01-07T11:25:40Z.
...
006 (13901880.018.000) 2021-01-07 12:25:41 Image size of job updated: 11273196
	10297  -  MemoryUsage of job (MB)
	10543440  -  ResidentSetSize of job (KB)
...
005 (13901880.018.000) 2021-01-07 12:25:41 Job terminated.
	(1) Normal termination (return value 0)
		Usr 0 00:04:06, Sys 0 00:00:20  -  Run Remote Usage
		Usr 0 00:00:00, Sys 0 00:00:00  -  Run Local Usage
		Usr 0 00:04:06, Sys 0 00:00:20  -  Total Remote Usage
		Usr 0 00:00:00, Sys 0 00:00:00  -  Total Local Usage
	0  -  Run Bytes Sent By Job
	0  -  Run Bytes Received By Job
	0  -  Total Bytes Sent By Job
	0  -  Total Bytes Received By Job
	Partitionable Resources :    Usage  Request Allocated 
	   Cpus                 :     0.86        1         1 
	   Disk (KB)            :     1     3584000   4645541 
	   Memory (MB)          : 10297        4096      4096 

	Job terminated of its own accord at 2021-01-07T11:25:41Z.
...
006 (13901880.000.000) 2021-01-07 12:25:49 Image size of job updated: 10912728
	9635  -  MemoryUsage of job (MB)
	9865552  -  ResidentSetSize of job (KB)
...
005 (13901880.000.000) 2021-01-07 12:25:49 Job terminated.
	(1) Normal termination (return value 0)
		Usr 0 00:04:09, Sys 0 00:00:20  -  Run Remote Usage
		Usr 0 00:00:00, Sys 0 00:00:00  -  Run Local Usage
		Usr 0 00:04:09, Sys 0 00:00:20  -  Total Remote Usage
		Usr 0 00:00:00, Sys 0 00:00:00  -  Total Local Usage
	0  -  Run Bytes Sent By Job
	0  -  Run Bytes Received By Job
	0  -  Total Bytes Sent By Job
	0  -  Total Bytes Received By Job
	Partitionable Resources :    Usage  Request Allocated 
	   Cpus                 :     0.92        1         1 
	   Disk (KB)            :     1     3584000   3958079 
	   Memory (MB)          :  9635        4096      4096 

	Job terminated of its own accord at 2021-01-07T11:25:49Z.
...
006 (13901880.012.000) 2021-01-07 12:25:53 Image size of job updated: 11274424
	9250  -  MemoryUsage of job (MB)
	9471164  -  ResidentSetSize of job (KB)
...
005 (13901880.012.000) 2021-01-07 12:25:53 Job terminated.
	(1) Normal termination (return value 0)
		Usr 0 00:04:06, Sys 0 00:00:21  -  Run Remote Usage
		Usr 0 00:00:00, Sys 0 00:00:00  -  Run Local Usage
		Usr 0 00:04:06, Sys 0 00:00:21  -  Total Remote Usage
		Usr 0 00:00:00, Sys 0 00:00:00  -  Total Local Usage
	0  -  Run Bytes Sent By Job
	0  -  Run Bytes Received By Job
	0  -  Total Bytes Sent By Job
	0  -  Total Bytes Received By Job
	Partitionable Resources :    Usage  Request Allocated 
	   Cpus                 :     0.88        1         1 
	   Disk (KB)            :     1     3584000   3955893 
	   Memory (MB)          :  9250        4096      4096 

	Job terminated of its own accord at 2021-01-07T11:25:53Z.
...
006 (13901880.008.000) 2021-01-07 12:25:54 Image size of job updated: 11316788
	9144  -  MemoryUsage of job (MB)
	9363380  -  ResidentSetSize of job (KB)
...
005 (13901880.008.000) 2021-01-07 12:25:54 Job terminated.
	(1) Normal termination (return value 0)
		Usr 0 00:04:08, Sys 0 00:00:21  -  Run Remote Usage
		Usr 0 00:00:00, Sys 0 00:00:00  -  Run Local Usage
		Usr 0 00:04:08, Sys 0 00:00:21  -  Total Remote Usage
		Usr 0 00:00:00, Sys 0 00:00:00  -  Total Local Usage
	0  -  Run Bytes Sent By Job
	0  -  Run Bytes Received By Job
	0  -  Total Bytes Sent By Job
	0  -  Total Bytes Received By Job
	Partitionable Resources :    Usage  Request Allocated 
	   Cpus                 :     0.87        1         1 
	   Disk (KB)            :     1     3584000   4541935 
	   Memory (MB)          :  9144        4096      4096 

	Job terminated of its own accord at 2021-01-07T11:25:54Z.
...
006 (13901880.023.000) 2021-01-07 12:25:59 Image size of job updated: 11285664
	9828  -  MemoryUsage of job (MB)
	10063224  -  ResidentSetSize of job (KB)
...
005 (13901880.023.000) 2021-01-07 12:25:59 Job terminated.
	(1) Normal termination (return value 0)
		Usr 0 00:04:08, Sys 0 00:00:24  -  Run Remote Usage
		Usr 0 00:00:00, Sys 0 00:00:00  -  Run Local Usage
		Usr 0 00:04:08, Sys 0 00:00:24  -  Total Remote Usage
		Usr 0 00:00:00, Sys 0 00:00:00  -  Total Local Usage
	0  -  Run Bytes Sent By Job
	0  -  Run Bytes Received By Job
	0  -  Total Bytes Sent By Job
	0  -  Total Bytes Received By Job
	Partitionable Resources :    Usage  Request Allocated 
	   Cpus                 :     0.91        1         1 
	   Disk (KB)            :     1     3584000   3955047 
	   Memory (MB)          :  9828        4096      4096 

	Job terminated of its own accord at 2021-01-07T11:25:59Z.
...
006 (13901880.011.000) 2021-01-07 12:26:05 Image size of job updated: 12917796
	8216  -  MemoryUsage of job (MB)
	8412924  -  ResidentSetSize of job (KB)
...
005 (13901880.011.000) 2021-01-07 12:26:05 Job terminated.
	(1) Normal termination (return value 0)
		Usr 0 00:03:59, Sys 0 00:00:16  -  Run Remote Usage
		Usr 0 00:00:00, Sys 0 00:00:00  -  Run Local Usage
		Usr 0 00:03:59, Sys 0 00:00:16  -  Total Remote Usage
		Usr 0 00:00:00, Sys 0 00:00:00  -  Total Local Usage
	0  -  Run Bytes Sent By Job
	0  -  Run Bytes Received By Job
	0  -  Total Bytes Sent By Job
	0  -  Total Bytes Received By Job
	Partitionable Resources :    Usage  Request Allocated 
	   Cpus                 :     0.89        1         1 
	   Disk (KB)            :     1     3584000   3994221 
	   Memory (MB)          :  8216        4096      4096 

	Job terminated of its own accord at 2021-01-07T11:26:05Z.
...
006 (13901880.022.000) 2021-01-07 12:26:06 Image size of job updated: 11262788
	9081  -  MemoryUsage of job (MB)
	9298716  -  ResidentSetSize of job (KB)
...
005 (13901880.022.000) 2021-01-07 12:26:06 Job terminated.
	(1) Normal termination (return value 0)
		Usr 0 00:04:13, Sys 0 00:00:21  -  Run Remote Usage
		Usr 0 00:00:00, Sys 0 00:00:00  -  Run Local Usage
		Usr 0 00:04:13, Sys 0 00:00:21  -  Total Remote Usage
		Usr 0 00:00:00, Sys 0 00:00:00  -  Total Local Usage
	0  -  Run Bytes Sent By Job
	0  -  Run Bytes Received By Job
	0  -  Total Bytes Sent By Job
	0  -  Total Bytes Received By Job
	Partitionable Resources :    Usage  Request Allocated 
	   Cpus                 :     0.82        1         1 
	   Disk (KB)            :     1     3584000   4544569 
	   Memory (MB)          :  9081        4096      4096 

	Job terminated of its own accord at 2021-01-07T11:26:06Z.
...
006 (13901880.024.000) 2021-01-07 12:26:10 Image size of job updated: 11345648
	6233  -  MemoryUsage of job (MB)
	6382168  -  ResidentSetSize of job (KB)
...
005 (13901880.024.000) 2021-01-07 12:26:10 Job terminated.
	(1) Normal termination (return value 0)
		Usr 0 00:04:02, Sys 0 00:00:19  -  Run Remote Usage
		Usr 0 00:00:00, Sys 0 00:00:00  -  Run Local Usage
		Usr 0 00:04:02, Sys 0 00:00:19  -  Total Remote Usage
		Usr 0 00:00:00, Sys 0 00:00:00  -  Total Local Usage
	0  -  Run Bytes Sent By Job
	0  -  Run Bytes Received By Job
	0  -  Total Bytes Sent By Job
	0  -  Total Bytes Received By Job
	Partitionable Resources :    Usage  Request Allocated 
	   Cpus                 :     0.91        1         1 
	   Disk (KB)            :     1     3584000   3969960 
	   Memory (MB)          :  6233        4096      4096 

	Job terminated of its own accord at 2021-01-07T11:26:10Z.
...
006 (13901880.013.000) 2021-01-07 12:26:15 Image size of job updated: 11344412
	9009  -  MemoryUsage of job (MB)
	9224208  -  ResidentSetSize of job (KB)
...
005 (13901880.013.000) 2021-01-07 12:26:17 Job terminated.
	(1) Normal termination (return value 0)
		Usr 0 00:04:07, Sys 0 00:00:23  -  Run Remote Usage
		Usr 0 00:00:00, Sys 0 00:00:00  -  Run Local Usage
		Usr 0 00:04:07, Sys 0 00:00:23  -  Total Remote Usage
		Usr 0 00:00:00, Sys 0 00:00:00  -  Total Local Usage
	0  -  Run Bytes Sent By Job
	0  -  Run Bytes Received By Job
	0  -  Total Bytes Sent By Job
	0  -  Total Bytes Received By Job
	Partitionable Resources :    Usage  Request Allocated 
	   Cpus                 :     0.84        1         1 
	   Disk (KB)            :     1     3584000   4544872 
	   Memory (MB)          :  9009        4096      4096 

	Job terminated of its own accord at 2021-01-07T11:26:14Z.
...
006 (13901880.014.000) 2021-01-07 12:26:50 Image size of job updated: 11268916
	8377  -  MemoryUsage of job (MB)
	8577160  -  ResidentSetSize of job (KB)
...
005 (13901880.014.000) 2021-01-07 12:26:50 Job terminated.
	(1) Normal termination (return value 0)
		Usr 0 00:04:11, Sys 0 00:00:20  -  Run Remote Usage
		Usr 0 00:00:00, Sys 0 00:00:00  -  Run Local Usage
		Usr 0 00:04:11, Sys 0 00:00:20  -  Total Remote Usage
		Usr 0 00:00:00, Sys 0 00:00:00  -  Total Local Usage
	0  -  Run Bytes Sent By Job
	0  -  Run Bytes Received By Job
	0  -  Total Bytes Sent By Job
	0  -  Total Bytes Received By Job
	Partitionable Resources :    Usage  Request Allocated 
	   Cpus                 :     0.90        1         1 
	   Disk (KB)            :     1     3584000   4785108 
	   Memory (MB)          :  8377        4096      4096 

	Job terminated of its own accord at 2021-01-07T11:26:50Z.
...
006 (13901880.007.000) 2021-01-07 12:26:53 Image size of job updated: 11351832
	4723  -  MemoryUsage of job (MB)
	4836120  -  ResidentSetSize of job (KB)
...
005 (13901880.007.000) 2021-01-07 12:26:53 Job terminated.
	(1) Normal termination (return value 0)
		Usr 0 00:04:22, Sys 0 00:00:22  -  Run Remote Usage
		Usr 0 00:00:00, Sys 0 00:00:00  -  Run Local Usage
		Usr 0 00:04:22, Sys 0 00:00:22  -  Total Remote Usage
		Usr 0 00:00:00, Sys 0 00:00:00  -  Total Local Usage
	0  -  Run Bytes Sent By Job
	0  -  Run Bytes Received By Job
	0  -  Total Bytes Sent By Job
	0  -  Total Bytes Received By Job
	Partitionable Resources :    Usage  Request Allocated 
	   Cpus                 :     0.70        1         1 
	   Disk (KB)            :     1     3584000   4385904 
	   Memory (MB)          :  4723        4096      4096 

	Job terminated of its own accord at 2021-01-07T11:26:53Z.
...
006 (13901880.016.000) 2021-01-07 12:28:11 Image size of job updated: 11337240
	6805  -  MemoryUsage of job (MB)
	6967356  -  ResidentSetSize of job (KB)
...
005 (13901880.016.000) 2021-01-07 12:28:11 Job terminated.
	(1) Normal termination (return value 0)
		Usr 0 00:04:08, Sys 0 00:00:25  -  Run Remote Usage
		Usr 0 00:00:00, Sys 0 00:00:00  -  Run Local Usage
		Usr 0 00:04:08, Sys 0 00:00:25  -  Total Remote Usage
		Usr 0 00:00:00, Sys 0 00:00:00  -  Total Local Usage
	0  -  Run Bytes Sent By Job
	0  -  Run Bytes Received By Job
	0  -  Total Bytes Sent By Job
	0  -  Total Bytes Received By Job
	Partitionable Resources :    Usage  Request Allocated 
	   Cpus                 :     0.87        1         1 
	   Disk (KB)            :     1     3584000   4323100 
	   Memory (MB)          :  6805        4096      4096 

	Job terminated of its own accord at 2021-01-07T11:28:11Z.
...
006 (13901880.017.000) 2021-01-07 12:28:26 Image size of job updated: 8341020
	7207  -  MemoryUsage of job (MB)
	7379320  -  ResidentSetSize of job (KB)
...
005 (13901880.017.000) 2021-01-07 12:28:27 Job terminated.
	(1) Normal termination (return value 0)
		Usr 0 00:04:12, Sys 0 00:00:26  -  Run Remote Usage
		Usr 0 00:00:00, Sys 0 00:00:00  -  Run Local Usage
		Usr 0 00:04:12, Sys 0 00:00:26  -  Total Remote Usage
		Usr 0 00:00:00, Sys 0 00:00:00  -  Total Local Usage
	0  -  Run Bytes Sent By Job
	0  -  Run Bytes Received By Job
	0  -  Total Bytes Sent By Job
	0  -  Total Bytes Received By Job
	Partitionable Resources :    Usage  Request Allocated 
	   Cpus                 :     0.06        1         1 
	   Disk (KB)            :     1     3584000   3834770 
	   Memory (MB)          :  7207        4096      4096 

	Job terminated of its own accord at 2021-01-07T11:28:26Z.
...
006 (13901880.019.000) 2021-01-07 12:30:25 Image size of job updated: 11265776
	4097  -  MemoryUsage of job (MB)
	4194584  -  ResidentSetSize of job (KB)
...
005 (13901880.019.000) 2021-01-07 12:30:25 Job terminated.
	(1) Normal termination (return value 0)
		Usr 0 00:04:09, Sys 0 00:00:27  -  Run Remote Usage
		Usr 0 00:00:00, Sys 0 00:00:00  -  Run Local Usage
		Usr 0 00:04:09, Sys 0 00:00:27  -  Total Remote Usage
		Usr 0 00:00:00, Sys 0 00:00:00  -  Total Local Usage
	0  -  Run Bytes Sent By Job
	0  -  Run Bytes Received By Job
	0  -  Total Bytes Sent By Job
	0  -  Total Bytes Received By Job
	Partitionable Resources :    Usage  Request Allocated 
	   Cpus                 :     0.01        1         1 
	   Disk (KB)            :     1     3584000   4296551 
	   Memory (MB)          :  4097        4096      4096 

	Job terminated of its own accord at 2021-01-07T11:30:25Z.
...
006 (13901880.020.000) 2021-01-07 12:30:38 Image size of job updated: 10332792
	8769  -  MemoryUsage of job (MB)
	8978532  -  ResidentSetSize of job (KB)
...
005 (13901880.020.000) 2021-01-07 12:31:20 Job terminated.
	(1) Normal termination (return value 0)
		Usr 0 00:04:08, Sys 0 00:00:27  -  Run Remote Usage
		Usr 0 00:00:00, Sys 0 00:00:00  -  Run Local Usage
		Usr 0 00:04:08, Sys 0 00:00:27  -  Total Remote Usage
		Usr 0 00:00:00, Sys 0 00:00:00  -  Total Local Usage
	0  -  Run Bytes Sent By Job
	0  -  Run Bytes Received By Job
	0  -  Total Bytes Sent By Job
	0  -  Total Bytes Received By Job
	Partitionable Resources :    Usage  Request Allocated 
	   Cpus                 :     0.73        1         1 
	   Disk (KB)            :     1     3584000   3842281 
	   Memory (MB)          :  8769        4096      4096 

	Job terminated of its own accord at 2021-01-07T11:31:20Z.
...
