000 (13901916.000.000) 2021-01-07 12:19:51 Job submitted from host: <131.169.223.42:9618?addrs=131.169.223.42-9618+[2001-638-700-10df--1-2a]-9618&alias=bird-htc-sched14.desy.de&noUDP&sock=schedd_1936_8371_3>
...
000 (13901916.001.000) 2021-01-07 12:19:51 Job submitted from host: <131.169.223.42:9618?addrs=131.169.223.42-9618+[2001-638-700-10df--1-2a]-9618&alias=bird-htc-sched14.desy.de&noUDP&sock=schedd_1936_8371_3>
...
000 (13901916.002.000) 2021-01-07 12:19:51 Job submitted from host: <131.169.223.42:9618?addrs=131.169.223.42-9618+[2001-638-700-10df--1-2a]-9618&alias=bird-htc-sched14.desy.de&noUDP&sock=schedd_1936_8371_3>
...
000 (13901916.003.000) 2021-01-07 12:19:51 Job submitted from host: <131.169.223.42:9618?addrs=131.169.223.42-9618+[2001-638-700-10df--1-2a]-9618&alias=bird-htc-sched14.desy.de&noUDP&sock=schedd_1936_8371_3>
...
000 (13901916.004.000) 2021-01-07 12:19:51 Job submitted from host: <131.169.223.42:9618?addrs=131.169.223.42-9618+[2001-638-700-10df--1-2a]-9618&alias=bird-htc-sched14.desy.de&noUDP&sock=schedd_1936_8371_3>
...
000 (13901916.005.000) 2021-01-07 12:19:51 Job submitted from host: <131.169.223.42:9618?addrs=131.169.223.42-9618+[2001-638-700-10df--1-2a]-9618&alias=bird-htc-sched14.desy.de&noUDP&sock=schedd_1936_8371_3>
...
000 (13901916.006.000) 2021-01-07 12:19:51 Job submitted from host: <131.169.223.42:9618?addrs=131.169.223.42-9618+[2001-638-700-10df--1-2a]-9618&alias=bird-htc-sched14.desy.de&noUDP&sock=schedd_1936_8371_3>
...
000 (13901916.007.000) 2021-01-07 12:19:51 Job submitted from host: <131.169.223.42:9618?addrs=131.169.223.42-9618+[2001-638-700-10df--1-2a]-9618&alias=bird-htc-sched14.desy.de&noUDP&sock=schedd_1936_8371_3>
...
000 (13901916.008.000) 2021-01-07 12:19:51 Job submitted from host: <131.169.223.42:9618?addrs=131.169.223.42-9618+[2001-638-700-10df--1-2a]-9618&alias=bird-htc-sched14.desy.de&noUDP&sock=schedd_1936_8371_3>
...
000 (13901916.009.000) 2021-01-07 12:19:51 Job submitted from host: <131.169.223.42:9618?addrs=131.169.223.42-9618+[2001-638-700-10df--1-2a]-9618&alias=bird-htc-sched14.desy.de&noUDP&sock=schedd_1936_8371_3>
...
000 (13901916.010.000) 2021-01-07 12:19:51 Job submitted from host: <131.169.223.42:9618?addrs=131.169.223.42-9618+[2001-638-700-10df--1-2a]-9618&alias=bird-htc-sched14.desy.de&noUDP&sock=schedd_1936_8371_3>
...
000 (13901916.011.000) 2021-01-07 12:19:51 Job submitted from host: <131.169.223.42:9618?addrs=131.169.223.42-9618+[2001-638-700-10df--1-2a]-9618&alias=bird-htc-sched14.desy.de&noUDP&sock=schedd_1936_8371_3>
...
000 (13901916.012.000) 2021-01-07 12:19:51 Job submitted from host: <131.169.223.42:9618?addrs=131.169.223.42-9618+[2001-638-700-10df--1-2a]-9618&alias=bird-htc-sched14.desy.de&noUDP&sock=schedd_1936_8371_3>
...
000 (13901916.013.000) 2021-01-07 12:19:51 Job submitted from host: <131.169.223.42:9618?addrs=131.169.223.42-9618+[2001-638-700-10df--1-2a]-9618&alias=bird-htc-sched14.desy.de&noUDP&sock=schedd_1936_8371_3>
...
000 (13901916.014.000) 2021-01-07 12:19:51 Job submitted from host: <131.169.223.42:9618?addrs=131.169.223.42-9618+[2001-638-700-10df--1-2a]-9618&alias=bird-htc-sched14.desy.de&noUDP&sock=schedd_1936_8371_3>
...
000 (13901916.015.000) 2021-01-07 12:19:51 Job submitted from host: <131.169.223.42:9618?addrs=131.169.223.42-9618+[2001-638-700-10df--1-2a]-9618&alias=bird-htc-sched14.desy.de&noUDP&sock=schedd_1936_8371_3>
...
000 (13901916.016.000) 2021-01-07 12:19:51 Job submitted from host: <131.169.223.42:9618?addrs=131.169.223.42-9618+[2001-638-700-10df--1-2a]-9618&alias=bird-htc-sched14.desy.de&noUDP&sock=schedd_1936_8371_3>
...
000 (13901916.017.000) 2021-01-07 12:19:51 Job submitted from host: <131.169.223.42:9618?addrs=131.169.223.42-9618+[2001-638-700-10df--1-2a]-9618&alias=bird-htc-sched14.desy.de&noUDP&sock=schedd_1936_8371_3>
...
000 (13901916.018.000) 2021-01-07 12:19:51 Job submitted from host: <131.169.223.42:9618?addrs=131.169.223.42-9618+[2001-638-700-10df--1-2a]-9618&alias=bird-htc-sched14.desy.de&noUDP&sock=schedd_1936_8371_3>
...
000 (13901916.019.000) 2021-01-07 12:19:51 Job submitted from host: <131.169.223.42:9618?addrs=131.169.223.42-9618+[2001-638-700-10df--1-2a]-9618&alias=bird-htc-sched14.desy.de&noUDP&sock=schedd_1936_8371_3>
...
000 (13901916.020.000) 2021-01-07 12:19:51 Job submitted from host: <131.169.223.42:9618?addrs=131.169.223.42-9618+[2001-638-700-10df--1-2a]-9618&alias=bird-htc-sched14.desy.de&noUDP&sock=schedd_1936_8371_3>
...
000 (13901916.021.000) 2021-01-07 12:19:51 Job submitted from host: <131.169.223.42:9618?addrs=131.169.223.42-9618+[2001-638-700-10df--1-2a]-9618&alias=bird-htc-sched14.desy.de&noUDP&sock=schedd_1936_8371_3>
...
000 (13901916.022.000) 2021-01-07 12:19:51 Job submitted from host: <131.169.223.42:9618?addrs=131.169.223.42-9618+[2001-638-700-10df--1-2a]-9618&alias=bird-htc-sched14.desy.de&noUDP&sock=schedd_1936_8371_3>
...
000 (13901916.023.000) 2021-01-07 12:19:51 Job submitted from host: <131.169.223.42:9618?addrs=131.169.223.42-9618+[2001-638-700-10df--1-2a]-9618&alias=bird-htc-sched14.desy.de&noUDP&sock=schedd_1936_8371_3>
...
000 (13901916.024.000) 2021-01-07 12:19:51 Job submitted from host: <131.169.223.42:9618?addrs=131.169.223.42-9618+[2001-638-700-10df--1-2a]-9618&alias=bird-htc-sched14.desy.de&noUDP&sock=schedd_1936_8371_3>
...
001 (13901916.000.000) 2021-01-07 12:22:50 Job executing on host: <131.169.162.154:44470?addrs=131.169.162.154-44470&alias=batch1154.desy.de>
...
001 (13901916.003.000) 2021-01-07 12:22:51 Job executing on host: <131.169.162.154:44470?addrs=131.169.162.154-44470&alias=batch1154.desy.de>
...
001 (13901916.001.000) 2021-01-07 12:22:51 Job executing on host: <131.169.162.168:42878?addrs=131.169.162.168-42878&alias=batch1168.desy.de>
...
001 (13901916.004.000) 2021-01-07 12:22:51 Job executing on host: <131.169.162.168:42878?addrs=131.169.162.168-42878&alias=batch1168.desy.de>
...
001 (13901916.005.000) 2021-01-07 12:22:51 Job executing on host: <131.169.162.168:42878?addrs=131.169.162.168-42878&alias=batch1168.desy.de>
...
006 (13901916.000.000) 2021-01-07 12:22:59 Image size of job updated: 374792
	334  -  MemoryUsage of job (MB)
	341756  -  ResidentSetSize of job (KB)
...
006 (13901916.003.000) 2021-01-07 12:22:59 Image size of job updated: 368288
	350  -  MemoryUsage of job (MB)
	357772  -  ResidentSetSize of job (KB)
...
006 (13901916.001.000) 2021-01-07 12:22:59 Image size of job updated: 387020
	376  -  MemoryUsage of job (MB)
	384588  -  ResidentSetSize of job (KB)
...
006 (13901916.004.000) 2021-01-07 12:22:59 Image size of job updated: 440748
	395  -  MemoryUsage of job (MB)
	404176  -  ResidentSetSize of job (KB)
...
006 (13901916.005.000) 2021-01-07 12:23:00 Image size of job updated: 546624
	517  -  MemoryUsage of job (MB)
	529400  -  ResidentSetSize of job (KB)
...
001 (13901916.006.000) 2021-01-07 12:23:25 Job executing on host: <131.169.77.227:38205?addrs=131.169.77.227-38205&alias=bird781.desy.de>
...
001 (13901916.007.000) 2021-01-07 12:23:25 Job executing on host: <131.169.163.120:41262?addrs=131.169.163.120-41262&alias=bird681.desy.de>
...
001 (13901916.011.000) 2021-01-07 12:23:25 Job executing on host: <131.169.164.15:33367?addrs=131.169.164.15-33367&alias=bird815.desy.de>
...
001 (13901916.016.000) 2021-01-07 12:23:25 Job executing on host: <131.169.163.135:39559?addrs=131.169.163.135-39559&alias=bird696.desy.de>
...
001 (13901916.021.000) 2021-01-07 12:23:25 Job executing on host: <131.169.163.111:39042?addrs=131.169.163.111-39042&alias=bird672.desy.de>
...
001 (13901916.020.000) 2021-01-07 12:23:25 Job executing on host: <131.169.164.43:39984?addrs=131.169.164.43-39984&alias=bird843.desy.de>
...
001 (13901916.024.000) 2021-01-07 12:23:25 Job executing on host: <131.169.163.103:44758?addrs=131.169.163.103-44758&alias=bird664.desy.de>
...
001 (13901916.022.000) 2021-01-07 12:23:26 Job executing on host: <131.169.160.151:35514?addrs=131.169.160.151-35514&alias=batch1051.desy.de>
...
001 (13901916.023.000) 2021-01-07 12:23:26 Job executing on host: <131.169.160.155:36134?addrs=131.169.160.155-36134&alias=batch1055.desy.de>
...
001 (13901916.013.000) 2021-01-07 12:23:26 Job executing on host: <131.169.164.28:42397?addrs=131.169.164.28-42397&alias=bird828.desy.de>
...
001 (13901916.014.000) 2021-01-07 12:23:26 Job executing on host: <131.169.77.51:32943?addrs=131.169.77.51-32943&alias=bird569.desy.de>
...
001 (13901916.015.000) 2021-01-07 12:23:26 Job executing on host: <131.169.164.3:35059?addrs=131.169.164.3-35059&alias=bird803.desy.de>
...
001 (13901916.018.000) 2021-01-07 12:23:26 Job executing on host: <131.169.77.161:33959?addrs=131.169.77.161-33959&alias=bird641.desy.de>
...
001 (13901916.017.000) 2021-01-07 12:23:26 Job executing on host: <131.169.164.30:35520?addrs=131.169.164.30-35520&alias=bird830.desy.de>
...
001 (13901916.019.000) 2021-01-07 12:23:26 Job executing on host: <131.169.164.38:39717?addrs=131.169.164.38-39717&alias=bird838.desy.de>
...
001 (13901916.010.000) 2021-01-07 12:23:26 Job executing on host: <131.169.77.53:42209?addrs=131.169.77.53-42209&alias=bird571.desy.de>
...
001 (13901916.008.000) 2021-01-07 12:23:26 Job executing on host: <131.169.77.171:43111?addrs=131.169.77.171-43111&alias=bird651.desy.de>
...
001 (13901916.009.000) 2021-01-07 12:23:26 Job executing on host: <131.169.77.210:43136?addrs=131.169.77.210-43136&alias=bird764.desy.de>
...
001 (13901916.012.000) 2021-01-07 12:23:26 Job executing on host: <131.169.77.212:45405?addrs=131.169.77.212-45405&alias=bird766.desy.de>
...
006 (13901916.022.000) 2021-01-07 12:23:34 Image size of job updated: 274280
	188  -  MemoryUsage of job (MB)
	191944  -  ResidentSetSize of job (KB)
...
006 (13901916.023.000) 2021-01-07 12:23:34 Image size of job updated: 272524
	187  -  MemoryUsage of job (MB)
	190780  -  ResidentSetSize of job (KB)
...
006 (13901916.006.000) 2021-01-07 12:23:34 Image size of job updated: 447796
	358  -  MemoryUsage of job (MB)
	365912  -  ResidentSetSize of job (KB)
...
006 (13901916.007.000) 2021-01-07 12:23:34 Image size of job updated: 481972
	390  -  MemoryUsage of job (MB)
	398544  -  ResidentSetSize of job (KB)
...
006 (13901916.011.000) 2021-01-07 12:23:34 Image size of job updated: 428624
	373  -  MemoryUsage of job (MB)
	381828  -  ResidentSetSize of job (KB)
...
006 (13901916.016.000) 2021-01-07 12:23:34 Image size of job updated: 380932
	358  -  MemoryUsage of job (MB)
	365912  -  ResidentSetSize of job (KB)
...
006 (13901916.021.000) 2021-01-07 12:23:34 Image size of job updated: 463572
	373  -  MemoryUsage of job (MB)
	381548  -  ResidentSetSize of job (KB)
...
006 (13901916.020.000) 2021-01-07 12:23:34 Image size of job updated: 317744
	282  -  MemoryUsage of job (MB)
	287792  -  ResidentSetSize of job (KB)
...
006 (13901916.024.000) 2021-01-07 12:23:34 Image size of job updated: 372604
	358  -  MemoryUsage of job (MB)
	366164  -  ResidentSetSize of job (KB)
...
006 (13901916.013.000) 2021-01-07 12:23:35 Image size of job updated: 405600
	341  -  MemoryUsage of job (MB)
	349180  -  ResidentSetSize of job (KB)
...
006 (13901916.014.000) 2021-01-07 12:23:35 Image size of job updated: 392928
	301  -  MemoryUsage of job (MB)
	308140  -  ResidentSetSize of job (KB)
...
006 (13901916.015.000) 2021-01-07 12:23:35 Image size of job updated: 456376
	363  -  MemoryUsage of job (MB)
	371596  -  ResidentSetSize of job (KB)
...
006 (13901916.018.000) 2021-01-07 12:23:35 Image size of job updated: 319616
	230  -  MemoryUsage of job (MB)
	235280  -  ResidentSetSize of job (KB)
...
006 (13901916.017.000) 2021-01-07 12:23:35 Image size of job updated: 452668
	359  -  MemoryUsage of job (MB)
	367472  -  ResidentSetSize of job (KB)
...
006 (13901916.019.000) 2021-01-07 12:23:35 Image size of job updated: 311360
	288  -  MemoryUsage of job (MB)
	294828  -  ResidentSetSize of job (KB)
...
006 (13901916.008.000) 2021-01-07 12:23:35 Image size of job updated: 337924
	283  -  MemoryUsage of job (MB)
	289780  -  ResidentSetSize of job (KB)
...
006 (13901916.010.000) 2021-01-07 12:23:35 Image size of job updated: 323024
	268  -  MemoryUsage of job (MB)
	273896  -  ResidentSetSize of job (KB)
...
006 (13901916.009.000) 2021-01-07 12:23:35 Image size of job updated: 436960
	359  -  MemoryUsage of job (MB)
	367396  -  ResidentSetSize of job (KB)
...
006 (13901916.012.000) 2021-01-07 12:23:35 Image size of job updated: 427212
	372  -  MemoryUsage of job (MB)
	380604  -  ResidentSetSize of job (KB)
...
001 (13901916.002.000) 2021-01-07 12:24:26 Job executing on host: <131.169.162.158:44018?addrs=131.169.162.158-44018&alias=batch1158.desy.de>
...
006 (13901916.002.000) 2021-01-07 12:24:39 Image size of job updated: 355676
	334  -  MemoryUsage of job (MB)
	341932  -  ResidentSetSize of job (KB)
...
006 (13901916.003.000) 2021-01-07 12:26:26 Image size of job updated: 11064464
	350  -  MemoryUsage of job (MB)
	357772  -  ResidentSetSize of job (KB)
...
005 (13901916.003.000) 2021-01-07 12:26:26 Job terminated.
	(1) Normal termination (return value 0)
		Usr 0 00:02:45, Sys 0 00:00:10  -  Run Remote Usage
		Usr 0 00:00:00, Sys 0 00:00:00  -  Run Local Usage
		Usr 0 00:02:45, Sys 0 00:00:10  -  Total Remote Usage
		Usr 0 00:00:00, Sys 0 00:00:00  -  Total Local Usage
	0  -  Run Bytes Sent By Job
	0  -  Run Bytes Received By Job
	0  -  Total Bytes Sent By Job
	0  -  Total Bytes Received By Job
	Partitionable Resources :    Usage  Request Allocated 
	   Cpus                 :     0.84        1         1 
	   Disk (KB)            :     1     3584000   4810385 
	   Memory (MB)          :   350        4096      4096 

	Job terminated of its own accord at 2021-01-07T11:26:26Z.
...
005 (13901916.000.000) 2021-01-07 12:26:26 Job terminated.
	(1) Normal termination (return value 0)
		Usr 0 00:02:49, Sys 0 00:00:08  -  Run Remote Usage
		Usr 0 00:00:00, Sys 0 00:00:00  -  Run Local Usage
		Usr 0 00:02:49, Sys 0 00:00:08  -  Total Remote Usage
		Usr 0 00:00:00, Sys 0 00:00:00  -  Total Local Usage
	0  -  Run Bytes Sent By Job
	0  -  Run Bytes Received By Job
	0  -  Total Bytes Sent By Job
	0  -  Total Bytes Received By Job
	Partitionable Resources :    Usage  Request Allocated 
	   Cpus                 :     0.85        1         1 
	   Disk (KB)            :     1     3584000   4810385 
	   Memory (MB)          :   334        4096      4096 

	Job terminated of its own accord at 2021-01-07T11:26:26Z.
...
006 (13901916.004.000) 2021-01-07 12:26:30 Image size of job updated: 11069504
	395  -  MemoryUsage of job (MB)
	404176  -  ResidentSetSize of job (KB)
...
005 (13901916.004.000) 2021-01-07 12:26:30 Job terminated.
	(1) Normal termination (return value 0)
		Usr 0 00:02:49, Sys 0 00:00:08  -  Run Remote Usage
		Usr 0 00:00:00, Sys 0 00:00:00  -  Run Local Usage
		Usr 0 00:02:49, Sys 0 00:00:08  -  Total Remote Usage
		Usr 0 00:00:00, Sys 0 00:00:00  -  Total Local Usage
	0  -  Run Bytes Sent By Job
	0  -  Run Bytes Received By Job
	0  -  Total Bytes Sent By Job
	0  -  Total Bytes Received By Job
	Partitionable Resources :    Usage  Request Allocated 
	   Cpus                 :     0.79        1         1 
	   Disk (KB)            :     1     3584000   4409357 
	   Memory (MB)          :   395        4096      4096 

	Job terminated of its own accord at 2021-01-07T11:26:29Z.
...
006 (13901916.005.000) 2021-01-07 12:26:32 Image size of job updated: 3400352
	518  -  MemoryUsage of job (MB)
	529456  -  ResidentSetSize of job (KB)
...
006 (13901916.001.000) 2021-01-07 12:26:32 Image size of job updated: 1511928
	376  -  MemoryUsage of job (MB)
	384608  -  ResidentSetSize of job (KB)
...
005 (13901916.001.000) 2021-01-07 12:26:32 Job terminated.
	(1) Normal termination (return value 0)
		Usr 0 00:02:49, Sys 0 00:00:10  -  Run Remote Usage
		Usr 0 00:00:00, Sys 0 00:00:00  -  Run Local Usage
		Usr 0 00:02:49, Sys 0 00:00:10  -  Total Remote Usage
		Usr 0 00:00:00, Sys 0 00:00:00  -  Total Local Usage
	0  -  Run Bytes Sent By Job
	0  -  Run Bytes Received By Job
	0  -  Total Bytes Sent By Job
	0  -  Total Bytes Received By Job
	Partitionable Resources :    Usage  Request Allocated 
	   Cpus                 :     0.85        1         1 
	   Disk (KB)            :     1     3584000   4409357 
	   Memory (MB)          :   376        4096      4096 

	Job terminated of its own accord at 2021-01-07T11:26:31Z.
...
005 (13901916.005.000) 2021-01-07 12:26:32 Job terminated.
	(1) Normal termination (return value 0)
		Usr 0 00:02:50, Sys 0 00:00:09  -  Run Remote Usage
		Usr 0 00:00:00, Sys 0 00:00:00  -  Run Local Usage
		Usr 0 00:02:50, Sys 0 00:00:09  -  Total Remote Usage
		Usr 0 00:00:00, Sys 0 00:00:00  -  Total Local Usage
	0  -  Run Bytes Sent By Job
	0  -  Run Bytes Received By Job
	0  -  Total Bytes Sent By Job
	0  -  Total Bytes Received By Job
	Partitionable Resources :    Usage  Request Allocated 
	   Cpus                 :     0.72        1         1 
	   Disk (KB)            :     1     3584000   4409357 
	   Memory (MB)          :   518        4096      4096 

	Job terminated of its own accord at 2021-01-07T11:26:31Z.
...
006 (13901916.011.000) 2021-01-07 12:27:58 Image size of job updated: 428624
	373  -  MemoryUsage of job (MB)
	381864  -  ResidentSetSize of job (KB)
...
005 (13901916.011.000) 2021-01-07 12:27:58 Job terminated.
	(1) Normal termination (return value 0)
		Usr 0 00:03:46, Sys 0 00:00:15  -  Run Remote Usage
		Usr 0 00:00:00, Sys 0 00:00:00  -  Run Local Usage
		Usr 0 00:03:46, Sys 0 00:00:15  -  Total Remote Usage
		Usr 0 00:00:00, Sys 0 00:00:00  -  Total Local Usage
	0  -  Run Bytes Sent By Job
	0  -  Run Bytes Received By Job
	0  -  Total Bytes Sent By Job
	0  -  Total Bytes Received By Job
	Partitionable Resources :    Usage  Request Allocated 
	   Cpus                 :     0.91        1         1 
	   Disk (KB)            :     1     3584000   3994221 
	   Memory (MB)          :   373        4096      4096 

	Job terminated of its own accord at 2021-01-07T11:27:58Z.
...
006 (13901916.002.000) 2021-01-07 12:28:04 Image size of job updated: 355676
	335  -  MemoryUsage of job (MB)
	342168  -  ResidentSetSize of job (KB)
...
005 (13901916.002.000) 2021-01-07 12:28:04 Job terminated.
	(1) Normal termination (return value 0)
		Usr 0 00:02:45, Sys 0 00:00:08  -  Run Remote Usage
		Usr 0 00:00:00, Sys 0 00:00:00  -  Run Local Usage
		Usr 0 00:02:45, Sys 0 00:00:08  -  Total Remote Usage
		Usr 0 00:00:00, Sys 0 00:00:00  -  Total Local Usage
	0  -  Run Bytes Sent By Job
	0  -  Run Bytes Received By Job
	0  -  Total Bytes Sent By Job
	0  -  Total Bytes Received By Job
	Partitionable Resources :    Usage  Request Allocated 
	   Cpus                 :     0.84        1         1 
	   Disk (KB)            :     1     3584000   4408847 
	   Memory (MB)          :   335        4096      4096 

	Job terminated of its own accord at 2021-01-07T11:28:04Z.
...
006 (13901916.015.000) 2021-01-07 12:28:06 Image size of job updated: 11778332
	363  -  MemoryUsage of job (MB)
	371624  -  ResidentSetSize of job (KB)
...
005 (13901916.015.000) 2021-01-07 12:28:06 Job terminated.
	(1) Normal termination (return value 0)
		Usr 0 00:04:03, Sys 0 00:00:09  -  Run Remote Usage
		Usr 0 00:00:00, Sys 0 00:00:00  -  Run Local Usage
		Usr 0 00:04:03, Sys 0 00:00:09  -  Total Remote Usage
		Usr 0 00:00:00, Sys 0 00:00:00  -  Total Local Usage
	0  -  Run Bytes Sent By Job
	0  -  Run Bytes Received By Job
	0  -  Total Bytes Sent By Job
	0  -  Total Bytes Received By Job
	Partitionable Resources :    Usage  Request Allocated 
	   Cpus                 :     0.92        1         1 
	   Disk (KB)            :     1     3584000   4547720 
	   Memory (MB)          :   363        4096      4096 

	Job terminated of its own accord at 2021-01-07T11:28:06Z.
...
006 (13901916.008.000) 2021-01-07 12:28:10 Image size of job updated: 11124224
	284  -  MemoryUsage of job (MB)
	289816  -  ResidentSetSize of job (KB)
...
005 (13901916.008.000) 2021-01-07 12:28:10 Job terminated.
	(1) Normal termination (return value 0)
		Usr 0 00:03:54, Sys 0 00:00:17  -  Run Remote Usage
		Usr 0 00:00:00, Sys 0 00:00:00  -  Run Local Usage
		Usr 0 00:03:54, Sys 0 00:00:17  -  Total Remote Usage
		Usr 0 00:00:00, Sys 0 00:00:00  -  Total Local Usage
	0  -  Run Bytes Sent By Job
	0  -  Run Bytes Received By Job
	0  -  Total Bytes Sent By Job
	0  -  Total Bytes Received By Job
	Partitionable Resources :    Usage  Request Allocated 
	   Cpus                 :     0.90        1         1 
	   Disk (KB)            :     1     3584000   4786083 
	   Memory (MB)          :   284        4096      4096 

	Job terminated of its own accord at 2021-01-07T11:28:10Z.
...
006 (13901916.021.000) 2021-01-07 12:28:14 Image size of job updated: 12674476
	373  -  MemoryUsage of job (MB)
	381624  -  ResidentSetSize of job (KB)
...
005 (13901916.021.000) 2021-01-07 12:28:14 Job terminated.
	(1) Normal termination (return value 0)
		Usr 0 00:03:56, Sys 0 00:00:17  -  Run Remote Usage
		Usr 0 00:00:00, Sys 0 00:00:00  -  Run Local Usage
		Usr 0 00:03:56, Sys 0 00:00:17  -  Total Remote Usage
		Usr 0 00:00:00, Sys 0 00:00:00  -  Total Local Usage
	0  -  Run Bytes Sent By Job
	0  -  Run Bytes Received By Job
	0  -  Total Bytes Sent By Job
	0  -  Total Bytes Received By Job
	Partitionable Resources :    Usage  Request Allocated 
	   Cpus                 :     0.92        1         1 
	   Disk (KB)            :     1     3584000   3958832 
	   Memory (MB)          :   373        4096      4096 

	Job terminated of its own accord at 2021-01-07T11:28:14Z.
...
006 (13901916.016.000) 2021-01-07 12:28:18 Image size of job updated: 380932
	358  -  MemoryUsage of job (MB)
	365948  -  ResidentSetSize of job (KB)
...
005 (13901916.016.000) 2021-01-07 12:28:18 Job terminated.
	(1) Normal termination (return value 0)
		Usr 0 00:04:01, Sys 0 00:00:15  -  Run Remote Usage
		Usr 0 00:00:00, Sys 0 00:00:00  -  Run Local Usage
		Usr 0 00:04:01, Sys 0 00:00:15  -  Total Remote Usage
		Usr 0 00:00:00, Sys 0 00:00:00  -  Total Local Usage
	0  -  Run Bytes Sent By Job
	0  -  Run Bytes Received By Job
	0  -  Total Bytes Sent By Job
	0  -  Total Bytes Received By Job
	Partitionable Resources :    Usage  Request Allocated 
	   Cpus                 :     0.92        1         1 
	   Disk (KB)            :     1     3584000   3954678 
	   Memory (MB)          :   358        4096      4096 

	Job terminated of its own accord at 2021-01-07T11:28:18Z.
...
006 (13901916.012.000) 2021-01-07 12:28:21 Image size of job updated: 427212
	372  -  MemoryUsage of job (MB)
	380624  -  ResidentSetSize of job (KB)
...
005 (13901916.012.000) 2021-01-07 12:28:21 Job terminated.
	(1) Normal termination (return value 0)
		Usr 0 00:04:07, Sys 0 00:00:18  -  Run Remote Usage
		Usr 0 00:00:00, Sys 0 00:00:00  -  Run Local Usage
		Usr 0 00:04:07, Sys 0 00:00:18  -  Total Remote Usage
		Usr 0 00:00:00, Sys 0 00:00:00  -  Total Local Usage
	0  -  Run Bytes Sent By Job
	0  -  Run Bytes Received By Job
	0  -  Total Bytes Sent By Job
	0  -  Total Bytes Received By Job
	Partitionable Resources :    Usage  Request Allocated 
	   Cpus                 :     0.90        1         1 
	   Disk (KB)            :     1     3584000   4781839 
	   Memory (MB)          :   372        4096      4096 

	Job terminated of its own accord at 2021-01-07T11:28:21Z.
...
005 (13901916.009.000) 2021-01-07 12:28:22 Job terminated.
	(1) Normal termination (return value 0)
		Usr 0 00:04:05, Sys 0 00:00:18  -  Run Remote Usage
		Usr 0 00:00:00, Sys 0 00:00:00  -  Run Local Usage
		Usr 0 00:04:05, Sys 0 00:00:18  -  Total Remote Usage
		Usr 0 00:00:00, Sys 0 00:00:00  -  Total Local Usage
	0  -  Run Bytes Sent By Job
	0  -  Run Bytes Received By Job
	0  -  Total Bytes Sent By Job
	0  -  Total Bytes Received By Job
	Partitionable Resources :    Usage  Request Allocated 
	   Cpus                 :     0.92        1         1 
	   Disk (KB)            :     1     3584000   4791518 
	   Memory (MB)          :   359        4096      4096 

	Job terminated of its own accord at 2021-01-07T11:28:22Z.
...
006 (13901916.007.000) 2021-01-07 12:28:26 Image size of job updated: 4764076
	390  -  MemoryUsage of job (MB)
	398588  -  ResidentSetSize of job (KB)
...
005 (13901916.007.000) 2021-01-07 12:28:26 Job terminated.
	(1) Normal termination (return value 0)
		Usr 0 00:04:07, Sys 0 00:00:22  -  Run Remote Usage
		Usr 0 00:00:00, Sys 0 00:00:00  -  Run Local Usage
		Usr 0 00:04:07, Sys 0 00:00:22  -  Total Remote Usage
		Usr 0 00:00:00, Sys 0 00:00:00  -  Total Local Usage
	0  -  Run Bytes Sent By Job
	0  -  Run Bytes Received By Job
	0  -  Total Bytes Sent By Job
	0  -  Total Bytes Received By Job
	Partitionable Resources :    Usage  Request Allocated 
	   Cpus                 :     0.91        1         1 
	   Disk (KB)            :     1     3584000   3950929 
	   Memory (MB)          :   390        4096      4096 

	Job terminated of its own accord at 2021-01-07T11:28:26Z.
...
006 (13901916.017.000) 2021-01-07 12:28:30 Image size of job updated: 11172560
	359  -  MemoryUsage of job (MB)
	367588  -  ResidentSetSize of job (KB)
...
005 (13901916.017.000) 2021-01-07 12:28:30 Job terminated.
	(1) Normal termination (return value 0)
		Usr 0 00:04:08, Sys 0 00:00:20  -  Run Remote Usage
		Usr 0 00:00:00, Sys 0 00:00:00  -  Run Local Usage
		Usr 0 00:04:08, Sys 0 00:00:20  -  Total Remote Usage
		Usr 0 00:00:00, Sys 0 00:00:00  -  Total Local Usage
	0  -  Run Bytes Sent By Job
	0  -  Run Bytes Received By Job
	0  -  Total Bytes Sent By Job
	0  -  Total Bytes Received By Job
	Partitionable Resources :    Usage  Request Allocated 
	   Cpus                 :     0.88        1         1 
	   Disk (KB)            :     1     3584000   4545969 
	   Memory (MB)          :   359        4096      4096 

	Job terminated of its own accord at 2021-01-07T11:28:30Z.
...
006 (13901916.019.000) 2021-01-07 12:28:31 Image size of job updated: 11034016
	289  -  MemoryUsage of job (MB)
	294928  -  ResidentSetSize of job (KB)
...
006 (13901916.020.000) 2021-01-07 12:28:31 Image size of job updated: 11083580
	282  -  MemoryUsage of job (MB)
	287832  -  ResidentSetSize of job (KB)
...
005 (13901916.019.000) 2021-01-07 12:28:31 Job terminated.
	(1) Normal termination (return value 0)
		Usr 0 00:04:03, Sys 0 00:00:20  -  Run Remote Usage
		Usr 0 00:00:00, Sys 0 00:00:00  -  Run Local Usage
		Usr 0 00:04:03, Sys 0 00:00:20  -  Total Remote Usage
		Usr 0 00:00:00, Sys 0 00:00:00  -  Total Local Usage
	0  -  Run Bytes Sent By Job
	0  -  Run Bytes Received By Job
	0  -  Total Bytes Sent By Job
	0  -  Total Bytes Received By Job
	Partitionable Resources :    Usage  Request Allocated 
	   Cpus                 :     0.89        1         1 
	   Disk (KB)            :     1     3584000   4538314 
	   Memory (MB)          :   289        4096      4096 

	Job terminated of its own accord at 2021-01-07T11:28:31Z.
...
005 (13901916.020.000) 2021-01-07 12:28:31 Job terminated.
	(1) Normal termination (return value 0)
		Usr 0 00:04:17, Sys 0 00:00:15  -  Run Remote Usage
		Usr 0 00:00:00, Sys 0 00:00:00  -  Run Local Usage
		Usr 0 00:04:17, Sys 0 00:00:15  -  Total Remote Usage
		Usr 0 00:00:00, Sys 0 00:00:00  -  Total Local Usage
	0  -  Run Bytes Sent By Job
	0  -  Run Bytes Received By Job
	0  -  Total Bytes Sent By Job
	0  -  Total Bytes Received By Job
	Partitionable Resources :    Usage  Request Allocated 
	   Cpus                 :     0.93        1         1 
	   Disk (KB)            :     1     3584000   4539952 
	   Memory (MB)          :   282        4096      4096 

	Job terminated of its own accord at 2021-01-07T11:28:31Z.
...
006 (13901916.022.000) 2021-01-07 12:28:34 Image size of job updated: 11014064
	10676  -  MemoryUsage of job (MB)
	10931724  -  ResidentSetSize of job (KB)
...
006 (13901916.023.000) 2021-01-07 12:28:34 Image size of job updated: 10817660
	10563  -  MemoryUsage of job (MB)
	10816460  -  ResidentSetSize of job (KB)
...
006 (13901916.024.000) 2021-01-07 12:28:35 Image size of job updated: 9892676
	4423  -  MemoryUsage of job (MB)
	4528488  -  ResidentSetSize of job (KB)
...
006 (13901916.006.000) 2021-01-07 12:28:35 Image size of job updated: 9337956
	9041  -  MemoryUsage of job (MB)
	9257332  -  ResidentSetSize of job (KB)
...
006 (13901916.013.000) 2021-01-07 12:28:36 Image size of job updated: 11001988
	8115  -  MemoryUsage of job (MB)
	8309004  -  ResidentSetSize of job (KB)
...
006 (13901916.014.000) 2021-01-07 12:28:36 Image size of job updated: 10151392
	7670  -  MemoryUsage of job (MB)
	7853524  -  ResidentSetSize of job (KB)
...
006 (13901916.018.000) 2021-01-07 12:28:36 Image size of job updated: 9827240
	3666  -  MemoryUsage of job (MB)
	3753176  -  ResidentSetSize of job (KB)
...
006 (13901916.010.000) 2021-01-07 12:28:36 Image size of job updated: 9535340
	8945  -  MemoryUsage of job (MB)
	9159292  -  ResidentSetSize of job (KB)
...
006 (13901916.013.000) 2021-01-07 12:28:37 Image size of job updated: 11002032
	8115  -  MemoryUsage of job (MB)
	8309008  -  ResidentSetSize of job (KB)
...
005 (13901916.013.000) 2021-01-07 12:28:37 Job terminated.
	(1) Normal termination (return value 0)
		Usr 0 00:04:07, Sys 0 00:00:18  -  Run Remote Usage
		Usr 0 00:00:00, Sys 0 00:00:00  -  Run Local Usage
		Usr 0 00:04:07, Sys 0 00:00:18  -  Total Remote Usage
		Usr 0 00:00:00, Sys 0 00:00:00  -  Total Local Usage
	0  -  Run Bytes Sent By Job
	0  -  Run Bytes Received By Job
	0  -  Total Bytes Sent By Job
	0  -  Total Bytes Received By Job
	Partitionable Resources :    Usage  Request Allocated 
	   Cpus                 :     0.88        1         1 
	   Disk (KB)            :     1     3584000   4543409 
	   Memory (MB)          :  8115        4096      4096 

	Job terminated of its own accord at 2021-01-07T11:28:37Z.
...
006 (13901916.022.000) 2021-01-07 12:28:41 Image size of job updated: 11172848
	10676  -  MemoryUsage of job (MB)
	10931784  -  ResidentSetSize of job (KB)
...
005 (13901916.022.000) 2021-01-07 12:28:41 Job terminated.
	(1) Normal termination (return value 0)
		Usr 0 00:04:19, Sys 0 00:00:23  -  Run Remote Usage
		Usr 0 00:00:00, Sys 0 00:00:00  -  Run Local Usage
		Usr 0 00:04:19, Sys 0 00:00:23  -  Total Remote Usage
		Usr 0 00:00:00, Sys 0 00:00:00  -  Total Local Usage
	0  -  Run Bytes Sent By Job
	0  -  Run Bytes Received By Job
	0  -  Total Bytes Sent By Job
	0  -  Total Bytes Received By Job
	Partitionable Resources :    Usage  Request Allocated 
	   Cpus                 :     0.92        1         1 
	   Disk (KB)            :     1     3584000   4370429 
	   Memory (MB)          : 10676        4096      4096 

	Job terminated of its own accord at 2021-01-07T11:28:41Z.
...
006 (13901916.023.000) 2021-01-07 12:28:45 Image size of job updated: 11054216
	10564  -  MemoryUsage of job (MB)
	10816520  -  ResidentSetSize of job (KB)
...
005 (13901916.023.000) 2021-01-07 12:28:45 Job terminated.
	(1) Normal termination (return value 0)
		Usr 0 00:04:15, Sys 0 00:00:27  -  Run Remote Usage
		Usr 0 00:00:00, Sys 0 00:00:00  -  Run Local Usage
		Usr 0 00:04:15, Sys 0 00:00:27  -  Total Remote Usage
		Usr 0 00:00:00, Sys 0 00:00:00  -  Total Local Usage
	0  -  Run Bytes Sent By Job
	0  -  Run Bytes Received By Job
	0  -  Total Bytes Sent By Job
	0  -  Total Bytes Received By Job
	Partitionable Resources :    Usage  Request Allocated 
	   Cpus                 :     0.92        1         1 
	   Disk (KB)            :     1     3584000   4432044 
	   Memory (MB)          : 10564        4096      4096 

	Job terminated of its own accord at 2021-01-07T11:28:45Z.
...
006 (13901916.014.000) 2021-01-07 12:29:22 Image size of job updated: 10151392
	7670  -  MemoryUsage of job (MB)
	7853632  -  ResidentSetSize of job (KB)
...
005 (13901916.014.000) 2021-01-07 12:29:22 Job terminated.
	(1) Normal termination (return value 0)
		Usr 0 00:04:03, Sys 0 00:00:17  -  Run Remote Usage
		Usr 0 00:00:00, Sys 0 00:00:00  -  Run Local Usage
		Usr 0 00:04:03, Sys 0 00:00:17  -  Total Remote Usage
		Usr 0 00:00:00, Sys 0 00:00:00  -  Total Local Usage
	0  -  Run Bytes Sent By Job
	0  -  Run Bytes Received By Job
	0  -  Total Bytes Sent By Job
	0  -  Total Bytes Received By Job
	Partitionable Resources :    Usage  Request Allocated 
	   Cpus                 :     0.46        1         1 
	   Disk (KB)            :     1     3584000   3822536 
	   Memory (MB)          :  7670        4096      4096 

	Job terminated of its own accord at 2021-01-07T11:29:22Z.
...
006 (13901916.006.000) 2021-01-07 12:29:24 Image size of job updated: 11117720
	9041  -  MemoryUsage of job (MB)
	9257344  -  ResidentSetSize of job (KB)
...
005 (13901916.006.000) 2021-01-07 12:29:24 Job terminated.
	(1) Normal termination (return value 0)
		Usr 0 00:04:08, Sys 0 00:00:23  -  Run Remote Usage
		Usr 0 00:00:00, Sys 0 00:00:00  -  Run Local Usage
		Usr 0 00:04:08, Sys 0 00:00:23  -  Total Remote Usage
		Usr 0 00:00:00, Sys 0 00:00:00  -  Total Local Usage
	0  -  Run Bytes Sent By Job
	0  -  Run Bytes Received By Job
	0  -  Total Bytes Sent By Job
	0  -  Total Bytes Received By Job
	Partitionable Resources :    Usage  Request Allocated 
	   Cpus                 :     0.94        1         1 
	   Disk (KB)            :     1     3584000   4785505 
	   Memory (MB)          :  9041        4096      4096 

	Job terminated of its own accord at 2021-01-07T11:29:24Z.
...
006 (13901916.024.000) 2021-01-07 12:29:24 Image size of job updated: 11090060
	4423  -  MemoryUsage of job (MB)
	4528528  -  ResidentSetSize of job (KB)
...
005 (13901916.024.000) 2021-01-07 12:29:24 Job terminated.
	(1) Normal termination (return value 0)
		Usr 0 00:04:03, Sys 0 00:00:20  -  Run Remote Usage
		Usr 0 00:00:00, Sys 0 00:00:00  -  Run Local Usage
		Usr 0 00:04:03, Sys 0 00:00:20  -  Total Remote Usage
		Usr 0 00:00:00, Sys 0 00:00:00  -  Total Local Usage
	0  -  Run Bytes Sent By Job
	0  -  Run Bytes Received By Job
	0  -  Total Bytes Sent By Job
	0  -  Total Bytes Received By Job
	Partitionable Resources :    Usage  Request Allocated 
	   Cpus                 :     0.89        1         1 
	   Disk (KB)            :     1     3584000   3972025 
	   Memory (MB)          :  4423        4096      4096 

	Job terminated of its own accord at 2021-01-07T11:29:24Z.
...
006 (13901916.018.000) 2021-01-07 12:29:41 Image size of job updated: 11036596
	3666  -  MemoryUsage of job (MB)
	3753212  -  ResidentSetSize of job (KB)
...
005 (13901916.018.000) 2021-01-07 12:29:41 Job terminated.
	(1) Normal termination (return value 0)
		Usr 0 00:04:35, Sys 0 00:00:18  -  Run Remote Usage
		Usr 0 00:00:00, Sys 0 00:00:00  -  Run Local Usage
		Usr 0 00:04:35, Sys 0 00:00:18  -  Total Remote Usage
		Usr 0 00:00:00, Sys 0 00:00:00  -  Total Local Usage
	0  -  Run Bytes Sent By Job
	0  -  Run Bytes Received By Job
	0  -  Total Bytes Sent By Job
	0  -  Total Bytes Received By Job
	Partitionable Resources :    Usage  Request Allocated 
	   Cpus                 :     0.52        1         1 
	   Disk (KB)            :     1     3584000   4496050 
	   Memory (MB)          :  3666        4096      4096 

	Job terminated of its own accord at 2021-01-07T11:29:41Z.
...
006 (13901916.010.000) 2021-01-07 12:30:46 Image size of job updated: 11081004
	8945  -  MemoryUsage of job (MB)
	9159292  -  ResidentSetSize of job (KB)
...
005 (13901916.010.000) 2021-01-07 12:30:46 Job terminated.
	(1) Normal termination (return value 0)
		Usr 0 00:04:14, Sys 0 00:00:18  -  Run Remote Usage
		Usr 0 00:00:00, Sys 0 00:00:00  -  Run Local Usage
		Usr 0 00:04:14, Sys 0 00:00:18  -  Total Remote Usage
		Usr 0 00:00:00, Sys 0 00:00:00  -  Total Local Usage
	0  -  Run Bytes Sent By Job
	0  -  Run Bytes Received By Job
	0  -  Total Bytes Sent By Job
	0  -  Total Bytes Received By Job
	Partitionable Resources :    Usage  Request Allocated 
	   Cpus                 :     0.21        1         1 
	   Disk (KB)            :     1     3584000   3820965 
	   Memory (MB)          :  8945        4096      4096 

	Job terminated of its own accord at 2021-01-07T11:30:46Z.
...
