000 (13901914.000.000) 2021-01-07 12:19:50 Job submitted from host: <131.169.223.42:9618?addrs=131.169.223.42-9618+[2001-638-700-10df--1-2a]-9618&alias=bird-htc-sched14.desy.de&noUDP&sock=schedd_1936_8371_3>
...
000 (13901914.001.000) 2021-01-07 12:19:50 Job submitted from host: <131.169.223.42:9618?addrs=131.169.223.42-9618+[2001-638-700-10df--1-2a]-9618&alias=bird-htc-sched14.desy.de&noUDP&sock=schedd_1936_8371_3>
...
000 (13901914.002.000) 2021-01-07 12:19:50 Job submitted from host: <131.169.223.42:9618?addrs=131.169.223.42-9618+[2001-638-700-10df--1-2a]-9618&alias=bird-htc-sched14.desy.de&noUDP&sock=schedd_1936_8371_3>
...
000 (13901914.003.000) 2021-01-07 12:19:50 Job submitted from host: <131.169.223.42:9618?addrs=131.169.223.42-9618+[2001-638-700-10df--1-2a]-9618&alias=bird-htc-sched14.desy.de&noUDP&sock=schedd_1936_8371_3>
...
000 (13901914.004.000) 2021-01-07 12:19:50 Job submitted from host: <131.169.223.42:9618?addrs=131.169.223.42-9618+[2001-638-700-10df--1-2a]-9618&alias=bird-htc-sched14.desy.de&noUDP&sock=schedd_1936_8371_3>
...
000 (13901914.005.000) 2021-01-07 12:19:50 Job submitted from host: <131.169.223.42:9618?addrs=131.169.223.42-9618+[2001-638-700-10df--1-2a]-9618&alias=bird-htc-sched14.desy.de&noUDP&sock=schedd_1936_8371_3>
...
000 (13901914.006.000) 2021-01-07 12:19:50 Job submitted from host: <131.169.223.42:9618?addrs=131.169.223.42-9618+[2001-638-700-10df--1-2a]-9618&alias=bird-htc-sched14.desy.de&noUDP&sock=schedd_1936_8371_3>
...
000 (13901914.007.000) 2021-01-07 12:19:50 Job submitted from host: <131.169.223.42:9618?addrs=131.169.223.42-9618+[2001-638-700-10df--1-2a]-9618&alias=bird-htc-sched14.desy.de&noUDP&sock=schedd_1936_8371_3>
...
000 (13901914.008.000) 2021-01-07 12:19:50 Job submitted from host: <131.169.223.42:9618?addrs=131.169.223.42-9618+[2001-638-700-10df--1-2a]-9618&alias=bird-htc-sched14.desy.de&noUDP&sock=schedd_1936_8371_3>
...
000 (13901914.009.000) 2021-01-07 12:19:50 Job submitted from host: <131.169.223.42:9618?addrs=131.169.223.42-9618+[2001-638-700-10df--1-2a]-9618&alias=bird-htc-sched14.desy.de&noUDP&sock=schedd_1936_8371_3>
...
000 (13901914.010.000) 2021-01-07 12:19:50 Job submitted from host: <131.169.223.42:9618?addrs=131.169.223.42-9618+[2001-638-700-10df--1-2a]-9618&alias=bird-htc-sched14.desy.de&noUDP&sock=schedd_1936_8371_3>
...
000 (13901914.011.000) 2021-01-07 12:19:50 Job submitted from host: <131.169.223.42:9618?addrs=131.169.223.42-9618+[2001-638-700-10df--1-2a]-9618&alias=bird-htc-sched14.desy.de&noUDP&sock=schedd_1936_8371_3>
...
000 (13901914.012.000) 2021-01-07 12:19:50 Job submitted from host: <131.169.223.42:9618?addrs=131.169.223.42-9618+[2001-638-700-10df--1-2a]-9618&alias=bird-htc-sched14.desy.de&noUDP&sock=schedd_1936_8371_3>
...
000 (13901914.013.000) 2021-01-07 12:19:50 Job submitted from host: <131.169.223.42:9618?addrs=131.169.223.42-9618+[2001-638-700-10df--1-2a]-9618&alias=bird-htc-sched14.desy.de&noUDP&sock=schedd_1936_8371_3>
...
000 (13901914.014.000) 2021-01-07 12:19:50 Job submitted from host: <131.169.223.42:9618?addrs=131.169.223.42-9618+[2001-638-700-10df--1-2a]-9618&alias=bird-htc-sched14.desy.de&noUDP&sock=schedd_1936_8371_3>
...
000 (13901914.015.000) 2021-01-07 12:19:50 Job submitted from host: <131.169.223.42:9618?addrs=131.169.223.42-9618+[2001-638-700-10df--1-2a]-9618&alias=bird-htc-sched14.desy.de&noUDP&sock=schedd_1936_8371_3>
...
000 (13901914.016.000) 2021-01-07 12:19:50 Job submitted from host: <131.169.223.42:9618?addrs=131.169.223.42-9618+[2001-638-700-10df--1-2a]-9618&alias=bird-htc-sched14.desy.de&noUDP&sock=schedd_1936_8371_3>
...
000 (13901914.017.000) 2021-01-07 12:19:50 Job submitted from host: <131.169.223.42:9618?addrs=131.169.223.42-9618+[2001-638-700-10df--1-2a]-9618&alias=bird-htc-sched14.desy.de&noUDP&sock=schedd_1936_8371_3>
...
000 (13901914.018.000) 2021-01-07 12:19:50 Job submitted from host: <131.169.223.42:9618?addrs=131.169.223.42-9618+[2001-638-700-10df--1-2a]-9618&alias=bird-htc-sched14.desy.de&noUDP&sock=schedd_1936_8371_3>
...
000 (13901914.019.000) 2021-01-07 12:19:50 Job submitted from host: <131.169.223.42:9618?addrs=131.169.223.42-9618+[2001-638-700-10df--1-2a]-9618&alias=bird-htc-sched14.desy.de&noUDP&sock=schedd_1936_8371_3>
...
000 (13901914.020.000) 2021-01-07 12:19:50 Job submitted from host: <131.169.223.42:9618?addrs=131.169.223.42-9618+[2001-638-700-10df--1-2a]-9618&alias=bird-htc-sched14.desy.de&noUDP&sock=schedd_1936_8371_3>
...
000 (13901914.021.000) 2021-01-07 12:19:50 Job submitted from host: <131.169.223.42:9618?addrs=131.169.223.42-9618+[2001-638-700-10df--1-2a]-9618&alias=bird-htc-sched14.desy.de&noUDP&sock=schedd_1936_8371_3>
...
000 (13901914.022.000) 2021-01-07 12:19:50 Job submitted from host: <131.169.223.42:9618?addrs=131.169.223.42-9618+[2001-638-700-10df--1-2a]-9618&alias=bird-htc-sched14.desy.de&noUDP&sock=schedd_1936_8371_3>
...
000 (13901914.023.000) 2021-01-07 12:19:50 Job submitted from host: <131.169.223.42:9618?addrs=131.169.223.42-9618+[2001-638-700-10df--1-2a]-9618&alias=bird-htc-sched14.desy.de&noUDP&sock=schedd_1936_8371_3>
...
000 (13901914.024.000) 2021-01-07 12:19:50 Job submitted from host: <131.169.223.42:9618?addrs=131.169.223.42-9618+[2001-638-700-10df--1-2a]-9618&alias=bird-htc-sched14.desy.de&noUDP&sock=schedd_1936_8371_3>
...
001 (13901914.002.000) 2021-01-07 12:22:50 Job executing on host: <131.169.162.154:44470?addrs=131.169.162.154-44470&alias=batch1154.desy.de>
...
001 (13901914.003.000) 2021-01-07 12:22:50 Job executing on host: <131.169.164.21:40060?addrs=131.169.164.21-40060&alias=bird821.desy.de>
...
001 (13901914.000.000) 2021-01-07 12:22:50 Job executing on host: <131.169.162.162:36408?addrs=131.169.162.162-36408&alias=batch1162.desy.de>
...
001 (13901914.005.000) 2021-01-07 12:22:50 Job executing on host: <131.169.77.217:45599?addrs=131.169.77.217-45599&alias=bird771.desy.de>
...
001 (13901914.006.000) 2021-01-07 12:22:50 Job executing on host: <131.169.77.207:44457?addrs=131.169.77.207-44457&alias=bird761.desy.de>
...
001 (13901914.001.000) 2021-01-07 12:22:50 Job executing on host: <131.169.162.168:42878?addrs=131.169.162.168-42878&alias=batch1168.desy.de>
...
001 (13901914.007.000) 2021-01-07 12:22:50 Job executing on host: <131.169.163.122:43822?addrs=131.169.163.122-43822&alias=bird683.desy.de>
...
001 (13901914.009.000) 2021-01-07 12:22:50 Job executing on host: <131.169.77.214:33629?addrs=131.169.77.214-33629&alias=bird768.desy.de>
...
001 (13901914.004.000) 2021-01-07 12:22:50 Job executing on host: <131.169.77.177:32935?addrs=131.169.77.177-32935&alias=bird657.desy.de>
...
001 (13901914.010.000) 2021-01-07 12:22:50 Job executing on host: <131.169.77.164:38118?addrs=131.169.77.164-38118&alias=bird644.desy.de>
...
001 (13901914.011.000) 2021-01-07 12:22:50 Job executing on host: <131.169.162.154:44470?addrs=131.169.162.154-44470&alias=batch1154.desy.de>
...
001 (13901914.012.000) 2021-01-07 12:22:50 Job executing on host: <131.169.162.162:36408?addrs=131.169.162.162-36408&alias=batch1162.desy.de>
...
001 (13901914.016.000) 2021-01-07 12:22:50 Job executing on host: <131.169.77.164:38118?addrs=131.169.77.164-38118&alias=bird644.desy.de>
...
001 (13901914.015.000) 2021-01-07 12:22:50 Job executing on host: <131.169.164.23:45183?addrs=131.169.164.23-45183&alias=bird823.desy.de>
...
001 (13901914.013.000) 2021-01-07 12:22:50 Job executing on host: <131.169.162.168:42878?addrs=131.169.162.168-42878&alias=batch1168.desy.de>
...
001 (13901914.017.000) 2021-01-07 12:22:50 Job executing on host: <131.169.162.154:44470?addrs=131.169.162.154-44470&alias=batch1154.desy.de>
...
001 (13901914.018.000) 2021-01-07 12:22:50 Job executing on host: <131.169.162.168:42878?addrs=131.169.162.168-42878&alias=batch1168.desy.de>
...
001 (13901914.020.000) 2021-01-07 12:22:50 Job executing on host: <131.169.162.154:44470?addrs=131.169.162.154-44470&alias=batch1154.desy.de>
...
001 (13901914.021.000) 2021-01-07 12:22:50 Job executing on host: <131.169.162.168:42878?addrs=131.169.162.168-42878&alias=batch1168.desy.de>
...
001 (13901914.022.000) 2021-01-07 12:22:50 Job executing on host: <131.169.162.154:44470?addrs=131.169.162.154-44470&alias=batch1154.desy.de>
...
001 (13901914.014.000) 2021-01-07 12:22:50 Job executing on host: <131.169.160.163:41671?addrs=131.169.160.163-41671&alias=batch1063.desy.de>
...
001 (13901914.023.000) 2021-01-07 12:22:50 Job executing on host: <131.169.162.168:42878?addrs=131.169.162.168-42878&alias=batch1168.desy.de>
...
001 (13901914.019.000) 2021-01-07 12:22:51 Job executing on host: <131.169.160.163:41671?addrs=131.169.160.163-41671&alias=batch1063.desy.de>
...
001 (13901914.024.000) 2021-01-07 12:22:51 Job executing on host: <131.169.160.163:41671?addrs=131.169.160.163-41671&alias=batch1063.desy.de>
...
001 (13901914.008.000) 2021-01-07 12:22:51 Job executing on host: <131.169.164.23:45183?addrs=131.169.164.23-45183&alias=bird823.desy.de>
...
006 (13901914.002.000) 2021-01-07 12:22:58 Image size of job updated: 314172
	302  -  MemoryUsage of job (MB)
	308228  -  ResidentSetSize of job (KB)
...
006 (13901914.003.000) 2021-01-07 12:22:58 Image size of job updated: 366552
	328  -  MemoryUsage of job (MB)
	334964  -  ResidentSetSize of job (KB)
...
006 (13901914.000.000) 2021-01-07 12:22:58 Image size of job updated: 579560
	512  -  MemoryUsage of job (MB)
	524048  -  ResidentSetSize of job (KB)
...
006 (13901914.005.000) 2021-01-07 12:22:58 Image size of job updated: 359116
	328  -  MemoryUsage of job (MB)
	335584  -  ResidentSetSize of job (KB)
...
006 (13901914.006.000) 2021-01-07 12:22:58 Image size of job updated: 341124
	308  -  MemoryUsage of job (MB)
	315256  -  ResidentSetSize of job (KB)
...
006 (13901914.001.000) 2021-01-07 12:22:58 Image size of job updated: 348604
	338  -  MemoryUsage of job (MB)
	345652  -  ResidentSetSize of job (KB)
...
006 (13901914.007.000) 2021-01-07 12:22:58 Image size of job updated: 338768
	306  -  MemoryUsage of job (MB)
	312640  -  ResidentSetSize of job (KB)
...
006 (13901914.009.000) 2021-01-07 12:22:58 Image size of job updated: 397056
	355  -  MemoryUsage of job (MB)
	362580  -  ResidentSetSize of job (KB)
...
006 (13901914.004.000) 2021-01-07 12:22:58 Image size of job updated: 326368
	299  -  MemoryUsage of job (MB)
	305416  -  ResidentSetSize of job (KB)
...
006 (13901914.010.000) 2021-01-07 12:22:58 Image size of job updated: 344436
	314  -  MemoryUsage of job (MB)
	321364  -  ResidentSetSize of job (KB)
...
006 (13901914.011.000) 2021-01-07 12:22:58 Image size of job updated: 328488
	315  -  MemoryUsage of job (MB)
	322464  -  ResidentSetSize of job (KB)
...
006 (13901914.012.000) 2021-01-07 12:22:58 Image size of job updated: 546600
	507  -  MemoryUsage of job (MB)
	519128  -  ResidentSetSize of job (KB)
...
006 (13901914.019.000) 2021-01-07 12:22:59 Image size of job updated: 203856
	183  -  MemoryUsage of job (MB)
	187040  -  ResidentSetSize of job (KB)
...
006 (13901914.024.000) 2021-01-07 12:22:59 Image size of job updated: 200820
	184  -  MemoryUsage of job (MB)
	187560  -  ResidentSetSize of job (KB)
...
006 (13901914.008.000) 2021-01-07 12:22:59 Image size of job updated: 345860
	312  -  MemoryUsage of job (MB)
	318624  -  ResidentSetSize of job (KB)
...
006 (13901914.016.000) 2021-01-07 12:22:59 Image size of job updated: 358660
	326  -  MemoryUsage of job (MB)
	333136  -  ResidentSetSize of job (KB)
...
006 (13901914.015.000) 2021-01-07 12:22:59 Image size of job updated: 332068
	309  -  MemoryUsage of job (MB)
	316276  -  ResidentSetSize of job (KB)
...
006 (13901914.013.000) 2021-01-07 12:22:59 Image size of job updated: 459592
	445  -  MemoryUsage of job (MB)
	454860  -  ResidentSetSize of job (KB)
...
006 (13901914.017.000) 2021-01-07 12:22:59 Image size of job updated: 391764
	373  -  MemoryUsage of job (MB)
	381584  -  ResidentSetSize of job (KB)
...
006 (13901914.018.000) 2021-01-07 12:22:59 Image size of job updated: 448032
	430  -  MemoryUsage of job (MB)
	439792  -  ResidentSetSize of job (KB)
...
006 (13901914.021.000) 2021-01-07 12:22:59 Image size of job updated: 411544
	397  -  MemoryUsage of job (MB)
	405796  -  ResidentSetSize of job (KB)
...
006 (13901914.020.000) 2021-01-07 12:22:59 Image size of job updated: 407408
	388  -  MemoryUsage of job (MB)
	396600  -  ResidentSetSize of job (KB)
...
006 (13901914.022.000) 2021-01-07 12:22:59 Image size of job updated: 397904
	383  -  MemoryUsage of job (MB)
	392000  -  ResidentSetSize of job (KB)
...
006 (13901914.014.000) 2021-01-07 12:22:59 Image size of job updated: 248324
	216  -  MemoryUsage of job (MB)
	221144  -  ResidentSetSize of job (KB)
...
006 (13901914.023.000) 2021-01-07 12:22:59 Image size of job updated: 507880
	492  -  MemoryUsage of job (MB)
	503676  -  ResidentSetSize of job (KB)
...
006 (13901914.000.000) 2021-01-07 12:26:19 Image size of job updated: 9804400
	512  -  MemoryUsage of job (MB)
	524088  -  ResidentSetSize of job (KB)
...
005 (13901914.000.000) 2021-01-07 12:26:19 Job terminated.
	(1) Normal termination (return value 0)
		Usr 0 00:02:43, Sys 0 00:00:09  -  Run Remote Usage
		Usr 0 00:00:00, Sys 0 00:00:00  -  Run Local Usage
		Usr 0 00:02:43, Sys 0 00:00:09  -  Total Remote Usage
		Usr 0 00:00:00, Sys 0 00:00:00  -  Total Local Usage
	0  -  Run Bytes Sent By Job
	0  -  Run Bytes Received By Job
	0  -  Total Bytes Sent By Job
	0  -  Total Bytes Received By Job
	Partitionable Resources :    Usage  Request Allocated 
	   Cpus                 :     0.85        1         1 
	   Disk (KB)            :     1     3584000   4409156 
	   Memory (MB)          :   512        4096      4096 

	Job terminated of its own accord at 2021-01-07T11:26:19Z.
...
006 (13901914.020.000) 2021-01-07 12:26:22 Image size of job updated: 12597780
	388  -  MemoryUsage of job (MB)
	396604  -  ResidentSetSize of job (KB)
...
005 (13901914.020.000) 2021-01-07 12:26:22 Job terminated.
	(1) Normal termination (return value 0)
		Usr 0 00:02:44, Sys 0 00:00:08  -  Run Remote Usage
		Usr 0 00:00:00, Sys 0 00:00:00  -  Run Local Usage
		Usr 0 00:02:44, Sys 0 00:00:08  -  Total Remote Usage
		Usr 0 00:00:00, Sys 0 00:00:00  -  Total Local Usage
	0  -  Run Bytes Sent By Job
	0  -  Run Bytes Received By Job
	0  -  Total Bytes Sent By Job
	0  -  Total Bytes Received By Job
	Partitionable Resources :    Usage  Request Allocated 
	   Cpus                 :     0.85        1         1 
	   Disk (KB)            :     1     3584000   4810385 
	   Memory (MB)          :   388        4096      4096 

	Job terminated of its own accord at 2021-01-07T11:26:22Z.
...
006 (13901914.012.000) 2021-01-07 12:26:24 Image size of job updated: 5746220
	508  -  MemoryUsage of job (MB)
	519176  -  ResidentSetSize of job (KB)
...
005 (13901914.012.000) 2021-01-07 12:26:24 Job terminated.
	(1) Normal termination (return value 0)
		Usr 0 00:02:47, Sys 0 00:00:10  -  Run Remote Usage
		Usr 0 00:00:00, Sys 0 00:00:00  -  Run Local Usage
		Usr 0 00:02:47, Sys 0 00:00:10  -  Total Remote Usage
		Usr 0 00:00:00, Sys 0 00:00:00  -  Total Local Usage
	0  -  Run Bytes Sent By Job
	0  -  Run Bytes Received By Job
	0  -  Total Bytes Sent By Job
	0  -  Total Bytes Received By Job
	Partitionable Resources :    Usage  Request Allocated 
	   Cpus                 :     0.85        1         1 
	   Disk (KB)            :     1     3584000   4409156 
	   Memory (MB)          :   508        4096      4096 

	Job terminated of its own accord at 2021-01-07T11:26:24Z.
...
006 (13901914.011.000) 2021-01-07 12:26:24 Image size of job updated: 11121512
	316  -  MemoryUsage of job (MB)
	322772  -  ResidentSetSize of job (KB)
...
005 (13901914.011.000) 2021-01-07 12:26:25 Job terminated.
	(1) Normal termination (return value 0)
		Usr 0 00:02:45, Sys 0 00:00:09  -  Run Remote Usage
		Usr 0 00:00:00, Sys 0 00:00:00  -  Run Local Usage
		Usr 0 00:02:45, Sys 0 00:00:09  -  Total Remote Usage
		Usr 0 00:00:00, Sys 0 00:00:00  -  Total Local Usage
	0  -  Run Bytes Sent By Job
	0  -  Run Bytes Received By Job
	0  -  Total Bytes Sent By Job
	0  -  Total Bytes Received By Job
	Partitionable Resources :    Usage  Request Allocated 
	   Cpus                 :     0.83        1         1 
	   Disk (KB)            :     1     3584000   4810385 
	   Memory (MB)          :   316        4096      4096 

	Job terminated of its own accord at 2021-01-07T11:26:24Z.
...
006 (13901914.022.000) 2021-01-07 12:26:26 Image size of job updated: 11072548
	383  -  MemoryUsage of job (MB)
	392040  -  ResidentSetSize of job (KB)
...
006 (13901914.017.000) 2021-01-07 12:26:26 Image size of job updated: 11060416
	373  -  MemoryUsage of job (MB)
	381584  -  ResidentSetSize of job (KB)
...
005 (13901914.017.000) 2021-01-07 12:26:26 Job terminated.
	(1) Normal termination (return value 0)
		Usr 0 00:02:48, Sys 0 00:00:09  -  Run Remote Usage
		Usr 0 00:00:00, Sys 0 00:00:00  -  Run Local Usage
		Usr 0 00:02:48, Sys 0 00:00:09  -  Total Remote Usage
		Usr 0 00:00:00, Sys 0 00:00:00  -  Total Local Usage
	0  -  Run Bytes Sent By Job
	0  -  Run Bytes Received By Job
	0  -  Total Bytes Sent By Job
	0  -  Total Bytes Received By Job
	Partitionable Resources :    Usage  Request Allocated 
	   Cpus                 :     0.85        1         1 
	   Disk (KB)            :     1     3584000   4810385 
	   Memory (MB)          :   373        4096      4096 

	Job terminated of its own accord at 2021-01-07T11:26:26Z.
...
005 (13901914.022.000) 2021-01-07 12:26:26 Job terminated.
	(1) Normal termination (return value 0)
		Usr 0 00:02:48, Sys 0 00:00:09  -  Run Remote Usage
		Usr 0 00:00:00, Sys 0 00:00:00  -  Run Local Usage
		Usr 0 00:02:48, Sys 0 00:00:09  -  Total Remote Usage
		Usr 0 00:00:00, Sys 0 00:00:00  -  Total Local Usage
	0  -  Run Bytes Sent By Job
	0  -  Run Bytes Received By Job
	0  -  Total Bytes Sent By Job
	0  -  Total Bytes Received By Job
	Partitionable Resources :    Usage  Request Allocated 
	   Cpus                 :     0.83        1         1 
	   Disk (KB)            :     1     3584000   4810385 
	   Memory (MB)          :   383        4096      4096 

	Job terminated of its own accord at 2021-01-07T11:26:26Z.
...
006 (13901914.002.000) 2021-01-07 12:26:27 Image size of job updated: 12699928
	302  -  MemoryUsage of job (MB)
	308228  -  ResidentSetSize of job (KB)
...
005 (13901914.002.000) 2021-01-07 12:26:28 Job terminated.
	(1) Normal termination (return value 0)
		Usr 0 00:02:47, Sys 0 00:00:11  -  Run Remote Usage
		Usr 0 00:00:00, Sys 0 00:00:00  -  Run Local Usage
		Usr 0 00:02:47, Sys 0 00:00:11  -  Total Remote Usage
		Usr 0 00:00:00, Sys 0 00:00:00  -  Total Local Usage
	0  -  Run Bytes Sent By Job
	0  -  Run Bytes Received By Job
	0  -  Total Bytes Sent By Job
	0  -  Total Bytes Received By Job
	Partitionable Resources :    Usage  Request Allocated 
	   Cpus                 :     0.91        1         1 
	   Disk (KB)            :     1     3584000   4810385 
	   Memory (MB)          :   302        4096      4096 

	Job terminated of its own accord at 2021-01-07T11:26:27Z.
...
006 (13901914.001.000) 2021-01-07 12:26:29 Image size of job updated: 11139340
	338  -  MemoryUsage of job (MB)
	345664  -  ResidentSetSize of job (KB)
...
005 (13901914.001.000) 2021-01-07 12:26:29 Job terminated.
	(1) Normal termination (return value 0)
		Usr 0 00:02:48, Sys 0 00:00:08  -  Run Remote Usage
		Usr 0 00:00:00, Sys 0 00:00:00  -  Run Local Usage
		Usr 0 00:02:48, Sys 0 00:00:08  -  Total Remote Usage
		Usr 0 00:00:00, Sys 0 00:00:00  -  Total Local Usage
	0  -  Run Bytes Sent By Job
	0  -  Run Bytes Received By Job
	0  -  Total Bytes Sent By Job
	0  -  Total Bytes Received By Job
	Partitionable Resources :    Usage  Request Allocated 
	   Cpus                 :     0.79        1         1 
	   Disk (KB)            :     1     3584000   4409357 
	   Memory (MB)          :   338        4096      4096 

	Job terminated of its own accord at 2021-01-07T11:26:29Z.
...
006 (13901914.021.000) 2021-01-07 12:26:30 Image size of job updated: 11111208
	397  -  MemoryUsage of job (MB)
	405832  -  ResidentSetSize of job (KB)
...
006 (13901914.023.000) 2021-01-07 12:26:30 Image size of job updated: 11000352
	492  -  MemoryUsage of job (MB)
	503676  -  ResidentSetSize of job (KB)
...
005 (13901914.023.000) 2021-01-07 12:26:30 Job terminated.
	(1) Normal termination (return value 0)
		Usr 0 00:02:49, Sys 0 00:00:08  -  Run Remote Usage
		Usr 0 00:00:00, Sys 0 00:00:00  -  Run Local Usage
		Usr 0 00:02:49, Sys 0 00:00:08  -  Total Remote Usage
		Usr 0 00:00:00, Sys 0 00:00:00  -  Total Local Usage
	0  -  Run Bytes Sent By Job
	0  -  Run Bytes Received By Job
	0  -  Total Bytes Sent By Job
	0  -  Total Bytes Received By Job
	Partitionable Resources :    Usage  Request Allocated 
	   Cpus                 :     0.80        1         1 
	   Disk (KB)            :     1     3584000   4409357 
	   Memory (MB)          :   492        4096      4096 

	Job terminated of its own accord at 2021-01-07T11:26:30Z.
...
005 (13901914.021.000) 2021-01-07 12:26:30 Job terminated.
	(1) Normal termination (return value 0)
		Usr 0 00:02:48, Sys 0 00:00:09  -  Run Remote Usage
		Usr 0 00:00:00, Sys 0 00:00:00  -  Run Local Usage
		Usr 0 00:02:48, Sys 0 00:00:09  -  Total Remote Usage
		Usr 0 00:00:00, Sys 0 00:00:00  -  Total Local Usage
	0  -  Run Bytes Sent By Job
	0  -  Run Bytes Received By Job
	0  -  Total Bytes Sent By Job
	0  -  Total Bytes Received By Job
	Partitionable Resources :    Usage  Request Allocated 
	   Cpus                 :     0.80        1         1 
	   Disk (KB)            :     1     3584000   4409357 
	   Memory (MB)          :   397        4096      4096 

	Job terminated of its own accord at 2021-01-07T11:26:29Z.
...
006 (13901914.013.000) 2021-01-07 12:26:32 Image size of job updated: 8205940
	445  -  MemoryUsage of job (MB)
	455304  -  ResidentSetSize of job (KB)
...
006 (13901914.018.000) 2021-01-07 12:26:32 Image size of job updated: 11164948
	430  -  MemoryUsage of job (MB)
	440100  -  ResidentSetSize of job (KB)
...
005 (13901914.013.000) 2021-01-07 12:26:32 Job terminated.
	(1) Normal termination (return value 0)
		Usr 0 00:02:50, Sys 0 00:00:09  -  Run Remote Usage
		Usr 0 00:00:00, Sys 0 00:00:00  -  Run Local Usage
		Usr 0 00:02:50, Sys 0 00:00:09  -  Total Remote Usage
		Usr 0 00:00:00, Sys 0 00:00:00  -  Total Local Usage
	0  -  Run Bytes Sent By Job
	0  -  Run Bytes Received By Job
	0  -  Total Bytes Sent By Job
	0  -  Total Bytes Received By Job
	Partitionable Resources :    Usage  Request Allocated 
	   Cpus                 :     0.70        1         1 
	   Disk (KB)            :     1     3584000   4409357 
	   Memory (MB)          :   445        4096      4096 

	Job terminated of its own accord at 2021-01-07T11:26:31Z.
...
005 (13901914.018.000) 2021-01-07 12:26:32 Job terminated.
	(1) Normal termination (return value 0)
		Usr 0 00:02:50, Sys 0 00:00:10  -  Run Remote Usage
		Usr 0 00:00:00, Sys 0 00:00:00  -  Run Local Usage
		Usr 0 00:02:50, Sys 0 00:00:10  -  Total Remote Usage
		Usr 0 00:00:00, Sys 0 00:00:00  -  Total Local Usage
	0  -  Run Bytes Sent By Job
	0  -  Run Bytes Received By Job
	0  -  Total Bytes Sent By Job
	0  -  Total Bytes Received By Job
	Partitionable Resources :    Usage  Request Allocated 
	   Cpus                 :     0.72        1         1 
	   Disk (KB)            :     1     3584000   4409357 
	   Memory (MB)          :   430        4096      4096 

	Job terminated of its own accord at 2021-01-07T11:26:31Z.
...
006 (13901914.004.000) 2021-01-07 12:27:31 Image size of job updated: 5459584
	299  -  MemoryUsage of job (MB)
	305440  -  ResidentSetSize of job (KB)
...
005 (13901914.004.000) 2021-01-07 12:27:31 Job terminated.
	(1) Normal termination (return value 0)
		Usr 0 00:03:58, Sys 0 00:00:15  -  Run Remote Usage
		Usr 0 00:00:00, Sys 0 00:00:00  -  Run Local Usage
		Usr 0 00:03:58, Sys 0 00:00:15  -  Total Remote Usage
		Usr 0 00:00:00, Sys 0 00:00:00  -  Total Local Usage
	0  -  Run Bytes Sent By Job
	0  -  Run Bytes Received By Job
	0  -  Total Bytes Sent By Job
	0  -  Total Bytes Received By Job
	Partitionable Resources :    Usage  Request Allocated 
	   Cpus                 :     0.93        1         1 
	   Disk (KB)            :     1     3584000   4787859 
	   Memory (MB)          :   299        4096      4096 

	Job terminated of its own accord at 2021-01-07T11:27:31Z.
...
006 (13901914.014.000) 2021-01-07 12:27:42 Image size of job updated: 11032472
	217  -  MemoryUsage of job (MB)
	221376  -  ResidentSetSize of job (KB)
...
005 (13901914.014.000) 2021-01-07 12:27:42 Job terminated.
	(1) Normal termination (return value 0)
		Usr 0 00:03:49, Sys 0 00:00:18  -  Run Remote Usage
		Usr 0 00:00:00, Sys 0 00:00:00  -  Run Local Usage
		Usr 0 00:03:49, Sys 0 00:00:18  -  Total Remote Usage
		Usr 0 00:00:00, Sys 0 00:00:00  -  Total Local Usage
	0  -  Run Bytes Sent By Job
	0  -  Run Bytes Received By Job
	0  -  Total Bytes Sent By Job
	0  -  Total Bytes Received By Job
	Partitionable Resources :    Usage  Request Allocated 
	   Cpus                 :     0.88        1         1 
	   Disk (KB)            :     1     3584000   4827678 
	   Memory (MB)          :   217        4096      4096 

	Job terminated of its own accord at 2021-01-07T11:27:42Z.
...
006 (13901914.024.000) 2021-01-07 12:27:48 Image size of job updated: 1993040
	184  -  MemoryUsage of job (MB)
	187648  -  ResidentSetSize of job (KB)
...
005 (13901914.024.000) 2021-01-07 12:27:48 Job terminated.
	(1) Normal termination (return value 0)
		Usr 0 00:03:52, Sys 0 00:00:20  -  Run Remote Usage
		Usr 0 00:00:00, Sys 0 00:00:00  -  Run Local Usage
		Usr 0 00:03:52, Sys 0 00:00:20  -  Total Remote Usage
		Usr 0 00:00:00, Sys 0 00:00:00  -  Total Local Usage
	0  -  Run Bytes Sent By Job
	0  -  Run Bytes Received By Job
	0  -  Total Bytes Sent By Job
	0  -  Total Bytes Received By Job
	Partitionable Resources :    Usage  Request Allocated 
	   Cpus                 :     0.90        1         1 
	   Disk (KB)            :     1     3584000   4827678 
	   Memory (MB)          :   184        4096      4096 

	Job terminated of its own accord at 2021-01-07T11:27:48Z.
...
006 (13901914.019.000) 2021-01-07 12:27:48 Image size of job updated: 4756476
	183  -  MemoryUsage of job (MB)
	187088  -  ResidentSetSize of job (KB)
...
005 (13901914.019.000) 2021-01-07 12:27:49 Job terminated.
	(1) Normal termination (return value 0)
		Usr 0 00:03:53, Sys 0 00:00:19  -  Run Remote Usage
		Usr 0 00:00:00, Sys 0 00:00:00  -  Run Local Usage
		Usr 0 00:03:53, Sys 0 00:00:19  -  Total Remote Usage
		Usr 0 00:00:00, Sys 0 00:00:00  -  Total Local Usage
	0  -  Run Bytes Sent By Job
	0  -  Run Bytes Received By Job
	0  -  Total Bytes Sent By Job
	0  -  Total Bytes Received By Job
	Partitionable Resources :    Usage  Request Allocated 
	   Cpus                 :     0.82        1         1 
	   Disk (KB)            :     1     3584000   4827678 
	   Memory (MB)          :   183        4096      4096 

	Job terminated of its own accord at 2021-01-07T11:27:48Z.
...
006 (13901914.008.000) 2021-01-07 12:27:50 Image size of job updated: 345860
	312  -  MemoryUsage of job (MB)
	318792  -  ResidentSetSize of job (KB)
...
005 (13901914.008.000) 2021-01-07 12:27:50 Job terminated.
	(1) Normal termination (return value 0)
		Usr 0 00:04:09, Sys 0 00:00:15  -  Run Remote Usage
		Usr 0 00:00:00, Sys 0 00:00:00  -  Run Local Usage
		Usr 0 00:04:09, Sys 0 00:00:15  -  Total Remote Usage
		Usr 0 00:00:00, Sys 0 00:00:00  -  Total Local Usage
	0  -  Run Bytes Sent By Job
	0  -  Run Bytes Received By Job
	0  -  Total Bytes Sent By Job
	0  -  Total Bytes Received By Job
	Partitionable Resources :    Usage  Request Allocated 
	   Cpus                 :     0.91        1         1 
	   Disk (KB)            :     1     3584000   3994110 
	   Memory (MB)          :   312        4096      4096 

	Job terminated of its own accord at 2021-01-07T11:27:50Z.
...
006 (13901914.015.000) 2021-01-07 12:27:52 Image size of job updated: 11060964
	310  -  MemoryUsage of job (MB)
	316504  -  ResidentSetSize of job (KB)
...
005 (13901914.015.000) 2021-01-07 12:27:53 Job terminated.
	(1) Normal termination (return value 0)
		Usr 0 00:04:06, Sys 0 00:00:20  -  Run Remote Usage
		Usr 0 00:00:00, Sys 0 00:00:00  -  Run Local Usage
		Usr 0 00:04:06, Sys 0 00:00:20  -  Total Remote Usage
		Usr 0 00:00:00, Sys 0 00:00:00  -  Total Local Usage
	0  -  Run Bytes Sent By Job
	0  -  Run Bytes Received By Job
	0  -  Total Bytes Sent By Job
	0  -  Total Bytes Received By Job
	Partitionable Resources :    Usage  Request Allocated 
	   Cpus                 :     0.90        1         1 
	   Disk (KB)            :     1     3584000   3994110 
	   Memory (MB)          :   310        4096      4096 

	Job terminated of its own accord at 2021-01-07T11:27:52Z.
...
006 (13901914.003.000) 2021-01-07 12:27:58 Image size of job updated: 10417100
	5683  -  MemoryUsage of job (MB)
	5818620  -  ResidentSetSize of job (KB)
...
006 (13901914.005.000) 2021-01-07 12:27:58 Image size of job updated: 10148696
	9896  -  MemoryUsage of job (MB)
	10133344  -  ResidentSetSize of job (KB)
...
006 (13901914.006.000) 2021-01-07 12:27:58 Image size of job updated: 10172864
	6254  -  MemoryUsage of job (MB)
	6403768  -  ResidentSetSize of job (KB)
...
006 (13901914.007.000) 2021-01-07 12:27:58 Image size of job updated: 11124432
	6906  -  MemoryUsage of job (MB)
	7071052  -  ResidentSetSize of job (KB)
...
006 (13901914.010.000) 2021-01-07 12:27:58 Image size of job updated: 10177836
	6820  -  MemoryUsage of job (MB)
	6983060  -  ResidentSetSize of job (KB)
...
006 (13901914.009.000) 2021-01-07 12:27:58 Image size of job updated: 11053152
	9906  -  MemoryUsage of job (MB)
	10143616  -  ResidentSetSize of job (KB)
...
006 (13901914.016.000) 2021-01-07 12:28:01 Image size of job updated: 9250336
	7090  -  MemoryUsage of job (MB)
	7260108  -  ResidentSetSize of job (KB)
...
006 (13901914.007.000) 2021-01-07 12:28:01 Image size of job updated: 11124432
	6906  -  MemoryUsage of job (MB)
	7071072  -  ResidentSetSize of job (KB)
...
005 (13901914.007.000) 2021-01-07 12:28:01 Job terminated.
	(1) Normal termination (return value 0)
		Usr 0 00:04:12, Sys 0 00:00:15  -  Run Remote Usage
		Usr 0 00:00:00, Sys 0 00:00:00  -  Run Local Usage
		Usr 0 00:04:12, Sys 0 00:00:15  -  Total Remote Usage
		Usr 0 00:00:00, Sys 0 00:00:00  -  Total Local Usage
	0  -  Run Bytes Sent By Job
	0  -  Run Bytes Received By Job
	0  -  Total Bytes Sent By Job
	0  -  Total Bytes Received By Job
	Partitionable Resources :    Usage  Request Allocated 
	   Cpus                 :     0.60        1         1 
	   Disk (KB)            :     1     3584000   3954587 
	   Memory (MB)          :  6906        4096      4096 

	Job terminated of its own accord at 2021-01-07T11:28:01Z.
...
005 (13901914.003.000) 2021-01-07 12:28:19 Job terminated.
	(1) Normal termination (return value 0)
		Usr 0 00:04:05, Sys 0 00:00:19  -  Run Remote Usage
		Usr 0 00:00:00, Sys 0 00:00:00  -  Run Local Usage
		Usr 0 00:04:05, Sys 0 00:00:19  -  Total Remote Usage
		Usr 0 00:00:00, Sys 0 00:00:00  -  Total Local Usage
	0  -  Run Bytes Sent By Job
	0  -  Run Bytes Received By Job
	0  -  Total Bytes Sent By Job
	0  -  Total Bytes Received By Job
	Partitionable Resources :    Usage  Request Allocated 
	   Cpus                 :     0.91        1         1 
	   Disk (KB)            :     1     3584000   3991895 
	   Memory (MB)          :  5683        4096      4096 

	Job terminated of its own accord at 2021-01-07T11:28:19Z.
...
006 (13901914.009.000) 2021-01-07 12:28:20 Image size of job updated: 11078252
	9906  -  MemoryUsage of job (MB)
	10143628  -  ResidentSetSize of job (KB)
...
005 (13901914.009.000) 2021-01-07 12:28:20 Job terminated.
	(1) Normal termination (return value 0)
		Usr 0 00:04:02, Sys 0 00:00:21  -  Run Remote Usage
		Usr 0 00:00:00, Sys 0 00:00:00  -  Run Local Usage
		Usr 0 00:04:02, Sys 0 00:00:21  -  Total Remote Usage
		Usr 0 00:00:00, Sys 0 00:00:00  -  Total Local Usage
	0  -  Run Bytes Sent By Job
	0  -  Run Bytes Received By Job
	0  -  Total Bytes Sent By Job
	0  -  Total Bytes Received By Job
	Partitionable Resources :    Usage  Request Allocated 
	   Cpus                 :     0.01        1         1 
	   Disk (KB)            :     1     3584000   4786254 
	   Memory (MB)          :  9906        4096      4096 

	Job terminated of its own accord at 2021-01-07T11:28:20Z.
...
006 (13901914.005.000) 2021-01-07 12:28:28 Image size of job updated: 11083792
	9896  -  MemoryUsage of job (MB)
	10133360  -  ResidentSetSize of job (KB)
...
005 (13901914.005.000) 2021-01-07 12:28:28 Job terminated.
	(1) Normal termination (return value 0)
		Usr 0 00:04:09, Sys 0 00:00:22  -  Run Remote Usage
		Usr 0 00:00:00, Sys 0 00:00:00  -  Run Local Usage
		Usr 0 00:04:09, Sys 0 00:00:22  -  Total Remote Usage
		Usr 0 00:00:00, Sys 0 00:00:00  -  Total Local Usage
	0  -  Run Bytes Sent By Job
	0  -  Run Bytes Received By Job
	0  -  Total Bytes Sent By Job
	0  -  Total Bytes Received By Job
	Partitionable Resources :    Usage  Request Allocated 
	   Cpus                 :     0.83        1         1 
	   Disk (KB)            :     1     3584000   4784838 
	   Memory (MB)          :  9896        4096      4096 

	Job terminated of its own accord at 2021-01-07T11:28:28Z.
...
005 (13901914.010.000) 2021-01-07 12:28:42 Job terminated.
	(1) Normal termination (return value 0)
		Usr 0 00:03:53, Sys 0 00:00:16  -  Run Remote Usage
		Usr 0 00:00:00, Sys 0 00:00:00  -  Run Local Usage
		Usr 0 00:03:53, Sys 0 00:00:16  -  Total Remote Usage
		Usr 0 00:00:00, Sys 0 00:00:00  -  Total Local Usage
	0  -  Run Bytes Sent By Job
	0  -  Run Bytes Received By Job
	0  -  Total Bytes Sent By Job
	0  -  Total Bytes Received By Job
	Partitionable Resources :    Usage  Request Allocated 
	   Cpus                 :     0.91        1         1 
	   Disk (KB)            :     1     3584000   4784657 
	   Memory (MB)          :  6820        4096      4096 

	Job terminated of its own accord at 2021-01-07T11:28:42Z.
...
006 (13901914.006.000) 2021-01-07 12:28:51 Image size of job updated: 10172864
	6254  -  MemoryUsage of job (MB)
	6403812  -  ResidentSetSize of job (KB)
...
005 (13901914.006.000) 2021-01-07 12:28:51 Job terminated.
	(1) Normal termination (return value 0)
		Usr 0 00:04:09, Sys 0 00:00:21  -  Run Remote Usage
		Usr 0 00:00:00, Sys 0 00:00:00  -  Run Local Usage
		Usr 0 00:04:09, Sys 0 00:00:21  -  Total Remote Usage
		Usr 0 00:00:00, Sys 0 00:00:00  -  Total Local Usage
	0  -  Run Bytes Sent By Job
	0  -  Run Bytes Received By Job
	0  -  Total Bytes Sent By Job
	0  -  Total Bytes Received By Job
	Partitionable Resources :    Usage  Request Allocated 
	   Cpus                 :     0.03        1         1 
	   Disk (KB)            :     1     3584000   4613419 
	   Memory (MB)          :  6254        4096      4096 

	Job terminated of its own accord at 2021-01-07T11:28:51Z.
...
006 (13901914.016.000) 2021-01-07 12:29:02 Image size of job updated: 9469504
	7090  -  MemoryUsage of job (MB)
	7260108  -  ResidentSetSize of job (KB)
...
005 (13901914.016.000) 2021-01-07 12:29:02 Job terminated.
	(1) Normal termination (return value 0)
		Usr 0 00:04:08, Sys 0 00:00:26  -  Run Remote Usage
		Usr 0 00:00:00, Sys 0 00:00:00  -  Run Local Usage
		Usr 0 00:04:08, Sys 0 00:00:26  -  Total Remote Usage
		Usr 0 00:00:00, Sys 0 00:00:00  -  Total Local Usage
	0  -  Run Bytes Sent By Job
	0  -  Run Bytes Received By Job
	0  -  Total Bytes Sent By Job
	0  -  Total Bytes Received By Job
	Partitionable Resources :    Usage  Request Allocated 
	   Cpus                 :     0.92        1         1 
	   Disk (KB)            :     1     3584000   4784657 
	   Memory (MB)          :  7090        4096      4096 

	Job terminated of its own accord at 2021-01-07T11:29:02Z.
...
