000 (13901882.000.000) 2021-01-07 12:19:32 Job submitted from host: <131.169.223.42:9618?addrs=131.169.223.42-9618+[2001-638-700-10df--1-2a]-9618&alias=bird-htc-sched14.desy.de&noUDP&sock=schedd_1936_8371_3>
...
000 (13901882.001.000) 2021-01-07 12:19:32 Job submitted from host: <131.169.223.42:9618?addrs=131.169.223.42-9618+[2001-638-700-10df--1-2a]-9618&alias=bird-htc-sched14.desy.de&noUDP&sock=schedd_1936_8371_3>
...
000 (13901882.002.000) 2021-01-07 12:19:32 Job submitted from host: <131.169.223.42:9618?addrs=131.169.223.42-9618+[2001-638-700-10df--1-2a]-9618&alias=bird-htc-sched14.desy.de&noUDP&sock=schedd_1936_8371_3>
...
000 (13901882.003.000) 2021-01-07 12:19:32 Job submitted from host: <131.169.223.42:9618?addrs=131.169.223.42-9618+[2001-638-700-10df--1-2a]-9618&alias=bird-htc-sched14.desy.de&noUDP&sock=schedd_1936_8371_3>
...
000 (13901882.004.000) 2021-01-07 12:19:32 Job submitted from host: <131.169.223.42:9618?addrs=131.169.223.42-9618+[2001-638-700-10df--1-2a]-9618&alias=bird-htc-sched14.desy.de&noUDP&sock=schedd_1936_8371_3>
...
000 (13901882.005.000) 2021-01-07 12:19:32 Job submitted from host: <131.169.223.42:9618?addrs=131.169.223.42-9618+[2001-638-700-10df--1-2a]-9618&alias=bird-htc-sched14.desy.de&noUDP&sock=schedd_1936_8371_3>
...
000 (13901882.006.000) 2021-01-07 12:19:32 Job submitted from host: <131.169.223.42:9618?addrs=131.169.223.42-9618+[2001-638-700-10df--1-2a]-9618&alias=bird-htc-sched14.desy.de&noUDP&sock=schedd_1936_8371_3>
...
000 (13901882.007.000) 2021-01-07 12:19:32 Job submitted from host: <131.169.223.42:9618?addrs=131.169.223.42-9618+[2001-638-700-10df--1-2a]-9618&alias=bird-htc-sched14.desy.de&noUDP&sock=schedd_1936_8371_3>
...
000 (13901882.008.000) 2021-01-07 12:19:32 Job submitted from host: <131.169.223.42:9618?addrs=131.169.223.42-9618+[2001-638-700-10df--1-2a]-9618&alias=bird-htc-sched14.desy.de&noUDP&sock=schedd_1936_8371_3>
...
000 (13901882.009.000) 2021-01-07 12:19:32 Job submitted from host: <131.169.223.42:9618?addrs=131.169.223.42-9618+[2001-638-700-10df--1-2a]-9618&alias=bird-htc-sched14.desy.de&noUDP&sock=schedd_1936_8371_3>
...
000 (13901882.010.000) 2021-01-07 12:19:32 Job submitted from host: <131.169.223.42:9618?addrs=131.169.223.42-9618+[2001-638-700-10df--1-2a]-9618&alias=bird-htc-sched14.desy.de&noUDP&sock=schedd_1936_8371_3>
...
000 (13901882.011.000) 2021-01-07 12:19:32 Job submitted from host: <131.169.223.42:9618?addrs=131.169.223.42-9618+[2001-638-700-10df--1-2a]-9618&alias=bird-htc-sched14.desy.de&noUDP&sock=schedd_1936_8371_3>
...
000 (13901882.012.000) 2021-01-07 12:19:32 Job submitted from host: <131.169.223.42:9618?addrs=131.169.223.42-9618+[2001-638-700-10df--1-2a]-9618&alias=bird-htc-sched14.desy.de&noUDP&sock=schedd_1936_8371_3>
...
000 (13901882.013.000) 2021-01-07 12:19:32 Job submitted from host: <131.169.223.42:9618?addrs=131.169.223.42-9618+[2001-638-700-10df--1-2a]-9618&alias=bird-htc-sched14.desy.de&noUDP&sock=schedd_1936_8371_3>
...
000 (13901882.014.000) 2021-01-07 12:19:32 Job submitted from host: <131.169.223.42:9618?addrs=131.169.223.42-9618+[2001-638-700-10df--1-2a]-9618&alias=bird-htc-sched14.desy.de&noUDP&sock=schedd_1936_8371_3>
...
000 (13901882.015.000) 2021-01-07 12:19:32 Job submitted from host: <131.169.223.42:9618?addrs=131.169.223.42-9618+[2001-638-700-10df--1-2a]-9618&alias=bird-htc-sched14.desy.de&noUDP&sock=schedd_1936_8371_3>
...
000 (13901882.016.000) 2021-01-07 12:19:32 Job submitted from host: <131.169.223.42:9618?addrs=131.169.223.42-9618+[2001-638-700-10df--1-2a]-9618&alias=bird-htc-sched14.desy.de&noUDP&sock=schedd_1936_8371_3>
...
000 (13901882.017.000) 2021-01-07 12:19:32 Job submitted from host: <131.169.223.42:9618?addrs=131.169.223.42-9618+[2001-638-700-10df--1-2a]-9618&alias=bird-htc-sched14.desy.de&noUDP&sock=schedd_1936_8371_3>
...
000 (13901882.018.000) 2021-01-07 12:19:32 Job submitted from host: <131.169.223.42:9618?addrs=131.169.223.42-9618+[2001-638-700-10df--1-2a]-9618&alias=bird-htc-sched14.desy.de&noUDP&sock=schedd_1936_8371_3>
...
000 (13901882.019.000) 2021-01-07 12:19:32 Job submitted from host: <131.169.223.42:9618?addrs=131.169.223.42-9618+[2001-638-700-10df--1-2a]-9618&alias=bird-htc-sched14.desy.de&noUDP&sock=schedd_1936_8371_3>
...
000 (13901882.020.000) 2021-01-07 12:19:32 Job submitted from host: <131.169.223.42:9618?addrs=131.169.223.42-9618+[2001-638-700-10df--1-2a]-9618&alias=bird-htc-sched14.desy.de&noUDP&sock=schedd_1936_8371_3>
...
000 (13901882.021.000) 2021-01-07 12:19:32 Job submitted from host: <131.169.223.42:9618?addrs=131.169.223.42-9618+[2001-638-700-10df--1-2a]-9618&alias=bird-htc-sched14.desy.de&noUDP&sock=schedd_1936_8371_3>
...
000 (13901882.022.000) 2021-01-07 12:19:32 Job submitted from host: <131.169.223.42:9618?addrs=131.169.223.42-9618+[2001-638-700-10df--1-2a]-9618&alias=bird-htc-sched14.desy.de&noUDP&sock=schedd_1936_8371_3>
...
000 (13901882.023.000) 2021-01-07 12:19:32 Job submitted from host: <131.169.223.42:9618?addrs=131.169.223.42-9618+[2001-638-700-10df--1-2a]-9618&alias=bird-htc-sched14.desy.de&noUDP&sock=schedd_1936_8371_3>
...
000 (13901882.024.000) 2021-01-07 12:19:32 Job submitted from host: <131.169.223.42:9618?addrs=131.169.223.42-9618+[2001-638-700-10df--1-2a]-9618&alias=bird-htc-sched14.desy.de&noUDP&sock=schedd_1936_8371_3>
...
001 (13901882.002.000) 2021-01-07 12:20:27 Job executing on host: <131.169.77.211:39631?addrs=131.169.77.211-39631&alias=bird765.desy.de>
...
001 (13901882.004.000) 2021-01-07 12:20:27 Job executing on host: <131.169.163.109:33154?addrs=131.169.163.109-33154&alias=bird670.desy.de>
...
001 (13901882.003.000) 2021-01-07 12:20:27 Job executing on host: <131.169.77.217:45599?addrs=131.169.77.217-45599&alias=bird771.desy.de>
...
001 (13901882.005.000) 2021-01-07 12:20:27 Job executing on host: <131.169.163.134:45533?addrs=131.169.163.134-45533&alias=bird695.desy.de>
...
001 (13901882.010.000) 2021-01-07 12:20:27 Job executing on host: <131.169.164.15:33367?addrs=131.169.164.15-33367&alias=bird815.desy.de>
...
001 (13901882.011.000) 2021-01-07 12:20:27 Job executing on host: <131.169.163.133:37103?addrs=131.169.163.133-37103&alias=bird694.desy.de>
...
001 (13901882.013.000) 2021-01-07 12:20:27 Job executing on host: <131.169.164.22:40895?addrs=131.169.164.22-40895&alias=bird822.desy.de>
...
001 (13901882.006.000) 2021-01-07 12:20:27 Job executing on host: <131.169.164.11:35600?addrs=131.169.164.11-35600&alias=bird811.desy.de>
...
001 (13901882.012.000) 2021-01-07 12:20:27 Job executing on host: <131.169.164.41:42677?addrs=131.169.164.41-42677&alias=bird841.desy.de>
...
001 (13901882.008.000) 2021-01-07 12:20:27 Job executing on host: <131.169.163.107:45568?addrs=131.169.163.107-45568&alias=bird668.desy.de>
...
001 (13901882.007.000) 2021-01-07 12:20:27 Job executing on host: <131.169.77.222:33616?addrs=131.169.77.222-33616&alias=bird776.desy.de>
...
001 (13901882.000.000) 2021-01-07 12:20:27 Job executing on host: <131.169.163.111:39042?addrs=131.169.163.111-39042&alias=bird672.desy.de>
...
001 (13901882.009.000) 2021-01-07 12:20:27 Job executing on host: <131.169.164.46:33820?addrs=131.169.164.46-33820&alias=bird846.desy.de>
...
001 (13901882.015.000) 2021-01-07 12:20:27 Job executing on host: <131.169.164.58:39182?addrs=131.169.164.58-39182&alias=bird858.desy.de>
...
001 (13901882.017.000) 2021-01-07 12:20:27 Job executing on host: <131.169.77.39:46562?addrs=131.169.77.39-46562&alias=bird557.desy.de>
...
001 (13901882.018.000) 2021-01-07 12:20:27 Job executing on host: <131.169.164.40:41247?addrs=131.169.164.40-41247&alias=bird840.desy.de>
...
001 (13901882.019.000) 2021-01-07 12:20:27 Job executing on host: <131.169.164.27:33138?addrs=131.169.164.27-33138&alias=bird827.desy.de>
...
001 (13901882.020.000) 2021-01-07 12:20:27 Job executing on host: <131.169.163.119:41442?addrs=131.169.163.119-41442&alias=bird680.desy.de>
...
001 (13901882.014.000) 2021-01-07 12:20:27 Job executing on host: <131.169.160.174:39753?addrs=131.169.160.174-39753&alias=batch1176.desy.de>
...
001 (13901882.016.000) 2021-01-07 12:20:27 Job executing on host: <131.169.77.61:44982?addrs=131.169.77.61-44982&alias=bird579.desy.de>
...
001 (13901882.023.000) 2021-01-07 12:20:27 Job executing on host: <131.169.77.211:39631?addrs=131.169.77.211-39631&alias=bird765.desy.de>
...
001 (13901882.024.000) 2021-01-07 12:20:27 Job executing on host: <131.169.77.217:45599?addrs=131.169.77.217-45599&alias=bird771.desy.de>
...
001 (13901882.021.000) 2021-01-07 12:20:27 Job executing on host: <131.169.163.139:45696?addrs=131.169.163.139-45696&alias=bird700.desy.de>
...
001 (13901882.001.000) 2021-01-07 12:20:28 Job executing on host: <131.169.77.224:36139?addrs=131.169.77.224-36139&alias=bird778.desy.de>
...
001 (13901882.022.000) 2021-01-07 12:20:29 Job executing on host: <131.169.77.224:36139?addrs=131.169.77.224-36139&alias=bird778.desy.de>
...
006 (13901882.002.000) 2021-01-07 12:20:35 Image size of job updated: 301892
	290  -  MemoryUsage of job (MB)
	296884  -  ResidentSetSize of job (KB)
...
006 (13901882.004.000) 2021-01-07 12:20:35 Image size of job updated: 279440
	268  -  MemoryUsage of job (MB)
	274240  -  ResidentSetSize of job (KB)
...
006 (13901882.005.000) 2021-01-07 12:20:35 Image size of job updated: 299364
	287  -  MemoryUsage of job (MB)
	293448  -  ResidentSetSize of job (KB)
...
006 (13901882.003.000) 2021-01-07 12:20:35 Image size of job updated: 301236
	284  -  MemoryUsage of job (MB)
	289996  -  ResidentSetSize of job (KB)
...
006 (13901882.010.000) 2021-01-07 12:20:36 Image size of job updated: 438936
	395  -  MemoryUsage of job (MB)
	404220  -  ResidentSetSize of job (KB)
...
006 (13901882.011.000) 2021-01-07 12:20:36 Image size of job updated: 335316
	325  -  MemoryUsage of job (MB)
	332620  -  ResidentSetSize of job (KB)
...
006 (13901882.013.000) 2021-01-07 12:20:36 Image size of job updated: 324596
	314  -  MemoryUsage of job (MB)
	320592  -  ResidentSetSize of job (KB)
...
006 (13901882.006.000) 2021-01-07 12:20:36 Image size of job updated: 337752
	323  -  MemoryUsage of job (MB)
	329904  -  ResidentSetSize of job (KB)
...
006 (13901882.012.000) 2021-01-07 12:20:36 Image size of job updated: 255076
	230  -  MemoryUsage of job (MB)
	235336  -  ResidentSetSize of job (KB)
...
006 (13901882.008.000) 2021-01-07 12:20:36 Image size of job updated: 306828
	295  -  MemoryUsage of job (MB)
	301952  -  ResidentSetSize of job (KB)
...
006 (13901882.000.000) 2021-01-07 12:20:36 Image size of job updated: 318564
	303  -  MemoryUsage of job (MB)
	309776  -  ResidentSetSize of job (KB)
...
006 (13901882.007.000) 2021-01-07 12:20:36 Image size of job updated: 299120
	288  -  MemoryUsage of job (MB)
	294264  -  ResidentSetSize of job (KB)
...
006 (13901882.009.000) 2021-01-07 12:20:36 Image size of job updated: 254380
	223  -  MemoryUsage of job (MB)
	227756  -  ResidentSetSize of job (KB)
...
006 (13901882.015.000) 2021-01-07 12:20:36 Image size of job updated: 276904
	243  -  MemoryUsage of job (MB)
	248320  -  ResidentSetSize of job (KB)
...
006 (13901882.017.000) 2021-01-07 12:20:36 Image size of job updated: 249468
	222  -  MemoryUsage of job (MB)
	226324  -  ResidentSetSize of job (KB)
...
006 (13901882.018.000) 2021-01-07 12:20:36 Image size of job updated: 245464
	225  -  MemoryUsage of job (MB)
	229864  -  ResidentSetSize of job (KB)
...
006 (13901882.019.000) 2021-01-07 12:20:36 Image size of job updated: 325788
	307  -  MemoryUsage of job (MB)
	313996  -  ResidentSetSize of job (KB)
...
006 (13901882.020.000) 2021-01-07 12:20:36 Image size of job updated: 335728
	323  -  MemoryUsage of job (MB)
	330132  -  ResidentSetSize of job (KB)
...
006 (13901882.014.000) 2021-01-07 12:20:36 Image size of job updated: 614516
	545  -  MemoryUsage of job (MB)
	557620  -  ResidentSetSize of job (KB)
...
006 (13901882.023.000) 2021-01-07 12:20:36 Image size of job updated: 353840
	342  -  MemoryUsage of job (MB)
	349536  -  ResidentSetSize of job (KB)
...
006 (13901882.016.000) 2021-01-07 12:20:36 Image size of job updated: 211240
	177  -  MemoryUsage of job (MB)
	180236  -  ResidentSetSize of job (KB)
...
006 (13901882.024.000) 2021-01-07 12:20:36 Image size of job updated: 362856
	343  -  MemoryUsage of job (MB)
	350372  -  ResidentSetSize of job (KB)
...
006 (13901882.021.000) 2021-01-07 12:20:36 Image size of job updated: 360088
	348  -  MemoryUsage of job (MB)
	355592  -  ResidentSetSize of job (KB)
...
006 (13901882.022.000) 2021-01-07 12:20:37 Image size of job updated: 294776
	272  -  MemoryUsage of job (MB)
	277560  -  ResidentSetSize of job (KB)
...
006 (13901882.001.000) 2021-01-07 12:20:37 Image size of job updated: 315320
	292  -  MemoryUsage of job (MB)
	298672  -  ResidentSetSize of job (KB)
...
006 (13901882.014.000) 2021-01-07 12:23:57 Image size of job updated: 11316920
	545  -  MemoryUsage of job (MB)
	557620  -  ResidentSetSize of job (KB)
...
005 (13901882.014.000) 2021-01-07 12:23:57 Job terminated.
	(1) Normal termination (return value 0)
		Usr 0 00:02:47, Sys 0 00:00:11  -  Run Remote Usage
		Usr 0 00:00:00, Sys 0 00:00:00  -  Run Local Usage
		Usr 0 00:02:47, Sys 0 00:00:11  -  Total Remote Usage
		Usr 0 00:00:00, Sys 0 00:00:00  -  Total Local Usage
	0  -  Run Bytes Sent By Job
	0  -  Run Bytes Received By Job
	0  -  Total Bytes Sent By Job
	0  -  Total Bytes Received By Job
	Partitionable Resources :    Usage  Request Allocated 
	   Cpus                 :     0.91        1         1 
	   Disk (KB)            :     1     3584000   4465832 
	   Memory (MB)          :   545        4096      4096 

	Job terminated of its own accord at 2021-01-07T11:23:57Z.
...
006 (13901882.005.000) 2021-01-07 12:25:29 Image size of job updated: 11263332
	287  -  MemoryUsage of job (MB)
	293448  -  ResidentSetSize of job (KB)
...
005 (13901882.005.000) 2021-01-07 12:25:29 Job terminated.
	(1) Normal termination (return value 0)
		Usr 0 00:03:59, Sys 0 00:00:17  -  Run Remote Usage
		Usr 0 00:00:00, Sys 0 00:00:00  -  Run Local Usage
		Usr 0 00:03:59, Sys 0 00:00:17  -  Total Remote Usage
		Usr 0 00:00:00, Sys 0 00:00:00  -  Total Local Usage
	0  -  Run Bytes Sent By Job
	0  -  Run Bytes Received By Job
	0  -  Total Bytes Sent By Job
	0  -  Total Bytes Received By Job
	Partitionable Resources :    Usage  Request Allocated 
	   Cpus                 :     0.75        1         1 
	   Disk (KB)            :     1     3584000   3961272 
	   Memory (MB)          :   287        4096      4096 

	Job terminated of its own accord at 2021-01-07T11:25:29Z.
...
006 (13901882.015.000) 2021-01-07 12:25:30 Image size of job updated: 12861472
	243  -  MemoryUsage of job (MB)
	248376  -  ResidentSetSize of job (KB)
...
005 (13901882.015.000) 2021-01-07 12:25:30 Job terminated.
	(1) Normal termination (return value 0)
		Usr 0 00:03:56, Sys 0 00:00:17  -  Run Remote Usage
		Usr 0 00:00:00, Sys 0 00:00:00  -  Run Local Usage
		Usr 0 00:03:56, Sys 0 00:00:17  -  Total Remote Usage
		Usr 0 00:00:00, Sys 0 00:00:00  -  Total Local Usage
	0  -  Run Bytes Sent By Job
	0  -  Run Bytes Received By Job
	0  -  Total Bytes Sent By Job
	0  -  Total Bytes Received By Job
	Partitionable Resources :    Usage  Request Allocated 
	   Cpus                 :     0.80        1         1 
	   Disk (KB)            :     1     3584000   4645541 
	   Memory (MB)          :   243        4096      4096 

	Job terminated of its own accord at 2021-01-07T11:25:30Z.
...
005 (13901882.009.000) 2021-01-07 12:25:35 Job terminated.
	(1) Normal termination (return value 0)
		Usr 0 00:04:12, Sys 0 00:00:18  -  Run Remote Usage
		Usr 0 00:00:00, Sys 0 00:00:00  -  Run Local Usage
		Usr 0 00:04:12, Sys 0 00:00:18  -  Total Remote Usage
		Usr 0 00:00:00, Sys 0 00:00:00  -  Total Local Usage
	0  -  Run Bytes Sent By Job
	0  -  Run Bytes Received By Job
	0  -  Total Bytes Sent By Job
	0  -  Total Bytes Received By Job
	Partitionable Resources :    Usage  Request Allocated 
	   Cpus                 :     0.74        1         1 
	   Disk (KB)            :     1     3584000   4532674 
	   Memory (MB)          :   223        4096      4096 

	Job terminated of its own accord at 2021-01-07T11:25:35Z.
...
006 (13901882.002.000) 2021-01-07 12:25:35 Image size of job updated: 6714664
	5069  -  MemoryUsage of job (MB)
	5190524  -  ResidentSetSize of job (KB)
...
006 (13901882.004.000) 2021-01-07 12:25:35 Image size of job updated: 11247484
	9757  -  MemoryUsage of job (MB)
	9990728  -  ResidentSetSize of job (KB)
...
006 (13901882.018.000) 2021-01-07 12:25:35 Image size of job updated: 2137836
	225  -  MemoryUsage of job (MB)
	229876  -  ResidentSetSize of job (KB)
...
006 (13901882.003.000) 2021-01-07 12:25:35 Image size of job updated: 10485636
	9600  -  MemoryUsage of job (MB)
	9830324  -  ResidentSetSize of job (KB)
...
005 (13901882.018.000) 2021-01-07 12:25:35 Job terminated.
	(1) Normal termination (return value 0)
		Usr 0 00:04:12, Sys 0 00:00:20  -  Run Remote Usage
		Usr 0 00:00:00, Sys 0 00:00:00  -  Run Local Usage
		Usr 0 00:04:12, Sys 0 00:00:20  -  Total Remote Usage
		Usr 0 00:00:00, Sys 0 00:00:00  -  Total Local Usage
	0  -  Run Bytes Sent By Job
	0  -  Run Bytes Received By Job
	0  -  Total Bytes Sent By Job
	0  -  Total Bytes Received By Job
	Partitionable Resources :    Usage  Request Allocated 
	   Cpus                 :     0.90        1         1 
	   Disk (KB)            :     1     3584000   3987921 
	   Memory (MB)          :   225        4096      4096 

	Job terminated of its own accord at 2021-01-07T11:25:35Z.
...
006 (13901882.019.000) 2021-01-07 12:25:37 Image size of job updated: 10615188
	9034  -  MemoryUsage of job (MB)
	9250700  -  ResidentSetSize of job (KB)
...
006 (13901882.020.000) 2021-01-07 12:25:37 Image size of job updated: 10949620
	9961  -  MemoryUsage of job (MB)
	10199704  -  ResidentSetSize of job (KB)
...
006 (13901882.023.000) 2021-01-07 12:25:37 Image size of job updated: 7682408
	6728  -  MemoryUsage of job (MB)
	6888604  -  ResidentSetSize of job (KB)
...
006 (13901882.021.000) 2021-01-07 12:25:37 Image size of job updated: 9940780
	6087  -  MemoryUsage of job (MB)
	6232596  -  ResidentSetSize of job (KB)
...
006 (13901882.022.000) 2021-01-07 12:25:37 Image size of job updated: 11349020
	10554  -  MemoryUsage of job (MB)
	10806948  -  ResidentSetSize of job (KB)
...
006 (13901882.024.000) 2021-01-07 12:25:37 Image size of job updated: 10515196
	9114  -  MemoryUsage of job (MB)
	9331992  -  ResidentSetSize of job (KB)
...
006 (13901882.010.000) 2021-01-07 12:25:37 Image size of job updated: 10590128
	7666  -  MemoryUsage of job (MB)
	7849968  -  ResidentSetSize of job (KB)
...
006 (13901882.016.000) 2021-01-07 12:25:37 Image size of job updated: 5977672
	4128  -  MemoryUsage of job (MB)
	4226464  -  ResidentSetSize of job (KB)
...
006 (13901882.011.000) 2021-01-07 12:25:37 Image size of job updated: 10906908
	9419  -  MemoryUsage of job (MB)
	9644624  -  ResidentSetSize of job (KB)
...
006 (13901882.012.000) 2021-01-07 12:25:37 Image size of job updated: 10552372
	8894  -  MemoryUsage of job (MB)
	9106580  -  ResidentSetSize of job (KB)
...
006 (13901882.013.000) 2021-01-07 12:25:37 Image size of job updated: 10095576
	9193  -  MemoryUsage of job (MB)
	9412628  -  ResidentSetSize of job (KB)
...
006 (13901882.000.000) 2021-01-07 12:25:37 Image size of job updated: 10403176
	9391  -  MemoryUsage of job (MB)
	9615928  -  ResidentSetSize of job (KB)
...
006 (13901882.006.000) 2021-01-07 12:25:37 Image size of job updated: 10896116
	9732  -  MemoryUsage of job (MB)
	9964932  -  ResidentSetSize of job (KB)
...
006 (13901882.008.000) 2021-01-07 12:25:37 Image size of job updated: 11274488
	9966  -  MemoryUsage of job (MB)
	10204452  -  ResidentSetSize of job (KB)
...
006 (13901882.007.000) 2021-01-07 12:25:37 Image size of job updated: 8225288
	6755  -  MemoryUsage of job (MB)
	6917052  -  ResidentSetSize of job (KB)
...
006 (13901882.017.000) 2021-01-07 12:25:37 Image size of job updated: 7798964
	6576  -  MemoryUsage of job (MB)
	6732848  -  ResidentSetSize of job (KB)
...
006 (13901882.001.000) 2021-01-07 12:25:38 Image size of job updated: 10909848
	10633  -  MemoryUsage of job (MB)
	10887308  -  ResidentSetSize of job (KB)
...
006 (13901882.008.000) 2021-01-07 12:25:39 Image size of job updated: 11274496
	9966  -  MemoryUsage of job (MB)
	10204508  -  ResidentSetSize of job (KB)
...
005 (13901882.008.000) 2021-01-07 12:25:39 Job terminated.
	(1) Normal termination (return value 0)
		Usr 0 00:04:02, Sys 0 00:00:18  -  Run Remote Usage
		Usr 0 00:00:00, Sys 0 00:00:00  -  Run Local Usage
		Usr 0 00:04:02, Sys 0 00:00:18  -  Total Remote Usage
		Usr 0 00:00:00, Sys 0 00:00:00  -  Total Local Usage
	0  -  Run Bytes Sent By Job
	0  -  Run Bytes Received By Job
	0  -  Total Bytes Sent By Job
	0  -  Total Bytes Received By Job
	Partitionable Resources :    Usage  Request Allocated 
	   Cpus                 :     0.86        1         1 
	   Disk (KB)            :     1     3584000   3958079 
	   Memory (MB)          :  9966        4096      4096 

	Job terminated of its own accord at 2021-01-07T11:25:39Z.
...
005 (13901882.000.000) 2021-01-07 12:25:39 Job terminated.
	(1) Normal termination (return value 0)
		Usr 0 00:04:04, Sys 0 00:00:19  -  Run Remote Usage
		Usr 0 00:00:00, Sys 0 00:00:00  -  Run Local Usage
		Usr 0 00:04:04, Sys 0 00:00:19  -  Total Remote Usage
		Usr 0 00:00:00, Sys 0 00:00:00  -  Total Local Usage
	0  -  Run Bytes Sent By Job
	0  -  Run Bytes Received By Job
	0  -  Total Bytes Sent By Job
	0  -  Total Bytes Received By Job
	Partitionable Resources :    Usage  Request Allocated 
	   Cpus                 :     0.86        1         1 
	   Disk (KB)            :     1     3584000   3958832 
	   Memory (MB)          :  9391        4096      4096 

	Job terminated of its own accord at 2021-01-07T11:25:39Z.
...
006 (13901882.004.000) 2021-01-07 12:25:41 Image size of job updated: 11247484
	9758  -  MemoryUsage of job (MB)
	9991564  -  ResidentSetSize of job (KB)
...
005 (13901882.004.000) 2021-01-07 12:25:42 Job terminated.
	(1) Normal termination (return value 0)
		Usr 0 00:04:10, Sys 0 00:00:17  -  Run Remote Usage
		Usr 0 00:00:00, Sys 0 00:00:00  -  Run Local Usage
		Usr 0 00:04:10, Sys 0 00:00:17  -  Total Remote Usage
		Usr 0 00:00:00, Sys 0 00:00:00  -  Total Local Usage
	0  -  Run Bytes Sent By Job
	0  -  Run Bytes Received By Job
	0  -  Total Bytes Sent By Job
	0  -  Total Bytes Received By Job
	Partitionable Resources :    Usage  Request Allocated 
	   Cpus                 :     0.80        1         1 
	   Disk (KB)            :     1     3584000   3957230 
	   Memory (MB)          :  9758        4096      4096 

	Job terminated of its own accord at 2021-01-07T11:25:41Z.
...
006 (13901882.006.000) 2021-01-07 12:25:52 Image size of job updated: 12922664
	9732  -  MemoryUsage of job (MB)
	9965024  -  ResidentSetSize of job (KB)
...
005 (13901882.006.000) 2021-01-07 12:25:52 Job terminated.
	(1) Normal termination (return value 0)
		Usr 0 00:04:11, Sys 0 00:00:20  -  Run Remote Usage
		Usr 0 00:00:00, Sys 0 00:00:00  -  Run Local Usage
		Usr 0 00:04:11, Sys 0 00:00:20  -  Total Remote Usage
		Usr 0 00:00:00, Sys 0 00:00:00  -  Total Local Usage
	0  -  Run Bytes Sent By Job
	0  -  Run Bytes Received By Job
	0  -  Total Bytes Sent By Job
	0  -  Total Bytes Received By Job
	Partitionable Resources :    Usage  Request Allocated 
	   Cpus                 :     0.93        1         1 
	   Disk (KB)            :     1     3584000   4544386 
	   Memory (MB)          :  9732        4096      4096 

	Job terminated of its own accord at 2021-01-07T11:25:52Z.
...
006 (13901882.020.000) 2021-01-07 12:25:52 Image size of job updated: 11358676
	9961  -  MemoryUsage of job (MB)
	10199952  -  ResidentSetSize of job (KB)
...
005 (13901882.020.000) 2021-01-07 12:25:52 Job terminated.
	(1) Normal termination (return value 0)
		Usr 0 00:04:07, Sys 0 00:00:21  -  Run Remote Usage
		Usr 0 00:00:00, Sys 0 00:00:00  -  Run Local Usage
		Usr 0 00:04:07, Sys 0 00:00:21  -  Total Remote Usage
		Usr 0 00:00:00, Sys 0 00:00:00  -  Total Local Usage
	0  -  Run Bytes Sent By Job
	0  -  Run Bytes Received By Job
	0  -  Total Bytes Sent By Job
	0  -  Total Bytes Received By Job
	Partitionable Resources :    Usage  Request Allocated 
	   Cpus                 :     0.90        1         1 
	   Disk (KB)            :     1     3584000   3955047 
	   Memory (MB)          :  9961        4096      4096 

	Job terminated of its own accord at 2021-01-07T11:25:52Z.
...
006 (13901882.011.000) 2021-01-07 12:25:53 Image size of job updated: 11287428
	9419  -  MemoryUsage of job (MB)
	9644672  -  ResidentSetSize of job (KB)
...
005 (13901882.011.000) 2021-01-07 12:25:53 Job terminated.
	(1) Normal termination (return value 0)
		Usr 0 00:04:06, Sys 0 00:00:20  -  Run Remote Usage
		Usr 0 00:00:00, Sys 0 00:00:00  -  Run Local Usage
		Usr 0 00:04:06, Sys 0 00:00:20  -  Total Remote Usage
		Usr 0 00:00:00, Sys 0 00:00:00  -  Total Local Usage
	0  -  Run Bytes Sent By Job
	0  -  Run Bytes Received By Job
	0  -  Total Bytes Sent By Job
	0  -  Total Bytes Received By Job
	Partitionable Resources :    Usage  Request Allocated 
	   Cpus                 :     0.87        1         1 
	   Disk (KB)            :     1     3584000   3955893 
	   Memory (MB)          :  9419        4096      4096 

	Job terminated of its own accord at 2021-01-07T11:25:53Z.
...
006 (13901882.019.000) 2021-01-07 12:26:00 Image size of job updated: 11295000
	9034  -  MemoryUsage of job (MB)
	9250760  -  ResidentSetSize of job (KB)
...
005 (13901882.019.000) 2021-01-07 12:26:00 Job terminated.
	(1) Normal termination (return value 0)
		Usr 0 00:04:09, Sys 0 00:00:20  -  Run Remote Usage
		Usr 0 00:00:00, Sys 0 00:00:00  -  Run Local Usage
		Usr 0 00:04:09, Sys 0 00:00:20  -  Total Remote Usage
		Usr 0 00:00:00, Sys 0 00:00:00  -  Total Local Usage
	0  -  Run Bytes Sent By Job
	0  -  Run Bytes Received By Job
	0  -  Total Bytes Sent By Job
	0  -  Total Bytes Received By Job
	Partitionable Resources :    Usage  Request Allocated 
	   Cpus                 :     0.72        1         1 
	   Disk (KB)            :     1     3584000   4544569 
	   Memory (MB)          :  9034        4096      4096 

	Job terminated of its own accord at 2021-01-07T11:26:00Z.
...
006 (13901882.012.000) 2021-01-07 12:26:01 Image size of job updated: 11293928
	8894  -  MemoryUsage of job (MB)
	9106580  -  ResidentSetSize of job (KB)
...
005 (13901882.012.000) 2021-01-07 12:26:01 Job terminated.
	(1) Normal termination (return value 0)
		Usr 0 00:04:09, Sys 0 00:00:25  -  Run Remote Usage
		Usr 0 00:00:00, Sys 0 00:00:00  -  Run Local Usage
		Usr 0 00:04:09, Sys 0 00:00:25  -  Total Remote Usage
		Usr 0 00:00:00, Sys 0 00:00:00  -  Total Local Usage
	0  -  Run Bytes Sent By Job
	0  -  Run Bytes Received By Job
	0  -  Total Bytes Sent By Job
	0  -  Total Bytes Received By Job
	Partitionable Resources :    Usage  Request Allocated 
	   Cpus                 :     0.90        1         1 
	   Disk (KB)            :     1     3584000   4541935 
	   Memory (MB)          :  8894        4096      4096 

	Job terminated of its own accord at 2021-01-07T11:26:01Z.
...
006 (13901882.010.000) 2021-01-07 12:26:08 Image size of job updated: 11249512
	7666  -  MemoryUsage of job (MB)
	7849972  -  ResidentSetSize of job (KB)
...
005 (13901882.010.000) 2021-01-07 12:26:08 Job terminated.
	(1) Normal termination (return value 0)
		Usr 0 00:04:00, Sys 0 00:00:16  -  Run Remote Usage
		Usr 0 00:00:00, Sys 0 00:00:00  -  Run Local Usage
		Usr 0 00:04:00, Sys 0 00:00:16  -  Total Remote Usage
		Usr 0 00:00:00, Sys 0 00:00:00  -  Total Local Usage
	0  -  Run Bytes Sent By Job
	0  -  Run Bytes Received By Job
	0  -  Total Bytes Sent By Job
	0  -  Total Bytes Received By Job
	Partitionable Resources :    Usage  Request Allocated 
	   Cpus                 :     0.89        1         1 
	   Disk (KB)            :     1     3584000   3994221 
	   Memory (MB)          :  7666        4096      4096 

	Job terminated of its own accord at 2021-01-07T11:26:08Z.
...
005 (13901882.022.000) 2021-01-07 12:26:16 Job terminated.
	(1) Normal termination (return value 0)
		Usr 0 00:04:01, Sys 0 00:00:19  -  Run Remote Usage
		Usr 0 00:00:00, Sys 0 00:00:00  -  Run Local Usage
		Usr 0 00:04:01, Sys 0 00:00:19  -  Total Remote Usage
		Usr 0 00:00:00, Sys 0 00:00:00  -  Total Local Usage
	0  -  Run Bytes Sent By Job
	0  -  Run Bytes Received By Job
	0  -  Total Bytes Sent By Job
	0  -  Total Bytes Received By Job
	Partitionable Resources :    Usage  Request Allocated 
	   Cpus                 :     0.01        1         1 
	   Disk (KB)            :     1     3584000   4778730 
	   Memory (MB)          : 10554        4096      4096 

	Job terminated of its own accord at 2021-01-07T11:26:16Z.
...
006 (13901882.013.000) 2021-01-07 12:26:17 Image size of job updated: 12858072
	9193  -  MemoryUsage of job (MB)
	9412632  -  ResidentSetSize of job (KB)
...
005 (13901882.013.000) 2021-01-07 12:26:17 Job terminated.
	(1) Normal termination (return value 0)
		Usr 0 00:04:07, Sys 0 00:00:24  -  Run Remote Usage
		Usr 0 00:00:00, Sys 0 00:00:00  -  Run Local Usage
		Usr 0 00:04:07, Sys 0 00:00:24  -  Total Remote Usage
		Usr 0 00:00:00, Sys 0 00:00:00  -  Total Local Usage
	0  -  Run Bytes Sent By Job
	0  -  Run Bytes Received By Job
	0  -  Total Bytes Sent By Job
	0  -  Total Bytes Received By Job
	Partitionable Resources :    Usage  Request Allocated 
	   Cpus                 :     0.83        1         1 
	   Disk (KB)            :     1     3584000   4544872 
	   Memory (MB)          :  9193        4096      4096 

	Job terminated of its own accord at 2021-01-07T11:26:17Z.
...
006 (13901882.021.000) 2021-01-07 12:26:29 Image size of job updated: 11302040
	6087  -  MemoryUsage of job (MB)
	6232596  -  ResidentSetSize of job (KB)
...
005 (13901882.021.000) 2021-01-07 12:26:29 Job terminated.
	(1) Normal termination (return value 0)
		Usr 0 00:04:12, Sys 0 00:00:21  -  Run Remote Usage
		Usr 0 00:00:00, Sys 0 00:00:00  -  Run Local Usage
		Usr 0 00:04:12, Sys 0 00:00:21  -  Total Remote Usage
		Usr 0 00:00:00, Sys 0 00:00:00  -  Total Local Usage
	0  -  Run Bytes Sent By Job
	0  -  Run Bytes Received By Job
	0  -  Total Bytes Sent By Job
	0  -  Total Bytes Received By Job
	Partitionable Resources :    Usage  Request Allocated 
	   Cpus                 :     0.90        1         1 
	   Disk (KB)            :     1     3584000   3969960 
	   Memory (MB)          :  6087        4096      4096 

	Job terminated of its own accord at 2021-01-07T11:26:29Z.
...
006 (13901882.001.000) 2021-01-07 12:26:37 Image size of job updated: 11248492
	10633  -  MemoryUsage of job (MB)
	10887380  -  ResidentSetSize of job (KB)
...
005 (13901882.001.000) 2021-01-07 12:26:37 Job terminated.
	(1) Normal termination (return value 0)
		Usr 0 00:04:11, Sys 0 00:00:20  -  Run Remote Usage
		Usr 0 00:00:00, Sys 0 00:00:00  -  Run Local Usage
		Usr 0 00:04:11, Sys 0 00:00:20  -  Total Remote Usage
		Usr 0 00:00:00, Sys 0 00:00:00  -  Total Local Usage
	0  -  Run Bytes Sent By Job
	0  -  Run Bytes Received By Job
	0  -  Total Bytes Sent By Job
	0  -  Total Bytes Received By Job
	Partitionable Resources :    Usage  Request Allocated 
	   Cpus                 :     0.05        1         1 
	   Disk (KB)            :     1     3584000   4778730 
	   Memory (MB)          : 10633        4096      4096 

	Job terminated of its own accord at 2021-01-07T11:26:37Z.
...
006 (13901882.023.000) 2021-01-07 12:27:32 Image size of job updated: 11235560
	6728  -  MemoryUsage of job (MB)
	6888636  -  ResidentSetSize of job (KB)
...
005 (13901882.023.000) 2021-01-07 12:27:32 Job terminated.
	(1) Normal termination (return value 0)
		Usr 0 00:04:04, Sys 0 00:00:20  -  Run Remote Usage
		Usr 0 00:00:00, Sys 0 00:00:00  -  Run Local Usage
		Usr 0 00:04:04, Sys 0 00:00:20  -  Total Remote Usage
		Usr 0 00:00:00, Sys 0 00:00:00  -  Total Local Usage
	0  -  Run Bytes Sent By Job
	0  -  Run Bytes Received By Job
	0  -  Total Bytes Sent By Job
	0  -  Total Bytes Received By Job
	Partitionable Resources :    Usage  Request Allocated 
	   Cpus                 :     0.01        1         1 
	   Disk (KB)            :     1     3584000   4784593 
	   Memory (MB)          :  6728        4096      4096 

	Job terminated of its own accord at 2021-01-07T11:27:32Z.
...
005 (13901882.002.000) 2021-01-07 12:28:03 Job terminated.
	(1) Normal termination (return value 0)
		Usr 0 00:04:05, Sys 0 00:00:20  -  Run Remote Usage
		Usr 0 00:00:00, Sys 0 00:00:00  -  Run Local Usage
		Usr 0 00:04:05, Sys 0 00:00:20  -  Total Remote Usage
		Usr 0 00:00:00, Sys 0 00:00:00  -  Total Local Usage
	0  -  Run Bytes Sent By Job
	0  -  Run Bytes Received By Job
	0  -  Total Bytes Sent By Job
	0  -  Total Bytes Received By Job
	Partitionable Resources :    Usage  Request Allocated 
	   Cpus                 :     0.01        1         1 
	   Disk (KB)            :     1     3584000   4784593 
	   Memory (MB)          :  5069        4096      4096 

	Job terminated of its own accord at 2021-01-07T11:28:03Z.
...
006 (13901882.007.000) 2021-01-07 12:28:06 Image size of job updated: 11274144
	6756  -  MemoryUsage of job (MB)
	6917380  -  ResidentSetSize of job (KB)
...
005 (13901882.007.000) 2021-01-07 12:28:06 Job terminated.
	(1) Normal termination (return value 0)
		Usr 0 00:04:11, Sys 0 00:00:23  -  Run Remote Usage
		Usr 0 00:00:00, Sys 0 00:00:00  -  Run Local Usage
		Usr 0 00:04:11, Sys 0 00:00:23  -  Total Remote Usage
		Usr 0 00:00:00, Sys 0 00:00:00  -  Total Local Usage
	0  -  Run Bytes Sent By Job
	0  -  Run Bytes Received By Job
	0  -  Total Bytes Sent By Job
	0  -  Total Bytes Received By Job
	Partitionable Resources :    Usage  Request Allocated 
	   Cpus                 :        0        1         1 
	   Disk (KB)            :        1  3584000   4787146 
	   Memory (MB)          :     6756     4096      4096 

	Job terminated of its own accord at 2021-01-07T11:28:06Z.
...
006 (13901882.024.000) 2021-01-07 12:28:34 Image size of job updated: 11256820
	9114  -  MemoryUsage of job (MB)
	9331992  -  ResidentSetSize of job (KB)
...
005 (13901882.024.000) 2021-01-07 12:28:34 Job terminated.
	(1) Normal termination (return value 0)
		Usr 0 00:04:05, Sys 0 00:00:18  -  Run Remote Usage
		Usr 0 00:00:00, Sys 0 00:00:00  -  Run Local Usage
		Usr 0 00:04:05, Sys 0 00:00:18  -  Total Remote Usage
		Usr 0 00:00:00, Sys 0 00:00:00  -  Total Local Usage
	0  -  Run Bytes Sent By Job
	0  -  Run Bytes Received By Job
	0  -  Total Bytes Sent By Job
	0  -  Total Bytes Received By Job
	Partitionable Resources :    Usage  Request Allocated 
	   Cpus                 :     0.02        1         1 
	   Disk (KB)            :     1     3584000   4784838 
	   Memory (MB)          :  9114        4096      4096 

	Job terminated of its own accord at 2021-01-07T11:28:34Z.
...
006 (13901882.003.000) 2021-01-07 12:28:46 Image size of job updated: 11320572
	9600  -  MemoryUsage of job (MB)
	9830324  -  ResidentSetSize of job (KB)
...
005 (13901882.003.000) 2021-01-07 12:28:46 Job terminated.
	(1) Normal termination (return value 0)
		Usr 0 00:04:09, Sys 0 00:00:19  -  Run Remote Usage
		Usr 0 00:00:00, Sys 0 00:00:00  -  Run Local Usage
		Usr 0 00:04:09, Sys 0 00:00:19  -  Total Remote Usage
		Usr 0 00:00:00, Sys 0 00:00:00  -  Total Local Usage
	0  -  Run Bytes Sent By Job
	0  -  Run Bytes Received By Job
	0  -  Total Bytes Sent By Job
	0  -  Total Bytes Received By Job
	Partitionable Resources :    Usage  Request Allocated 
	   Cpus                 :     0.01        1         1 
	   Disk (KB)            :     1     3584000   4784838 
	   Memory (MB)          :  9600        4096      4096 

	Job terminated of its own accord at 2021-01-07T11:28:46Z.
...
005 (13901882.017.000) 2021-01-07 12:29:06 Job terminated.
	(1) Normal termination (return value 0)
		Usr 0 00:04:10, Sys 0 00:00:27  -  Run Remote Usage
		Usr 0 00:00:00, Sys 0 00:00:00  -  Run Local Usage
		Usr 0 00:04:10, Sys 0 00:00:27  -  Total Remote Usage
		Usr 0 00:00:00, Sys 0 00:00:00  -  Total Local Usage
	0  -  Run Bytes Sent By Job
	0  -  Run Bytes Received By Job
	0  -  Total Bytes Sent By Job
	0  -  Total Bytes Received By Job
	Partitionable Resources :    Usage  Request Allocated 
	   Cpus                 :     0.06        1         1 
	   Disk (KB)            :     1     3584000   3842281 
	   Memory (MB)          :  6576        4096      4096 

	Job terminated of its own accord at 2021-01-07T11:29:06Z.
...
006 (13901882.016.000) 2021-01-07 12:30:23 Image size of job updated: 11309624
	4128  -  MemoryUsage of job (MB)
	4226520  -  ResidentSetSize of job (KB)
...
005 (13901882.016.000) 2021-01-07 12:30:23 Job terminated.
	(1) Normal termination (return value 0)
		Usr 0 00:04:11, Sys 0 00:00:24  -  Run Remote Usage
		Usr 0 00:00:00, Sys 0 00:00:00  -  Run Local Usage
		Usr 0 00:04:11, Sys 0 00:00:24  -  Total Remote Usage
		Usr 0 00:00:00, Sys 0 00:00:00  -  Total Local Usage
	0  -  Run Bytes Sent By Job
	0  -  Run Bytes Received By Job
	0  -  Total Bytes Sent By Job
	0  -  Total Bytes Received By Job
	Partitionable Resources :    Usage  Request Allocated 
	   Cpus                 :     0.01        1         1 
	   Disk (KB)            :     1     3584000   4296551 
	   Memory (MB)          :  4128        4096      4096 

	Job terminated of its own accord at 2021-01-07T11:30:23Z.
...
