000 (13901878.000.000) 2021-01-07 12:19:31 Job submitted from host: <131.169.223.42:9618?addrs=131.169.223.42-9618+[2001-638-700-10df--1-2a]-9618&alias=bird-htc-sched14.desy.de&noUDP&sock=schedd_1936_8371_3>
...
000 (13901878.001.000) 2021-01-07 12:19:31 Job submitted from host: <131.169.223.42:9618?addrs=131.169.223.42-9618+[2001-638-700-10df--1-2a]-9618&alias=bird-htc-sched14.desy.de&noUDP&sock=schedd_1936_8371_3>
...
000 (13901878.002.000) 2021-01-07 12:19:31 Job submitted from host: <131.169.223.42:9618?addrs=131.169.223.42-9618+[2001-638-700-10df--1-2a]-9618&alias=bird-htc-sched14.desy.de&noUDP&sock=schedd_1936_8371_3>
...
000 (13901878.003.000) 2021-01-07 12:19:31 Job submitted from host: <131.169.223.42:9618?addrs=131.169.223.42-9618+[2001-638-700-10df--1-2a]-9618&alias=bird-htc-sched14.desy.de&noUDP&sock=schedd_1936_8371_3>
...
000 (13901878.004.000) 2021-01-07 12:19:31 Job submitted from host: <131.169.223.42:9618?addrs=131.169.223.42-9618+[2001-638-700-10df--1-2a]-9618&alias=bird-htc-sched14.desy.de&noUDP&sock=schedd_1936_8371_3>
...
000 (13901878.005.000) 2021-01-07 12:19:31 Job submitted from host: <131.169.223.42:9618?addrs=131.169.223.42-9618+[2001-638-700-10df--1-2a]-9618&alias=bird-htc-sched14.desy.de&noUDP&sock=schedd_1936_8371_3>
...
000 (13901878.006.000) 2021-01-07 12:19:31 Job submitted from host: <131.169.223.42:9618?addrs=131.169.223.42-9618+[2001-638-700-10df--1-2a]-9618&alias=bird-htc-sched14.desy.de&noUDP&sock=schedd_1936_8371_3>
...
000 (13901878.007.000) 2021-01-07 12:19:31 Job submitted from host: <131.169.223.42:9618?addrs=131.169.223.42-9618+[2001-638-700-10df--1-2a]-9618&alias=bird-htc-sched14.desy.de&noUDP&sock=schedd_1936_8371_3>
...
000 (13901878.008.000) 2021-01-07 12:19:31 Job submitted from host: <131.169.223.42:9618?addrs=131.169.223.42-9618+[2001-638-700-10df--1-2a]-9618&alias=bird-htc-sched14.desy.de&noUDP&sock=schedd_1936_8371_3>
...
000 (13901878.009.000) 2021-01-07 12:19:31 Job submitted from host: <131.169.223.42:9618?addrs=131.169.223.42-9618+[2001-638-700-10df--1-2a]-9618&alias=bird-htc-sched14.desy.de&noUDP&sock=schedd_1936_8371_3>
...
000 (13901878.010.000) 2021-01-07 12:19:31 Job submitted from host: <131.169.223.42:9618?addrs=131.169.223.42-9618+[2001-638-700-10df--1-2a]-9618&alias=bird-htc-sched14.desy.de&noUDP&sock=schedd_1936_8371_3>
...
000 (13901878.011.000) 2021-01-07 12:19:31 Job submitted from host: <131.169.223.42:9618?addrs=131.169.223.42-9618+[2001-638-700-10df--1-2a]-9618&alias=bird-htc-sched14.desy.de&noUDP&sock=schedd_1936_8371_3>
...
000 (13901878.012.000) 2021-01-07 12:19:31 Job submitted from host: <131.169.223.42:9618?addrs=131.169.223.42-9618+[2001-638-700-10df--1-2a]-9618&alias=bird-htc-sched14.desy.de&noUDP&sock=schedd_1936_8371_3>
...
000 (13901878.013.000) 2021-01-07 12:19:31 Job submitted from host: <131.169.223.42:9618?addrs=131.169.223.42-9618+[2001-638-700-10df--1-2a]-9618&alias=bird-htc-sched14.desy.de&noUDP&sock=schedd_1936_8371_3>
...
000 (13901878.014.000) 2021-01-07 12:19:31 Job submitted from host: <131.169.223.42:9618?addrs=131.169.223.42-9618+[2001-638-700-10df--1-2a]-9618&alias=bird-htc-sched14.desy.de&noUDP&sock=schedd_1936_8371_3>
...
000 (13901878.015.000) 2021-01-07 12:19:31 Job submitted from host: <131.169.223.42:9618?addrs=131.169.223.42-9618+[2001-638-700-10df--1-2a]-9618&alias=bird-htc-sched14.desy.de&noUDP&sock=schedd_1936_8371_3>
...
000 (13901878.016.000) 2021-01-07 12:19:31 Job submitted from host: <131.169.223.42:9618?addrs=131.169.223.42-9618+[2001-638-700-10df--1-2a]-9618&alias=bird-htc-sched14.desy.de&noUDP&sock=schedd_1936_8371_3>
...
000 (13901878.017.000) 2021-01-07 12:19:31 Job submitted from host: <131.169.223.42:9618?addrs=131.169.223.42-9618+[2001-638-700-10df--1-2a]-9618&alias=bird-htc-sched14.desy.de&noUDP&sock=schedd_1936_8371_3>
...
000 (13901878.018.000) 2021-01-07 12:19:31 Job submitted from host: <131.169.223.42:9618?addrs=131.169.223.42-9618+[2001-638-700-10df--1-2a]-9618&alias=bird-htc-sched14.desy.de&noUDP&sock=schedd_1936_8371_3>
...
000 (13901878.019.000) 2021-01-07 12:19:31 Job submitted from host: <131.169.223.42:9618?addrs=131.169.223.42-9618+[2001-638-700-10df--1-2a]-9618&alias=bird-htc-sched14.desy.de&noUDP&sock=schedd_1936_8371_3>
...
000 (13901878.020.000) 2021-01-07 12:19:31 Job submitted from host: <131.169.223.42:9618?addrs=131.169.223.42-9618+[2001-638-700-10df--1-2a]-9618&alias=bird-htc-sched14.desy.de&noUDP&sock=schedd_1936_8371_3>
...
000 (13901878.021.000) 2021-01-07 12:19:31 Job submitted from host: <131.169.223.42:9618?addrs=131.169.223.42-9618+[2001-638-700-10df--1-2a]-9618&alias=bird-htc-sched14.desy.de&noUDP&sock=schedd_1936_8371_3>
...
000 (13901878.022.000) 2021-01-07 12:19:31 Job submitted from host: <131.169.223.42:9618?addrs=131.169.223.42-9618+[2001-638-700-10df--1-2a]-9618&alias=bird-htc-sched14.desy.de&noUDP&sock=schedd_1936_8371_3>
...
000 (13901878.023.000) 2021-01-07 12:19:31 Job submitted from host: <131.169.223.42:9618?addrs=131.169.223.42-9618+[2001-638-700-10df--1-2a]-9618&alias=bird-htc-sched14.desy.de&noUDP&sock=schedd_1936_8371_3>
...
000 (13901878.024.000) 2021-01-07 12:19:31 Job submitted from host: <131.169.223.42:9618?addrs=131.169.223.42-9618+[2001-638-700-10df--1-2a]-9618&alias=bird-htc-sched14.desy.de&noUDP&sock=schedd_1936_8371_3>
...
001 (13901878.002.000) 2021-01-07 12:20:26 Job executing on host: <131.169.164.15:33367?addrs=131.169.164.15-33367&alias=bird815.desy.de>
...
001 (13901878.000.000) 2021-01-07 12:20:26 Job executing on host: <131.169.77.220:37989?addrs=131.169.77.220-37989&alias=bird774.desy.de>
...
001 (13901878.019.000) 2021-01-07 12:20:27 Job executing on host: <131.169.162.170:35564?addrs=131.169.162.170-35564&alias=batch1170.desy.de>
...
001 (13901878.022.000) 2021-01-07 12:20:27 Job executing on host: <131.169.160.174:39753?addrs=131.169.160.174-39753&alias=batch1176.desy.de>
...
001 (13901878.015.000) 2021-01-07 12:20:27 Job executing on host: <131.169.160.152:32790?addrs=131.169.160.152-32790&alias=batch1052.desy.de>
...
001 (13901878.005.000) 2021-01-07 12:20:27 Job executing on host: <131.169.163.133:37103?addrs=131.169.163.133-37103&alias=bird694.desy.de>
...
001 (13901878.006.000) 2021-01-07 12:20:27 Job executing on host: <131.169.164.22:40895?addrs=131.169.164.22-40895&alias=bird822.desy.de>
...
001 (13901878.001.000) 2021-01-07 12:20:27 Job executing on host: <131.169.164.4:44067?addrs=131.169.164.4-44067&alias=bird804.desy.de>
...
001 (13901878.003.000) 2021-01-07 12:20:28 Job executing on host: <131.169.77.208:42426?addrs=131.169.77.208-42426&alias=bird762.desy.de>
...
001 (13901878.008.000) 2021-01-07 12:20:28 Job executing on host: <131.169.77.61:44982?addrs=131.169.77.61-44982&alias=bird579.desy.de>
...
001 (13901878.009.000) 2021-01-07 12:20:28 Job executing on host: <131.169.77.39:46562?addrs=131.169.77.39-46562&alias=bird557.desy.de>
...
001 (13901878.007.000) 2021-01-07 12:20:28 Job executing on host: <131.169.164.58:39182?addrs=131.169.164.58-39182&alias=bird858.desy.de>
...
001 (13901878.012.000) 2021-01-07 12:20:28 Job executing on host: <131.169.164.27:33138?addrs=131.169.164.27-33138&alias=bird827.desy.de>
...
001 (13901878.011.000) 2021-01-07 12:20:28 Job executing on host: <131.169.164.40:41247?addrs=131.169.164.40-41247&alias=bird840.desy.de>
...
001 (13901878.018.000) 2021-01-07 12:20:28 Job executing on host: <131.169.163.139:45696?addrs=131.169.163.139-45696&alias=bird700.desy.de>
...
001 (13901878.013.000) 2021-01-07 12:20:28 Job executing on host: <131.169.163.119:41442?addrs=131.169.163.119-41442&alias=bird680.desy.de>
...
001 (13901878.023.000) 2021-01-07 12:20:28 Job executing on host: <131.169.163.111:39042?addrs=131.169.163.111-39042&alias=bird672.desy.de>
...
001 (13901878.004.000) 2021-01-07 12:20:28 Job executing on host: <131.169.77.54:34117?addrs=131.169.77.54-34117&alias=bird572.desy.de>
...
001 (13901878.017.000) 2021-01-07 12:20:28 Job executing on host: <131.169.163.109:33154?addrs=131.169.163.109-33154&alias=bird670.desy.de>
...
001 (13901878.014.000) 2021-01-07 12:20:28 Job executing on host: <131.169.77.211:39631?addrs=131.169.77.211-39631&alias=bird765.desy.de>
...
001 (13901878.016.000) 2021-01-07 12:20:28 Job executing on host: <131.169.77.217:45599?addrs=131.169.77.217-45599&alias=bird771.desy.de>
...
001 (13901878.021.000) 2021-01-07 12:20:28 Job executing on host: <131.169.164.11:35600?addrs=131.169.164.11-35600&alias=bird811.desy.de>
...
001 (13901878.020.000) 2021-01-07 12:20:28 Job executing on host: <131.169.163.134:45533?addrs=131.169.163.134-45533&alias=bird695.desy.de>
...
001 (13901878.024.000) 2021-01-07 12:20:28 Job executing on host: <131.169.77.222:33616?addrs=131.169.77.222-33616&alias=bird776.desy.de>
...
001 (13901878.010.000) 2021-01-07 12:20:29 Job executing on host: <131.169.77.224:36139?addrs=131.169.77.224-36139&alias=bird778.desy.de>
...
006 (13901878.022.000) 2021-01-07 12:20:35 Image size of job updated: 432756
	399  -  MemoryUsage of job (MB)
	407776  -  ResidentSetSize of job (KB)
...
006 (13901878.002.000) 2021-01-07 12:20:35 Image size of job updated: 414140
	381  -  MemoryUsage of job (MB)
	389680  -  ResidentSetSize of job (KB)
...
006 (13901878.000.000) 2021-01-07 12:20:35 Image size of job updated: 426068
	376  -  MemoryUsage of job (MB)
	384124  -  ResidentSetSize of job (KB)
...
006 (13901878.001.000) 2021-01-07 12:20:36 Image size of job updated: 377760
	321  -  MemoryUsage of job (MB)
	328544  -  ResidentSetSize of job (KB)
...
006 (13901878.003.000) 2021-01-07 12:20:36 Image size of job updated: 308812
	293  -  MemoryUsage of job (MB)
	299280  -  ResidentSetSize of job (KB)
...
006 (13901878.008.000) 2021-01-07 12:20:36 Image size of job updated: 191288
	175  -  MemoryUsage of job (MB)
	179176  -  ResidentSetSize of job (KB)
...
006 (13901878.007.000) 2021-01-07 12:20:36 Image size of job updated: 258484
	231  -  MemoryUsage of job (MB)
	235584  -  ResidentSetSize of job (KB)
...
006 (13901878.009.000) 2021-01-07 12:20:36 Image size of job updated: 240400
	213  -  MemoryUsage of job (MB)
	217232  -  ResidentSetSize of job (KB)
...
006 (13901878.011.000) 2021-01-07 12:20:36 Image size of job updated: 236444
	208  -  MemoryUsage of job (MB)
	212504  -  ResidentSetSize of job (KB)
...
006 (13901878.012.000) 2021-01-07 12:20:36 Image size of job updated: 297368
	287  -  MemoryUsage of job (MB)
	293596  -  ResidentSetSize of job (KB)
...
006 (13901878.013.000) 2021-01-07 12:20:36 Image size of job updated: 320532
	308  -  MemoryUsage of job (MB)
	315044  -  ResidentSetSize of job (KB)
...
006 (13901878.018.000) 2021-01-07 12:20:36 Image size of job updated: 336016
	315  -  MemoryUsage of job (MB)
	322040  -  ResidentSetSize of job (KB)
...
006 (13901878.023.000) 2021-01-07 12:20:36 Image size of job updated: 316460
	290  -  MemoryUsage of job (MB)
	296612  -  ResidentSetSize of job (KB)
...
006 (13901878.004.000) 2021-01-07 12:20:36 Image size of job updated: 208288
	177  -  MemoryUsage of job (MB)
	180688  -  ResidentSetSize of job (KB)
...
006 (13901878.014.000) 2021-01-07 12:20:36 Image size of job updated: 323200
	313  -  MemoryUsage of job (MB)
	319500  -  ResidentSetSize of job (KB)
...
006 (13901878.017.000) 2021-01-07 12:20:36 Image size of job updated: 320688
	293  -  MemoryUsage of job (MB)
	299072  -  ResidentSetSize of job (KB)
...
006 (13901878.021.000) 2021-01-07 12:20:36 Image size of job updated: 324332
	313  -  MemoryUsage of job (MB)
	319916  -  ResidentSetSize of job (KB)
...
006 (13901878.016.000) 2021-01-07 12:20:36 Image size of job updated: 323092
	301  -  MemoryUsage of job (MB)
	307808  -  ResidentSetSize of job (KB)
...
006 (13901878.020.000) 2021-01-07 12:20:36 Image size of job updated: 328520
	304  -  MemoryUsage of job (MB)
	310368  -  ResidentSetSize of job (KB)
...
006 (13901878.024.000) 2021-01-07 12:20:36 Image size of job updated: 280292
	270  -  MemoryUsage of job (MB)
	276276  -  ResidentSetSize of job (KB)
...
006 (13901878.019.000) 2021-01-07 12:20:36 Image size of job updated: 129048
	74  -  MemoryUsage of job (MB)
	75024  -  ResidentSetSize of job (KB)
...
006 (13901878.015.000) 2021-01-07 12:20:36 Image size of job updated: 273468
	224  -  MemoryUsage of job (MB)
	228760  -  ResidentSetSize of job (KB)
...
006 (13901878.005.000) 2021-01-07 12:20:36 Image size of job updated: 356892
	346  -  MemoryUsage of job (MB)
	353604  -  ResidentSetSize of job (KB)
...
006 (13901878.006.000) 2021-01-07 12:20:37 Image size of job updated: 339232
	329  -  MemoryUsage of job (MB)
	336876  -  ResidentSetSize of job (KB)
...
006 (13901878.010.000) 2021-01-07 12:20:37 Image size of job updated: 311448
	275  -  MemoryUsage of job (MB)
	281352  -  ResidentSetSize of job (KB)
...
006 (13901878.022.000) 2021-01-07 12:23:52 Image size of job updated: 12932568
	399  -  MemoryUsage of job (MB)
	407776  -  ResidentSetSize of job (KB)
...
005 (13901878.022.000) 2021-01-07 12:23:52 Job terminated.
	(1) Normal termination (return value 0)
		Usr 0 00:02:45, Sys 0 00:00:08  -  Run Remote Usage
		Usr 0 00:00:00, Sys 0 00:00:00  -  Run Local Usage
		Usr 0 00:02:45, Sys 0 00:00:08  -  Total Remote Usage
		Usr 0 00:00:00, Sys 0 00:00:00  -  Total Local Usage
	0  -  Run Bytes Sent By Job
	0  -  Run Bytes Received By Job
	0  -  Total Bytes Sent By Job
	0  -  Total Bytes Received By Job
	Partitionable Resources :    Usage  Request Allocated 
	   Cpus                 :     0.88        1         1 
	   Disk (KB)            :     1     3584000   4465832 
	   Memory (MB)          :   399        4096      4096 

	Job terminated of its own accord at 2021-01-07T11:23:52Z.
...
006 (13901878.019.000) 2021-01-07 12:25:19 Image size of job updated: 4427456
	74  -  MemoryUsage of job (MB)
	75024  -  ResidentSetSize of job (KB)
...
005 (13901878.019.000) 2021-01-07 12:25:19 Job terminated.
	(1) Normal termination (return value 0)
		Usr 0 00:02:50, Sys 0 00:00:18  -  Run Remote Usage
		Usr 0 00:00:00, Sys 0 00:00:00  -  Run Local Usage
		Usr 0 00:02:50, Sys 0 00:00:18  -  Total Remote Usage
		Usr 0 00:00:00, Sys 0 00:00:00  -  Total Local Usage
	0  -  Run Bytes Sent By Job
	0  -  Run Bytes Received By Job
	0  -  Total Bytes Sent By Job
	0  -  Total Bytes Received By Job
	Partitionable Resources :    Usage  Request Allocated 
	   Cpus                 :     0.71        1         1 
	   Disk (KB)            :     1     3584000   4409719 
	   Memory (MB)          :    74        4096      4096 

	Job terminated of its own accord at 2021-01-07T11:25:19Z.
...
006 (13901878.011.000) 2021-01-07 12:25:21 Image size of job updated: 236444
	208  -  MemoryUsage of job (MB)
	212700  -  ResidentSetSize of job (KB)
...
005 (13901878.011.000) 2021-01-07 12:25:21 Job terminated.
	(1) Normal termination (return value 0)
		Usr 0 00:04:02, Sys 0 00:00:17  -  Run Remote Usage
		Usr 0 00:00:00, Sys 0 00:00:00  -  Run Local Usage
		Usr 0 00:04:02, Sys 0 00:00:17  -  Total Remote Usage
		Usr 0 00:00:00, Sys 0 00:00:00  -  Total Local Usage
	0  -  Run Bytes Sent By Job
	0  -  Run Bytes Received By Job
	0  -  Total Bytes Sent By Job
	0  -  Total Bytes Received By Job
	Partitionable Resources :    Usage  Request Allocated 
	   Cpus                 :     0.93        1         1 
	   Disk (KB)            :     1     3584000   3987921 
	   Memory (MB)          :   208        4096      4096 

	Job terminated of its own accord at 2021-01-07T11:25:21Z.
...
006 (13901878.007.000) 2021-01-07 12:25:36 Image size of job updated: 11316204
	231  -  MemoryUsage of job (MB)
	235596  -  ResidentSetSize of job (KB)
...
006 (13901878.002.000) 2021-01-07 12:25:36 Image size of job updated: 10028372
	8619  -  MemoryUsage of job (MB)
	8825640  -  ResidentSetSize of job (KB)
...
005 (13901878.007.000) 2021-01-07 12:25:36 Job terminated.
	(1) Normal termination (return value 0)
		Usr 0 00:04:01, Sys 0 00:00:20  -  Run Remote Usage
		Usr 0 00:00:00, Sys 0 00:00:00  -  Run Local Usage
		Usr 0 00:04:01, Sys 0 00:00:20  -  Total Remote Usage
		Usr 0 00:00:00, Sys 0 00:00:00  -  Total Local Usage
	0  -  Run Bytes Sent By Job
	0  -  Run Bytes Received By Job
	0  -  Total Bytes Sent By Job
	0  -  Total Bytes Received By Job
	Partitionable Resources :    Usage  Request Allocated 
	   Cpus                 :     0.82        1         1 
	   Disk (KB)            :     1     3584000   4645541 
	   Memory (MB)          :   231        4096      4096 

	Job terminated of its own accord at 2021-01-07T11:25:36Z.
...
006 (13901878.000.000) 2021-01-07 12:25:36 Image size of job updated: 9075832
	8863  -  MemoryUsage of job (MB)
	9075092  -  ResidentSetSize of job (KB)
...
006 (13901878.008.000) 2021-01-07 12:25:36 Image size of job updated: 5740652
	4176  -  MemoryUsage of job (MB)
	4275856  -  ResidentSetSize of job (KB)
...
006 (13901878.001.000) 2021-01-07 12:25:36 Image size of job updated: 11279464
	9791  -  MemoryUsage of job (MB)
	10024992  -  ResidentSetSize of job (KB)
...
006 (13901878.003.000) 2021-01-07 12:25:36 Image size of job updated: 8065312
	7020  -  MemoryUsage of job (MB)
	7188232  -  ResidentSetSize of job (KB)
...
006 (13901878.009.000) 2021-01-07 12:25:36 Image size of job updated: 6426508
	6046  -  MemoryUsage of job (MB)
	6190424  -  ResidentSetSize of job (KB)
...
006 (13901878.018.000) 2021-01-07 12:25:36 Image size of job updated: 9495964
	5753  -  MemoryUsage of job (MB)
	5890700  -  ResidentSetSize of job (KB)
...
006 (13901878.012.000) 2021-01-07 12:25:36 Image size of job updated: 10505308
	9024  -  MemoryUsage of job (MB)
	9240328  -  ResidentSetSize of job (KB)
...
006 (13901878.023.000) 2021-01-07 12:25:36 Image size of job updated: 11271456
	9496  -  MemoryUsage of job (MB)
	9723788  -  ResidentSetSize of job (KB)
...
006 (13901878.017.000) 2021-01-07 12:25:36 Image size of job updated: 11184144
	9741  -  MemoryUsage of job (MB)
	9974736  -  ResidentSetSize of job (KB)
...
006 (13901878.013.000) 2021-01-07 12:25:36 Image size of job updated: 11124184
	9887  -  MemoryUsage of job (MB)
	10123568  -  ResidentSetSize of job (KB)
...
006 (13901878.014.000) 2021-01-07 12:25:36 Image size of job updated: 7079228
	5948  -  MemoryUsage of job (MB)
	6090548  -  ResidentSetSize of job (KB)
...
006 (13901878.024.000) 2021-01-07 12:25:36 Image size of job updated: 8348720
	6741  -  MemoryUsage of job (MB)
	6901952  -  ResidentSetSize of job (KB)
...
006 (13901878.021.000) 2021-01-07 12:25:36 Image size of job updated: 10959660
	9678  -  MemoryUsage of job (MB)
	9909564  -  ResidentSetSize of job (KB)
...
006 (13901878.020.000) 2021-01-07 12:25:36 Image size of job updated: 11137692
	8474  -  MemoryUsage of job (MB)
	8676644  -  ResidentSetSize of job (KB)
...
006 (13901878.004.000) 2021-01-07 12:25:36 Image size of job updated: 8327112
	7126  -  MemoryUsage of job (MB)
	7296912  -  ResidentSetSize of job (KB)
...
006 (13901878.015.000) 2021-01-07 12:25:37 Image size of job updated: 9274508
	9057  -  MemoryUsage of job (MB)
	9274316  -  ResidentSetSize of job (KB)
...
006 (13901878.006.000) 2021-01-07 12:25:37 Image size of job updated: 10483956
	8972  -  MemoryUsage of job (MB)
	9186500  -  ResidentSetSize of job (KB)
...
006 (13901878.005.000) 2021-01-07 12:25:37 Image size of job updated: 10601384
	9340  -  MemoryUsage of job (MB)
	9563964  -  ResidentSetSize of job (KB)
...
006 (13901878.016.000) 2021-01-07 12:25:37 Image size of job updated: 10296100
	9500  -  MemoryUsage of job (MB)
	9727920  -  ResidentSetSize of job (KB)
...
006 (13901878.010.000) 2021-01-07 12:25:37 Image size of job updated: 11310088
	10473  -  MemoryUsage of job (MB)
	10724276  -  ResidentSetSize of job (KB)
...
005 (13901878.023.000) 2021-01-07 12:25:38 Job terminated.
	(1) Normal termination (return value 0)
		Usr 0 00:04:00, Sys 0 00:00:17  -  Run Remote Usage
		Usr 0 00:00:00, Sys 0 00:00:00  -  Run Local Usage
		Usr 0 00:04:00, Sys 0 00:00:17  -  Total Remote Usage
		Usr 0 00:00:00, Sys 0 00:00:00  -  Total Local Usage
	0  -  Run Bytes Sent By Job
	0  -  Run Bytes Received By Job
	0  -  Total Bytes Sent By Job
	0  -  Total Bytes Received By Job
	Partitionable Resources :    Usage  Request Allocated 
	   Cpus                 :     0.81        1         1 
	   Disk (KB)            :     1     3584000   3958832 
	   Memory (MB)          :  9496        4096      4096 

	Job terminated of its own accord at 2021-01-07T11:25:38Z.
...
005 (13901878.001.000) 2021-01-07 12:25:38 Job terminated.
	(1) Normal termination (return value 0)
		Usr 0 00:04:12, Sys 0 00:00:14  -  Run Remote Usage
		Usr 0 00:00:00, Sys 0 00:00:00  -  Run Local Usage
		Usr 0 00:04:12, Sys 0 00:00:14  -  Total Remote Usage
		Usr 0 00:00:00, Sys 0 00:00:00  -  Total Local Usage
	0  -  Run Bytes Sent By Job
	0  -  Run Bytes Received By Job
	0  -  Total Bytes Sent By Job
	0  -  Total Bytes Received By Job
	Partitionable Resources :    Usage  Request Allocated 
	   Cpus                 :     0.69        1         1 
	   Disk (KB)            :     1     3584000   4545066 
	   Memory (MB)          :  9791        4096      4096 

	Job terminated of its own accord at 2021-01-07T11:25:38Z.
...
006 (13901878.020.000) 2021-01-07 12:25:45 Image size of job updated: 11278872
	8474  -  MemoryUsage of job (MB)
	8676972  -  ResidentSetSize of job (KB)
...
005 (13901878.020.000) 2021-01-07 12:25:45 Job terminated.
	(1) Normal termination (return value 0)
		Usr 0 00:04:14, Sys 0 00:00:20  -  Run Remote Usage
		Usr 0 00:00:00, Sys 0 00:00:00  -  Run Local Usage
		Usr 0 00:04:14, Sys 0 00:00:20  -  Total Remote Usage
		Usr 0 00:00:00, Sys 0 00:00:00  -  Total Local Usage
	0  -  Run Bytes Sent By Job
	0  -  Run Bytes Received By Job
	0  -  Total Bytes Sent By Job
	0  -  Total Bytes Received By Job
	Partitionable Resources :    Usage  Request Allocated 
	   Cpus                 :     0.86        1         1 
	   Disk (KB)            :     1     3584000   3961272 
	   Memory (MB)          :  8474        4096      4096 

	Job terminated of its own accord at 2021-01-07T11:25:45Z.
...
006 (13901878.013.000) 2021-01-07 12:25:48 Image size of job updated: 11124184
	9887  -  MemoryUsage of job (MB)
	10123584  -  ResidentSetSize of job (KB)
...
005 (13901878.013.000) 2021-01-07 12:25:48 Job terminated.
	(1) Normal termination (return value 0)
		Usr 0 00:04:06, Sys 0 00:00:21  -  Run Remote Usage
		Usr 0 00:00:00, Sys 0 00:00:00  -  Run Local Usage
		Usr 0 00:04:06, Sys 0 00:00:21  -  Total Remote Usage
		Usr 0 00:00:00, Sys 0 00:00:00  -  Total Local Usage
	0  -  Run Bytes Sent By Job
	0  -  Run Bytes Received By Job
	0  -  Total Bytes Sent By Job
	0  -  Total Bytes Received By Job
	Partitionable Resources :    Usage  Request Allocated 
	   Cpus                 :     0.71        1         1 
	   Disk (KB)            :     1     3584000   3955047 
	   Memory (MB)          :  9887        4096      4096 

	Job terminated of its own accord at 2021-01-07T11:25:48Z.
...
005 (13901878.017.000) 2021-01-07 12:25:48 Job terminated.
	(1) Normal termination (return value 0)
		Usr 0 00:04:06, Sys 0 00:00:19  -  Run Remote Usage
		Usr 0 00:00:00, Sys 0 00:00:00  -  Run Local Usage
		Usr 0 00:04:06, Sys 0 00:00:19  -  Total Remote Usage
		Usr 0 00:00:00, Sys 0 00:00:00  -  Total Local Usage
	0  -  Run Bytes Sent By Job
	0  -  Run Bytes Received By Job
	0  -  Total Bytes Sent By Job
	0  -  Total Bytes Received By Job
	Partitionable Resources :    Usage  Request Allocated 
	   Cpus                 :     0.89        1         1 
	   Disk (KB)            :     1     3584000   3957230 
	   Memory (MB)          :  9741        4096      4096 

	Job terminated of its own accord at 2021-01-07T11:25:48Z.
...
006 (13901878.021.000) 2021-01-07 12:25:49 Image size of job updated: 10959660
	9678  -  MemoryUsage of job (MB)
	9909596  -  ResidentSetSize of job (KB)
...
005 (13901878.021.000) 2021-01-07 12:25:49 Job terminated.
	(1) Normal termination (return value 0)
		Usr 0 00:04:09, Sys 0 00:00:19  -  Run Remote Usage
		Usr 0 00:00:00, Sys 0 00:00:00  -  Run Local Usage
		Usr 0 00:04:09, Sys 0 00:00:19  -  Total Remote Usage
		Usr 0 00:00:00, Sys 0 00:00:00  -  Total Local Usage
	0  -  Run Bytes Sent By Job
	0  -  Run Bytes Received By Job
	0  -  Total Bytes Sent By Job
	0  -  Total Bytes Received By Job
	Partitionable Resources :    Usage  Request Allocated 
	   Cpus                 :     0.76        1         1 
	   Disk (KB)            :     1     3584000   4544386 
	   Memory (MB)          :  9678        4096      4096 

	Job terminated of its own accord at 2021-01-07T11:25:49Z.
...
006 (13901878.005.000) 2021-01-07 12:26:02 Image size of job updated: 12873652
	9340  -  MemoryUsage of job (MB)
	9564004  -  ResidentSetSize of job (KB)
...
005 (13901878.005.000) 2021-01-07 12:26:02 Job terminated.
	(1) Normal termination (return value 0)
		Usr 0 00:04:13, Sys 0 00:00:21  -  Run Remote Usage
		Usr 0 00:00:00, Sys 0 00:00:00  -  Run Local Usage
		Usr 0 00:04:13, Sys 0 00:00:21  -  Total Remote Usage
		Usr 0 00:00:00, Sys 0 00:00:00  -  Total Local Usage
	0  -  Run Bytes Sent By Job
	0  -  Run Bytes Received By Job
	0  -  Total Bytes Sent By Job
	0  -  Total Bytes Received By Job
	Partitionable Resources :    Usage  Request Allocated 
	   Cpus                 :     0.90        1         1 
	   Disk (KB)            :     1     3584000   3955893 
	   Memory (MB)          :  9340        4096      4096 

	Job terminated of its own accord at 2021-01-07T11:26:02Z.
...
006 (13901878.012.000) 2021-01-07 12:26:04 Image size of job updated: 10505308
	9024  -  MemoryUsage of job (MB)
	9240360  -  ResidentSetSize of job (KB)
...
005 (13901878.012.000) 2021-01-07 12:26:04 Job terminated.
	(1) Normal termination (return value 0)
		Usr 0 00:04:14, Sys 0 00:00:19  -  Run Remote Usage
		Usr 0 00:00:00, Sys 0 00:00:00  -  Run Local Usage
		Usr 0 00:04:14, Sys 0 00:00:19  -  Total Remote Usage
		Usr 0 00:00:00, Sys 0 00:00:00  -  Total Local Usage
	0  -  Run Bytes Sent By Job
	0  -  Run Bytes Received By Job
	0  -  Total Bytes Sent By Job
	0  -  Total Bytes Received By Job
	Partitionable Resources :    Usage  Request Allocated 
	   Cpus                 :     0.91        1         1 
	   Disk (KB)            :     1     3584000   4544569 
	   Memory (MB)          :  9024        4096      4096 

	Job terminated of its own accord at 2021-01-07T11:26:04Z.
...
006 (13901878.006.000) 2021-01-07 12:26:05 Image size of job updated: 11318080
	8972  -  MemoryUsage of job (MB)
	9186544  -  ResidentSetSize of job (KB)
...
005 (13901878.006.000) 2021-01-07 12:26:05 Job terminated.
	(1) Normal termination (return value 0)
		Usr 0 00:04:08, Sys 0 00:00:25  -  Run Remote Usage
		Usr 0 00:00:00, Sys 0 00:00:00  -  Run Local Usage
		Usr 0 00:04:08, Sys 0 00:00:25  -  Total Remote Usage
		Usr 0 00:00:00, Sys 0 00:00:00  -  Total Local Usage
	0  -  Run Bytes Sent By Job
	0  -  Run Bytes Received By Job
	0  -  Total Bytes Sent By Job
	0  -  Total Bytes Received By Job
	Partitionable Resources :    Usage  Request Allocated 
	   Cpus                 :     0.80        1         1 
	   Disk (KB)            :     1     3584000   4544872 
	   Memory (MB)          :  8972        4096      4096 

	Job terminated of its own accord at 2021-01-07T11:26:05Z.
...
006 (13901878.010.000) 2021-01-07 12:26:21 Image size of job updated: 11310088
	10473  -  MemoryUsage of job (MB)
	10724288  -  ResidentSetSize of job (KB)
...
005 (13901878.010.000) 2021-01-07 12:26:21 Job terminated.
	(1) Normal termination (return value 0)
		Usr 0 00:04:04, Sys 0 00:00:18  -  Run Remote Usage
		Usr 0 00:00:00, Sys 0 00:00:00  -  Run Local Usage
		Usr 0 00:04:04, Sys 0 00:00:18  -  Total Remote Usage
		Usr 0 00:00:00, Sys 0 00:00:00  -  Total Local Usage
	0  -  Run Bytes Sent By Job
	0  -  Run Bytes Received By Job
	0  -  Total Bytes Sent By Job
	0  -  Total Bytes Received By Job
	Partitionable Resources :    Usage  Request Allocated 
	   Cpus                 :     0.01        1         1 
	   Disk (KB)            :     1     3584000   4778730 
	   Memory (MB)          : 10473        4096      4096 

	Job terminated of its own accord at 2021-01-07T11:26:21Z.
...
006 (13901878.002.000) 2021-01-07 12:26:24 Image size of job updated: 11329496
	8619  -  MemoryUsage of job (MB)
	8825640  -  ResidentSetSize of job (KB)
...
005 (13901878.002.000) 2021-01-07 12:26:24 Job terminated.
	(1) Normal termination (return value 0)
		Usr 0 00:04:09, Sys 0 00:00:20  -  Run Remote Usage
		Usr 0 00:00:00, Sys 0 00:00:00  -  Run Local Usage
		Usr 0 00:04:09, Sys 0 00:00:20  -  Total Remote Usage
		Usr 0 00:00:00, Sys 0 00:00:00  -  Total Local Usage
	0  -  Run Bytes Sent By Job
	0  -  Run Bytes Received By Job
	0  -  Total Bytes Sent By Job
	0  -  Total Bytes Received By Job
	Partitionable Resources :    Usage  Request Allocated 
	   Cpus                 :     0.92        1         1 
	   Disk (KB)            :     1     3584000   3994221 
	   Memory (MB)          :  8619        4096      4096 

	Job terminated of its own accord at 2021-01-07T11:26:24Z.
...
006 (13901878.018.000) 2021-01-07 12:26:33 Image size of job updated: 11302604
	5753  -  MemoryUsage of job (MB)
	5890736  -  ResidentSetSize of job (KB)
...
005 (13901878.018.000) 2021-01-07 12:26:33 Job terminated.
	(1) Normal termination (return value 0)
		Usr 0 00:04:13, Sys 0 00:00:18  -  Run Remote Usage
		Usr 0 00:00:00, Sys 0 00:00:00  -  Run Local Usage
		Usr 0 00:04:13, Sys 0 00:00:18  -  Total Remote Usage
		Usr 0 00:00:00, Sys 0 00:00:00  -  Total Local Usage
	0  -  Run Bytes Sent By Job
	0  -  Run Bytes Received By Job
	0  -  Total Bytes Sent By Job
	0  -  Total Bytes Received By Job
	Partitionable Resources :    Usage  Request Allocated 
	   Cpus                 :     0.92        1         1 
	   Disk (KB)            :     1     3584000   3969960 
	   Memory (MB)          :  5753        4096      4096 

	Job terminated of its own accord at 2021-01-07T11:26:33Z.
...
006 (13901878.000.000) 2021-01-07 12:26:35 Image size of job updated: 11232636
	8863  -  MemoryUsage of job (MB)
	9075112  -  ResidentSetSize of job (KB)
...
005 (13901878.000.000) 2021-01-07 12:26:35 Job terminated.
	(1) Normal termination (return value 0)
		Usr 0 00:03:58, Sys 0 00:00:22  -  Run Remote Usage
		Usr 0 00:00:00, Sys 0 00:00:00  -  Run Local Usage
		Usr 0 00:03:58, Sys 0 00:00:22  -  Total Remote Usage
		Usr 0 00:00:00, Sys 0 00:00:00  -  Total Local Usage
	0  -  Run Bytes Sent By Job
	0  -  Run Bytes Received By Job
	0  -  Total Bytes Sent By Job
	0  -  Total Bytes Received By Job
	Partitionable Resources :    Usage  Request Allocated 
	   Cpus                 :     0.89        1         1 
	   Disk (KB)            :     1     3584000   4785108 
	   Memory (MB)          :  8863        4096      4096 

	Job terminated of its own accord at 2021-01-07T11:26:35Z.
...
006 (13901878.015.000) 2021-01-07 12:27:11 Image size of job updated: 11388608
	9057  -  MemoryUsage of job (MB)
	9274316  -  ResidentSetSize of job (KB)
...
005 (13901878.015.000) 2021-01-07 12:27:11 Job terminated.
	(1) Normal termination (return value 0)
		Usr 0 00:03:54, Sys 0 00:00:18  -  Run Remote Usage
		Usr 0 00:00:00, Sys 0 00:00:00  -  Run Local Usage
		Usr 0 00:03:54, Sys 0 00:00:18  -  Total Remote Usage
		Usr 0 00:00:00, Sys 0 00:00:00  -  Total Local Usage
	0  -  Run Bytes Sent By Job
	0  -  Run Bytes Received By Job
	0  -  Total Bytes Sent By Job
	0  -  Total Bytes Received By Job
	Partitionable Resources :    Usage  Request Allocated 
	   Cpus                 :     0.52        1         1 
	   Disk (KB)            :     1     3584000   4440988 
	   Memory (MB)          :  9057        4096      4096 

	Job terminated of its own accord at 2021-01-07T11:27:11Z.
...
006 (13901878.014.000) 2021-01-07 12:27:50 Image size of job updated: 11260080
	5949  -  MemoryUsage of job (MB)
	6091104  -  ResidentSetSize of job (KB)
...
005 (13901878.014.000) 2021-01-07 12:27:50 Job terminated.
	(1) Normal termination (return value 0)
		Usr 0 00:04:08, Sys 0 00:00:20  -  Run Remote Usage
		Usr 0 00:00:00, Sys 0 00:00:00  -  Run Local Usage
		Usr 0 00:04:08, Sys 0 00:00:20  -  Total Remote Usage
		Usr 0 00:00:00, Sys 0 00:00:00  -  Total Local Usage
	0  -  Run Bytes Sent By Job
	0  -  Run Bytes Received By Job
	0  -  Total Bytes Sent By Job
	0  -  Total Bytes Received By Job
	Partitionable Resources :    Usage  Request Allocated 
	   Cpus                 :     0.84        1         1 
	   Disk (KB)            :     1     3584000   4784593 
	   Memory (MB)          :  5949        4096      4096 

	Job terminated of its own accord at 2021-01-07T11:27:49Z.
...
006 (13901878.024.000) 2021-01-07 12:27:57 Image size of job updated: 11307184
	6741  -  MemoryUsage of job (MB)
	6902224  -  ResidentSetSize of job (KB)
...
005 (13901878.024.000) 2021-01-07 12:27:57 Job terminated.
	(1) Normal termination (return value 0)
		Usr 0 00:04:08, Sys 0 00:00:21  -  Run Remote Usage
		Usr 0 00:00:00, Sys 0 00:00:00  -  Run Local Usage
		Usr 0 00:04:08, Sys 0 00:00:21  -  Total Remote Usage
		Usr 0 00:00:00, Sys 0 00:00:00  -  Total Local Usage
	0  -  Run Bytes Sent By Job
	0  -  Run Bytes Received By Job
	0  -  Total Bytes Sent By Job
	0  -  Total Bytes Received By Job
	Partitionable Resources :    Usage  Request Allocated 
	   Cpus                 :     0.02        1         1 
	   Disk (KB)            :     1     3584000   4787146 
	   Memory (MB)          :  6741        4096      4096 

	Job terminated of its own accord at 2021-01-07T11:27:57Z.
...
005 (13901878.003.000) 2021-01-07 12:28:32 Job terminated.
	(1) Normal termination (return value 0)
		Usr 0 00:04:05, Sys 0 00:00:29  -  Run Remote Usage
		Usr 0 00:00:00, Sys 0 00:00:00  -  Run Local Usage
		Usr 0 00:04:05, Sys 0 00:00:29  -  Total Remote Usage
		Usr 0 00:00:00, Sys 0 00:00:00  -  Total Local Usage
	0  -  Run Bytes Sent By Job
	0  -  Run Bytes Received By Job
	0  -  Total Bytes Sent By Job
	0  -  Total Bytes Received By Job
	Partitionable Resources :    Usage  Request Allocated 
	   Cpus                 :     0.92        1         1 
	   Disk (KB)            :     1     3584000   4323100 
	   Memory (MB)          :  7020        4096      4096 

	Job terminated of its own accord at 2021-01-07T11:28:32Z.
...
006 (13901878.016.000) 2021-01-07 12:28:36 Image size of job updated: 11276740
	9500  -  MemoryUsage of job (MB)
	9727920  -  ResidentSetSize of job (KB)
...
005 (13901878.016.000) 2021-01-07 12:28:36 Job terminated.
	(1) Normal termination (return value 0)
		Usr 0 00:04:15, Sys 0 00:00:20  -  Run Remote Usage
		Usr 0 00:00:00, Sys 0 00:00:00  -  Run Local Usage
		Usr 0 00:04:15, Sys 0 00:00:20  -  Total Remote Usage
		Usr 0 00:00:00, Sys 0 00:00:00  -  Total Local Usage
	0  -  Run Bytes Sent By Job
	0  -  Run Bytes Received By Job
	0  -  Total Bytes Sent By Job
	0  -  Total Bytes Received By Job
	Partitionable Resources :    Usage  Request Allocated 
	   Cpus                 :     0.01        1         1 
	   Disk (KB)            :     1     3584000   4784838 
	   Memory (MB)          :  9500        4096      4096 

	Job terminated of its own accord at 2021-01-07T11:28:36Z.
...
006 (13901878.004.000) 2021-01-07 12:28:40 Image size of job updated: 11281844
	7126  -  MemoryUsage of job (MB)
	7296912  -  ResidentSetSize of job (KB)
...
005 (13901878.004.000) 2021-01-07 12:28:40 Job terminated.
	(1) Normal termination (return value 0)
		Usr 0 00:04:09, Sys 0 00:00:24  -  Run Remote Usage
		Usr 0 00:00:00, Sys 0 00:00:00  -  Run Local Usage
		Usr 0 00:04:09, Sys 0 00:00:24  -  Total Remote Usage
		Usr 0 00:00:00, Sys 0 00:00:00  -  Total Local Usage
	0  -  Run Bytes Sent By Job
	0  -  Run Bytes Received By Job
	0  -  Total Bytes Sent By Job
	0  -  Total Bytes Received By Job
	Partitionable Resources :    Usage  Request Allocated 
	   Cpus                 :     0.10        1         1 
	   Disk (KB)            :     1     3584000   3834770 
	   Memory (MB)          :  7126        4096      4096 

	Job terminated of its own accord at 2021-01-07T11:28:40Z.
...
005 (13901878.009.000) 2021-01-07 12:29:43 Job terminated.
	(1) Normal termination (return value 0)
		Usr 0 00:04:11, Sys 0 00:00:35  -  Run Remote Usage
		Usr 0 00:00:00, Sys 0 00:00:00  -  Run Local Usage
		Usr 0 00:04:11, Sys 0 00:00:35  -  Total Remote Usage
		Usr 0 00:00:00, Sys 0 00:00:00  -  Total Local Usage
	0  -  Run Bytes Sent By Job
	0  -  Run Bytes Received By Job
	0  -  Total Bytes Sent By Job
	0  -  Total Bytes Received By Job
	Partitionable Resources :    Usage  Request Allocated 
	   Cpus                 :     0.79        1         1 
	   Disk (KB)            :     1     3584000   3842281 
	   Memory (MB)          :  6046        4096      4096 

	Job terminated of its own accord at 2021-01-07T11:29:43Z.
...
006 (13901878.008.000) 2021-01-07 12:30:11 Image size of job updated: 11281976
	4176  -  MemoryUsage of job (MB)
	4275888  -  ResidentSetSize of job (KB)
...
005 (13901878.008.000) 2021-01-07 12:30:11 Job terminated.
	(1) Normal termination (return value 0)
		Usr 0 00:04:11, Sys 0 00:00:24  -  Run Remote Usage
		Usr 0 00:00:00, Sys 0 00:00:00  -  Run Local Usage
		Usr 0 00:04:11, Sys 0 00:00:24  -  Total Remote Usage
		Usr 0 00:00:00, Sys 0 00:00:00  -  Total Local Usage
	0  -  Run Bytes Sent By Job
	0  -  Run Bytes Received By Job
	0  -  Total Bytes Sent By Job
	0  -  Total Bytes Received By Job
	Partitionable Resources :    Usage  Request Allocated 
	   Cpus                 :     0.61        1         1 
	   Disk (KB)            :     1     3584000   4296551 
	   Memory (MB)          :  4176        4096      4096 

	Job terminated of its own accord at 2021-01-07T11:30:11Z.
...
