000 (13926295.000.000) 2021-01-08 09:09:07 Job submitted from host: <131.169.223.42:9618?addrs=131.169.223.42-9618+[2001-638-700-10df--1-2a]-9618&alias=bird-htc-sched14.desy.de&noUDP&sock=schedd_1936_8371_3>
...
000 (13926295.001.000) 2021-01-08 09:09:07 Job submitted from host: <131.169.223.42:9618?addrs=131.169.223.42-9618+[2001-638-700-10df--1-2a]-9618&alias=bird-htc-sched14.desy.de&noUDP&sock=schedd_1936_8371_3>
...
000 (13926295.002.000) 2021-01-08 09:09:07 Job submitted from host: <131.169.223.42:9618?addrs=131.169.223.42-9618+[2001-638-700-10df--1-2a]-9618&alias=bird-htc-sched14.desy.de&noUDP&sock=schedd_1936_8371_3>
...
000 (13926295.003.000) 2021-01-08 09:09:07 Job submitted from host: <131.169.223.42:9618?addrs=131.169.223.42-9618+[2001-638-700-10df--1-2a]-9618&alias=bird-htc-sched14.desy.de&noUDP&sock=schedd_1936_8371_3>
...
000 (13926295.004.000) 2021-01-08 09:09:07 Job submitted from host: <131.169.223.42:9618?addrs=131.169.223.42-9618+[2001-638-700-10df--1-2a]-9618&alias=bird-htc-sched14.desy.de&noUDP&sock=schedd_1936_8371_3>
...
000 (13926295.005.000) 2021-01-08 09:09:07 Job submitted from host: <131.169.223.42:9618?addrs=131.169.223.42-9618+[2001-638-700-10df--1-2a]-9618&alias=bird-htc-sched14.desy.de&noUDP&sock=schedd_1936_8371_3>
...
000 (13926295.006.000) 2021-01-08 09:09:07 Job submitted from host: <131.169.223.42:9618?addrs=131.169.223.42-9618+[2001-638-700-10df--1-2a]-9618&alias=bird-htc-sched14.desy.de&noUDP&sock=schedd_1936_8371_3>
...
000 (13926295.007.000) 2021-01-08 09:09:07 Job submitted from host: <131.169.223.42:9618?addrs=131.169.223.42-9618+[2001-638-700-10df--1-2a]-9618&alias=bird-htc-sched14.desy.de&noUDP&sock=schedd_1936_8371_3>
...
000 (13926295.008.000) 2021-01-08 09:09:07 Job submitted from host: <131.169.223.42:9618?addrs=131.169.223.42-9618+[2001-638-700-10df--1-2a]-9618&alias=bird-htc-sched14.desy.de&noUDP&sock=schedd_1936_8371_3>
...
000 (13926295.009.000) 2021-01-08 09:09:07 Job submitted from host: <131.169.223.42:9618?addrs=131.169.223.42-9618+[2001-638-700-10df--1-2a]-9618&alias=bird-htc-sched14.desy.de&noUDP&sock=schedd_1936_8371_3>
...
000 (13926295.010.000) 2021-01-08 09:09:07 Job submitted from host: <131.169.223.42:9618?addrs=131.169.223.42-9618+[2001-638-700-10df--1-2a]-9618&alias=bird-htc-sched14.desy.de&noUDP&sock=schedd_1936_8371_3>
...
000 (13926295.011.000) 2021-01-08 09:09:07 Job submitted from host: <131.169.223.42:9618?addrs=131.169.223.42-9618+[2001-638-700-10df--1-2a]-9618&alias=bird-htc-sched14.desy.de&noUDP&sock=schedd_1936_8371_3>
...
000 (13926295.012.000) 2021-01-08 09:09:07 Job submitted from host: <131.169.223.42:9618?addrs=131.169.223.42-9618+[2001-638-700-10df--1-2a]-9618&alias=bird-htc-sched14.desy.de&noUDP&sock=schedd_1936_8371_3>
...
000 (13926295.013.000) 2021-01-08 09:09:07 Job submitted from host: <131.169.223.42:9618?addrs=131.169.223.42-9618+[2001-638-700-10df--1-2a]-9618&alias=bird-htc-sched14.desy.de&noUDP&sock=schedd_1936_8371_3>
...
000 (13926295.014.000) 2021-01-08 09:09:07 Job submitted from host: <131.169.223.42:9618?addrs=131.169.223.42-9618+[2001-638-700-10df--1-2a]-9618&alias=bird-htc-sched14.desy.de&noUDP&sock=schedd_1936_8371_3>
...
000 (13926295.015.000) 2021-01-08 09:09:07 Job submitted from host: <131.169.223.42:9618?addrs=131.169.223.42-9618+[2001-638-700-10df--1-2a]-9618&alias=bird-htc-sched14.desy.de&noUDP&sock=schedd_1936_8371_3>
...
000 (13926295.016.000) 2021-01-08 09:09:07 Job submitted from host: <131.169.223.42:9618?addrs=131.169.223.42-9618+[2001-638-700-10df--1-2a]-9618&alias=bird-htc-sched14.desy.de&noUDP&sock=schedd_1936_8371_3>
...
000 (13926295.017.000) 2021-01-08 09:09:07 Job submitted from host: <131.169.223.42:9618?addrs=131.169.223.42-9618+[2001-638-700-10df--1-2a]-9618&alias=bird-htc-sched14.desy.de&noUDP&sock=schedd_1936_8371_3>
...
000 (13926295.018.000) 2021-01-08 09:09:07 Job submitted from host: <131.169.223.42:9618?addrs=131.169.223.42-9618+[2001-638-700-10df--1-2a]-9618&alias=bird-htc-sched14.desy.de&noUDP&sock=schedd_1936_8371_3>
...
000 (13926295.019.000) 2021-01-08 09:09:07 Job submitted from host: <131.169.223.42:9618?addrs=131.169.223.42-9618+[2001-638-700-10df--1-2a]-9618&alias=bird-htc-sched14.desy.de&noUDP&sock=schedd_1936_8371_3>
...
000 (13926295.020.000) 2021-01-08 09:09:07 Job submitted from host: <131.169.223.42:9618?addrs=131.169.223.42-9618+[2001-638-700-10df--1-2a]-9618&alias=bird-htc-sched14.desy.de&noUDP&sock=schedd_1936_8371_3>
...
000 (13926295.021.000) 2021-01-08 09:09:07 Job submitted from host: <131.169.223.42:9618?addrs=131.169.223.42-9618+[2001-638-700-10df--1-2a]-9618&alias=bird-htc-sched14.desy.de&noUDP&sock=schedd_1936_8371_3>
...
000 (13926295.022.000) 2021-01-08 09:09:07 Job submitted from host: <131.169.223.42:9618?addrs=131.169.223.42-9618+[2001-638-700-10df--1-2a]-9618&alias=bird-htc-sched14.desy.de&noUDP&sock=schedd_1936_8371_3>
...
000 (13926295.023.000) 2021-01-08 09:09:07 Job submitted from host: <131.169.223.42:9618?addrs=131.169.223.42-9618+[2001-638-700-10df--1-2a]-9618&alias=bird-htc-sched14.desy.de&noUDP&sock=schedd_1936_8371_3>
...
000 (13926295.024.000) 2021-01-08 09:09:07 Job submitted from host: <131.169.223.42:9618?addrs=131.169.223.42-9618+[2001-638-700-10df--1-2a]-9618&alias=bird-htc-sched14.desy.de&noUDP&sock=schedd_1936_8371_3>
...
001 (13926295.004.000) 2021-01-08 09:09:31 Job executing on host: <131.169.164.4:44067?addrs=131.169.164.4-44067&alias=bird804.desy.de>
...
001 (13926295.016.000) 2021-01-08 09:09:31 Job executing on host: <131.169.163.123:34595?addrs=131.169.163.123-34595&alias=bird684.desy.de>
...
001 (13926295.018.000) 2021-01-08 09:09:31 Job executing on host: <131.169.163.121:37883?addrs=131.169.163.121-37883&alias=bird682.desy.de>
...
001 (13926295.019.000) 2021-01-08 09:09:31 Job executing on host: <131.169.163.120:41262?addrs=131.169.163.120-41262&alias=bird681.desy.de>
...
001 (13926295.024.000) 2021-01-08 09:09:31 Job executing on host: <131.169.164.4:44067?addrs=131.169.164.4-44067&alias=bird804.desy.de>
...
001 (13926295.015.000) 2021-01-08 09:09:31 Job executing on host: <131.169.77.164:38118?addrs=131.169.77.164-38118&alias=bird644.desy.de>
...
001 (13926295.006.000) 2021-01-08 09:09:31 Job executing on host: <131.169.160.160:36891?addrs=131.169.160.160-36891&alias=batch1060.desy.de>
...
001 (13926295.008.000) 2021-01-08 09:09:31 Job executing on host: <131.169.160.156:36378?addrs=131.169.160.156-36378&alias=batch1056.desy.de>
...
001 (13926295.022.000) 2021-01-08 09:09:31 Job executing on host: <131.169.164.56:43431?addrs=131.169.164.56-43431>
...
001 (13926295.021.000) 2021-01-08 09:09:31 Job executing on host: <131.169.164.25:44209?addrs=131.169.164.25-44209&alias=bird825.desy.de>
...
001 (13926295.023.000) 2021-01-08 09:09:31 Job executing on host: <131.169.164.33:40802?addrs=131.169.164.33-40802&alias=bird833.desy.de>
...
001 (13926295.020.000) 2021-01-08 09:09:31 Job executing on host: <131.169.164.42:44646?addrs=131.169.164.42-44646&alias=bird842.desy.de>
...
001 (13926295.003.000) 2021-01-08 09:09:32 Job executing on host: <131.169.164.33:40802?addrs=131.169.164.33-40802&alias=bird833.desy.de>
...
001 (13926295.017.000) 2021-01-08 09:09:32 Job executing on host: <131.169.164.47:34433?addrs=131.169.164.47-34433&alias=bird847.desy.de>
...
001 (13926295.005.000) 2021-01-08 09:09:32 Job executing on host: <131.169.164.58:39182?addrs=131.169.164.58-39182&alias=bird858.desy.de>
...
001 (13926295.011.000) 2021-01-08 09:09:32 Job executing on host: <131.169.164.45:32871?addrs=131.169.164.45-32871&alias=bird845.desy.de>
...
001 (13926295.001.000) 2021-01-08 09:09:32 Job executing on host: <131.169.77.207:44457?addrs=131.169.77.207-44457&alias=bird761.desy.de>
...
001 (13926295.012.000) 2021-01-08 09:09:32 Job executing on host: <131.169.77.149:38198?addrs=131.169.77.149-38198&alias=bird629.desy.de>
...
001 (13926295.013.000) 2021-01-08 09:09:32 Job executing on host: <131.169.164.57:37058?addrs=131.169.164.57-37058&alias=bird857.desy.de>
...
001 (13926295.010.000) 2021-01-08 09:09:32 Job executing on host: <131.169.77.155:37778?addrs=131.169.77.155-37778&alias=bird635.desy.de>
...
001 (13926295.009.000) 2021-01-08 09:09:32 Job executing on host: <131.169.160.157:37987?addrs=131.169.160.157-37987&alias=batch1057.desy.de>
...
001 (13926295.000.000) 2021-01-08 09:09:32 Job executing on host: <131.169.160.158:41179?addrs=131.169.160.158-41179&alias=batch1058.desy.de>
...
001 (13926295.002.000) 2021-01-08 09:09:32 Job executing on host: <131.169.164.48:43882?addrs=131.169.164.48-43882&alias=bird848.desy.de>
...
001 (13926295.007.000) 2021-01-08 09:09:32 Job executing on host: <131.169.160.154:37786?addrs=131.169.160.154-37786&alias=batch1054.desy.de>
...
001 (13926295.014.000) 2021-01-08 09:09:32 Job executing on host: <131.169.160.168:34387?addrs=131.169.160.168-34387&alias=batch1068.desy.de>
...
006 (13926295.004.000) 2021-01-08 09:09:39 Image size of job updated: 393328
	337  -  MemoryUsage of job (MB)
	344744  -  ResidentSetSize of job (KB)
...
006 (13926295.016.000) 2021-01-08 09:09:39 Image size of job updated: 416136
	344  -  MemoryUsage of job (MB)
	351832  -  ResidentSetSize of job (KB)
...
006 (13926295.018.000) 2021-01-08 09:09:39 Image size of job updated: 286528
	228  -  MemoryUsage of job (MB)
	232896  -  ResidentSetSize of job (KB)
...
006 (13926295.019.000) 2021-01-08 09:09:39 Image size of job updated: 240112
	215  -  MemoryUsage of job (MB)
	220028  -  ResidentSetSize of job (KB)
...
006 (13926295.024.000) 2021-01-08 09:09:39 Image size of job updated: 384048
	340  -  MemoryUsage of job (MB)
	347984  -  ResidentSetSize of job (KB)
...
006 (13926295.015.000) 2021-01-08 09:09:39 Image size of job updated: 381092
	353  -  MemoryUsage of job (MB)
	361212  -  ResidentSetSize of job (KB)
...
006 (13926295.006.000) 2021-01-08 09:09:39 Image size of job updated: 209528
	126  -  MemoryUsage of job (MB)
	128416  -  ResidentSetSize of job (KB)
...
006 (13926295.022.000) 2021-01-08 09:09:39 Image size of job updated: 249396
	197  -  MemoryUsage of job (MB)
	201388  -  ResidentSetSize of job (KB)
...
006 (13926295.020.000) 2021-01-08 09:09:39 Image size of job updated: 253024
	202  -  MemoryUsage of job (MB)
	206256  -  ResidentSetSize of job (KB)
...
006 (13926295.023.000) 2021-01-08 09:09:39 Image size of job updated: 266504
	210  -  MemoryUsage of job (MB)
	214388  -  ResidentSetSize of job (KB)
...
006 (13926295.021.000) 2021-01-08 09:09:39 Image size of job updated: 242484
	214  -  MemoryUsage of job (MB)
	218680  -  ResidentSetSize of job (KB)
...
006 (13926295.008.000) 2021-01-08 09:09:39 Image size of job updated: 402180
	311  -  MemoryUsage of job (MB)
	317532  -  ResidentSetSize of job (KB)
...
006 (13926295.003.000) 2021-01-08 09:09:40 Image size of job updated: 262556
	223  -  MemoryUsage of job (MB)
	227348  -  ResidentSetSize of job (KB)
...
006 (13926295.017.000) 2021-01-08 09:09:40 Image size of job updated: 250436
	227  -  MemoryUsage of job (MB)
	231884  -  ResidentSetSize of job (KB)
...
006 (13926295.005.000) 2021-01-08 09:09:40 Image size of job updated: 265740
	226  -  MemoryUsage of job (MB)
	230408  -  ResidentSetSize of job (KB)
...
006 (13926295.011.000) 2021-01-08 09:09:40 Image size of job updated: 269944
	241  -  MemoryUsage of job (MB)
	246608  -  ResidentSetSize of job (KB)
...
006 (13926295.001.000) 2021-01-08 09:09:40 Image size of job updated: 429156
	337  -  MemoryUsage of job (MB)
	344508  -  ResidentSetSize of job (KB)
...
006 (13926295.013.000) 2021-01-08 09:09:40 Image size of job updated: 284828
	234  -  MemoryUsage of job (MB)
	238956  -  ResidentSetSize of job (KB)
...
006 (13926295.012.000) 2021-01-08 09:09:40 Image size of job updated: 362200
	304  -  MemoryUsage of job (MB)
	310344  -  ResidentSetSize of job (KB)
...
006 (13926295.010.000) 2021-01-08 09:09:40 Image size of job updated: 216300
	130  -  MemoryUsage of job (MB)
	132708  -  ResidentSetSize of job (KB)
...
006 (13926295.002.000) 2021-01-08 09:09:40 Image size of job updated: 297680
	206  -  MemoryUsage of job (MB)
	210340  -  ResidentSetSize of job (KB)
...
006 (13926295.009.000) 2021-01-08 09:09:40 Image size of job updated: 392012
	301  -  MemoryUsage of job (MB)
	307364  -  ResidentSetSize of job (KB)
...
006 (13926295.000.000) 2021-01-08 09:09:40 Image size of job updated: 408512
	318  -  MemoryUsage of job (MB)
	325540  -  ResidentSetSize of job (KB)
...
006 (13926295.007.000) 2021-01-08 09:09:40 Image size of job updated: 373268
	284  -  MemoryUsage of job (MB)
	290276  -  ResidentSetSize of job (KB)
...
006 (13926295.014.000) 2021-01-08 09:09:41 Image size of job updated: 232068
	182  -  MemoryUsage of job (MB)
	186208  -  ResidentSetSize of job (KB)
...
006 (13926295.001.000) 2021-01-08 09:14:03 Image size of job updated: 6140504
	337  -  MemoryUsage of job (MB)
	344508  -  ResidentSetSize of job (KB)
...
005 (13926295.001.000) 2021-01-08 09:14:03 Job terminated.
	(1) Normal termination (return value 0)
		Usr 0 00:03:54, Sys 0 00:00:14  -  Run Remote Usage
		Usr 0 00:00:00, Sys 0 00:00:00  -  Run Local Usage
		Usr 0 00:03:54, Sys 0 00:00:14  -  Total Remote Usage
		Usr 0 00:00:00, Sys 0 00:00:00  -  Total Local Usage
	0  -  Run Bytes Sent By Job
	0  -  Run Bytes Received By Job
	0  -  Total Bytes Sent By Job
	0  -  Total Bytes Received By Job
	Partitionable Resources :    Usage  Request Allocated 
	   Cpus                 :     0.90        1         1 
	   Disk (KB)            :     1     3584000   4613419 
	   Memory (MB)          :   337        4096      4096 

	Job terminated of its own accord at 2021-01-08T08:14:03Z.
...
006 (13926295.009.000) 2021-01-08 09:14:11 Image size of job updated: 11197496
	301  -  MemoryUsage of job (MB)
	307452  -  ResidentSetSize of job (KB)
...
005 (13926295.009.000) 2021-01-08 09:14:11 Job terminated.
	(1) Normal termination (return value 0)
		Usr 0 00:04:00, Sys 0 00:00:18  -  Run Remote Usage
		Usr 0 00:00:00, Sys 0 00:00:00  -  Run Local Usage
		Usr 0 00:04:00, Sys 0 00:00:18  -  Total Remote Usage
		Usr 0 00:00:00, Sys 0 00:00:00  -  Total Local Usage
	0  -  Run Bytes Sent By Job
	0  -  Run Bytes Received By Job
	0  -  Total Bytes Sent By Job
	0  -  Total Bytes Received By Job
	Partitionable Resources :    Usage  Request Allocated 
	   Cpus                 :     0.92        1         1 
	   Disk (KB)            :     1     3584000   4470251 
	   Memory (MB)          :   301        4096      4096 

	Job terminated of its own accord at 2021-01-08T08:14:11Z.
...
006 (13926295.024.000) 2021-01-08 09:14:12 Image size of job updated: 11189244
	340  -  MemoryUsage of job (MB)
	347992  -  ResidentSetSize of job (KB)
...
005 (13926295.024.000) 2021-01-08 09:14:12 Job terminated.
	(1) Normal termination (return value 0)
		Usr 0 00:03:58, Sys 0 00:00:15  -  Run Remote Usage
		Usr 0 00:00:00, Sys 0 00:00:00  -  Run Local Usage
		Usr 0 00:03:58, Sys 0 00:00:15  -  Total Remote Usage
		Usr 0 00:00:00, Sys 0 00:00:00  -  Total Local Usage
	0  -  Run Bytes Sent By Job
	0  -  Run Bytes Received By Job
	0  -  Total Bytes Sent By Job
	0  -  Total Bytes Received By Job
	Partitionable Resources :    Usage  Request Allocated 
	   Cpus                 :     0.87        1         1 
	   Disk (KB)            :     1     3584000   4545066 
	   Memory (MB)          :   340        4096      4096 

	Job terminated of its own accord at 2021-01-08T08:14:12Z.
...
006 (13926295.003.000) 2021-01-08 09:14:13 Image size of job updated: 11167284
	223  -  MemoryUsage of job (MB)
	227384  -  ResidentSetSize of job (KB)
...
005 (13926295.003.000) 2021-01-08 09:14:13 Job terminated.
	(1) Normal termination (return value 0)
		Usr 0 00:03:54, Sys 0 00:00:15  -  Run Remote Usage
		Usr 0 00:00:00, Sys 0 00:00:00  -  Run Local Usage
		Usr 0 00:03:54, Sys 0 00:00:15  -  Total Remote Usage
		Usr 0 00:00:00, Sys 0 00:00:00  -  Total Local Usage
	0  -  Run Bytes Sent By Job
	0  -  Run Bytes Received By Job
	0  -  Total Bytes Sent By Job
	0  -  Total Bytes Received By Job
	Partitionable Resources :    Usage  Request Allocated 
	   Cpus                 :     0.91        1         1 
	   Disk (KB)            :     1     3584000   4540362 
	   Memory (MB)          :   223        4096      4096 

	Job terminated of its own accord at 2021-01-08T08:14:13Z.
...
006 (13926295.004.000) 2021-01-08 09:14:13 Image size of job updated: 6330764
	337  -  MemoryUsage of job (MB)
	344804  -  ResidentSetSize of job (KB)
...
005 (13926295.004.000) 2021-01-08 09:14:13 Job terminated.
	(1) Normal termination (return value 0)
		Usr 0 00:03:58, Sys 0 00:00:16  -  Run Remote Usage
		Usr 0 00:00:00, Sys 0 00:00:00  -  Run Local Usage
		Usr 0 00:03:58, Sys 0 00:00:16  -  Total Remote Usage
		Usr 0 00:00:00, Sys 0 00:00:00  -  Total Local Usage
	0  -  Run Bytes Sent By Job
	0  -  Run Bytes Received By Job
	0  -  Total Bytes Sent By Job
	0  -  Total Bytes Received By Job
	Partitionable Resources :    Usage  Request Allocated 
	   Cpus                 :     0.90        1         1 
	   Disk (KB)            :     1     3584000   4545066 
	   Memory (MB)          :   337        4096      4096 

	Job terminated of its own accord at 2021-01-08T08:14:13Z.
...
006 (13926295.016.000) 2021-01-08 09:14:14 Image size of job updated: 2975176
	344  -  MemoryUsage of job (MB)
	352104  -  ResidentSetSize of job (KB)
...
005 (13926295.016.000) 2021-01-08 09:14:14 Job terminated.
	(1) Normal termination (return value 0)
		Usr 0 00:04:00, Sys 0 00:00:16  -  Run Remote Usage
		Usr 0 00:00:00, Sys 0 00:00:00  -  Run Local Usage
		Usr 0 00:04:00, Sys 0 00:00:16  -  Total Remote Usage
		Usr 0 00:00:00, Sys 0 00:00:00  -  Total Local Usage
	0  -  Run Bytes Sent By Job
	0  -  Run Bytes Received By Job
	0  -  Total Bytes Sent By Job
	0  -  Total Bytes Received By Job
	Partitionable Resources :    Usage  Request Allocated 
	   Cpus                 :     0.90        1         1 
	   Disk (KB)            :     1     3584000   3965366 
	   Memory (MB)          :   344        4096      4096 

	Job terminated of its own accord at 2021-01-08T08:14:14Z.
...
006 (13926295.021.000) 2021-01-08 09:14:15 Image size of job updated: 12671120
	214  -  MemoryUsage of job (MB)
	218736  -  ResidentSetSize of job (KB)
...
005 (13926295.021.000) 2021-01-08 09:14:15 Job terminated.
	(1) Normal termination (return value 0)
		Usr 0 00:03:58, Sys 0 00:00:19  -  Run Remote Usage
		Usr 0 00:00:00, Sys 0 00:00:00  -  Run Local Usage
		Usr 0 00:03:58, Sys 0 00:00:19  -  Total Remote Usage
		Usr 0 00:00:00, Sys 0 00:00:00  -  Total Local Usage
	0  -  Run Bytes Sent By Job
	0  -  Run Bytes Received By Job
	0  -  Total Bytes Sent By Job
	0  -  Total Bytes Received By Job
	Partitionable Resources :    Usage  Request Allocated 
	   Cpus                 :     0.91        1         1 
	   Disk (KB)            :     1     3584000   4545694 
	   Memory (MB)          :   214        4096      4096 

	Job terminated of its own accord at 2021-01-08T08:14:15Z.
...
006 (13926295.023.000) 2021-01-08 09:14:15 Image size of job updated: 11174060
	210  -  MemoryUsage of job (MB)
	214428  -  ResidentSetSize of job (KB)
...
005 (13926295.023.000) 2021-01-08 09:14:15 Job terminated.
	(1) Normal termination (return value 0)
		Usr 0 00:03:56, Sys 0 00:00:16  -  Run Remote Usage
		Usr 0 00:00:00, Sys 0 00:00:00  -  Run Local Usage
		Usr 0 00:03:56, Sys 0 00:00:16  -  Total Remote Usage
		Usr 0 00:00:00, Sys 0 00:00:00  -  Total Local Usage
	0  -  Run Bytes Sent By Job
	0  -  Run Bytes Received By Job
	0  -  Total Bytes Sent By Job
	0  -  Total Bytes Received By Job
	Partitionable Resources :    Usage  Request Allocated 
	   Cpus                 :     0.91        1         1 
	   Disk (KB)            :     1     3584000   4540362 
	   Memory (MB)          :   210        4096      4096 

	Job terminated of its own accord at 2021-01-08T08:14:15Z.
...
006 (13926295.002.000) 2021-01-08 09:14:17 Image size of job updated: 11180172
	206  -  MemoryUsage of job (MB)
	210524  -  ResidentSetSize of job (KB)
...
005 (13926295.002.000) 2021-01-08 09:14:17 Job terminated.
	(1) Normal termination (return value 0)
		Usr 0 00:04:06, Sys 0 00:00:14  -  Run Remote Usage
		Usr 0 00:00:00, Sys 0 00:00:00  -  Run Local Usage
		Usr 0 00:04:06, Sys 0 00:00:14  -  Total Remote Usage
		Usr 0 00:00:00, Sys 0 00:00:00  -  Total Local Usage
	0  -  Run Bytes Sent By Job
	0  -  Run Bytes Received By Job
	0  -  Total Bytes Sent By Job
	0  -  Total Bytes Received By Job
	Partitionable Resources :    Usage  Request Allocated 
	   Cpus                 :     0.90        1         1 
	   Disk (KB)            :     1     3584000   4207890 
	   Memory (MB)          :   206        4096      4096 

	Job terminated of its own accord at 2021-01-08T08:14:17Z.
...
006 (13926295.022.000) 2021-01-08 09:14:18 Image size of job updated: 3680556
	197  -  MemoryUsage of job (MB)
	201436  -  ResidentSetSize of job (KB)
...
005 (13926295.022.000) 2021-01-08 09:14:18 Job terminated.
	(1) Normal termination (return value 0)
		Usr 0 00:03:57, Sys 0 00:00:14  -  Run Remote Usage
		Usr 0 00:00:00, Sys 0 00:00:00  -  Run Local Usage
		Usr 0 00:03:57, Sys 0 00:00:14  -  Total Remote Usage
		Usr 0 00:00:00, Sys 0 00:00:00  -  Total Local Usage
	0  -  Run Bytes Sent By Job
	0  -  Run Bytes Received By Job
	0  -  Total Bytes Sent By Job
	0  -  Total Bytes Received By Job
	Partitionable Resources :    Usage  Request Allocated 
	   Cpus                 :     0.91        1         1 
	   Disk (KB)            :     1     3584000   4647351 
	   Memory (MB)          :   197        4096      4096 
...
006 (13926295.000.000) 2021-01-08 09:14:19 Image size of job updated: 11190168
	318  -  MemoryUsage of job (MB)
	325540  -  ResidentSetSize of job (KB)
...
005 (13926295.000.000) 2021-01-08 09:14:19 Job terminated.
	(1) Normal termination (return value 0)
		Usr 0 00:03:57, Sys 0 00:00:20  -  Run Remote Usage
		Usr 0 00:00:00, Sys 0 00:00:00  -  Run Local Usage
		Usr 0 00:03:57, Sys 0 00:00:20  -  Total Remote Usage
		Usr 0 00:00:00, Sys 0 00:00:00  -  Total Local Usage
	0  -  Run Bytes Sent By Job
	0  -  Run Bytes Received By Job
	0  -  Total Bytes Sent By Job
	0  -  Total Bytes Received By Job
	Partitionable Resources :    Usage  Request Allocated 
	   Cpus                 :     0.84        1         1 
	   Disk (KB)            :     1     3584000   4399817 
	   Memory (MB)          :   318        4096      4096 

	Job terminated of its own accord at 2021-01-08T08:14:19Z.
...
006 (13926295.011.000) 2021-01-08 09:14:21 Image size of job updated: 11124924
	241  -  MemoryUsage of job (MB)
	246608  -  ResidentSetSize of job (KB)
...
005 (13926295.011.000) 2021-01-08 09:14:21 Job terminated.
	(1) Normal termination (return value 0)
		Usr 0 00:03:56, Sys 0 00:00:15  -  Run Remote Usage
		Usr 0 00:00:00, Sys 0 00:00:00  -  Run Local Usage
		Usr 0 00:03:56, Sys 0 00:00:15  -  Total Remote Usage
		Usr 0 00:00:00, Sys 0 00:00:00  -  Total Local Usage
	0  -  Run Bytes Sent By Job
	0  -  Run Bytes Received By Job
	0  -  Total Bytes Sent By Job
	0  -  Total Bytes Received By Job
	Partitionable Resources :    Usage  Request Allocated 
	   Cpus                 :     0.84        1         1 
	   Disk (KB)            :     1     3584000   4518238 
	   Memory (MB)          :   241        4096      4096 

	Job terminated of its own accord at 2021-01-08T08:14:21Z.
...
006 (13926295.005.000) 2021-01-08 09:14:22 Image size of job updated: 11231332
	226  -  MemoryUsage of job (MB)
	230576  -  ResidentSetSize of job (KB)
...
005 (13926295.005.000) 2021-01-08 09:14:22 Job terminated.
	(1) Normal termination (return value 0)
		Usr 0 00:03:58, Sys 0 00:00:15  -  Run Remote Usage
		Usr 0 00:00:00, Sys 0 00:00:00  -  Run Local Usage
		Usr 0 00:03:58, Sys 0 00:00:15  -  Total Remote Usage
		Usr 0 00:00:00, Sys 0 00:00:00  -  Total Local Usage
	0  -  Run Bytes Sent By Job
	0  -  Run Bytes Received By Job
	0  -  Total Bytes Sent By Job
	0  -  Total Bytes Received By Job
	Partitionable Resources :    Usage  Request Allocated 
	   Cpus                 :     0.88        1         1 
	   Disk (KB)            :     1     3584000   4645541 
	   Memory (MB)          :   226        4096      4096 

	Job terminated of its own accord at 2021-01-08T08:14:22Z.
...
006 (13926295.018.000) 2021-01-08 09:14:24 Image size of job updated: 1204372
	228  -  MemoryUsage of job (MB)
	232932  -  ResidentSetSize of job (KB)
...
005 (13926295.018.000) 2021-01-08 09:14:24 Job terminated.
	(1) Normal termination (return value 0)
		Usr 0 00:04:00, Sys 0 00:00:20  -  Run Remote Usage
		Usr 0 00:00:00, Sys 0 00:00:00  -  Run Local Usage
		Usr 0 00:04:00, Sys 0 00:00:20  -  Total Remote Usage
		Usr 0 00:00:00, Sys 0 00:00:00  -  Total Local Usage
	0  -  Run Bytes Sent By Job
	0  -  Run Bytes Received By Job
	0  -  Total Bytes Sent By Job
	0  -  Total Bytes Received By Job
	Partitionable Resources :    Usage  Request Allocated 
	   Cpus                 :     0.87        1         1 
	   Disk (KB)            :     1     3584000   3956902 
	   Memory (MB)          :   228        4096      4096 

	Job terminated of its own accord at 2021-01-08T08:14:24Z.
...
006 (13926295.019.000) 2021-01-08 09:14:25 Image size of job updated: 11178616
	216  -  MemoryUsage of job (MB)
	220264  -  ResidentSetSize of job (KB)
...
005 (13926295.019.000) 2021-01-08 09:14:25 Job terminated.
	(1) Normal termination (return value 0)
		Usr 0 00:03:59, Sys 0 00:00:21  -  Run Remote Usage
		Usr 0 00:00:00, Sys 0 00:00:00  -  Run Local Usage
		Usr 0 00:03:59, Sys 0 00:00:21  -  Total Remote Usage
		Usr 0 00:00:00, Sys 0 00:00:00  -  Total Local Usage
	0  -  Run Bytes Sent By Job
	0  -  Run Bytes Received By Job
	0  -  Total Bytes Sent By Job
	0  -  Total Bytes Received By Job
	Partitionable Resources :    Usage  Request Allocated 
	   Cpus                 :     0.91        1         1 
	   Disk (KB)            :     1     3584000   3950929 
	   Memory (MB)          :   216        4096      4096 

	Job terminated of its own accord at 2021-01-08T08:14:25Z.
...
005 (13926295.015.000) 2021-01-08 09:14:25 Job terminated.
	(1) Normal termination (return value 0)
		Usr 0 00:03:50, Sys 0 00:00:16  -  Run Remote Usage
		Usr 0 00:00:00, Sys 0 00:00:00  -  Run Local Usage
		Usr 0 00:03:50, Sys 0 00:00:16  -  Total Remote Usage
		Usr 0 00:00:00, Sys 0 00:00:00  -  Total Local Usage
	0  -  Run Bytes Sent By Job
	0  -  Run Bytes Received By Job
	0  -  Total Bytes Sent By Job
	0  -  Total Bytes Received By Job
	Partitionable Resources :    Usage  Request Allocated 
	   Cpus                 :     0.25        1         1 
	   Disk (KB)            :     1     3584000   4784657 
	   Memory (MB)          :   353        4096      4096 

	Job terminated of its own accord at 2021-01-08T08:14:25Z.
...
006 (13926295.017.000) 2021-01-08 09:14:26 Image size of job updated: 250436
	227  -  MemoryUsage of job (MB)
	231904  -  ResidentSetSize of job (KB)
...
005 (13926295.017.000) 2021-01-08 09:14:26 Job terminated.
	(1) Normal termination (return value 0)
		Usr 0 00:03:59, Sys 0 00:00:18  -  Run Remote Usage
		Usr 0 00:00:00, Sys 0 00:00:00  -  Run Local Usage
		Usr 0 00:03:59, Sys 0 00:00:18  -  Total Remote Usage
		Usr 0 00:00:00, Sys 0 00:00:00  -  Total Local Usage
	0  -  Run Bytes Sent By Job
	0  -  Run Bytes Received By Job
	0  -  Total Bytes Sent By Job
	0  -  Total Bytes Received By Job
	Partitionable Resources :    Usage  Request Allocated 
	   Cpus                 :     0.91        1         1 
	   Disk (KB)            :     1     3584000   4535475 
	   Memory (MB)          :   227        4096      4096 

	Job terminated of its own accord at 2021-01-08T08:14:26Z.
...
006 (13926295.008.000) 2021-01-08 09:14:28 Image size of job updated: 11149104
	311  -  MemoryUsage of job (MB)
	317668  -  ResidentSetSize of job (KB)
...
005 (13926295.008.000) 2021-01-08 09:14:28 Job terminated.
	(1) Normal termination (return value 0)
		Usr 0 00:04:08, Sys 0 00:00:22  -  Run Remote Usage
		Usr 0 00:00:00, Sys 0 00:00:00  -  Run Local Usage
		Usr 0 00:04:08, Sys 0 00:00:22  -  Total Remote Usage
		Usr 0 00:00:00, Sys 0 00:00:00  -  Total Local Usage
	0  -  Run Bytes Sent By Job
	0  -  Run Bytes Received By Job
	0  -  Total Bytes Sent By Job
	0  -  Total Bytes Received By Job
	Partitionable Resources :    Usage  Request Allocated 
	   Cpus                 :     0.91        1         1 
	   Disk (KB)            :     1     3584000   4559338 
	   Memory (MB)          :   311        4096      4096 

	Job terminated of its own accord at 2021-01-08T08:14:28Z.
...
006 (13926295.020.000) 2021-01-08 09:14:35 Image size of job updated: 11121036
	202  -  MemoryUsage of job (MB)
	206564  -  ResidentSetSize of job (KB)
...
005 (13926295.020.000) 2021-01-08 09:14:35 Job terminated.
	(1) Normal termination (return value 0)
		Usr 0 00:04:00, Sys 0 00:00:17  -  Run Remote Usage
		Usr 0 00:00:00, Sys 0 00:00:00  -  Run Local Usage
		Usr 0 00:04:00, Sys 0 00:00:17  -  Total Remote Usage
		Usr 0 00:00:00, Sys 0 00:00:00  -  Total Local Usage
	0  -  Run Bytes Sent By Job
	0  -  Run Bytes Received By Job
	0  -  Total Bytes Sent By Job
	0  -  Total Bytes Received By Job
	Partitionable Resources :    Usage  Request Allocated 
	   Cpus                 :     0.90        1         1 
	   Disk (KB)            :     1     3584000   3989237 
	   Memory (MB)          :   202        4096      4096 

	Job terminated of its own accord at 2021-01-08T08:14:35Z.
...
006 (13926295.013.000) 2021-01-08 09:14:36 Image size of job updated: 11166372
	234  -  MemoryUsage of job (MB)
	238956  -  ResidentSetSize of job (KB)
...
005 (13926295.013.000) 2021-01-08 09:14:36 Job terminated.
	(1) Normal termination (return value 0)
		Usr 0 00:04:00, Sys 0 00:00:20  -  Run Remote Usage
		Usr 0 00:00:00, Sys 0 00:00:00  -  Run Local Usage
		Usr 0 00:04:00, Sys 0 00:00:20  -  Total Remote Usage
		Usr 0 00:00:00, Sys 0 00:00:00  -  Total Local Usage
	0  -  Run Bytes Sent By Job
	0  -  Run Bytes Received By Job
	0  -  Total Bytes Sent By Job
	0  -  Total Bytes Received By Job
	Partitionable Resources :    Usage  Request Allocated 
	   Cpus                 :     0.90        1         1 
	   Disk (KB)            :     1     3584000   3977278 
	   Memory (MB)          :   234        4096      4096 

	Job terminated of its own accord at 2021-01-08T08:14:36Z.
...
006 (13926295.006.000) 2021-01-08 09:14:39 Image size of job updated: 10924688
	10585  -  MemoryUsage of job (MB)
	10839012  -  ResidentSetSize of job (KB)
...
006 (13926295.012.000) 2021-01-08 09:14:40 Image size of job updated: 10783708
	7953  -  MemoryUsage of job (MB)
	8143788  -  ResidentSetSize of job (KB)
...
006 (13926295.010.000) 2021-01-08 09:14:40 Image size of job updated: 10296588
	4983  -  MemoryUsage of job (MB)
	5101868  -  ResidentSetSize of job (KB)
...
006 (13926295.007.000) 2021-01-08 09:14:40 Image size of job updated: 11183564
	6173  -  MemoryUsage of job (MB)
	6321096  -  ResidentSetSize of job (KB)
...
006 (13926295.014.000) 2021-01-08 09:14:42 Image size of job updated: 10795748
	5527  -  MemoryUsage of job (MB)
	5659280  -  ResidentSetSize of job (KB)
...
006 (13926295.007.000) 2021-01-08 09:14:45 Image size of job updated: 11184168
	6173  -  MemoryUsage of job (MB)
	6321116  -  ResidentSetSize of job (KB)
...
005 (13926295.007.000) 2021-01-08 09:14:45 Job terminated.
	(1) Normal termination (return value 0)
		Usr 0 00:04:21, Sys 0 00:00:23  -  Run Remote Usage
		Usr 0 00:00:00, Sys 0 00:00:00  -  Run Local Usage
		Usr 0 00:04:21, Sys 0 00:00:23  -  Total Remote Usage
		Usr 0 00:00:00, Sys 0 00:00:00  -  Total Local Usage
	0  -  Run Bytes Sent By Job
	0  -  Run Bytes Received By Job
	0  -  Total Bytes Sent By Job
	0  -  Total Bytes Received By Job
	Partitionable Resources :    Usage  Request Allocated 
	   Cpus                 :     0.92        1         1 
	   Disk (KB)            :     1     3584000   4436249 
	   Memory (MB)          :  6173        4096      4096 

	Job terminated of its own accord at 2021-01-08T08:14:45Z.
...
006 (13926295.006.000) 2021-01-08 09:14:54 Image size of job updated: 11301724
	10586  -  MemoryUsage of job (MB)
	10839120  -  ResidentSetSize of job (KB)
...
005 (13926295.006.000) 2021-01-08 09:14:54 Job terminated.
	(1) Normal termination (return value 0)
		Usr 0 00:04:30, Sys 0 00:00:21  -  Run Remote Usage
		Usr 0 00:00:00, Sys 0 00:00:00  -  Run Local Usage
		Usr 0 00:04:30, Sys 0 00:00:21  -  Total Remote Usage
		Usr 0 00:00:00, Sys 0 00:00:00  -  Total Local Usage
	0  -  Run Bytes Sent By Job
	0  -  Run Bytes Received By Job
	0  -  Total Bytes Sent By Job
	0  -  Total Bytes Received By Job
	Partitionable Resources :    Usage  Request Allocated 
	   Cpus                 :     0.89        1         1 
	   Disk (KB)            :     1     3584000   4392699 
	   Memory (MB)          : 10586        4096      4096 

	Job terminated of its own accord at 2021-01-08T08:14:54Z.
...
006 (13926295.014.000) 2021-01-08 09:14:59 Image size of job updated: 10795748
	5527  -  MemoryUsage of job (MB)
	5659376  -  ResidentSetSize of job (KB)
...
005 (13926295.014.000) 2021-01-08 09:14:59 Job terminated.
	(1) Normal termination (return value 0)
		Usr 0 00:04:07, Sys 0 00:00:22  -  Run Remote Usage
		Usr 0 00:00:00, Sys 0 00:00:00  -  Run Local Usage
		Usr 0 00:04:07, Sys 0 00:00:22  -  Total Remote Usage
		Usr 0 00:00:00, Sys 0 00:00:00  -  Total Local Usage
	0  -  Run Bytes Sent By Job
	0  -  Run Bytes Received By Job
	0  -  Total Bytes Sent By Job
	0  -  Total Bytes Received By Job
	Partitionable Resources :    Usage  Request Allocated 
	   Cpus                 :     0.64        1         1 
	   Disk (KB)            :     1     3584000   4421070 
	   Memory (MB)          :  5527        4096      4096 

	Job terminated of its own accord at 2021-01-08T08:14:59Z.
...
006 (13926295.012.000) 2021-01-08 09:15:05 Image size of job updated: 11113176
	7953  -  MemoryUsage of job (MB)
	8143788  -  ResidentSetSize of job (KB)
...
005 (13926295.012.000) 2021-01-08 09:15:05 Job terminated.
	(1) Normal termination (return value 0)
		Usr 0 00:04:12, Sys 0 00:00:17  -  Run Remote Usage
		Usr 0 00:00:00, Sys 0 00:00:00  -  Run Local Usage
		Usr 0 00:04:12, Sys 0 00:00:17  -  Total Remote Usage
		Usr 0 00:00:00, Sys 0 00:00:00  -  Total Local Usage
	0  -  Run Bytes Sent By Job
	0  -  Run Bytes Received By Job
	0  -  Total Bytes Sent By Job
	0  -  Total Bytes Received By Job
	Partitionable Resources :    Usage  Request Allocated 
	   Cpus                 :     0.50        1         1 
	   Disk (KB)            :     1     3584000   4291318 
	   Memory (MB)          :  7953        4096      4096 

	Job terminated of its own accord at 2021-01-08T08:15:05Z.
...
006 (13926295.010.000) 2021-01-08 09:15:12 Image size of job updated: 11140880
	4983  -  MemoryUsage of job (MB)
	5101924  -  ResidentSetSize of job (KB)
...
005 (13926295.010.000) 2021-01-08 09:15:12 Job terminated.
	(1) Normal termination (return value 0)
		Usr 0 00:03:55, Sys 0 00:00:16  -  Run Remote Usage
		Usr 0 00:00:00, Sys 0 00:00:00  -  Run Local Usage
		Usr 0 00:03:55, Sys 0 00:00:16  -  Total Remote Usage
		Usr 0 00:00:00, Sys 0 00:00:00  -  Total Local Usage
	0  -  Run Bytes Sent By Job
	0  -  Run Bytes Received By Job
	0  -  Total Bytes Sent By Job
	0  -  Total Bytes Received By Job
	Partitionable Resources :    Usage  Request Allocated 
	   Cpus                 :     0.88        1         1 
	   Disk (KB)            :     1     3584000   4277474 
	   Memory (MB)          :  4983        4096      4096 

	Job terminated of its own accord at 2021-01-08T08:15:12Z.
...
