000 (13901933.000.000) 2021-01-07 12:19:58 Job submitted from host: <131.169.223.42:9618?addrs=131.169.223.42-9618+[2001-638-700-10df--1-2a]-9618&alias=bird-htc-sched14.desy.de&noUDP&sock=schedd_1936_8371_3>
...
000 (13901933.001.000) 2021-01-07 12:19:58 Job submitted from host: <131.169.223.42:9618?addrs=131.169.223.42-9618+[2001-638-700-10df--1-2a]-9618&alias=bird-htc-sched14.desy.de&noUDP&sock=schedd_1936_8371_3>
...
000 (13901933.002.000) 2021-01-07 12:19:58 Job submitted from host: <131.169.223.42:9618?addrs=131.169.223.42-9618+[2001-638-700-10df--1-2a]-9618&alias=bird-htc-sched14.desy.de&noUDP&sock=schedd_1936_8371_3>
...
000 (13901933.003.000) 2021-01-07 12:19:58 Job submitted from host: <131.169.223.42:9618?addrs=131.169.223.42-9618+[2001-638-700-10df--1-2a]-9618&alias=bird-htc-sched14.desy.de&noUDP&sock=schedd_1936_8371_3>
...
000 (13901933.004.000) 2021-01-07 12:19:58 Job submitted from host: <131.169.223.42:9618?addrs=131.169.223.42-9618+[2001-638-700-10df--1-2a]-9618&alias=bird-htc-sched14.desy.de&noUDP&sock=schedd_1936_8371_3>
...
000 (13901933.005.000) 2021-01-07 12:19:58 Job submitted from host: <131.169.223.42:9618?addrs=131.169.223.42-9618+[2001-638-700-10df--1-2a]-9618&alias=bird-htc-sched14.desy.de&noUDP&sock=schedd_1936_8371_3>
...
000 (13901933.006.000) 2021-01-07 12:19:58 Job submitted from host: <131.169.223.42:9618?addrs=131.169.223.42-9618+[2001-638-700-10df--1-2a]-9618&alias=bird-htc-sched14.desy.de&noUDP&sock=schedd_1936_8371_3>
...
000 (13901933.007.000) 2021-01-07 12:19:58 Job submitted from host: <131.169.223.42:9618?addrs=131.169.223.42-9618+[2001-638-700-10df--1-2a]-9618&alias=bird-htc-sched14.desy.de&noUDP&sock=schedd_1936_8371_3>
...
000 (13901933.008.000) 2021-01-07 12:19:58 Job submitted from host: <131.169.223.42:9618?addrs=131.169.223.42-9618+[2001-638-700-10df--1-2a]-9618&alias=bird-htc-sched14.desy.de&noUDP&sock=schedd_1936_8371_3>
...
000 (13901933.009.000) 2021-01-07 12:19:58 Job submitted from host: <131.169.223.42:9618?addrs=131.169.223.42-9618+[2001-638-700-10df--1-2a]-9618&alias=bird-htc-sched14.desy.de&noUDP&sock=schedd_1936_8371_3>
...
000 (13901933.010.000) 2021-01-07 12:19:58 Job submitted from host: <131.169.223.42:9618?addrs=131.169.223.42-9618+[2001-638-700-10df--1-2a]-9618&alias=bird-htc-sched14.desy.de&noUDP&sock=schedd_1936_8371_3>
...
000 (13901933.011.000) 2021-01-07 12:19:58 Job submitted from host: <131.169.223.42:9618?addrs=131.169.223.42-9618+[2001-638-700-10df--1-2a]-9618&alias=bird-htc-sched14.desy.de&noUDP&sock=schedd_1936_8371_3>
...
000 (13901933.012.000) 2021-01-07 12:19:58 Job submitted from host: <131.169.223.42:9618?addrs=131.169.223.42-9618+[2001-638-700-10df--1-2a]-9618&alias=bird-htc-sched14.desy.de&noUDP&sock=schedd_1936_8371_3>
...
000 (13901933.013.000) 2021-01-07 12:19:58 Job submitted from host: <131.169.223.42:9618?addrs=131.169.223.42-9618+[2001-638-700-10df--1-2a]-9618&alias=bird-htc-sched14.desy.de&noUDP&sock=schedd_1936_8371_3>
...
000 (13901933.014.000) 2021-01-07 12:19:58 Job submitted from host: <131.169.223.42:9618?addrs=131.169.223.42-9618+[2001-638-700-10df--1-2a]-9618&alias=bird-htc-sched14.desy.de&noUDP&sock=schedd_1936_8371_3>
...
000 (13901933.015.000) 2021-01-07 12:19:58 Job submitted from host: <131.169.223.42:9618?addrs=131.169.223.42-9618+[2001-638-700-10df--1-2a]-9618&alias=bird-htc-sched14.desy.de&noUDP&sock=schedd_1936_8371_3>
...
000 (13901933.016.000) 2021-01-07 12:19:58 Job submitted from host: <131.169.223.42:9618?addrs=131.169.223.42-9618+[2001-638-700-10df--1-2a]-9618&alias=bird-htc-sched14.desy.de&noUDP&sock=schedd_1936_8371_3>
...
000 (13901933.017.000) 2021-01-07 12:19:58 Job submitted from host: <131.169.223.42:9618?addrs=131.169.223.42-9618+[2001-638-700-10df--1-2a]-9618&alias=bird-htc-sched14.desy.de&noUDP&sock=schedd_1936_8371_3>
...
000 (13901933.018.000) 2021-01-07 12:19:58 Job submitted from host: <131.169.223.42:9618?addrs=131.169.223.42-9618+[2001-638-700-10df--1-2a]-9618&alias=bird-htc-sched14.desy.de&noUDP&sock=schedd_1936_8371_3>
...
000 (13901933.019.000) 2021-01-07 12:19:58 Job submitted from host: <131.169.223.42:9618?addrs=131.169.223.42-9618+[2001-638-700-10df--1-2a]-9618&alias=bird-htc-sched14.desy.de&noUDP&sock=schedd_1936_8371_3>
...
000 (13901933.020.000) 2021-01-07 12:19:58 Job submitted from host: <131.169.223.42:9618?addrs=131.169.223.42-9618+[2001-638-700-10df--1-2a]-9618&alias=bird-htc-sched14.desy.de&noUDP&sock=schedd_1936_8371_3>
...
000 (13901933.021.000) 2021-01-07 12:19:58 Job submitted from host: <131.169.223.42:9618?addrs=131.169.223.42-9618+[2001-638-700-10df--1-2a]-9618&alias=bird-htc-sched14.desy.de&noUDP&sock=schedd_1936_8371_3>
...
000 (13901933.022.000) 2021-01-07 12:19:58 Job submitted from host: <131.169.223.42:9618?addrs=131.169.223.42-9618+[2001-638-700-10df--1-2a]-9618&alias=bird-htc-sched14.desy.de&noUDP&sock=schedd_1936_8371_3>
...
000 (13901933.023.000) 2021-01-07 12:19:58 Job submitted from host: <131.169.223.42:9618?addrs=131.169.223.42-9618+[2001-638-700-10df--1-2a]-9618&alias=bird-htc-sched14.desy.de&noUDP&sock=schedd_1936_8371_3>
...
001 (13901933.001.000) 2021-01-07 12:24:37 Job executing on host: <131.169.162.151:46593?addrs=131.169.162.151-46593&alias=batch1151.desy.de>
...
001 (13901933.003.000) 2021-01-07 12:24:37 Job executing on host: <131.169.162.170:35564?addrs=131.169.162.170-35564&alias=batch1170.desy.de>
...
001 (13901933.006.000) 2021-01-07 12:24:37 Job executing on host: <131.169.160.176:35044?addrs=131.169.160.176-35044&alias=batch1178.desy.de>
...
001 (13901933.008.000) 2021-01-07 12:24:37 Job executing on host: <131.169.162.169:36226?addrs=131.169.162.169-36226&alias=batch1169.desy.de>
...
001 (13901933.011.000) 2021-01-07 12:24:37 Job executing on host: <131.169.160.172:34228?addrs=131.169.160.172-34228&alias=batch1174.desy.de>
...
001 (13901933.005.000) 2021-01-07 12:24:37 Job executing on host: <131.169.160.174:39753?addrs=131.169.160.174-39753&alias=batch1176.desy.de>
...
001 (13901933.000.000) 2021-01-07 12:24:37 Job executing on host: <131.169.160.192:32984?addrs=131.169.160.192-32984&alias=batch1186.desy.de>
...
001 (13901933.007.000) 2021-01-07 12:24:37 Job executing on host: <131.169.160.195:40122?addrs=131.169.160.195-40122&alias=batch1189.desy.de>
...
001 (13901933.012.000) 2021-01-07 12:24:37 Job executing on host: <131.169.162.165:33349?addrs=131.169.162.165-33349&alias=batch1165.desy.de>
...
001 (13901933.013.000) 2021-01-07 12:24:37 Job executing on host: <131.169.162.156:33000?addrs=131.169.162.156-33000&alias=batch1156.desy.de>
...
001 (13901933.009.000) 2021-01-07 12:24:37 Job executing on host: <131.169.160.180:44202?addrs=131.169.160.180-44202&alias=batch1182.desy.de>
...
001 (13901933.021.000) 2021-01-07 12:24:37 Job executing on host: <131.169.163.125:45874?addrs=131.169.163.125-45874&alias=bird686.desy.de>
...
001 (13901933.017.000) 2021-01-07 12:24:38 Job executing on host: <131.169.164.25:44209?addrs=131.169.164.25-44209&alias=bird825.desy.de>
...
001 (13901933.018.000) 2021-01-07 12:24:38 Job executing on host: <131.169.77.224:36139?addrs=131.169.77.224-36139&alias=bird778.desy.de>
...
001 (13901933.020.000) 2021-01-07 12:24:38 Job executing on host: <131.169.164.2:39378?addrs=131.169.164.2-39378&alias=bird802.desy.de>
...
001 (13901933.019.000) 2021-01-07 12:24:38 Job executing on host: <131.169.77.160:39445?addrs=131.169.77.160-39445&alias=bird640.desy.de>
...
001 (13901933.022.000) 2021-01-07 12:24:38 Job executing on host: <131.169.160.176:35044?addrs=131.169.160.176-35044&alias=batch1178.desy.de>
...
001 (13901933.016.000) 2021-01-07 12:24:38 Job executing on host: <131.169.164.33:40802?addrs=131.169.164.33-40802&alias=bird833.desy.de>
...
001 (13901933.015.000) 2021-01-07 12:24:38 Job executing on host: <131.169.164.57:37058?addrs=131.169.164.57-37058&alias=bird857.desy.de>
...
001 (13901933.023.000) 2021-01-07 12:24:38 Job executing on host: <131.169.160.180:44202?addrs=131.169.160.180-44202&alias=batch1182.desy.de>
...
001 (13901933.014.000) 2021-01-07 12:24:38 Job executing on host: <131.169.160.177:38717?addrs=131.169.160.177-38717&alias=batch1179.desy.de>
...
001 (13901933.004.000) 2021-01-07 12:24:39 Job executing on host: <131.169.160.158:41179?addrs=131.169.160.158-41179&alias=batch1058.desy.de>
...
001 (13901933.002.000) 2021-01-07 12:24:43 Job executing on host: <131.169.160.171:35042?addrs=131.169.160.171-35042&alias=batch1173.desy.de>
...
006 (13901933.009.000) 2021-01-07 12:24:46 Image size of job updated: 382824
	363  -  MemoryUsage of job (MB)
	371496  -  ResidentSetSize of job (KB)
...
006 (13901933.021.000) 2021-01-07 12:24:46 Image size of job updated: 353892
	317  -  MemoryUsage of job (MB)
	323668  -  ResidentSetSize of job (KB)
...
006 (13901933.017.000) 2021-01-07 12:24:46 Image size of job updated: 339464
	293  -  MemoryUsage of job (MB)
	299272  -  ResidentSetSize of job (KB)
...
006 (13901933.018.000) 2021-01-07 12:24:46 Image size of job updated: 323356
	306  -  MemoryUsage of job (MB)
	312952  -  ResidentSetSize of job (KB)
...
006 (13901933.020.000) 2021-01-07 12:24:46 Image size of job updated: 386480
	339  -  MemoryUsage of job (MB)
	347000  -  ResidentSetSize of job (KB)
...
006 (13901933.019.000) 2021-01-07 12:24:46 Image size of job updated: 327620
	295  -  MemoryUsage of job (MB)
	301712  -  ResidentSetSize of job (KB)
...
006 (13901933.022.000) 2021-01-07 12:24:46 Image size of job updated: 558636
	509  -  MemoryUsage of job (MB)
	520396  -  ResidentSetSize of job (KB)
...
006 (13901933.016.000) 2021-01-07 12:24:46 Image size of job updated: 395676
	334  -  MemoryUsage of job (MB)
	341184  -  ResidentSetSize of job (KB)
...
006 (13901933.015.000) 2021-01-07 12:24:46 Image size of job updated: 259512
	210  -  MemoryUsage of job (MB)
	214164  -  ResidentSetSize of job (KB)
...
006 (13901933.023.000) 2021-01-07 12:24:46 Image size of job updated: 404716
	385  -  MemoryUsage of job (MB)
	393220  -  ResidentSetSize of job (KB)
...
006 (13901933.001.000) 2021-01-07 12:24:46 Image size of job updated: 673756
	578  -  MemoryUsage of job (MB)
	591828  -  ResidentSetSize of job (KB)
...
006 (13901933.003.000) 2021-01-07 12:24:46 Image size of job updated: 617568
	523  -  MemoryUsage of job (MB)
	535308  -  ResidentSetSize of job (KB)
...
006 (13901933.006.000) 2021-01-07 12:24:46 Image size of job updated: 608524
	551  -  MemoryUsage of job (MB)
	563676  -  ResidentSetSize of job (KB)
...
006 (13901933.008.000) 2021-01-07 12:24:46 Image size of job updated: 654100
	558  -  MemoryUsage of job (MB)
	571148  -  ResidentSetSize of job (KB)
...
006 (13901933.011.000) 2021-01-07 12:24:46 Image size of job updated: 614088
	548  -  MemoryUsage of job (MB)
	560520  -  ResidentSetSize of job (KB)
...
006 (13901933.000.000) 2021-01-07 12:24:46 Image size of job updated: 620212
	525  -  MemoryUsage of job (MB)
	537520  -  ResidentSetSize of job (KB)
...
006 (13901933.005.000) 2021-01-07 12:24:46 Image size of job updated: 662752
	566  -  MemoryUsage of job (MB)
	578844  -  ResidentSetSize of job (KB)
...
006 (13901933.007.000) 2021-01-07 12:24:46 Image size of job updated: 563564
	546  -  MemoryUsage of job (MB)
	558336  -  ResidentSetSize of job (KB)
...
006 (13901933.012.000) 2021-01-07 12:24:46 Image size of job updated: 567124
	536  -  MemoryUsage of job (MB)
	548484  -  ResidentSetSize of job (KB)
...
006 (13901933.013.000) 2021-01-07 12:24:46 Image size of job updated: 618852
	564  -  MemoryUsage of job (MB)
	577132  -  ResidentSetSize of job (KB)
...
001 (13901933.010.000) 2021-01-07 12:24:47 Job executing on host: <131.169.162.155:38616?addrs=131.169.162.155-38616&alias=batch1155.desy.de>
...
006 (13901933.004.000) 2021-01-07 12:24:47 Image size of job updated: 193012
	119  -  MemoryUsage of job (MB)
	121156  -  ResidentSetSize of job (KB)
...
006 (13901933.014.000) 2021-01-07 12:24:47 Image size of job updated: 664672
	590  -  MemoryUsage of job (MB)
	603752  -  ResidentSetSize of job (KB)
...
006 (13901933.002.000) 2021-01-07 12:24:52 Image size of job updated: 620812
	526  -  MemoryUsage of job (MB)
	538352  -  ResidentSetSize of job (KB)
...
006 (13901933.010.000) 2021-01-07 12:24:58 Image size of job updated: 7916
	7  -  MemoryUsage of job (MB)
	6520  -  ResidentSetSize of job (KB)
...
005 (13901933.023.000) 2021-01-07 12:26:45 Job terminated.
	(1) Normal termination (return value 0)
		Usr 0 00:01:34, Sys 0 00:00:06  -  Run Remote Usage
		Usr 0 00:00:00, Sys 0 00:00:00  -  Run Local Usage
		Usr 0 00:01:34, Sys 0 00:00:06  -  Total Remote Usage
		Usr 0 00:00:00, Sys 0 00:00:00  -  Total Local Usage
	0  -  Run Bytes Sent By Job
	0  -  Run Bytes Received By Job
	0  -  Total Bytes Sent By Job
	0  -  Total Bytes Received By Job
	Partitionable Resources :    Usage  Request Allocated 
	   Cpus                 :     0.73        1         1 
	   Disk (KB)            :     1     3584000   4466788 
	   Memory (MB)          :   385        4096      4096 

	Job terminated of its own accord at 2021-01-07T11:26:45Z.
...
006 (13901933.014.000) 2021-01-07 12:28:13 Image size of job updated: 11902088
	590  -  MemoryUsage of job (MB)
	603936  -  ResidentSetSize of job (KB)
...
005 (13901933.014.000) 2021-01-07 12:28:13 Job terminated.
	(1) Normal termination (return value 0)
		Usr 0 00:03:00, Sys 0 00:00:08  -  Run Remote Usage
		Usr 0 00:00:00, Sys 0 00:00:00  -  Run Local Usage
		Usr 0 00:03:00, Sys 0 00:00:08  -  Total Remote Usage
		Usr 0 00:00:00, Sys 0 00:00:00  -  Total Local Usage
	0  -  Run Bytes Sent By Job
	0  -  Run Bytes Received By Job
	0  -  Total Bytes Sent By Job
	0  -  Total Bytes Received By Job
	Partitionable Resources :    Usage  Request Allocated 
	   Cpus                 :     0.90        1         1 
	   Disk (KB)            :     1     3584000   4466998 
	   Memory (MB)          :   590        4096      4096 

	Job terminated of its own accord at 2021-01-07T11:28:13Z.
...
006 (13901933.022.000) 2021-01-07 12:28:17 Image size of job updated: 558636
	509  -  MemoryUsage of job (MB)
	520412  -  ResidentSetSize of job (KB)
...
005 (13901933.022.000) 2021-01-07 12:28:17 Job terminated.
	(1) Normal termination (return value 0)
		Usr 0 00:03:00, Sys 0 00:00:09  -  Run Remote Usage
		Usr 0 00:00:00, Sys 0 00:00:00  -  Run Local Usage
		Usr 0 00:03:00, Sys 0 00:00:09  -  Total Remote Usage
		Usr 0 00:00:00, Sys 0 00:00:00  -  Total Local Usage
	0  -  Run Bytes Sent By Job
	0  -  Run Bytes Received By Job
	0  -  Total Bytes Sent By Job
	0  -  Total Bytes Received By Job
	Partitionable Resources :    Usage  Request Allocated 
	   Cpus                 :     0.91        1         1 
	   Disk (KB)            :     1     3584000   4467297 
	   Memory (MB)          :   509        4096      4096 

	Job terminated of its own accord at 2021-01-07T11:28:17Z.
...
006 (13901933.000.000) 2021-01-07 12:28:17 Image size of job updated: 11635716
	525  -  MemoryUsage of job (MB)
	537520  -  ResidentSetSize of job (KB)
...
005 (13901933.000.000) 2021-01-07 12:28:17 Job terminated.
	(1) Normal termination (return value 0)
		Usr 0 00:03:03, Sys 0 00:00:09  -  Run Remote Usage
		Usr 0 00:00:00, Sys 0 00:00:00  -  Run Local Usage
		Usr 0 00:03:03, Sys 0 00:00:09  -  Total Remote Usage
		Usr 0 00:00:00, Sys 0 00:00:00  -  Total Local Usage
	0  -  Run Bytes Sent By Job
	0  -  Run Bytes Received By Job
	0  -  Total Bytes Sent By Job
	0  -  Total Bytes Received By Job
	Partitionable Resources :    Usage  Request Allocated 
	   Cpus                 :     0.91        1         1 
	   Disk (KB)            :     1     3584000   4467618 
	   Memory (MB)          :   525        4096      4096 

	Job terminated of its own accord at 2021-01-07T11:28:17Z.
...
006 (13901933.006.000) 2021-01-07 12:28:18 Image size of job updated: 11642624
	551  -  MemoryUsage of job (MB)
	563740  -  ResidentSetSize of job (KB)
...
005 (13901933.006.000) 2021-01-07 12:28:18 Job terminated.
	(1) Normal termination (return value 0)
		Usr 0 00:03:02, Sys 0 00:00:09  -  Run Remote Usage
		Usr 0 00:00:00, Sys 0 00:00:00  -  Run Local Usage
		Usr 0 00:03:02, Sys 0 00:00:09  -  Total Remote Usage
		Usr 0 00:00:00, Sys 0 00:00:00  -  Total Local Usage
	0  -  Run Bytes Sent By Job
	0  -  Run Bytes Received By Job
	0  -  Total Bytes Sent By Job
	0  -  Total Bytes Received By Job
	Partitionable Resources :    Usage  Request Allocated 
	   Cpus                 :     0.90        1         1 
	   Disk (KB)            :     1     3584000   4467297 
	   Memory (MB)          :   551        4096      4096 

	Job terminated of its own accord at 2021-01-07T11:28:18Z.
...
006 (13901933.001.000) 2021-01-07 12:28:19 Image size of job updated: 13341748
	579  -  MemoryUsage of job (MB)
	591904  -  ResidentSetSize of job (KB)
...
005 (13901933.001.000) 2021-01-07 12:28:19 Job terminated.
	(1) Normal termination (return value 0)
		Usr 0 00:03:03, Sys 0 00:00:09  -  Run Remote Usage
		Usr 0 00:00:00, Sys 0 00:00:00  -  Run Local Usage
		Usr 0 00:03:03, Sys 0 00:00:09  -  Total Remote Usage
		Usr 0 00:00:00, Sys 0 00:00:00  -  Total Local Usage
	0  -  Run Bytes Sent By Job
	0  -  Run Bytes Received By Job
	0  -  Total Bytes Sent By Job
	0  -  Total Bytes Received By Job
	Partitionable Resources :    Usage  Request Allocated 
	   Cpus                 :     0.92        1         1 
	   Disk (KB)            :     1     3584000   4410209 
	   Memory (MB)          :   579        4096      4096 

	Job terminated of its own accord at 2021-01-07T11:28:19Z.
...
006 (13901933.005.000) 2021-01-07 12:28:20 Image size of job updated: 11840152
	566  -  MemoryUsage of job (MB)
	578896  -  ResidentSetSize of job (KB)
...
005 (13901933.005.000) 2021-01-07 12:28:20 Job terminated.
	(1) Normal termination (return value 0)
		Usr 0 00:03:02, Sys 0 00:00:09  -  Run Remote Usage
		Usr 0 00:00:00, Sys 0 00:00:00  -  Run Local Usage
		Usr 0 00:03:02, Sys 0 00:00:09  -  Total Remote Usage
		Usr 0 00:00:00, Sys 0 00:00:00  -  Total Local Usage
	0  -  Run Bytes Sent By Job
	0  -  Run Bytes Received By Job
	0  -  Total Bytes Sent By Job
	0  -  Total Bytes Received By Job
	Partitionable Resources :    Usage  Request Allocated 
	   Cpus                 :     0.89        1         1 
	   Disk (KB)            :     1     3584000   4465832 
	   Memory (MB)          :   566        4096      4096 

	Job terminated of its own accord at 2021-01-07T11:28:20Z.
...
006 (13901933.012.000) 2021-01-07 12:28:22 Image size of job updated: 567124
	536  -  MemoryUsage of job (MB)
	548520  -  ResidentSetSize of job (KB)
...
006 (13901933.008.000) 2021-01-07 12:28:22 Image size of job updated: 5454668
	558  -  MemoryUsage of job (MB)
	571300  -  ResidentSetSize of job (KB)
...
005 (13901933.008.000) 2021-01-07 12:28:22 Job terminated.
	(1) Normal termination (return value 0)
		Usr 0 00:03:06, Sys 0 00:00:09  -  Run Remote Usage
		Usr 0 00:00:00, Sys 0 00:00:00  -  Run Local Usage
		Usr 0 00:03:06, Sys 0 00:00:09  -  Total Remote Usage
		Usr 0 00:00:00, Sys 0 00:00:00  -  Total Local Usage
	0  -  Run Bytes Sent By Job
	0  -  Run Bytes Received By Job
	0  -  Total Bytes Sent By Job
	0  -  Total Bytes Received By Job
	Partitionable Resources :    Usage  Request Allocated 
	   Cpus                 :     0.92        1         1 
	   Disk (KB)            :     1     3584000   4408341 
	   Memory (MB)          :   558        4096      4096 

	Job terminated of its own accord at 2021-01-07T11:28:22Z.
...
005 (13901933.012.000) 2021-01-07 12:28:22 Job terminated.
	(1) Normal termination (return value 0)
		Usr 0 00:03:01, Sys 0 00:00:09  -  Run Remote Usage
		Usr 0 00:00:00, Sys 0 00:00:00  -  Run Local Usage
		Usr 0 00:03:01, Sys 0 00:00:09  -  Total Remote Usage
		Usr 0 00:00:00, Sys 0 00:00:00  -  Total Local Usage
	0  -  Run Bytes Sent By Job
	0  -  Run Bytes Received By Job
	0  -  Total Bytes Sent By Job
	0  -  Total Bytes Received By Job
	Partitionable Resources :    Usage  Request Allocated 
	   Cpus                 :     0.90        1         1 
	   Disk (KB)            :     1     3584000   4408864 
	   Memory (MB)          :   536        4096      4096 

	Job terminated of its own accord at 2021-01-07T11:28:22Z.
...
006 (13901933.007.000) 2021-01-07 12:28:25 Image size of job updated: 2668160
	546  -  MemoryUsage of job (MB)
	558504  -  ResidentSetSize of job (KB)
...
005 (13901933.007.000) 2021-01-07 12:28:25 Job terminated.
	(1) Normal termination (return value 0)
		Usr 0 00:03:01, Sys 0 00:00:09  -  Run Remote Usage
		Usr 0 00:00:00, Sys 0 00:00:00  -  Run Local Usage
		Usr 0 00:03:01, Sys 0 00:00:09  -  Total Remote Usage
		Usr 0 00:00:00, Sys 0 00:00:00  -  Total Local Usage
	0  -  Run Bytes Sent By Job
	0  -  Run Bytes Received By Job
	0  -  Total Bytes Sent By Job
	0  -  Total Bytes Received By Job
	Partitionable Resources :    Usage  Request Allocated 
	   Cpus                 :     0.89        1         1 
	   Disk (KB)            :     1     3584000   4467092 
	   Memory (MB)          :   546        4096      4096 

	Job terminated of its own accord at 2021-01-07T11:28:25Z.
...
006 (13901933.013.000) 2021-01-07 12:28:27 Image size of job updated: 11776972
	564  -  MemoryUsage of job (MB)
	577276  -  ResidentSetSize of job (KB)
...
005 (13901933.013.000) 2021-01-07 12:28:27 Job terminated.
	(1) Normal termination (return value 0)
		Usr 0 00:03:03, Sys 0 00:00:09  -  Run Remote Usage
		Usr 0 00:00:00, Sys 0 00:00:00  -  Run Local Usage
		Usr 0 00:03:03, Sys 0 00:00:09  -  Total Remote Usage
		Usr 0 00:00:00, Sys 0 00:00:00  -  Total Local Usage
	0  -  Run Bytes Sent By Job
	0  -  Run Bytes Received By Job
	0  -  Total Bytes Sent By Job
	0  -  Total Bytes Received By Job
	Partitionable Resources :    Usage  Request Allocated 
	   Cpus                 :     0.91        1         1 
	   Disk (KB)            :     1     3584000   4475009 
	   Memory (MB)          :   564        4096      4096 

	Job terminated of its own accord at 2021-01-07T11:28:27Z.
...
006 (13901933.002.000) 2021-01-07 12:28:30 Image size of job updated: 11905976
	526  -  MemoryUsage of job (MB)
	538504  -  ResidentSetSize of job (KB)
...
005 (13901933.002.000) 2021-01-07 12:28:30 Job terminated.
	(1) Normal termination (return value 0)
		Usr 0 00:02:59, Sys 0 00:00:10  -  Run Remote Usage
		Usr 0 00:00:00, Sys 0 00:00:00  -  Run Local Usage
		Usr 0 00:02:59, Sys 0 00:00:10  -  Total Remote Usage
		Usr 0 00:00:00, Sys 0 00:00:00  -  Total Local Usage
	0  -  Run Bytes Sent By Job
	0  -  Run Bytes Received By Job
	0  -  Total Bytes Sent By Job
	0  -  Total Bytes Received By Job
	Partitionable Resources :    Usage  Request Allocated 
	   Cpus                 :     0.93        1         1 
	   Disk (KB)            :     1     3584000   4314487 
	   Memory (MB)          :   526        4096      4096 

	Job terminated of its own accord at 2021-01-07T11:28:30Z.
...
006 (13901933.009.000) 2021-01-07 12:28:34 Image size of job updated: 11849244
	363  -  MemoryUsage of job (MB)
	371548  -  ResidentSetSize of job (KB)
...
005 (13901933.009.000) 2021-01-07 12:28:35 Job terminated.
	(1) Normal termination (return value 0)
		Usr 0 00:03:04, Sys 0 00:00:11  -  Run Remote Usage
		Usr 0 00:00:00, Sys 0 00:00:00  -  Run Local Usage
		Usr 0 00:03:04, Sys 0 00:00:11  -  Total Remote Usage
		Usr 0 00:00:00, Sys 0 00:00:00  -  Total Local Usage
	0  -  Run Bytes Sent By Job
	0  -  Run Bytes Received By Job
	0  -  Total Bytes Sent By Job
	0  -  Total Bytes Received By Job
	Partitionable Resources :    Usage  Request Allocated 
	   Cpus                 :     0.93        1         1 
	   Disk (KB)            :     1     3584000   4466788 
	   Memory (MB)          :   363        4096      4096 

	Job terminated of its own accord at 2021-01-07T11:28:34Z.
...
006 (13901933.003.000) 2021-01-07 12:28:37 Image size of job updated: 11800392
	523  -  MemoryUsage of job (MB)
	535344  -  ResidentSetSize of job (KB)
...
005 (13901933.003.000) 2021-01-07 12:28:37 Job terminated.
	(1) Normal termination (return value 0)
		Usr 0 00:03:08, Sys 0 00:00:10  -  Run Remote Usage
		Usr 0 00:00:00, Sys 0 00:00:00  -  Run Local Usage
		Usr 0 00:03:08, Sys 0 00:00:10  -  Total Remote Usage
		Usr 0 00:00:00, Sys 0 00:00:00  -  Total Local Usage
	0  -  Run Bytes Sent By Job
	0  -  Run Bytes Received By Job
	0  -  Total Bytes Sent By Job
	0  -  Total Bytes Received By Job
	Partitionable Resources :    Usage  Request Allocated 
	   Cpus                 :     0.92        1         1 
	   Disk (KB)            :     1     3584000   4409719 
	   Memory (MB)          :   523        4096      4096 

	Job terminated of its own accord at 2021-01-07T11:28:37Z.
...
006 (13901933.011.000) 2021-01-07 12:28:38 Image size of job updated: 11889332
	548  -  MemoryUsage of job (MB)
	560540  -  ResidentSetSize of job (KB)
...
005 (13901933.011.000) 2021-01-07 12:28:38 Job terminated.
	(1) Normal termination (return value 0)
		Usr 0 00:03:04, Sys 0 00:00:13  -  Run Remote Usage
		Usr 0 00:00:00, Sys 0 00:00:00  -  Run Local Usage
		Usr 0 00:03:04, Sys 0 00:00:13  -  Total Remote Usage
		Usr 0 00:00:00, Sys 0 00:00:00  -  Total Local Usage
	0  -  Run Bytes Sent By Job
	0  -  Run Bytes Received By Job
	0  -  Total Bytes Sent By Job
	0  -  Total Bytes Received By Job
	Partitionable Resources :    Usage  Request Allocated 
	   Cpus                 :     0.91        1         1 
	   Disk (KB)            :     1     3584000   4468473 
	   Memory (MB)          :   548        4096      4096 

	Job terminated of its own accord at 2021-01-07T11:28:38Z.
...
006 (13901933.010.000) 2021-01-07 12:29:17 Image size of job updated: 11809348
	7  -  MemoryUsage of job (MB)
	6520  -  ResidentSetSize of job (KB)
...
005 (13901933.010.000) 2021-01-07 12:29:17 Job terminated.
	(1) Normal termination (return value 0)
		Usr 0 00:03:02, Sys 0 00:00:08  -  Run Remote Usage
		Usr 0 00:00:00, Sys 0 00:00:00  -  Run Local Usage
		Usr 0 00:03:02, Sys 0 00:00:08  -  Total Remote Usage
		Usr 0 00:00:00, Sys 0 00:00:00  -  Total Local Usage
	0  -  Run Bytes Sent By Job
	0  -  Run Bytes Received By Job
	0  -  Total Bytes Sent By Job
	0  -  Total Bytes Received By Job
	Partitionable Resources :    Usage  Request Allocated 
	   Cpus                 :     0.91        1         1 
	   Disk (KB)            :     1     3584000   4807082 
	   Memory (MB)          :     7        4096      4096 

	Job terminated of its own accord at 2021-01-07T11:29:17Z.
...
006 (13901933.021.000) 2021-01-07 12:29:46 Image size of job updated: 11599564
	11299  -  MemoryUsage of job (MB)
	11569388  -  ResidentSetSize of job (KB)
...
006 (13901933.016.000) 2021-01-07 12:29:46 Image size of job updated: 11098560
	10786  -  MemoryUsage of job (MB)
	11043984  -  ResidentSetSize of job (KB)
...
006 (13901933.018.000) 2021-01-07 12:29:46 Image size of job updated: 10933824
	10668  -  MemoryUsage of job (MB)
	10923420  -  ResidentSetSize of job (KB)
...
006 (13901933.017.000) 2021-01-07 12:29:46 Image size of job updated: 10621548
	6665  -  MemoryUsage of job (MB)
	6824000  -  ResidentSetSize of job (KB)
...
006 (13901933.019.000) 2021-01-07 12:29:46 Image size of job updated: 9980188
	5564  -  MemoryUsage of job (MB)
	5697172  -  ResidentSetSize of job (KB)
...
006 (13901933.020.000) 2021-01-07 12:29:46 Image size of job updated: 11666660
	11355  -  MemoryUsage of job (MB)
	11627188  -  ResidentSetSize of job (KB)
...
006 (13901933.015.000) 2021-01-07 12:29:46 Image size of job updated: 10421560
	4796  -  MemoryUsage of job (MB)
	4911080  -  ResidentSetSize of job (KB)
...
006 (13901933.004.000) 2021-01-07 12:29:48 Image size of job updated: 6317580
	5343  -  MemoryUsage of job (MB)
	5470672  -  ResidentSetSize of job (KB)
...
006 (13901933.020.000) 2021-01-07 12:29:53 Image size of job updated: 11666660
	11355  -  MemoryUsage of job (MB)
	11627404  -  ResidentSetSize of job (KB)
...
005 (13901933.020.000) 2021-01-07 12:29:53 Job terminated.
	(1) Normal termination (return value 0)
		Usr 0 00:04:31, Sys 0 00:00:16  -  Run Remote Usage
		Usr 0 00:00:00, Sys 0 00:00:00  -  Run Local Usage
		Usr 0 00:04:31, Sys 0 00:00:16  -  Total Remote Usage
		Usr 0 00:00:00, Sys 0 00:00:00  -  Total Local Usage
	0  -  Run Bytes Sent By Job
	0  -  Run Bytes Received By Job
	0  -  Total Bytes Sent By Job
	0  -  Total Bytes Received By Job
	Partitionable Resources :    Usage  Request Allocated 
	   Cpus                 :     0.95        1         1 
	   Disk (KB)            :     1     3584000   4543744 
	   Memory (MB)          : 11355        4096      4096 

	Job terminated of its own accord at 2021-01-07T11:29:53Z.
...
006 (13901933.021.000) 2021-01-07 12:29:54 Image size of job updated: 11599564
	11299  -  MemoryUsage of job (MB)
	11569660  -  ResidentSetSize of job (KB)
...
005 (13901933.021.000) 2021-01-07 12:29:54 Job terminated.
	(1) Normal termination (return value 0)
		Usr 0 00:04:22, Sys 0 00:00:17  -  Run Remote Usage
		Usr 0 00:00:00, Sys 0 00:00:00  -  Run Local Usage
		Usr 0 00:04:22, Sys 0 00:00:17  -  Total Remote Usage
		Usr 0 00:00:00, Sys 0 00:00:00  -  Total Local Usage
	0  -  Run Bytes Sent By Job
	0  -  Run Bytes Received By Job
	0  -  Total Bytes Sent By Job
	0  -  Total Bytes Received By Job
	Partitionable Resources :    Usage  Request Allocated 
	   Cpus                 :     0.93        1         1 
	   Disk (KB)            :     1     3584000   3955591 
	   Memory (MB)          : 11299        4096      4096 

	Job terminated of its own accord at 2021-01-07T11:29:54Z.
...
006 (13901933.016.000) 2021-01-07 12:30:07 Image size of job updated: 13450252
	10786  -  MemoryUsage of job (MB)
	11043984  -  ResidentSetSize of job (KB)
...
005 (13901933.016.000) 2021-01-07 12:30:07 Job terminated.
	(1) Normal termination (return value 0)
		Usr 0 00:04:29, Sys 0 00:00:22  -  Run Remote Usage
		Usr 0 00:00:00, Sys 0 00:00:00  -  Run Local Usage
		Usr 0 00:04:29, Sys 0 00:00:22  -  Total Remote Usage
		Usr 0 00:00:00, Sys 0 00:00:00  -  Total Local Usage
	0  -  Run Bytes Sent By Job
	0  -  Run Bytes Received By Job
	0  -  Total Bytes Sent By Job
	0  -  Total Bytes Received By Job
	Partitionable Resources :    Usage  Request Allocated 
	   Cpus                 :     0.93        1         1 
	   Disk (KB)            :     1     3584000   4540362 
	   Memory (MB)          : 10786        4096      4096 

	Job terminated of its own accord at 2021-01-07T11:30:07Z.
...
006 (13901933.018.000) 2021-01-07 12:30:12 Image size of job updated: 11816904
	10668  -  MemoryUsage of job (MB)
	10923456  -  ResidentSetSize of job (KB)
...
005 (13901933.018.000) 2021-01-07 12:30:12 Job terminated.
	(1) Normal termination (return value 0)
		Usr 0 00:04:31, Sys 0 00:00:19  -  Run Remote Usage
		Usr 0 00:00:00, Sys 0 00:00:00  -  Run Local Usage
		Usr 0 00:04:31, Sys 0 00:00:19  -  Total Remote Usage
		Usr 0 00:00:00, Sys 0 00:00:00  -  Total Local Usage
	0  -  Run Bytes Sent By Job
	0  -  Run Bytes Received By Job
	0  -  Total Bytes Sent By Job
	0  -  Total Bytes Received By Job
	Partitionable Resources :    Usage  Request Allocated 
	   Cpus                 :     0.94        1         1 
	   Disk (KB)            :     1     3584000   4778730 
	   Memory (MB)          : 10668        4096      4096 

	Job terminated of its own accord at 2021-01-07T11:30:12Z.
...
006 (13901933.017.000) 2021-01-07 12:30:21 Image size of job updated: 10621548
	6665  -  MemoryUsage of job (MB)
	6824056  -  ResidentSetSize of job (KB)
...
005 (13901933.017.000) 2021-01-07 12:30:21 Job terminated.
	(1) Normal termination (return value 0)
		Usr 0 00:04:34, Sys 0 00:00:21  -  Run Remote Usage
		Usr 0 00:00:00, Sys 0 00:00:00  -  Run Local Usage
		Usr 0 00:04:34, Sys 0 00:00:21  -  Total Remote Usage
		Usr 0 00:00:00, Sys 0 00:00:00  -  Total Local Usage
	0  -  Run Bytes Sent By Job
	0  -  Run Bytes Received By Job
	0  -  Total Bytes Sent By Job
	0  -  Total Bytes Received By Job
	Partitionable Resources :    Usage  Request Allocated 
	   Cpus                 :     0.88        1         1 
	   Disk (KB)            :     1     3584000   4545694 
	   Memory (MB)          :  6665        4096      4096 

	Job terminated of its own accord at 2021-01-07T11:30:21Z.
...
006 (13901933.015.000) 2021-01-07 12:30:34 Image size of job updated: 13360200
	4797  -  MemoryUsage of job (MB)
	4911108  -  ResidentSetSize of job (KB)
...
005 (13901933.015.000) 2021-01-07 12:30:34 Job terminated.
	(1) Normal termination (return value 0)
		Usr 0 00:04:34, Sys 0 00:00:17  -  Run Remote Usage
		Usr 0 00:00:00, Sys 0 00:00:00  -  Run Local Usage
		Usr 0 00:04:34, Sys 0 00:00:17  -  Total Remote Usage
		Usr 0 00:00:00, Sys 0 00:00:00  -  Total Local Usage
	0  -  Run Bytes Sent By Job
	0  -  Run Bytes Received By Job
	0  -  Total Bytes Sent By Job
	0  -  Total Bytes Received By Job
	Partitionable Resources :    Usage  Request Allocated 
	   Cpus                 :     0.90        1         1 
	   Disk (KB)            :     1     3584000   3977278 
	   Memory (MB)          :  4797        4096      4096 

	Job terminated of its own accord at 2021-01-07T11:30:34Z.
...
005 (13901933.019.000) 2021-01-07 12:30:49 Job terminated.
	(1) Normal termination (return value 0)
		Usr 0 00:04:29, Sys 0 00:00:24  -  Run Remote Usage
		Usr 0 00:00:00, Sys 0 00:00:00  -  Run Local Usage
		Usr 0 00:04:29, Sys 0 00:00:24  -  Total Remote Usage
		Usr 0 00:00:00, Sys 0 00:00:00  -  Total Local Usage
	0  -  Run Bytes Sent By Job
	0  -  Run Bytes Received By Job
	0  -  Total Bytes Sent By Job
	0  -  Total Bytes Received By Job
	Partitionable Resources :    Usage  Request Allocated 
	   Cpus                 :     0.92        1         1 
	   Disk (KB)            :     1     3584000   4786935 
	   Memory (MB)          :  5564        4096      4096 

	Job terminated of its own accord at 2021-01-07T11:30:49Z.
...
006 (13901933.004.000) 2021-01-07 12:32:46 Image size of job updated: 13511256
	5343  -  MemoryUsage of job (MB)
	5470672  -  ResidentSetSize of job (KB)
...
005 (13901933.004.000) 2021-01-07 12:32:46 Job terminated.
	(1) Normal termination (return value 0)
		Usr 0 00:04:59, Sys 0 00:01:25  -  Run Remote Usage
		Usr 0 00:00:00, Sys 0 00:00:00  -  Run Local Usage
		Usr 0 00:04:59, Sys 0 00:01:25  -  Total Remote Usage
		Usr 0 00:00:00, Sys 0 00:00:00  -  Total Local Usage
	0  -  Run Bytes Sent By Job
	0  -  Run Bytes Received By Job
	0  -  Total Bytes Sent By Job
	0  -  Total Bytes Received By Job
	Partitionable Resources :    Usage  Request Allocated 
	   Cpus                 :     0.93        1         1 
	   Disk (KB)            :     1     3584000   4399817 
	   Memory (MB)          :  5343        4096      4096 

	Job terminated of its own accord at 2021-01-07T11:32:46Z.
...
