000 (13901920.000.000) 2021-01-07 12:19:53 Job submitted from host: <131.169.223.42:9618?addrs=131.169.223.42-9618+[2001-638-700-10df--1-2a]-9618&alias=bird-htc-sched14.desy.de&noUDP&sock=schedd_1936_8371_3>
...
000 (13901920.001.000) 2021-01-07 12:19:53 Job submitted from host: <131.169.223.42:9618?addrs=131.169.223.42-9618+[2001-638-700-10df--1-2a]-9618&alias=bird-htc-sched14.desy.de&noUDP&sock=schedd_1936_8371_3>
...
000 (13901920.002.000) 2021-01-07 12:19:53 Job submitted from host: <131.169.223.42:9618?addrs=131.169.223.42-9618+[2001-638-700-10df--1-2a]-9618&alias=bird-htc-sched14.desy.de&noUDP&sock=schedd_1936_8371_3>
...
000 (13901920.003.000) 2021-01-07 12:19:53 Job submitted from host: <131.169.223.42:9618?addrs=131.169.223.42-9618+[2001-638-700-10df--1-2a]-9618&alias=bird-htc-sched14.desy.de&noUDP&sock=schedd_1936_8371_3>
...
000 (13901920.004.000) 2021-01-07 12:19:53 Job submitted from host: <131.169.223.42:9618?addrs=131.169.223.42-9618+[2001-638-700-10df--1-2a]-9618&alias=bird-htc-sched14.desy.de&noUDP&sock=schedd_1936_8371_3>
...
000 (13901920.005.000) 2021-01-07 12:19:53 Job submitted from host: <131.169.223.42:9618?addrs=131.169.223.42-9618+[2001-638-700-10df--1-2a]-9618&alias=bird-htc-sched14.desy.de&noUDP&sock=schedd_1936_8371_3>
...
000 (13901920.006.000) 2021-01-07 12:19:53 Job submitted from host: <131.169.223.42:9618?addrs=131.169.223.42-9618+[2001-638-700-10df--1-2a]-9618&alias=bird-htc-sched14.desy.de&noUDP&sock=schedd_1936_8371_3>
...
000 (13901920.007.000) 2021-01-07 12:19:53 Job submitted from host: <131.169.223.42:9618?addrs=131.169.223.42-9618+[2001-638-700-10df--1-2a]-9618&alias=bird-htc-sched14.desy.de&noUDP&sock=schedd_1936_8371_3>
...
000 (13901920.008.000) 2021-01-07 12:19:53 Job submitted from host: <131.169.223.42:9618?addrs=131.169.223.42-9618+[2001-638-700-10df--1-2a]-9618&alias=bird-htc-sched14.desy.de&noUDP&sock=schedd_1936_8371_3>
...
000 (13901920.009.000) 2021-01-07 12:19:53 Job submitted from host: <131.169.223.42:9618?addrs=131.169.223.42-9618+[2001-638-700-10df--1-2a]-9618&alias=bird-htc-sched14.desy.de&noUDP&sock=schedd_1936_8371_3>
...
000 (13901920.010.000) 2021-01-07 12:19:53 Job submitted from host: <131.169.223.42:9618?addrs=131.169.223.42-9618+[2001-638-700-10df--1-2a]-9618&alias=bird-htc-sched14.desy.de&noUDP&sock=schedd_1936_8371_3>
...
000 (13901920.011.000) 2021-01-07 12:19:53 Job submitted from host: <131.169.223.42:9618?addrs=131.169.223.42-9618+[2001-638-700-10df--1-2a]-9618&alias=bird-htc-sched14.desy.de&noUDP&sock=schedd_1936_8371_3>
...
000 (13901920.012.000) 2021-01-07 12:19:53 Job submitted from host: <131.169.223.42:9618?addrs=131.169.223.42-9618+[2001-638-700-10df--1-2a]-9618&alias=bird-htc-sched14.desy.de&noUDP&sock=schedd_1936_8371_3>
...
000 (13901920.013.000) 2021-01-07 12:19:53 Job submitted from host: <131.169.223.42:9618?addrs=131.169.223.42-9618+[2001-638-700-10df--1-2a]-9618&alias=bird-htc-sched14.desy.de&noUDP&sock=schedd_1936_8371_3>
...
000 (13901920.014.000) 2021-01-07 12:19:53 Job submitted from host: <131.169.223.42:9618?addrs=131.169.223.42-9618+[2001-638-700-10df--1-2a]-9618&alias=bird-htc-sched14.desy.de&noUDP&sock=schedd_1936_8371_3>
...
000 (13901920.015.000) 2021-01-07 12:19:53 Job submitted from host: <131.169.223.42:9618?addrs=131.169.223.42-9618+[2001-638-700-10df--1-2a]-9618&alias=bird-htc-sched14.desy.de&noUDP&sock=schedd_1936_8371_3>
...
000 (13901920.016.000) 2021-01-07 12:19:53 Job submitted from host: <131.169.223.42:9618?addrs=131.169.223.42-9618+[2001-638-700-10df--1-2a]-9618&alias=bird-htc-sched14.desy.de&noUDP&sock=schedd_1936_8371_3>
...
000 (13901920.017.000) 2021-01-07 12:19:53 Job submitted from host: <131.169.223.42:9618?addrs=131.169.223.42-9618+[2001-638-700-10df--1-2a]-9618&alias=bird-htc-sched14.desy.de&noUDP&sock=schedd_1936_8371_3>
...
000 (13901920.018.000) 2021-01-07 12:19:53 Job submitted from host: <131.169.223.42:9618?addrs=131.169.223.42-9618+[2001-638-700-10df--1-2a]-9618&alias=bird-htc-sched14.desy.de&noUDP&sock=schedd_1936_8371_3>
...
000 (13901920.019.000) 2021-01-07 12:19:53 Job submitted from host: <131.169.223.42:9618?addrs=131.169.223.42-9618+[2001-638-700-10df--1-2a]-9618&alias=bird-htc-sched14.desy.de&noUDP&sock=schedd_1936_8371_3>
...
000 (13901920.020.000) 2021-01-07 12:19:53 Job submitted from host: <131.169.223.42:9618?addrs=131.169.223.42-9618+[2001-638-700-10df--1-2a]-9618&alias=bird-htc-sched14.desy.de&noUDP&sock=schedd_1936_8371_3>
...
000 (13901920.021.000) 2021-01-07 12:19:53 Job submitted from host: <131.169.223.42:9618?addrs=131.169.223.42-9618+[2001-638-700-10df--1-2a]-9618&alias=bird-htc-sched14.desy.de&noUDP&sock=schedd_1936_8371_3>
...
000 (13901920.022.000) 2021-01-07 12:19:53 Job submitted from host: <131.169.223.42:9618?addrs=131.169.223.42-9618+[2001-638-700-10df--1-2a]-9618&alias=bird-htc-sched14.desy.de&noUDP&sock=schedd_1936_8371_3>
...
000 (13901920.023.000) 2021-01-07 12:19:53 Job submitted from host: <131.169.223.42:9618?addrs=131.169.223.42-9618+[2001-638-700-10df--1-2a]-9618&alias=bird-htc-sched14.desy.de&noUDP&sock=schedd_1936_8371_3>
...
000 (13901920.024.000) 2021-01-07 12:19:53 Job submitted from host: <131.169.223.42:9618?addrs=131.169.223.42-9618+[2001-638-700-10df--1-2a]-9618&alias=bird-htc-sched14.desy.de&noUDP&sock=schedd_1936_8371_3>
...
001 (13901920.003.000) 2021-01-07 12:23:26 Job executing on host: <131.169.164.28:42397?addrs=131.169.164.28-42397&alias=bird828.desy.de>
...
001 (13901920.004.000) 2021-01-07 12:23:26 Job executing on host: <131.169.163.135:39559?addrs=131.169.163.135-39559&alias=bird696.desy.de>
...
001 (13901920.001.000) 2021-01-07 12:23:26 Job executing on host: <131.169.77.212:45405?addrs=131.169.77.212-45405&alias=bird766.desy.de>
...
001 (13901920.007.000) 2021-01-07 12:23:26 Job executing on host: <131.169.164.43:39984?addrs=131.169.164.43-39984&alias=bird843.desy.de>
...
001 (13901920.002.000) 2021-01-07 12:23:26 Job executing on host: <131.169.160.189:35107?addrs=131.169.160.189-35107&alias=batch1183.desy.de>
...
001 (13901920.000.000) 2021-01-07 12:23:26 Job executing on host: <131.169.160.190:44930?addrs=131.169.160.190-44930&alias=batch1184.desy.de>
...
001 (13901920.005.000) 2021-01-07 12:23:26 Job executing on host: <131.169.164.38:39717?addrs=131.169.164.38-39717&alias=bird838.desy.de>
...
001 (13901920.006.000) 2021-01-07 12:23:26 Job executing on host: <131.169.162.151:46593?addrs=131.169.162.151-46593&alias=batch1151.desy.de>
...
001 (13901920.014.000) 2021-01-07 12:23:26 Job executing on host: <131.169.162.165:33349?addrs=131.169.162.165-33349&alias=batch1165.desy.de>
...
001 (13901920.008.000) 2021-01-07 12:23:26 Job executing on host: <131.169.163.103:44758?addrs=131.169.163.103-44758&alias=bird664.desy.de>
...
001 (13901920.011.000) 2021-01-07 12:23:26 Job executing on host: <131.169.164.38:39717?addrs=131.169.164.38-39717&alias=bird838.desy.de>
...
001 (13901920.013.000) 2021-01-07 12:23:26 Job executing on host: <131.169.162.151:46593?addrs=131.169.162.151-46593&alias=batch1151.desy.de>
...
001 (13901920.012.000) 2021-01-07 12:23:26 Job executing on host: <131.169.163.103:44758?addrs=131.169.163.103-44758&alias=bird664.desy.de>
...
001 (13901920.009.000) 2021-01-07 12:23:26 Job executing on host: <131.169.160.161:40391?addrs=131.169.160.161-40391&alias=batch1061.desy.de>
...
001 (13901920.015.000) 2021-01-07 12:23:26 Job executing on host: <131.169.162.151:46593?addrs=131.169.162.151-46593&alias=batch1151.desy.de>
...
001 (13901920.016.000) 2021-01-07 12:23:26 Job executing on host: <131.169.162.151:46593?addrs=131.169.162.151-46593&alias=batch1151.desy.de>
...
001 (13901920.010.000) 2021-01-07 12:23:27 Job executing on host: <131.169.164.2:39378?addrs=131.169.164.2-39378&alias=bird802.desy.de>
...
001 (13901920.019.000) 2021-01-07 12:23:29 Job executing on host: <131.169.162.165:33349?addrs=131.169.162.165-33349&alias=batch1165.desy.de>
...
001 (13901920.021.000) 2021-01-07 12:23:30 Job executing on host: <131.169.162.165:33349?addrs=131.169.162.165-33349&alias=batch1165.desy.de>
...
001 (13901920.020.000) 2021-01-07 12:23:31 Job executing on host: <131.169.162.165:33349?addrs=131.169.162.165-33349&alias=batch1165.desy.de>
...
001 (13901920.017.000) 2021-01-07 12:23:31 Job executing on host: <131.169.163.125:45874?addrs=131.169.163.125-45874&alias=bird686.desy.de>
...
001 (13901920.023.000) 2021-01-07 12:23:33 Job executing on host: <131.169.160.180:44202?addrs=131.169.160.180-44202&alias=batch1182.desy.de>
...
006 (13901920.003.000) 2021-01-07 12:23:34 Image size of job updated: 299520
	280  -  MemoryUsage of job (MB)
	286412  -  ResidentSetSize of job (KB)
...
006 (13901920.004.000) 2021-01-07 12:23:34 Image size of job updated: 384988
	333  -  MemoryUsage of job (MB)
	340316  -  ResidentSetSize of job (KB)
...
006 (13901920.001.000) 2021-01-07 12:23:34 Image size of job updated: 349008
	304  -  MemoryUsage of job (MB)
	311124  -  ResidentSetSize of job (KB)
...
006 (13901920.007.000) 2021-01-07 12:23:34 Image size of job updated: 306244
	275  -  MemoryUsage of job (MB)
	280972  -  ResidentSetSize of job (KB)
...
006 (13901920.002.000) 2021-01-07 12:23:34 Image size of job updated: 591640
	550  -  MemoryUsage of job (MB)
	563028  -  ResidentSetSize of job (KB)
...
006 (13901920.000.000) 2021-01-07 12:23:34 Image size of job updated: 617172
	549  -  MemoryUsage of job (MB)
	561744  -  ResidentSetSize of job (KB)
...
006 (13901920.005.000) 2021-01-07 12:23:34 Image size of job updated: 250932
	226  -  MemoryUsage of job (MB)
	230916  -  ResidentSetSize of job (KB)
...
006 (13901920.006.000) 2021-01-07 12:23:34 Image size of job updated: 377352
	366  -  MemoryUsage of job (MB)
	373928  -  ResidentSetSize of job (KB)
...
006 (13901920.011.000) 2021-01-07 12:23:34 Image size of job updated: 259712
	233  -  MemoryUsage of job (MB)
	237708  -  ResidentSetSize of job (KB)
...
006 (13901920.008.000) 2021-01-07 12:23:34 Image size of job updated: 387648
	336  -  MemoryUsage of job (MB)
	343188  -  ResidentSetSize of job (KB)
...
006 (13901920.013.000) 2021-01-07 12:23:34 Image size of job updated: 386768
	370  -  MemoryUsage of job (MB)
	378480  -  ResidentSetSize of job (KB)
...
006 (13901920.012.000) 2021-01-07 12:23:34 Image size of job updated: 371288
	339  -  MemoryUsage of job (MB)
	346456  -  ResidentSetSize of job (KB)
...
001 (13901920.024.000) 2021-01-07 12:23:34 Job executing on host: <131.169.160.180:44202?addrs=131.169.160.180-44202&alias=batch1182.desy.de>
...
006 (13901920.015.000) 2021-01-07 12:23:35 Image size of job updated: 570428
	511  -  MemoryUsage of job (MB)
	522724  -  ResidentSetSize of job (KB)
...
006 (13901920.009.000) 2021-01-07 12:23:35 Image size of job updated: 307720
	270  -  MemoryUsage of job (MB)
	275624  -  ResidentSetSize of job (KB)
...
006 (13901920.014.000) 2021-01-07 12:23:35 Image size of job updated: 603868
	590  -  MemoryUsage of job (MB)
	603168  -  ResidentSetSize of job (KB)
...
006 (13901920.016.000) 2021-01-07 12:23:35 Image size of job updated: 541652
	513  -  MemoryUsage of job (MB)
	524564  -  ResidentSetSize of job (KB)
...
006 (13901920.010.000) 2021-01-07 12:23:36 Image size of job updated: 436520
	347  -  MemoryUsage of job (MB)
	354760  -  ResidentSetSize of job (KB)
...
006 (13901920.019.000) 2021-01-07 12:23:39 Image size of job updated: 640048
	604  -  MemoryUsage of job (MB)
	617832  -  ResidentSetSize of job (KB)
...
006 (13901920.020.000) 2021-01-07 12:23:39 Image size of job updated: 605348
	547  -  MemoryUsage of job (MB)
	559208  -  ResidentSetSize of job (KB)
...
006 (13901920.021.000) 2021-01-07 12:23:39 Image size of job updated: 637216
	609  -  MemoryUsage of job (MB)
	622840  -  ResidentSetSize of job (KB)
...
006 (13901920.017.000) 2021-01-07 12:23:40 Image size of job updated: 470764
	380  -  MemoryUsage of job (MB)
	388904  -  ResidentSetSize of job (KB)
...
006 (13901920.023.000) 2021-01-07 12:23:43 Image size of job updated: 702112
	623  -  MemoryUsage of job (MB)
	637776  -  ResidentSetSize of job (KB)
...
006 (13901920.024.000) 2021-01-07 12:23:43 Image size of job updated: 642688
	611  -  MemoryUsage of job (MB)
	624940  -  ResidentSetSize of job (KB)
...
001 (13901920.018.000) 2021-01-07 12:23:57 Job executing on host: <131.169.162.162:36408?addrs=131.169.162.162-36408&alias=batch1162.desy.de>
...
001 (13901920.022.000) 2021-01-07 12:23:57 Job executing on host: <131.169.160.174:39753?addrs=131.169.160.174-39753&alias=batch1176.desy.de>
...
006 (13901920.018.000) 2021-01-07 12:24:05 Image size of job updated: 558932
	546  -  MemoryUsage of job (MB)
	558564  -  ResidentSetSize of job (KB)
...
006 (13901920.022.000) 2021-01-07 12:24:05 Image size of job updated: 562876
	550  -  MemoryUsage of job (MB)
	562460  -  ResidentSetSize of job (KB)
...
006 (13901920.000.000) 2021-01-07 12:26:40 Image size of job updated: 11076976
	549  -  MemoryUsage of job (MB)
	561792  -  ResidentSetSize of job (KB)
...
005 (13901920.000.000) 2021-01-07 12:26:40 Job terminated.
	(1) Normal termination (return value 0)
		Usr 0 00:02:45, Sys 0 00:00:06  -  Run Remote Usage
		Usr 0 00:00:00, Sys 0 00:00:00  -  Run Local Usage
		Usr 0 00:02:45, Sys 0 00:00:06  -  Total Remote Usage
		Usr 0 00:00:00, Sys 0 00:00:00  -  Total Local Usage
	0  -  Run Bytes Sent By Job
	0  -  Run Bytes Received By Job
	0  -  Total Bytes Sent By Job
	0  -  Total Bytes Received By Job
	Partitionable Resources :    Usage  Request Allocated 
	   Cpus                 :     0.89        1         1 
	   Disk (KB)            :     1     3584000   4470066 
	   Memory (MB)          :   549        4096      4096 

	Job terminated of its own accord at 2021-01-07T11:26:40Z.
...
006 (13901920.002.000) 2021-01-07 12:26:46 Image size of job updated: 10999448
	550  -  MemoryUsage of job (MB)
	563080  -  ResidentSetSize of job (KB)
...
005 (13901920.002.000) 2021-01-07 12:26:46 Job terminated.
	(1) Normal termination (return value 0)
		Usr 0 00:02:48, Sys 0 00:00:08  -  Run Remote Usage
		Usr 0 00:00:00, Sys 0 00:00:00  -  Run Local Usage
		Usr 0 00:02:48, Sys 0 00:00:08  -  Total Remote Usage
		Usr 0 00:00:00, Sys 0 00:00:00  -  Total Local Usage
	0  -  Run Bytes Sent By Job
	0  -  Run Bytes Received By Job
	0  -  Total Bytes Sent By Job
	0  -  Total Bytes Received By Job
	Partitionable Resources :    Usage  Request Allocated 
	   Cpus                 :     0.89        1         1 
	   Disk (KB)            :     1     3584000   4466746 
	   Memory (MB)          :   550        4096      4096 

	Job terminated of its own accord at 2021-01-07T11:26:46Z.
...
006 (13901920.014.000) 2021-01-07 12:26:52 Image size of job updated: 3917008
	590  -  MemoryUsage of job (MB)
	603220  -  ResidentSetSize of job (KB)
...
005 (13901920.014.000) 2021-01-07 12:26:52 Job terminated.
	(1) Normal termination (return value 0)
		Usr 0 00:02:42, Sys 0 00:00:08  -  Run Remote Usage
		Usr 0 00:00:00, Sys 0 00:00:00  -  Run Local Usage
		Usr 0 00:02:42, Sys 0 00:00:08  -  Total Remote Usage
		Usr 0 00:00:00, Sys 0 00:00:00  -  Total Local Usage
	0  -  Run Bytes Sent By Job
	0  -  Run Bytes Received By Job
	0  -  Total Bytes Sent By Job
	0  -  Total Bytes Received By Job
	Partitionable Resources :    Usage  Request Allocated 
	   Cpus                 :     0.85        1         1 
	   Disk (KB)            :     1     3584000   4408864 
	   Memory (MB)          :   590        4096      4096 

	Job terminated of its own accord at 2021-01-07T11:26:52Z.
...
006 (13901920.015.000) 2021-01-07 12:26:55 Image size of job updated: 10977128
	511  -  MemoryUsage of job (MB)
	522808  -  ResidentSetSize of job (KB)
...
005 (13901920.015.000) 2021-01-07 12:26:55 Job terminated.
	(1) Normal termination (return value 0)
		Usr 0 00:02:46, Sys 0 00:00:08  -  Run Remote Usage
		Usr 0 00:00:00, Sys 0 00:00:00  -  Run Local Usage
		Usr 0 00:02:46, Sys 0 00:00:08  -  Total Remote Usage
		Usr 0 00:00:00, Sys 0 00:00:00  -  Total Local Usage
	0  -  Run Bytes Sent By Job
	0  -  Run Bytes Received By Job
	0  -  Total Bytes Sent By Job
	0  -  Total Bytes Received By Job
	Partitionable Resources :    Usage  Request Allocated 
	   Cpus                 :                 1         1 
	   Disk (KB)            :        1  3584000   4410209 
	   Memory (MB)          :      511     4096      4096 

	Job terminated of its own accord at 2021-01-07T11:26:55Z.
...
006 (13901920.021.000) 2021-01-07 12:26:57 Image size of job updated: 11005668
	609  -  MemoryUsage of job (MB)
	622900  -  ResidentSetSize of job (KB)
...
005 (13901920.021.000) 2021-01-07 12:26:57 Job terminated.
	(1) Normal termination (return value 0)
		Usr 0 00:02:44, Sys 0 00:00:08  -  Run Remote Usage
		Usr 0 00:00:00, Sys 0 00:00:00  -  Run Local Usage
		Usr 0 00:02:44, Sys 0 00:00:08  -  Total Remote Usage
		Usr 0 00:00:00, Sys 0 00:00:00  -  Total Local Usage
	0  -  Run Bytes Sent By Job
	0  -  Run Bytes Received By Job
	0  -  Total Bytes Sent By Job
	0  -  Total Bytes Received By Job
	Partitionable Resources :    Usage  Request Allocated 
	   Cpus                 :     0.84        1         1 
	   Disk (KB)            :     1     3584000   4408864 
	   Memory (MB)          :   609        4096      4096 

	Job terminated of its own accord at 2021-01-07T11:26:57Z.
...
006 (13901920.013.000) 2021-01-07 12:26:57 Image size of job updated: 11136796
	370  -  MemoryUsage of job (MB)
	378480  -  ResidentSetSize of job (KB)
...
006 (13901920.006.000) 2021-01-07 12:26:57 Image size of job updated: 11139712
	366  -  MemoryUsage of job (MB)
	373972  -  ResidentSetSize of job (KB)
...
005 (13901920.013.000) 2021-01-07 12:26:57 Job terminated.
	(1) Normal termination (return value 0)
		Usr 0 00:02:46, Sys 0 00:00:09  -  Run Remote Usage
		Usr 0 00:00:00, Sys 0 00:00:00  -  Run Local Usage
		Usr 0 00:02:46, Sys 0 00:00:09  -  Total Remote Usage
		Usr 0 00:00:00, Sys 0 00:00:00  -  Total Local Usage
	0  -  Run Bytes Sent By Job
	0  -  Run Bytes Received By Job
	0  -  Total Bytes Sent By Job
	0  -  Total Bytes Received By Job
	Partitionable Resources :    Usage  Request Allocated 
	   Cpus                 :     0.85        1         1 
	   Disk (KB)            :     1     3584000   4410209 
	   Memory (MB)          :   370        4096      4096 

	Job terminated of its own accord at 2021-01-07T11:26:57Z.
...
005 (13901920.006.000) 2021-01-07 12:26:57 Job terminated.
	(1) Normal termination (return value 0)
		Usr 0 00:02:46, Sys 0 00:00:10  -  Run Remote Usage
		Usr 0 00:00:00, Sys 0 00:00:00  -  Run Local Usage
		Usr 0 00:02:46, Sys 0 00:00:10  -  Total Remote Usage
		Usr 0 00:00:00, Sys 0 00:00:00  -  Total Local Usage
	0  -  Run Bytes Sent By Job
	0  -  Run Bytes Received By Job
	0  -  Total Bytes Sent By Job
	0  -  Total Bytes Received By Job
	Partitionable Resources :    Usage  Request Allocated 
	   Cpus                 :     0.87        1         1 
	   Disk (KB)            :     1     3584000   4410209 
	   Memory (MB)          :   366        4096      4096 

	Job terminated of its own accord at 2021-01-07T11:26:57Z.
...
006 (13901920.019.000) 2021-01-07 12:26:59 Image size of job updated: 11116104
	604  -  MemoryUsage of job (MB)
	617944  -  ResidentSetSize of job (KB)
...
005 (13901920.019.000) 2021-01-07 12:26:59 Job terminated.
	(1) Normal termination (return value 0)
		Usr 0 00:02:45, Sys 0 00:00:09  -  Run Remote Usage
		Usr 0 00:00:00, Sys 0 00:00:00  -  Run Local Usage
		Usr 0 00:02:45, Sys 0 00:00:09  -  Total Remote Usage
		Usr 0 00:00:00, Sys 0 00:00:00  -  Total Local Usage
	0  -  Run Bytes Sent By Job
	0  -  Run Bytes Received By Job
	0  -  Total Bytes Sent By Job
	0  -  Total Bytes Received By Job
	Partitionable Resources :    Usage  Request Allocated 
	   Cpus                 :     0.89        1         1 
	   Disk (KB)            :     1     3584000   4408864 
	   Memory (MB)          :   604        4096      4096 

	Job terminated of its own accord at 2021-01-07T11:26:59Z.
...
006 (13901920.016.000) 2021-01-07 12:26:59 Image size of job updated: 11168904
	513  -  MemoryUsage of job (MB)
	524748  -  ResidentSetSize of job (KB)
...
005 (13901920.016.000) 2021-01-07 12:26:59 Job terminated.
	(1) Normal termination (return value 0)
		Usr 0 00:02:49, Sys 0 00:00:09  -  Run Remote Usage
		Usr 0 00:00:00, Sys 0 00:00:00  -  Run Local Usage
		Usr 0 00:02:49, Sys 0 00:00:09  -  Total Remote Usage
		Usr 0 00:00:00, Sys 0 00:00:00  -  Total Local Usage
	0  -  Run Bytes Sent By Job
	0  -  Run Bytes Received By Job
	0  -  Total Bytes Sent By Job
	0  -  Total Bytes Received By Job
	Partitionable Resources :    Usage  Request Allocated 
	   Cpus                 :     0.87        1         1 
	   Disk (KB)            :     1     3584000   4410209 
	   Memory (MB)          :   513        4096      4096 

	Job terminated of its own accord at 2021-01-07T11:26:59Z.
...
006 (13901920.020.000) 2021-01-07 12:27:00 Image size of job updated: 11164308
	547  -  MemoryUsage of job (MB)
	559272  -  ResidentSetSize of job (KB)
...
005 (13901920.020.000) 2021-01-07 12:27:00 Job terminated.
	(1) Normal termination (return value 0)
		Usr 0 00:02:46, Sys 0 00:00:09  -  Run Remote Usage
		Usr 0 00:00:00, Sys 0 00:00:00  -  Run Local Usage
		Usr 0 00:02:46, Sys 0 00:00:09  -  Total Remote Usage
		Usr 0 00:00:00, Sys 0 00:00:00  -  Total Local Usage
	0  -  Run Bytes Sent By Job
	0  -  Run Bytes Received By Job
	0  -  Total Bytes Sent By Job
	0  -  Total Bytes Received By Job
	Partitionable Resources :    Usage  Request Allocated 
	   Cpus                 :     0.79        1         1 
	   Disk (KB)            :     1     3584000   4408864 
	   Memory (MB)          :   547        4096      4096 

	Job terminated of its own accord at 2021-01-07T11:27:00Z.
...
006 (13901920.023.000) 2021-01-07 12:27:10 Image size of job updated: 11113100
	623  -  MemoryUsage of job (MB)
	637836  -  ResidentSetSize of job (KB)
...
005 (13901920.023.000) 2021-01-07 12:27:10 Job terminated.
	(1) Normal termination (return value 0)
		Usr 0 00:02:45, Sys 0 00:00:10  -  Run Remote Usage
		Usr 0 00:00:00, Sys 0 00:00:00  -  Run Local Usage
		Usr 0 00:02:45, Sys 0 00:00:10  -  Total Remote Usage
		Usr 0 00:00:00, Sys 0 00:00:00  -  Total Local Usage
	0  -  Run Bytes Sent By Job
	0  -  Run Bytes Received By Job
	0  -  Total Bytes Sent By Job
	0  -  Total Bytes Received By Job
	Partitionable Resources :    Usage  Request Allocated 
	   Cpus                 :     0.85        1         1 
	   Disk (KB)            :     1     3584000   4466788 
	   Memory (MB)          :   623        4096      4096 

	Job terminated of its own accord at 2021-01-07T11:27:10Z.
...
006 (13901920.024.000) 2021-01-07 12:27:13 Image size of job updated: 642688
	611  -  MemoryUsage of job (MB)
	625032  -  ResidentSetSize of job (KB)
...
005 (13901920.024.000) 2021-01-07 12:27:13 Job terminated.
	(1) Normal termination (return value 0)
		Usr 0 00:02:48, Sys 0 00:00:10  -  Run Remote Usage
		Usr 0 00:00:00, Sys 0 00:00:00  -  Run Local Usage
		Usr 0 00:02:48, Sys 0 00:00:10  -  Total Remote Usage
		Usr 0 00:00:00, Sys 0 00:00:00  -  Total Local Usage
	0  -  Run Bytes Sent By Job
	0  -  Run Bytes Received By Job
	0  -  Total Bytes Sent By Job
	0  -  Total Bytes Received By Job
	Partitionable Resources :    Usage  Request Allocated 
	   Cpus                 :     0.87        1         1 
	   Disk (KB)            :     1     3584000   4466788 
	   Memory (MB)          :   611        4096      4096 

	Job terminated of its own accord at 2021-01-07T11:27:13Z.
...
006 (13901920.022.000) 2021-01-07 12:27:23 Image size of job updated: 10928152
	550  -  MemoryUsage of job (MB)
	562588  -  ResidentSetSize of job (KB)
...
005 (13901920.022.000) 2021-01-07 12:27:23 Job terminated.
	(1) Normal termination (return value 0)
		Usr 0 00:02:45, Sys 0 00:00:09  -  Run Remote Usage
		Usr 0 00:00:00, Sys 0 00:00:00  -  Run Local Usage
		Usr 0 00:02:45, Sys 0 00:00:09  -  Total Remote Usage
		Usr 0 00:00:00, Sys 0 00:00:00  -  Total Local Usage
	0  -  Run Bytes Sent By Job
	0  -  Run Bytes Received By Job
	0  -  Total Bytes Sent By Job
	0  -  Total Bytes Received By Job
	Partitionable Resources :    Usage  Request Allocated 
	   Cpus                 :     0.87        1         1 
	   Disk (KB)            :     1     3584000   4465832 
	   Memory (MB)          :   550        4096      4096 

	Job terminated of its own accord at 2021-01-07T11:27:23Z.
...
006 (13901920.018.000) 2021-01-07 12:27:28 Image size of job updated: 3408332
	546  -  MemoryUsage of job (MB)
	558788  -  ResidentSetSize of job (KB)
...
005 (13901920.018.000) 2021-01-07 12:27:29 Job terminated.
	(1) Normal termination (return value 0)
		Usr 0 00:02:48, Sys 0 00:00:10  -  Run Remote Usage
		Usr 0 00:00:00, Sys 0 00:00:00  -  Run Local Usage
		Usr 0 00:02:48, Sys 0 00:00:10  -  Total Remote Usage
		Usr 0 00:00:00, Sys 0 00:00:00  -  Total Local Usage
	0  -  Run Bytes Sent By Job
	0  -  Run Bytes Received By Job
	0  -  Total Bytes Sent By Job
	0  -  Total Bytes Received By Job
	Partitionable Resources :    Usage  Request Allocated 
	   Cpus                 :     0.88        1         1 
	   Disk (KB)            :     1     3584000   4409156 
	   Memory (MB)          :   546        4096      4096 

	Job terminated of its own accord at 2021-01-07T11:27:28Z.
...
006 (13901920.010.000) 2021-01-07 12:28:10 Image size of job updated: 11127316
	347  -  MemoryUsage of job (MB)
	354824  -  ResidentSetSize of job (KB)
...
005 (13901920.010.000) 2021-01-07 12:28:10 Job terminated.
	(1) Normal termination (return value 0)
		Usr 0 00:03:55, Sys 0 00:00:17  -  Run Remote Usage
		Usr 0 00:00:00, Sys 0 00:00:00  -  Run Local Usage
		Usr 0 00:03:55, Sys 0 00:00:17  -  Total Remote Usage
		Usr 0 00:00:00, Sys 0 00:00:00  -  Total Local Usage
	0  -  Run Bytes Sent By Job
	0  -  Run Bytes Received By Job
	0  -  Total Bytes Sent By Job
	0  -  Total Bytes Received By Job
	Partitionable Resources :    Usage  Request Allocated 
	   Cpus                 :     0.92        1         1 
	   Disk (KB)            :     1     3584000   4543744 
	   Memory (MB)          :   347        4096      4096 

	Job terminated of its own accord at 2021-01-07T11:28:10Z.
...
006 (13901920.007.000) 2021-01-07 12:28:18 Image size of job updated: 11134604
	275  -  MemoryUsage of job (MB)
	281012  -  ResidentSetSize of job (KB)
...
005 (13901920.007.000) 2021-01-07 12:28:18 Job terminated.
	(1) Normal termination (return value 0)
		Usr 0 00:04:03, Sys 0 00:00:16  -  Run Remote Usage
		Usr 0 00:00:00, Sys 0 00:00:00  -  Run Local Usage
		Usr 0 00:04:03, Sys 0 00:00:16  -  Total Remote Usage
		Usr 0 00:00:00, Sys 0 00:00:00  -  Total Local Usage
	0  -  Run Bytes Sent By Job
	0  -  Run Bytes Received By Job
	0  -  Total Bytes Sent By Job
	0  -  Total Bytes Received By Job
	Partitionable Resources :    Usage  Request Allocated 
	   Cpus                 :     0.92        1         1 
	   Disk (KB)            :     1     3584000   4539952 
	   Memory (MB)          :   275        4096      4096 

	Job terminated of its own accord at 2021-01-07T11:28:18Z.
...
006 (13901920.017.000) 2021-01-07 12:28:21 Image size of job updated: 12693016
	380  -  MemoryUsage of job (MB)
	388904  -  ResidentSetSize of job (KB)
...
005 (13901920.017.000) 2021-01-07 12:28:21 Job terminated.
	(1) Normal termination (return value 0)
		Usr 0 00:03:52, Sys 0 00:00:14  -  Run Remote Usage
		Usr 0 00:00:00, Sys 0 00:00:00  -  Run Local Usage
		Usr 0 00:03:52, Sys 0 00:00:14  -  Total Remote Usage
		Usr 0 00:00:00, Sys 0 00:00:00  -  Total Local Usage
	0  -  Run Bytes Sent By Job
	0  -  Run Bytes Received By Job
	0  -  Total Bytes Sent By Job
	0  -  Total Bytes Received By Job
	Partitionable Resources :    Usage  Request Allocated 
	   Cpus                 :     0.89        1         1 
	   Disk (KB)            :     1     3584000   3955591 
	   Memory (MB)          :   380        4096      4096 

	Job terminated of its own accord at 2021-01-07T11:28:21Z.
...
006 (13901920.001.000) 2021-01-07 12:28:23 Image size of job updated: 2115884
	304  -  MemoryUsage of job (MB)
	311172  -  ResidentSetSize of job (KB)
...
005 (13901920.001.000) 2021-01-07 12:28:23 Job terminated.
	(1) Normal termination (return value 0)
		Usr 0 00:04:11, Sys 0 00:00:17  -  Run Remote Usage
		Usr 0 00:00:00, Sys 0 00:00:00  -  Run Local Usage
		Usr 0 00:04:11, Sys 0 00:00:17  -  Total Remote Usage
		Usr 0 00:00:00, Sys 0 00:00:00  -  Total Local Usage
	0  -  Run Bytes Sent By Job
	0  -  Run Bytes Received By Job
	0  -  Total Bytes Sent By Job
	0  -  Total Bytes Received By Job
	Partitionable Resources :    Usage  Request Allocated 
	   Cpus                 :     0.92        1         1 
	   Disk (KB)            :     1     3584000   4781839 
	   Memory (MB)          :   304        4096      4096 

	Job terminated of its own accord at 2021-01-07T11:28:23Z.
...
006 (13901920.005.000) 2021-01-07 12:28:31 Image size of job updated: 11141056
	226  -  MemoryUsage of job (MB)
	231020  -  ResidentSetSize of job (KB)
...
005 (13901920.005.000) 2021-01-07 12:28:31 Job terminated.
	(1) Normal termination (return value 0)
		Usr 0 00:04:03, Sys 0 00:00:18  -  Run Remote Usage
		Usr 0 00:00:00, Sys 0 00:00:00  -  Run Local Usage
		Usr 0 00:04:03, Sys 0 00:00:18  -  Total Remote Usage
		Usr 0 00:00:00, Sys 0 00:00:00  -  Total Local Usage
	0  -  Run Bytes Sent By Job
	0  -  Run Bytes Received By Job
	0  -  Total Bytes Sent By Job
	0  -  Total Bytes Received By Job
	Partitionable Resources :    Usage  Request Allocated 
	   Cpus                 :     0.89        1         1 
	   Disk (KB)            :     1     3584000   4538314 
	   Memory (MB)          :   226        4096      4096 

	Job terminated of its own accord at 2021-01-07T11:28:31Z.
...
006 (13901920.009.000) 2021-01-07 12:28:31 Image size of job updated: 6793320
	270  -  MemoryUsage of job (MB)
	275696  -  ResidentSetSize of job (KB)
...
005 (13901920.009.000) 2021-01-07 12:28:31 Job terminated.
	(1) Normal termination (return value 0)
		Usr 0 00:04:09, Sys 0 00:00:21  -  Run Remote Usage
		Usr 0 00:00:00, Sys 0 00:00:00  -  Run Local Usage
		Usr 0 00:04:09, Sys 0 00:00:21  -  Total Remote Usage
		Usr 0 00:00:00, Sys 0 00:00:00  -  Total Local Usage
	0  -  Run Bytes Sent By Job
	0  -  Run Bytes Received By Job
	0  -  Total Bytes Sent By Job
	0  -  Total Bytes Received By Job
	Partitionable Resources :    Usage  Request Allocated 
	   Cpus                 :     0.92        1         1 
	   Disk (KB)            :     1     3584000   4370774 
	   Memory (MB)          :   270        4096      4096 

	Job terminated of its own accord at 2021-01-07T11:28:31Z.
...
006 (13901920.003.000) 2021-01-07 12:28:34 Image size of job updated: 11046640
	8170  -  MemoryUsage of job (MB)
	8365388  -  ResidentSetSize of job (KB)
...
006 (13901920.004.000) 2021-01-07 12:28:34 Image size of job updated: 11130012
	10826  -  MemoryUsage of job (MB)
	11085356  -  ResidentSetSize of job (KB)
...
006 (13901920.011.000) 2021-01-07 12:28:34 Image size of job updated: 11140592
	9231  -  MemoryUsage of job (MB)
	9452072  -  ResidentSetSize of job (KB)
...
006 (13901920.008.000) 2021-01-07 12:28:34 Image size of job updated: 9859480
	4376  -  MemoryUsage of job (MB)
	4480772  -  ResidentSetSize of job (KB)
...
006 (13901920.012.000) 2021-01-07 12:28:34 Image size of job updated: 10451432
	4300  -  MemoryUsage of job (MB)
	4403008  -  ResidentSetSize of job (KB)
...
005 (13901920.004.000) 2021-01-07 12:28:36 Job terminated.
	(1) Normal termination (return value 0)
		Usr 0 00:04:16, Sys 0 00:00:21  -  Run Remote Usage
		Usr 0 00:00:00, Sys 0 00:00:00  -  Run Local Usage
		Usr 0 00:04:16, Sys 0 00:00:21  -  Total Remote Usage
		Usr 0 00:00:00, Sys 0 00:00:00  -  Total Local Usage
	0  -  Run Bytes Sent By Job
	0  -  Run Bytes Received By Job
	0  -  Total Bytes Sent By Job
	0  -  Total Bytes Received By Job
	Partitionable Resources :    Usage  Request Allocated 
	   Cpus                 :     0.94        1         1 
	   Disk (KB)            :     1     3584000   3954678 
	   Memory (MB)          : 10826        4096      4096 

	Job terminated of its own accord at 2021-01-07T11:28:36Z.
...
006 (13901920.011.000) 2021-01-07 12:28:37 Image size of job updated: 11140716
	9231  -  MemoryUsage of job (MB)
	9452072  -  ResidentSetSize of job (KB)
...
005 (13901920.011.000) 2021-01-07 12:28:37 Job terminated.
	(1) Normal termination (return value 0)
		Usr 0 00:04:08, Sys 0 00:00:18  -  Run Remote Usage
		Usr 0 00:00:00, Sys 0 00:00:00  -  Run Local Usage
		Usr 0 00:04:08, Sys 0 00:00:18  -  Total Remote Usage
		Usr 0 00:00:00, Sys 0 00:00:00  -  Total Local Usage
	0  -  Run Bytes Sent By Job
	0  -  Run Bytes Received By Job
	0  -  Total Bytes Sent By Job
	0  -  Total Bytes Received By Job
	Partitionable Resources :    Usage  Request Allocated 
	   Cpus                 :     0.90        1         1 
	   Disk (KB)            :     1     3584000   4538314 
	   Memory (MB)          :  9231        4096      4096 

	Job terminated of its own accord at 2021-01-07T11:28:37Z.
...
006 (13901920.003.000) 2021-01-07 12:28:39 Image size of job updated: 11046640
	8170  -  MemoryUsage of job (MB)
	8365484  -  ResidentSetSize of job (KB)
...
005 (13901920.003.000) 2021-01-07 12:28:39 Job terminated.
	(1) Normal termination (return value 0)
		Usr 0 00:04:10, Sys 0 00:00:18  -  Run Remote Usage
		Usr 0 00:00:00, Sys 0 00:00:00  -  Run Local Usage
		Usr 0 00:04:10, Sys 0 00:00:18  -  Total Remote Usage
		Usr 0 00:00:00, Sys 0 00:00:00  -  Total Local Usage
	0  -  Run Bytes Sent By Job
	0  -  Run Bytes Received By Job
	0  -  Total Bytes Sent By Job
	0  -  Total Bytes Received By Job
	Partitionable Resources :    Usage  Request Allocated 
	   Cpus                 :     0.78        1         1 
	   Disk (KB)            :     1     3584000   4543409 
	   Memory (MB)          :  8170        4096      4096 

	Job terminated of its own accord at 2021-01-07T11:28:39Z.
...
006 (13901920.012.000) 2021-01-07 12:29:09 Image size of job updated: 11069076
	4300  -  MemoryUsage of job (MB)
	4403008  -  ResidentSetSize of job (KB)
...
005 (13901920.012.000) 2021-01-07 12:29:09 Job terminated.
	(1) Normal termination (return value 0)
		Usr 0 00:04:07, Sys 0 00:00:19  -  Run Remote Usage
		Usr 0 00:00:00, Sys 0 00:00:00  -  Run Local Usage
		Usr 0 00:04:07, Sys 0 00:00:19  -  Total Remote Usage
		Usr 0 00:00:00, Sys 0 00:00:00  -  Total Local Usage
	0  -  Run Bytes Sent By Job
	0  -  Run Bytes Received By Job
	0  -  Total Bytes Sent By Job
	0  -  Total Bytes Received By Job
	Partitionable Resources :    Usage  Request Allocated 
	   Cpus                 :     0.49        1         1 
	   Disk (KB)            :     1     3584000   3972025 
	   Memory (MB)          :  4300        4096      4096 

	Job terminated of its own accord at 2021-01-07T11:29:09Z.
...
006 (13901920.008.000) 2021-01-07 12:29:10 Image size of job updated: 11039084
	4376  -  MemoryUsage of job (MB)
	4480816  -  ResidentSetSize of job (KB)
...
005 (13901920.008.000) 2021-01-07 12:29:10 Job terminated.
	(1) Normal termination (return value 0)
		Usr 0 00:04:07, Sys 0 00:00:18  -  Run Remote Usage
		Usr 0 00:00:00, Sys 0 00:00:00  -  Run Local Usage
		Usr 0 00:04:07, Sys 0 00:00:18  -  Total Remote Usage
		Usr 0 00:00:00, Sys 0 00:00:00  -  Total Local Usage
	0  -  Run Bytes Sent By Job
	0  -  Run Bytes Received By Job
	0  -  Total Bytes Sent By Job
	0  -  Total Bytes Received By Job
	Partitionable Resources :    Usage  Request Allocated 
	   Cpus                 :     0.86        1         1 
	   Disk (KB)            :     1     3584000   3972025 
	   Memory (MB)          :  4376        4096      4096 

	Job terminated of its own accord at 2021-01-07T11:29:10Z.
...
