000 (13926300.000.000) 2021-01-08 09:09:10 Job submitted from host: <131.169.223.42:9618?addrs=131.169.223.42-9618+[2001-638-700-10df--1-2a]-9618&alias=bird-htc-sched14.desy.de&noUDP&sock=schedd_1936_8371_3>
...
000 (13926300.001.000) 2021-01-08 09:09:10 Job submitted from host: <131.169.223.42:9618?addrs=131.169.223.42-9618+[2001-638-700-10df--1-2a]-9618&alias=bird-htc-sched14.desy.de&noUDP&sock=schedd_1936_8371_3>
...
000 (13926300.002.000) 2021-01-08 09:09:10 Job submitted from host: <131.169.223.42:9618?addrs=131.169.223.42-9618+[2001-638-700-10df--1-2a]-9618&alias=bird-htc-sched14.desy.de&noUDP&sock=schedd_1936_8371_3>
...
000 (13926300.003.000) 2021-01-08 09:09:10 Job submitted from host: <131.169.223.42:9618?addrs=131.169.223.42-9618+[2001-638-700-10df--1-2a]-9618&alias=bird-htc-sched14.desy.de&noUDP&sock=schedd_1936_8371_3>
...
000 (13926300.004.000) 2021-01-08 09:09:10 Job submitted from host: <131.169.223.42:9618?addrs=131.169.223.42-9618+[2001-638-700-10df--1-2a]-9618&alias=bird-htc-sched14.desy.de&noUDP&sock=schedd_1936_8371_3>
...
000 (13926300.005.000) 2021-01-08 09:09:10 Job submitted from host: <131.169.223.42:9618?addrs=131.169.223.42-9618+[2001-638-700-10df--1-2a]-9618&alias=bird-htc-sched14.desy.de&noUDP&sock=schedd_1936_8371_3>
...
000 (13926300.006.000) 2021-01-08 09:09:10 Job submitted from host: <131.169.223.42:9618?addrs=131.169.223.42-9618+[2001-638-700-10df--1-2a]-9618&alias=bird-htc-sched14.desy.de&noUDP&sock=schedd_1936_8371_3>
...
000 (13926300.007.000) 2021-01-08 09:09:10 Job submitted from host: <131.169.223.42:9618?addrs=131.169.223.42-9618+[2001-638-700-10df--1-2a]-9618&alias=bird-htc-sched14.desy.de&noUDP&sock=schedd_1936_8371_3>
...
000 (13926300.008.000) 2021-01-08 09:09:10 Job submitted from host: <131.169.223.42:9618?addrs=131.169.223.42-9618+[2001-638-700-10df--1-2a]-9618&alias=bird-htc-sched14.desy.de&noUDP&sock=schedd_1936_8371_3>
...
000 (13926300.009.000) 2021-01-08 09:09:10 Job submitted from host: <131.169.223.42:9618?addrs=131.169.223.42-9618+[2001-638-700-10df--1-2a]-9618&alias=bird-htc-sched14.desy.de&noUDP&sock=schedd_1936_8371_3>
...
000 (13926300.010.000) 2021-01-08 09:09:10 Job submitted from host: <131.169.223.42:9618?addrs=131.169.223.42-9618+[2001-638-700-10df--1-2a]-9618&alias=bird-htc-sched14.desy.de&noUDP&sock=schedd_1936_8371_3>
...
000 (13926300.011.000) 2021-01-08 09:09:10 Job submitted from host: <131.169.223.42:9618?addrs=131.169.223.42-9618+[2001-638-700-10df--1-2a]-9618&alias=bird-htc-sched14.desy.de&noUDP&sock=schedd_1936_8371_3>
...
000 (13926300.012.000) 2021-01-08 09:09:10 Job submitted from host: <131.169.223.42:9618?addrs=131.169.223.42-9618+[2001-638-700-10df--1-2a]-9618&alias=bird-htc-sched14.desy.de&noUDP&sock=schedd_1936_8371_3>
...
000 (13926300.013.000) 2021-01-08 09:09:10 Job submitted from host: <131.169.223.42:9618?addrs=131.169.223.42-9618+[2001-638-700-10df--1-2a]-9618&alias=bird-htc-sched14.desy.de&noUDP&sock=schedd_1936_8371_3>
...
000 (13926300.014.000) 2021-01-08 09:09:10 Job submitted from host: <131.169.223.42:9618?addrs=131.169.223.42-9618+[2001-638-700-10df--1-2a]-9618&alias=bird-htc-sched14.desy.de&noUDP&sock=schedd_1936_8371_3>
...
000 (13926300.015.000) 2021-01-08 09:09:10 Job submitted from host: <131.169.223.42:9618?addrs=131.169.223.42-9618+[2001-638-700-10df--1-2a]-9618&alias=bird-htc-sched14.desy.de&noUDP&sock=schedd_1936_8371_3>
...
000 (13926300.016.000) 2021-01-08 09:09:10 Job submitted from host: <131.169.223.42:9618?addrs=131.169.223.42-9618+[2001-638-700-10df--1-2a]-9618&alias=bird-htc-sched14.desy.de&noUDP&sock=schedd_1936_8371_3>
...
000 (13926300.017.000) 2021-01-08 09:09:10 Job submitted from host: <131.169.223.42:9618?addrs=131.169.223.42-9618+[2001-638-700-10df--1-2a]-9618&alias=bird-htc-sched14.desy.de&noUDP&sock=schedd_1936_8371_3>
...
000 (13926300.018.000) 2021-01-08 09:09:10 Job submitted from host: <131.169.223.42:9618?addrs=131.169.223.42-9618+[2001-638-700-10df--1-2a]-9618&alias=bird-htc-sched14.desy.de&noUDP&sock=schedd_1936_8371_3>
...
000 (13926300.019.000) 2021-01-08 09:09:10 Job submitted from host: <131.169.223.42:9618?addrs=131.169.223.42-9618+[2001-638-700-10df--1-2a]-9618&alias=bird-htc-sched14.desy.de&noUDP&sock=schedd_1936_8371_3>
...
000 (13926300.020.000) 2021-01-08 09:09:10 Job submitted from host: <131.169.223.42:9618?addrs=131.169.223.42-9618+[2001-638-700-10df--1-2a]-9618&alias=bird-htc-sched14.desy.de&noUDP&sock=schedd_1936_8371_3>
...
000 (13926300.021.000) 2021-01-08 09:09:10 Job submitted from host: <131.169.223.42:9618?addrs=131.169.223.42-9618+[2001-638-700-10df--1-2a]-9618&alias=bird-htc-sched14.desy.de&noUDP&sock=schedd_1936_8371_3>
...
000 (13926300.022.000) 2021-01-08 09:09:10 Job submitted from host: <131.169.223.42:9618?addrs=131.169.223.42-9618+[2001-638-700-10df--1-2a]-9618&alias=bird-htc-sched14.desy.de&noUDP&sock=schedd_1936_8371_3>
...
000 (13926300.023.000) 2021-01-08 09:09:10 Job submitted from host: <131.169.223.42:9618?addrs=131.169.223.42-9618+[2001-638-700-10df--1-2a]-9618&alias=bird-htc-sched14.desy.de&noUDP&sock=schedd_1936_8371_3>
...
000 (13926300.024.000) 2021-01-08 09:09:10 Job submitted from host: <131.169.223.42:9618?addrs=131.169.223.42-9618+[2001-638-700-10df--1-2a]-9618&alias=bird-htc-sched14.desy.de&noUDP&sock=schedd_1936_8371_3>
...
001 (13926300.007.000) 2021-01-08 09:11:10 Job executing on host: <131.169.164.22:40895?addrs=131.169.164.22-40895&alias=bird822.desy.de>
...
001 (13926300.015.000) 2021-01-08 09:11:10 Job executing on host: <131.169.164.9:43239?addrs=131.169.164.9-43239&alias=bird809.desy.de>
...
001 (13926300.014.000) 2021-01-08 09:11:10 Job executing on host: <131.169.164.39:46294?addrs=131.169.164.39-46294&alias=bird839.desy.de>
...
001 (13926300.022.000) 2021-01-08 09:11:10 Job executing on host: <131.169.164.24:34877?addrs=131.169.164.24-34877&alias=bird824.desy.de>
...
001 (13926300.023.000) 2021-01-08 09:11:10 Job executing on host: <131.169.163.138:40341?addrs=131.169.163.138-40341&alias=bird699.desy.de>
...
001 (13926300.024.000) 2021-01-08 09:11:10 Job executing on host: <131.169.164.44:43391?addrs=131.169.164.44-43391&alias=bird844.desy.de>
...
001 (13926300.009.000) 2021-01-08 09:11:10 Job executing on host: <131.169.77.210:43136?addrs=131.169.77.210-43136&alias=bird764.desy.de>
...
001 (13926300.021.000) 2021-01-08 09:11:10 Job executing on host: <131.169.77.212:45405?addrs=131.169.77.212-45405&alias=bird766.desy.de>
...
001 (13926300.016.000) 2021-01-08 09:11:11 Job executing on host: <131.169.77.223:32930?addrs=131.169.77.223-32930&alias=bird777.desy.de>
...
001 (13926300.000.000) 2021-01-08 09:11:11 Job executing on host: <131.169.77.21:45431?addrs=131.169.77.21-45431&alias=bird539.desy.de>
...
001 (13926300.001.000) 2021-01-08 09:11:11 Job executing on host: <131.169.77.8:44429?addrs=131.169.77.8-44429&alias=bird526.desy.de>
...
001 (13926300.003.000) 2021-01-08 09:11:11 Job executing on host: <131.169.164.23:45183?addrs=131.169.164.23-45183&alias=bird823.desy.de>
...
001 (13926300.008.000) 2021-01-08 09:11:11 Job executing on host: <131.169.163.136:34922?addrs=131.169.163.136-34922&alias=bird697.desy.de>
...
001 (13926300.002.000) 2021-01-08 09:11:11 Job executing on host: <131.169.163.133:37103?addrs=131.169.163.133-37103&alias=bird694.desy.de>
...
001 (13926300.019.000) 2021-01-08 09:11:11 Job executing on host: <131.169.163.135:39559?addrs=131.169.163.135-39559&alias=bird696.desy.de>
...
001 (13926300.017.000) 2021-01-08 09:11:11 Job executing on host: <131.169.163.125:45874?addrs=131.169.163.125-45874&alias=bird686.desy.de>
...
001 (13926300.020.000) 2021-01-08 09:11:11 Job executing on host: <131.169.163.100:44514?addrs=131.169.163.100-44514&alias=bird661.desy.de>
...
001 (13926300.006.000) 2021-01-08 09:11:11 Job executing on host: <131.169.77.42:37955?addrs=131.169.77.42-37955&alias=bird560.desy.de>
...
001 (13926300.010.000) 2021-01-08 09:11:11 Job executing on host: <131.169.164.11:35600?addrs=131.169.164.11-35600&alias=bird811.desy.de>
...
001 (13926300.004.000) 2021-01-08 09:11:11 Job executing on host: <131.169.164.55:35221?addrs=131.169.164.55-35221&alias=bird855.desy.de>
...
001 (13926300.011.000) 2021-01-08 09:11:11 Job executing on host: <131.169.77.163:41484?addrs=131.169.77.163-41484&alias=bird643.desy.de>
...
001 (13926300.013.000) 2021-01-08 09:11:11 Job executing on host: <131.169.163.122:43822?addrs=131.169.163.122-43822&alias=bird683.desy.de>
...
001 (13926300.018.000) 2021-01-08 09:11:11 Job executing on host: <131.169.164.17:38585?addrs=131.169.164.17-38585&alias=bird817.desy.de>
...
001 (13926300.012.000) 2021-01-08 09:11:11 Job executing on host: <131.169.77.205:40893?addrs=131.169.77.205-40893&alias=bird759.desy.de>
...
001 (13926300.005.000) 2021-01-08 09:11:11 Job executing on host: <131.169.77.156:41314?addrs=131.169.77.156-41314&alias=bird636.desy.de>
...
006 (13926300.007.000) 2021-01-08 09:11:18 Image size of job updated: 437056
	347  -  MemoryUsage of job (MB)
	354516  -  ResidentSetSize of job (KB)
...
006 (13926300.015.000) 2021-01-08 09:11:18 Image size of job updated: 428836
	338  -  MemoryUsage of job (MB)
	345408  -  ResidentSetSize of job (KB)
...
006 (13926300.016.000) 2021-01-08 09:11:19 Image size of job updated: 447360
	356  -  MemoryUsage of job (MB)
	363944  -  ResidentSetSize of job (KB)
...
006 (13926300.000.000) 2021-01-08 09:11:19 Image size of job updated: 211072
	126  -  MemoryUsage of job (MB)
	128476  -  ResidentSetSize of job (KB)
...
006 (13926300.001.000) 2021-01-08 09:11:19 Image size of job updated: 213628
	128  -  MemoryUsage of job (MB)
	130528  -  ResidentSetSize of job (KB)
...
006 (13926300.003.000) 2021-01-08 09:11:19 Image size of job updated: 414232
	324  -  MemoryUsage of job (MB)
	331224  -  ResidentSetSize of job (KB)
...
006 (13926300.008.000) 2021-01-08 09:11:19 Image size of job updated: 380552
	332  -  MemoryUsage of job (MB)
	339572  -  ResidentSetSize of job (KB)
...
006 (13926300.014.000) 2021-01-08 09:11:19 Image size of job updated: 374500
	283  -  MemoryUsage of job (MB)
	288888  -  ResidentSetSize of job (KB)
...
006 (13926300.022.000) 2021-01-08 09:11:19 Image size of job updated: 512296
	420  -  MemoryUsage of job (MB)
	429648  -  ResidentSetSize of job (KB)
...
006 (13926300.023.000) 2021-01-08 09:11:19 Image size of job updated: 486348
	395  -  MemoryUsage of job (MB)
	403720  -  ResidentSetSize of job (KB)
...
006 (13926300.024.000) 2021-01-08 09:11:19 Image size of job updated: 481748
	390  -  MemoryUsage of job (MB)
	399040  -  ResidentSetSize of job (KB)
...
006 (13926300.009.000) 2021-01-08 09:11:19 Image size of job updated: 508376
	416  -  MemoryUsage of job (MB)
	425684  -  ResidentSetSize of job (KB)
...
006 (13926300.021.000) 2021-01-08 09:11:19 Image size of job updated: 490008
	398  -  MemoryUsage of job (MB)
	407388  -  ResidentSetSize of job (KB)
...
006 (13926300.002.000) 2021-01-08 09:11:20 Image size of job updated: 314624
	224  -  MemoryUsage of job (MB)
	229012  -  ResidentSetSize of job (KB)
...
006 (13926300.019.000) 2021-01-08 09:11:20 Image size of job updated: 459144
	366  -  MemoryUsage of job (MB)
	374496  -  ResidentSetSize of job (KB)
...
006 (13926300.017.000) 2021-01-08 09:11:20 Image size of job updated: 343236
	252  -  MemoryUsage of job (MB)
	257576  -  ResidentSetSize of job (KB)
...
006 (13926300.020.000) 2021-01-08 09:11:20 Image size of job updated: 338596
	284  -  MemoryUsage of job (MB)
	289892  -  ResidentSetSize of job (KB)
...
006 (13926300.006.000) 2021-01-08 09:11:20 Image size of job updated: 399404
	310  -  MemoryUsage of job (MB)
	316796  -  ResidentSetSize of job (KB)
...
006 (13926300.010.000) 2021-01-08 09:11:20 Image size of job updated: 353344
	262  -  MemoryUsage of job (MB)
	267692  -  ResidentSetSize of job (KB)
...
006 (13926300.004.000) 2021-01-08 09:11:20 Image size of job updated: 267304
	176  -  MemoryUsage of job (MB)
	180016  -  ResidentSetSize of job (KB)
...
006 (13926300.011.000) 2021-01-08 09:11:20 Image size of job updated: 470816
	378  -  MemoryUsage of job (MB)
	386168  -  ResidentSetSize of job (KB)
...
006 (13926300.013.000) 2021-01-08 09:11:20 Image size of job updated: 323016
	232  -  MemoryUsage of job (MB)
	237332  -  ResidentSetSize of job (KB)
...
006 (13926300.018.000) 2021-01-08 09:11:20 Image size of job updated: 329960
	237  -  MemoryUsage of job (MB)
	242668  -  ResidentSetSize of job (KB)
...
006 (13926300.012.000) 2021-01-08 09:11:20 Image size of job updated: 122836
	68  -  MemoryUsage of job (MB)
	69472  -  ResidentSetSize of job (KB)
...
006 (13926300.005.000) 2021-01-08 09:11:20 Image size of job updated: 476544
	383  -  MemoryUsage of job (MB)
	391628  -  ResidentSetSize of job (KB)
...
006 (13926300.005.000) 2021-01-08 09:15:35 Image size of job updated: 11160356
	383  -  MemoryUsage of job (MB)
	391644  -  ResidentSetSize of job (KB)
...
005 (13926300.005.000) 2021-01-08 09:15:35 Job terminated.
	(1) Normal termination (return value 0)
		Usr 0 00:03:48, Sys 0 00:00:11  -  Run Remote Usage
		Usr 0 00:00:00, Sys 0 00:00:00  -  Run Local Usage
		Usr 0 00:03:48, Sys 0 00:00:11  -  Total Remote Usage
		Usr 0 00:00:00, Sys 0 00:00:00  -  Total Local Usage
	0  -  Run Bytes Sent By Job
	0  -  Run Bytes Received By Job
	0  -  Total Bytes Sent By Job
	0  -  Total Bytes Received By Job
	Partitionable Resources :    Usage  Request Allocated 
	   Cpus                 :     0.88        1         1 
	   Disk (KB)            :     1     3584000   4785616 
	   Memory (MB)          :   383        4096      4096 

	Job terminated of its own accord at 2021-01-08T08:15:35Z.
...
006 (13926300.011.000) 2021-01-08 09:15:41 Image size of job updated: 11151492
	378  -  MemoryUsage of job (MB)
	386188  -  ResidentSetSize of job (KB)
...
005 (13926300.011.000) 2021-01-08 09:15:41 Job terminated.
	(1) Normal termination (return value 0)
		Usr 0 00:03:52, Sys 0 00:00:14  -  Run Remote Usage
		Usr 0 00:00:00, Sys 0 00:00:00  -  Run Local Usage
		Usr 0 00:03:52, Sys 0 00:00:14  -  Total Remote Usage
		Usr 0 00:00:00, Sys 0 00:00:00  -  Total Local Usage
	0  -  Run Bytes Sent By Job
	0  -  Run Bytes Received By Job
	0  -  Total Bytes Sent By Job
	0  -  Total Bytes Received By Job
	Partitionable Resources :    Usage  Request Allocated 
	   Cpus                 :     0.86        1         1 
	   Disk (KB)            :     1     3584000   4787046 
	   Memory (MB)          :   378        4096      4096 

	Job terminated of its own accord at 2021-01-08T08:15:41Z.
...
006 (13926300.021.000) 2021-01-08 09:15:41 Image size of job updated: 11256396
	398  -  MemoryUsage of job (MB)
	407388  -  ResidentSetSize of job (KB)
...
005 (13926300.021.000) 2021-01-08 09:15:41 Job terminated.
	(1) Normal termination (return value 0)
		Usr 0 00:03:55, Sys 0 00:00:13  -  Run Remote Usage
		Usr 0 00:00:00, Sys 0 00:00:00  -  Run Local Usage
		Usr 0 00:03:55, Sys 0 00:00:13  -  Total Remote Usage
		Usr 0 00:00:00, Sys 0 00:00:00  -  Total Local Usage
	0  -  Run Bytes Sent By Job
	0  -  Run Bytes Received By Job
	0  -  Total Bytes Sent By Job
	0  -  Total Bytes Received By Job
	Partitionable Resources :    Usage  Request Allocated 
	   Cpus                 :     0.94        1         1 
	   Disk (KB)            :     1     3584000   4781839 
	   Memory (MB)          :   398        4096      4096 

	Job terminated of its own accord at 2021-01-08T08:15:41Z.
...
006 (13926300.019.000) 2021-01-08 09:15:44 Image size of job updated: 11130444
	366  -  MemoryUsage of job (MB)
	374496  -  ResidentSetSize of job (KB)
...
005 (13926300.019.000) 2021-01-08 09:15:44 Job terminated.
	(1) Normal termination (return value 0)
		Usr 0 00:03:58, Sys 0 00:00:14  -  Run Remote Usage
		Usr 0 00:00:00, Sys 0 00:00:00  -  Run Local Usage
		Usr 0 00:03:58, Sys 0 00:00:14  -  Total Remote Usage
		Usr 0 00:00:00, Sys 0 00:00:00  -  Total Local Usage
	0  -  Run Bytes Sent By Job
	0  -  Run Bytes Received By Job
	0  -  Total Bytes Sent By Job
	0  -  Total Bytes Received By Job
	Partitionable Resources :    Usage  Request Allocated 
	   Cpus                 :     0.93        1         1 
	   Disk (KB)            :     1     3584000   3954678 
	   Memory (MB)          :   366        4096      4096 

	Job terminated of its own accord at 2021-01-08T08:15:44Z.
...
006 (13926300.018.000) 2021-01-08 09:15:45 Image size of job updated: 329960
	238  -  MemoryUsage of job (MB)
	242752  -  ResidentSetSize of job (KB)
...
005 (13926300.018.000) 2021-01-08 09:15:45 Job terminated.
	(1) Normal termination (return value 0)
		Usr 0 00:03:58, Sys 0 00:00:10  -  Run Remote Usage
		Usr 0 00:00:00, Sys 0 00:00:00  -  Run Local Usage
		Usr 0 00:03:58, Sys 0 00:00:10  -  Total Remote Usage
		Usr 0 00:00:00, Sys 0 00:00:00  -  Total Local Usage
	0  -  Run Bytes Sent By Job
	0  -  Run Bytes Received By Job
	0  -  Total Bytes Sent By Job
	0  -  Total Bytes Received By Job
	Partitionable Resources :    Usage  Request Allocated 
	   Cpus                 :     0.93        1         1 
	   Disk (KB)            :     1     3584000   4545406 
	   Memory (MB)          :   238        4096      4096 

	Job terminated of its own accord at 2021-01-08T08:15:45Z.
...
006 (13926300.010.000) 2021-01-08 09:15:46 Image size of job updated: 11114196
	262  -  MemoryUsage of job (MB)
	267692  -  ResidentSetSize of job (KB)
...
005 (13926300.010.000) 2021-01-08 09:15:46 Job terminated.
	(1) Normal termination (return value 0)
		Usr 0 00:03:55, Sys 0 00:00:14  -  Run Remote Usage
		Usr 0 00:00:00, Sys 0 00:00:00  -  Run Local Usage
		Usr 0 00:03:55, Sys 0 00:00:14  -  Total Remote Usage
		Usr 0 00:00:00, Sys 0 00:00:00  -  Total Local Usage
	0  -  Run Bytes Sent By Job
	0  -  Run Bytes Received By Job
	0  -  Total Bytes Sent By Job
	0  -  Total Bytes Received By Job
	Partitionable Resources :    Usage  Request Allocated 
	   Cpus                 :     0.93        1         1 
	   Disk (KB)            :     1     3584000   4544386 
	   Memory (MB)          :   262        4096      4096 

	Job terminated of its own accord at 2021-01-08T08:15:46Z.
...
006 (13926300.020.000) 2021-01-08 09:15:47 Image size of job updated: 11174868
	284  -  MemoryUsage of job (MB)
	289916  -  ResidentSetSize of job (KB)
...
005 (13926300.020.000) 2021-01-08 09:15:47 Job terminated.
	(1) Normal termination (return value 0)
		Usr 0 00:03:57, Sys 0 00:00:16  -  Run Remote Usage
		Usr 0 00:00:00, Sys 0 00:00:00  -  Run Local Usage
		Usr 0 00:03:57, Sys 0 00:00:16  -  Total Remote Usage
		Usr 0 00:00:00, Sys 0 00:00:00  -  Total Local Usage
	0  -  Run Bytes Sent By Job
	0  -  Run Bytes Received By Job
	0  -  Total Bytes Sent By Job
	0  -  Total Bytes Received By Job
	Partitionable Resources :    Usage  Request Allocated 
	   Cpus                 :     0.92        1         1 
	   Disk (KB)            :     1     3584000   3957143 
	   Memory (MB)          :   284        4096      4096 

	Job terminated of its own accord at 2021-01-08T08:15:47Z.
...
006 (13926300.023.000) 2021-01-08 09:15:47 Image size of job updated: 12641008
	395  -  MemoryUsage of job (MB)
	403720  -  ResidentSetSize of job (KB)
...
005 (13926300.023.000) 2021-01-08 09:15:47 Job terminated.
	(1) Normal termination (return value 0)
		Usr 0 00:03:59, Sys 0 00:00:15  -  Run Remote Usage
		Usr 0 00:00:00, Sys 0 00:00:00  -  Run Local Usage
		Usr 0 00:03:59, Sys 0 00:00:15  -  Total Remote Usage
		Usr 0 00:00:00, Sys 0 00:00:00  -  Total Local Usage
	0  -  Run Bytes Sent By Job
	0  -  Run Bytes Received By Job
	0  -  Total Bytes Sent By Job
	0  -  Total Bytes Received By Job
	Partitionable Resources :    Usage  Request Allocated 
	   Cpus                 :     0.94        1         1 
	   Disk (KB)            :     1     3584000   3970312 
	   Memory (MB)          :   395        4096      4096 

	Job terminated of its own accord at 2021-01-08T08:15:47Z.
...
006 (13926300.008.000) 2021-01-08 09:15:54 Image size of job updated: 11092872
	332  -  MemoryUsage of job (MB)
	339572  -  ResidentSetSize of job (KB)
...
005 (13926300.008.000) 2021-01-08 09:15:54 Job terminated.
	(1) Normal termination (return value 0)
		Usr 0 00:03:58, Sys 0 00:00:18  -  Run Remote Usage
		Usr 0 00:00:00, Sys 0 00:00:00  -  Run Local Usage
		Usr 0 00:03:58, Sys 0 00:00:18  -  Total Remote Usage
		Usr 0 00:00:00, Sys 0 00:00:00  -  Total Local Usage
	0  -  Run Bytes Sent By Job
	0  -  Run Bytes Received By Job
	0  -  Total Bytes Sent By Job
	0  -  Total Bytes Received By Job
	Partitionable Resources :    Usage  Request Allocated 
	   Cpus                 :     0.91        1         1 
	   Disk (KB)            :     1     3584000   3949088 
	   Memory (MB)          :   332        4096      4096 

	Job terminated of its own accord at 2021-01-08T08:15:54Z.
...
006 (13926300.024.000) 2021-01-08 09:15:54 Image size of job updated: 11091752
	390  -  MemoryUsage of job (MB)
	399180  -  ResidentSetSize of job (KB)
...
005 (13926300.024.000) 2021-01-08 09:15:54 Job terminated.
	(1) Normal termination (return value 0)
		Usr 0 00:03:59, Sys 0 00:00:16  -  Run Remote Usage
		Usr 0 00:00:00, Sys 0 00:00:00  -  Run Local Usage
		Usr 0 00:03:59, Sys 0 00:00:16  -  Total Remote Usage
		Usr 0 00:00:00, Sys 0 00:00:00  -  Total Local Usage
	0  -  Run Bytes Sent By Job
	0  -  Run Bytes Received By Job
	0  -  Total Bytes Sent By Job
	0  -  Total Bytes Received By Job
	Partitionable Resources :    Usage  Request Allocated 
	   Cpus                 :     0.84        1         1 
	   Disk (KB)            :     1     3584000   4536604 
	   Memory (MB)          :   390        4096      4096 

	Job terminated of its own accord at 2021-01-08T08:15:54Z.
...
006 (13926300.007.000) 2021-01-08 09:15:54 Image size of job updated: 11158308
	347  -  MemoryUsage of job (MB)
	354660  -  ResidentSetSize of job (KB)
...
005 (13926300.007.000) 2021-01-08 09:15:54 Job terminated.
	(1) Normal termination (return value 0)
		Usr 0 00:03:57, Sys 0 00:00:15  -  Run Remote Usage
		Usr 0 00:00:00, Sys 0 00:00:00  -  Run Local Usage
		Usr 0 00:03:57, Sys 0 00:00:15  -  Total Remote Usage
		Usr 0 00:00:00, Sys 0 00:00:00  -  Total Local Usage
	0  -  Run Bytes Sent By Job
	0  -  Run Bytes Received By Job
	0  -  Total Bytes Sent By Job
	0  -  Total Bytes Received By Job
	Partitionable Resources :    Usage  Request Allocated 
	   Cpus                 :     0.92        1         1 
	   Disk (KB)            :     1     3584000   4544872 
	   Memory (MB)          :   347        4096      4096 

	Job terminated of its own accord at 2021-01-08T08:15:54Z.
...
006 (13926300.015.000) 2021-01-08 09:15:57 Image size of job updated: 11118612
	338  -  MemoryUsage of job (MB)
	345408  -  ResidentSetSize of job (KB)
...
005 (13926300.015.000) 2021-01-08 09:15:57 Job terminated.
	(1) Normal termination (return value 0)
		Usr 0 00:04:04, Sys 0 00:00:15  -  Run Remote Usage
		Usr 0 00:00:00, Sys 0 00:00:00  -  Run Local Usage
		Usr 0 00:04:04, Sys 0 00:00:15  -  Total Remote Usage
		Usr 0 00:00:00, Sys 0 00:00:00  -  Total Local Usage
	0  -  Run Bytes Sent By Job
	0  -  Run Bytes Received By Job
	0  -  Total Bytes Sent By Job
	0  -  Total Bytes Received By Job
	Partitionable Resources :    Usage  Request Allocated 
	   Cpus                 :     0.92        1         1 
	   Disk (KB)            :     1     3584000   4551529 
	   Memory (MB)          :   338        4096      4096 

	Job terminated of its own accord at 2021-01-08T08:15:57Z.
...
006 (13926300.013.000) 2021-01-08 09:15:57 Image size of job updated: 11283908
	232  -  MemoryUsage of job (MB)
	237376  -  ResidentSetSize of job (KB)
...
005 (13926300.013.000) 2021-01-08 09:15:57 Job terminated.
	(1) Normal termination (return value 0)
		Usr 0 00:04:00, Sys 0 00:00:18  -  Run Remote Usage
		Usr 0 00:00:00, Sys 0 00:00:00  -  Run Local Usage
		Usr 0 00:04:00, Sys 0 00:00:18  -  Total Remote Usage
		Usr 0 00:00:00, Sys 0 00:00:00  -  Total Local Usage
	0  -  Run Bytes Sent By Job
	0  -  Run Bytes Received By Job
	0  -  Total Bytes Sent By Job
	0  -  Total Bytes Received By Job
	Partitionable Resources :    Usage  Request Allocated 
	   Cpus                 :     0.92        1         1 
	   Disk (KB)            :     1     3584000   3954587 
	   Memory (MB)          :   232        4096      4096 

	Job terminated of its own accord at 2021-01-08T08:15:57Z.
...
006 (13926300.017.000) 2021-01-08 09:16:01 Image size of job updated: 11156020
	252  -  MemoryUsage of job (MB)
	257620  -  ResidentSetSize of job (KB)
...
005 (13926300.017.000) 2021-01-08 09:16:01 Job terminated.
	(1) Normal termination (return value 0)
		Usr 0 00:04:01, Sys 0 00:00:20  -  Run Remote Usage
		Usr 0 00:00:00, Sys 0 00:00:00  -  Run Local Usage
		Usr 0 00:04:01, Sys 0 00:00:20  -  Total Remote Usage
		Usr 0 00:00:00, Sys 0 00:00:00  -  Total Local Usage
	0  -  Run Bytes Sent By Job
	0  -  Run Bytes Received By Job
	0  -  Total Bytes Sent By Job
	0  -  Total Bytes Received By Job
	Partitionable Resources :    Usage  Request Allocated 
	   Cpus                 :     0.92        1         1 
	   Disk (KB)            :     1     3584000   3955591 
	   Memory (MB)          :   252        4096      4096 

	Job terminated of its own accord at 2021-01-08T08:16:01Z.
...
006 (13926300.009.000) 2021-01-08 09:16:01 Image size of job updated: 11057808
	417  -  MemoryUsage of job (MB)
	425996  -  ResidentSetSize of job (KB)
...
005 (13926300.009.000) 2021-01-08 09:16:01 Job terminated.
	(1) Normal termination (return value 0)
		Usr 0 00:04:01, Sys 0 00:00:20  -  Run Remote Usage
		Usr 0 00:00:00, Sys 0 00:00:00  -  Run Local Usage
		Usr 0 00:04:01, Sys 0 00:00:20  -  Total Remote Usage
		Usr 0 00:00:00, Sys 0 00:00:00  -  Total Local Usage
	0  -  Run Bytes Sent By Job
	0  -  Run Bytes Received By Job
	0  -  Total Bytes Sent By Job
	0  -  Total Bytes Received By Job
	Partitionable Resources :    Usage  Request Allocated 
	   Cpus                 :     0.92        1         1 
	   Disk (KB)            :     1     3584000   4791518 
	   Memory (MB)          :   417        4096      4096 

	Job terminated of its own accord at 2021-01-08T08:16:01Z.
...
006 (13926300.002.000) 2021-01-08 09:16:01 Image size of job updated: 11147504
	224  -  MemoryUsage of job (MB)
	229048  -  ResidentSetSize of job (KB)
...
005 (13926300.002.000) 2021-01-08 09:16:01 Job terminated.
	(1) Normal termination (return value 0)
		Usr 0 00:04:00, Sys 0 00:00:23  -  Run Remote Usage
		Usr 0 00:00:00, Sys 0 00:00:00  -  Run Local Usage
		Usr 0 00:04:00, Sys 0 00:00:23  -  Total Remote Usage
		Usr 0 00:00:00, Sys 0 00:00:00  -  Total Local Usage
	0  -  Run Bytes Sent By Job
	0  -  Run Bytes Received By Job
	0  -  Total Bytes Sent By Job
	0  -  Total Bytes Received By Job
	Partitionable Resources :    Usage  Request Allocated 
	   Cpus                 :     0.94        1         1 
	   Disk (KB)            :     1     3584000   3955893 
	   Memory (MB)          :   224        4096      4096 

	Job terminated of its own accord at 2021-01-08T08:16:01Z.
...
006 (13926300.003.000) 2021-01-08 09:16:06 Image size of job updated: 8511960
	324  -  MemoryUsage of job (MB)
	331280  -  ResidentSetSize of job (KB)
...
005 (13926300.003.000) 2021-01-08 09:16:06 Job terminated.
	(1) Normal termination (return value 0)
		Usr 0 00:04:03, Sys 0 00:00:17  -  Run Remote Usage
		Usr 0 00:00:00, Sys 0 00:00:00  -  Run Local Usage
		Usr 0 00:04:03, Sys 0 00:00:17  -  Total Remote Usage
		Usr 0 00:00:00, Sys 0 00:00:00  -  Total Local Usage
	0  -  Run Bytes Sent By Job
	0  -  Run Bytes Received By Job
	0  -  Total Bytes Sent By Job
	0  -  Total Bytes Received By Job
	Partitionable Resources :    Usage  Request Allocated 
	   Cpus                 :     0.79        1         1 
	   Disk (KB)            :     1     3584000   3994110 
	   Memory (MB)          :   324        4096      4096 

	Job terminated of its own accord at 2021-01-08T08:16:06Z.
...
006 (13926300.022.000) 2021-01-08 09:16:07 Image size of job updated: 4411748
	421  -  MemoryUsage of job (MB)
	430124  -  ResidentSetSize of job (KB)
...
005 (13926300.022.000) 2021-01-08 09:16:07 Job terminated.
	(1) Normal termination (return value 0)
		Usr 0 00:04:00, Sys 0 00:00:18  -  Run Remote Usage
		Usr 0 00:00:00, Sys 0 00:00:00  -  Run Local Usage
		Usr 0 00:04:00, Sys 0 00:00:18  -  Total Remote Usage
		Usr 0 00:00:00, Sys 0 00:00:00  -  Total Local Usage
	0  -  Run Bytes Sent By Job
	0  -  Run Bytes Received By Job
	0  -  Total Bytes Sent By Job
	0  -  Total Bytes Received By Job
	Partitionable Resources :    Usage  Request Allocated 
	   Cpus                 :     0.55        1         1 
	   Disk (KB)            :     1     3584000   4425482 
	   Memory (MB)          :   421        4096      4096 

	Job terminated of its own accord at 2021-01-08T08:16:07Z.
...
006 (13926300.012.000) 2021-01-08 09:16:08 Image size of job updated: 11164316
	68  -  MemoryUsage of job (MB)
	69484  -  ResidentSetSize of job (KB)
...
005 (13926300.012.000) 2021-01-08 09:16:09 Job terminated.
	(1) Normal termination (return value 0)
		Usr 0 00:04:02, Sys 0 00:00:19  -  Run Remote Usage
		Usr 0 00:00:00, Sys 0 00:00:00  -  Run Local Usage
		Usr 0 00:04:02, Sys 0 00:00:19  -  Total Remote Usage
		Usr 0 00:00:00, Sys 0 00:00:00  -  Total Local Usage
	0  -  Run Bytes Sent By Job
	0  -  Run Bytes Received By Job
	0  -  Total Bytes Sent By Job
	0  -  Total Bytes Received By Job
	Partitionable Resources :    Usage  Request Allocated 
	   Cpus                 :     0.92        1         1 
	   Disk (KB)            :     1     3584000   4783736 
	   Memory (MB)          :    68        4096      4096 

	Job terminated of its own accord at 2021-01-08T08:16:08Z.
...
006 (13926300.004.000) 2021-01-08 09:16:10 Image size of job updated: 12707184
	176  -  MemoryUsage of job (MB)
	180096  -  ResidentSetSize of job (KB)
...
005 (13926300.004.000) 2021-01-08 09:16:10 Job terminated.
	(1) Normal termination (return value 0)
		Usr 0 00:03:56, Sys 0 00:00:14  -  Run Remote Usage
		Usr 0 00:00:00, Sys 0 00:00:00  -  Run Local Usage
		Usr 0 00:03:56, Sys 0 00:00:14  -  Total Remote Usage
		Usr 0 00:00:00, Sys 0 00:00:00  -  Total Local Usage
	0  -  Run Bytes Sent By Job
	0  -  Run Bytes Received By Job
	0  -  Total Bytes Sent By Job
	0  -  Total Bytes Received By Job
	Partitionable Resources :    Usage  Request Allocated 
	   Cpus                 :     0.84        1         1 
	   Disk (KB)            :     1     3584000   4536963 
	   Memory (MB)          :   176        4096      4096 

	Job terminated of its own accord at 2021-01-08T08:16:10Z.
...
006 (13926300.014.000) 2021-01-08 09:16:13 Image size of job updated: 12704152
	283  -  MemoryUsage of job (MB)
	288964  -  ResidentSetSize of job (KB)
...
005 (13926300.014.000) 2021-01-08 09:16:13 Job terminated.
	(1) Normal termination (return value 0)
		Usr 0 00:04:02, Sys 0 00:00:13  -  Run Remote Usage
		Usr 0 00:00:00, Sys 0 00:00:00  -  Run Local Usage
		Usr 0 00:04:02, Sys 0 00:00:13  -  Total Remote Usage
		Usr 0 00:00:00, Sys 0 00:00:00  -  Total Local Usage
	0  -  Run Bytes Sent By Job
	0  -  Run Bytes Received By Job
	0  -  Total Bytes Sent By Job
	0  -  Total Bytes Received By Job
	Partitionable Resources :    Usage  Request Allocated 
	   Cpus                 :     0.37        1         1 
	   Disk (KB)            :     1     3584000   3988330 
	   Memory (MB)          :   283        4096      4096 

	Job terminated of its own accord at 2021-01-08T08:16:13Z.
...
006 (13926300.016.000) 2021-01-08 09:16:19 Image size of job updated: 7768052
	7227  -  MemoryUsage of job (MB)
	7400012  -  ResidentSetSize of job (KB)
...
006 (13926300.001.000) 2021-01-08 09:16:19 Image size of job updated: 11171260
	5786  -  MemoryUsage of job (MB)
	5924564  -  ResidentSetSize of job (KB)
...
006 (13926300.000.000) 2021-01-08 09:16:19 Image size of job updated: 10142364
	4965  -  MemoryUsage of job (MB)
	5083684  -  ResidentSetSize of job (KB)
...
006 (13926300.006.000) 2021-01-08 09:16:21 Image size of job updated: 10135196
	5110  -  MemoryUsage of job (MB)
	5232512  -  ResidentSetSize of job (KB)
...
006 (13926300.001.000) 2021-01-08 09:16:26 Image size of job updated: 11173212
	5786  -  MemoryUsage of job (MB)
	5924568  -  ResidentSetSize of job (KB)
...
005 (13926300.001.000) 2021-01-08 09:16:26 Job terminated.
	(1) Normal termination (return value 0)
		Usr 0 00:04:06, Sys 0 00:00:13  -  Run Remote Usage
		Usr 0 00:00:00, Sys 0 00:00:00  -  Run Local Usage
		Usr 0 00:04:06, Sys 0 00:00:13  -  Total Remote Usage
		Usr 0 00:00:00, Sys 0 00:00:00  -  Total Local Usage
	0  -  Run Bytes Sent By Job
	0  -  Run Bytes Received By Job
	0  -  Total Bytes Sent By Job
	0  -  Total Bytes Received By Job
	Partitionable Resources :    Usage  Request Allocated 
	   Cpus                 :     0.91        1         1 
	   Disk (KB)            :     1     3584000   3849684 
	   Memory (MB)          :  5786        4096      4096 

	Job terminated of its own accord at 2021-01-08T08:16:26Z.
...
006 (13926300.006.000) 2021-01-08 09:17:03 Image size of job updated: 11198736
	5111  -  MemoryUsage of job (MB)
	5232932  -  ResidentSetSize of job (KB)
...
005 (13926300.006.000) 2021-01-08 09:17:03 Job terminated.
	(1) Normal termination (return value 0)
		Usr 0 00:04:06, Sys 0 00:00:16  -  Run Remote Usage
		Usr 0 00:00:00, Sys 0 00:00:00  -  Run Local Usage
		Usr 0 00:04:06, Sys 0 00:00:16  -  Total Remote Usage
		Usr 0 00:00:00, Sys 0 00:00:00  -  Total Local Usage
	0  -  Run Bytes Sent By Job
	0  -  Run Bytes Received By Job
	0  -  Total Bytes Sent By Job
	0  -  Total Bytes Received By Job
	Partitionable Resources :    Usage  Request Allocated 
	   Cpus                 :     0.89        1         1 
	   Disk (KB)            :     1     3584000   3822765 
	   Memory (MB)          :  5111        4096      4096 

	Job terminated of its own accord at 2021-01-08T08:17:03Z.
...
006 (13926300.000.000) 2021-01-08 09:17:07 Image size of job updated: 11164848
	4965  -  MemoryUsage of job (MB)
	5083684  -  ResidentSetSize of job (KB)
...
005 (13926300.000.000) 2021-01-08 09:17:07 Job terminated.
	(1) Normal termination (return value 0)
		Usr 0 00:04:09, Sys 0 00:00:18  -  Run Remote Usage
		Usr 0 00:00:00, Sys 0 00:00:00  -  Run Local Usage
		Usr 0 00:04:09, Sys 0 00:00:18  -  Total Remote Usage
		Usr 0 00:00:00, Sys 0 00:00:00  -  Total Local Usage
	0  -  Run Bytes Sent By Job
	0  -  Run Bytes Received By Job
	0  -  Total Bytes Sent By Job
	0  -  Total Bytes Received By Job
	Partitionable Resources :    Usage  Request Allocated 
	   Cpus                 :     0.88        1         1 
	   Disk (KB)            :     1     3584000   3849684 
	   Memory (MB)          :  4965        4096      4096 

	Job terminated of its own accord at 2021-01-08T08:17:07Z.
...
005 (13926300.016.000) 2021-01-08 09:18:19 Job terminated.
	(1) Normal termination (return value 0)
		Usr 0 00:04:03, Sys 0 00:00:27  -  Run Remote Usage
		Usr 0 00:00:00, Sys 0 00:00:00  -  Run Local Usage
		Usr 0 00:04:03, Sys 0 00:00:27  -  Total Remote Usage
		Usr 0 00:00:00, Sys 0 00:00:00  -  Total Local Usage
	0  -  Run Bytes Sent By Job
	0  -  Run Bytes Received By Job
	0  -  Total Bytes Sent By Job
	0  -  Total Bytes Received By Job
	Partitionable Resources :    Usage  Request Allocated 
	   Cpus                 :     0.04        1         1 
	   Disk (KB)            :     1     3584000   4784766 
	   Memory (MB)          :  7227        4096      4096 

	Job terminated of its own accord at 2021-01-08T08:18:19Z.
...
