000 (13901888.000.000) 2021-01-07 12:19:34 Job submitted from host: <131.169.223.42:9618?addrs=131.169.223.42-9618+[2001-638-700-10df--1-2a]-9618&alias=bird-htc-sched14.desy.de&noUDP&sock=schedd_1936_8371_3>
...
000 (13901888.001.000) 2021-01-07 12:19:34 Job submitted from host: <131.169.223.42:9618?addrs=131.169.223.42-9618+[2001-638-700-10df--1-2a]-9618&alias=bird-htc-sched14.desy.de&noUDP&sock=schedd_1936_8371_3>
...
000 (13901888.002.000) 2021-01-07 12:19:34 Job submitted from host: <131.169.223.42:9618?addrs=131.169.223.42-9618+[2001-638-700-10df--1-2a]-9618&alias=bird-htc-sched14.desy.de&noUDP&sock=schedd_1936_8371_3>
...
000 (13901888.003.000) 2021-01-07 12:19:34 Job submitted from host: <131.169.223.42:9618?addrs=131.169.223.42-9618+[2001-638-700-10df--1-2a]-9618&alias=bird-htc-sched14.desy.de&noUDP&sock=schedd_1936_8371_3>
...
000 (13901888.004.000) 2021-01-07 12:19:34 Job submitted from host: <131.169.223.42:9618?addrs=131.169.223.42-9618+[2001-638-700-10df--1-2a]-9618&alias=bird-htc-sched14.desy.de&noUDP&sock=schedd_1936_8371_3>
...
000 (13901888.005.000) 2021-01-07 12:19:34 Job submitted from host: <131.169.223.42:9618?addrs=131.169.223.42-9618+[2001-638-700-10df--1-2a]-9618&alias=bird-htc-sched14.desy.de&noUDP&sock=schedd_1936_8371_3>
...
000 (13901888.006.000) 2021-01-07 12:19:34 Job submitted from host: <131.169.223.42:9618?addrs=131.169.223.42-9618+[2001-638-700-10df--1-2a]-9618&alias=bird-htc-sched14.desy.de&noUDP&sock=schedd_1936_8371_3>
...
000 (13901888.007.000) 2021-01-07 12:19:34 Job submitted from host: <131.169.223.42:9618?addrs=131.169.223.42-9618+[2001-638-700-10df--1-2a]-9618&alias=bird-htc-sched14.desy.de&noUDP&sock=schedd_1936_8371_3>
...
000 (13901888.008.000) 2021-01-07 12:19:34 Job submitted from host: <131.169.223.42:9618?addrs=131.169.223.42-9618+[2001-638-700-10df--1-2a]-9618&alias=bird-htc-sched14.desy.de&noUDP&sock=schedd_1936_8371_3>
...
000 (13901888.009.000) 2021-01-07 12:19:34 Job submitted from host: <131.169.223.42:9618?addrs=131.169.223.42-9618+[2001-638-700-10df--1-2a]-9618&alias=bird-htc-sched14.desy.de&noUDP&sock=schedd_1936_8371_3>
...
000 (13901888.010.000) 2021-01-07 12:19:34 Job submitted from host: <131.169.223.42:9618?addrs=131.169.223.42-9618+[2001-638-700-10df--1-2a]-9618&alias=bird-htc-sched14.desy.de&noUDP&sock=schedd_1936_8371_3>
...
000 (13901888.011.000) 2021-01-07 12:19:34 Job submitted from host: <131.169.223.42:9618?addrs=131.169.223.42-9618+[2001-638-700-10df--1-2a]-9618&alias=bird-htc-sched14.desy.de&noUDP&sock=schedd_1936_8371_3>
...
000 (13901888.012.000) 2021-01-07 12:19:34 Job submitted from host: <131.169.223.42:9618?addrs=131.169.223.42-9618+[2001-638-700-10df--1-2a]-9618&alias=bird-htc-sched14.desy.de&noUDP&sock=schedd_1936_8371_3>
...
000 (13901888.013.000) 2021-01-07 12:19:34 Job submitted from host: <131.169.223.42:9618?addrs=131.169.223.42-9618+[2001-638-700-10df--1-2a]-9618&alias=bird-htc-sched14.desy.de&noUDP&sock=schedd_1936_8371_3>
...
000 (13901888.014.000) 2021-01-07 12:19:34 Job submitted from host: <131.169.223.42:9618?addrs=131.169.223.42-9618+[2001-638-700-10df--1-2a]-9618&alias=bird-htc-sched14.desy.de&noUDP&sock=schedd_1936_8371_3>
...
000 (13901888.015.000) 2021-01-07 12:19:34 Job submitted from host: <131.169.223.42:9618?addrs=131.169.223.42-9618+[2001-638-700-10df--1-2a]-9618&alias=bird-htc-sched14.desy.de&noUDP&sock=schedd_1936_8371_3>
...
000 (13901888.016.000) 2021-01-07 12:19:34 Job submitted from host: <131.169.223.42:9618?addrs=131.169.223.42-9618+[2001-638-700-10df--1-2a]-9618&alias=bird-htc-sched14.desy.de&noUDP&sock=schedd_1936_8371_3>
...
000 (13901888.017.000) 2021-01-07 12:19:34 Job submitted from host: <131.169.223.42:9618?addrs=131.169.223.42-9618+[2001-638-700-10df--1-2a]-9618&alias=bird-htc-sched14.desy.de&noUDP&sock=schedd_1936_8371_3>
...
000 (13901888.018.000) 2021-01-07 12:19:34 Job submitted from host: <131.169.223.42:9618?addrs=131.169.223.42-9618+[2001-638-700-10df--1-2a]-9618&alias=bird-htc-sched14.desy.de&noUDP&sock=schedd_1936_8371_3>
...
000 (13901888.019.000) 2021-01-07 12:19:34 Job submitted from host: <131.169.223.42:9618?addrs=131.169.223.42-9618+[2001-638-700-10df--1-2a]-9618&alias=bird-htc-sched14.desy.de&noUDP&sock=schedd_1936_8371_3>
...
000 (13901888.020.000) 2021-01-07 12:19:34 Job submitted from host: <131.169.223.42:9618?addrs=131.169.223.42-9618+[2001-638-700-10df--1-2a]-9618&alias=bird-htc-sched14.desy.de&noUDP&sock=schedd_1936_8371_3>
...
000 (13901888.021.000) 2021-01-07 12:19:34 Job submitted from host: <131.169.223.42:9618?addrs=131.169.223.42-9618+[2001-638-700-10df--1-2a]-9618&alias=bird-htc-sched14.desy.de&noUDP&sock=schedd_1936_8371_3>
...
000 (13901888.022.000) 2021-01-07 12:19:34 Job submitted from host: <131.169.223.42:9618?addrs=131.169.223.42-9618+[2001-638-700-10df--1-2a]-9618&alias=bird-htc-sched14.desy.de&noUDP&sock=schedd_1936_8371_3>
...
000 (13901888.023.000) 2021-01-07 12:19:34 Job submitted from host: <131.169.223.42:9618?addrs=131.169.223.42-9618+[2001-638-700-10df--1-2a]-9618&alias=bird-htc-sched14.desy.de&noUDP&sock=schedd_1936_8371_3>
...
000 (13901888.024.000) 2021-01-07 12:19:34 Job submitted from host: <131.169.223.42:9618?addrs=131.169.223.42-9618+[2001-638-700-10df--1-2a]-9618&alias=bird-htc-sched14.desy.de&noUDP&sock=schedd_1936_8371_3>
...
001 (13901888.003.000) 2021-01-07 12:21:03 Job executing on host: <131.169.163.133:37103?addrs=131.169.163.133-37103&alias=bird694.desy.de>
...
001 (13901888.004.000) 2021-01-07 12:21:03 Job executing on host: <131.169.77.227:38205?addrs=131.169.77.227-38205&alias=bird781.desy.de>
...
001 (13901888.011.000) 2021-01-07 12:21:03 Job executing on host: <131.169.164.22:40895?addrs=131.169.164.22-40895&alias=bird822.desy.de>
...
001 (13901888.013.000) 2021-01-07 12:21:03 Job executing on host: <131.169.164.21:40060?addrs=131.169.164.21-40060&alias=bird821.desy.de>
...
001 (13901888.000.000) 2021-01-07 12:21:03 Job executing on host: <131.169.77.211:39631?addrs=131.169.77.211-39631&alias=bird765.desy.de>
...
001 (13901888.012.000) 2021-01-07 12:21:03 Job executing on host: <131.169.164.55:35221?addrs=131.169.164.55-35221&alias=bird855.desy.de>
...
001 (13901888.014.000) 2021-01-07 12:21:03 Job executing on host: <131.169.77.40:41738?addrs=131.169.77.40-41738&alias=bird558.desy.de>
...
001 (13901888.019.000) 2021-01-07 12:21:03 Job executing on host: <131.169.77.227:38205?addrs=131.169.77.227-38205&alias=bird781.desy.de>
...
001 (13901888.020.000) 2021-01-07 12:21:03 Job executing on host: <131.169.164.33:40802?addrs=131.169.164.33-40802&alias=bird833.desy.de>
...
001 (13901888.015.000) 2021-01-07 12:21:03 Job executing on host: <131.169.77.59:39263?addrs=131.169.77.59-39263&alias=bird577.desy.de>
...
001 (13901888.021.000) 2021-01-07 12:21:03 Job executing on host: <131.169.77.221:40635?addrs=131.169.77.221-40635&alias=bird775.desy.de>
...
001 (13901888.018.000) 2021-01-07 12:21:03 Job executing on host: <131.169.163.133:37103?addrs=131.169.163.133-37103&alias=bird694.desy.de>
...
001 (13901888.022.000) 2021-01-07 12:21:03 Job executing on host: <131.169.163.136:34922?addrs=131.169.163.136-34922&alias=bird697.desy.de>
...
001 (13901888.016.000) 2021-01-07 12:21:03 Job executing on host: <131.169.77.42:37955?addrs=131.169.77.42-37955&alias=bird560.desy.de>
...
001 (13901888.023.000) 2021-01-07 12:21:03 Job executing on host: <131.169.164.54:42626?addrs=131.169.164.54-42626>
...
001 (13901888.024.000) 2021-01-07 12:21:03 Job executing on host: <131.169.77.33:42882?addrs=131.169.77.33-42882&alias=bird551.desy.de>
...
001 (13901888.001.000) 2021-01-07 12:21:04 Job executing on host: <131.169.164.21:40060?addrs=131.169.164.21-40060&alias=bird821.desy.de>
...
001 (13901888.008.000) 2021-01-07 12:21:04 Job executing on host: <131.169.77.40:41738?addrs=131.169.77.40-41738&alias=bird558.desy.de>
...
001 (13901888.005.000) 2021-01-07 12:21:04 Job executing on host: <131.169.164.33:40802?addrs=131.169.164.33-40802&alias=bird833.desy.de>
...
001 (13901888.006.000) 2021-01-07 12:21:04 Job executing on host: <131.169.77.221:40635?addrs=131.169.77.221-40635&alias=bird775.desy.de>
...
001 (13901888.002.000) 2021-01-07 12:21:04 Job executing on host: <131.169.164.9:43239?addrs=131.169.164.9-43239&alias=bird809.desy.de>
...
001 (13901888.010.000) 2021-01-07 12:21:04 Job executing on host: <131.169.164.54:42626?addrs=131.169.164.54-42626>
...
001 (13901888.009.000) 2021-01-07 12:21:04 Job executing on host: <131.169.163.136:34922?addrs=131.169.163.136-34922&alias=bird697.desy.de>
...
001 (13901888.017.000) 2021-01-07 12:21:04 Job executing on host: <131.169.164.9:43239?addrs=131.169.164.9-43239&alias=bird809.desy.de>
...
001 (13901888.007.000) 2021-01-07 12:21:04 Job executing on host: <131.169.77.60:43707?addrs=131.169.77.60-43707&alias=bird578.desy.de>
...
006 (13901888.023.000) 2021-01-07 12:21:12 Image size of job updated: 187412
	175  -  MemoryUsage of job (MB)
	178368  -  ResidentSetSize of job (KB)
...
006 (13901888.024.000) 2021-01-07 12:21:12 Image size of job updated: 213204
	201  -  MemoryUsage of job (MB)
	205536  -  ResidentSetSize of job (KB)
...
006 (13901888.004.000) 2021-01-07 12:21:12 Image size of job updated: 358952
	341  -  MemoryUsage of job (MB)
	348808  -  ResidentSetSize of job (KB)
...
006 (13901888.003.000) 2021-01-07 12:21:12 Image size of job updated: 431068
	378  -  MemoryUsage of job (MB)
	386160  -  ResidentSetSize of job (KB)
...
006 (13901888.011.000) 2021-01-07 12:21:12 Image size of job updated: 438832
	388  -  MemoryUsage of job (MB)
	397108  -  ResidentSetSize of job (KB)
...
006 (13901888.013.000) 2021-01-07 12:21:12 Image size of job updated: 328324
	311  -  MemoryUsage of job (MB)
	318204  -  ResidentSetSize of job (KB)
...
006 (13901888.000.000) 2021-01-07 12:21:12 Image size of job updated: 417896
	371  -  MemoryUsage of job (MB)
	379096  -  ResidentSetSize of job (KB)
...
006 (13901888.012.000) 2021-01-07 12:21:12 Image size of job updated: 292272
	253  -  MemoryUsage of job (MB)
	258420  -  ResidentSetSize of job (KB)
...
006 (13901888.014.000) 2021-01-07 12:21:12 Image size of job updated: 166696
	152  -  MemoryUsage of job (MB)
	154792  -  ResidentSetSize of job (KB)
...
006 (13901888.019.000) 2021-01-07 12:21:12 Image size of job updated: 378420
	350  -  MemoryUsage of job (MB)
	357948  -  ResidentSetSize of job (KB)
...
006 (13901888.020.000) 2021-01-07 12:21:12 Image size of job updated: 236384
	217  -  MemoryUsage of job (MB)
	221188  -  ResidentSetSize of job (KB)
...
006 (13901888.015.000) 2021-01-07 12:21:12 Image size of job updated: 266800
	251  -  MemoryUsage of job (MB)
	256352  -  ResidentSetSize of job (KB)
...
006 (13901888.021.000) 2021-01-07 12:21:12 Image size of job updated: 309500
	298  -  MemoryUsage of job (MB)
	304892  -  ResidentSetSize of job (KB)
...
006 (13901888.018.000) 2021-01-07 12:21:12 Image size of job updated: 434688
	389  -  MemoryUsage of job (MB)
	397684  -  ResidentSetSize of job (KB)
...
006 (13901888.022.000) 2021-01-07 12:21:12 Image size of job updated: 291328
	281  -  MemoryUsage of job (MB)
	287272  -  ResidentSetSize of job (KB)
...
006 (13901888.016.000) 2021-01-07 12:21:13 Image size of job updated: 195616
	174  -  MemoryUsage of job (MB)
	177524  -  ResidentSetSize of job (KB)
...
006 (13901888.001.000) 2021-01-07 12:21:13 Image size of job updated: 406836
	345  -  MemoryUsage of job (MB)
	352600  -  ResidentSetSize of job (KB)
...
006 (13901888.008.000) 2021-01-07 12:21:13 Image size of job updated: 171032
	160  -  MemoryUsage of job (MB)
	163008  -  ResidentSetSize of job (KB)
...
006 (13901888.005.000) 2021-01-07 12:21:13 Image size of job updated: 271400
	248  -  MemoryUsage of job (MB)
	253040  -  ResidentSetSize of job (KB)
...
006 (13901888.006.000) 2021-01-07 12:21:13 Image size of job updated: 381632
	322  -  MemoryUsage of job (MB)
	329604  -  ResidentSetSize of job (KB)
...
006 (13901888.002.000) 2021-01-07 12:21:13 Image size of job updated: 389552
	331  -  MemoryUsage of job (MB)
	338540  -  ResidentSetSize of job (KB)
...
006 (13901888.010.000) 2021-01-07 12:21:13 Image size of job updated: 248560
	233  -  MemoryUsage of job (MB)
	238092  -  ResidentSetSize of job (KB)
...
006 (13901888.017.000) 2021-01-07 12:21:13 Image size of job updated: 382180
	338  -  MemoryUsage of job (MB)
	345900  -  ResidentSetSize of job (KB)
...
006 (13901888.009.000) 2021-01-07 12:21:13 Image size of job updated: 333192
	311  -  MemoryUsage of job (MB)
	317940  -  ResidentSetSize of job (KB)
...
006 (13901888.007.000) 2021-01-07 12:21:13 Image size of job updated: 210812
	193  -  MemoryUsage of job (MB)
	197524  -  ResidentSetSize of job (KB)
...
006 (13901888.024.000) 2021-01-07 12:26:12 Image size of job updated: 7821196
	6732  -  MemoryUsage of job (MB)
	6892780  -  ResidentSetSize of job (KB)
...
006 (13901888.023.000) 2021-01-07 12:26:12 Image size of job updated: 10346024
	9182  -  MemoryUsage of job (MB)
	9401852  -  ResidentSetSize of job (KB)
...
006 (13901888.013.000) 2021-01-07 12:26:13 Image size of job updated: 9924112
	4658  -  MemoryUsage of job (MB)
	4769024  -  ResidentSetSize of job (KB)
...
006 (13901888.012.000) 2021-01-07 12:26:13 Image size of job updated: 10993044
	6911  -  MemoryUsage of job (MB)
	7075904  -  ResidentSetSize of job (KB)
...
006 (13901888.019.000) 2021-01-07 12:26:13 Image size of job updated: 8702216
	8277  -  MemoryUsage of job (MB)
	8475588  -  ResidentSetSize of job (KB)
...
006 (13901888.018.000) 2021-01-07 12:26:13 Image size of job updated: 10791500
	10485  -  MemoryUsage of job (MB)
	10736268  -  ResidentSetSize of job (KB)
...
006 (13901888.016.000) 2021-01-07 12:26:13 Image size of job updated: 7516860
	6182  -  MemoryUsage of job (MB)
	6330360  -  ResidentSetSize of job (KB)
...
006 (13901888.020.000) 2021-01-07 12:26:13 Image size of job updated: 10133564
	8791  -  MemoryUsage of job (MB)
	9001224  -  ResidentSetSize of job (KB)
...
006 (13901888.021.000) 2021-01-07 12:26:13 Image size of job updated: 10390004
	9890  -  MemoryUsage of job (MB)
	10126992  -  ResidentSetSize of job (KB)
...
006 (13901888.022.000) 2021-01-07 12:26:13 Image size of job updated: 10475840
	9260  -  MemoryUsage of job (MB)
	9482012  -  ResidentSetSize of job (KB)
...
006 (13901888.000.000) 2021-01-07 12:26:13 Image size of job updated: 8284996
	7393  -  MemoryUsage of job (MB)
	7570020  -  ResidentSetSize of job (KB)
...
006 (13901888.014.000) 2021-01-07 12:26:13 Image size of job updated: 5672844
	5292  -  MemoryUsage of job (MB)
	5418084  -  ResidentSetSize of job (KB)
...
006 (13901888.004.000) 2021-01-07 12:26:13 Image size of job updated: 9432444
	9181  -  MemoryUsage of job (MB)
	9400512  -  ResidentSetSize of job (KB)
...
006 (13901888.003.000) 2021-01-07 12:26:13 Image size of job updated: 10544436
	10295  -  MemoryUsage of job (MB)
	10541416  -  ResidentSetSize of job (KB)
...
006 (13901888.011.000) 2021-01-07 12:26:14 Image size of job updated: 10013660
	9779  -  MemoryUsage of job (MB)
	10013160  -  ResidentSetSize of job (KB)
...
006 (13901888.005.000) 2021-01-07 12:26:14 Image size of job updated: 10777752
	8811  -  MemoryUsage of job (MB)
	9021444  -  ResidentSetSize of job (KB)
...
006 (13901888.010.000) 2021-01-07 12:26:14 Image size of job updated: 10392016
	9126  -  MemoryUsage of job (MB)
	9344868  -  ResidentSetSize of job (KB)
...
006 (13901888.002.000) 2021-01-07 12:26:14 Image size of job updated: 10998752
	8761  -  MemoryUsage of job (MB)
	8970488  -  ResidentSetSize of job (KB)
...
006 (13901888.006.000) 2021-01-07 12:26:14 Image size of job updated: 10531684
	9780  -  MemoryUsage of job (MB)
	10014576  -  ResidentSetSize of job (KB)
...
006 (13901888.009.000) 2021-01-07 12:26:14 Image size of job updated: 10095752
	9214  -  MemoryUsage of job (MB)
	9435116  -  ResidentSetSize of job (KB)
...
006 (13901888.017.000) 2021-01-07 12:26:14 Image size of job updated: 10962892
	8504  -  MemoryUsage of job (MB)
	8707524  -  ResidentSetSize of job (KB)
...
006 (13901888.007.000) 2021-01-07 12:26:14 Image size of job updated: 6567836
	5547  -  MemoryUsage of job (MB)
	5679868  -  ResidentSetSize of job (KB)
...
006 (13901888.015.000) 2021-01-07 12:26:14 Image size of job updated: 8510828
	6975  -  MemoryUsage of job (MB)
	7141684  -  ResidentSetSize of job (KB)
...
006 (13901888.001.000) 2021-01-07 12:26:14 Image size of job updated: 10032040
	4571  -  MemoryUsage of job (MB)
	4680676  -  ResidentSetSize of job (KB)
...
006 (13901888.008.000) 2021-01-07 12:26:15 Image size of job updated: 5963692
	4976  -  MemoryUsage of job (MB)
	5095264  -  ResidentSetSize of job (KB)
...
006 (13901888.018.000) 2021-01-07 12:26:45 Image size of job updated: 11962600
	10485  -  MemoryUsage of job (MB)
	10736332  -  ResidentSetSize of job (KB)
...
005 (13901888.018.000) 2021-01-07 12:26:45 Job terminated.
	(1) Normal termination (return value 0)
		Usr 0 00:04:28, Sys 0 00:00:19  -  Run Remote Usage
		Usr 0 00:00:00, Sys 0 00:00:00  -  Run Local Usage
		Usr 0 00:04:28, Sys 0 00:00:19  -  Total Remote Usage
		Usr 0 00:00:00, Sys 0 00:00:00  -  Total Local Usage
	0  -  Run Bytes Sent By Job
	0  -  Run Bytes Received By Job
	0  -  Total Bytes Sent By Job
	0  -  Total Bytes Received By Job
	Partitionable Resources :    Usage  Request Allocated 
	   Cpus                 :     0.89        1         1 
	   Disk (KB)            :     1     3584000   3955893 
	   Memory (MB)          : 10485        4096      4096 

	Job terminated of its own accord at 2021-01-07T11:26:45Z.
...
006 (13901888.012.000) 2021-01-07 12:26:45 Image size of job updated: 12004116
	6911  -  MemoryUsage of job (MB)
	7075904  -  ResidentSetSize of job (KB)
...
005 (13901888.012.000) 2021-01-07 12:26:45 Job terminated.
	(1) Normal termination (return value 0)
		Usr 0 00:04:36, Sys 0 00:00:19  -  Run Remote Usage
		Usr 0 00:00:00, Sys 0 00:00:00  -  Run Local Usage
		Usr 0 00:04:36, Sys 0 00:00:19  -  Total Remote Usage
		Usr 0 00:00:00, Sys 0 00:00:00  -  Total Local Usage
	0  -  Run Bytes Sent By Job
	0  -  Run Bytes Received By Job
	0  -  Total Bytes Sent By Job
	0  -  Total Bytes Received By Job
	Partitionable Resources :    Usage  Request Allocated 
	   Cpus                 :     0.91        1         1 
	   Disk (KB)            :     1     3584000   4536963 
	   Memory (MB)          :  6911        4096      4096 

	Job terminated of its own accord at 2021-01-07T11:26:45Z.
...
006 (13901888.017.000) 2021-01-07 12:26:48 Image size of job updated: 10962892
	8504  -  MemoryUsage of job (MB)
	8707564  -  ResidentSetSize of job (KB)
...
005 (13901888.002.000) 2021-01-07 12:26:48 Job terminated.
	(1) Normal termination (return value 0)
		Usr 0 00:04:44, Sys 0 00:00:19  -  Run Remote Usage
		Usr 0 00:00:00, Sys 0 00:00:00  -  Run Local Usage
		Usr 0 00:04:44, Sys 0 00:00:19  -  Total Remote Usage
		Usr 0 00:00:00, Sys 0 00:00:00  -  Total Local Usage
	0  -  Run Bytes Sent By Job
	0  -  Run Bytes Received By Job
	0  -  Total Bytes Sent By Job
	0  -  Total Bytes Received By Job
	Partitionable Resources :    Usage  Request Allocated 
	   Cpus                 :     0.91        1         1 
	   Disk (KB)            :     1     3584000   4551529 
	   Memory (MB)          :  8761        4096      4096 

	Job terminated of its own accord at 2021-01-07T11:26:48Z.
...
005 (13901888.017.000) 2021-01-07 12:26:48 Job terminated.
	(1) Normal termination (return value 0)
		Usr 0 00:04:41, Sys 0 00:00:23  -  Run Remote Usage
		Usr 0 00:00:00, Sys 0 00:00:00  -  Run Local Usage
		Usr 0 00:04:41, Sys 0 00:00:23  -  Total Remote Usage
		Usr 0 00:00:00, Sys 0 00:00:00  -  Total Local Usage
	0  -  Run Bytes Sent By Job
	0  -  Run Bytes Received By Job
	0  -  Total Bytes Sent By Job
	0  -  Total Bytes Received By Job
	Partitionable Resources :    Usage  Request Allocated 
	   Cpus                 :     0.90        1         1 
	   Disk (KB)            :     1     3584000   4551529 
	   Memory (MB)          :  8504        4096      4096 

	Job terminated of its own accord at 2021-01-07T11:26:48Z.
...
006 (13901888.005.000) 2021-01-07 12:26:54 Image size of job updated: 11962732
	8811  -  MemoryUsage of job (MB)
	9021444  -  ResidentSetSize of job (KB)
...
005 (13901888.005.000) 2021-01-07 12:26:54 Job terminated.
	(1) Normal termination (return value 0)
		Usr 0 00:04:28, Sys 0 00:00:17  -  Run Remote Usage
		Usr 0 00:00:00, Sys 0 00:00:00  -  Run Local Usage
		Usr 0 00:04:28, Sys 0 00:00:17  -  Total Remote Usage
		Usr 0 00:00:00, Sys 0 00:00:00  -  Total Local Usage
	0  -  Run Bytes Sent By Job
	0  -  Run Bytes Received By Job
	0  -  Total Bytes Sent By Job
	0  -  Total Bytes Received By Job
	Partitionable Resources :    Usage  Request Allocated 
	   Cpus                 :     0.85        1         1 
	   Disk (KB)            :     1     3584000   4540362 
	   Memory (MB)          :  8811        4096      4096 

	Job terminated of its own accord at 2021-01-07T11:26:54Z.
...
006 (13901888.003.000) 2021-01-07 12:26:54 Image size of job updated: 11957588
	10295  -  MemoryUsage of job (MB)
	10541468  -  ResidentSetSize of job (KB)
...
005 (13901888.003.000) 2021-01-07 12:26:54 Job terminated.
	(1) Normal termination (return value 0)
		Usr 0 00:04:34, Sys 0 00:00:21  -  Run Remote Usage
		Usr 0 00:00:00, Sys 0 00:00:00  -  Run Local Usage
		Usr 0 00:04:34, Sys 0 00:00:21  -  Total Remote Usage
		Usr 0 00:00:00, Sys 0 00:00:00  -  Total Local Usage
	0  -  Run Bytes Sent By Job
	0  -  Run Bytes Received By Job
	0  -  Total Bytes Sent By Job
	0  -  Total Bytes Received By Job
	Partitionable Resources :    Usage  Request Allocated 
	   Cpus                 :     0.91        1         1 
	   Disk (KB)            :     1     3584000   3955893 
	   Memory (MB)          : 10295        4096      4096 

	Job terminated of its own accord at 2021-01-07T11:26:54Z.
...
005 (13901888.022.000) 2021-01-07 12:27:01 Job terminated.
	(1) Normal termination (return value 0)
		Usr 0 00:04:40, Sys 0 00:00:19  -  Run Remote Usage
		Usr 0 00:00:00, Sys 0 00:00:00  -  Run Local Usage
		Usr 0 00:04:40, Sys 0 00:00:19  -  Total Remote Usage
		Usr 0 00:00:00, Sys 0 00:00:00  -  Total Local Usage
	0  -  Run Bytes Sent By Job
	0  -  Run Bytes Received By Job
	0  -  Total Bytes Sent By Job
	0  -  Total Bytes Received By Job
	Partitionable Resources :    Usage  Request Allocated 
	   Cpus                 :     0.82        1         1 
	   Disk (KB)            :     1     3584000   3949088 
	   Memory (MB)          :  9260        4096      4096 

	Job terminated of its own accord at 2021-01-07T11:27:01Z.
...
006 (13901888.010.000) 2021-01-07 12:27:04 Image size of job updated: 13599308
	9126  -  MemoryUsage of job (MB)
	9344868  -  ResidentSetSize of job (KB)
...
006 (13901888.023.000) 2021-01-07 12:27:04 Image size of job updated: 13595972
	9182  -  MemoryUsage of job (MB)
	9401876  -  ResidentSetSize of job (KB)
...
005 (13901888.010.000) 2021-01-07 12:27:04 Job terminated.
	(1) Normal termination (return value 0)
		Usr 0 00:04:31, Sys 0 00:00:21  -  Run Remote Usage
		Usr 0 00:00:00, Sys 0 00:00:00  -  Run Local Usage
		Usr 0 00:04:31, Sys 0 00:00:21  -  Total Remote Usage
		Usr 0 00:00:00, Sys 0 00:00:00  -  Total Local Usage
	0  -  Run Bytes Sent By Job
	0  -  Run Bytes Received By Job
	0  -  Total Bytes Sent By Job
	0  -  Total Bytes Received By Job
	Partitionable Resources :    Usage  Request Allocated 
	   Cpus                 :     0.80        1         1 
	   Disk (KB)            :     1     3584000   4622350 
	   Memory (MB)          :  9126        4096      4096 
...
005 (13901888.023.000) 2021-01-07 12:27:04 Job terminated.
	(1) Normal termination (return value 0)
		Usr 0 00:04:30, Sys 0 00:00:20  -  Run Remote Usage
		Usr 0 00:00:00, Sys 0 00:00:00  -  Run Local Usage
		Usr 0 00:04:30, Sys 0 00:00:20  -  Total Remote Usage
		Usr 0 00:00:00, Sys 0 00:00:00  -  Total Local Usage
	0  -  Run Bytes Sent By Job
	0  -  Run Bytes Received By Job
	0  -  Total Bytes Sent By Job
	0  -  Total Bytes Received By Job
	Partitionable Resources :    Usage  Request Allocated 
	   Cpus                 :     0.47        1         1 
	   Disk (KB)            :     1     3584000   4622350 
	   Memory (MB)          :  9182        4096      4096 
...
006 (13901888.011.000) 2021-01-07 12:27:08 Image size of job updated: 10013660
	9779  -  MemoryUsage of job (MB)
	10013204  -  ResidentSetSize of job (KB)
...
005 (13901888.011.000) 2021-01-07 12:27:08 Job terminated.
	(1) Normal termination (return value 0)
		Usr 0 00:04:31, Sys 0 00:00:22  -  Run Remote Usage
		Usr 0 00:00:00, Sys 0 00:00:00  -  Run Local Usage
		Usr 0 00:04:31, Sys 0 00:00:22  -  Total Remote Usage
		Usr 0 00:00:00, Sys 0 00:00:00  -  Total Local Usage
	0  -  Run Bytes Sent By Job
	0  -  Run Bytes Received By Job
	0  -  Total Bytes Sent By Job
	0  -  Total Bytes Received By Job
	Partitionable Resources :    Usage  Request Allocated 
	   Cpus                 :     0.91        1         1 
	   Disk (KB)            :     1     3584000   4544872 
	   Memory (MB)          :  9779        4096      4096 

	Job terminated of its own accord at 2021-01-07T11:27:08Z.
...
006 (13901888.009.000) 2021-01-07 12:27:12 Image size of job updated: 13647868
	9215  -  MemoryUsage of job (MB)
	9435268  -  ResidentSetSize of job (KB)
...
005 (13901888.009.000) 2021-01-07 12:27:12 Job terminated.
	(1) Normal termination (return value 0)
		Usr 0 00:04:35, Sys 0 00:00:22  -  Run Remote Usage
		Usr 0 00:00:00, Sys 0 00:00:00  -  Run Local Usage
		Usr 0 00:04:35, Sys 0 00:00:22  -  Total Remote Usage
		Usr 0 00:00:00, Sys 0 00:00:00  -  Total Local Usage
	0  -  Run Bytes Sent By Job
	0  -  Run Bytes Received By Job
	0  -  Total Bytes Sent By Job
	0  -  Total Bytes Received By Job
	Partitionable Resources :    Usage  Request Allocated 
	   Cpus                 :     0.94        1         1 
	   Disk (KB)            :     1     3584000   3949088 
	   Memory (MB)          :  9215        4096      4096 

	Job terminated of its own accord at 2021-01-07T11:27:12Z.
...
005 (13901888.020.000) 2021-01-07 12:27:12 Job terminated.
	(1) Normal termination (return value 0)
		Usr 0 00:04:36, Sys 0 00:00:22  -  Run Remote Usage
		Usr 0 00:00:00, Sys 0 00:00:00  -  Run Local Usage
		Usr 0 00:04:36, Sys 0 00:00:22  -  Total Remote Usage
		Usr 0 00:00:00, Sys 0 00:00:00  -  Total Local Usage
	0  -  Run Bytes Sent By Job
	0  -  Run Bytes Received By Job
	0  -  Total Bytes Sent By Job
	0  -  Total Bytes Received By Job
	Partitionable Resources :    Usage  Request Allocated 
	   Cpus                 :     0.91        1         1 
	   Disk (KB)            :     1     3584000   4540362 
	   Memory (MB)          :  8791        4096      4096 

	Job terminated of its own accord at 2021-01-07T11:27:12Z.
...
005 (13901888.013.000) 2021-01-07 12:27:26 Job terminated.
	(1) Normal termination (return value 0)
		Usr 0 00:04:36, Sys 0 00:00:20  -  Run Remote Usage
		Usr 0 00:00:00, Sys 0 00:00:00  -  Run Local Usage
		Usr 0 00:04:36, Sys 0 00:00:20  -  Total Remote Usage
		Usr 0 00:00:00, Sys 0 00:00:00  -  Total Local Usage
	0  -  Run Bytes Sent By Job
	0  -  Run Bytes Received By Job
	0  -  Total Bytes Sent By Job
	0  -  Total Bytes Received By Job
	Partitionable Resources :    Usage  Request Allocated 
	   Cpus                 :     0.91        1         1 
	   Disk (KB)            :     1     3584000   3991895 
	   Memory (MB)          :  4658        4096      4096 

	Job terminated of its own accord at 2021-01-07T11:27:26Z.
...
006 (13901888.001.000) 2021-01-07 12:27:28 Image size of job updated: 11958904
	4571  -  MemoryUsage of job (MB)
	4680700  -  ResidentSetSize of job (KB)
...
005 (13901888.001.000) 2021-01-07 12:27:28 Job terminated.
	(1) Normal termination (return value 0)
		Usr 0 00:04:35, Sys 0 00:00:20  -  Run Remote Usage
		Usr 0 00:00:00, Sys 0 00:00:00  -  Run Local Usage
		Usr 0 00:04:35, Sys 0 00:00:20  -  Total Remote Usage
		Usr 0 00:00:00, Sys 0 00:00:00  -  Total Local Usage
	0  -  Run Bytes Sent By Job
	0  -  Run Bytes Received By Job
	0  -  Total Bytes Sent By Job
	0  -  Total Bytes Received By Job
	Partitionable Resources :    Usage  Request Allocated 
	   Cpus                 :     0.56        1         1 
	   Disk (KB)            :     1     3584000   3991895 
	   Memory (MB)          :  4571        4096      4096 

	Job terminated of its own accord at 2021-01-07T11:27:28Z.
...
006 (13901888.004.000) 2021-01-07 12:27:46 Image size of job updated: 11961056
	9181  -  MemoryUsage of job (MB)
	9400532  -  ResidentSetSize of job (KB)
...
005 (13901888.004.000) 2021-01-07 12:27:46 Job terminated.
	(1) Normal termination (return value 0)
		Usr 0 00:04:27, Sys 0 00:00:25  -  Run Remote Usage
		Usr 0 00:00:00, Sys 0 00:00:00  -  Run Local Usage
		Usr 0 00:04:27, Sys 0 00:00:25  -  Total Remote Usage
		Usr 0 00:00:00, Sys 0 00:00:00  -  Total Local Usage
	0  -  Run Bytes Sent By Job
	0  -  Run Bytes Received By Job
	0  -  Total Bytes Sent By Job
	0  -  Total Bytes Received By Job
	Partitionable Resources :    Usage  Request Allocated 
	   Cpus                 :     0.43        1         1 
	   Disk (KB)            :     1     3584000   4785505 
	   Memory (MB)          :  9181        4096      4096 

	Job terminated of its own accord at 2021-01-07T11:27:46Z.
...
006 (13901888.000.000) 2021-01-07 12:28:13 Image size of job updated: 8284996
	7394  -  MemoryUsage of job (MB)
	7570552  -  ResidentSetSize of job (KB)
...
005 (13901888.000.000) 2021-01-07 12:28:13 Job terminated.
	(1) Normal termination (return value 0)
		Usr 0 00:04:31, Sys 0 00:00:24  -  Run Remote Usage
		Usr 0 00:00:00, Sys 0 00:00:00  -  Run Local Usage
		Usr 0 00:04:31, Sys 0 00:00:24  -  Total Remote Usage
		Usr 0 00:00:00, Sys 0 00:00:00  -  Total Local Usage
	0  -  Run Bytes Sent By Job
	0  -  Run Bytes Received By Job
	0  -  Total Bytes Sent By Job
	0  -  Total Bytes Received By Job
	Partitionable Resources :    Usage  Request Allocated 
	   Cpus                 :     0.34        1         1 
	   Disk (KB)            :     1     3584000   4784593 
	   Memory (MB)          :  7394        4096      4096 

	Job terminated of its own accord at 2021-01-07T11:28:12Z.
...
006 (13901888.019.000) 2021-01-07 12:28:16 Image size of job updated: 11963560
	8277  -  MemoryUsage of job (MB)
	8475588  -  ResidentSetSize of job (KB)
...
005 (13901888.019.000) 2021-01-07 12:28:16 Job terminated.
	(1) Normal termination (return value 0)
		Usr 0 00:04:39, Sys 0 00:00:24  -  Run Remote Usage
		Usr 0 00:00:00, Sys 0 00:00:00  -  Run Local Usage
		Usr 0 00:04:39, Sys 0 00:00:24  -  Total Remote Usage
		Usr 0 00:00:00, Sys 0 00:00:00  -  Total Local Usage
	0  -  Run Bytes Sent By Job
	0  -  Run Bytes Received By Job
	0  -  Total Bytes Sent By Job
	0  -  Total Bytes Received By Job
	Partitionable Resources :    Usage  Request Allocated 
	   Cpus                 :     0.43        1         1 
	   Disk (KB)            :     1     3584000   4785505 
	   Memory (MB)          :  8277        4096      4096 

	Job terminated of its own accord at 2021-01-07T11:28:16Z.
...
006 (13901888.015.000) 2021-01-07 12:28:52 Image size of job updated: 11990884
	6975  -  MemoryUsage of job (MB)
	7141684  -  ResidentSetSize of job (KB)
...
005 (13901888.015.000) 2021-01-07 12:28:52 Job terminated.
	(1) Normal termination (return value 0)
		Usr 0 00:04:34, Sys 0 00:00:23  -  Run Remote Usage
		Usr 0 00:00:00, Sys 0 00:00:00  -  Run Local Usage
		Usr 0 00:04:34, Sys 0 00:00:23  -  Total Remote Usage
		Usr 0 00:00:00, Sys 0 00:00:00  -  Total Local Usage
	0  -  Run Bytes Sent By Job
	0  -  Run Bytes Received By Job
	0  -  Total Bytes Sent By Job
	0  -  Total Bytes Received By Job
	Partitionable Resources :    Usage  Request Allocated 
	   Cpus                 :     0.11        1         1 
	   Disk (KB)            :     1     3584000   3823277 
	   Memory (MB)          :  6975        4096      4096 

	Job terminated of its own accord at 2021-01-07T11:28:52Z.
...
006 (13901888.024.000) 2021-01-07 12:29:23 Image size of job updated: 11966176
	6732  -  MemoryUsage of job (MB)
	6892780  -  ResidentSetSize of job (KB)
...
005 (13901888.024.000) 2021-01-07 12:29:23 Job terminated.
	(1) Normal termination (return value 0)
		Usr 0 00:04:32, Sys 0 00:00:31  -  Run Remote Usage
		Usr 0 00:00:00, Sys 0 00:00:00  -  Run Local Usage
		Usr 0 00:04:32, Sys 0 00:00:31  -  Total Remote Usage
		Usr 0 00:00:00, Sys 0 00:00:00  -  Total Local Usage
	0  -  Run Bytes Sent By Job
	0  -  Run Bytes Received By Job
	0  -  Total Bytes Sent By Job
	0  -  Total Bytes Received By Job
	Partitionable Resources :    Usage  Request Allocated 
	   Cpus                 :     0.92        1         1 
	   Disk (KB)            :     1     3584000   3821844 
	   Memory (MB)          :  6732        4096      4096 

	Job terminated of its own accord at 2021-01-07T11:29:23Z.
...
005 (13901888.021.000) 2021-01-07 12:29:53 Job terminated.
	(1) Normal termination (return value 0)
		Usr 0 00:04:28, Sys 0 00:00:19  -  Run Remote Usage
		Usr 0 00:00:00, Sys 0 00:00:00  -  Run Local Usage
		Usr 0 00:04:28, Sys 0 00:00:19  -  Total Remote Usage
		Usr 0 00:00:00, Sys 0 00:00:00  -  Total Local Usage
	0  -  Run Bytes Sent By Job
	0  -  Run Bytes Received By Job
	0  -  Total Bytes Sent By Job
	0  -  Total Bytes Received By Job
	Partitionable Resources :    Usage  Request Allocated 
	   Cpus                 :     0.04        1         1 
	   Disk (KB)            :     1     3584000   4785374 
	   Memory (MB)          :  9890        4096      4096 

	Job terminated of its own accord at 2021-01-07T11:29:53Z.
...
006 (13901888.007.000) 2021-01-07 12:29:57 Image size of job updated: 11983240
	5548  -  MemoryUsage of job (MB)
	5680500  -  ResidentSetSize of job (KB)
...
005 (13901888.007.000) 2021-01-07 12:29:58 Job terminated.
	(1) Normal termination (return value 0)
		Usr 0 00:04:33, Sys 0 00:00:23  -  Run Remote Usage
		Usr 0 00:00:00, Sys 0 00:00:00  -  Run Local Usage
		Usr 0 00:04:33, Sys 0 00:00:23  -  Total Remote Usage
		Usr 0 00:00:00, Sys 0 00:00:00  -  Total Local Usage
	0  -  Run Bytes Sent By Job
	0  -  Run Bytes Received By Job
	0  -  Total Bytes Sent By Job
	0  -  Total Bytes Received By Job
	Partitionable Resources :    Usage  Request Allocated 
	   Cpus                 :     0.02        1         1 
	   Disk (KB)            :     1     3584000   4296137 
	   Memory (MB)          :  5548        4096      4096 

	Job terminated of its own accord at 2021-01-07T11:29:56Z.
...
006 (13901888.006.000) 2021-01-07 12:30:06 Image size of job updated: 11962756
	9780  -  MemoryUsage of job (MB)
	10014576  -  ResidentSetSize of job (KB)
...
005 (13901888.006.000) 2021-01-07 12:30:06 Job terminated.
	(1) Normal termination (return value 0)
		Usr 0 00:04:34, Sys 0 00:00:20  -  Run Remote Usage
		Usr 0 00:00:00, Sys 0 00:00:00  -  Run Local Usage
		Usr 0 00:04:34, Sys 0 00:00:20  -  Total Remote Usage
		Usr 0 00:00:00, Sys 0 00:00:00  -  Total Local Usage
	0  -  Run Bytes Sent By Job
	0  -  Run Bytes Received By Job
	0  -  Total Bytes Sent By Job
	0  -  Total Bytes Received By Job
	Partitionable Resources :    Usage  Request Allocated 
	   Cpus                 :     0.01        1         1 
	   Disk (KB)            :     1     3584000   4785374 
	   Memory (MB)          :  9780        4096      4096 

	Job terminated of its own accord at 2021-01-07T11:30:06Z.
...
006 (13901888.016.000) 2021-01-07 12:30:39 Image size of job updated: 12004108
	6182  -  MemoryUsage of job (MB)
	6330360  -  ResidentSetSize of job (KB)
...
005 (13901888.016.000) 2021-01-07 12:30:40 Job terminated.
	(1) Normal termination (return value 0)
		Usr 0 00:04:37, Sys 0 00:00:36  -  Run Remote Usage
		Usr 0 00:00:00, Sys 0 00:00:00  -  Run Local Usage
		Usr 0 00:04:37, Sys 0 00:00:36  -  Total Remote Usage
		Usr 0 00:00:00, Sys 0 00:00:00  -  Total Local Usage
	0  -  Run Bytes Sent By Job
	0  -  Run Bytes Received By Job
	0  -  Total Bytes Sent By Job
	0  -  Total Bytes Received By Job
	Partitionable Resources :    Usage  Request Allocated 
	   Cpus                 :     0.68        1         1 
	   Disk (KB)            :     1     3584000   3822765 
	   Memory (MB)          :  6182        4096      4096 

	Job terminated of its own accord at 2021-01-07T11:30:39Z.
...
006 (13901888.014.000) 2021-01-07 12:31:14 Image size of job updated: 8182760
	5292  -  MemoryUsage of job (MB)
	5418104  -  ResidentSetSize of job (KB)
...
006 (13901888.008.000) 2021-01-07 12:31:15 Image size of job updated: 9459116
	5255  -  MemoryUsage of job (MB)
	5380120  -  ResidentSetSize of job (KB)
...
006 (13901888.008.000) 2021-01-07 12:35:29 Image size of job updated: 13624168
	5255  -  MemoryUsage of job (MB)
	5380120  -  ResidentSetSize of job (KB)
...
005 (13901888.008.000) 2021-01-07 12:35:29 Job terminated.
	(1) Normal termination (return value 0)
		Usr 0 00:04:42, Sys 0 00:00:34  -  Run Remote Usage
		Usr 0 00:00:00, Sys 0 00:00:00  -  Run Local Usage
		Usr 0 00:04:42, Sys 0 00:00:34  -  Total Remote Usage
		Usr 0 00:00:00, Sys 0 00:00:00  -  Total Local Usage
	0  -  Run Bytes Sent By Job
	0  -  Run Bytes Received By Job
	0  -  Total Bytes Sent By Job
	0  -  Total Bytes Received By Job
	Partitionable Resources :    Usage  Request Allocated 
	   Cpus                 :     0.26        1         1 
	   Disk (KB)            :     1     3584000   3821816 
	   Memory (MB)          :  5255        4096      4096 

	Job terminated of its own accord at 2021-01-07T11:35:29Z.
...
006 (13901888.014.000) 2021-01-07 12:36:15 Image size of job updated: 8182760
	5869  -  MemoryUsage of job (MB)
	6009272  -  ResidentSetSize of job (KB)
...
005 (13901888.014.000) 2021-01-07 12:36:16 Job terminated.
	(1) Normal termination (return value 0)
		Usr 0 00:04:38, Sys 0 00:00:39  -  Run Remote Usage
		Usr 0 00:00:00, Sys 0 00:00:00  -  Run Local Usage
		Usr 0 00:04:38, Sys 0 00:00:39  -  Total Remote Usage
		Usr 0 00:00:00, Sys 0 00:00:00  -  Total Local Usage
	0  -  Run Bytes Sent By Job
	0  -  Run Bytes Received By Job
	0  -  Total Bytes Sent By Job
	0  -  Total Bytes Received By Job
	Partitionable Resources :    Usage  Request Allocated 
	   Cpus                 :     0.84        1         1 
	   Disk (KB)            :     1     3584000   3821816 
	   Memory (MB)          :  5869        4096      4096 

	Job terminated of its own accord at 2021-01-07T11:36:16Z.
...
