000 (13926305.000.000) 2021-01-08 09:09:15 Job submitted from host: <131.169.223.42:9618?addrs=131.169.223.42-9618+[2001-638-700-10df--1-2a]-9618&alias=bird-htc-sched14.desy.de&noUDP&sock=schedd_1936_8371_3>
...
000 (13926305.001.000) 2021-01-08 09:09:15 Job submitted from host: <131.169.223.42:9618?addrs=131.169.223.42-9618+[2001-638-700-10df--1-2a]-9618&alias=bird-htc-sched14.desy.de&noUDP&sock=schedd_1936_8371_3>
...
000 (13926305.002.000) 2021-01-08 09:09:15 Job submitted from host: <131.169.223.42:9618?addrs=131.169.223.42-9618+[2001-638-700-10df--1-2a]-9618&alias=bird-htc-sched14.desy.de&noUDP&sock=schedd_1936_8371_3>
...
000 (13926305.003.000) 2021-01-08 09:09:15 Job submitted from host: <131.169.223.42:9618?addrs=131.169.223.42-9618+[2001-638-700-10df--1-2a]-9618&alias=bird-htc-sched14.desy.de&noUDP&sock=schedd_1936_8371_3>
...
000 (13926305.004.000) 2021-01-08 09:09:15 Job submitted from host: <131.169.223.42:9618?addrs=131.169.223.42-9618+[2001-638-700-10df--1-2a]-9618&alias=bird-htc-sched14.desy.de&noUDP&sock=schedd_1936_8371_3>
...
000 (13926305.005.000) 2021-01-08 09:09:15 Job submitted from host: <131.169.223.42:9618?addrs=131.169.223.42-9618+[2001-638-700-10df--1-2a]-9618&alias=bird-htc-sched14.desy.de&noUDP&sock=schedd_1936_8371_3>
...
000 (13926305.006.000) 2021-01-08 09:09:15 Job submitted from host: <131.169.223.42:9618?addrs=131.169.223.42-9618+[2001-638-700-10df--1-2a]-9618&alias=bird-htc-sched14.desy.de&noUDP&sock=schedd_1936_8371_3>
...
000 (13926305.007.000) 2021-01-08 09:09:15 Job submitted from host: <131.169.223.42:9618?addrs=131.169.223.42-9618+[2001-638-700-10df--1-2a]-9618&alias=bird-htc-sched14.desy.de&noUDP&sock=schedd_1936_8371_3>
...
000 (13926305.008.000) 2021-01-08 09:09:15 Job submitted from host: <131.169.223.42:9618?addrs=131.169.223.42-9618+[2001-638-700-10df--1-2a]-9618&alias=bird-htc-sched14.desy.de&noUDP&sock=schedd_1936_8371_3>
...
000 (13926305.009.000) 2021-01-08 09:09:15 Job submitted from host: <131.169.223.42:9618?addrs=131.169.223.42-9618+[2001-638-700-10df--1-2a]-9618&alias=bird-htc-sched14.desy.de&noUDP&sock=schedd_1936_8371_3>
...
000 (13926305.010.000) 2021-01-08 09:09:15 Job submitted from host: <131.169.223.42:9618?addrs=131.169.223.42-9618+[2001-638-700-10df--1-2a]-9618&alias=bird-htc-sched14.desy.de&noUDP&sock=schedd_1936_8371_3>
...
000 (13926305.011.000) 2021-01-08 09:09:15 Job submitted from host: <131.169.223.42:9618?addrs=131.169.223.42-9618+[2001-638-700-10df--1-2a]-9618&alias=bird-htc-sched14.desy.de&noUDP&sock=schedd_1936_8371_3>
...
000 (13926305.012.000) 2021-01-08 09:09:15 Job submitted from host: <131.169.223.42:9618?addrs=131.169.223.42-9618+[2001-638-700-10df--1-2a]-9618&alias=bird-htc-sched14.desy.de&noUDP&sock=schedd_1936_8371_3>
...
000 (13926305.013.000) 2021-01-08 09:09:15 Job submitted from host: <131.169.223.42:9618?addrs=131.169.223.42-9618+[2001-638-700-10df--1-2a]-9618&alias=bird-htc-sched14.desy.de&noUDP&sock=schedd_1936_8371_3>
...
000 (13926305.014.000) 2021-01-08 09:09:15 Job submitted from host: <131.169.223.42:9618?addrs=131.169.223.42-9618+[2001-638-700-10df--1-2a]-9618&alias=bird-htc-sched14.desy.de&noUDP&sock=schedd_1936_8371_3>
...
000 (13926305.015.000) 2021-01-08 09:09:15 Job submitted from host: <131.169.223.42:9618?addrs=131.169.223.42-9618+[2001-638-700-10df--1-2a]-9618&alias=bird-htc-sched14.desy.de&noUDP&sock=schedd_1936_8371_3>
...
000 (13926305.016.000) 2021-01-08 09:09:15 Job submitted from host: <131.169.223.42:9618?addrs=131.169.223.42-9618+[2001-638-700-10df--1-2a]-9618&alias=bird-htc-sched14.desy.de&noUDP&sock=schedd_1936_8371_3>
...
000 (13926305.017.000) 2021-01-08 09:09:15 Job submitted from host: <131.169.223.42:9618?addrs=131.169.223.42-9618+[2001-638-700-10df--1-2a]-9618&alias=bird-htc-sched14.desy.de&noUDP&sock=schedd_1936_8371_3>
...
000 (13926305.018.000) 2021-01-08 09:09:15 Job submitted from host: <131.169.223.42:9618?addrs=131.169.223.42-9618+[2001-638-700-10df--1-2a]-9618&alias=bird-htc-sched14.desy.de&noUDP&sock=schedd_1936_8371_3>
...
000 (13926305.019.000) 2021-01-08 09:09:15 Job submitted from host: <131.169.223.42:9618?addrs=131.169.223.42-9618+[2001-638-700-10df--1-2a]-9618&alias=bird-htc-sched14.desy.de&noUDP&sock=schedd_1936_8371_3>
...
000 (13926305.020.000) 2021-01-08 09:09:15 Job submitted from host: <131.169.223.42:9618?addrs=131.169.223.42-9618+[2001-638-700-10df--1-2a]-9618&alias=bird-htc-sched14.desy.de&noUDP&sock=schedd_1936_8371_3>
...
000 (13926305.021.000) 2021-01-08 09:09:15 Job submitted from host: <131.169.223.42:9618?addrs=131.169.223.42-9618+[2001-638-700-10df--1-2a]-9618&alias=bird-htc-sched14.desy.de&noUDP&sock=schedd_1936_8371_3>
...
000 (13926305.022.000) 2021-01-08 09:09:15 Job submitted from host: <131.169.223.42:9618?addrs=131.169.223.42-9618+[2001-638-700-10df--1-2a]-9618&alias=bird-htc-sched14.desy.de&noUDP&sock=schedd_1936_8371_3>
...
000 (13926305.023.000) 2021-01-08 09:09:15 Job submitted from host: <131.169.223.42:9618?addrs=131.169.223.42-9618+[2001-638-700-10df--1-2a]-9618&alias=bird-htc-sched14.desy.de&noUDP&sock=schedd_1936_8371_3>
...
001 (13926305.000.000) 2021-01-08 09:12:28 Job executing on host: <131.169.164.17:38585?addrs=131.169.164.17-38585&alias=bird817.desy.de>
...
001 (13926305.008.000) 2021-01-08 09:12:28 Job executing on host: <131.169.164.33:40802?addrs=131.169.164.33-40802&alias=bird833.desy.de>
...
001 (13926305.010.000) 2021-01-08 09:12:28 Job executing on host: <131.169.164.34:39230?addrs=131.169.164.34-39230&alias=bird834.desy.de>
...
001 (13926305.011.000) 2021-01-08 09:12:28 Job executing on host: <131.169.164.38:39717?addrs=131.169.164.38-39717&alias=bird838.desy.de>
...
001 (13926305.019.000) 2021-01-08 09:12:28 Job executing on host: <131.169.164.25:44209?addrs=131.169.164.25-44209&alias=bird825.desy.de>
...
001 (13926305.005.000) 2021-01-08 09:12:28 Job executing on host: <131.169.164.36:44416?addrs=131.169.164.36-44416&alias=bird836.desy.de>
...
001 (13926305.003.000) 2021-01-08 09:12:28 Job executing on host: <131.169.77.66:46321?addrs=131.169.77.66-46321&alias=bird584.desy.de>
...
001 (13926305.004.000) 2021-01-08 09:12:28 Job executing on host: <131.169.77.224:36139?addrs=131.169.77.224-36139&alias=bird778.desy.de>
...
001 (13926305.006.000) 2021-01-08 09:12:28 Job executing on host: <131.169.164.16:41732?addrs=131.169.164.16-41732&alias=bird816.desy.de>
...
001 (13926305.020.000) 2021-01-08 09:12:28 Job executing on host: <131.169.77.205:40893?addrs=131.169.77.205-40893&alias=bird759.desy.de>
...
001 (13926305.022.000) 2021-01-08 09:12:28 Job executing on host: <131.169.163.128:42061?addrs=131.169.163.128-42061&alias=bird689.desy.de>
...
001 (13926305.007.000) 2021-01-08 09:12:28 Job executing on host: <131.169.77.219:33001?addrs=131.169.77.219-33001&alias=bird773.desy.de>
...
001 (13926305.001.000) 2021-01-08 09:12:28 Job executing on host: <131.169.164.26:38389?addrs=131.169.164.26-38389&alias=bird826.desy.de>
...
001 (13926305.009.000) 2021-01-08 09:12:28 Job executing on host: <131.169.77.207:44457?addrs=131.169.77.207-44457&alias=bird761.desy.de>
...
001 (13926305.023.000) 2021-01-08 09:12:28 Job executing on host: <131.169.164.25:44209?addrs=131.169.164.25-44209&alias=bird825.desy.de>
...
001 (13926305.012.000) 2021-01-08 09:12:28 Job executing on host: <131.169.162.159:45648?addrs=131.169.162.159-45648&alias=batch1159.desy.de>
...
001 (13926305.018.000) 2021-01-08 09:12:28 Job executing on host: <131.169.160.177:38717?addrs=131.169.160.177-38717&alias=batch1179.desy.de>
...
001 (13926305.016.000) 2021-01-08 09:12:28 Job executing on host: <131.169.160.156:36378?addrs=131.169.160.156-36378&alias=batch1056.desy.de>
...
001 (13926305.017.000) 2021-01-08 09:12:28 Job executing on host: <131.169.160.157:37987?addrs=131.169.160.157-37987&alias=batch1057.desy.de>
...
001 (13926305.014.000) 2021-01-08 09:12:28 Job executing on host: <131.169.160.115:40831?addrs=131.169.160.115-40831&alias=batch1076.desy.de>
...
001 (13926305.021.000) 2021-01-08 09:12:28 Job executing on host: <131.169.160.114:38877?addrs=131.169.160.114-38877&alias=batch1075.desy.de>
...
001 (13926305.015.000) 2021-01-08 09:12:28 Job executing on host: <131.169.160.163:41671?addrs=131.169.160.163-41671&alias=batch1063.desy.de>
...
001 (13926305.002.000) 2021-01-08 09:12:29 Job executing on host: <131.169.163.132:43229?addrs=131.169.163.132-43229&alias=bird693.desy.de>
...
001 (13926305.013.000) 2021-01-08 09:12:29 Job executing on host: <131.169.163.124:38040?addrs=131.169.163.124-38040&alias=bird685.desy.de>
...
006 (13926305.008.000) 2021-01-08 09:12:36 Image size of job updated: 433532
	343  -  MemoryUsage of job (MB)
	350448  -  ResidentSetSize of job (KB)
...
006 (13926305.000.000) 2021-01-08 09:12:36 Image size of job updated: 451552
	360  -  MemoryUsage of job (MB)
	368464  -  ResidentSetSize of job (KB)
...
006 (13926305.010.000) 2021-01-08 09:12:36 Image size of job updated: 452972
	361  -  MemoryUsage of job (MB)
	369548  -  ResidentSetSize of job (KB)
...
006 (13926305.011.000) 2021-01-08 09:12:36 Image size of job updated: 442064
	351  -  MemoryUsage of job (MB)
	358684  -  ResidentSetSize of job (KB)
...
006 (13926305.019.000) 2021-01-08 09:12:36 Image size of job updated: 396600
	340  -  MemoryUsage of job (MB)
	347436  -  ResidentSetSize of job (KB)
...
006 (13926305.002.000) 2021-01-08 09:12:37 Image size of job updated: 430604
	338  -  MemoryUsage of job (MB)
	345956  -  ResidentSetSize of job (KB)
...
006 (13926305.005.000) 2021-01-08 09:12:37 Image size of job updated: 466880
	376  -  MemoryUsage of job (MB)
	384276  -  ResidentSetSize of job (KB)
...
006 (13926305.004.000) 2021-01-08 09:12:37 Image size of job updated: 487008
	395  -  MemoryUsage of job (MB)
	403580  -  ResidentSetSize of job (KB)
...
006 (13926305.006.000) 2021-01-08 09:12:37 Image size of job updated: 450624
	360  -  MemoryUsage of job (MB)
	368216  -  ResidentSetSize of job (KB)
...
006 (13926305.003.000) 2021-01-08 09:12:37 Image size of job updated: 422524
	332  -  MemoryUsage of job (MB)
	339464  -  ResidentSetSize of job (KB)
...
006 (13926305.022.000) 2021-01-08 09:12:37 Image size of job updated: 468480
	377  -  MemoryUsage of job (MB)
	385688  -  ResidentSetSize of job (KB)
...
006 (13926305.020.000) 2021-01-08 09:12:37 Image size of job updated: 424336
	368  -  MemoryUsage of job (MB)
	375904  -  ResidentSetSize of job (KB)
...
006 (13926305.007.000) 2021-01-08 09:12:37 Image size of job updated: 477056
	386  -  MemoryUsage of job (MB)
	394260  -  ResidentSetSize of job (KB)
...
006 (13926305.001.000) 2021-01-08 09:12:37 Image size of job updated: 375700
	284  -  MemoryUsage of job (MB)
	290104  -  ResidentSetSize of job (KB)
...
006 (13926305.009.000) 2021-01-08 09:12:37 Image size of job updated: 477640
	386  -  MemoryUsage of job (MB)
	394788  -  ResidentSetSize of job (KB)
...
006 (13926305.023.000) 2021-01-08 09:12:37 Image size of job updated: 431860
	389  -  MemoryUsage of job (MB)
	397560  -  ResidentSetSize of job (KB)
...
006 (13926305.018.000) 2021-01-08 09:12:37 Image size of job updated: 644236
	584  -  MemoryUsage of job (MB)
	597268  -  ResidentSetSize of job (KB)
...
006 (13926305.012.000) 2021-01-08 09:12:37 Image size of job updated: 546528
	484  -  MemoryUsage of job (MB)
	494768  -  ResidentSetSize of job (KB)
...
006 (13926305.017.000) 2021-01-08 09:12:37 Image size of job updated: 410380
	320  -  MemoryUsage of job (MB)
	326904  -  ResidentSetSize of job (KB)
...
006 (13926305.016.000) 2021-01-08 09:12:37 Image size of job updated: 420068
	329  -  MemoryUsage of job (MB)
	336640  -  ResidentSetSize of job (KB)
...
006 (13926305.014.000) 2021-01-08 09:12:37 Image size of job updated: 353516
	321  -  MemoryUsage of job (MB)
	328324  -  ResidentSetSize of job (KB)
...
006 (13926305.021.000) 2021-01-08 09:12:37 Image size of job updated: 401824
	344  -  MemoryUsage of job (MB)
	352156  -  ResidentSetSize of job (KB)
...
006 (13926305.015.000) 2021-01-08 09:12:37 Image size of job updated: 430148
	340  -  MemoryUsage of job (MB)
	347280  -  ResidentSetSize of job (KB)
...
006 (13926305.013.000) 2021-01-08 09:12:38 Image size of job updated: 362988
	270  -  MemoryUsage of job (MB)
	275700  -  ResidentSetSize of job (KB)
...
006 (13926305.023.000) 2021-01-08 09:15:05 Image size of job updated: 6020892
	389  -  MemoryUsage of job (MB)
	397560  -  ResidentSetSize of job (KB)
...
005 (13926305.023.000) 2021-01-08 09:15:05 Job terminated.
	(1) Normal termination (return value 0)
		Usr 0 00:02:12, Sys 0 00:00:10  -  Run Remote Usage
		Usr 0 00:00:00, Sys 0 00:00:00  -  Run Local Usage
		Usr 0 00:02:12, Sys 0 00:00:10  -  Total Remote Usage
		Usr 0 00:00:00, Sys 0 00:00:00  -  Total Local Usage
	0  -  Run Bytes Sent By Job
	0  -  Run Bytes Received By Job
	0  -  Total Bytes Sent By Job
	0  -  Total Bytes Received By Job
	Partitionable Resources :    Usage  Request Allocated 
	   Cpus                 :     0.87        1         1 
	   Disk (KB)            :     1     3584000   4545694 
	   Memory (MB)          :   389        4096      4096 

	Job terminated of its own accord at 2021-01-08T08:15:05Z.
...
006 (13926305.018.000) 2021-01-08 09:17:11 Image size of job updated: 11932268
	584  -  MemoryUsage of job (MB)
	597348  -  ResidentSetSize of job (KB)
...
005 (13926305.018.000) 2021-01-08 09:17:11 Job terminated.
	(1) Normal termination (return value 0)
		Usr 0 00:03:07, Sys 0 00:00:11  -  Run Remote Usage
		Usr 0 00:00:00, Sys 0 00:00:00  -  Run Local Usage
		Usr 0 00:03:07, Sys 0 00:00:11  -  Total Remote Usage
		Usr 0 00:00:00, Sys 0 00:00:00  -  Total Local Usage
	0  -  Run Bytes Sent By Job
	0  -  Run Bytes Received By Job
	0  -  Total Bytes Sent By Job
	0  -  Total Bytes Received By Job
	Partitionable Resources :    Usage  Request Allocated 
	   Cpus                 :     0.93        1         1 
	   Disk (KB)            :     1     3584000   4466998 
	   Memory (MB)          :   584        4096      4096 

	Job terminated of its own accord at 2021-01-08T08:17:11Z.
...
006 (13926305.000.000) 2021-01-08 09:17:23 Image size of job updated: 11818168
	361  -  MemoryUsage of job (MB)
	368820  -  ResidentSetSize of job (KB)
...
005 (13926305.000.000) 2021-01-08 09:17:23 Job terminated.
	(1) Normal termination (return value 0)
		Usr 0 00:04:22, Sys 0 00:00:12  -  Run Remote Usage
		Usr 0 00:00:00, Sys 0 00:00:00  -  Run Local Usage
		Usr 0 00:04:22, Sys 0 00:00:12  -  Total Remote Usage
		Usr 0 00:00:00, Sys 0 00:00:00  -  Total Local Usage
	0  -  Run Bytes Sent By Job
	0  -  Run Bytes Received By Job
	0  -  Total Bytes Sent By Job
	0  -  Total Bytes Received By Job
	Partitionable Resources :    Usage  Request Allocated 
	   Cpus                 :     0.95        1         1 
	   Disk (KB)            :     1     3584000   4545406 
	   Memory (MB)          :   361        4096      4096 

	Job terminated of its own accord at 2021-01-08T08:17:23Z.
...
006 (13926305.001.000) 2021-01-08 09:17:23 Image size of job updated: 11770884
	284  -  MemoryUsage of job (MB)
	290140  -  ResidentSetSize of job (KB)
...
005 (13926305.001.000) 2021-01-08 09:17:23 Job terminated.
	(1) Normal termination (return value 0)
		Usr 0 00:04:23, Sys 0 00:00:12  -  Run Remote Usage
		Usr 0 00:00:00, Sys 0 00:00:00  -  Run Local Usage
		Usr 0 00:04:23, Sys 0 00:00:12  -  Total Remote Usage
		Usr 0 00:00:00, Sys 0 00:00:00  -  Total Local Usage
	0  -  Run Bytes Sent By Job
	0  -  Run Bytes Received By Job
	0  -  Total Bytes Sent By Job
	0  -  Total Bytes Received By Job
	Partitionable Resources :    Usage  Request Allocated 
	   Cpus                 :     0.95        1         1 
	   Disk (KB)            :     1     3584000   4537730 
	   Memory (MB)          :   284        4096      4096 

	Job terminated of its own accord at 2021-01-08T08:17:23Z.
...
006 (13926305.002.000) 2021-01-08 09:17:26 Image size of job updated: 11827356
	338  -  MemoryUsage of job (MB)
	345988  -  ResidentSetSize of job (KB)
...
005 (13926305.002.000) 2021-01-08 09:17:26 Job terminated.
	(1) Normal termination (return value 0)
		Usr 0 00:04:20, Sys 0 00:00:16  -  Run Remote Usage
		Usr 0 00:00:00, Sys 0 00:00:00  -  Run Local Usage
		Usr 0 00:04:20, Sys 0 00:00:16  -  Total Remote Usage
		Usr 0 00:00:00, Sys 0 00:00:00  -  Total Local Usage
	0  -  Run Bytes Sent By Job
	0  -  Run Bytes Received By Job
	0  -  Total Bytes Sent By Job
	0  -  Total Bytes Received By Job
	Partitionable Resources :    Usage  Request Allocated 
	   Cpus                 :     0.93        1         1 
	   Disk (KB)            :     1     3584000   3956985 
	   Memory (MB)          :   338        4096      4096 

	Job terminated of its own accord at 2021-01-08T08:17:26Z.
...
006 (13926305.009.000) 2021-01-08 09:17:31 Image size of job updated: 9660644
	386  -  MemoryUsage of job (MB)
	394832  -  ResidentSetSize of job (KB)
...
005 (13926305.009.000) 2021-01-08 09:17:31 Job terminated.
	(1) Normal termination (return value 0)
		Usr 0 00:04:22, Sys 0 00:00:15  -  Run Remote Usage
		Usr 0 00:00:00, Sys 0 00:00:00  -  Run Local Usage
		Usr 0 00:04:22, Sys 0 00:00:15  -  Total Remote Usage
		Usr 0 00:00:00, Sys 0 00:00:00  -  Total Local Usage
	0  -  Run Bytes Sent By Job
	0  -  Run Bytes Received By Job
	0  -  Total Bytes Sent By Job
	0  -  Total Bytes Received By Job
	Partitionable Resources :    Usage  Request Allocated 
	   Cpus                 :     0.95        1         1 
	   Disk (KB)            :     1     3584000   4613419 
	   Memory (MB)          :   386        4096      4096 

	Job terminated of its own accord at 2021-01-08T08:17:31Z.
...
006 (13926305.011.000) 2021-01-08 09:17:31 Image size of job updated: 2550516
	351  -  MemoryUsage of job (MB)
	358752  -  ResidentSetSize of job (KB)
...
005 (13926305.011.000) 2021-01-08 09:17:31 Job terminated.
	(1) Normal termination (return value 0)
		Usr 0 00:04:24, Sys 0 00:00:15  -  Run Remote Usage
		Usr 0 00:00:00, Sys 0 00:00:00  -  Run Local Usage
		Usr 0 00:04:24, Sys 0 00:00:15  -  Total Remote Usage
		Usr 0 00:00:00, Sys 0 00:00:00  -  Total Local Usage
	0  -  Run Bytes Sent By Job
	0  -  Run Bytes Received By Job
	0  -  Total Bytes Sent By Job
	0  -  Total Bytes Received By Job
	Partitionable Resources :    Usage  Request Allocated 
	   Cpus                 :     0.95        1         1 
	   Disk (KB)            :     1     3584000   4538314 
	   Memory (MB)          :   351        4096      4096 

	Job terminated of its own accord at 2021-01-08T08:17:31Z.
...
006 (13926305.012.000) 2021-01-08 09:17:33 Image size of job updated: 13453068
	484  -  MemoryUsage of job (MB)
	494768  -  ResidentSetSize of job (KB)
...
005 (13926305.012.000) 2021-01-08 09:17:33 Job terminated.
	(1) Normal termination (return value 0)
		Usr 0 00:03:15, Sys 0 00:00:16  -  Run Remote Usage
		Usr 0 00:00:00, Sys 0 00:00:00  -  Run Local Usage
		Usr 0 00:03:15, Sys 0 00:00:16  -  Total Remote Usage
		Usr 0 00:00:00, Sys 0 00:00:00  -  Total Local Usage
	0  -  Run Bytes Sent By Job
	0  -  Run Bytes Received By Job
	0  -  Total Bytes Sent By Job
	0  -  Total Bytes Received By Job
	Partitionable Resources :    Usage  Request Allocated 
	   Cpus                 :     0.34        1         1 
	   Disk (KB)            :     1     3584000   4407195 
	   Memory (MB)          :   484        4096      4096 

	Job terminated of its own accord at 2021-01-08T08:17:33Z.
...
006 (13926305.010.000) 2021-01-08 09:17:33 Image size of job updated: 11786052
	361  -  MemoryUsage of job (MB)
	369572  -  ResidentSetSize of job (KB)
...
005 (13926305.010.000) 2021-01-08 09:17:33 Job terminated.
	(1) Normal termination (return value 0)
		Usr 0 00:04:24, Sys 0 00:00:19  -  Run Remote Usage
		Usr 0 00:00:00, Sys 0 00:00:00  -  Run Local Usage
		Usr 0 00:04:24, Sys 0 00:00:19  -  Total Remote Usage
		Usr 0 00:00:00, Sys 0 00:00:00  -  Total Local Usage
	0  -  Run Bytes Sent By Job
	0  -  Run Bytes Received By Job
	0  -  Total Bytes Sent By Job
	0  -  Total Bytes Received By Job
	Partitionable Resources :    Usage  Request Allocated 
	   Cpus                 :     0.95        1         1 
	   Disk (KB)            :     1     3584000   4183801 
	   Memory (MB)          :   361        4096      4096 

	Job terminated of its own accord at 2021-01-08T08:17:33Z.
...
006 (13926305.019.000) 2021-01-08 09:17:34 Image size of job updated: 11797420
	340  -  MemoryUsage of job (MB)
	347484  -  ResidentSetSize of job (KB)
...
005 (13926305.019.000) 2021-01-08 09:17:34 Job terminated.
	(1) Normal termination (return value 0)
		Usr 0 00:04:22, Sys 0 00:00:17  -  Run Remote Usage
		Usr 0 00:00:00, Sys 0 00:00:00  -  Run Local Usage
		Usr 0 00:04:22, Sys 0 00:00:17  -  Total Remote Usage
		Usr 0 00:00:00, Sys 0 00:00:00  -  Total Local Usage
	0  -  Run Bytes Sent By Job
	0  -  Run Bytes Received By Job
	0  -  Total Bytes Sent By Job
	0  -  Total Bytes Received By Job
	Partitionable Resources :    Usage  Request Allocated 
	   Cpus                 :     0.94        1         1 
	   Disk (KB)            :     1     3584000   4545694 
	   Memory (MB)          :   340        4096      4096 

	Job terminated of its own accord at 2021-01-08T08:17:34Z.
...
006 (13926305.013.000) 2021-01-08 09:17:34 Image size of job updated: 11864640
	270  -  MemoryUsage of job (MB)
	275700  -  ResidentSetSize of job (KB)
...
005 (13926305.013.000) 2021-01-08 09:17:34 Job terminated.
	(1) Normal termination (return value 0)
		Usr 0 00:04:27, Sys 0 00:00:16  -  Run Remote Usage
		Usr 0 00:00:00, Sys 0 00:00:00  -  Run Local Usage
		Usr 0 00:04:27, Sys 0 00:00:16  -  Total Remote Usage
		Usr 0 00:00:00, Sys 0 00:00:00  -  Total Local Usage
	0  -  Run Bytes Sent By Job
	0  -  Run Bytes Received By Job
	0  -  Total Bytes Sent By Job
	0  -  Total Bytes Received By Job
	Partitionable Resources :    Usage  Request Allocated 
	   Cpus                 :     0.95        1         1 
	   Disk (KB)            :     1     3584000   3955248 
	   Memory (MB)          :   270        4096      4096 

	Job terminated of its own accord at 2021-01-08T08:17:34Z.
...
006 (13926305.005.000) 2021-01-08 09:17:34 Image size of job updated: 11931880
	376  -  MemoryUsage of job (MB)
	384364  -  ResidentSetSize of job (KB)
...
005 (13926305.005.000) 2021-01-08 09:17:34 Job terminated.
	(1) Normal termination (return value 0)
		Usr 0 00:04:35, Sys 0 00:00:14  -  Run Remote Usage
		Usr 0 00:00:00, Sys 0 00:00:00  -  Run Local Usage
		Usr 0 00:04:35, Sys 0 00:00:14  -  Total Remote Usage
		Usr 0 00:00:00, Sys 0 00:00:00  -  Total Local Usage
	0  -  Run Bytes Sent By Job
	0  -  Run Bytes Received By Job
	0  -  Total Bytes Sent By Job
	0  -  Total Bytes Received By Job
	Partitionable Resources :    Usage  Request Allocated 
	   Cpus                 :     0.96        1         1 
	   Disk (KB)            :     1     3584000   4541474 
	   Memory (MB)          :   376        4096      4096 

	Job terminated of its own accord at 2021-01-08T08:17:34Z.
...
006 (13926305.008.000) 2021-01-08 09:17:34 Image size of job updated: 11921864
	343  -  MemoryUsage of job (MB)
	350600  -  ResidentSetSize of job (KB)
...
005 (13926305.008.000) 2021-01-08 09:17:35 Job terminated.
	(1) Normal termination (return value 0)
		Usr 0 00:04:23, Sys 0 00:00:19  -  Run Remote Usage
		Usr 0 00:00:00, Sys 0 00:00:00  -  Run Local Usage
		Usr 0 00:04:23, Sys 0 00:00:19  -  Total Remote Usage
		Usr 0 00:00:00, Sys 0 00:00:00  -  Total Local Usage
	0  -  Run Bytes Sent By Job
	0  -  Run Bytes Received By Job
	0  -  Total Bytes Sent By Job
	0  -  Total Bytes Received By Job
	Partitionable Resources :    Usage  Request Allocated 
	   Cpus                 :     0.93        1         1 
	   Disk (KB)            :     1     3584000   4540362 
	   Memory (MB)          :   343        4096      4096 

	Job terminated of its own accord at 2021-01-08T08:17:34Z.
...
006 (13926305.004.000) 2021-01-08 09:17:35 Image size of job updated: 11970576
	395  -  MemoryUsage of job (MB)
	403580  -  ResidentSetSize of job (KB)
...
005 (13926305.004.000) 2021-01-08 09:17:35 Job terminated.
	(1) Normal termination (return value 0)
		Usr 0 00:04:26, Sys 0 00:00:18  -  Run Remote Usage
		Usr 0 00:00:00, Sys 0 00:00:00  -  Run Local Usage
		Usr 0 00:04:26, Sys 0 00:00:18  -  Total Remote Usage
		Usr 0 00:00:00, Sys 0 00:00:00  -  Total Local Usage
	0  -  Run Bytes Sent By Job
	0  -  Run Bytes Received By Job
	0  -  Total Bytes Sent By Job
	0  -  Total Bytes Received By Job
	Partitionable Resources :    Usage  Request Allocated 
	   Cpus                 :     0.94        1         1 
	   Disk (KB)            :     1     3584000   4778730 
	   Memory (MB)          :   395        4096      4096 

	Job terminated of its own accord at 2021-01-08T08:17:35Z.
...
006 (13926305.022.000) 2021-01-08 09:17:36 Image size of job updated: 10248844
	377  -  MemoryUsage of job (MB)
	385900  -  ResidentSetSize of job (KB)
...
005 (13926305.022.000) 2021-01-08 09:17:36 Job terminated.
	(1) Normal termination (return value 0)
		Usr 0 00:04:28, Sys 0 00:00:15  -  Run Remote Usage
		Usr 0 00:00:00, Sys 0 00:00:00  -  Run Local Usage
		Usr 0 00:04:28, Sys 0 00:00:15  -  Total Remote Usage
		Usr 0 00:00:00, Sys 0 00:00:00  -  Total Local Usage
	0  -  Run Bytes Sent By Job
	0  -  Run Bytes Received By Job
	0  -  Total Bytes Sent By Job
	0  -  Total Bytes Received By Job
	Partitionable Resources :    Usage  Request Allocated 
	   Cpus                 :     0.94        1         1 
	   Disk (KB)            :     1     3584000   3957000 
	   Memory (MB)          :   377        4096      4096 

	Job terminated of its own accord at 2021-01-08T08:17:36Z.
...
006 (13926305.017.000) 2021-01-08 09:17:38 Image size of job updated: 11846584
	10637  -  MemoryUsage of job (MB)
	10891488  -  ResidentSetSize of job (KB)
...
006 (13926305.016.000) 2021-01-08 09:17:38 Image size of job updated: 10991512
	10564  -  MemoryUsage of job (MB)
	10816728  -  ResidentSetSize of job (KB)
...
006 (13926305.021.000) 2021-01-08 09:17:38 Image size of job updated: 10776636
	5279  -  MemoryUsage of job (MB)
	5404852  -  ResidentSetSize of job (KB)
...
006 (13926305.014.000) 2021-01-08 09:17:38 Image size of job updated: 10814268
	6404  -  MemoryUsage of job (MB)
	6556796  -  ResidentSetSize of job (KB)
...
006 (13926305.015.000) 2021-01-08 09:17:38 Image size of job updated: 10974760
	10718  -  MemoryUsage of job (MB)
	10974352  -  ResidentSetSize of job (KB)
...
006 (13926305.003.000) 2021-01-08 09:17:38 Image size of job updated: 11218504
	10875  -  MemoryUsage of job (MB)
	11135444  -  ResidentSetSize of job (KB)
...
006 (13926305.006.000) 2021-01-08 09:17:38 Image size of job updated: 11827672
	8885  -  MemoryUsage of job (MB)
	9097680  -  ResidentSetSize of job (KB)
...
006 (13926305.020.000) 2021-01-08 09:17:38 Image size of job updated: 11839124
	11515  -  MemoryUsage of job (MB)
	11790684  -  ResidentSetSize of job (KB)
...
006 (13926305.007.000) 2021-01-08 09:17:38 Image size of job updated: 10789144
	10341  -  MemoryUsage of job (MB)
	10588736  -  ResidentSetSize of job (KB)
...
006 (13926305.006.000) 2021-01-08 09:17:42 Image size of job updated: 11829200
	8885  -  MemoryUsage of job (MB)
	9097680  -  ResidentSetSize of job (KB)
...
005 (13926305.006.000) 2021-01-08 09:17:42 Job terminated.
	(1) Normal termination (return value 0)
		Usr 0 00:04:24, Sys 0 00:00:14  -  Run Remote Usage
		Usr 0 00:00:00, Sys 0 00:00:00  -  Run Local Usage
		Usr 0 00:04:24, Sys 0 00:00:14  -  Total Remote Usage
		Usr 0 00:00:00, Sys 0 00:00:00  -  Total Local Usage
	0  -  Run Bytes Sent By Job
	0  -  Run Bytes Received By Job
	0  -  Total Bytes Sent By Job
	0  -  Total Bytes Received By Job
	Partitionable Resources :    Usage  Request Allocated 
	   Cpus                 :     0.90        1         1 
	   Disk (KB)            :     1     3584000   3997064 
	   Memory (MB)          :  8885        4096      4096 

	Job terminated of its own accord at 2021-01-08T08:17:42Z.
...
006 (13926305.020.000) 2021-01-08 09:17:43 Image size of job updated: 11839124
	11515  -  MemoryUsage of job (MB)
	11790748  -  ResidentSetSize of job (KB)
...
005 (13926305.020.000) 2021-01-08 09:17:43 Job terminated.
	(1) Normal termination (return value 0)
		Usr 0 00:04:27, Sys 0 00:00:20  -  Run Remote Usage
		Usr 0 00:00:00, Sys 0 00:00:00  -  Run Local Usage
		Usr 0 00:04:27, Sys 0 00:00:20  -  Total Remote Usage
		Usr 0 00:00:00, Sys 0 00:00:00  -  Total Local Usage
	0  -  Run Bytes Sent By Job
	0  -  Run Bytes Received By Job
	0  -  Total Bytes Sent By Job
	0  -  Total Bytes Received By Job
	Partitionable Resources :    Usage  Request Allocated 
	   Cpus                 :     0.83        1         1 
	   Disk (KB)            :     1     3584000   4783736 
	   Memory (MB)          : 11515        4096      4096 

	Job terminated of its own accord at 2021-01-08T08:17:43Z.
...
006 (13926305.017.000) 2021-01-08 09:17:46 Image size of job updated: 11969312
	10637  -  MemoryUsage of job (MB)
	10891488  -  ResidentSetSize of job (KB)
...
005 (13926305.017.000) 2021-01-08 09:17:46 Job terminated.
	(1) Normal termination (return value 0)
		Usr 0 00:04:33, Sys 0 00:00:19  -  Run Remote Usage
		Usr 0 00:00:00, Sys 0 00:00:00  -  Run Local Usage
		Usr 0 00:04:33, Sys 0 00:00:19  -  Total Remote Usage
		Usr 0 00:00:00, Sys 0 00:00:00  -  Total Local Usage
	0  -  Run Bytes Sent By Job
	0  -  Run Bytes Received By Job
	0  -  Total Bytes Sent By Job
	0  -  Total Bytes Received By Job
	Partitionable Resources :    Usage  Request Allocated 
	   Cpus                 :     0.67        1         1 
	   Disk (KB)            :     1     3584000   4470251 
	   Memory (MB)          : 10637        4096      4096 

	Job terminated of its own accord at 2021-01-08T08:17:46Z.
...
006 (13926305.003.000) 2021-01-08 09:18:00 Image size of job updated: 11861400
	10875  -  MemoryUsage of job (MB)
	11135772  -  ResidentSetSize of job (KB)
...
005 (13926305.003.000) 2021-01-08 09:18:00 Job terminated.
	(1) Normal termination (return value 0)
		Usr 0 00:04:31, Sys 0 00:00:18  -  Run Remote Usage
		Usr 0 00:00:00, Sys 0 00:00:00  -  Run Local Usage
		Usr 0 00:04:31, Sys 0 00:00:18  -  Total Remote Usage
		Usr 0 00:00:00, Sys 0 00:00:00  -  Total Local Usage
	0  -  Run Bytes Sent By Job
	0  -  Run Bytes Received By Job
	0  -  Total Bytes Sent By Job
	0  -  Total Bytes Received By Job
	Partitionable Resources :    Usage  Request Allocated 
	   Cpus                 :     0.94        1         1 
	   Disk (KB)            :     1     3584000   3829831 
	   Memory (MB)          : 10875        4096      4096 

	Job terminated of its own accord at 2021-01-08T08:18:00Z.
...
006 (13926305.015.000) 2021-01-08 09:18:06 Image size of job updated: 10974760
	10718  -  MemoryUsage of job (MB)
	10974412  -  ResidentSetSize of job (KB)
...
005 (13926305.015.000) 2021-01-08 09:18:06 Job terminated.
	(1) Normal termination (return value 0)
		Usr 0 00:04:52, Sys 0 00:00:22  -  Run Remote Usage
		Usr 0 00:00:00, Sys 0 00:00:00  -  Run Local Usage
		Usr 0 00:04:52, Sys 0 00:00:22  -  Total Remote Usage
		Usr 0 00:00:00, Sys 0 00:00:00  -  Total Local Usage
	0  -  Run Bytes Sent By Job
	0  -  Run Bytes Received By Job
	0  -  Total Bytes Sent By Job
	0  -  Total Bytes Received By Job
	Partitionable Resources :    Usage  Request Allocated 
	   Cpus                 :     1.21        1         1 
	   Disk (KB)            :     1     3584000   4827678 
	   Memory (MB)          : 10718        4096      4096 

	Job terminated of its own accord at 2021-01-08T08:18:06Z.
...
006 (13926305.016.000) 2021-01-08 09:18:07 Image size of job updated: 10991512
	10564  -  MemoryUsage of job (MB)
	10816816  -  ResidentSetSize of job (KB)
...
005 (13926305.016.000) 2021-01-08 09:18:07 Job terminated.
	(1) Normal termination (return value 0)
		Usr 0 00:04:49, Sys 0 00:00:24  -  Run Remote Usage
		Usr 0 00:00:00, Sys 0 00:00:00  -  Run Local Usage
		Usr 0 00:04:49, Sys 0 00:00:24  -  Total Remote Usage
		Usr 0 00:00:00, Sys 0 00:00:00  -  Total Local Usage
	0  -  Run Bytes Sent By Job
	0  -  Run Bytes Received By Job
	0  -  Total Bytes Sent By Job
	0  -  Total Bytes Received By Job
	Partitionable Resources :    Usage  Request Allocated 
	   Cpus                 :     0.94        1         1 
	   Disk (KB)            :     1     3584000   4559338 
	   Memory (MB)          : 10564        4096      4096 

	Job terminated of its own accord at 2021-01-08T08:18:07Z.
...
006 (13926305.021.000) 2021-01-08 09:18:12 Image size of job updated: 11844476
	5279  -  MemoryUsage of job (MB)
	5404892  -  ResidentSetSize of job (KB)
...
005 (13926305.021.000) 2021-01-08 09:18:12 Job terminated.
	(1) Normal termination (return value 0)
		Usr 0 00:04:28, Sys 0 00:00:22  -  Run Remote Usage
		Usr 0 00:00:00, Sys 0 00:00:00  -  Run Local Usage
		Usr 0 00:04:28, Sys 0 00:00:22  -  Total Remote Usage
		Usr 0 00:00:00, Sys 0 00:00:00  -  Total Local Usage
	0  -  Run Bytes Sent By Job
	0  -  Run Bytes Received By Job
	0  -  Total Bytes Sent By Job
	0  -  Total Bytes Received By Job
	Partitionable Resources :    Usage  Request Allocated 
	   Cpus                 :     0.93        1         1 
	   Disk (KB)            :     1     3584000   4422011 
	   Memory (MB)          :  5279        4096      4096 

	Job terminated of its own accord at 2021-01-08T08:18:12Z.
...
006 (13926305.014.000) 2021-01-08 09:18:15 Image size of job updated: 11840220
	6404  -  MemoryUsage of job (MB)
	6556872  -  ResidentSetSize of job (KB)
...
005 (13926305.014.000) 2021-01-08 09:18:15 Job terminated.
	(1) Normal termination (return value 0)
		Usr 0 00:04:43, Sys 0 00:00:26  -  Run Remote Usage
		Usr 0 00:00:00, Sys 0 00:00:00  -  Run Local Usage
		Usr 0 00:04:43, Sys 0 00:00:26  -  Total Remote Usage
		Usr 0 00:00:00, Sys 0 00:00:00  -  Total Local Usage
	0  -  Run Bytes Sent By Job
	0  -  Run Bytes Received By Job
	0  -  Total Bytes Sent By Job
	0  -  Total Bytes Received By Job
	Partitionable Resources :    Usage  Request Allocated 
	   Cpus                 :     0.79        1         1 
	   Disk (KB)            :     1     3584000   4423931 
	   Memory (MB)          :  6404        4096      4096 

	Job terminated of its own accord at 2021-01-08T08:18:15Z.
...
006 (13926305.007.000) 2021-01-08 09:19:07 Image size of job updated: 10789144
	10341  -  MemoryUsage of job (MB)
	10588776  -  ResidentSetSize of job (KB)
...
005 (13926305.007.000) 2021-01-08 09:19:07 Job terminated.
	(1) Normal termination (return value 0)
		Usr 0 00:04:24, Sys 0 00:00:23  -  Run Remote Usage
		Usr 0 00:00:00, Sys 0 00:00:00  -  Run Local Usage
		Usr 0 00:04:24, Sys 0 00:00:23  -  Total Remote Usage
		Usr 0 00:00:00, Sys 0 00:00:00  -  Total Local Usage
	0  -  Run Bytes Sent By Job
	0  -  Run Bytes Received By Job
	0  -  Total Bytes Sent By Job
	0  -  Total Bytes Received By Job
	Partitionable Resources :    Usage  Request Allocated 
	   Cpus                 :     0.66        1         1 
	   Disk (KB)            :     1     3584000   4784557 
	   Memory (MB)          : 10341        4096      4096 

	Job terminated of its own accord at 2021-01-08T08:19:07Z.
...
