000 (13901937.000.000) 2021-01-07 12:20:00 Job submitted from host: <131.169.223.42:9618?addrs=131.169.223.42-9618+[2001-638-700-10df--1-2a]-9618&alias=bird-htc-sched14.desy.de&noUDP&sock=schedd_1936_8371_3>
...
000 (13901937.001.000) 2021-01-07 12:20:00 Job submitted from host: <131.169.223.42:9618?addrs=131.169.223.42-9618+[2001-638-700-10df--1-2a]-9618&alias=bird-htc-sched14.desy.de&noUDP&sock=schedd_1936_8371_3>
...
000 (13901937.002.000) 2021-01-07 12:20:00 Job submitted from host: <131.169.223.42:9618?addrs=131.169.223.42-9618+[2001-638-700-10df--1-2a]-9618&alias=bird-htc-sched14.desy.de&noUDP&sock=schedd_1936_8371_3>
...
001 (13901937.000.000) 2021-01-07 12:25:14 Job executing on host: <131.169.164.49:43609?addrs=131.169.164.49-43609&alias=bird849.desy.de>
...
001 (13901937.002.000) 2021-01-07 12:25:14 Job executing on host: <131.169.164.49:43609?addrs=131.169.164.49-43609&alias=bird849.desy.de>
...
001 (13901937.001.000) 2021-01-07 12:25:14 Job executing on host: <131.169.77.218:46312?addrs=131.169.77.218-46312&alias=bird772.desy.de>
...
006 (13901937.000.000) 2021-01-07 12:25:22 Image size of job updated: 341184
	327  -  MemoryUsage of job (MB)
	334684  -  ResidentSetSize of job (KB)
...
006 (13901937.002.000) 2021-01-07 12:25:22 Image size of job updated: 346148
	330  -  MemoryUsage of job (MB)
	337708  -  ResidentSetSize of job (KB)
...
006 (13901937.001.000) 2021-01-07 12:25:22 Image size of job updated: 353760
	316  -  MemoryUsage of job (MB)
	322716  -  ResidentSetSize of job (KB)
...
006 (13901937.002.000) 2021-01-07 12:26:36 Image size of job updated: 346148
	330  -  MemoryUsage of job (MB)
	337716  -  ResidentSetSize of job (KB)
...
005 (13901937.002.000) 2021-01-07 12:26:36 Job terminated.
	(1) Normal termination (return value 0)
		Usr 0 00:01:06, Sys 0 00:00:04  -  Run Remote Usage
		Usr 0 00:00:00, Sys 0 00:00:00  -  Run Local Usage
		Usr 0 00:01:06, Sys 0 00:00:04  -  Total Remote Usage
		Usr 0 00:00:00, Sys 0 00:00:00  -  Total Local Usage
	0  -  Run Bytes Sent By Job
	0  -  Run Bytes Received By Job
	0  -  Total Bytes Sent By Job
	0  -  Total Bytes Received By Job
	Partitionable Resources :    Usage  Request Allocated 
	   Cpus                 :     0.87        1         1 
	   Disk (KB)            :     1     3584000   4541525 
	   Memory (MB)          :   330        4096      4096 

	Job terminated of its own accord at 2021-01-07T11:26:36Z.
...
006 (13901937.000.000) 2021-01-07 12:30:22 Image size of job updated: 10857536
	10582  -  MemoryUsage of job (MB)
	10835904  -  ResidentSetSize of job (KB)
...
006 (13901937.001.000) 2021-01-07 12:30:22 Image size of job updated: 10631768
	10126  -  MemoryUsage of job (MB)
	10368496  -  ResidentSetSize of job (KB)
...
006 (13901937.000.000) 2021-01-07 12:30:33 Image size of job updated: 10857536
	10583  -  MemoryUsage of job (MB)
	10836064  -  ResidentSetSize of job (KB)
...
005 (13901937.000.000) 2021-01-07 12:30:33 Job terminated.
	(1) Normal termination (return value 0)
		Usr 0 00:04:18, Sys 0 00:00:20  -  Run Remote Usage
		Usr 0 00:00:00, Sys 0 00:00:00  -  Run Local Usage
		Usr 0 00:04:18, Sys 0 00:00:20  -  Total Remote Usage
		Usr 0 00:00:00, Sys 0 00:00:00  -  Total Local Usage
	0  -  Run Bytes Sent By Job
	0  -  Run Bytes Received By Job
	0  -  Total Bytes Sent By Job
	0  -  Total Bytes Received By Job
	Partitionable Resources :    Usage  Request Allocated 
	   Cpus                 :     0.93        1         1 
	   Disk (KB)            :     1     3584000   4541525 
	   Memory (MB)          : 10583        4096      4096 

	Job terminated of its own accord at 2021-01-07T11:30:33Z.
...
005 (13901937.001.000) 2021-01-07 12:31:37 Job terminated.
	(1) Normal termination (return value 0)
		Usr 0 00:04:27, Sys 0 00:00:22  -  Run Remote Usage
		Usr 0 00:00:00, Sys 0 00:00:00  -  Run Local Usage
		Usr 0 00:04:27, Sys 0 00:00:22  -  Total Remote Usage
		Usr 0 00:00:00, Sys 0 00:00:00  -  Total Local Usage
	0  -  Run Bytes Sent By Job
	0  -  Run Bytes Received By Job
	0  -  Total Bytes Sent By Job
	0  -  Total Bytes Received By Job
	Partitionable Resources :    Usage  Request Allocated 
	   Cpus                 :     0.73        1         1 
	   Disk (KB)            :     1     3584000   4785011 
	   Memory (MB)          : 10126        4096      4096 

	Job terminated of its own accord at 2021-01-07T11:31:37Z.
...
