000 (18346176.000.000) 2021-03-26 17:56:16 Job submitted from host: <131.169.223.42:9618?addrs=131.169.223.42-9618+[2001-638-700-10df--1-2a]-9618&alias=bird-htc-sched14.desy.de&noUDP&sock=schedd_14156_6ac2_3>
...
000 (18346176.001.000) 2021-03-26 17:56:16 Job submitted from host: <131.169.223.42:9618?addrs=131.169.223.42-9618+[2001-638-700-10df--1-2a]-9618&alias=bird-htc-sched14.desy.de&noUDP&sock=schedd_14156_6ac2_3>
...
000 (18346176.002.000) 2021-03-26 17:56:16 Job submitted from host: <131.169.223.42:9618?addrs=131.169.223.42-9618+[2001-638-700-10df--1-2a]-9618&alias=bird-htc-sched14.desy.de&noUDP&sock=schedd_14156_6ac2_3>
...
000 (18346176.003.000) 2021-03-26 17:56:16 Job submitted from host: <131.169.223.42:9618?addrs=131.169.223.42-9618+[2001-638-700-10df--1-2a]-9618&alias=bird-htc-sched14.desy.de&noUDP&sock=schedd_14156_6ac2_3>
...
000 (18346176.004.000) 2021-03-26 17:56:16 Job submitted from host: <131.169.223.42:9618?addrs=131.169.223.42-9618+[2001-638-700-10df--1-2a]-9618&alias=bird-htc-sched14.desy.de&noUDP&sock=schedd_14156_6ac2_3>
...
000 (18346176.005.000) 2021-03-26 17:56:16 Job submitted from host: <131.169.223.42:9618?addrs=131.169.223.42-9618+[2001-638-700-10df--1-2a]-9618&alias=bird-htc-sched14.desy.de&noUDP&sock=schedd_14156_6ac2_3>
...
000 (18346176.006.000) 2021-03-26 17:56:16 Job submitted from host: <131.169.223.42:9618?addrs=131.169.223.42-9618+[2001-638-700-10df--1-2a]-9618&alias=bird-htc-sched14.desy.de&noUDP&sock=schedd_14156_6ac2_3>
...
000 (18346176.007.000) 2021-03-26 17:56:16 Job submitted from host: <131.169.223.42:9618?addrs=131.169.223.42-9618+[2001-638-700-10df--1-2a]-9618&alias=bird-htc-sched14.desy.de&noUDP&sock=schedd_14156_6ac2_3>
...
000 (18346176.008.000) 2021-03-26 17:56:16 Job submitted from host: <131.169.223.42:9618?addrs=131.169.223.42-9618+[2001-638-700-10df--1-2a]-9618&alias=bird-htc-sched14.desy.de&noUDP&sock=schedd_14156_6ac2_3>
...
000 (18346176.009.000) 2021-03-26 17:56:16 Job submitted from host: <131.169.223.42:9618?addrs=131.169.223.42-9618+[2001-638-700-10df--1-2a]-9618&alias=bird-htc-sched14.desy.de&noUDP&sock=schedd_14156_6ac2_3>
...
000 (18346176.010.000) 2021-03-26 17:56:16 Job submitted from host: <131.169.223.42:9618?addrs=131.169.223.42-9618+[2001-638-700-10df--1-2a]-9618&alias=bird-htc-sched14.desy.de&noUDP&sock=schedd_14156_6ac2_3>
...
000 (18346176.011.000) 2021-03-26 17:56:16 Job submitted from host: <131.169.223.42:9618?addrs=131.169.223.42-9618+[2001-638-700-10df--1-2a]-9618&alias=bird-htc-sched14.desy.de&noUDP&sock=schedd_14156_6ac2_3>
...
000 (18346176.012.000) 2021-03-26 17:56:16 Job submitted from host: <131.169.223.42:9618?addrs=131.169.223.42-9618+[2001-638-700-10df--1-2a]-9618&alias=bird-htc-sched14.desy.de&noUDP&sock=schedd_14156_6ac2_3>
...
000 (18346176.013.000) 2021-03-26 17:56:16 Job submitted from host: <131.169.223.42:9618?addrs=131.169.223.42-9618+[2001-638-700-10df--1-2a]-9618&alias=bird-htc-sched14.desy.de&noUDP&sock=schedd_14156_6ac2_3>
...
000 (18346176.014.000) 2021-03-26 17:56:16 Job submitted from host: <131.169.223.42:9618?addrs=131.169.223.42-9618+[2001-638-700-10df--1-2a]-9618&alias=bird-htc-sched14.desy.de&noUDP&sock=schedd_14156_6ac2_3>
...
000 (18346176.015.000) 2021-03-26 17:56:16 Job submitted from host: <131.169.223.42:9618?addrs=131.169.223.42-9618+[2001-638-700-10df--1-2a]-9618&alias=bird-htc-sched14.desy.de&noUDP&sock=schedd_14156_6ac2_3>
...
000 (18346176.016.000) 2021-03-26 17:56:16 Job submitted from host: <131.169.223.42:9618?addrs=131.169.223.42-9618+[2001-638-700-10df--1-2a]-9618&alias=bird-htc-sched14.desy.de&noUDP&sock=schedd_14156_6ac2_3>
...
000 (18346176.017.000) 2021-03-26 17:56:16 Job submitted from host: <131.169.223.42:9618?addrs=131.169.223.42-9618+[2001-638-700-10df--1-2a]-9618&alias=bird-htc-sched14.desy.de&noUDP&sock=schedd_14156_6ac2_3>
...
000 (18346176.018.000) 2021-03-26 17:56:16 Job submitted from host: <131.169.223.42:9618?addrs=131.169.223.42-9618+[2001-638-700-10df--1-2a]-9618&alias=bird-htc-sched14.desy.de&noUDP&sock=schedd_14156_6ac2_3>
...
000 (18346176.019.000) 2021-03-26 17:56:16 Job submitted from host: <131.169.223.42:9618?addrs=131.169.223.42-9618+[2001-638-700-10df--1-2a]-9618&alias=bird-htc-sched14.desy.de&noUDP&sock=schedd_14156_6ac2_3>
...
000 (18346176.020.000) 2021-03-26 17:56:16 Job submitted from host: <131.169.223.42:9618?addrs=131.169.223.42-9618+[2001-638-700-10df--1-2a]-9618&alias=bird-htc-sched14.desy.de&noUDP&sock=schedd_14156_6ac2_3>
...
000 (18346176.021.000) 2021-03-26 17:56:16 Job submitted from host: <131.169.223.42:9618?addrs=131.169.223.42-9618+[2001-638-700-10df--1-2a]-9618&alias=bird-htc-sched14.desy.de&noUDP&sock=schedd_14156_6ac2_3>
...
000 (18346176.022.000) 2021-03-26 17:56:16 Job submitted from host: <131.169.223.42:9618?addrs=131.169.223.42-9618+[2001-638-700-10df--1-2a]-9618&alias=bird-htc-sched14.desy.de&noUDP&sock=schedd_14156_6ac2_3>
...
000 (18346176.023.000) 2021-03-26 17:56:16 Job submitted from host: <131.169.223.42:9618?addrs=131.169.223.42-9618+[2001-638-700-10df--1-2a]-9618&alias=bird-htc-sched14.desy.de&noUDP&sock=schedd_14156_6ac2_3>
...
000 (18346176.024.000) 2021-03-26 17:56:16 Job submitted from host: <131.169.223.42:9618?addrs=131.169.223.42-9618+[2001-638-700-10df--1-2a]-9618&alias=bird-htc-sched14.desy.de&noUDP&sock=schedd_14156_6ac2_3>
...
001 (18346176.004.000) 2021-03-26 18:07:09 Job executing on host: <131.169.163.139:46493?addrs=131.169.163.139-46493&alias=bird700.desy.de>
...
001 (18346176.003.000) 2021-03-26 18:07:09 Job executing on host: <131.169.164.48:34573?addrs=131.169.164.48-34573&alias=bird848.desy.de>
...
001 (18346176.010.000) 2021-03-26 18:07:09 Job executing on host: <131.169.77.149:38198?addrs=131.169.77.149-38198&alias=bird629.desy.de>
...
001 (18346176.021.000) 2021-03-26 18:07:09 Job executing on host: <131.169.77.149:38198?addrs=131.169.77.149-38198&alias=bird629.desy.de>
...
001 (18346176.008.000) 2021-03-26 18:07:09 Job executing on host: <131.169.160.113:39938?addrs=131.169.160.113-39938&alias=batch1074.desy.de>
...
001 (18346176.012.000) 2021-03-26 18:07:10 Job executing on host: <131.169.163.132:38830?addrs=131.169.163.132-38830&alias=bird693.desy.de>
...
001 (18346176.022.000) 2021-03-26 18:07:10 Job executing on host: <131.169.163.132:38830?addrs=131.169.163.132-38830&alias=bird693.desy.de>
...
001 (18346176.005.000) 2021-03-26 18:07:10 Job executing on host: <131.169.77.165:37450?addrs=131.169.77.165-37450&alias=bird645.desy.de>
...
001 (18346176.009.000) 2021-03-26 18:07:10 Job executing on host: <131.169.160.171:44166?addrs=131.169.160.171-44166&alias=batch1173.desy.de>
...
001 (18346176.007.000) 2021-03-26 18:07:10 Job executing on host: <131.169.162.165:40273?addrs=131.169.162.165-40273&alias=batch1165.desy.de>
...
001 (18346176.015.000) 2021-03-26 18:07:10 Job executing on host: <131.169.164.8:44175?addrs=131.169.164.8-44175&alias=bird808.desy.de>
...
001 (18346176.013.000) 2021-03-26 18:07:10 Job executing on host: <131.169.162.169:32955?addrs=131.169.162.169-32955&alias=batch1169.desy.de>
...
001 (18346176.017.000) 2021-03-26 18:07:10 Job executing on host: <131.169.164.2:39378?addrs=131.169.164.2-39378&alias=bird802.desy.de>
...
001 (18346176.001.000) 2021-03-26 18:07:10 Job executing on host: <131.169.162.155:38559?addrs=131.169.162.155-38559&alias=batch1155.desy.de>
...
001 (18346176.024.000) 2021-03-26 18:07:10 Job executing on host: <131.169.164.2:39378?addrs=131.169.164.2-39378&alias=bird802.desy.de>
...
001 (18346176.002.000) 2021-03-26 18:07:10 Job executing on host: <131.169.77.219:40048?addrs=131.169.77.219-40048&alias=bird773.desy.de>
...
001 (18346176.014.000) 2021-03-26 18:07:10 Job executing on host: <131.169.164.49:41599?addrs=131.169.164.49-41599&alias=bird849.desy.de>
...
001 (18346176.023.000) 2021-03-26 18:07:10 Job executing on host: <131.169.164.49:41599?addrs=131.169.164.49-41599&alias=bird849.desy.de>
...
001 (18346176.006.000) 2021-03-26 18:07:10 Job executing on host: <131.169.162.167:39553?addrs=131.169.162.167-39553&alias=batch1167.desy.de>
...
001 (18346176.011.000) 2021-03-26 18:07:10 Job executing on host: <131.169.160.112:37541?addrs=131.169.160.112-37541&alias=batch1073.desy.de>
...
001 (18346176.019.000) 2021-03-26 18:07:10 Job executing on host: <131.169.160.165:43433?addrs=131.169.160.165-43433&alias=batch1065.desy.de>
...
001 (18346176.000.000) 2021-03-26 18:07:10 Job executing on host: <131.169.160.161:40391?addrs=131.169.160.161-40391&alias=batch1061.desy.de>
...
001 (18346176.016.000) 2021-03-26 18:07:10 Job executing on host: <131.169.160.164:32901?addrs=131.169.160.164-32901&alias=batch1064.desy.de>
...
001 (18346176.020.000) 2021-03-26 18:07:10 Job executing on host: <131.169.160.162:37520?addrs=131.169.160.162-37520&alias=batch1062.desy.de>
...
006 (18346176.004.000) 2021-03-26 18:07:17 Image size of job updated: 270072
	183  -  MemoryUsage of job (MB)
	186680  -  ResidentSetSize of job (KB)
...
006 (18346176.003.000) 2021-03-26 18:07:17 Image size of job updated: 287708
	201  -  MemoryUsage of job (MB)
	205196  -  ResidentSetSize of job (KB)
...
006 (18346176.010.000) 2021-03-26 18:07:17 Image size of job updated: 223164
	174  -  MemoryUsage of job (MB)
	177208  -  ResidentSetSize of job (KB)
...
006 (18346176.021.000) 2021-03-26 18:07:17 Image size of job updated: 213816
	173  -  MemoryUsage of job (MB)
	176368  -  ResidentSetSize of job (KB)
...
006 (18346176.012.000) 2021-03-26 18:07:18 Image size of job updated: 237924
	190  -  MemoryUsage of job (MB)
	194112  -  ResidentSetSize of job (KB)
...
006 (18346176.022.000) 2021-03-26 18:07:18 Image size of job updated: 235884
	190  -  MemoryUsage of job (MB)
	194076  -  ResidentSetSize of job (KB)
...
006 (18346176.007.000) 2021-03-26 18:07:18 Image size of job updated: 318396
	228  -  MemoryUsage of job (MB)
	233168  -  ResidentSetSize of job (KB)
...
006 (18346176.005.000) 2021-03-26 18:07:18 Image size of job updated: 262904
	174  -  MemoryUsage of job (MB)
	177924  -  ResidentSetSize of job (KB)
...
006 (18346176.009.000) 2021-03-26 18:07:18 Image size of job updated: 316472
	224  -  MemoryUsage of job (MB)
	229308  -  ResidentSetSize of job (KB)
...
006 (18346176.015.000) 2021-03-26 18:07:18 Image size of job updated: 214440
	129  -  MemoryUsage of job (MB)
	131128  -  ResidentSetSize of job (KB)
...
006 (18346176.013.000) 2021-03-26 18:07:18 Image size of job updated: 287072
	198  -  MemoryUsage of job (MB)
	201772  -  ResidentSetSize of job (KB)
...
006 (18346176.001.000) 2021-03-26 18:07:18 Image size of job updated: 285920
	196  -  MemoryUsage of job (MB)
	200560  -  ResidentSetSize of job (KB)
...
006 (18346176.017.000) 2021-03-26 18:07:18 Image size of job updated: 220132
	179  -  MemoryUsage of job (MB)
	182648  -  ResidentSetSize of job (KB)
...
006 (18346176.024.000) 2021-03-26 18:07:18 Image size of job updated: 232720
	179  -  MemoryUsage of job (MB)
	182868  -  ResidentSetSize of job (KB)
...
006 (18346176.002.000) 2021-03-26 18:07:18 Image size of job updated: 261344
	171  -  MemoryUsage of job (MB)
	174084  -  ResidentSetSize of job (KB)
...
006 (18346176.008.000) 2021-03-26 18:07:18 Image size of job updated: 251184
	166  -  MemoryUsage of job (MB)
	169108  -  ResidentSetSize of job (KB)
...
006 (18346176.006.000) 2021-03-26 18:07:19 Image size of job updated: 135296
	63  -  MemoryUsage of job (MB)
	63956  -  ResidentSetSize of job (KB)
...
006 (18346176.014.000) 2021-03-26 18:07:19 Image size of job updated: 216036
	168  -  MemoryUsage of job (MB)
	171140  -  ResidentSetSize of job (KB)
...
006 (18346176.023.000) 2021-03-26 18:07:19 Image size of job updated: 213264
	167  -  MemoryUsage of job (MB)
	170824  -  ResidentSetSize of job (KB)
...
006 (18346176.011.000) 2021-03-26 18:07:19 Image size of job updated: 243496
	153  -  MemoryUsage of job (MB)
	156236  -  ResidentSetSize of job (KB)
...
006 (18346176.019.000) 2021-03-26 18:07:19 Image size of job updated: 241632
	153  -  MemoryUsage of job (MB)
	156444  -  ResidentSetSize of job (KB)
...
006 (18346176.000.000) 2021-03-26 18:07:19 Image size of job updated: 201964
	119  -  MemoryUsage of job (MB)
	121152  -  ResidentSetSize of job (KB)
...
006 (18346176.016.000) 2021-03-26 18:07:19 Image size of job updated: 251724
	163  -  MemoryUsage of job (MB)
	166680  -  ResidentSetSize of job (KB)
...
006 (18346176.020.000) 2021-03-26 18:07:19 Image size of job updated: 240976
	153  -  MemoryUsage of job (MB)
	155692  -  ResidentSetSize of job (KB)
...
022 (18346176.018.000) 2021-03-26 18:09:09 Job disconnected, attempting to reconnect
    Socket between submit and execute hosts closed unexpectedly
    Trying to reconnect to slot2_8@bird841.desy.de <131.169.164.41:34166?addrs=131.169.164.41-34166&alias=bird841.desy.de>
...
024 (18346176.018.000) 2021-03-26 18:09:09 Job reconnection failed
    Job not found at execution machine
    Can not reconnect to slot2_8@bird841.desy.de, rescheduling job
...
001 (18346176.018.000) 2021-03-26 18:10:02 Job executing on host: <131.169.164.17:37619?addrs=131.169.164.17-37619&alias=bird817.desy.de>
...
006 (18346176.018.000) 2021-03-26 18:10:11 Image size of job updated: 129372
	61  -  MemoryUsage of job (MB)
	62080  -  ResidentSetSize of job (KB)
...
006 (18346176.004.000) 2021-03-26 18:12:17 Image size of job updated: 3418760
	3258  -  MemoryUsage of job (MB)
	3335368  -  ResidentSetSize of job (KB)
...
006 (18346176.003.000) 2021-03-26 18:12:17 Image size of job updated: 3757340
	3589  -  MemoryUsage of job (MB)
	3674788  -  ResidentSetSize of job (KB)
...
006 (18346176.010.000) 2021-03-26 18:12:17 Image size of job updated: 3236980
	3117  -  MemoryUsage of job (MB)
	3191024  -  ResidentSetSize of job (KB)
...
006 (18346176.021.000) 2021-03-26 18:12:17 Image size of job updated: 3188692
	3078  -  MemoryUsage of job (MB)
	3151244  -  ResidentSetSize of job (KB)
...
006 (18346176.012.000) 2021-03-26 18:12:18 Image size of job updated: 5478252
	5349  -  MemoryUsage of job (MB)
	5477340  -  ResidentSetSize of job (KB)
...
006 (18346176.001.000) 2021-03-26 18:12:18 Image size of job updated: 11840068
	11460  -  MemoryUsage of job (MB)
	11734088  -  ResidentSetSize of job (KB)
...
006 (18346176.022.000) 2021-03-26 18:12:18 Image size of job updated: 5534120
	5402  -  MemoryUsage of job (MB)
	5531400  -  ResidentSetSize of job (KB)
...
006 (18346176.007.000) 2021-03-26 18:12:18 Image size of job updated: 7091664
	6923  -  MemoryUsage of job (MB)
	7088332  -  ResidentSetSize of job (KB)
...
006 (18346176.009.000) 2021-03-26 18:12:18 Image size of job updated: 7319440
	7063  -  MemoryUsage of job (MB)
	7232276  -  ResidentSetSize of job (KB)
...
006 (18346176.017.000) 2021-03-26 18:12:18 Image size of job updated: 5470040
	5306  -  MemoryUsage of job (MB)
	5432556  -  ResidentSetSize of job (KB)
...
006 (18346176.024.000) 2021-03-26 18:12:18 Image size of job updated: 5273100
	5101  -  MemoryUsage of job (MB)
	5223248  -  ResidentSetSize of job (KB)
...
006 (18346176.015.000) 2021-03-26 18:12:18 Image size of job updated: 7637808
	7374  -  MemoryUsage of job (MB)
	7550544  -  ResidentSetSize of job (KB)
...
006 (18346176.005.000) 2021-03-26 18:12:18 Image size of job updated: 4618712
	4428  -  MemoryUsage of job (MB)
	4533640  -  ResidentSetSize of job (KB)
...
006 (18346176.013.000) 2021-03-26 18:12:18 Image size of job updated: 10571380
	5174  -  MemoryUsage of job (MB)
	5297692  -  ResidentSetSize of job (KB)
...
006 (18346176.002.000) 2021-03-26 18:12:18 Image size of job updated: 5939712
	5798  -  MemoryUsage of job (MB)
	5936648  -  ResidentSetSize of job (KB)
...
006 (18346176.008.000) 2021-03-26 18:12:19 Image size of job updated: 3425020
	3265  -  MemoryUsage of job (MB)
	3342812  -  ResidentSetSize of job (KB)
...
006 (18346176.000.000) 2021-03-26 18:12:20 Image size of job updated: 6944316
	6616  -  MemoryUsage of job (MB)
	6773940  -  ResidentSetSize of job (KB)
...
006 (18346176.019.000) 2021-03-26 18:12:20 Image size of job updated: 5819792
	5024  -  MemoryUsage of job (MB)
	5144124  -  ResidentSetSize of job (KB)
...
006 (18346176.016.000) 2021-03-26 18:12:20 Image size of job updated: 6535876
	6380  -  MemoryUsage of job (MB)
	6532556  -  ResidentSetSize of job (KB)
...
006 (18346176.020.000) 2021-03-26 18:12:20 Image size of job updated: 5192352
	5068  -  MemoryUsage of job (MB)
	5189536  -  ResidentSetSize of job (KB)
...
006 (18346176.023.000) 2021-03-26 18:12:20 Image size of job updated: 7442456
	7262  -  MemoryUsage of job (MB)
	7435284  -  ResidentSetSize of job (KB)
...
006 (18346176.006.000) 2021-03-26 18:12:20 Image size of job updated: 7941932
	7753  -  MemoryUsage of job (MB)
	7938124  -  ResidentSetSize of job (KB)
...
006 (18346176.014.000) 2021-03-26 18:12:20 Image size of job updated: 7335800
	7160  -  MemoryUsage of job (MB)
	7331556  -  ResidentSetSize of job (KB)
...
006 (18346176.011.000) 2021-03-26 18:12:20 Image size of job updated: 4563168
	4453  -  MemoryUsage of job (MB)
	4559720  -  ResidentSetSize of job (KB)
...
006 (18346176.001.000) 2021-03-26 18:12:26 Image size of job updated: 12018424
	11460  -  MemoryUsage of job (MB)
	11734088  -  ResidentSetSize of job (KB)
...
005 (18346176.001.000) 2021-03-26 18:12:26 Job terminated.
	(1) Normal termination (return value 0)
		Usr 0 00:03:19, Sys 0 00:00:14  -  Run Remote Usage
		Usr 0 00:00:00, Sys 0 00:00:00  -  Run Local Usage
		Usr 0 00:03:19, Sys 0 00:00:14  -  Total Remote Usage
		Usr 0 00:00:00, Sys 0 00:00:00  -  Total Local Usage
	0  -  Run Bytes Sent By Job
	0  -  Run Bytes Received By Job
	0  -  Total Bytes Sent By Job
	0  -  Total Bytes Received By Job
	Partitionable Resources :    Usage  Request Allocated 
	   Cpus                 :     0.74        1         1 
	   Disk (KB)            :     1     3584000   4799724 
	   Memory (MB)          : 11460        4096      4096 

	Job terminated of its own accord at 2021-03-26T17:12:26Z.
...
006 (18346176.013.000) 2021-03-26 18:13:06 Image size of job updated: 12120856
	5174  -  MemoryUsage of job (MB)
	5297692  -  ResidentSetSize of job (KB)
...
005 (18346176.013.000) 2021-03-26 18:13:06 Job terminated.
	(1) Normal termination (return value 0)
		Usr 0 00:03:09, Sys 0 00:00:10  -  Run Remote Usage
		Usr 0 00:00:00, Sys 0 00:00:00  -  Run Local Usage
		Usr 0 00:03:09, Sys 0 00:00:10  -  Total Remote Usage
		Usr 0 00:00:00, Sys 0 00:00:00  -  Total Local Usage
	0  -  Run Bytes Sent By Job
	0  -  Run Bytes Received By Job
	0  -  Total Bytes Sent By Job
	0  -  Total Bytes Received By Job
	Partitionable Resources :    Usage  Request Allocated 
	   Cpus                 :     0.63        1         1 
	   Disk (KB)            :     1     3584000   4403777 
	   Memory (MB)          :  5174        4096      4096 

	Job terminated of its own accord at 2021-03-26T17:13:06Z.
...
006 (18346176.018.000) 2021-03-26 18:15:12 Image size of job updated: 7234496
	6978  -  MemoryUsage of job (MB)
	7144472  -  ResidentSetSize of job (KB)
...
005 (18346176.015.000) 2021-03-26 18:15:31 Job terminated.
	(1) Normal termination (return value 0)
		Usr 0 00:04:57, Sys 0 00:00:26  -  Run Remote Usage
		Usr 0 00:00:00, Sys 0 00:00:00  -  Run Local Usage
		Usr 0 00:04:57, Sys 0 00:00:26  -  Total Remote Usage
		Usr 0 00:00:00, Sys 0 00:00:00  -  Total Local Usage
	0  -  Run Bytes Sent By Job
	0  -  Run Bytes Received By Job
	0  -  Total Bytes Sent By Job
	0  -  Total Bytes Received By Job
	Partitionable Resources :    Usage  Request Allocated 
	   Cpus                 :     0.61        1         1 
	   Disk (KB)            :     1     3584000   3985702 
	   Memory (MB)          :  7374        4096      4096 

	Job terminated of its own accord at 2021-03-26T17:15:31Z.
...
006 (18346176.023.000) 2021-03-26 18:15:39 Image size of job updated: 12116860
	7262  -  MemoryUsage of job (MB)
	7435284  -  ResidentSetSize of job (KB)
...
005 (18346176.023.000) 2021-03-26 18:15:39 Job terminated.
	(1) Normal termination (return value 0)
		Usr 0 00:04:45, Sys 0 00:00:30  -  Run Remote Usage
		Usr 0 00:00:00, Sys 0 00:00:00  -  Run Local Usage
		Usr 0 00:04:45, Sys 0 00:00:30  -  Total Remote Usage
		Usr 0 00:00:00, Sys 0 00:00:00  -  Total Local Usage
	0  -  Run Bytes Sent By Job
	0  -  Run Bytes Received By Job
	0  -  Total Bytes Sent By Job
	0  -  Total Bytes Received By Job
	Partitionable Resources :    Usage  Request Allocated 
	   Cpus                 :     0.75        1         1 
	   Disk (KB)            :     1     3584000   4539368 
	   Memory (MB)          :  7262        4096      4096 

	Job terminated of its own accord at 2021-03-26T17:15:39Z.
...
006 (18346176.014.000) 2021-03-26 18:15:44 Image size of job updated: 12051032
	7160  -  MemoryUsage of job (MB)
	7331568  -  ResidentSetSize of job (KB)
...
005 (18346176.014.000) 2021-03-26 18:15:44 Job terminated.
	(1) Normal termination (return value 0)
		Usr 0 00:04:58, Sys 0 00:00:27  -  Run Remote Usage
		Usr 0 00:00:00, Sys 0 00:00:00  -  Run Local Usage
		Usr 0 00:04:58, Sys 0 00:00:27  -  Total Remote Usage
		Usr 0 00:00:00, Sys 0 00:00:00  -  Total Local Usage
	0  -  Run Bytes Sent By Job
	0  -  Run Bytes Received By Job
	0  -  Total Bytes Sent By Job
	0  -  Total Bytes Received By Job
	Partitionable Resources :    Usage  Request Allocated 
	   Cpus                 :     0.79        1         1 
	   Disk (KB)            :     1     3584000   4539368 
	   Memory (MB)          :  7160        4096      4096 

	Job terminated of its own accord at 2021-03-26T17:15:44Z.
...
006 (18346176.009.000) 2021-03-26 18:15:51 Image size of job updated: 13703516
	7063  -  MemoryUsage of job (MB)
	7232276  -  ResidentSetSize of job (KB)
...
005 (18346176.009.000) 2021-03-26 18:15:51 Job terminated.
	(1) Normal termination (return value 0)
		Usr 0 00:03:15, Sys 0 00:00:14  -  Run Remote Usage
		Usr 0 00:00:00, Sys 0 00:00:00  -  Run Local Usage
		Usr 0 00:03:15, Sys 0 00:00:14  -  Total Remote Usage
		Usr 0 00:00:00, Sys 0 00:00:00  -  Total Local Usage
	0  -  Run Bytes Sent By Job
	0  -  Run Bytes Received By Job
	0  -  Total Bytes Sent By Job
	0  -  Total Bytes Received By Job
	Partitionable Resources :    Usage  Request Allocated 
	   Cpus                 :     0.42        1         1 
	   Disk (KB)            :     1     3584000   4305537 
	   Memory (MB)          :  7063        4096      4096 

	Job terminated of its own accord at 2021-03-26T17:15:51Z.
...
006 (18346176.007.000) 2021-03-26 18:16:05 Image size of job updated: 12201892
	6923  -  MemoryUsage of job (MB)
	7088388  -  ResidentSetSize of job (KB)
...
005 (18346176.007.000) 2021-03-26 18:16:05 Job terminated.
	(1) Normal termination (return value 0)
		Usr 0 00:03:14, Sys 0 00:00:17  -  Run Remote Usage
		Usr 0 00:00:00, Sys 0 00:00:00  -  Run Local Usage
		Usr 0 00:03:14, Sys 0 00:00:17  -  Total Remote Usage
		Usr 0 00:00:00, Sys 0 00:00:00  -  Total Local Usage
	0  -  Run Bytes Sent By Job
	0  -  Run Bytes Received By Job
	0  -  Total Bytes Sent By Job
	0  -  Total Bytes Received By Job
	Partitionable Resources :    Usage  Request Allocated 
	   Cpus                 :     0.42        1         1 
	   Disk (KB)            :     1     3584000   4407417 
	   Memory (MB)          :  6923        4096      4096 

	Job terminated of its own accord at 2021-03-26T17:16:05Z.
...
006 (18346176.000.000) 2021-03-26 18:16:35 Image size of job updated: 12193944
	6616  -  MemoryUsage of job (MB)
	6773940  -  ResidentSetSize of job (KB)
...
005 (18346176.000.000) 2021-03-26 18:16:36 Job terminated.
	(1) Normal termination (return value 0)
		Usr 0 00:05:33, Sys 0 00:00:32  -  Run Remote Usage
		Usr 0 00:00:00, Sys 0 00:00:00  -  Run Local Usage
		Usr 0 00:05:33, Sys 0 00:00:32  -  Total Remote Usage
		Usr 0 00:00:00, Sys 0 00:00:00  -  Total Local Usage
	0  -  Run Bytes Sent By Job
	0  -  Run Bytes Received By Job
	0  -  Total Bytes Sent By Job
	0  -  Total Bytes Received By Job
	Partitionable Resources :    Usage  Request Allocated 
	   Cpus                 :     0.71        1         1 
	   Disk (KB)            :     1     3584000   4370774 
	   Memory (MB)          :  6616        4096      4096 

	Job terminated of its own accord at 2021-03-26T17:16:35Z.
...
006 (18346176.016.000) 2021-03-26 18:16:47 Image size of job updated: 12189588
	6380  -  MemoryUsage of job (MB)
	6532580  -  ResidentSetSize of job (KB)
...
005 (18346176.016.000) 2021-03-26 18:16:47 Job terminated.
	(1) Normal termination (return value 0)
		Usr 0 00:05:41, Sys 0 00:00:33  -  Run Remote Usage
		Usr 0 00:00:00, Sys 0 00:00:00  -  Run Local Usage
		Usr 0 00:05:41, Sys 0 00:00:33  -  Total Remote Usage
		Usr 0 00:00:00, Sys 0 00:00:00  -  Total Local Usage
	0  -  Run Bytes Sent By Job
	0  -  Run Bytes Received By Job
	0  -  Total Bytes Sent By Job
	0  -  Total Bytes Received By Job
	Partitionable Resources :    Usage  Request Allocated 
	   Cpus                 :     0.74        1         1 
	   Disk (KB)            :     1     3584000   4302806 
	   Memory (MB)          :  6380        4096      4096 

	Job terminated of its own accord at 2021-03-26T17:16:47Z.
...
006 (18346176.003.000) 2021-03-26 18:17:17 Image size of job updated: 7372532
	7143  -  MemoryUsage of job (MB)
	7314276  -  ResidentSetSize of job (KB)
...
006 (18346176.004.000) 2021-03-26 18:17:17 Image size of job updated: 6635704
	3804  -  MemoryUsage of job (MB)
	3895068  -  ResidentSetSize of job (KB)
...
006 (18346176.010.000) 2021-03-26 18:17:17 Image size of job updated: 6168700
	5980  -  MemoryUsage of job (MB)
	6122744  -  ResidentSetSize of job (KB)
...
006 (18346176.021.000) 2021-03-26 18:17:18 Image size of job updated: 6007080
	5830  -  MemoryUsage of job (MB)
	5969632  -  ResidentSetSize of job (KB)
...
006 (18346176.008.000) 2021-03-26 18:17:19 Image size of job updated: 6698016
	4186  -  MemoryUsage of job (MB)
	4286124  -  ResidentSetSize of job (KB)
...
006 (18346176.017.000) 2021-03-26 18:17:19 Image size of job updated: 10400968
	7122  -  MemoryUsage of job (MB)
	7292148  -  ResidentSetSize of job (KB)
...
006 (18346176.012.000) 2021-03-26 18:17:19 Image size of job updated: 10517736
	10268  -  MemoryUsage of job (MB)
	10514156  -  ResidentSetSize of job (KB)
...
006 (18346176.022.000) 2021-03-26 18:17:19 Image size of job updated: 10564844
	10308  -  MemoryUsage of job (MB)
	10554508  -  ResidentSetSize of job (KB)
...
006 (18346176.005.000) 2021-03-26 18:17:19 Image size of job updated: 8557604
	8275  -  MemoryUsage of job (MB)
	8472632  -  ResidentSetSize of job (KB)
...
006 (18346176.024.000) 2021-03-26 18:17:19 Image size of job updated: 9914864
	7704  -  MemoryUsage of job (MB)
	7888328  -  ResidentSetSize of job (KB)
...
006 (18346176.002.000) 2021-03-26 18:17:19 Image size of job updated: 8288768
	5820  -  MemoryUsage of job (MB)
	5959348  -  ResidentSetSize of job (KB)
...
006 (18346176.019.000) 2021-03-26 18:17:20 Image size of job updated: 11299448
	6739  -  MemoryUsage of job (MB)
	6900476  -  ResidentSetSize of job (KB)
...
006 (18346176.020.000) 2021-03-26 18:17:20 Image size of job updated: 9819700
	5801  -  MemoryUsage of job (MB)
	5939404  -  ResidentSetSize of job (KB)
...
006 (18346176.006.000) 2021-03-26 18:17:21 Image size of job updated: 11538720
	7753  -  MemoryUsage of job (MB)
	7938124  -  ResidentSetSize of job (KB)
...
006 (18346176.011.000) 2021-03-26 18:17:21 Image size of job updated: 8680700
	6036  -  MemoryUsage of job (MB)
	6180832  -  ResidentSetSize of job (KB)
...
005 (18346176.019.000) 2021-03-26 18:17:59 Job terminated.
	(1) Normal termination (return value 0)
		Usr 0 00:06:25, Sys 0 00:00:37  -  Run Remote Usage
		Usr 0 00:00:00, Sys 0 00:00:00  -  Run Local Usage
		Usr 0 00:06:25, Sys 0 00:00:37  -  Total Remote Usage
		Usr 0 00:00:00, Sys 0 00:00:00  -  Total Local Usage
	0  -  Run Bytes Sent By Job
	0  -  Run Bytes Received By Job
	0  -  Total Bytes Sent By Job
	0  -  Total Bytes Received By Job
	Partitionable Resources :    Usage  Request Allocated 
	   Cpus                 :     0.77        1         1 
	   Disk (KB)            :     1     3584000   4434786 
	   Memory (MB)          :  6739        4096      4096 

	Job terminated of its own accord at 2021-03-26T17:17:59Z.
...
005 (18346176.006.000) 2021-03-26 18:18:02 Job terminated.
	(1) Normal termination (return value 0)
		Usr 0 00:05:44, Sys 0 00:00:42  -  Run Remote Usage
		Usr 0 00:00:00, Sys 0 00:00:00  -  Run Local Usage
		Usr 0 00:05:44, Sys 0 00:00:42  -  Total Remote Usage
		Usr 0 00:00:00, Sys 0 00:00:00  -  Total Local Usage
	0  -  Run Bytes Sent By Job
	0  -  Run Bytes Received By Job
	0  -  Total Bytes Sent By Job
	0  -  Total Bytes Received By Job
	Partitionable Resources :    Usage  Request Allocated 
	   Cpus                 :     0.54        1         1 
	   Disk (KB)            :     1     3584000   4409220 
	   Memory (MB)          :  7753        4096      4096 

	Job terminated of its own accord at 2021-03-26T17:18:02Z.
...
006 (18346176.018.000) 2021-03-26 18:18:12 Image size of job updated: 12137652
	6978  -  MemoryUsage of job (MB)
	7144472  -  ResidentSetSize of job (KB)
...
005 (18346176.018.000) 2021-03-26 18:18:12 Job terminated.
	(1) Normal termination (return value 0)
		Usr 0 00:05:09, Sys 0 00:00:26  -  Run Remote Usage
		Usr 0 00:00:00, Sys 0 00:00:00  -  Run Local Usage
		Usr 0 00:05:09, Sys 0 00:00:26  -  Total Remote Usage
		Usr 0 00:00:00, Sys 0 00:00:00  -  Total Local Usage
	0  -  Run Bytes Sent By Job
	0  -  Run Bytes Received By Job
	0  -  Total Bytes Sent By Job
	0  -  Total Bytes Received By Job
	Partitionable Resources :    Usage  Request Allocated 
	   Cpus                 :     0.78        1         1 
	   Disk (KB)            :     1     3584000   4543448 
	   Memory (MB)          :  6978        4096      4096 

	Job terminated of its own accord at 2021-03-26T17:18:12Z.
...
005 (18346176.022.000) 2021-03-26 18:18:42 Job terminated.
	(1) Normal termination (return value 0)
		Usr 0 00:05:25, Sys 0 00:00:28  -  Run Remote Usage
		Usr 0 00:00:00, Sys 0 00:00:00  -  Run Local Usage
		Usr 0 00:05:25, Sys 0 00:00:28  -  Total Remote Usage
		Usr 0 00:00:00, Sys 0 00:00:00  -  Total Local Usage
	0  -  Run Bytes Sent By Job
	0  -  Run Bytes Received By Job
	0  -  Total Bytes Sent By Job
	0  -  Total Bytes Received By Job
	Partitionable Resources :    Usage  Request Allocated 
	   Cpus                 :     0.57        1         1 
	   Disk (KB)            :     1     3584000   3952385 
	   Memory (MB)          : 10308        4096      4096 

	Job terminated of its own accord at 2021-03-26T17:18:42Z.
...
005 (18346176.012.000) 2021-03-26 18:18:42 Job terminated.
	(1) Normal termination (return value 0)
		Usr 0 00:05:26, Sys 0 00:00:27  -  Run Remote Usage
		Usr 0 00:00:00, Sys 0 00:00:00  -  Run Local Usage
		Usr 0 00:05:26, Sys 0 00:00:27  -  Total Remote Usage
		Usr 0 00:00:00, Sys 0 00:00:00  -  Total Local Usage
	0  -  Run Bytes Sent By Job
	0  -  Run Bytes Received By Job
	0  -  Total Bytes Sent By Job
	0  -  Total Bytes Received By Job
	Partitionable Resources :    Usage  Request Allocated 
	   Cpus                 :     0.73        1         1 
	   Disk (KB)            :     1     3584000   3952385 
	   Memory (MB)          : 10268        4096      4096 

	Job terminated of its own accord at 2021-03-26T17:18:42Z.
...
005 (18346176.017.000) 2021-03-26 18:18:54 Job terminated.
	(1) Normal termination (return value 0)
		Usr 0 00:05:14, Sys 0 00:00:28  -  Run Remote Usage
		Usr 0 00:00:00, Sys 0 00:00:00  -  Run Local Usage
		Usr 0 00:05:14, Sys 0 00:00:28  -  Total Remote Usage
		Usr 0 00:00:00, Sys 0 00:00:00  -  Total Local Usage
	0  -  Run Bytes Sent By Job
	0  -  Run Bytes Received By Job
	0  -  Total Bytes Sent By Job
	0  -  Total Bytes Received By Job
	Partitionable Resources :    Usage  Request Allocated 
	   Cpus                 :     0.52        1         1 
	   Disk (KB)            :     1     3584000   4543744 
	   Memory (MB)          :  7122        4096      4096 

	Job terminated of its own accord at 2021-03-26T17:18:54Z.
...
006 (18346176.024.000) 2021-03-26 18:19:15 Image size of job updated: 12086960
	7704  -  MemoryUsage of job (MB)
	7888328  -  ResidentSetSize of job (KB)
...
005 (18346176.024.000) 2021-03-26 18:19:15 Job terminated.
	(1) Normal termination (return value 0)
		Usr 0 00:05:39, Sys 0 00:00:28  -  Run Remote Usage
		Usr 0 00:00:00, Sys 0 00:00:00  -  Run Local Usage
		Usr 0 00:05:39, Sys 0 00:00:28  -  Total Remote Usage
		Usr 0 00:00:00, Sys 0 00:00:00  -  Total Local Usage
	0  -  Run Bytes Sent By Job
	0  -  Run Bytes Received By Job
	0  -  Total Bytes Sent By Job
	0  -  Total Bytes Received By Job
	Partitionable Resources :    Usage  Request Allocated 
	   Cpus                 :     0.58        1         1 
	   Disk (KB)            :     1     3584000   4543744 
	   Memory (MB)          :  7704        4096      4096 

	Job terminated of its own accord at 2021-03-26T17:19:15Z.
...
006 (18346176.020.000) 2021-03-26 18:19:25 Image size of job updated: 12161680
	5801  -  MemoryUsage of job (MB)
	5939580  -  ResidentSetSize of job (KB)
...
005 (18346176.020.000) 2021-03-26 18:19:25 Job terminated.
	(1) Normal termination (return value 0)
		Usr 0 00:05:29, Sys 0 00:00:31  -  Run Remote Usage
		Usr 0 00:00:00, Sys 0 00:00:00  -  Run Local Usage
		Usr 0 00:05:29, Sys 0 00:00:31  -  Total Remote Usage
		Usr 0 00:00:00, Sys 0 00:00:00  -  Total Local Usage
	0  -  Run Bytes Sent By Job
	0  -  Run Bytes Received By Job
	0  -  Total Bytes Sent By Job
	0  -  Total Bytes Received By Job
	Partitionable Resources :    Usage  Request Allocated 
	   Cpus                 :     0.58        1         1 
	   Disk (KB)            :     1     3584000   4433059 
	   Memory (MB)          :  5801        4096      4096 

	Job terminated of its own accord at 2021-03-26T17:19:25Z.
...
006 (18346176.011.000) 2021-03-26 18:20:31 Image size of job updated: 12175392
	6036  -  MemoryUsage of job (MB)
	6180832  -  ResidentSetSize of job (KB)
...
005 (18346176.011.000) 2021-03-26 18:20:31 Job terminated.
	(1) Normal termination (return value 0)
		Usr 0 00:06:36, Sys 0 00:00:38  -  Run Remote Usage
		Usr 0 00:00:00, Sys 0 00:00:00  -  Run Local Usage
		Usr 0 00:06:36, Sys 0 00:00:38  -  Total Remote Usage
		Usr 0 00:00:00, Sys 0 00:00:00  -  Total Local Usage
	0  -  Run Bytes Sent By Job
	0  -  Run Bytes Received By Job
	0  -  Total Bytes Sent By Job
	0  -  Total Bytes Received By Job
	Partitionable Resources :    Usage  Request Allocated 
	   Cpus                 :     0.76        1         1 
	   Disk (KB)            :     1     3584000   4667711 
	   Memory (MB)          :  6036        4096      4096 

	Job terminated of its own accord at 2021-03-26T17:20:31Z.
...
006 (18346176.004.000) 2021-03-26 18:22:18 Image size of job updated: 10343068
	5359  -  MemoryUsage of job (MB)
	5487300  -  ResidentSetSize of job (KB)
...
006 (18346176.010.000) 2021-03-26 18:22:18 Image size of job updated: 8570932
	7102  -  MemoryUsage of job (MB)
	7272024  -  ResidentSetSize of job (KB)
...
006 (18346176.003.000) 2021-03-26 18:22:18 Image size of job updated: 11710048
	11423  -  MemoryUsage of job (MB)
	11696448  -  ResidentSetSize of job (KB)
...
006 (18346176.021.000) 2021-03-26 18:22:19 Image size of job updated: 8436664
	7199  -  MemoryUsage of job (MB)
	7370896  -  ResidentSetSize of job (KB)
...
006 (18346176.008.000) 2021-03-26 18:22:19 Image size of job updated: 10052092
	4186  -  MemoryUsage of job (MB)
	4286124  -  ResidentSetSize of job (KB)
...
006 (18346176.005.000) 2021-03-26 18:22:20 Image size of job updated: 11670988
	9779  -  MemoryUsage of job (MB)
	10012752  -  ResidentSetSize of job (KB)
...
006 (18346176.002.000) 2021-03-26 18:22:20 Image size of job updated: 12041124
	9019  -  MemoryUsage of job (MB)
	9234576  -  ResidentSetSize of job (KB)
...
005 (18346176.003.000) 2021-03-26 18:22:45 Job terminated.
	(1) Normal termination (return value 0)
		Usr 0 00:06:10, Sys 0 00:00:33  -  Run Remote Usage
		Usr 0 00:00:00, Sys 0 00:00:00  -  Run Local Usage
		Usr 0 00:06:10, Sys 0 00:00:33  -  Total Remote Usage
		Usr 0 00:00:00, Sys 0 00:00:00  -  Total Local Usage
	0  -  Run Bytes Sent By Job
	0  -  Run Bytes Received By Job
	0  -  Total Bytes Sent By Job
	0  -  Total Bytes Received By Job
	Partitionable Resources :    Usage  Request Allocated 
	   Cpus                 :     0.56        1         1 
	   Disk (KB)            :     1     3584000   4202150 
	   Memory (MB)          : 11423        4096      4096 

	Job terminated of its own accord at 2021-03-26T17:22:45Z.
...
006 (18346176.002.000) 2021-03-26 18:22:56 Image size of job updated: 12043344
	9019  -  MemoryUsage of job (MB)
	9234576  -  ResidentSetSize of job (KB)
...
005 (18346176.002.000) 2021-03-26 18:22:56 Job terminated.
	(1) Normal termination (return value 0)
		Usr 0 00:05:06, Sys 0 00:00:25  -  Run Remote Usage
		Usr 0 00:00:00, Sys 0 00:00:00  -  Run Local Usage
		Usr 0 00:05:06, Sys 0 00:00:25  -  Total Remote Usage
		Usr 0 00:00:00, Sys 0 00:00:00  -  Total Local Usage
	0  -  Run Bytes Sent By Job
	0  -  Run Bytes Received By Job
	0  -  Total Bytes Sent By Job
	0  -  Total Bytes Received By Job
	Partitionable Resources :    Usage  Request Allocated 
	   Cpus                 :     0.03        1         1 
	   Disk (KB)            :     1     3584000   4782569 
	   Memory (MB)          :  9019        4096      4096 

	Job terminated of its own accord at 2021-03-26T17:22:56Z.
...
006 (18346176.005.000) 2021-03-26 18:23:16 Image size of job updated: 12042348
	9779  -  MemoryUsage of job (MB)
	10012752  -  ResidentSetSize of job (KB)
...
005 (18346176.005.000) 2021-03-26 18:23:16 Job terminated.
	(1) Normal termination (return value 0)
		Usr 0 00:05:38, Sys 0 00:00:42  -  Run Remote Usage
		Usr 0 00:00:00, Sys 0 00:00:00  -  Run Local Usage
		Usr 0 00:05:38, Sys 0 00:00:42  -  Total Remote Usage
		Usr 0 00:00:00, Sys 0 00:00:00  -  Total Local Usage
	0  -  Run Bytes Sent By Job
	0  -  Run Bytes Received By Job
	0  -  Total Bytes Sent By Job
	0  -  Total Bytes Received By Job
	Partitionable Resources :    Usage  Request Allocated 
	   Cpus                 :     0.35        1         1 
	   Disk (KB)            :     1     3584000   4786129 
	   Memory (MB)          :  9779        4096      4096 

	Job terminated of its own accord at 2021-03-26T17:23:16Z.
...
006 (18346176.004.000) 2021-03-26 18:24:01 Image size of job updated: 12177324
	5359  -  MemoryUsage of job (MB)
	5487332  -  ResidentSetSize of job (KB)
...
005 (18346176.004.000) 2021-03-26 18:24:01 Job terminated.
	(1) Normal termination (return value 0)
		Usr 0 00:05:44, Sys 0 00:00:29  -  Run Remote Usage
		Usr 0 00:00:00, Sys 0 00:00:00  -  Run Local Usage
		Usr 0 00:05:44, Sys 0 00:00:29  -  Total Remote Usage
		Usr 0 00:00:00, Sys 0 00:00:00  -  Total Local Usage
	0  -  Run Bytes Sent By Job
	0  -  Run Bytes Received By Job
	0  -  Total Bytes Sent By Job
	0  -  Total Bytes Received By Job
	Partitionable Resources :    Usage  Request Allocated 
	   Cpus                 :     0.56        1         1 
	   Disk (KB)            :     1     3584000   3967773 
	   Memory (MB)          :  5359        4096      4096 

	Job terminated of its own accord at 2021-03-26T17:24:01Z.
...
006 (18346176.008.000) 2021-03-26 18:24:39 Image size of job updated: 13758840
	4186  -  MemoryUsage of job (MB)
	4286124  -  ResidentSetSize of job (KB)
...
005 (18346176.008.000) 2021-03-26 18:24:39 Job terminated.
	(1) Normal termination (return value 0)
		Usr 0 00:06:31, Sys 0 00:00:38  -  Run Remote Usage
		Usr 0 00:00:00, Sys 0 00:00:00  -  Run Local Usage
		Usr 0 00:06:31, Sys 0 00:00:38  -  Total Remote Usage
		Usr 0 00:00:00, Sys 0 00:00:00  -  Total Local Usage
	0  -  Run Bytes Sent By Job
	0  -  Run Bytes Received By Job
	0  -  Total Bytes Sent By Job
	0  -  Total Bytes Received By Job
	Partitionable Resources :    Usage  Request Allocated 
	   Cpus                 :     0.61        1         1 
	   Disk (KB)            :     1     3584000   4473901 
	   Memory (MB)          :  4186        4096      4096 

	Job terminated of its own accord at 2021-03-26T17:24:39Z.
...
005 (18346176.021.000) 2021-03-26 18:27:17 Job terminated.
	(1) Normal termination (return value 0)
		Usr 0 00:06:31, Sys 0 00:00:38  -  Run Remote Usage
		Usr 0 00:00:00, Sys 0 00:00:00  -  Run Local Usage
		Usr 0 00:06:31, Sys 0 00:00:38  -  Total Remote Usage
		Usr 0 00:00:00, Sys 0 00:00:00  -  Total Local Usage
	0  -  Run Bytes Sent By Job
	0  -  Run Bytes Received By Job
	0  -  Total Bytes Sent By Job
	0  -  Total Bytes Received By Job
	Partitionable Resources :    Usage  Request Allocated 
	   Cpus                 :     0.44        1         1 
	   Disk (KB)            :     1     3584000   4291318 
	   Memory (MB)          :  7199        4096      4096 

	Job terminated of its own accord at 2021-03-26T17:27:17Z.
...
006 (18346176.010.000) 2021-03-26 18:27:18 Image size of job updated: 12050784
	9307  -  MemoryUsage of job (MB)
	9530264  -  ResidentSetSize of job (KB)
...
006 (18346176.010.000) 2021-03-26 18:27:24 Image size of job updated: 12051708
	9307  -  MemoryUsage of job (MB)
	9530264  -  ResidentSetSize of job (KB)
...
005 (18346176.010.000) 2021-03-26 18:27:24 Job terminated.
	(1) Normal termination (return value 0)
		Usr 0 00:06:20, Sys 0 00:00:34  -  Run Remote Usage
		Usr 0 00:00:00, Sys 0 00:00:00  -  Run Local Usage
		Usr 0 00:06:20, Sys 0 00:00:34  -  Total Remote Usage
		Usr 0 00:00:00, Sys 0 00:00:00  -  Total Local Usage
	0  -  Run Bytes Sent By Job
	0  -  Run Bytes Received By Job
	0  -  Total Bytes Sent By Job
	0  -  Total Bytes Received By Job
	Partitionable Resources :    Usage  Request Allocated 
	   Cpus                 :     0.46        1         1 
	   Disk (KB)            :     1     3584000   4291318 
	   Memory (MB)          :  9307        4096      4096 

	Job terminated of its own accord at 2021-03-26T17:27:24Z.
...
