000 (13901926.000.000) 2021-01-07 12:19:55 Job submitted from host: <131.169.223.42:9618?addrs=131.169.223.42-9618+[2001-638-700-10df--1-2a]-9618&alias=bird-htc-sched14.desy.de&noUDP&sock=schedd_1936_8371_3>
...
000 (13901926.001.000) 2021-01-07 12:19:55 Job submitted from host: <131.169.223.42:9618?addrs=131.169.223.42-9618+[2001-638-700-10df--1-2a]-9618&alias=bird-htc-sched14.desy.de&noUDP&sock=schedd_1936_8371_3>
...
000 (13901926.002.000) 2021-01-07 12:19:55 Job submitted from host: <131.169.223.42:9618?addrs=131.169.223.42-9618+[2001-638-700-10df--1-2a]-9618&alias=bird-htc-sched14.desy.de&noUDP&sock=schedd_1936_8371_3>
...
000 (13901926.003.000) 2021-01-07 12:19:55 Job submitted from host: <131.169.223.42:9618?addrs=131.169.223.42-9618+[2001-638-700-10df--1-2a]-9618&alias=bird-htc-sched14.desy.de&noUDP&sock=schedd_1936_8371_3>
...
000 (13901926.004.000) 2021-01-07 12:19:55 Job submitted from host: <131.169.223.42:9618?addrs=131.169.223.42-9618+[2001-638-700-10df--1-2a]-9618&alias=bird-htc-sched14.desy.de&noUDP&sock=schedd_1936_8371_3>
...
000 (13901926.005.000) 2021-01-07 12:19:55 Job submitted from host: <131.169.223.42:9618?addrs=131.169.223.42-9618+[2001-638-700-10df--1-2a]-9618&alias=bird-htc-sched14.desy.de&noUDP&sock=schedd_1936_8371_3>
...
000 (13901926.006.000) 2021-01-07 12:19:55 Job submitted from host: <131.169.223.42:9618?addrs=131.169.223.42-9618+[2001-638-700-10df--1-2a]-9618&alias=bird-htc-sched14.desy.de&noUDP&sock=schedd_1936_8371_3>
...
000 (13901926.007.000) 2021-01-07 12:19:55 Job submitted from host: <131.169.223.42:9618?addrs=131.169.223.42-9618+[2001-638-700-10df--1-2a]-9618&alias=bird-htc-sched14.desy.de&noUDP&sock=schedd_1936_8371_3>
...
000 (13901926.008.000) 2021-01-07 12:19:55 Job submitted from host: <131.169.223.42:9618?addrs=131.169.223.42-9618+[2001-638-700-10df--1-2a]-9618&alias=bird-htc-sched14.desy.de&noUDP&sock=schedd_1936_8371_3>
...
000 (13901926.009.000) 2021-01-07 12:19:55 Job submitted from host: <131.169.223.42:9618?addrs=131.169.223.42-9618+[2001-638-700-10df--1-2a]-9618&alias=bird-htc-sched14.desy.de&noUDP&sock=schedd_1936_8371_3>
...
000 (13901926.010.000) 2021-01-07 12:19:55 Job submitted from host: <131.169.223.42:9618?addrs=131.169.223.42-9618+[2001-638-700-10df--1-2a]-9618&alias=bird-htc-sched14.desy.de&noUDP&sock=schedd_1936_8371_3>
...
000 (13901926.011.000) 2021-01-07 12:19:55 Job submitted from host: <131.169.223.42:9618?addrs=131.169.223.42-9618+[2001-638-700-10df--1-2a]-9618&alias=bird-htc-sched14.desy.de&noUDP&sock=schedd_1936_8371_3>
...
000 (13901926.012.000) 2021-01-07 12:19:55 Job submitted from host: <131.169.223.42:9618?addrs=131.169.223.42-9618+[2001-638-700-10df--1-2a]-9618&alias=bird-htc-sched14.desy.de&noUDP&sock=schedd_1936_8371_3>
...
000 (13901926.013.000) 2021-01-07 12:19:55 Job submitted from host: <131.169.223.42:9618?addrs=131.169.223.42-9618+[2001-638-700-10df--1-2a]-9618&alias=bird-htc-sched14.desy.de&noUDP&sock=schedd_1936_8371_3>
...
000 (13901926.014.000) 2021-01-07 12:19:55 Job submitted from host: <131.169.223.42:9618?addrs=131.169.223.42-9618+[2001-638-700-10df--1-2a]-9618&alias=bird-htc-sched14.desy.de&noUDP&sock=schedd_1936_8371_3>
...
000 (13901926.015.000) 2021-01-07 12:19:55 Job submitted from host: <131.169.223.42:9618?addrs=131.169.223.42-9618+[2001-638-700-10df--1-2a]-9618&alias=bird-htc-sched14.desy.de&noUDP&sock=schedd_1936_8371_3>
...
000 (13901926.016.000) 2021-01-07 12:19:55 Job submitted from host: <131.169.223.42:9618?addrs=131.169.223.42-9618+[2001-638-700-10df--1-2a]-9618&alias=bird-htc-sched14.desy.de&noUDP&sock=schedd_1936_8371_3>
...
000 (13901926.017.000) 2021-01-07 12:19:55 Job submitted from host: <131.169.223.42:9618?addrs=131.169.223.42-9618+[2001-638-700-10df--1-2a]-9618&alias=bird-htc-sched14.desy.de&noUDP&sock=schedd_1936_8371_3>
...
000 (13901926.018.000) 2021-01-07 12:19:55 Job submitted from host: <131.169.223.42:9618?addrs=131.169.223.42-9618+[2001-638-700-10df--1-2a]-9618&alias=bird-htc-sched14.desy.de&noUDP&sock=schedd_1936_8371_3>
...
000 (13901926.019.000) 2021-01-07 12:19:55 Job submitted from host: <131.169.223.42:9618?addrs=131.169.223.42-9618+[2001-638-700-10df--1-2a]-9618&alias=bird-htc-sched14.desy.de&noUDP&sock=schedd_1936_8371_3>
...
000 (13901926.020.000) 2021-01-07 12:19:55 Job submitted from host: <131.169.223.42:9618?addrs=131.169.223.42-9618+[2001-638-700-10df--1-2a]-9618&alias=bird-htc-sched14.desy.de&noUDP&sock=schedd_1936_8371_3>
...
000 (13901926.021.000) 2021-01-07 12:19:55 Job submitted from host: <131.169.223.42:9618?addrs=131.169.223.42-9618+[2001-638-700-10df--1-2a]-9618&alias=bird-htc-sched14.desy.de&noUDP&sock=schedd_1936_8371_3>
...
000 (13901926.022.000) 2021-01-07 12:19:55 Job submitted from host: <131.169.223.42:9618?addrs=131.169.223.42-9618+[2001-638-700-10df--1-2a]-9618&alias=bird-htc-sched14.desy.de&noUDP&sock=schedd_1936_8371_3>
...
000 (13901926.023.000) 2021-01-07 12:19:55 Job submitted from host: <131.169.223.42:9618?addrs=131.169.223.42-9618+[2001-638-700-10df--1-2a]-9618&alias=bird-htc-sched14.desy.de&noUDP&sock=schedd_1936_8371_3>
...
000 (13901926.024.000) 2021-01-07 12:19:55 Job submitted from host: <131.169.223.42:9618?addrs=131.169.223.42-9618+[2001-638-700-10df--1-2a]-9618&alias=bird-htc-sched14.desy.de&noUDP&sock=schedd_1936_8371_3>
...
001 (13901926.002.000) 2021-01-07 12:24:02 Job executing on host: <131.169.160.172:34228?addrs=131.169.160.172-34228&alias=batch1174.desy.de>
...
001 (13901926.009.000) 2021-01-07 12:24:02 Job executing on host: <131.169.160.172:34228?addrs=131.169.160.172-34228&alias=batch1174.desy.de>
...
001 (13901926.000.000) 2021-01-07 12:24:02 Job executing on host: <131.169.164.53:33897?addrs=131.169.164.53-33897&alias=bird853.desy.de>
...
001 (13901926.001.000) 2021-01-07 12:24:02 Job executing on host: <131.169.164.20:36807?addrs=131.169.164.20-36807&alias=bird820.desy.de>
...
001 (13901926.003.000) 2021-01-07 12:24:02 Job executing on host: <131.169.77.62:40688?addrs=131.169.77.62-40688&alias=bird580.desy.de>
...
001 (13901926.004.000) 2021-01-07 12:24:02 Job executing on host: <131.169.77.35:45108?addrs=131.169.77.35-45108&alias=bird553.desy.de>
...
001 (13901926.005.000) 2021-01-07 12:24:02 Job executing on host: <131.169.77.167:43260?addrs=131.169.77.167-43260&alias=bird647.desy.de>
...
001 (13901926.006.000) 2021-01-07 12:24:02 Job executing on host: <131.169.164.10:36787?addrs=131.169.164.10-36787&alias=bird810.desy.de>
...
001 (13901926.011.000) 2021-01-07 12:24:02 Job executing on host: <131.169.164.53:33897?addrs=131.169.164.53-33897&alias=bird853.desy.de>
...
001 (13901926.010.000) 2021-01-07 12:24:02 Job executing on host: <131.169.162.156:33000?addrs=131.169.162.156-33000&alias=batch1156.desy.de>
...
001 (13901926.014.000) 2021-01-07 12:24:02 Job executing on host: <131.169.164.49:43609?addrs=131.169.164.49-43609&alias=bird849.desy.de>
...
001 (13901926.013.000) 2021-01-07 12:24:02 Job executing on host: <131.169.164.6:42625?addrs=131.169.164.6-42625&alias=bird806.desy.de>
...
001 (13901926.007.000) 2021-01-07 12:24:02 Job executing on host: <131.169.162.160:34366?addrs=131.169.162.160-34366&alias=batch1160.desy.de>
...
001 (13901926.008.000) 2021-01-07 12:24:02 Job executing on host: <131.169.160.174:39753?addrs=131.169.160.174-39753&alias=batch1176.desy.de>
...
001 (13901926.015.000) 2021-01-07 12:24:02 Job executing on host: <131.169.164.20:36807?addrs=131.169.164.20-36807&alias=bird820.desy.de>
...
001 (13901926.012.000) 2021-01-07 12:24:02 Job executing on host: <131.169.162.162:36408?addrs=131.169.162.162-36408&alias=batch1162.desy.de>
...
001 (13901926.017.000) 2021-01-07 12:24:02 Job executing on host: <131.169.164.10:36787?addrs=131.169.164.10-36787&alias=bird810.desy.de>
...
001 (13901926.016.000) 2021-01-07 12:24:02 Job executing on host: <131.169.77.49:35518?addrs=131.169.77.49-35518&alias=bird567.desy.de>
...
001 (13901926.022.000) 2021-01-07 12:24:02 Job executing on host: <131.169.164.6:42625?addrs=131.169.164.6-42625&alias=bird806.desy.de>
...
001 (13901926.020.000) 2021-01-07 12:24:02 Job executing on host: <131.169.164.53:33897?addrs=131.169.164.53-33897&alias=bird853.desy.de>
...
001 (13901926.021.000) 2021-01-07 12:24:02 Job executing on host: <131.169.162.156:33000?addrs=131.169.162.156-33000&alias=batch1156.desy.de>
...
001 (13901926.019.000) 2021-01-07 12:24:02 Job executing on host: <131.169.162.161:35580?addrs=131.169.162.161-35580&alias=batch1161.desy.de>
...
001 (13901926.024.000) 2021-01-07 12:24:02 Job executing on host: <131.169.164.10:36787?addrs=131.169.164.10-36787&alias=bird810.desy.de>
...
001 (13901926.023.000) 2021-01-07 12:24:03 Job executing on host: <131.169.164.53:33897?addrs=131.169.164.53-33897&alias=bird853.desy.de>
...
001 (13901926.018.000) 2021-01-07 12:24:03 Job executing on host: <131.169.160.170:46777?addrs=131.169.160.170-46777&alias=batch1070.desy.de>
...
006 (13901926.002.000) 2021-01-07 12:24:10 Image size of job updated: 562116
	513  -  MemoryUsage of job (MB)
	524484  -  ResidentSetSize of job (KB)
...
006 (13901926.009.000) 2021-01-07 12:24:10 Image size of job updated: 583320
	527  -  MemoryUsage of job (MB)
	538660  -  ResidentSetSize of job (KB)
...
006 (13901926.024.000) 2021-01-07 12:24:11 Image size of job updated: 336324
	314  -  MemoryUsage of job (MB)
	320864  -  ResidentSetSize of job (KB)
...
006 (13901926.019.000) 2021-01-07 12:24:11 Image size of job updated: 387408
	342  -  MemoryUsage of job (MB)
	350188  -  ResidentSetSize of job (KB)
...
006 (13901926.023.000) 2021-01-07 12:24:11 Image size of job updated: 289048
	272  -  MemoryUsage of job (MB)
	277508  -  ResidentSetSize of job (KB)
...
006 (13901926.018.000) 2021-01-07 12:24:11 Image size of job updated: 321720
	277  -  MemoryUsage of job (MB)
	282880  -  ResidentSetSize of job (KB)
...
006 (13901926.000.000) 2021-01-07 12:24:11 Image size of job updated: 307312
	287  -  MemoryUsage of job (MB)
	293776  -  ResidentSetSize of job (KB)
...
006 (13901926.001.000) 2021-01-07 12:24:11 Image size of job updated: 400180
	371  -  MemoryUsage of job (MB)
	379820  -  ResidentSetSize of job (KB)
...
006 (13901926.003.000) 2021-01-07 12:24:11 Image size of job updated: 314092
	251  -  MemoryUsage of job (MB)
	256120  -  ResidentSetSize of job (KB)
...
006 (13901926.004.000) 2021-01-07 12:24:11 Image size of job updated: 298252
	253  -  MemoryUsage of job (MB)
	258980  -  ResidentSetSize of job (KB)
...
006 (13901926.006.000) 2021-01-07 12:24:11 Image size of job updated: 333540
	320  -  MemoryUsage of job (MB)
	327192  -  ResidentSetSize of job (KB)
...
006 (13901926.005.000) 2021-01-07 12:24:11 Image size of job updated: 360456
	318  -  MemoryUsage of job (MB)
	324760  -  ResidentSetSize of job (KB)
...
006 (13901926.011.000) 2021-01-07 12:24:11 Image size of job updated: 321352
	289  -  MemoryUsage of job (MB)
	295524  -  ResidentSetSize of job (KB)
...
006 (13901926.010.000) 2021-01-07 12:24:11 Image size of job updated: 505256
	479  -  MemoryUsage of job (MB)
	489568  -  ResidentSetSize of job (KB)
...
006 (13901926.013.000) 2021-01-07 12:24:11 Image size of job updated: 418636
	385  -  MemoryUsage of job (MB)
	393864  -  ResidentSetSize of job (KB)
...
006 (13901926.014.000) 2021-01-07 12:24:11 Image size of job updated: 322648
	293  -  MemoryUsage of job (MB)
	299280  -  ResidentSetSize of job (KB)
...
006 (13901926.007.000) 2021-01-07 12:24:11 Image size of job updated: 363608
	288  -  MemoryUsage of job (MB)
	294560  -  ResidentSetSize of job (KB)
...
006 (13901926.015.000) 2021-01-07 12:24:11 Image size of job updated: 440640
	398  -  MemoryUsage of job (MB)
	406816  -  ResidentSetSize of job (KB)
...
006 (13901926.008.000) 2021-01-07 12:24:11 Image size of job updated: 678372
	605  -  MemoryUsage of job (MB)
	619360  -  ResidentSetSize of job (KB)
...
006 (13901926.012.000) 2021-01-07 12:24:11 Image size of job updated: 647412
	597  -  MemoryUsage of job (MB)
	610340  -  ResidentSetSize of job (KB)
...
006 (13901926.022.000) 2021-01-07 12:24:11 Image size of job updated: 419156
	392  -  MemoryUsage of job (MB)
	401192  -  ResidentSetSize of job (KB)
...
006 (13901926.017.000) 2021-01-07 12:24:11 Image size of job updated: 413776
	354  -  MemoryUsage of job (MB)
	362036  -  ResidentSetSize of job (KB)
...
006 (13901926.016.000) 2021-01-07 12:24:11 Image size of job updated: 275408
	245  -  MemoryUsage of job (MB)
	249928  -  ResidentSetSize of job (KB)
...
006 (13901926.020.000) 2021-01-07 12:24:11 Image size of job updated: 319980
	300  -  MemoryUsage of job (MB)
	306540  -  ResidentSetSize of job (KB)
...
006 (13901926.021.000) 2021-01-07 12:24:12 Image size of job updated: 521264
	503  -  MemoryUsage of job (MB)
	514496  -  ResidentSetSize of job (KB)
...
006 (13901926.012.000) 2021-01-07 12:27:28 Image size of job updated: 647412
	597  -  MemoryUsage of job (MB)
	610556  -  ResidentSetSize of job (KB)
...
005 (13901926.012.000) 2021-01-07 12:27:28 Job terminated.
	(1) Normal termination (return value 0)
		Usr 0 00:02:45, Sys 0 00:00:09  -  Run Remote Usage
		Usr 0 00:00:00, Sys 0 00:00:00  -  Run Local Usage
		Usr 0 00:02:45, Sys 0 00:00:09  -  Total Remote Usage
		Usr 0 00:00:00, Sys 0 00:00:00  -  Total Local Usage
	0  -  Run Bytes Sent By Job
	0  -  Run Bytes Received By Job
	0  -  Total Bytes Sent By Job
	0  -  Total Bytes Received By Job
	Partitionable Resources :    Usage  Request Allocated 
	   Cpus                 :     0.88        1         1 
	   Disk (KB)            :     1     3584000   4409156 
	   Memory (MB)          :   597        4096      4096 

	Job terminated of its own accord at 2021-01-07T11:27:28Z.
...
006 (13901926.008.000) 2021-01-07 12:27:30 Image size of job updated: 12675080
	605  -  MemoryUsage of job (MB)
	619408  -  ResidentSetSize of job (KB)
...
005 (13901926.008.000) 2021-01-07 12:27:30 Job terminated.
	(1) Normal termination (return value 0)
		Usr 0 00:02:46, Sys 0 00:00:10  -  Run Remote Usage
		Usr 0 00:00:00, Sys 0 00:00:00  -  Run Local Usage
		Usr 0 00:02:46, Sys 0 00:00:10  -  Total Remote Usage
		Usr 0 00:00:00, Sys 0 00:00:00  -  Total Local Usage
	0  -  Run Bytes Sent By Job
	0  -  Run Bytes Received By Job
	0  -  Total Bytes Sent By Job
	0  -  Total Bytes Received By Job
	Partitionable Resources :    Usage  Request Allocated 
	   Cpus                 :     0.85        1         1 
	   Disk (KB)            :     1     3584000   4465832 
	   Memory (MB)          :   605        4096      4096 

	Job terminated of its own accord at 2021-01-07T11:27:30Z.
...
006 (13901926.021.000) 2021-01-07 12:27:36 Image size of job updated: 11080108
	503  -  MemoryUsage of job (MB)
	514512  -  ResidentSetSize of job (KB)
...
006 (13901926.010.000) 2021-01-07 12:27:36 Image size of job updated: 11123588
	479  -  MemoryUsage of job (MB)
	489688  -  ResidentSetSize of job (KB)
...
005 (13901926.021.000) 2021-01-07 12:27:36 Job terminated.
	(1) Normal termination (return value 0)
		Usr 0 00:02:43, Sys 0 00:00:09  -  Run Remote Usage
		Usr 0 00:00:00, Sys 0 00:00:00  -  Run Local Usage
		Usr 0 00:02:43, Sys 0 00:00:09  -  Total Remote Usage
		Usr 0 00:00:00, Sys 0 00:00:00  -  Total Local Usage
	0  -  Run Bytes Sent By Job
	0  -  Run Bytes Received By Job
	0  -  Total Bytes Sent By Job
	0  -  Total Bytes Received By Job
	Partitionable Resources :    Usage  Request Allocated 
	   Cpus                 :     0.85        1         1 
	   Disk (KB)            :     1     3584000   4475009 
	   Memory (MB)          :   503        4096      4096 

	Job terminated of its own accord at 2021-01-07T11:27:36Z.
...
005 (13901926.010.000) 2021-01-07 12:27:36 Job terminated.
	(1) Normal termination (return value 0)
		Usr 0 00:02:44, Sys 0 00:00:09  -  Run Remote Usage
		Usr 0 00:00:00, Sys 0 00:00:00  -  Run Local Usage
		Usr 0 00:02:44, Sys 0 00:00:09  -  Total Remote Usage
		Usr 0 00:00:00, Sys 0 00:00:00  -  Total Local Usage
	0  -  Run Bytes Sent By Job
	0  -  Run Bytes Received By Job
	0  -  Total Bytes Sent By Job
	0  -  Total Bytes Received By Job
	Partitionable Resources :    Usage  Request Allocated 
	   Cpus                 :     0.85        1         1 
	   Disk (KB)            :     1     3584000   4475009 
	   Memory (MB)          :   479        4096      4096 

	Job terminated of its own accord at 2021-01-07T11:27:36Z.
...
006 (13901926.002.000) 2021-01-07 12:27:36 Image size of job updated: 4806408
	513  -  MemoryUsage of job (MB)
	524484  -  ResidentSetSize of job (KB)
...
005 (13901926.002.000) 2021-01-07 12:27:36 Job terminated.
	(1) Normal termination (return value 0)
		Usr 0 00:02:46, Sys 0 00:00:09  -  Run Remote Usage
		Usr 0 00:00:00, Sys 0 00:00:00  -  Run Local Usage
		Usr 0 00:02:46, Sys 0 00:00:09  -  Total Remote Usage
		Usr 0 00:00:00, Sys 0 00:00:00  -  Total Local Usage
	0  -  Run Bytes Sent By Job
	0  -  Run Bytes Received By Job
	0  -  Total Bytes Sent By Job
	0  -  Total Bytes Received By Job
	Partitionable Resources :    Usage  Request Allocated 
	   Cpus                 :     0.85        1         1 
	   Disk (KB)            :     1     3584000   4468473 
	   Memory (MB)          :   513        4096      4096 

	Job terminated of its own accord at 2021-01-07T11:27:36Z.
...
006 (13901926.009.000) 2021-01-07 12:27:38 Image size of job updated: 12736708
	527  -  MemoryUsage of job (MB)
	538676  -  ResidentSetSize of job (KB)
...
005 (13901926.009.000) 2021-01-07 12:27:38 Job terminated.
	(1) Normal termination (return value 0)
		Usr 0 00:02:46, Sys 0 00:00:09  -  Run Remote Usage
		Usr 0 00:00:00, Sys 0 00:00:00  -  Run Local Usage
		Usr 0 00:02:46, Sys 0 00:00:09  -  Total Remote Usage
		Usr 0 00:00:00, Sys 0 00:00:00  -  Total Local Usage
	0  -  Run Bytes Sent By Job
	0  -  Run Bytes Received By Job
	0  -  Total Bytes Sent By Job
	0  -  Total Bytes Received By Job
	Partitionable Resources :    Usage  Request Allocated 
	   Cpus                 :     0.85        1         1 
	   Disk (KB)            :     1     3584000   4468473 
	   Memory (MB)          :   527        4096      4096 

	Job terminated of its own accord at 2021-01-07T11:27:38Z.
...
006 (13901926.015.000) 2021-01-07 12:28:45 Image size of job updated: 440640
	398  -  MemoryUsage of job (MB)
	406860  -  ResidentSetSize of job (KB)
...
005 (13901926.015.000) 2021-01-07 12:28:45 Job terminated.
	(1) Normal termination (return value 0)
		Usr 0 00:03:51, Sys 0 00:00:15  -  Run Remote Usage
		Usr 0 00:00:00, Sys 0 00:00:00  -  Run Local Usage
		Usr 0 00:03:51, Sys 0 00:00:15  -  Total Remote Usage
		Usr 0 00:00:00, Sys 0 00:00:00  -  Total Local Usage
	0  -  Run Bytes Sent By Job
	0  -  Run Bytes Received By Job
	0  -  Total Bytes Sent By Job
	0  -  Total Bytes Received By Job
	Partitionable Resources :    Usage  Request Allocated 
	   Cpus                 :     0.92        1         1 
	   Disk (KB)            :     1     3584000   4545404 
	   Memory (MB)          :   398        4096      4096 

	Job terminated of its own accord at 2021-01-07T11:28:45Z.
...
006 (13901926.007.000) 2021-01-07 12:28:48 Image size of job updated: 11087892
	288  -  MemoryUsage of job (MB)
	294560  -  ResidentSetSize of job (KB)
...
005 (13901926.007.000) 2021-01-07 12:28:48 Job terminated.
	(1) Normal termination (return value 0)
		Usr 0 00:02:48, Sys 0 00:00:10  -  Run Remote Usage
		Usr 0 00:00:00, Sys 0 00:00:00  -  Run Local Usage
		Usr 0 00:02:48, Sys 0 00:00:10  -  Total Remote Usage
		Usr 0 00:00:00, Sys 0 00:00:00  -  Total Local Usage
	0  -  Run Bytes Sent By Job
	0  -  Run Bytes Received By Job
	0  -  Total Bytes Sent By Job
	0  -  Total Bytes Received By Job
	Partitionable Resources :    Usage  Request Allocated 
	   Cpus                 :     0.91        1         1 
	   Disk (KB)            :     1     3584000   4412684 
	   Memory (MB)          :   288        4096      4096 

	Job terminated of its own accord at 2021-01-07T11:28:48Z.
...
006 (13901926.001.000) 2021-01-07 12:28:59 Image size of job updated: 11071484
	371  -  MemoryUsage of job (MB)
	379820  -  ResidentSetSize of job (KB)
...
005 (13901926.001.000) 2021-01-07 12:28:59 Job terminated.
	(1) Normal termination (return value 0)
		Usr 0 00:04:09, Sys 0 00:00:14  -  Run Remote Usage
		Usr 0 00:00:00, Sys 0 00:00:00  -  Run Local Usage
		Usr 0 00:04:09, Sys 0 00:00:14  -  Total Remote Usage
		Usr 0 00:00:00, Sys 0 00:00:00  -  Total Local Usage
	0  -  Run Bytes Sent By Job
	0  -  Run Bytes Received By Job
	0  -  Total Bytes Sent By Job
	0  -  Total Bytes Received By Job
	Partitionable Resources :    Usage  Request Allocated 
	   Cpus                 :     0.93        1         1 
	   Disk (KB)            :     1     3584000   4545404 
	   Memory (MB)          :   371        4096      4096 

	Job terminated of its own accord at 2021-01-07T11:28:59Z.
...
006 (13901926.017.000) 2021-01-07 12:29:05 Image size of job updated: 413776
	354  -  MemoryUsage of job (MB)
	362100  -  ResidentSetSize of job (KB)
...
005 (13901926.017.000) 2021-01-07 12:29:05 Job terminated.
	(1) Normal termination (return value 0)
		Usr 0 00:04:04, Sys 0 00:00:20  -  Run Remote Usage
		Usr 0 00:00:00, Sys 0 00:00:00  -  Run Local Usage
		Usr 0 00:04:04, Sys 0 00:00:20  -  Total Remote Usage
		Usr 0 00:00:00, Sys 0 00:00:00  -  Total Local Usage
	0  -  Run Bytes Sent By Job
	0  -  Run Bytes Received By Job
	0  -  Total Bytes Sent By Job
	0  -  Total Bytes Received By Job
	Partitionable Resources :    Usage  Request Allocated 
	   Cpus                 :     0.75        1         1 
	   Disk (KB)            :     1     3584000   4544529 
	   Memory (MB)          :   354        4096      4096 

	Job terminated of its own accord at 2021-01-07T11:29:05Z.
...
006 (13901926.020.000) 2021-01-07 12:29:05 Image size of job updated: 319980
	300  -  MemoryUsage of job (MB)
	306644  -  ResidentSetSize of job (KB)
...
005 (13901926.020.000) 2021-01-07 12:29:05 Job terminated.
	(1) Normal termination (return value 0)
		Usr 0 00:04:04, Sys 0 00:00:19  -  Run Remote Usage
		Usr 0 00:00:00, Sys 0 00:00:00  -  Run Local Usage
		Usr 0 00:04:04, Sys 0 00:00:19  -  Total Remote Usage
		Usr 0 00:00:00, Sys 0 00:00:00  -  Total Local Usage
	0  -  Run Bytes Sent By Job
	0  -  Run Bytes Received By Job
	0  -  Total Bytes Sent By Job
	0  -  Total Bytes Received By Job
	Partitionable Resources :    Usage  Request Allocated 
	   Cpus                 :     0.90        1         1 
	   Disk (KB)            :     1     3584000   4639780 
	   Memory (MB)          :   300        4096      4096 

	Job terminated of its own accord at 2021-01-07T11:29:05Z.
...
006 (13901926.006.000) 2021-01-07 12:29:08 Image size of job updated: 11096580
	320  -  MemoryUsage of job (MB)
	327252  -  ResidentSetSize of job (KB)
...
005 (13901926.006.000) 2021-01-07 12:29:08 Job terminated.
	(1) Normal termination (return value 0)
		Usr 0 00:04:10, Sys 0 00:00:18  -  Run Remote Usage
		Usr 0 00:00:00, Sys 0 00:00:00  -  Run Local Usage
		Usr 0 00:04:10, Sys 0 00:00:18  -  Total Remote Usage
		Usr 0 00:00:00, Sys 0 00:00:00  -  Total Local Usage
	0  -  Run Bytes Sent By Job
	0  -  Run Bytes Received By Job
	0  -  Total Bytes Sent By Job
	0  -  Total Bytes Received By Job
	Partitionable Resources :    Usage  Request Allocated 
	   Cpus                 :     0.95        1         1 
	   Disk (KB)            :     1     3584000   4544529 
	   Memory (MB)          :   320        4096      4096 

	Job terminated of its own accord at 2021-01-07T11:29:08Z.
...
006 (13901926.024.000) 2021-01-07 12:29:09 Image size of job updated: 2804400
	314  -  MemoryUsage of job (MB)
	320864  -  ResidentSetSize of job (KB)
...
005 (13901926.024.000) 2021-01-07 12:29:09 Job terminated.
	(1) Normal termination (return value 0)
		Usr 0 00:04:03, Sys 0 00:00:21  -  Run Remote Usage
		Usr 0 00:00:00, Sys 0 00:00:00  -  Run Local Usage
		Usr 0 00:04:03, Sys 0 00:00:21  -  Total Remote Usage
		Usr 0 00:00:00, Sys 0 00:00:00  -  Total Local Usage
	0  -  Run Bytes Sent By Job
	0  -  Run Bytes Received By Job
	0  -  Total Bytes Sent By Job
	0  -  Total Bytes Received By Job
	Partitionable Resources :    Usage  Request Allocated 
	   Cpus                 :     0.76        1         1 
	   Disk (KB)            :     1     3584000   4544529 
	   Memory (MB)          :   314        4096      4096 

	Job terminated of its own accord at 2021-01-07T11:29:08Z.
...
006 (13901926.019.000) 2021-01-07 12:29:09 Image size of job updated: 11028072
	343  -  MemoryUsage of job (MB)
	350224  -  ResidentSetSize of job (KB)
...
005 (13901926.019.000) 2021-01-07 12:29:09 Job terminated.
	(1) Normal termination (return value 0)
		Usr 0 00:02:41, Sys 0 00:01:00  -  Run Remote Usage
		Usr 0 00:00:00, Sys 0 00:00:00  -  Run Local Usage
		Usr 0 00:02:41, Sys 0 00:01:00  -  Total Remote Usage
		Usr 0 00:00:00, Sys 0 00:00:00  -  Total Local Usage
	0  -  Run Bytes Sent By Job
	0  -  Run Bytes Received By Job
	0  -  Total Bytes Sent By Job
	0  -  Total Bytes Received By Job
	Partitionable Resources :    Usage  Request Allocated 
	   Cpus                 :     0.89        1         1 
	   Disk (KB)            :     1     3584000   4462393 
	   Memory (MB)          :   343        4096      4096 

	Job terminated of its own accord at 2021-01-07T11:29:09Z.
...
006 (13901926.023.000) 2021-01-07 12:29:11 Image size of job updated: 11030676
	10761  -  MemoryUsage of job (MB)
	11019048  -  ResidentSetSize of job (KB)
...
006 (13901926.018.000) 2021-01-07 12:29:11 Image size of job updated: 9817180
	8690  -  MemoryUsage of job (MB)
	8898040  -  ResidentSetSize of job (KB)
...
006 (13901926.004.000) 2021-01-07 12:29:12 Image size of job updated: 8914676
	7064  -  MemoryUsage of job (MB)
	7233424  -  ResidentSetSize of job (KB)
...
006 (13901926.013.000) 2021-01-07 12:29:12 Image size of job updated: 11024504
	9484  -  MemoryUsage of job (MB)
	9710652  -  ResidentSetSize of job (KB)
...
006 (13901926.011.000) 2021-01-07 12:29:12 Image size of job updated: 321352
	289  -  MemoryUsage of job (MB)
	295540  -  ResidentSetSize of job (KB)
...
006 (13901926.014.000) 2021-01-07 12:29:12 Image size of job updated: 10565712
	8144  -  MemoryUsage of job (MB)
	8339212  -  ResidentSetSize of job (KB)
...
006 (13901926.022.000) 2021-01-07 12:29:12 Image size of job updated: 10962096
	9868  -  MemoryUsage of job (MB)
	10104292  -  ResidentSetSize of job (KB)
...
006 (13901926.016.000) 2021-01-07 12:29:12 Image size of job updated: 7997268
	6808  -  MemoryUsage of job (MB)
	6970772  -  ResidentSetSize of job (KB)
...
006 (13901926.005.000) 2021-01-07 12:29:12 Image size of job updated: 9348392
	6085  -  MemoryUsage of job (MB)
	6230600  -  ResidentSetSize of job (KB)
...
006 (13901926.000.000) 2021-01-07 12:29:12 Image size of job updated: 307312
	287  -  MemoryUsage of job (MB)
	293864  -  ResidentSetSize of job (KB)
...
006 (13901926.003.000) 2021-01-07 12:29:12 Image size of job updated: 9211088
	5115  -  MemoryUsage of job (MB)
	5237280  -  ResidentSetSize of job (KB)
...
005 (13901926.011.000) 2021-01-07 12:29:13 Job terminated.
	(1) Normal termination (return value 0)
		Usr 0 00:04:11, Sys 0 00:00:19  -  Run Remote Usage
		Usr 0 00:00:00, Sys 0 00:00:00  -  Run Local Usage
		Usr 0 00:04:11, Sys 0 00:00:19  -  Total Remote Usage
		Usr 0 00:00:00, Sys 0 00:00:00  -  Total Local Usage
	0  -  Run Bytes Sent By Job
	0  -  Run Bytes Received By Job
	0  -  Total Bytes Sent By Job
	0  -  Total Bytes Received By Job
	Partitionable Resources :    Usage  Request Allocated 
	   Cpus                 :     0.92        1         1 
	   Disk (KB)            :     1     3584000   4639780 
	   Memory (MB)          :   289        4096      4096 

	Job terminated of its own accord at 2021-01-07T11:29:13Z.
...
005 (13901926.023.000) 2021-01-07 12:29:13 Job terminated.
	(1) Normal termination (return value 0)
		Usr 0 00:04:11, Sys 0 00:00:20  -  Run Remote Usage
		Usr 0 00:00:00, Sys 0 00:00:00  -  Run Local Usage
		Usr 0 00:04:11, Sys 0 00:00:20  -  Total Remote Usage
		Usr 0 00:00:00, Sys 0 00:00:00  -  Total Local Usage
	0  -  Run Bytes Sent By Job
	0  -  Run Bytes Received By Job
	0  -  Total Bytes Sent By Job
	0  -  Total Bytes Received By Job
	Partitionable Resources :    Usage  Request Allocated 
	   Cpus                 :     0.92        1         1 
	   Disk (KB)            :     1     3584000   4639780 
	   Memory (MB)          : 10761        4096      4096 

	Job terminated of its own accord at 2021-01-07T11:29:13Z.
...
005 (13901926.000.000) 2021-01-07 12:29:13 Job terminated.
	(1) Normal termination (return value 0)
		Usr 0 00:04:11, Sys 0 00:00:19  -  Run Remote Usage
		Usr 0 00:00:00, Sys 0 00:00:00  -  Run Local Usage
		Usr 0 00:04:11, Sys 0 00:00:19  -  Total Remote Usage
		Usr 0 00:00:00, Sys 0 00:00:00  -  Total Local Usage
	0  -  Run Bytes Sent By Job
	0  -  Run Bytes Received By Job
	0  -  Total Bytes Sent By Job
	0  -  Total Bytes Received By Job
	Partitionable Resources :    Usage  Request Allocated 
	   Cpus                 :     0.92        1         1 
	   Disk (KB)            :     1     3584000   4639780 
	   Memory (MB)          :   287        4096      4096 

	Job terminated of its own accord at 2021-01-07T11:29:13Z.
...
005 (13901926.013.000) 2021-01-07 12:29:17 Job terminated.
	(1) Normal termination (return value 0)
		Usr 0 00:04:08, Sys 0 00:00:17  -  Run Remote Usage
		Usr 0 00:00:00, Sys 0 00:00:00  -  Run Local Usage
		Usr 0 00:04:08, Sys 0 00:00:17  -  Total Remote Usage
		Usr 0 00:00:00, Sys 0 00:00:00  -  Total Local Usage
	0  -  Run Bytes Sent By Job
	0  -  Run Bytes Received By Job
	0  -  Total Bytes Sent By Job
	0  -  Total Bytes Received By Job
	Partitionable Resources :    Usage  Request Allocated 
	   Cpus                 :     0.93        1         1 
	   Disk (KB)            :     1     3584000   4543209 
	   Memory (MB)          :  9484        4096      4096 

	Job terminated of its own accord at 2021-01-07T11:29:17Z.
...
006 (13901926.022.000) 2021-01-07 12:29:19 Image size of job updated: 11042860
	9868  -  MemoryUsage of job (MB)
	10104348  -  ResidentSetSize of job (KB)
...
005 (13901926.022.000) 2021-01-07 12:29:19 Job terminated.
	(1) Normal termination (return value 0)
		Usr 0 00:04:05, Sys 0 00:00:21  -  Run Remote Usage
		Usr 0 00:00:00, Sys 0 00:00:00  -  Run Local Usage
		Usr 0 00:04:05, Sys 0 00:00:21  -  Total Remote Usage
		Usr 0 00:00:00, Sys 0 00:00:00  -  Total Local Usage
	0  -  Run Bytes Sent By Job
	0  -  Run Bytes Received By Job
	0  -  Total Bytes Sent By Job
	0  -  Total Bytes Received By Job
	Partitionable Resources :    Usage  Request Allocated 
	   Cpus                 :     0.73        1         1 
	   Disk (KB)            :     1     3584000   4543209 
	   Memory (MB)          :  9868        4096      4096 

	Job terminated of its own accord at 2021-01-07T11:29:19Z.
...
005 (13901926.014.000) 2021-01-07 12:29:28 Job terminated.
	(1) Normal termination (return value 0)
		Usr 0 00:04:04, Sys 0 00:00:18  -  Run Remote Usage
		Usr 0 00:00:00, Sys 0 00:00:00  -  Run Local Usage
		Usr 0 00:04:04, Sys 0 00:00:18  -  Total Remote Usage
		Usr 0 00:00:00, Sys 0 00:00:00  -  Total Local Usage
	0  -  Run Bytes Sent By Job
	0  -  Run Bytes Received By Job
	0  -  Total Bytes Sent By Job
	0  -  Total Bytes Received By Job
	Partitionable Resources :    Usage  Request Allocated 
	   Cpus                 :     0.92        1         1 
	   Disk (KB)            :     1     3584000   4541525 
	   Memory (MB)          :  8144        4096      4096 

	Job terminated of its own accord at 2021-01-07T11:29:28Z.
...
006 (13901926.018.000) 2021-01-07 12:29:50 Image size of job updated: 11055816
	8690  -  MemoryUsage of job (MB)
	8898076  -  ResidentSetSize of job (KB)
...
005 (13901926.018.000) 2021-01-07 12:29:51 Job terminated.
	(1) Normal termination (return value 0)
		Usr 0 00:04:33, Sys 0 00:00:27  -  Run Remote Usage
		Usr 0 00:00:00, Sys 0 00:00:00  -  Run Local Usage
		Usr 0 00:04:33, Sys 0 00:00:27  -  Total Remote Usage
		Usr 0 00:00:00, Sys 0 00:00:00  -  Total Local Usage
	0  -  Run Bytes Sent By Job
	0  -  Run Bytes Received By Job
	0  -  Total Bytes Sent By Job
	0  -  Total Bytes Received By Job
	Partitionable Resources :    Usage  Request Allocated 
	   Cpus                 :     0.91        1         1 
	   Disk (KB)            :     1     3584000   4821810 
	   Memory (MB)          :  8690        4096      4096 

	Job terminated of its own accord at 2021-01-07T11:29:50Z.
...
006 (13901926.005.000) 2021-01-07 12:30:23 Image size of job updated: 12578316
	6085  -  MemoryUsage of job (MB)
	6230600  -  ResidentSetSize of job (KB)
...
005 (13901926.005.000) 2021-01-07 12:30:23 Job terminated.
	(1) Normal termination (return value 0)
		Usr 0 00:04:24, Sys 0 00:00:18  -  Run Remote Usage
		Usr 0 00:00:00, Sys 0 00:00:00  -  Run Local Usage
		Usr 0 00:04:24, Sys 0 00:00:18  -  Total Remote Usage
		Usr 0 00:00:00, Sys 0 00:00:00  -  Total Local Usage
	0  -  Run Bytes Sent By Job
	0  -  Run Bytes Received By Job
	0  -  Total Bytes Sent By Job
	0  -  Total Bytes Received By Job
	Partitionable Resources :    Usage  Request Allocated 
	   Cpus                 :     0.87        1         1 
	   Disk (KB)            :     1     3584000   4785154 
	   Memory (MB)          :  6085        4096      4096 

	Job terminated of its own accord at 2021-01-07T11:30:23Z.
...
006 (13901926.003.000) 2021-01-07 12:30:38 Image size of job updated: 11040816
	5115  -  MemoryUsage of job (MB)
	5237316  -  ResidentSetSize of job (KB)
...
005 (13901926.003.000) 2021-01-07 12:30:38 Job terminated.
	(1) Normal termination (return value 0)
		Usr 0 00:04:05, Sys 0 00:00:21  -  Run Remote Usage
		Usr 0 00:00:00, Sys 0 00:00:00  -  Run Local Usage
		Usr 0 00:04:05, Sys 0 00:00:21  -  Total Remote Usage
		Usr 0 00:00:00, Sys 0 00:00:00  -  Total Local Usage
	0  -  Run Bytes Sent By Job
	0  -  Run Bytes Received By Job
	0  -  Total Bytes Sent By Job
	0  -  Total Bytes Received By Job
	Partitionable Resources :    Usage  Request Allocated 
	   Cpus                 :     0.03        1         1 
	   Disk (KB)            :     1     3584000   4298920 
	   Memory (MB)          :  5115        4096      4096 

	Job terminated of its own accord at 2021-01-07T11:30:38Z.
...
006 (13901926.004.000) 2021-01-07 12:30:54 Image size of job updated: 11069356
	7064  -  MemoryUsage of job (MB)
	7233424  -  ResidentSetSize of job (KB)
...
005 (13901926.004.000) 2021-01-07 12:30:54 Job terminated.
	(1) Normal termination (return value 0)
		Usr 0 00:04:13, Sys 0 00:00:27  -  Run Remote Usage
		Usr 0 00:00:00, Sys 0 00:00:00  -  Run Local Usage
		Usr 0 00:04:13, Sys 0 00:00:27  -  Total Remote Usage
		Usr 0 00:00:00, Sys 0 00:00:00  -  Total Local Usage
	0  -  Run Bytes Sent By Job
	0  -  Run Bytes Received By Job
	0  -  Total Bytes Sent By Job
	0  -  Total Bytes Received By Job
	Partitionable Resources :    Usage  Request Allocated 
	   Cpus                 :     0.05        1         1 
	   Disk (KB)            :     1     3584000   3824521 
	   Memory (MB)          :  7064        4096      4096 

	Job terminated of its own accord at 2021-01-07T11:30:54Z.
...
006 (13901926.016.000) 2021-01-07 12:32:29 Image size of job updated: 7997268
	6808  -  MemoryUsage of job (MB)
	6970780  -  ResidentSetSize of job (KB)
...
005 (13901926.016.000) 2021-01-07 12:32:29 Job terminated.
	(1) Normal termination (return value 0)
		Usr 0 00:04:07, Sys 0 00:00:21  -  Run Remote Usage
		Usr 0 00:00:00, Sys 0 00:00:00  -  Run Local Usage
		Usr 0 00:04:07, Sys 0 00:00:21  -  Total Remote Usage
		Usr 0 00:00:00, Sys 0 00:00:00  -  Total Local Usage
	0  -  Run Bytes Sent By Job
	0  -  Run Bytes Received By Job
	0  -  Total Bytes Sent By Job
	0  -  Total Bytes Received By Job
	Partitionable Resources :    Usage  Request Allocated 
	   Cpus                 :     0.83        1         1 
	   Disk (KB)            :     1     3584000   3823360 
	   Memory (MB)          :  6808        4096      4096 

	Job terminated of its own accord at 2021-01-07T11:32:29Z.
...
