000 (13926307.000.000) 2021-01-08 09:09:17 Job submitted from host: <131.169.223.42:9618?addrs=131.169.223.42-9618+[2001-638-700-10df--1-2a]-9618&alias=bird-htc-sched14.desy.de&noUDP&sock=schedd_1936_8371_3>
...
000 (13926307.001.000) 2021-01-08 09:09:17 Job submitted from host: <131.169.223.42:9618?addrs=131.169.223.42-9618+[2001-638-700-10df--1-2a]-9618&alias=bird-htc-sched14.desy.de&noUDP&sock=schedd_1936_8371_3>
...
000 (13926307.002.000) 2021-01-08 09:09:17 Job submitted from host: <131.169.223.42:9618?addrs=131.169.223.42-9618+[2001-638-700-10df--1-2a]-9618&alias=bird-htc-sched14.desy.de&noUDP&sock=schedd_1936_8371_3>
...
001 (13926307.000.000) 2021-01-08 09:14:28 Job executing on host: <131.169.160.151:35514?addrs=131.169.160.151-35514&alias=batch1051.desy.de>
...
001 (13926307.002.000) 2021-01-08 09:14:28 Job executing on host: <131.169.160.115:40831?addrs=131.169.160.115-40831&alias=batch1076.desy.de>
...
001 (13926307.001.000) 2021-01-08 09:14:29 Job executing on host: <131.169.162.166:36693?addrs=131.169.162.166-36693&alias=batch1166.desy.de>
...
006 (13926307.000.000) 2021-01-08 09:14:37 Image size of job updated: 415400
	326  -  MemoryUsage of job (MB)
	333140  -  ResidentSetSize of job (KB)
...
006 (13926307.002.000) 2021-01-08 09:14:37 Image size of job updated: 411116
	321  -  MemoryUsage of job (MB)
	328468  -  ResidentSetSize of job (KB)
...
006 (13926307.001.000) 2021-01-08 09:14:39 Image size of job updated: 453936
	361  -  MemoryUsage of job (MB)
	368812  -  ResidentSetSize of job (KB)
...
006 (13926307.002.000) 2021-01-08 09:15:50 Image size of job updated: 3699452
	321  -  MemoryUsage of job (MB)
	328556  -  ResidentSetSize of job (KB)
...
005 (13926307.002.000) 2021-01-08 09:15:50 Job terminated.
	(1) Normal termination (return value 0)
		Usr 0 00:01:08, Sys 0 00:00:05  -  Run Remote Usage
		Usr 0 00:00:00, Sys 0 00:00:00  -  Run Local Usage
		Usr 0 00:01:08, Sys 0 00:00:05  -  Total Remote Usage
		Usr 0 00:00:00, Sys 0 00:00:00  -  Total Local Usage
	0  -  Run Bytes Sent By Job
	0  -  Run Bytes Received By Job
	0  -  Total Bytes Sent By Job
	0  -  Total Bytes Received By Job
	Partitionable Resources :    Usage  Request Allocated 
	   Cpus                 :     0.91        1         1 
	   Disk (KB)            :     1     3584000   4423931 
	   Memory (MB)          :   321        4096      4096 

	Job terminated of its own accord at 2021-01-08T08:15:50Z.
...
006 (13926307.001.000) 2021-01-08 09:18:19 Image size of job updated: 11306960
	361  -  MemoryUsage of job (MB)
	369276  -  ResidentSetSize of job (KB)
...
005 (13926307.001.000) 2021-01-08 09:18:19 Job terminated.
	(1) Normal termination (return value 0)
		Usr 0 00:03:04, Sys 0 00:00:11  -  Run Remote Usage
		Usr 0 00:00:00, Sys 0 00:00:00  -  Run Local Usage
		Usr 0 00:03:04, Sys 0 00:00:11  -  Total Remote Usage
		Usr 0 00:00:00, Sys 0 00:00:00  -  Total Local Usage
	0  -  Run Bytes Sent By Job
	0  -  Run Bytes Received By Job
	0  -  Total Bytes Sent By Job
	0  -  Total Bytes Received By Job
	Partitionable Resources :    Usage  Request Allocated 
	   Cpus                 :     0.83        1         1 
	   Disk (KB)            :     1     3584000   4408252 
	   Memory (MB)          :   361        4096      4096 

	Job terminated of its own accord at 2021-01-08T08:18:19Z.
...
006 (13926307.000.000) 2021-01-08 09:19:38 Image size of job updated: 11153532
	9396  -  MemoryUsage of job (MB)
	9620748  -  ResidentSetSize of job (KB)
...
006 (13926307.000.000) 2021-01-08 09:19:46 Image size of job updated: 11215136
	9396  -  MemoryUsage of job (MB)
	9620888  -  ResidentSetSize of job (KB)
...
005 (13926307.000.000) 2021-01-08 09:19:46 Job terminated.
	(1) Normal termination (return value 0)
		Usr 0 00:04:22, Sys 0 00:00:23  -  Run Remote Usage
		Usr 0 00:00:00, Sys 0 00:00:00  -  Run Local Usage
		Usr 0 00:04:22, Sys 0 00:00:23  -  Total Remote Usage
		Usr 0 00:00:00, Sys 0 00:00:00  -  Total Local Usage
	0  -  Run Bytes Sent By Job
	0  -  Run Bytes Received By Job
	0  -  Total Bytes Sent By Job
	0  -  Total Bytes Received By Job
	Partitionable Resources :    Usage  Request Allocated 
	   Cpus                 :     0.72        1         1 
	   Disk (KB)            :     1     3584000   4370429 
	   Memory (MB)          :  9396        4096      4096 

	Job terminated of its own accord at 2021-01-08T08:19:46Z.
...
