000 (13901924.000.000) 2021-01-07 12:19:55 Job submitted from host: <131.169.223.42:9618?addrs=131.169.223.42-9618+[2001-638-700-10df--1-2a]-9618&alias=bird-htc-sched14.desy.de&noUDP&sock=schedd_1936_8371_3>
...
000 (13901924.001.000) 2021-01-07 12:19:55 Job submitted from host: <131.169.223.42:9618?addrs=131.169.223.42-9618+[2001-638-700-10df--1-2a]-9618&alias=bird-htc-sched14.desy.de&noUDP&sock=schedd_1936_8371_3>
...
000 (13901924.002.000) 2021-01-07 12:19:55 Job submitted from host: <131.169.223.42:9618?addrs=131.169.223.42-9618+[2001-638-700-10df--1-2a]-9618&alias=bird-htc-sched14.desy.de&noUDP&sock=schedd_1936_8371_3>
...
000 (13901924.003.000) 2021-01-07 12:19:55 Job submitted from host: <131.169.223.42:9618?addrs=131.169.223.42-9618+[2001-638-700-10df--1-2a]-9618&alias=bird-htc-sched14.desy.de&noUDP&sock=schedd_1936_8371_3>
...
000 (13901924.004.000) 2021-01-07 12:19:55 Job submitted from host: <131.169.223.42:9618?addrs=131.169.223.42-9618+[2001-638-700-10df--1-2a]-9618&alias=bird-htc-sched14.desy.de&noUDP&sock=schedd_1936_8371_3>
...
000 (13901924.005.000) 2021-01-07 12:19:55 Job submitted from host: <131.169.223.42:9618?addrs=131.169.223.42-9618+[2001-638-700-10df--1-2a]-9618&alias=bird-htc-sched14.desy.de&noUDP&sock=schedd_1936_8371_3>
...
000 (13901924.006.000) 2021-01-07 12:19:55 Job submitted from host: <131.169.223.42:9618?addrs=131.169.223.42-9618+[2001-638-700-10df--1-2a]-9618&alias=bird-htc-sched14.desy.de&noUDP&sock=schedd_1936_8371_3>
...
000 (13901924.007.000) 2021-01-07 12:19:55 Job submitted from host: <131.169.223.42:9618?addrs=131.169.223.42-9618+[2001-638-700-10df--1-2a]-9618&alias=bird-htc-sched14.desy.de&noUDP&sock=schedd_1936_8371_3>
...
000 (13901924.008.000) 2021-01-07 12:19:55 Job submitted from host: <131.169.223.42:9618?addrs=131.169.223.42-9618+[2001-638-700-10df--1-2a]-9618&alias=bird-htc-sched14.desy.de&noUDP&sock=schedd_1936_8371_3>
...
000 (13901924.009.000) 2021-01-07 12:19:55 Job submitted from host: <131.169.223.42:9618?addrs=131.169.223.42-9618+[2001-638-700-10df--1-2a]-9618&alias=bird-htc-sched14.desy.de&noUDP&sock=schedd_1936_8371_3>
...
000 (13901924.010.000) 2021-01-07 12:19:55 Job submitted from host: <131.169.223.42:9618?addrs=131.169.223.42-9618+[2001-638-700-10df--1-2a]-9618&alias=bird-htc-sched14.desy.de&noUDP&sock=schedd_1936_8371_3>
...
000 (13901924.011.000) 2021-01-07 12:19:55 Job submitted from host: <131.169.223.42:9618?addrs=131.169.223.42-9618+[2001-638-700-10df--1-2a]-9618&alias=bird-htc-sched14.desy.de&noUDP&sock=schedd_1936_8371_3>
...
000 (13901924.012.000) 2021-01-07 12:19:55 Job submitted from host: <131.169.223.42:9618?addrs=131.169.223.42-9618+[2001-638-700-10df--1-2a]-9618&alias=bird-htc-sched14.desy.de&noUDP&sock=schedd_1936_8371_3>
...
000 (13901924.013.000) 2021-01-07 12:19:55 Job submitted from host: <131.169.223.42:9618?addrs=131.169.223.42-9618+[2001-638-700-10df--1-2a]-9618&alias=bird-htc-sched14.desy.de&noUDP&sock=schedd_1936_8371_3>
...
000 (13901924.014.000) 2021-01-07 12:19:55 Job submitted from host: <131.169.223.42:9618?addrs=131.169.223.42-9618+[2001-638-700-10df--1-2a]-9618&alias=bird-htc-sched14.desy.de&noUDP&sock=schedd_1936_8371_3>
...
000 (13901924.015.000) 2021-01-07 12:19:55 Job submitted from host: <131.169.223.42:9618?addrs=131.169.223.42-9618+[2001-638-700-10df--1-2a]-9618&alias=bird-htc-sched14.desy.de&noUDP&sock=schedd_1936_8371_3>
...
000 (13901924.016.000) 2021-01-07 12:19:55 Job submitted from host: <131.169.223.42:9618?addrs=131.169.223.42-9618+[2001-638-700-10df--1-2a]-9618&alias=bird-htc-sched14.desy.de&noUDP&sock=schedd_1936_8371_3>
...
000 (13901924.017.000) 2021-01-07 12:19:55 Job submitted from host: <131.169.223.42:9618?addrs=131.169.223.42-9618+[2001-638-700-10df--1-2a]-9618&alias=bird-htc-sched14.desy.de&noUDP&sock=schedd_1936_8371_3>
...
000 (13901924.018.000) 2021-01-07 12:19:55 Job submitted from host: <131.169.223.42:9618?addrs=131.169.223.42-9618+[2001-638-700-10df--1-2a]-9618&alias=bird-htc-sched14.desy.de&noUDP&sock=schedd_1936_8371_3>
...
000 (13901924.019.000) 2021-01-07 12:19:55 Job submitted from host: <131.169.223.42:9618?addrs=131.169.223.42-9618+[2001-638-700-10df--1-2a]-9618&alias=bird-htc-sched14.desy.de&noUDP&sock=schedd_1936_8371_3>
...
000 (13901924.020.000) 2021-01-07 12:19:55 Job submitted from host: <131.169.223.42:9618?addrs=131.169.223.42-9618+[2001-638-700-10df--1-2a]-9618&alias=bird-htc-sched14.desy.de&noUDP&sock=schedd_1936_8371_3>
...
000 (13901924.021.000) 2021-01-07 12:19:55 Job submitted from host: <131.169.223.42:9618?addrs=131.169.223.42-9618+[2001-638-700-10df--1-2a]-9618&alias=bird-htc-sched14.desy.de&noUDP&sock=schedd_1936_8371_3>
...
000 (13901924.022.000) 2021-01-07 12:19:55 Job submitted from host: <131.169.223.42:9618?addrs=131.169.223.42-9618+[2001-638-700-10df--1-2a]-9618&alias=bird-htc-sched14.desy.de&noUDP&sock=schedd_1936_8371_3>
...
000 (13901924.023.000) 2021-01-07 12:19:55 Job submitted from host: <131.169.223.42:9618?addrs=131.169.223.42-9618+[2001-638-700-10df--1-2a]-9618&alias=bird-htc-sched14.desy.de&noUDP&sock=schedd_1936_8371_3>
...
000 (13901924.024.000) 2021-01-07 12:19:55 Job submitted from host: <131.169.223.42:9618?addrs=131.169.223.42-9618+[2001-638-700-10df--1-2a]-9618&alias=bird-htc-sched14.desy.de&noUDP&sock=schedd_1936_8371_3>
...
001 (13901924.000.000) 2021-01-07 12:24:02 Job executing on host: <131.169.163.133:37103?addrs=131.169.163.133-37103&alias=bird694.desy.de>
...
001 (13901924.001.000) 2021-01-07 12:24:02 Job executing on host: <131.169.164.10:36787?addrs=131.169.164.10-36787&alias=bird810.desy.de>
...
001 (13901924.003.000) 2021-01-07 12:24:02 Job executing on host: <131.169.162.168:42878?addrs=131.169.162.168-42878&alias=batch1168.desy.de>
...
001 (13901924.008.000) 2021-01-07 12:24:02 Job executing on host: <131.169.162.169:36226?addrs=131.169.162.169-36226&alias=batch1169.desy.de>
...
001 (13901924.010.000) 2021-01-07 12:24:02 Job executing on host: <131.169.160.174:39753?addrs=131.169.160.174-39753&alias=batch1176.desy.de>
...
001 (13901924.009.000) 2021-01-07 12:24:02 Job executing on host: <131.169.162.164:45315?addrs=131.169.162.164-45315&alias=batch1164.desy.de>
...
001 (13901924.006.000) 2021-01-07 12:24:02 Job executing on host: <131.169.162.160:34366?addrs=131.169.162.160-34366&alias=batch1160.desy.de>
...
001 (13901924.013.000) 2021-01-07 12:24:02 Job executing on host: <131.169.160.175:34472?addrs=131.169.160.175-34472&alias=batch1177.desy.de>
...
001 (13901924.021.000) 2021-01-07 12:24:02 Job executing on host: <131.169.164.51:36437?addrs=131.169.164.51-36437&alias=bird851.desy.de>
...
001 (13901924.023.000) 2021-01-07 12:24:02 Job executing on host: <131.169.164.33:40802?addrs=131.169.164.33-40802&alias=bird833.desy.de>
...
001 (13901924.024.000) 2021-01-07 12:24:02 Job executing on host: <131.169.164.6:42625?addrs=131.169.164.6-42625&alias=bird806.desy.de>
...
001 (13901924.019.000) 2021-01-07 12:24:02 Job executing on host: <131.169.164.49:43609?addrs=131.169.164.49-43609&alias=bird849.desy.de>
...
001 (13901924.016.000) 2021-01-07 12:24:02 Job executing on host: <131.169.162.162:36408?addrs=131.169.162.162-36408&alias=batch1162.desy.de>
...
001 (13901924.004.000) 2021-01-07 12:24:02 Job executing on host: <131.169.160.167:37786?addrs=131.169.160.167-37786&alias=batch1067.desy.de>
...
001 (13901924.022.000) 2021-01-07 12:24:02 Job executing on host: <131.169.77.49:35518?addrs=131.169.77.49-35518&alias=bird567.desy.de>
...
001 (13901924.011.000) 2021-01-07 12:24:02 Job executing on host: <131.169.160.163:41671?addrs=131.169.160.163-41671&alias=batch1063.desy.de>
...
001 (13901924.015.000) 2021-01-07 12:24:02 Job executing on host: <131.169.162.161:35580?addrs=131.169.162.161-35580&alias=batch1161.desy.de>
...
001 (13901924.002.000) 2021-01-07 12:24:02 Job executing on host: <131.169.160.110:41945?addrs=131.169.160.110-41945&alias=batch1071.desy.de>
...
001 (13901924.005.000) 2021-01-07 12:24:02 Job executing on host: <131.169.160.170:46777?addrs=131.169.160.170-46777&alias=batch1070.desy.de>
...
001 (13901924.012.000) 2021-01-07 12:24:02 Job executing on host: <131.169.160.159:44197?addrs=131.169.160.159-44197&alias=batch1059.desy.de>
...
001 (13901924.017.000) 2021-01-07 12:24:03 Job executing on host: <131.169.162.156:33000?addrs=131.169.162.156-33000&alias=batch1156.desy.de>
...
001 (13901924.014.000) 2021-01-07 12:24:08 Job executing on host: <131.169.162.155:38616?addrs=131.169.162.155-38616&alias=batch1155.desy.de>
...
006 (13901924.000.000) 2021-01-07 12:24:10 Image size of job updated: 386464
	298  -  MemoryUsage of job (MB)
	304352  -  ResidentSetSize of job (KB)
...
006 (13901924.001.000) 2021-01-07 12:24:10 Image size of job updated: 297964
	281  -  MemoryUsage of job (MB)
	287532  -  ResidentSetSize of job (KB)
...
006 (13901924.003.000) 2021-01-07 12:24:10 Image size of job updated: 611380
	518  -  MemoryUsage of job (MB)
	529516  -  ResidentSetSize of job (KB)
...
006 (13901924.008.000) 2021-01-07 12:24:10 Image size of job updated: 634396
	539  -  MemoryUsage of job (MB)
	551200  -  ResidentSetSize of job (KB)
...
006 (13901924.010.000) 2021-01-07 12:24:10 Image size of job updated: 565424
	530  -  MemoryUsage of job (MB)
	542396  -  ResidentSetSize of job (KB)
...
006 (13901924.009.000) 2021-01-07 12:24:10 Image size of job updated: 589096
	496  -  MemoryUsage of job (MB)
	506908  -  ResidentSetSize of job (KB)
...
006 (13901924.013.000) 2021-01-07 12:24:10 Image size of job updated: 633588
	538  -  MemoryUsage of job (MB)
	550412  -  ResidentSetSize of job (KB)
...
006 (13901924.006.000) 2021-01-07 12:24:10 Image size of job updated: 266024
	248  -  MemoryUsage of job (MB)
	253200  -  ResidentSetSize of job (KB)
...
006 (13901924.021.000) 2021-01-07 12:24:10 Image size of job updated: 401568
	338  -  MemoryUsage of job (MB)
	345580  -  ResidentSetSize of job (KB)
...
006 (13901924.023.000) 2021-01-07 12:24:10 Image size of job updated: 408688
	341  -  MemoryUsage of job (MB)
	348928  -  ResidentSetSize of job (KB)
...
006 (13901924.012.000) 2021-01-07 12:24:11 Image size of job updated: 347576
	258  -  MemoryUsage of job (MB)
	264188  -  ResidentSetSize of job (KB)
...
006 (13901924.024.000) 2021-01-07 12:24:11 Image size of job updated: 404616
	376  -  MemoryUsage of job (MB)
	384532  -  ResidentSetSize of job (KB)
...
006 (13901924.019.000) 2021-01-07 12:24:11 Image size of job updated: 321956
	287  -  MemoryUsage of job (MB)
	293640  -  ResidentSetSize of job (KB)
...
006 (13901924.016.000) 2021-01-07 12:24:11 Image size of job updated: 653780
	595  -  MemoryUsage of job (MB)
	608580  -  ResidentSetSize of job (KB)
...
006 (13901924.004.000) 2021-01-07 12:24:11 Image size of job updated: 376532
	288  -  MemoryUsage of job (MB)
	294704  -  ResidentSetSize of job (KB)
...
006 (13901924.022.000) 2021-01-07 12:24:11 Image size of job updated: 277672
	234  -  MemoryUsage of job (MB)
	238912  -  ResidentSetSize of job (KB)
...
006 (13901924.011.000) 2021-01-07 12:24:11 Image size of job updated: 411764
	323  -  MemoryUsage of job (MB)
	330044  -  ResidentSetSize of job (KB)
...
006 (13901924.015.000) 2021-01-07 12:24:11 Image size of job updated: 265268
	216  -  MemoryUsage of job (MB)
	220548  -  ResidentSetSize of job (KB)
...
006 (13901924.002.000) 2021-01-07 12:24:11 Image size of job updated: 372052
	282  -  MemoryUsage of job (MB)
	288544  -  ResidentSetSize of job (KB)
...
006 (13901924.005.000) 2021-01-07 12:24:11 Image size of job updated: 372288
	322  -  MemoryUsage of job (MB)
	329464  -  ResidentSetSize of job (KB)
...
006 (13901924.017.000) 2021-01-07 12:24:12 Image size of job updated: 579848
	514  -  MemoryUsage of job (MB)
	525804  -  ResidentSetSize of job (KB)
...
001 (13901924.007.000) 2021-01-07 12:24:15 Job executing on host: <131.169.160.194:45352?addrs=131.169.160.194-45352&alias=batch1188.desy.de>
...
006 (13901924.014.000) 2021-01-07 12:24:18 Image size of job updated: 352976
	265  -  MemoryUsage of job (MB)
	270764  -  ResidentSetSize of job (KB)
...
001 (13901924.020.000) 2021-01-07 12:24:21 Job executing on host: <131.169.164.16:41732?addrs=131.169.164.16-41732&alias=bird816.desy.de>
...
001 (13901924.018.000) 2021-01-07 12:24:23 Job executing on host: <131.169.162.170:35564?addrs=131.169.162.170-35564&alias=batch1170.desy.de>
...
006 (13901924.007.000) 2021-01-07 12:24:24 Image size of job updated: 22284
	7  -  MemoryUsage of job (MB)
	6740  -  ResidentSetSize of job (KB)
...
006 (13901924.020.000) 2021-01-07 12:24:29 Image size of job updated: 432504
	343  -  MemoryUsage of job (MB)
	350796  -  ResidentSetSize of job (KB)
...
006 (13901924.018.000) 2021-01-07 12:24:32 Image size of job updated: 521088
	497  -  MemoryUsage of job (MB)
	508256  -  ResidentSetSize of job (KB)
...
006 (13901924.013.000) 2021-01-07 12:27:16 Image size of job updated: 11175652
	538  -  MemoryUsage of job (MB)
	550468  -  ResidentSetSize of job (KB)
...
005 (13901924.013.000) 2021-01-07 12:27:16 Job terminated.
	(1) Normal termination (return value 0)
		Usr 0 00:02:46, Sys 0 00:00:07  -  Run Remote Usage
		Usr 0 00:00:00, Sys 0 00:00:00  -  Run Local Usage
		Usr 0 00:02:46, Sys 0 00:00:07  -  Total Remote Usage
		Usr 0 00:00:00, Sys 0 00:00:00  -  Total Local Usage
	0  -  Run Bytes Sent By Job
	0  -  Run Bytes Received By Job
	0  -  Total Bytes Sent By Job
	0  -  Total Bytes Received By Job
	Partitionable Resources :    Usage  Request Allocated 
	   Cpus                 :     0.91        1         1 
	   Disk (KB)            :     1     3584000   4466382 
	   Memory (MB)          :   538        4096      4096 

	Job terminated of its own accord at 2021-01-07T11:27:16Z.
...
006 (13901924.010.000) 2021-01-07 12:27:26 Image size of job updated: 12616048
	530  -  MemoryUsage of job (MB)
	542420  -  ResidentSetSize of job (KB)
...
005 (13901924.010.000) 2021-01-07 12:27:26 Job terminated.
	(1) Normal termination (return value 0)
		Usr 0 00:02:43, Sys 0 00:00:09  -  Run Remote Usage
		Usr 0 00:00:00, Sys 0 00:00:00  -  Run Local Usage
		Usr 0 00:02:43, Sys 0 00:00:09  -  Total Remote Usage
		Usr 0 00:00:00, Sys 0 00:00:00  -  Total Local Usage
	0  -  Run Bytes Sent By Job
	0  -  Run Bytes Received By Job
	0  -  Total Bytes Sent By Job
	0  -  Total Bytes Received By Job
	Partitionable Resources :    Usage  Request Allocated 
	   Cpus                 :     0.85        1         1 
	   Disk (KB)            :     1     3584000   4465832 
	   Memory (MB)          :   530        4096      4096 

	Job terminated of its own accord at 2021-01-07T11:27:26Z.
...
006 (13901924.009.000) 2021-01-07 12:27:27 Image size of job updated: 11193080
	496  -  MemoryUsage of job (MB)
	506908  -  ResidentSetSize of job (KB)
...
005 (13901924.009.000) 2021-01-07 12:27:27 Job terminated.
	(1) Normal termination (return value 0)
		Usr 0 00:02:47, Sys 0 00:00:08  -  Run Remote Usage
		Usr 0 00:00:00, Sys 0 00:00:00  -  Run Local Usage
		Usr 0 00:02:47, Sys 0 00:00:08  -  Total Remote Usage
		Usr 0 00:00:00, Sys 0 00:00:00  -  Total Local Usage
	0  -  Run Bytes Sent By Job
	0  -  Run Bytes Received By Job
	0  -  Total Bytes Sent By Job
	0  -  Total Bytes Received By Job
	Partitionable Resources :    Usage  Request Allocated 
	   Cpus                 :     0.90        1         1 
	   Disk (KB)            :     1     3584000   4812583 
	   Memory (MB)          :   496        4096      4096 

	Job terminated of its own accord at 2021-01-07T11:27:27Z.
...
006 (13901924.008.000) 2021-01-07 12:27:27 Image size of job updated: 3851812
	539  -  MemoryUsage of job (MB)
	551512  -  ResidentSetSize of job (KB)
...
005 (13901924.008.000) 2021-01-07 12:27:28 Job terminated.
	(1) Normal termination (return value 0)
		Usr 0 00:02:44, Sys 0 00:00:08  -  Run Remote Usage
		Usr 0 00:00:00, Sys 0 00:00:00  -  Run Local Usage
		Usr 0 00:02:44, Sys 0 00:00:08  -  Total Remote Usage
		Usr 0 00:00:00, Sys 0 00:00:00  -  Total Local Usage
	0  -  Run Bytes Sent By Job
	0  -  Run Bytes Received By Job
	0  -  Total Bytes Sent By Job
	0  -  Total Bytes Received By Job
	Partitionable Resources :    Usage  Request Allocated 
	   Cpus                 :     0.88        1         1 
	   Disk (KB)            :     1     3584000   4408341 
	   Memory (MB)          :   539        4096      4096 

	Job terminated of its own accord at 2021-01-07T11:27:27Z.
...
006 (13901924.016.000) 2021-01-07 12:27:30 Image size of job updated: 3202932
	595  -  MemoryUsage of job (MB)
	608608  -  ResidentSetSize of job (KB)
...
005 (13901924.016.000) 2021-01-07 12:27:30 Job terminated.
	(1) Normal termination (return value 0)
		Usr 0 00:02:45, Sys 0 00:00:09  -  Run Remote Usage
		Usr 0 00:00:00, Sys 0 00:00:00  -  Run Local Usage
		Usr 0 00:02:45, Sys 0 00:00:09  -  Total Remote Usage
		Usr 0 00:00:00, Sys 0 00:00:00  -  Total Local Usage
	0  -  Run Bytes Sent By Job
	0  -  Run Bytes Received By Job
	0  -  Total Bytes Sent By Job
	0  -  Total Bytes Received By Job
	Partitionable Resources :    Usage  Request Allocated 
	   Cpus                 :     0.89        1         1 
	   Disk (KB)            :     1     3584000   4409156 
	   Memory (MB)          :   595        4096      4096 

	Job terminated of its own accord at 2021-01-07T11:27:30Z.
...
006 (13901924.003.000) 2021-01-07 12:27:34 Image size of job updated: 11224200
	518  -  MemoryUsage of job (MB)
	529516  -  ResidentSetSize of job (KB)
...
005 (13901924.003.000) 2021-01-07 12:27:34 Job terminated.
	(1) Normal termination (return value 0)
		Usr 0 00:02:49, Sys 0 00:00:07  -  Run Remote Usage
		Usr 0 00:00:00, Sys 0 00:00:00  -  Run Local Usage
		Usr 0 00:02:49, Sys 0 00:00:07  -  Total Remote Usage
		Usr 0 00:00:00, Sys 0 00:00:00  -  Total Local Usage
	0  -  Run Bytes Sent By Job
	0  -  Run Bytes Received By Job
	0  -  Total Bytes Sent By Job
	0  -  Total Bytes Received By Job
	Partitionable Resources :    Usage  Request Allocated 
	   Cpus                 :     0.89        1         1 
	   Disk (KB)            :     1     3584000   4409357 
	   Memory (MB)          :   518        4096      4096 

	Job terminated of its own accord at 2021-01-07T11:27:34Z.
...
006 (13901924.017.000) 2021-01-07 12:27:37 Image size of job updated: 10879860
	514  -  MemoryUsage of job (MB)
	525872  -  ResidentSetSize of job (KB)
...
005 (13901924.017.000) 2021-01-07 12:27:37 Job terminated.
	(1) Normal termination (return value 0)
		Usr 0 00:02:45, Sys 0 00:00:09  -  Run Remote Usage
		Usr 0 00:00:00, Sys 0 00:00:00  -  Run Local Usage
		Usr 0 00:02:45, Sys 0 00:00:09  -  Total Remote Usage
		Usr 0 00:00:00, Sys 0 00:00:00  -  Total Local Usage
	0  -  Run Bytes Sent By Job
	0  -  Run Bytes Received By Job
	0  -  Total Bytes Sent By Job
	0  -  Total Bytes Received By Job
	Partitionable Resources :    Usage  Request Allocated 
	   Cpus                 :     0.82        1         1 
	   Disk (KB)            :     1     3584000   4475009 
	   Memory (MB)          :   514        4096      4096 

	Job terminated of its own accord at 2021-01-07T11:27:37Z.
...
006 (13901924.018.000) 2021-01-07 12:28:09 Image size of job updated: 8263956
	497  -  MemoryUsage of job (MB)
	508288  -  ResidentSetSize of job (KB)
...
005 (13901924.018.000) 2021-01-07 12:28:09 Job terminated.
	(1) Normal termination (return value 0)
		Usr 0 00:02:50, Sys 0 00:00:13  -  Run Remote Usage
		Usr 0 00:00:00, Sys 0 00:00:00  -  Run Local Usage
		Usr 0 00:02:50, Sys 0 00:00:13  -  Total Remote Usage
		Usr 0 00:00:00, Sys 0 00:00:00  -  Total Local Usage
	0  -  Run Bytes Sent By Job
	0  -  Run Bytes Received By Job
	0  -  Total Bytes Sent By Job
	0  -  Total Bytes Received By Job
	Partitionable Resources :    Usage  Request Allocated 
	   Cpus                 :     0.90        1         1 
	   Disk (KB)            :     1     3584000   4409719 
	   Memory (MB)          :   497        4096      4096 

	Job terminated of its own accord at 2021-01-07T11:28:09Z.
...
005 (13901924.006.000) 2021-01-07 12:28:45 Job terminated.
	(1) Normal termination (return value 0)
		Usr 0 00:02:45, Sys 0 00:00:09  -  Run Remote Usage
		Usr 0 00:00:00, Sys 0 00:00:00  -  Run Local Usage
		Usr 0 00:02:45, Sys 0 00:00:09  -  Total Remote Usage
		Usr 0 00:00:00, Sys 0 00:00:00  -  Total Local Usage
	0  -  Run Bytes Sent By Job
	0  -  Run Bytes Received By Job
	0  -  Total Bytes Sent By Job
	0  -  Total Bytes Received By Job
	Partitionable Resources :    Usage  Request Allocated 
	   Cpus                 :     0.85        1         1 
	   Disk (KB)            :     1     3584000   4412684 
	   Memory (MB)          :   248        4096      4096 

	Job terminated of its own accord at 2021-01-07T11:28:45Z.
...
006 (13901924.000.000) 2021-01-07 12:28:47 Image size of job updated: 11010492
	298  -  MemoryUsage of job (MB)
	304492  -  ResidentSetSize of job (KB)
...
005 (13901924.000.000) 2021-01-07 12:28:47 Job terminated.
	(1) Normal termination (return value 0)
		Usr 0 00:03:50, Sys 0 00:00:16  -  Run Remote Usage
		Usr 0 00:00:00, Sys 0 00:00:00  -  Run Local Usage
		Usr 0 00:03:50, Sys 0 00:00:16  -  Total Remote Usage
		Usr 0 00:00:00, Sys 0 00:00:00  -  Total Local Usage
	0  -  Run Bytes Sent By Job
	0  -  Run Bytes Received By Job
	0  -  Total Bytes Sent By Job
	0  -  Total Bytes Received By Job
	Partitionable Resources :    Usage  Request Allocated 
	   Cpus                 :     0.93        1         1 
	   Disk (KB)            :     1     3584000   3955893 
	   Memory (MB)          :   298        4096      4096 

	Job terminated of its own accord at 2021-01-07T11:28:47Z.
...
006 (13901924.014.000) 2021-01-07 12:28:50 Image size of job updated: 10987208
	265  -  MemoryUsage of job (MB)
	270796  -  ResidentSetSize of job (KB)
...
005 (13901924.014.000) 2021-01-07 12:28:50 Job terminated.
	(1) Normal termination (return value 0)
		Usr 0 00:02:45, Sys 0 00:00:21  -  Run Remote Usage
		Usr 0 00:00:00, Sys 0 00:00:00  -  Run Local Usage
		Usr 0 00:02:45, Sys 0 00:00:21  -  Total Remote Usage
		Usr 0 00:00:00, Sys 0 00:00:00  -  Total Local Usage
	0  -  Run Bytes Sent By Job
	0  -  Run Bytes Received By Job
	0  -  Total Bytes Sent By Job
	0  -  Total Bytes Received By Job
	Partitionable Resources :    Usage  Request Allocated 
	   Cpus                 :     0.75        1         1 
	   Disk (KB)            :     1     3584000   4807082 
	   Memory (MB)          :   265        4096      4096 

	Job terminated of its own accord at 2021-01-07T11:28:50Z.
...
006 (13901924.011.000) 2021-01-07 12:28:52 Image size of job updated: 11198784
	323  -  MemoryUsage of job (MB)
	330216  -  ResidentSetSize of job (KB)
...
005 (13901924.011.000) 2021-01-07 12:28:52 Job terminated.
	(1) Normal termination (return value 0)
		Usr 0 00:03:53, Sys 0 00:00:19  -  Run Remote Usage
		Usr 0 00:00:00, Sys 0 00:00:00  -  Run Local Usage
		Usr 0 00:03:53, Sys 0 00:00:19  -  Total Remote Usage
		Usr 0 00:00:00, Sys 0 00:00:00  -  Total Local Usage
	0  -  Run Bytes Sent By Job
	0  -  Run Bytes Received By Job
	0  -  Total Bytes Sent By Job
	0  -  Total Bytes Received By Job
	Partitionable Resources :    Usage  Request Allocated 
	   Cpus                 :     0.91        1         1 
	   Disk (KB)            :     1     3584000   4827678 
	   Memory (MB)          :   323        4096      4096 

	Job terminated of its own accord at 2021-01-07T11:28:52Z.
...
006 (13901924.001.000) 2021-01-07 12:29:01 Image size of job updated: 297964
	281  -  MemoryUsage of job (MB)
	287564  -  ResidentSetSize of job (KB)
...
005 (13901924.001.000) 2021-01-07 12:29:01 Job terminated.
	(1) Normal termination (return value 0)
		Usr 0 00:04:02, Sys 0 00:00:19  -  Run Remote Usage
		Usr 0 00:00:00, Sys 0 00:00:00  -  Run Local Usage
		Usr 0 00:04:02, Sys 0 00:00:19  -  Total Remote Usage
		Usr 0 00:00:00, Sys 0 00:00:00  -  Total Local Usage
	0  -  Run Bytes Sent By Job
	0  -  Run Bytes Received By Job
	0  -  Total Bytes Sent By Job
	0  -  Total Bytes Received By Job
	Partitionable Resources :    Usage  Request Allocated 
	   Cpus                 :     0.93        1         1 
	   Disk (KB)            :     1     3584000   4544529 
	   Memory (MB)          :   281        4096      4096 

	Job terminated of its own accord at 2021-01-07T11:29:01Z.
...
006 (13901924.021.000) 2021-01-07 12:29:02 Image size of job updated: 11185732
	338  -  MemoryUsage of job (MB)
	345616  -  ResidentSetSize of job (KB)
...
005 (13901924.021.000) 2021-01-07 12:29:02 Job terminated.
	(1) Normal termination (return value 0)
		Usr 0 00:04:13, Sys 0 00:00:17  -  Run Remote Usage
		Usr 0 00:00:00, Sys 0 00:00:00  -  Run Local Usage
		Usr 0 00:04:13, Sys 0 00:00:17  -  Total Remote Usage
		Usr 0 00:00:00, Sys 0 00:00:00  -  Total Local Usage
	0  -  Run Bytes Sent By Job
	0  -  Run Bytes Received By Job
	0  -  Total Bytes Sent By Job
	0  -  Total Bytes Received By Job
	Partitionable Resources :    Usage  Request Allocated 
	   Cpus                 :     0.93        1         1 
	   Disk (KB)            :     1     3584000   4301086 
	   Memory (MB)          :   338        4096      4096 

	Job terminated of its own accord at 2021-01-07T11:29:02Z.
...
006 (13901924.020.000) 2021-01-07 12:29:04 Image size of job updated: 11187692
	343  -  MemoryUsage of job (MB)
	350856  -  ResidentSetSize of job (KB)
...
005 (13901924.020.000) 2021-01-07 12:29:04 Job terminated.
	(1) Normal termination (return value 0)
		Usr 0 00:03:59, Sys 0 00:00:17  -  Run Remote Usage
		Usr 0 00:00:00, Sys 0 00:00:00  -  Run Local Usage
		Usr 0 00:03:59, Sys 0 00:00:17  -  Total Remote Usage
		Usr 0 00:00:00, Sys 0 00:00:00  -  Total Local Usage
	0  -  Run Bytes Sent By Job
	0  -  Run Bytes Received By Job
	0  -  Total Bytes Sent By Job
	0  -  Total Bytes Received By Job
	Partitionable Resources :    Usage  Request Allocated 
	   Cpus                 :     0.94        1         1 
	   Disk (KB)            :     1     3584000   3997064 
	   Memory (MB)          :   343        4096      4096 

	Job terminated of its own accord at 2021-01-07T11:29:04Z.
...
006 (13901924.023.000) 2021-01-07 12:29:08 Image size of job updated: 9174948
	341  -  MemoryUsage of job (MB)
	348988  -  ResidentSetSize of job (KB)
...
005 (13901924.023.000) 2021-01-07 12:29:08 Job terminated.
	(1) Normal termination (return value 0)
		Usr 0 00:04:04, Sys 0 00:00:20  -  Run Remote Usage
		Usr 0 00:00:00, Sys 0 00:00:00  -  Run Local Usage
		Usr 0 00:04:04, Sys 0 00:00:20  -  Total Remote Usage
		Usr 0 00:00:00, Sys 0 00:00:00  -  Total Local Usage
	0  -  Run Bytes Sent By Job
	0  -  Run Bytes Received By Job
	0  -  Total Bytes Sent By Job
	0  -  Total Bytes Received By Job
	Partitionable Resources :    Usage  Request Allocated 
	   Cpus                 :     0.92        1         1 
	   Disk (KB)            :     1     3584000   4540362 
	   Memory (MB)          :   341        4096      4096 

	Job terminated of its own accord at 2021-01-07T11:29:08Z.
...
006 (13901924.015.000) 2021-01-07 12:29:09 Image size of job updated: 11142900
	216  -  MemoryUsage of job (MB)
	220592  -  ResidentSetSize of job (KB)
...
005 (13901924.015.000) 2021-01-07 12:29:09 Job terminated.
	(1) Normal termination (return value 0)
		Usr 0 00:02:43, Sys 0 00:00:56  -  Run Remote Usage
		Usr 0 00:00:00, Sys 0 00:00:00  -  Run Local Usage
		Usr 0 00:02:43, Sys 0 00:00:56  -  Total Remote Usage
		Usr 0 00:00:00, Sys 0 00:00:00  -  Total Local Usage
	0  -  Run Bytes Sent By Job
	0  -  Run Bytes Received By Job
	0  -  Total Bytes Sent By Job
	0  -  Total Bytes Received By Job
	Partitionable Resources :    Usage  Request Allocated 
	   Cpus                 :     0.90        1         1 
	   Disk (KB)            :     1     3584000   4462393 
	   Memory (MB)          :   216        4096      4096 

	Job terminated of its own accord at 2021-01-07T11:29:09Z.
...
006 (13901924.012.000) 2021-01-07 12:29:11 Image size of job updated: 10914188
	10084  -  MemoryUsage of job (MB)
	10325848  -  ResidentSetSize of job (KB)
...
006 (13901924.022.000) 2021-01-07 12:29:12 Image size of job updated: 8380528
	6902  -  MemoryUsage of job (MB)
	7067552  -  ResidentSetSize of job (KB)
...
006 (13901924.002.000) 2021-01-07 12:29:12 Image size of job updated: 10796608
	10462  -  MemoryUsage of job (MB)
	10712584  -  ResidentSetSize of job (KB)
...
006 (13901924.005.000) 2021-01-07 12:29:12 Image size of job updated: 10970712
	8257  -  MemoryUsage of job (MB)
	8455072  -  ResidentSetSize of job (KB)
...
006 (13901924.024.000) 2021-01-07 12:29:12 Image size of job updated: 10889516
	9711  -  MemoryUsage of job (MB)
	9943720  -  ResidentSetSize of job (KB)
...
006 (13901924.019.000) 2021-01-07 12:29:12 Image size of job updated: 10806444
	8028  -  MemoryUsage of job (MB)
	8219820  -  ResidentSetSize of job (KB)
...
006 (13901924.004.000) 2021-01-07 12:29:12 Image size of job updated: 11187436
	10846  -  MemoryUsage of job (MB)
	11105604  -  ResidentSetSize of job (KB)
...
006 (13901924.004.000) 2021-01-07 12:29:18 Image size of job updated: 11187436
	10846  -  MemoryUsage of job (MB)
	11105612  -  ResidentSetSize of job (KB)
...
005 (13901924.004.000) 2021-01-07 12:29:18 Job terminated.
	(1) Normal termination (return value 0)
		Usr 0 00:04:17, Sys 0 00:00:24  -  Run Remote Usage
		Usr 0 00:00:00, Sys 0 00:00:00  -  Run Local Usage
		Usr 0 00:04:17, Sys 0 00:00:24  -  Total Remote Usage
		Usr 0 00:00:00, Sys 0 00:00:00  -  Total Local Usage
	0  -  Run Bytes Sent By Job
	0  -  Run Bytes Received By Job
	0  -  Total Bytes Sent By Job
	0  -  Total Bytes Received By Job
	Partitionable Resources :    Usage  Request Allocated 
	   Cpus                 :     0.93        1         1 
	   Disk (KB)            :     1     3584000   4389306 
	   Memory (MB)          : 10846        4096      4096 

	Job terminated of its own accord at 2021-01-07T11:29:18Z.
...
005 (13901924.005.000) 2021-01-07 12:29:20 Job terminated.
	(1) Normal termination (return value 0)
		Usr 0 00:04:00, Sys 0 00:00:22  -  Run Remote Usage
		Usr 0 00:00:00, Sys 0 00:00:00  -  Run Local Usage
		Usr 0 00:04:00, Sys 0 00:00:22  -  Total Remote Usage
		Usr 0 00:00:00, Sys 0 00:00:00  -  Total Local Usage
	0  -  Run Bytes Sent By Job
	0  -  Run Bytes Received By Job
	0  -  Total Bytes Sent By Job
	0  -  Total Bytes Received By Job
	Partitionable Resources :    Usage  Request Allocated 
	   Cpus                 :     0.78        1         1 
	   Disk (KB)            :     1     3584000   4821810 
	   Memory (MB)          :  8257        4096      4096 

	Job terminated of its own accord at 2021-01-07T11:29:20Z.
...
006 (13901924.024.000) 2021-01-07 12:29:20 Image size of job updated: 10889516
	9711  -  MemoryUsage of job (MB)
	9943728  -  ResidentSetSize of job (KB)
...
005 (13901924.024.000) 2021-01-07 12:29:20 Job terminated.
	(1) Normal termination (return value 0)
		Usr 0 00:04:05, Sys 0 00:00:21  -  Run Remote Usage
		Usr 0 00:00:00, Sys 0 00:00:00  -  Run Local Usage
		Usr 0 00:04:05, Sys 0 00:00:21  -  Total Remote Usage
		Usr 0 00:00:00, Sys 0 00:00:00  -  Total Local Usage
	0  -  Run Bytes Sent By Job
	0  -  Run Bytes Received By Job
	0  -  Total Bytes Sent By Job
	0  -  Total Bytes Received By Job
	Partitionable Resources :    Usage  Request Allocated 
	   Cpus                 :     0.76        1         1 
	   Disk (KB)            :     1     3584000   4543209 
	   Memory (MB)          :  9711        4096      4096 

	Job terminated of its own accord at 2021-01-07T11:29:20Z.
...
006 (13901924.012.000) 2021-01-07 12:29:21 Image size of job updated: 11151572
	10084  -  MemoryUsage of job (MB)
	10325904  -  ResidentSetSize of job (KB)
...
005 (13901924.012.000) 2021-01-07 12:29:21 Job terminated.
	(1) Normal termination (return value 0)
		Usr 0 00:04:06, Sys 0 00:00:22  -  Run Remote Usage
		Usr 0 00:00:00, Sys 0 00:00:00  -  Run Local Usage
		Usr 0 00:04:06, Sys 0 00:00:22  -  Total Remote Usage
		Usr 0 00:00:00, Sys 0 00:00:00  -  Total Local Usage
	0  -  Run Bytes Sent By Job
	0  -  Run Bytes Received By Job
	0  -  Total Bytes Sent By Job
	0  -  Total Bytes Received By Job
	Partitionable Resources :    Usage  Request Allocated 
	   Cpus                 :     0.90        1         1 
	   Disk (KB)            :     1     3584000   4385904 
	   Memory (MB)          : 10084        4096      4096 

	Job terminated of its own accord at 2021-01-07T11:29:21Z.
...
006 (13901924.019.000) 2021-01-07 12:29:23 Image size of job updated: 10806444
	8028  -  MemoryUsage of job (MB)
	8219896  -  ResidentSetSize of job (KB)
...
005 (13901924.019.000) 2021-01-07 12:29:23 Job terminated.
	(1) Normal termination (return value 0)
		Usr 0 00:04:05, Sys 0 00:00:20  -  Run Remote Usage
		Usr 0 00:00:00, Sys 0 00:00:00  -  Run Local Usage
		Usr 0 00:04:05, Sys 0 00:00:20  -  Total Remote Usage
		Usr 0 00:00:00, Sys 0 00:00:00  -  Total Local Usage
	0  -  Run Bytes Sent By Job
	0  -  Run Bytes Received By Job
	0  -  Total Bytes Sent By Job
	0  -  Total Bytes Received By Job
	Partitionable Resources :    Usage  Request Allocated 
	   Cpus                 :     0.86        1         1 
	   Disk (KB)            :     1     3584000   4541525 
	   Memory (MB)          :  8028        4096      4096 

	Job terminated of its own accord at 2021-01-07T11:29:23Z.
...
006 (13901924.002.000) 2021-01-07 12:29:30 Image size of job updated: 10796608
	10462  -  MemoryUsage of job (MB)
	10712688  -  ResidentSetSize of job (KB)
...
005 (13901924.002.000) 2021-01-07 12:29:30 Job terminated.
	(1) Normal termination (return value 0)
		Usr 0 00:04:09, Sys 0 00:00:24  -  Run Remote Usage
		Usr 0 00:00:00, Sys 0 00:00:00  -  Run Local Usage
		Usr 0 00:04:09, Sys 0 00:00:24  -  Total Remote Usage
		Usr 0 00:00:00, Sys 0 00:00:00  -  Total Local Usage
	0  -  Run Bytes Sent By Job
	0  -  Run Bytes Received By Job
	0  -  Total Bytes Sent By Job
	0  -  Total Bytes Received By Job
	Partitionable Resources :    Usage  Request Allocated 
	   Cpus                 :     0.82        1         1 
	   Disk (KB)            :     1     3584000   4420855 
	   Memory (MB)          : 10462        4096      4096 

	Job terminated of its own accord at 2021-01-07T11:29:30Z.
...
006 (13901924.007.000) 2021-01-07 12:29:34 Image size of job updated: 3338244
	3259  -  MemoryUsage of job (MB)
	3336304  -  ResidentSetSize of job (KB)
...
006 (13901924.022.000) 2021-01-07 12:31:24 Image size of job updated: 8380528
	6902  -  MemoryUsage of job (MB)
	7067572  -  ResidentSetSize of job (KB)
...
005 (13901924.022.000) 2021-01-07 12:31:24 Job terminated.
	(1) Normal termination (return value 0)
		Usr 0 00:04:04, Sys 0 00:00:20  -  Run Remote Usage
		Usr 0 00:00:00, Sys 0 00:00:00  -  Run Local Usage
		Usr 0 00:04:04, Sys 0 00:00:20  -  Total Remote Usage
		Usr 0 00:00:00, Sys 0 00:00:00  -  Total Local Usage
	0  -  Run Bytes Sent By Job
	0  -  Run Bytes Received By Job
	0  -  Total Bytes Sent By Job
	0  -  Total Bytes Received By Job
	Partitionable Resources :    Usage  Request Allocated 
	   Cpus                 :     0.02        1         1 
	   Disk (KB)            :     1     3584000   3823360 
	   Memory (MB)          :  6902        4096      4096 

	Job terminated of its own accord at 2021-01-07T11:31:24Z.
...
006 (13901924.007.000) 2021-01-07 12:31:48 Image size of job updated: 11161636
	3259  -  MemoryUsage of job (MB)
	3336304  -  ResidentSetSize of job (KB)
...
005 (13901924.007.000) 2021-01-07 12:31:48 Job terminated.
	(1) Normal termination (return value 0)
		Usr 0 00:02:43, Sys 0 00:01:36  -  Run Remote Usage
		Usr 0 00:00:00, Sys 0 00:00:00  -  Run Local Usage
		Usr 0 00:02:43, Sys 0 00:01:36  -  Total Remote Usage
		Usr 0 00:00:00, Sys 0 00:00:00  -  Total Local Usage
	0  -  Run Bytes Sent By Job
	0  -  Run Bytes Received By Job
	0  -  Total Bytes Sent By Job
	0  -  Total Bytes Received By Job
	Partitionable Resources :    Usage  Request Allocated 
	   Cpus                 :     0.92        1         1 
	   Disk (KB)            :     1     3584000   4466222 
	   Memory (MB)          :  3259        4096      4096 

	Job terminated of its own accord at 2021-01-07T11:31:48Z.
...
